[OVERALL], RunTime(ms), 783354
[OVERALL], Throughput(ops/sec), 1.2765620651710465
[TOTAL_GCS_G1_Young_Generation], Count, 4
[TOTAL_GC_TIME_G1_Young_Generation], Time(ms), 93
[TOTAL_GC_TIME_%_G1_Young_Generation], Time(%), 0.011872027206090733
[TOTAL_GCS_G1_Old_Generation], Count, 0
[TOTAL_GC_TIME_G1_Old_Generation], Time(ms), 0
[TOTAL_GC_TIME_%_G1_Old_Generation], Time(%), 0.0
[TOTAL_GCs], Count, 4
[TOTAL_GC_TIME], Time(ms), 93
[TOTAL_GC_TIME_%], Time(%), 0.011872027206090733
[READ], Operations, 999
[READ], AverageLatency(us), 783397.1571571572
[READ], MinLatency(us), 632320
[READ], MaxLatency(us), 925183
[READ], 95thPercentileLatency(us), 873471
[READ], 99thPercentileLatency(us), 894975
[READ], Return=OK, 999
[READ], Return=SERVICE_UNAVAILABLE, 1
[CLEANUP], Operations, 1
[CLEANUP], AverageLatency(us), 5.0
[CLEANUP], MinLatency(us), 5
[CLEANUP], MaxLatency(us), 5
[CLEANUP], 95thPercentileLatency(us), 5
[CLEANUP], 99thPercentileLatency(us), 5
[READ-FAILED], Operations, 1
[READ-FAILED], AverageLatency(us), 9652.0
[READ-FAILED], MinLatency(us), 9648
[READ-FAILED], MaxLatency(us), 9655
[READ-FAILED], 95thPercentileLatency(us), 9655
[READ-FAILED], 99thPercentileLatency(us), 9655
