[OVERALL], RunTime(ms), 783417
[OVERALL], Throughput(ops/sec), 1.2764594079525975
[TOTAL_GCS_G1_Young_Generation], Count, 4
[TOTAL_GC_TIME_G1_Young_Generation], Time(ms), 85
[TOTAL_GC_TIME_%_G1_Young_Generation], Time(%), 0.010849904967597078
[TOTAL_GCS_G1_Old_Generation], Count, 0
[TOTAL_GC_TIME_G1_Old_Generation], Time(ms), 0
[TOTAL_GC_TIME_%_G1_Old_Generation], Time(%), 0.0
[TOTAL_GCs], Count, 4
[TOTAL_GC_TIME], Time(ms), 85
[TOTAL_GC_TIME_%], Time(%), 0.010849904967597078
[READ], Operations, 998
[READ], AverageLatency(us), 784297.8116232465
[READ], MinLatency(us), 619008
[READ], MaxLatency(us), 940031
[READ], 95thPercentileLatency(us), 875007
[READ], 99thPercentileLatency(us), 904191
[READ], Return=OK, 998
[READ], Return=SERVICE_UNAVAILABLE, 2
[CLEANUP], Operations, 1
[CLEANUP], AverageLatency(us), 3.0
[CLEANUP], MinLatency(us), 3
[CLEANUP], MaxLatency(us), 3
[CLEANUP], 95thPercentileLatency(us), 3
[CLEANUP], 99thPercentileLatency(us), 3
[READ-FAILED], Operations, 2
[READ-FAILED], AverageLatency(us), 7450.0
[READ-FAILED], MinLatency(us), 7028
[READ-FAILED], MaxLatency(us), 7871
[READ-FAILED], 95thPercentileLatency(us), 7871
[READ-FAILED], 99thPercentileLatency(us), 7871
