timestamp;status;request_time;upstream_response_time
1558383874.412;200;0.753;0.752
1558383875.209;200;0.754;0.756
1558383875.971;200;0.758;0.756
1558383876.783;200;0.808;0.808
1558383877.523;200;0.735;0.736
1558383878.233;200;0.706;0.708
1558383878.968;200;0.732;0.732
1558383879.807;200;0.819;0.820
1558383880.546;200;0.736;0.736
1558383881.251;200;0.702;0.704
1558383882.087;200;0.833;0.832
1558383882.920;200;0.829;0.828
1558383883.653;200;0.728;0.732
1558383884.379;200;0.721;0.720
1558383885.129;200;0.744;0.748
1558383885.947;200;0.813;0.812
1558383886.691;200;0.741;0.740
1558383887.415;200;0.721;0.720
1558383888.184;200;0.764;0.764
1558383889.001;200;0.814;0.816
1558383889.754;200;0.747;0.748
1558383890.485;200;0.728;0.728
1558383891.244;200;0.755;0.760
1558383892.039;200;0.790;0.792
1558383892.793;200;0.750;0.752
1558383893.501;200;0.703;0.704
1558383894.194;200;0.687;0.688
1558383895.014;200;0.815;0.816
1558383895.751;200;0.734;0.736
1558383896.508;200;0.753;0.752
1558383897.356;200;0.845;0.844
1558383898.157;200;0.798;0.800
1558383898.871;200;0.711;0.712
1558383899.589;200;0.715;0.712
1558383900.334;200;0.741;0.740
1558383901.168;200;0.831;0.828
1558383901.916;200;0.743;0.740
1558383902.633;200;0.713;0.716
1558383903.385;200;0.747;0.744
1558383904.199;200;0.809;0.808
1558383904.929;200;0.726;0.728
1558383905.639;200;0.706;0.708
1558383906.361;200;0.718;0.720
1558383907.135;200;0.770;0.772
1558383907.871;200;0.733;0.732
1558383908.590;200;0.716;0.716
1558383909.336;200;0.742;0.740
1558383910.148;200;0.809;0.808
1558383910.876;200;0.724;0.724
1558383911.599;200;0.717;0.716
1558383912.323;200;0.720;0.720
1558383913.141;200;0.814;0.812
1558383913.868;200;0.723;0.720
1558383914.564;200;0.691;0.696
1558383915.327;200;0.760;0.760
1558383916.179;200;0.850;0.852
1558383916.947;200;0.766;0.764
1558383917.666;200;0.715;0.716
1558383918.434;200;0.766;0.768
1558383919.252;200;0.816;0.816
1558383919.987;200;0.733;0.732
1558383920.720;200;0.729;0.732
1558383921.463;200;0.739;0.740
1558383922.268;200;0.801;0.800
1558383923.011;200;0.739;0.740
1558383923.731;200;0.717;0.716
1558383924.524;200;0.788;0.792
1558383925.381;200;0.854;0.856
1558383926.109;200;0.724;0.720
1558383926.823;200;0.710;0.712
1558383927.593;200;0.767;0.764
1558383928.472;200;0.876;0.880
1558383929.213;200;0.737;0.740
1558383929.923;200;0.705;0.704
1558383930.668;200;0.742;0.740
1558383931.513;200;0.842;0.844
1558383932.237;200;0.720;0.724
1558383933.008;200;0.767;0.768
1558383933.761;200;0.750;0.752
1558383934.579;200;0.811;0.812
1558383935.331;200;0.749;0.748
1558383936.048;200;0.713;0.712
1558383936.804;200;0.753;0.752
1558383937.619;200;0.812;0.812
1558383938.364;200;0.743;0.740
1558383939.088;200;0.721;0.720
1558383939.891;200;0.799;0.800
1558383940.731;200;0.833;0.832
1558383941.460;200;0.727;0.728
1558383942.171;200;0.708;0.708
1558383942.937;200;0.764;0.764
1558383943.733;200;0.792;0.796
1558383944.477;200;0.740;0.744
1558383945.212;200;0.731;0.732
1558383945.995;200;0.779;0.780
1558383946.821;200;0.823;0.824
1558383947.551;200;0.727;0.728
1558383948.292;200;0.737;0.736
1558383949.042;200;0.747;0.748
1558383949.837;200;0.790;0.788
1558383950.608;200;0.765;0.764
1558383951.326;200;0.713;0.716
1558383952.093;200;0.760;0.760
1558383952.872;200;0.776;0.780
1558383953.619;200;0.743;0.744
1558383954.356;200;0.731;0.732
1558383955.103;200;0.745;0.744
1558383955.908;200;0.801;0.800
1558383956.624;200;0.712;0.712
1558383957.344;200;0.717;0.716
1558383958.088;200;0.740;0.740
1558383958.883;200;0.792;0.792
1558383959.636;200;0.751;0.752
1558383960.379;200;0.740;0.740
1558383961.133;200;0.750;0.752
1558383961.941;200;0.804;0.808
1558383962.675;200;0.730;0.732
1558383963.379;200;0.701;0.700
1558383964.123;200;0.740;0.740
1558383964.921;200;0.795;0.796
1558383965.668;200;0.745;0.744
1558383966.420;200;0.748;0.748
1558383967.191;200;0.767;0.768
1558383968.043;200;0.803;0.804
1558383968.788;200;0.743;0.740
1558383969.519;200;0.727;0.728
1558383970.252;200;0.730;0.728
1558383971.096;200;0.837;0.836
1558383971.835;200;0.735;0.736
1558383972.554;200;0.717;0.716
1558383973.330;200;0.773;0.772
1558383974.133;200;0.798;0.800
1558383974.894;200;0.757;0.760
1558383975.603;200;0.703;0.704
1558383976.350;200;0.745;0.748
1558383977.167;200;0.815;0.816
1558383977.912;200;0.743;0.740
1558383978.620;200;0.705;0.708
1558383979.372;200;0.748;0.748
1558383980.158;200;0.783;0.784
1558383980.909;200;0.749;0.752
1558383981.647;200;0.734;0.736
1558383982.389;200;0.739;0.740
1558383983.207;200;0.814;0.816
1558383983.967;200;0.757;0.756
1558383984.718;200;0.748;0.748
1558383985.450;200;0.730;0.732
1558383986.255;200;0.802;0.800
1558383986.995;200;0.738;0.736
1558383987.721;200;0.724;0.728
1558383988.471;200;0.747;0.748
1558383989.318;200;0.842;0.844
1558383990.058;200;0.737;0.740
1558383990.765;200;0.704;0.708
1558383991.512;200;0.744;0.744
1558383992.334;200;0.818;0.820
1558383993.084;200;0.747;0.748
1558383993.821;200;0.734;0.736
1558383994.611;200;0.784;0.784
1558383995.432;200;0.815;0.812
1558383996.177;200;0.742;0.744
1558383996.913;200;0.733;0.736
1558383997.674;200;0.758;0.760
1558383998.480;200;0.803;0.800
1558383999.254;200;0.771;0.772
1558383999.952;200;0.696;0.700
1558384000.695;200;0.739;0.740
1558384001.497;200;0.800;0.800
1558384002.281;200;0.782;0.784
1558384003.011;200;0.726;0.724
1558384003.707;200;0.691;0.692
1558384004.505;200;0.792;0.792
1558384005.248;200;0.739;0.740
1558384005.965;200;0.713;0.716
1558384006.758;200;0.790;0.792
1558384007.573;200;0.811;0.812
1558384008.319;200;0.743;0.744
1558384009.039;200;0.717;0.716
1558384009.832;200;0.790;0.788
1558384010.611;200;0.776;0.776
1558384011.362;200;0.749;0.748
1558384012.121;200;0.756;0.760
1558384012.889;200;0.764;0.768
1558384013.737;200;0.844;0.848
1558384014.464;200;0.723;0.728
1558384015.168;200;0.701;0.700
1558384015.923;200;0.751;0.752
1558384016.722;200;0.793;0.796
1558384017.498;200;0.774;0.776
1558384018.193;200;0.692;0.696
1558384018.935;200;0.739;0.740
1558384019.736;200;0.797;0.796
1558384020.466;200;0.727;0.728
1558384021.210;200;0.741;0.744
1558384021.950;200;0.737;0.736
1558384022.757;200;0.804;0.808
1558384023.520;200;0.760;0.760
1558384024.231;200;0.706;0.708
1558384024.997;200;0.764;0.764
1558384025.816;200;0.815;0.816
1558384026.556;200;0.735;0.736
1558384027.301;200;0.741;0.744
1558384028.033;200;0.727;0.728
1558384028.832;200;0.795;0.796
1558384029.586;200;0.752;0.752
1558384030.330;200;0.742;0.744
1558384031.043;200;0.711;0.712
1558384031.857;200;0.812;0.812
1558384032.589;200;0.729;0.732
1558384033.311;200;0.719;0.720
1558384034.015;200;0.699;0.700
1558384034.819;200;0.801;0.800
1558384035.578;200;0.756;0.756
1558384036.303;200;0.723;0.724
1558384037.038;200;0.732;0.732
1558384037.851;200;0.810;0.812
1558384038.600;200;0.746;0.744
1558384039.318;200;0.715;0.716
1558384040.079;200;0.759;0.760
1558384040.887;200;0.806;0.808
1558384041.645;200;0.756;0.760
1558384042.387;200;0.739;0.740
1558384043.124;200;0.735;0.736
1558384043.965;200;0.838;0.840
1558384044.739;200;0.771;0.772
1558384045.444;200;0.703;0.704
1558384046.204;200;0.756;0.756
1558384047.002;200;0.795;0.796
1558384047.729;200;0.724;0.728
1558384048.459;200;0.727;0.728
1558384049.206;200;0.744;0.744
1558384050.075;200;0.865;0.864
1558384050.840;200;0.761;0.760
1558384051.551;200;0.708;0.708
1558384052.304;200;0.748;0.748
1558384053.108;200;0.801;0.800
1558384053.847;200;0.736;0.736
1558384054.553;200;0.702;0.704
1558384055.317;200;0.760;0.760
1558384056.115;200;0.795;0.796
1558384056.858;200;0.740;0.740
1558384057.591;200;0.728;0.728
1558384058.335;200;0.741;0.740
1558384059.136;200;0.793;0.792
1558384059.931;200;0.792;0.792
1558384060.633;200;0.699;0.696
1558384061.387;200;0.750;0.752
1558384062.183;200;0.793;0.792
1558384062.917;200;0.730;0.732
1558384063.646;200;0.725;0.728
1558384064.403;200;0.752;0.752
1558384065.255;200;0.848;0.848
1558384066.016;200;0.756;0.756
1558384066.766;200;0.747;0.748
1558384067.531;200;0.763;0.764
1558384068.311;200;0.777;0.776
1558384069.028;200;0.713;0.712
1558384069.768;200;0.736;0.736
1558384070.558;200;0.787;0.788
1558384071.360;200;0.799;0.800
1558384072.091;200;0.729;0.728
1558384072.810;200;0.716;0.716
1558384073.573;200;0.761;0.764
1558384074.396;200;0.818;0.816
1558384075.152;200;0.754;0.752
1558384075.868;200;0.713;0.712
1558384076.640;200;0.769;0.768
1558384077.473;200;0.830;0.832
1558384078.232;200;0.756;0.756
1558384078.944;200;0.707;0.708
1558384079.696;200;0.749;0.748
1558384080.513;200;0.813;0.816
1558384081.246;200;0.730;0.732
1558384081.993;200;0.744;0.748
1558384082.765;200;0.769;0.768
1558384083.563;200;0.793;0.792
1558384084.319;200;0.752;0.752
1558384085.047;200;0.725;0.724
1558384085.796;200;0.745;0.744
1558384086.607;200;0.808;0.808
1558384087.352;200;0.742;0.744
1558384088.085;200;0.730;0.732
1558384088.844;200;0.756;0.760
1558384089.650;200;0.803;0.804
1558384090.371;200;0.718;0.720
1558384091.080;200;0.705;0.704
1558384091.844;200;0.759;0.760
1558384092.655;200;0.809;0.808
1558384093.391;200;0.732;0.732
1558384094.120;200;0.724;0.724
1558384094.862;200;0.738;0.740
1558384095.684;200;0.819;0.820
1558384096.419;200;0.732;0.732
1558384097.091;200;0.668;0.668
1558384097.849;200;0.755;0.756
1558384098.638;200;0.785;0.784
1558384099.388;200;0.748;0.748
1558384100.100;200;0.709;0.708
1558384100.806;200;0.703;0.704
1558384101.670;200;0.861;0.864
1558384102.423;200;0.748;0.748
1558384103.150;200;0.723;0.724
1558384103.887;200;0.734;0.736
1558384104.701;200;0.810;0.812
1558384105.448;200;0.744;0.744
1558384106.157;200;0.705;0.708
1558384106.971;200;0.811;0.812
1558384107.771;200;0.796;0.796
1558384108.550;200;0.774;0.776
1558384109.253;200;0.701;0.704
1558384110.012;200;0.757;0.756
1558384110.886;200;0.871;0.872
1558384111.645;200;0.757;0.760
1558384112.360;200;0.712;0.712
1558384113.122;200;0.757;0.760
1558384113.930;200;0.802;0.804
1558384114.673;200;0.739;0.740
1558384115.409;200;0.732;0.736
1558384116.148;200;0.716;0.716
1558384116.959;200;0.808;0.808
1558384117.701;200;0.733;0.736
1558384118.449;200;0.746;0.748
1558384119.181;200;0.729;0.732
1558384119.992;200;0.809;0.808
1558384120.730;200;0.734;0.736
1558384121.485;200;0.753;0.756
1558384122.260;200;0.773;0.772
1558384123.102;200;0.839;0.840
1558384123.841;200;0.736;0.740
1558384124.563;200;0.718;0.720
1558384125.292;200;0.726;0.724
1558384126.120;200;0.824;0.824
1558384126.870;200;0.746;0.748
1558384127.572;200;0.699;0.700
1558384128.315;200;0.738;0.740
1558384129.160;200;0.836;0.836
1558384129.903;200;0.740;0.740
1558384130.610;200;0.703;0.704
1558384131.341;200;0.727;0.724
1558384132.216;200;0.871;0.868
1558384132.954;200;0.734;0.736
1558384133.674;200;0.718;0.720
1558384134.423;200;0.746;0.748
1558384135.258;200;0.832;0.832
1558384136.003;200;0.743;0.744
1558384136.742;200;0.736;0.736
1558384137.492;200;0.748;0.748
1558384138.327;200;0.832;0.832
1558384139.077;200;0.747;0.748
1558384139.802;200;0.722;0.724
1558384140.442;200;0.638;0.640
1558384141.291;200;0.847;0.848
1558384142.046;200;0.752;0.752
1558384142.771;200;0.723;0.724
1558384143.516;200;0.743;0.744
1558384144.336;200;0.816;0.816
1558384145.122;200;0.782;0.784
1558384145.829;200;0.701;0.704
1558384146.565;200;0.734;0.736
1558384147.374;200;0.807;0.808
1558384148.108;200;0.731;0.732
1558384148.823;200;0.708;0.708
1558384149.598;200;0.773;0.776
1558384150.407;200;0.806;0.808
1558384151.169;200;0.759;0.756
1558384151.890;200;0.718;0.720
1558384152.643;200;0.751;0.752
1558384153.498;200;0.851;0.852
1558384154.254;200;0.753;0.756
1558384154.971;200;0.714;0.716
1558384155.745;200;0.771;0.772
1558384156.556;200;0.808;0.808
1558384157.303;200;0.744;0.744
1558384158.022;200;0.717;0.720
1558384158.811;200;0.787;0.788
1558384159.624;200;0.809;0.808
1558384160.386;200;0.759;0.760
1558384161.110;200;0.721;0.724
1558384161.828;200;0.715;0.716
1558384162.649;200;0.817;0.820
1558384163.387;200;0.735;0.736
1558384164.133;200;0.742;0.740
1558384164.859;200;0.723;0.724
1558384165.663;200;0.801;0.800
1558384166.429;200;0.763;0.760
1558384167.134;200;0.702;0.704
1558384167.889;200;0.753;0.756
1558384168.718;200;0.826;0.828
1558384169.466;200;0.746;0.748
1558384170.204;200;0.735;0.736
1558384170.938;200;0.731;0.732
1558384171.775;200;0.834;0.836
1558384172.548;200;0.769;0.768
1558384173.264;200;0.713;0.712
1558384174.009;200;0.741;0.744
1558384174.814;200;0.802;0.804
1558384175.575;200;0.760;0.760
1558384176.319;200;0.739;0.740
1558384177.086;200;0.764;0.764
1558384177.891;200;0.802;0.804
1558384178.668;200;0.773;0.772
1558384179.426;200;0.755;0.756
1558384180.194;200;0.766;0.768
1558384180.994;200;0.797;0.800
1558384181.741;200;0.745;0.748
1558384182.449;200;0.703;0.700
1558384183.139;200;0.687;0.688
1558384183.956;200;0.814;0.812
1558384184.698;200;0.738;0.740
1558384185.423;200;0.721;0.720
1558384186.208;200;0.783;0.780
1558384187.012;200;0.800;0.800
1558384187.749;200;0.735;0.736
1558384188.460;200;0.708;0.708
1558384189.236;200;0.772;0.772
1558384190.052;200;0.813;0.812
1558384190.819;200;0.764;0.764
1558384191.561;200;0.737;0.740
1558384192.281;200;0.717;0.720
1558384193.121;200;0.837;0.836
1558384193.893;200;0.769;0.772
1558384194.619;200;0.723;0.724
1558384195.392;200;0.769;0.768
1558384196.225;200;0.831;0.828
1558384196.980;200;0.752;0.752
1558384197.703;200;0.718;0.720
1558384198.434;200;0.729;0.728
1558384199.223;200;0.786;0.788
1558384200.000;200;0.772;0.772
1558384200.731;200;0.728;0.728
1558384201.491;200;0.757;0.756
1558384202.312;200;0.819;0.820
1558384203.084;200;0.769;0.768
1558384203.828;200;0.740;0.740
1558384204.579;200;0.747;0.748
1558384205.368;200;0.786;0.784
1558384206.106;200;0.734;0.736
1558384206.852;200;0.744;0.744
1558384207.600;200;0.745;0.744
1558384208.338;200;0.734;0.736
1558384209.106;200;0.765;0.768
1558384209.838;200;0.730;0.732
1558384210.534;200;0.694;0.696
1558384211.362;200;0.826;0.828
1558384212.125;200;0.760;0.760
1558384212.842;200;0.714;0.716
1558384213.556;200;0.711;0.712
1558384214.391;200;0.831;0.832
1558384215.144;200;0.751;0.752
1558384215.857;200;0.709;0.708
1558384216.617;200;0.757;0.760
1558384217.438;200;0.818;0.820
1558384218.190;200;0.747;0.748
1558384218.903;200;0.710;0.712
1558384219.709;200;0.803;0.800
1558384220.505;200;0.793;0.792
1558384221.250;200;0.741;0.740
1558384222.016;200;0.764;0.764
1558384222.793;200;0.771;0.772
1558384223.595;200;0.799;0.800
1558384224.371;200;0.772;0.772
1558384225.089;200;0.715;0.716
1558384225.836;200;0.744;0.744
1558384226.653;200;0.815;0.816
1558384227.405;200;0.749;0.748
1558384228.153;200;0.746;0.748
1558384228.883;200;0.726;0.728
1558384229.764;200;0.879;0.880
1558384230.518;200;0.751;0.752
1558384231.257;200;0.737;0.740
1558384232.002;200;0.743;0.744
1558384232.842;200;0.838;0.840
1558384233.583;200;0.739;0.740
1558384234.332;200;0.746;0.744
1558384235.119;200;0.783;0.784
1558384235.915;200;0.793;0.792
1558384236.674;200;0.757;0.760
1558384237.423;200;0.747;0.748
1558384238.174;200;0.749;0.752
1558384238.977;200;0.801;0.804
1558384239.753;200;0.774;0.772
1558384240.482;200;0.727;0.728
1558384241.225;200;0.741;0.744
1558384242.035;200;0.806;0.804
1558384242.802;200;0.763;0.764
1558384243.539;200;0.734;0.736
1558384244.299;200;0.756;0.756
1558384245.122;200;0.821;0.824
1558384245.862;200;0.738;0.740
1558384246.582;200;0.718;0.720
1558384247.338;200;0.753;0.756
1558384248.148;200;0.807;0.808
1558384248.914;200;0.764;0.764
1558384249.643;200;0.724;0.724
1558384250.396;200;0.750;0.748
1558384251.200;200;0.801;0.800
1558384251.949;200;0.746;0.748
1558384252.671;200;0.719;0.720
1558384253.432;200;0.757;0.756
1558384254.276;200;0.841;0.840
1558384255.020;200;0.737;0.736
1558384255.735;200;0.712;0.712
1558384256.484;200;0.745;0.744
1558384257.298;200;0.811;0.812
1558384258.070;200;0.769;0.772
1558384258.820;200;0.745;0.744
1558384259.618;200;0.794;0.796
1558384260.440;200;0.819;0.820
1558384261.218;200;0.776;0.776
1558384261.934;200;0.713;0.716
1558384262.673;200;0.736;0.740
1558384263.498;200;0.818;0.820
1558384264.257;200;0.754;0.752
1558384264.976;200;0.715;0.716
1558384265.732;200;0.753;0.752
1558384266.533;200;0.795;0.796
1558384267.305;200;0.770;0.768
1558384268.021;200;0.714;0.712
1558384268.764;200;0.741;0.740
1558384269.596;200;0.829;0.828
1558384270.344;200;0.744;0.744
1558384271.061;200;0.714;0.716
1558384271.814;200;0.751;0.752
1558384272.646;200;0.830;0.832
1558384273.428;200;0.780;0.780
1558384274.165;200;0.733;0.732
1558384274.994;200;0.823;0.824
1558384275.853;200;0.857;0.856
1558384276.608;200;0.753;0.752
1558384277.308;200;0.697;0.696
1558384278.054;200;0.743;0.744
1558384278.844;200;0.788;0.788
1558384279.606;200;0.760;0.760
1558384280.318;200;0.709;0.712
1558384281.058;200;0.739;0.740
1558384281.862;200;0.802;0.804
1558384282.609;200;0.746;0.744
1558384283.342;200;0.731;0.732
1558384284.079;200;0.733;0.732
1558384284.878;200;0.796;0.796
1558384285.606;200;0.726;0.728
1558384286.311;200;0.704;0.704
1558384287.123;200;0.808;0.808
1558384287.918;200;0.791;0.792
1558384288.674;200;0.754;0.756
1558384289.370;200;0.694;0.696
1558384290.112;200;0.739;0.740
1558384291.024;200;0.905;0.904
1558384291.769;200;0.742;0.740
1558384292.484;200;0.712;0.712
1558384293.203;200;0.716;0.716
1558384293.998;200;0.791;0.792
1558384294.767;200;0.767;0.768
1558384295.494;200;0.724;0.724
1558384296.208;200;0.711;0.712
1558384297.000;200;0.789;0.788
1558384297.746;200;0.743;0.744
1558384298.543;200;0.794;0.796
1558384299.288;200;0.741;0.740
1558384300.102;200;0.812;0.812
1558384300.845;200;0.741;0.744
1558384301.567;200;0.720;0.720
1558384302.339;200;0.769;0.768
1558384303.149;200;0.806;0.808
1558384303.904;200;0.752;0.752
1558384304.608;200;0.700;0.700
1558384305.368;200;0.756;0.756
1558384306.211;200;0.839;0.840
1558384306.943;200;0.729;0.728
1558384307.684;200;0.739;0.736
1558384308.412;200;0.724;0.724
1558384309.206;200;0.790;0.792
1558384309.965;200;0.757;0.756
1558384310.680;200;0.712;0.712
1558384311.438;200;0.755;0.756
1558384312.260;200;0.820;0.820
1558384313.018;200;0.753;0.756
1558384313.756;200;0.735;0.736
1558384314.524;200;0.763;0.764
1558384315.356;200;0.829;0.828
1558384316.085;200;0.726;0.728
1558384316.792;200;0.705;0.704
1558384317.575;200;0.781;0.780
1558384318.377;200;0.799;0.796
1558384319.139;200;0.761;0.760
1558384319.871;200;0.729;0.728
1558384320.567;200;0.694;0.696
1558384321.389;200;0.817;0.820
1558384322.132;200;0.741;0.740
1558384322.852;200;0.717;0.716
1558384323.648;200;0.794;0.792
1558384324.438;200;0.787;0.788
1558384325.187;200;0.745;0.744
1558384325.911;200;0.721;0.720
1558384326.623;200;0.710;0.712
1558384327.424;200;0.798;0.796
1558384328.188;200;0.761;0.760
1558384328.916;200;0.724;0.724
1558384329.654;200;0.734;0.736
1558384330.447;200;0.789;0.788
1558384331.206;200;0.753;0.756
1558384331.911;200;0.703;0.704
1558384332.722;200;0.807;0.808
1558384333.519;200;0.795;0.796
1558384334.265;200;0.742;0.740
1558384335.013;200;0.745;0.748
1558384335.764;200;0.748;0.748
1558384336.584;200;0.817;0.816
1558384337.322;200;0.733;0.732
1558384338.060;200;0.735;0.732
1558384338.830;200;0.765;0.768
1558384339.664;200;0.832;0.832
1558384340.404;200;0.737;0.736
1558384341.143;200;0.736;0.736
1558384341.916;200;0.770;0.768
1558384342.747;200;0.828;0.828
1558384343.521;200;0.771;0.768
1558384344.254;200;0.729;0.728
1558384345.024;200;0.768;0.768
1558384345.813;200;0.786;0.784
1558384346.548;200;0.733;0.732
1558384347.251;200;0.699;0.700
1558384348.015;200;0.762;0.764
1558384348.859;200;0.841;0.840
1558384349.599;200;0.739;0.740
1558384350.332;200;0.730;0.728
1558384351.104;200;0.768;0.768
1558384351.940;200;0.833;0.832
1558384352.684;200;0.741;0.740
1558384353.395;200;0.705;0.704
1558384354.166;200;0.768;0.768
1558384354.984;200;0.816;0.816
1558384355.749;200;0.762;0.764
1558384356.486;200;0.734;0.736
1558384357.227;200;0.738;0.740
1558384358.038;200;0.806;0.808
1558384358.793;200;0.753;0.752
1558384359.552;200;0.756;0.756
1558384360.322;200;0.767;0.768
1558384361.134;200;0.809;0.812
1558384361.890;200;0.752;0.752
1558384362.619;200;0.725;0.724
1558384363.355;200;0.733;0.732
1558384364.207;200;0.849;0.848
1558384364.964;200;0.755;0.752
1558384365.661;200;0.695;0.696
1558384366.396;200;0.732;0.732
1558384367.217;200;0.811;0.808
1558384367.948;200;0.728;0.728
1558384368.683;200;0.732;0.732
1558384369.418;200;0.732;0.732
1558384370.235;200;0.815;0.816
1558384370.967;200;0.729;0.728
1558384371.684;200;0.714;0.712
1558384372.439;200;0.751;0.752
1558384373.256;200;0.814;0.812
1558384374.037;200;0.775;0.772
1558384374.750;200;0.711;0.712
1558384375.573;200;0.820;0.820
1558384376.395;200;0.819;0.820
1558384377.132;200;0.734;0.732
1558384377.871;200;0.735;0.736
1558384378.627;200;0.754;0.752
1558384379.467;200;0.837;0.836
1558384380.208;200;0.739;0.736
1558384380.920;200;0.706;0.704
1558384381.674;200;0.751;0.752
1558384382.492;200;0.816;0.816
1558384383.254;200;0.759;0.760
1558384383.978;200;0.722;0.724
1558384384.740;200;0.760;0.760
1558384385.595;200;0.853;0.852
1558384386.333;200;0.736;0.740
1558384387.050;200;0.714;0.716
1558384387.855;200;0.803;0.804
1558384388.672;200;0.815;0.812
1558384389.431;200;0.756;0.756
1558384390.168;200;0.735;0.736
1558384390.934;200;0.762;0.764
1558384391.740;200;0.804;0.804
1558384392.482;200;0.738;0.740
1558384393.225;200;0.742;0.744
1558384393.979;200;0.751;0.752
1558384394.827;200;0.846;0.844
1558384395.564;200;0.734;0.732
1558384396.275;200;0.708;0.708
1558384397.053;200;0.776;0.776
1558384397.843;200;0.788;0.788
1558384398.587;200;0.741;0.740
1558384399.308;200;0.718;0.716
1558384400.083;200;0.772;0.772
1558384400.920;200;0.833;0.832
1558384401.676;200;0.753;0.752
1558384402.403;200;0.724;0.724
1558384403.106;200;0.699;0.700
1558384403.910;200;0.802;0.804
1558384404.651;200;0.737;0.736
1558384405.375;200;0.721;0.720
1558384406.137;200;0.759;0.756
1558384406.987;200;0.848;0.848
1558384407.724;200;0.732;0.732
1558384408.439;200;0.711;0.712
1558384409.228;200;0.786;0.784
1558384410.099;200;0.867;0.868
1558384410.891;200;0.775;0.776
1558384411.659;200;0.763;0.764
1558384412.452;200;0.785;0.784
1558384413.308;200;0.852;0.852
1558384414.079;200;0.768;0.768
1558384414.809;200;0.727;0.724
1558384415.585;200;0.771;0.768
1558384416.441;200;0.853;0.856
1558384417.206;200;0.763;0.764
1558384417.960;200;0.751;0.752
1558384418.734;200;0.770;0.772
1558384419.644;200;0.908;0.908
1558384420.411;200;0.765;0.764
1558384421.174;200;0.759;0.760
1558384421.898;200;0.723;0.724
1558384422.767;200;0.867;0.868
1558384423.482;200;0.713;0.716
1558384424.216;200;0.729;0.728
1558384424.966;200;0.748;0.748
1558384425.803;200;0.835;0.836
1558384426.548;200;0.742;0.740
1558384427.262;200;0.711;0.712
1558384428.005;200;0.740;0.736
1558384428.851;200;0.844;0.844
1558384429.608;200;0.754;0.752
1558384430.339;200;0.727;0.728
1558384431.128;200;0.786;0.784
1558384431.949;200;0.818;0.816
1558384432.702;200;0.750;0.752
1558384433.420;200;0.716;0.716
1558384434.177;200;0.754;0.752
1558384435.007;200;0.827;0.828
1558384435.736;200;0.725;0.724
1558384436.457;200;0.718;0.716
1558384437.248;200;0.788;0.788
1558384438.047;200;0.795;0.796
1558384438.780;200;0.730;0.728
1558384439.486;200;0.702;0.704
1558384440.211;200;0.723;0.724
1558384441.059;200;0.845;0.844
1558384441.801;200;0.738;0.740
1558384442.514;200;0.711;0.712
1558384443.279;200;0.762;0.760
1558384444.076;200;0.793;0.792
1558384444.839;200;0.759;0.760
1558384445.562;200;0.720;0.720
1558384446.298;200;0.732;0.732
1558384447.106;200;0.806;0.808
1558384447.848;200;0.740;0.740
1558384448.603;200;0.753;0.752
1558384449.427;200;0.822;0.824
1558384450.238;200;0.810;0.812
1558384450.966;200;0.726;0.728
1558384451.670;200;0.702;0.704
1558384452.447;200;0.775;0.776
1558384453.329;200;0.880;0.884
1558384454.055;200;0.723;0.724
1558384454.755;200;0.696;0.696
1558384455.511;200;0.755;0.756
1558384456.346;200;0.832;0.832
1558384457.088;200;0.740;0.740
1558384457.786;200;0.696;0.696
1558384458.566;200;0.778;0.780
1558384459.394;200;0.824;0.824
1558384460.128;200;0.732;0.732
1558384460.882;200;0.750;0.752
1558384461.669;200;0.785;0.784
1558384462.487;200;0.816;0.816
1558384463.256;200;0.766;0.764
1558384463.971;200;0.712;0.712
1558384464.654;200;0.680;0.680
1558384465.466;200;0.810;0.812
1558384466.199;200;0.732;0.732
1558384466.907;200;0.704;0.704
1558384467.675;200;0.765;0.764
1558384468.495;200;0.818;0.820
1558384469.227;200;0.729;0.728
1558384469.939;200;0.709;0.708
1558384470.654;200;0.714;0.716
1558384471.494;200;0.838;0.840
1558384472.228;200;0.732;0.732
1558384472.939;200;0.708;0.708
1558384473.707;200;0.764;0.764
1558384474.547;200;0.837;0.836
1558384475.288;200;0.740;0.740
1558384476.012;200;0.721;0.720
1558384476.748;200;0.733;0.732
1558384477.570;200;0.819;0.820
1558384478.322;200;0.750;0.752
1558384479.018;200;0.695;0.696
1558384479.796;200;0.776;0.776
1558384480.613;200;0.815;0.812
1558384481.351;200;0.735;0.736
1558384482.102;200;0.748;0.748
1558384482.859;200;0.754;0.756
1558384483.698;200;0.837;0.836
1558384484.445;200;0.742;0.740
1558384485.187;200;0.740;0.740
1558384485.966;200;0.776;0.776
1558384486.779;200;0.810;0.812
1558384487.515;200;0.733;0.732
1558384488.264;200;0.746;0.744
1558384488.938;200;0.671;0.672
1558384489.772;200;0.832;0.832
1558384490.502;200;0.727;0.728
1558384491.233;200;0.727;0.724
1558384491.993;200;0.757;0.760
1558384492.831;200;0.835;0.836
1558384493.576;200;0.743;0.744
1558384494.299;200;0.721;0.720
1558384495.090;200;0.790;0.792
1558384495.898;200;0.806;0.808
1558384496.628;200;0.728;0.728
1558384497.403;200;0.773;0.772
1558384498.138;200;0.731;0.732
1558384498.950;200;0.810;0.812
1558384499.719;200;0.767;0.768
1558384500.430;200;0.708;0.708
1558384501.182;200;0.750;0.752
1558384502.023;200;0.838;0.840
1558384502.767;200;0.742;0.744
1558384503.556;200;0.786;0.784
1558384504.268;200;0.708;0.708
1558384505.090;200;0.816;0.816
1558384505.803;200;0.711;0.712
1558384506.543;200;0.737;0.736
1558384507.283;200;0.737;0.736
1558384508.089;200;0.803;0.804
1558384508.850;200;0.759;0.760
1558384509.566;200;0.714;0.716
1558384510.303;200;0.735;0.736
1558384511.128;200;0.822;0.820
1558384511.879;200;0.747;0.748
1558384512.638;200;0.757;0.760
1558384513.387;200;0.748;0.748
1558384514.205;200;0.814;0.816
1558384514.920;200;0.713;0.712
1558384515.650;200;0.727;0.728
1558384516.406;200;0.753;0.752
1558384517.216;200;0.802;0.800
1558384517.950;200;0.732;0.732
1558384518.675;200;0.723;0.724
1558384519.543;200;0.864;0.864
1558384520.382;200;0.836;0.836
1558384521.118;200;0.734;0.736
1558384521.838;200;0.718;0.720
1558384522.611;200;0.771;0.772
1558384523.437;200;0.823;0.820
1558384524.178;200;0.739;0.740
1558384524.916;200;0.736;0.736
1558384525.655;200;0.736;0.736
1558384526.504;200;0.846;0.844
1558384527.247;200;0.741;0.740
1558384527.966;200;0.717;0.716
1558384528.685;200;0.718;0.716
1558384529.534;200;0.847;0.848
1558384530.266;200;0.730;0.732
1558384530.997;200;0.729;0.732
1558384531.734;200;0.735;0.736
1558384532.531;200;0.795;0.796
1558384533.288;200;0.755;0.752
1558384534.003;200;0.712;0.712
1558384534.748;200;0.742;0.740
1558384535.651;200;0.901;0.900
1558384536.378;200;0.726;0.728
1558384537.082;200;0.702;0.704
1558384537.793;200;0.709;0.712
1558384538.622;200;0.826;0.828
1558384539.381;200;0.757;0.756
1558384540.124;200;0.741;0.740
1558384540.879;200;0.752;0.752
1558384541.725;200;0.844;0.844
1558384542.488;200;0.757;0.756
1558384543.257;200;0.766;0.768
1558384544.026;200;0.764;0.764
1558384544.858;200;0.830;0.832
1558384545.580;200;0.721;0.720
1558384546.283;200;0.700;0.700
1558384547.051;200;0.765;0.765
1558384547.902;200;0.850;0.852
1558384548.649;200;0.745;0.748
1558384549.367;200;0.715;0.716
1558384550.118;200;0.749;0.748
1558384550.967;200;0.847;0.848
1558384551.691;200;0.721;0.720
1558384552.434;200;0.741;0.740
1558384553.191;200;0.755;0.756
1558384554.023;200;0.829;0.828
1558384554.769;200;0.743;0.748
1558384555.486;200;0.715;0.716
1558384556.227;200;0.739;0.740
1558384557.063;200;0.832;0.832
1558384557.790;200;0.723;0.724
1558384558.500;200;0.706;0.708
1558384559.254;200;0.751;0.756
1558384560.081;200;0.825;0.828
1558384560.817;200;0.731;0.732
1558384561.556;200;0.736;0.740
1558384562.298;200;0.740;0.744
1558384563.159;200;0.859;0.860
1558384563.946;200;0.784;0.784
1558384564.643;200;0.694;0.696
1558384565.372;200;0.727;0.728
1558384566.165;200;0.791;0.796
1558384566.925;200;0.758;0.756
1558384567.686;200;0.759;0.764
1558384568.398;200;0.711;0.712
1558384569.181;200;0.781;0.784
1558384569.944;200;0.761;0.760
1558384570.665;200;0.718;0.716
1558384571.461;200;0.794;0.800
1558384572.295;200;0.831;0.832
1558384573.075;200;0.778;0.780
1558384573.795;200;0.718;0.716
1558384574.558;200;0.758;0.760
1558384575.406;200;0.846;0.848
1558384576.139;200;0.731;0.732
1558384576.867;200;0.726;0.728
1558384577.551;200;0.680;0.680
1558384578.394;200;0.841;0.840
1558384579.120;200;0.724;0.728
1558384579.846;200;0.723;0.724
1558384580.615;200;0.767;0.772
1558384581.435;200;0.819;0.816
1558384582.180;200;0.742;0.740
1558384582.926;200;0.742;0.744
1558384583.622;200;0.694;0.696
1558384584.472;200;0.846;0.844
1558384585.218;200;0.744;0.748
1558384585.943;200;0.723;0.720
1558384586.755;200;0.810;0.812
1558384587.585;200;0.827;0.824
1558384588.346;200;0.755;0.756
1558384589.058;200;0.710;0.712
1558384589.811;200;0.751;0.752
1558384590.651;200;0.835;0.836
1558384591.395;200;0.735;0.736
1558384592.107;200;0.709;0.712
1558384592.859;200;0.749;0.748
1558384593.717;200;0.857;0.860
1558384594.435;200;0.715;0.716
1558384595.168;200;0.730;0.728
1558384595.915;200;0.744;0.744
1558384596.756;200;0.838;0.836
1558384597.486;200;0.728;0.732
1558384598.199;200;0.711;0.712
1558384598.986;200;0.783;0.788
1558384599.813;200;0.826;0.824
1558384600.535;200;0.721;0.724
1558384601.240;200;0.702;0.704
1558384601.980;200;0.738;0.736
1558384602.786;200;0.804;0.800
1558384603.530;200;0.742;0.748
1558384604.291;200;0.757;0.756
1558384605.053;200;0.759;0.764
1558384605.877;200;0.822;0.820
1558384606.649;200;0.770;0.772
1558384607.367;200;0.716;0.720
1558384608.155;200;0.786;0.788
1558384608.959;200;0.803;0.804
1558384609.690;200;0.729;0.732
1558384610.442;200;0.750;0.752
1558384611.187;200;0.743;0.744
1558384612.023;200;0.834;0.836
1558384612.759;200;0.733;0.736
1558384613.521;200;0.759;0.760
1558384614.266;200;0.742;0.748
1558384615.094;200;0.827;0.828
1558384615.818;200;0.722;0.724
1558384616.576;200;0.756;0.756
1558384617.350;200;0.771;0.776
1558384618.198;200;0.846;0.848
1558384618.948;200;0.749;0.748
1558384619.670;200;0.718;0.720
1558384620.421;200;0.750;0.748
1558384621.311;200;0.888;0.892
1558384622.061;200;0.747;0.748
1558384622.729;200;0.666;0.668
1558384623.463;200;0.732;0.732
1558384624.243;200;0.777;0.780
1558384624.967;200;0.721;0.724
1558384625.656;200;0.686;0.688
1558384626.452;200;0.792;0.792
1558384627.272;200;0.817;0.820
1558384628.027;200;0.752;0.752
1558384628.760;200;0.729;0.728
1558384629.512;200;0.750;0.752
1558384630.340;200;0.826;0.828
1558384631.085;200;0.741;0.740
1558384631.820;200;0.733;0.736
1558384632.597;200;0.775;0.776
1558384633.408;200;0.808;0.812
1558384634.152;200;0.740;0.744
1558384634.904;200;0.742;0.740
1558384635.644;200;0.738;0.740
1558384636.498;200;0.851;0.856
1558384637.248;200;0.745;0.748
1558384637.966;200;0.715;0.716
1558384638.707;200;0.739;0.740
1558384639.525;200;0.815;0.808
1558384640.256;200;0.729;0.728
1558384640.975;200;0.716;0.716
1558384641.761;200;0.783;0.784
1558384642.593;200;0.829;0.832
1558384643.336;200;0.741;0.744
1558384644.059;200;0.720;0.724
1558384644.819;200;0.758;0.760
1558384645.652;200;0.828;0.828
1558384646.411;200;0.756;0.760
1558384647.116;200;0.704;0.704
1558384647.878;200;0.759;0.764
1558384648.685;200;0.805;0.808
1558384649.413;200;0.726;0.724
1558384650.115;200;0.700;0.704
1558384650.847;200;0.729;0.732
1558384651.677;200;0.828;0.828
1558384652.410;200;0.731;0.736
1558384653.128;200;0.716;0.716
1558384653.859;200;0.727;0.728
1558384654.671;200;0.808;0.808
1558384655.410;200;0.735;0.740
1558384656.156;200;0.744;0.744
1558384656.903;200;0.744;0.748
1558384657.791;200;0.886;0.888
1558384658.548;200;0.755;0.756
1558384659.294;200;0.744;0.748
1558384660.033;200;0.737;0.736
1558384660.840;200;0.805;0.804
1558384661.574;200;0.732;0.736
1558384662.305;200;0.729;0.728
1558384663.051;200;0.744;0.748
1558384663.864;200;0.811;0.812
1558384664.584;200;0.716;0.716
1558384665.346;200;0.759;0.764
1558384666.103;200;0.755;0.756
1558384666.945;200;0.840;0.840
1558384667.672;200;0.725;0.728
1558384668.366;200;0.691;0.696
1558384669.061;200;0.693;0.692
1558384669.862;200;0.798;0.804
1558384670.593;200;0.729;0.728
1558384671.340;200;0.745;0.748
1558384672.132;200;0.789;0.792
1558384673.008;200;0.874;0.876
1558384673.704;200;0.692;0.692
1558384674.441;200;0.735;0.736
1558384675.192;200;0.749;0.752
1558384675.986;200;0.791;0.788
1558384676.716;200;0.728;0.728
1558384677.427;200;0.707;0.708
1558384678.189;200;0.759;0.760
1558384679.015;200;0.823;0.828
1558384679.746;200;0.729;0.732
1558384680.463;200;0.715;0.712
1558384681.212;200;0.746;0.748
1558384682.051;200;0.837;0.840
1558384682.777;200;0.724;0.724
1558384683.495;200;0.716;0.720
1558384684.189;200;0.690;0.692
1558384684.990;200;0.799;0.804
1558384685.727;200;0.735;0.736
1558384686.494;200;0.766;0.768
1558384687.252;200;0.756;0.756
1558384688.090;200;0.835;0.840
1558384688.832;200;0.741;0.740
1558384689.548;200;0.715;0.716
1558384690.282;200;0.731;0.736
1558384691.088;200;0.803;0.804
1558384691.827;200;0.737;0.740
1558384692.554;200;0.725;0.724
1558384693.300;200;0.744;0.748
1558384694.121;200;0.817;0.820
1558384694.826;200;0.703;0.708
1558384695.591;200;0.763;0.764
1558384696.348;200;0.753;0.756
1558384697.175;200;0.824;0.828
1558384697.904;200;0.726;0.728
1558384698.619;200;0.712;0.716
1558384699.406;200;0.785;0.788
1558384700.147;200;0.737;0.740
1558384700.893;200;0.743;0.744
1558384701.635;200;0.739;0.744
1558384702.411;200;0.773;0.776
1558384703.256;200;0.842;0.844
1558384704.003;200;0.743;0.748
1558384704.747;200;0.741;0.736
1558384705.492;200;0.741;0.740
1558384706.302;200;0.807;0.808
1558384707.073;200;0.757;0.760
1558384707.788;200;0.712;0.712
1558384708.574;200;0.783;0.788
1558384709.441;200;0.865;0.864
1558384710.193;200;0.750;0.752
1558384710.922;200;0.727;0.732
1558384711.650;200;0.726;0.728
1558384712.495;200;0.842;0.844
1558384713.253;200;0.753;0.756
1558384713.990;200;0.734;0.740
1558384714.636;200;0.644;0.644
1558384715.438;200;0.800;0.804
1558384716.183;200;0.743;0.744
1558384716.913;200;0.727;0.728
1558384717.663;200;0.749;0.752
1558384718.501;200;0.836;0.836
1558384719.252;200;0.750;0.752
1558384719.979;200;0.725;0.728
1558384720.742;200;0.760;0.760
1558384721.569;200;0.825;0.828
1558384722.310;200;0.739;0.744
1558384723.020;200;0.708;0.704
1558384723.767;200;0.745;0.748
1558384724.587;200;0.817;0.820
1558384725.300;200;0.711;0.712
1558384726.080;200;0.777;0.780
1558384726.775;200;0.694;0.696
1558384727.586;200;0.808;0.812
1558384728.323;200;0.734;0.736
1558384729.046;200;0.720;0.724
1558384729.802;200;0.754;0.756
1558384730.586;200;0.780;0.784
1558384731.321;200;0.733;0.732
1558384732.069;200;0.746;0.748
1558384732.788;200;0.717;0.720
1558384733.634;200;0.843;0.848
1558384734.379;200;0.741;0.744
1558384735.098;200;0.718;0.720
1558384735.807;200;0.708;0.708
1558384736.607;200;0.798;0.800
1558384737.363;200;0.753;0.756
1558384738.084;200;0.719;0.720
1558384738.846;200;0.759;0.764
1558384739.700;200;0.851;0.848
1558384740.429;200;0.727;0.728
1558384741.132;200;0.701;0.704
1558384741.887;200;0.751;0.756
1558384742.707;200;0.817;0.816
1558384743.437;200;0.727;0.728
1558384744.158;200;0.718;0.720
1558384744.922;200;0.763;0.764
1558384745.731;200;0.808;0.808
1558384746.483;200;0.750;0.752
1558384747.218;200;0.734;0.732
1558384748.005;200;0.785;0.788
1558384748.810;200;0.803;0.808
1558384749.551;200;0.739;0.740
1558384750.268;200;0.716;0.716
1558384751.029;200;0.758;0.760
1558384751.871;200;0.839;0.844
1558384752.618;200;0.744;0.744
1558384753.359;200;0.740;0.744
1558384754.146;200;0.784;0.784
1558384754.976;200;0.829;0.832
1558384755.734;200;0.757;0.756
1558384756.439;200;0.703;0.708
1558384757.204;200;0.763;0.764
1558384758.012;200;0.806;0.808
1558384758.745;200;0.731;0.732
1558384759.503;200;0.756;0.760
1558384760.296;200;0.789;0.788
1558384761.096;200;0.796;0.800
1558384761.821;200;0.722;0.724
1558384762.550;200;0.727;0.732
1558384763.294;200;0.742;0.744
1558384764.102;200;0.804;0.808
1558384764.844;200;0.741;0.740
1558384765.565;200;0.719;0.720
1558384766.362;200;0.795;0.800
1558384767.165;200;0.802;0.800
1558384767.890;200;0.724;0.724
1558384768.612;200;0.720;0.724
1558384769.375;200;0.760;0.764
1558384770.234;200;0.856;0.856
1558384770.975;200;0.739;0.744
1558384771.668;200;0.690;0.692
1558384772.432;200;0.761;0.764
1558384773.227;200;0.793;0.796
1558384773.949;200;0.718;0.720
1558384774.668;200;0.717;0.720
1558384775.428;200;0.758;0.760
1558384776.297;200;0.866;0.868
1558384777.039;200;0.740;0.744
1558384777.766;200;0.726;0.724
1558384778.518;200;0.750;0.752
1558384779.411;200;0.892;0.896
1558384780.164;200;0.752;0.752
1558384780.881;200;0.714;0.716
1558384781.647;200;0.764;0.768
1558384782.451;200;0.801;0.804
1558384783.207;200;0.753;0.752
1558384783.922;200;0.712;0.712
1558384784.678;200;0.754;0.756
1558384785.522;200;0.842;0.848
1558384786.251;200;0.727;0.728
1558384786.934;200;0.680;0.684
1558384787.611;200;0.675;0.676
1558384788.417;200;0.802;0.804
1558384789.139;200;0.718;0.720
1558384789.846;200;0.704;0.708
1558384790.591;200;0.743;0.744
1558384791.426;200;0.834;0.836
1558384792.182;200;0.754;0.752
1558384792.923;200;0.739;0.744
1558384793.634;200;0.708;0.712
1558384794.448;200;0.810;0.812
1558384795.179;200;0.728;0.732
1558384795.906;200;0.722;0.728
1558384796.628;200;0.721;0.720
1558384797.430;200;0.796;0.800
1558384798.154;200;0.722;0.720
1558384798.896;200;0.740;0.744
1558384799.610;200;0.712;0.712
1558384800.440;200;0.825;0.828
1558384801.157;200;0.714;0.716
1558384801.866;200;0.707;0.712
1558384802.614;200;0.746;0.744
1558384803.432;200;0.815;0.820
1558384804.175;200;0.740;0.744
1558384804.926;200;0.748;0.752
1558384805.684;200;0.756;0.756
1558384806.494;200;0.807;0.812
1558384807.265;200;0.769;0.768
1558384807.991;200;0.724;0.728
1558384808.749;200;0.755;0.752
1558384809.584;200;0.833;0.836
1558384810.323;200;0.737;0.740
1558384811.042;200;0.716;0.720
1558384811.871;200;0.827;0.824
1558384812.732;200;0.856;0.856
1558384813.486;200;0.752;0.756
1558384814.223;200;0.735;0.732
1558384814.998;200;0.773;0.776
1558384815.826;200;0.826;0.832
1558384816.565;200;0.737;0.736
1558384817.276;200;0.709;0.712
1558384817.975;200;0.696;0.700
1558384818.804;200;0.826;0.824
1558384819.551;200;0.745;0.748
1558384820.298;200;0.744;0.744
1558384821.042;200;0.742;0.748
1558384821.857;200;0.813;0.812
1558384822.614;200;0.755;0.760
1558384823.360;200;0.743;0.744
1558384824.127;200;0.764;0.768
1558384824.939;200;0.809;0.812
1558384825.656;200;0.716;0.716
1558384826.378;200;0.719;0.720
1558384827.190;200;0.810;0.816
1558384828.008;200;0.816;0.816
1558384828.739;200;0.729;0.728
1558384829.433;200;0.691;0.692
1558384830.242;200;0.807;0.808
1558384831.068;200;0.824;0.828
1558384831.783;200;0.713;0.716
1558384832.519;200;0.730;0.732
1558384833.209;200;0.688;0.688
1558384833.999;200;0.787;0.792
1558384834.735;200;0.734;0.732
1558384835.463;200;0.724;0.728
1558384836.220;200;0.753;0.756
1558384837.031;200;0.808;0.812
1558384837.758;200;0.725;0.724
1558384838.479;200;0.719;0.720
1558384839.231;200;0.748;0.748
1558384840.044;200;0.811;0.812
1558384840.771;200;0.724;0.728
1558384841.510;200;0.737;0.736
1558384842.320;200;0.808;0.812
1558384843.155;200;0.833;0.832
1558384843.887;200;0.728;0.728
1558384844.638;200;0.747;0.748
1558384845.414;200;0.774;0.780
1558384846.231;200;0.813;0.812
1558384846.962;200;0.728;0.732
1558384847.726;200;0.760;0.760
1558384848.487;200;0.758;0.760
1558384849.309;200;0.818;0.820
1558384850.043;200;0.729;0.732
1558384850.781;200;0.735;0.736
1558384851.570;200;0.787;0.792
1558384852.371;200;0.799;0.800
1558384853.085;200;0.711;0.712
1558384853.826;200;0.740;0.744
1558384854.562;200;0.732;0.736
1558384855.368;200;0.805;0.804
1558384856.099;200;0.728;0.732
1558384856.819;200;0.719;0.720
1558384857.596;200;0.774;0.776
1558384858.401;200;0.802;0.800
1558384859.145;200;0.743;0.744
1558384859.884;200;0.737;0.740
1558384860.687;200;0.801;0.804
1558384861.534;200;0.844;0.848
1558384862.292;200;0.755;0.756
1558384863.029;200;0.735;0.736
1558384863.779;200;0.748;0.752
1558384864.609;200;0.827;0.828
1558384865.349;200;0.734;0.736
1558384866.102;200;0.751;0.752
1558384866.884;200;0.780;0.784
1558384867.677;200;0.790;0.792
1558384868.427;200;0.749;0.752
1558384869.174;200;0.743;0.744
1558384869.954;200;0.779;0.780
1558384870.751;200;0.793;0.796
1558384871.488;200;0.734;0.732
1558384872.236;200;0.743;0.744
1558384873.014;200;0.776;0.776
1558384873.814;200;0.798;0.800
1558384874.561;200;0.744;0.748
1558384875.284;200;0.721;0.724
1558384876.027;200;0.740;0.744
1558384876.832;200;0.804;0.804
1558384877.590;200;0.756;0.756
1558384878.312;200;0.720;0.724
1558384879.114;200;0.800;0.800
1558384879.941;200;0.826;0.828
1558384880.676;200;0.734;0.736
1558384881.395;200;0.718;0.720
1558384882.204;200;0.807;0.804
1558384883.018;200;0.812;0.812
1558384883.769;200;0.749;0.752
1558384884.512;200;0.740;0.744
1558384885.274;200;0.759;0.760
1558384886.080;200;0.804;0.808
1558384886.839;200;0.757;0.760
1558384887.584;200;0.741;0.744
1558384888.375;200;0.788;0.792
1558384889.170;200;0.792;0.796
1558384889.897;200;0.725;0.724
1558384890.633;200;0.734;0.736
1558384891.423;200;0.788;0.792
1558384892.257;200;0.832;0.832
1558384893.030;200;0.771;0.772
1558384893.763;200;0.731;0.736
1558384894.526;200;0.759;0.760
1558384895.337;200;0.807;0.808
1558384896.082;200;0.743;0.744
1558384896.851;200;0.767;0.772
1558384897.592;200;0.738;0.740
1558384898.395;200;0.801;0.800
1558384899.153;200;0.755;0.756
1558384899.887;200;0.731;0.736
1558384900.598;200;0.709;0.708
1558384901.412;200;0.812;0.816
1558384902.157;200;0.743;0.744
1558384902.878;200;0.719;0.720
1558384903.595;200;0.715;0.720
1558384904.426;200;0.824;0.824
1558384905.185;200;0.757;0.760
1558384905.915;200;0.724;0.728
1558384906.596;200;0.679;0.680
1558384907.391;200;0.793;0.796
1558384908.138;200;0.746;0.744
1558384908.858;200;0.719;0.724
1558384909.637;200;0.777;0.776
1558384910.465;200;0.826;0.828
1558384911.200;200;0.734;0.736
1558384911.952;200;0.749;0.752
1558384912.694;200;0.740;0.740
1558384913.525;200;0.830;0.832
1558384914.262;200;0.734;0.736
1558384915.010;200;0.746;0.752
1558384915.789;200;0.777;0.776
1558384916.586;200;0.795;0.796
1558384917.336;200;0.749;0.752
1558384918.068;200;0.728;0.732
1558384918.811;200;0.741;0.744
1558384919.633;200;0.819;0.820
1558384920.351;200;0.716;0.720
1558384921.084;200;0.729;0.732
1558384921.886;200;0.800;0.804
1558384922.714;200;0.824;0.824
1558384923.453;200;0.737;0.740
1558384924.190;200;0.734;0.736
1558384924.970;200;0.778;0.780
1558384925.770;200;0.798;0.800
1558384926.505;200;0.733;0.736
1558384927.260;200;0.753;0.752
1558384927.992;200;0.730;0.732
1558384928.799;200;0.805;0.804
1558384929.579;200;0.779;0.784
1558384930.309;200;0.729;0.728
1558384931.072;200;0.760;0.764
1558384931.864;200;0.790;0.792
1558384932.603;200;0.737;0.740
1558384933.362;200;0.756;0.756
1558384934.119;200;0.752;0.756
1558384934.940;200;0.818;0.820
1558384935.657;200;0.715;0.716
1558384936.388;200;0.728;0.732
1558384937.142;200;0.748;0.748
1558384937.949;200;0.806;0.808
1558384938.679;200;0.728;0.732
1558384939.406;200;0.724;0.724
1558384940.190;200;0.783;0.788
1558384940.970;200;0.778;0.776
1558384941.711;200;0.736;0.740
1558384942.494;200;0.780;0.784
1558384943.241;200;0.745;0.744
1558384944.057;200;0.814;0.812
1558384944.811;200;0.753;0.752
1558384945.543;200;0.729;0.732
1558384946.309;200;0.764;0.764
1558384947.114;200;0.803;0.804
1558384947.878;200;0.763;0.764
1558384948.643;200;0.763;0.764
1558384949.440;200;0.795;0.800
1558384950.268;200;0.826;0.824
1558384951.001;200;0.731;0.728
1558384951.732;200;0.729;0.732
1558384952.496;200;0.761;0.760
1558384953.322;200;0.824;0.828
1558384954.062;200;0.735;0.736
1558384954.806;200;0.742;0.744
1558384955.560;200;0.752;0.756
1558384956.369;200;0.808;0.808
1558384957.077;200;0.707;0.708
1558384957.798;200;0.719;0.720
1558384958.601;200;0.801;0.804
1558384959.393;200;0.790;0.792
1558384960.150;200;0.756;0.756
1558384960.883;200;0.731;0.736
1558384961.651;200;0.766;0.768
1558384962.447;200;0.794;0.796
1558384963.191;200;0.741;0.744
1558384963.940;200;0.746;0.749
1558384964.732;200;0.788;0.792
1558384965.608;200;0.873;0.876
1558384966.332;200;0.721;0.724
1558384967.035;200;0.701;0.704
1558384967.785;200;0.748;0.748
1558384968.579;200;0.792;0.796
1558384969.320;200;0.739;0.736
1558384970.088;200;0.765;0.768
1558384970.790;200;0.700;0.700
1558384971.628;200;0.837;0.840
1558384972.365;200;0.734;0.736
1558384973.132;200;0.764;0.768
1558384973.899;200;0.765;0.768
1558384974.707;200;0.804;0.808
1558384975.434;200;0.725;0.724
1558384976.212;200;0.776;0.780
1558384977.017;200;0.802;0.804
1558384977.818;200;0.799;0.800
1558384978.559;200;0.740;0.744
1558384979.292;200;0.730;0.728
1558384980.041;200;0.746;0.748
1558384980.877;200;0.834;0.832
1558384981.593;200;0.714;0.716
1558384982.310;200;0.715;0.716
1558384983.155;200;0.843;0.848
1558384983.954;200;0.797;0.800
1558384984.698;200;0.741;0.744
1558384985.419;200;0.719;0.720
1558384986.178;200;0.756;0.756
1558384987.026;200;0.846;0.852
1558384987.761;200;0.734;0.732
1558384988.494;200;0.731;0.732
1558384989.252;200;0.757;0.760
1558384990.066;200;0.812;0.812
1558384990.854;200;0.787;0.788
1558384991.594;200;0.738;0.740
1558384992.398;200;0.803;0.804
1558384993.195;200;0.795;0.800
1558384993.929;200;0.731;0.732
1558384994.637;200;0.705;0.708
1558384995.408;200;0.769;0.768
1558384996.247;200;0.837;0.840
1558384997.031;200;0.781;0.784
1558384997.765;200;0.731;0.732
1558384998.518;200;0.751;0.752
1558384999.322;200;0.802;0.804
1558385000.061;200;0.737;0.740
1558385000.787;200;0.725;0.728
1558385001.511;200;0.721;0.724
1558385002.327;200;0.813;0.812
1558385003.094;200;0.763;0.764
1558385003.832;200;0.722;0.724
1558385004.630;200;0.795;0.796
1558385005.447;200;0.815;0.820
1558385006.194;200;0.744;0.744
1558385006.913;200;0.715;0.716
1558385007.718;200;0.803;0.804
1558385008.542;200;0.821;0.824
1558385009.277;200;0.733;0.732
1558385010.019;200;0.740;0.744
1558385010.793;200;0.771;0.772
1558385011.603;200;0.809;0.808
1558385012.328;200;0.723;0.724
1558385013.073;200;0.743;0.744
1558385013.828;200;0.753;0.756
1558385014.660;200;0.829;0.832
1558385015.373;200;0.710;0.712
1558385016.129;200;0.754;0.756
1558385016.890;200;0.759;0.760
1558385017.693;200;0.801;0.804
1558385018.434;200;0.736;0.736
1558385019.167;200;0.732;0.736
1558385019.952;200;0.783;0.784
1558385020.779;200;0.825;0.824
1558385021.503;200;0.722;0.724
1558385022.224;200;0.719;0.720
1558385023.010;200;0.783;0.788
1558385023.818;200;0.805;0.804
1558385024.574;200;0.754;0.756
1558385025.295;200;0.719;0.724
1558385026.041;200;0.743;0.744
1558385026.939;200;0.895;0.900
1558385027.698;200;0.756;0.756
1558385028.432;200;0.732;0.736
1558385029.178;200;0.744;0.744
1558385029.998;200;0.818;0.820
1558385030.748;200;0.747;0.744
1558385031.505;200;0.753;0.756
1558385032.311;200;0.804;0.808
1558385033.138;200;0.823;0.824
1558385033.862;200;0.722;0.724
1558385034.594;200;0.729;0.732
1558385035.350;200;0.755;0.756
1558385036.139;200;0.788;0.792
1558385036.856;200;0.715;0.716
1558385037.563;200;0.704;0.708
1558385038.307;200;0.742;0.744
1558385039.095;200;0.787;0.788
1558385039.824;200;0.728;0.724
1558385040.572;200;0.746;0.748
1558385041.347;200;0.773;0.776
1558385042.192;200;0.841;0.844
1558385042.943;200;0.749;0.752
1558385043.706;200;0.759;0.760
1558385044.489;200;0.780;0.780
1558385045.295;200;0.803;0.808
1558385046.041;200;0.743;0.744
1558385046.802;200;0.759;0.760
1558385047.573;200;0.770;0.772
1558385048.385;200;0.810;0.812
1558385049.129;200;0.742;0.744
1558385049.853;200;0.722;0.724
1558385050.637;200;0.782;0.784
1558385051.439;200;0.800;0.800
1558385052.189;200;0.749;0.752
1558385052.900;200;0.709;0.712
1558385053.642;200;0.740;0.740
1558385054.451;200;0.806;0.812
1558385055.168;200;0.715;0.716
1558385055.870;200;0.700;0.700
1558385056.648;200;0.774;0.772
1558385057.466;200;0.815;0.816
1558385058.203;200;0.735;0.736
1558385058.919;200;0.713;0.716
1558385059.714;200;0.793;0.792
1558385060.516;200;0.800;0.804
1558385061.221;200;0.703;0.704
1558385061.999;200;0.776;0.780
1558385062.796;200;0.794;0.796
1558385063.629;200;0.831;0.828
1558385064.370;200;0.738;0.740
1558385065.099;200;0.728;0.732
1558385065.910;200;0.809;0.808
1558385066.744;200;0.833;0.836
1558385067.477;200;0.731;0.732
1558385068.239;200;0.760;0.764
1558385068.999;200;0.754;0.756
1558385069.842;200;0.841;0.840
1558385070.576;200;0.733;0.736
1558385071.286;200;0.709;0.708
1558385072.083;200;0.795;0.800
1558385072.921;200;0.834;0.836
1558385073.679;200;0.756;0.760
1558385074.417;200;0.735;0.736
1558385075.165;200;0.746;0.748
1558385075.969;200;0.802;0.804
1558385076.705;200;0.734;0.736
1558385077.444;200;0.738;0.740
1558385078.215;200;0.769;0.768
1558385079.047;200;0.830;0.832
1558385079.775;200;0.726;0.724
1558385080.490;200;0.713;0.716
1558385081.249;200;0.757;0.760
1558385082.055;200;0.803;0.808
1558385082.810;200;0.750;0.752
1558385083.574;200;0.762;0.764
1558385084.345;200;0.767;0.768
1558385085.164;200;0.818;0.820
1558385085.915;200;0.749;0.752
1558385086.606;200;0.688;0.688
1558385087.393;200;0.786;0.788
1558385088.236;200;0.841;0.844
1558385089.003;200;0.765;0.768
1558385089.709;200;0.704;0.704
1558385090.483;200;0.772;0.776
1558385091.286;200;0.800;0.800
1558385092.016;200;0.729;0.732
1558385092.760;200;0.742;0.744
1558385093.516;200;0.752;0.756
1558385094.338;200;0.819;0.820
1558385095.107;200;0.765;0.768
1558385095.853;200;0.744;0.744
1558385096.617;200;0.762;0.764
1558385097.447;200;0.829;0.828
1558385098.182;200;0.731;0.732
1558385098.900;200;0.717;0.716
1558385099.633;200;0.730;0.732
1558385100.467;200;0.832;0.832
1558385101.192;200;0.722;0.724
1558385101.913;200;0.717;0.720
1558385102.708;200;0.793;0.796
1558385103.525;200;0.815;0.812
1558385104.247;200;0.719;0.720
1558385104.974;200;0.725;0.724
1558385105.746;200;0.770;0.772
1558385106.572;200;0.823;0.824
1558385107.315;200;0.741;0.744
1558385108.036;200;0.719;0.720
1558385108.790;200;0.752;0.752
1558385109.606;200;0.815;0.816
1558385110.357;200;0.749;0.752
1558385111.086;200;0.728;0.728
1558385111.889;200;0.801;0.804
1558385112.698;200;0.807;0.808
1558385113.429;200;0.729;0.728
1558385114.153;200;0.722;0.724
1558385114.917;200;0.762;0.764
1558385115.755;200;0.837;0.840
1558385116.511;200;0.754;0.752
1558385117.247;200;0.734;0.732
1558385118.012;200;0.761;0.764
1558385118.807;200;0.793;0.792
1558385119.530;200;0.720;0.720
1558385120.235;200;0.703;0.708
1558385121.003;200;0.765;0.768
1558385121.827;200;0.821;0.824
1558385122.578;200;0.749;0.748
1558385123.304;200;0.723;0.724
1558385124.073;200;0.765;0.768
1558385124.902;200;0.827;0.828
1558385125.629;200;0.726;0.728
1558385126.346;200;0.716;0.716
1558385127.153;200;0.806;0.808
1558385128.008;200;0.853;0.856
1558385128.731;200;0.721;0.724
1558385129.462;200;0.728;0.728
1558385130.216;200;0.752;0.752
1558385131.046;200;0.829;0.832
1558385131.788;200;0.740;0.744
1558385132.547;200;0.757;0.760
1558385133.365;200;0.816;0.816
1558385134.157;200;0.788;0.792
1558385134.898;200;0.740;0.740
1558385135.613;200;0.713;0.716
1558385136.363;200;0.749;0.752
1558385137.201;200;0.834;0.836
1558385137.976;200;0.773;0.776
1558385138.707;200;0.729;0.732
1558385139.465;200;0.756;0.756
1558385140.302;200;0.835;0.836
1558385141.055;200;0.752;0.756
1558385141.778;200;0.721;0.720
1558385142.560;200;0.780;0.784
1558385143.354;200;0.792;0.792
1558385144.113;200;0.756;0.756
1558385144.826;200;0.711;0.712
1558385145.517;200;0.689;0.688
1558385146.341;200;0.823;0.820
1558385147.067;200;0.724;0.724
1558385147.792;200;0.722;0.724
1558385148.590;200;0.795;0.796
1558385149.431;200;0.839;0.840
1558385150.178;200;0.744;0.744
1558385150.898;200;0.718;0.720
1558385151.647;200;0.747;0.752
1558385152.476;200;0.826;0.828
1558385153.212;200;0.734;0.732
1558385153.935;200;0.717;0.720
1558385154.714;200;0.777;0.776
1558385155.545;200;0.829;0.828
1558385156.273;200;0.726;0.724
1558385156.987;200;0.713;0.716
1558385157.745;200;0.756;0.756
1558385158.559;200;0.812;0.816
1558385159.295;200;0.735;0.736
1558385160.040;200;0.741;0.744
1558385160.796;200;0.752;0.752
1558385161.617;200;0.818;0.820
1558385162.350;200;0.732;0.732
1558385163.069;200;0.716;0.720
1558385163.851;200;0.780;0.780
1558385164.662;200;0.808;0.808
1558385165.402;200;0.739;0.740
1558385166.122;200;0.718;0.720
1558385166.871;200;0.747;0.752
1558385167.692;200;0.818;0.820
1558385168.434;200;0.740;0.740
1558385169.153;200;0.717;0.720
1558385169.965;200;0.810;0.812
1558385170.774;200;0.807;0.808
1558385171.525;200;0.745;0.748
1558385172.232;200;0.705;0.708
1558385172.988;200;0.753;0.756
1558385173.799;200;0.808;0.812
1558385174.514;200;0.711;0.712
1558385175.220;200;0.703;0.708
1558385175.982;200;0.759;0.760
1558385176.795;200;0.811;0.812
1558385177.513;200;0.716;0.716
1558385178.236;200;0.721;0.724
1558385179.018;200;0.780;0.780
1558385179.803;200;0.783;0.784
1558385180.569;200;0.763;0.760
1558385181.284;200;0.714;0.712
1558385182.074;200;0.788;0.788
1558385182.891;200;0.815;0.816
1558385183.623;200;0.730;0.732
1558385184.356;200;0.730;0.728
1558385185.165;200;0.807;0.808
1558385185.960;200;0.793;0.796
1558385186.709;200;0.746;0.748
1558385187.422;200;0.711;0.712
1558385188.173;200;0.749;0.748
1558385188.986;200;0.811;0.812
1558385189.714;200;0.726;0.728
1558385190.395;200;0.679;0.680
1558385191.171;200;0.774;0.780
1558385191.999;200;0.825;0.828
1558385192.744;200;0.743;0.744
1558385193.479;200;0.732;0.736
1558385194.247;200;0.765;0.764
1558385195.072;200;0.823;0.824
1558385195.805;200;0.732;0.728
1558385196.542;200;0.735;0.736
1558385197.313;200;0.770;0.768
1558385198.134;200;0.820;0.820
1558385198.881;200;0.746;0.748
1558385199.593;200;0.710;0.708
1558385200.345;200;0.751;0.752
1558385201.171;200;0.824;0.828
1558385201.916;200;0.743;0.744
1558385202.640;200;0.722;0.724
1558385203.440;200;0.797;0.800
1558385204.268;200;0.825;0.828
1558385205.001;200;0.731;0.732
1558385205.719;200;0.716;0.716
1558385206.481;200;0.760;0.764
1558385207.303;200;0.821;0.820
1558385208.051;200;0.747;0.752
1558385208.769;200;0.715;0.716
1558385209.519;200;0.749;0.748
1558385210.370;200;0.849;0.848
1558385211.108;200;0.736;0.740
1558385211.877;200;0.767;0.768
1558385212.681;200;0.802;0.800
1558385213.489;200;0.807;0.808
1558385214.240;200;0.749;0.752
1558385214.959;200;0.716;0.720
1558385215.771;200;0.809;0.812
1558385216.584;200;0.811;0.812
1558385217.309;200;0.724;0.724
1558385218.046;200;0.736;0.736
1558385218.817;200;0.769;0.772
1558385219.632;200;0.813;0.816
1558385220.379;200;0.745;0.744
1558385221.080;200;0.698;0.700
1558385221.880;200;0.798;0.800
1558385222.713;200;0.831;0.832
1558385223.450;200;0.735;0.736
1558385224.177;200;0.724;0.724
1558385224.945;200;0.765;0.768
1558385225.755;200;0.808;0.808
1558385226.487;200;0.730;0.732
1558385227.222;200;0.733;0.736
1558385227.983;200;0.759;0.764
1558385228.811;200;0.825;0.824
1558385229.581;200;0.768;0.772
1558385230.284;200;0.701;0.704
1558385231.021;200;0.735;0.736
1558385231.866;200;0.843;0.844
1558385232.632;200;0.764;0.764
1558385233.342;200;0.707;0.708
1558385234.150;200;0.804;0.804
1558385234.974;200;0.820;0.820
1558385235.729;200;0.753;0.756
1558385236.422;200;0.691;0.692
1558385237.201;200;0.777;0.780
1558385238.014;200;0.811;0.812
1558385238.731;200;0.716;0.716
1558385239.471;200;0.738;0.740
1558385240.261;200;0.787;0.784
1558385241.077;200;0.814;0.816
1558385241.819;200;0.740;0.740
1558385242.555;200;0.734;0.732
1558385243.348;200;0.790;0.792
1558385244.157;200;0.806;0.808
1558385244.907;200;0.748;0.748
1558385245.635;200;0.726;0.732
1558385246.422;200;0.784;0.784
1558385247.246;200;0.821;0.820
1558385248.000;200;0.749;0.752
1558385248.714;200;0.711;0.712
1558385249.490;200;0.775;0.776
1558385250.323;200;0.831;0.832
1558385251.045;200;0.720;0.724
1558385251.764;200;0.718;0.720
1558385252.522;200;0.755;0.756
1558385253.366;200;0.842;0.844
1558385254.098;200;0.729;0.732
1558385254.826;200;0.726;0.728
1558385255.633;200;0.803;0.804
1558385256.441;200;0.806;0.808
1558385257.183;200;0.741;0.740
1558385257.919;200;0.735;0.736
1558385258.665;200;0.743;0.744
1558385259.507;200;0.840;0.840
1558385260.241;200;0.732;0.732
1558385260.956;200;0.713;0.716
1558385261.771;200;0.813;0.812
1558385262.583;200;0.808;0.812
1558385263.311;200;0.726;0.724
1558385264.028;200;0.714;0.716
1558385264.743;200;0.713;0.716
1558385265.563;200;0.817;0.820
1558385266.276;200;0.711;0.708
1558385267.003;200;0.724;0.724
1558385267.767;200;0.762;0.764
1558385268.599;200;0.830;0.836
1558385269.352;200;0.751;0.752
1558385270.061;200;0.708;0.708
1558385270.823;200;0.761;0.760
1558385271.643;200;0.817;0.820
1558385272.407;200;0.762;0.760
1558385273.154;200;0.744;0.744
1558385273.929;200;0.774;0.776
1558385274.768;200;0.837;0.840
1558385275.498;200;0.728;0.728
1558385276.214;200;0.713;0.716
1558385277.023;200;0.807;0.812
1558385277.849;200;0.823;0.824
1558385278.577;200;0.726;0.728
1558385279.302;200;0.723;0.724
1558385280.054;200;0.750;0.752
1558385280.897;200;0.841;0.844
1558385281.639;200;0.740;0.744
1558385282.371;200;0.730;0.728
1558385283.173;200;0.800;0.804
1558385284.018;200;0.842;0.844
1558385284.749;200;0.729;0.732
1558385285.506;200;0.755;0.756
1558385286.277;200;0.768;0.772
1558385287.090;200;0.811;0.812
1558385287.847;200;0.756;0.756
1558385288.601;200;0.752;0.752
1558385289.389;200;0.786;0.784
1558385290.218;200;0.828;0.828
1558385290.969;200;0.750;0.752
1558385291.709;200;0.739;0.740
1558385292.471;200;0.760;0.764
1558385293.291;200;0.817;0.816
1558385294.058;200;0.765;0.764
1558385294.801;200;0.741;0.744
1558385295.539;200;0.736;0.736
1558385296.368;200;0.827;0.828
1558385297.100;200;0.730;0.732
1558385297.811;200;0.709;0.712
1558385298.525;200;0.711;0.712
1558385299.348;200;0.821;0.824
1558385300.095;200;0.745;0.748
1558385300.806;200;0.708;0.708
1558385301.576;200;0.768;0.772
1558385302.378;200;0.800;0.800
1558385303.121;200;0.742;0.744
1558385303.860;200;0.715;0.720
1558385304.632;200;0.770;0.772
1558385305.476;200;0.842;0.844
1558385306.213;200;0.735;0.736
1558385306.970;200;0.755;0.756
1558385307.763;200;0.788;0.788
1558385308.563;200;0.798;0.796
1558385309.303;200;0.738;0.744
1558385310.030;200;0.725;0.724
1558385310.858;200;0.827;0.828
1558385311.701;200;0.841;0.844
1558385312.442;200;0.739;0.740
1558385313.186;200;0.742;0.744
1558385313.954;200;0.765;0.768
1558385314.757;200;0.801;0.800
1558385315.489;200;0.730;0.732
1558385316.213;200;0.722;0.724
1558385316.978;200;0.764;0.764
1558385317.811;200;0.831;0.832
1558385318.541;200;0.728;0.728
1558385319.241;200;0.699;0.700
1558385320.007;200;0.764;0.764
1558385320.804;200;0.794;0.796
1558385321.563;200;0.758;0.756
1558385322.269;200;0.704;0.704
1558385323.036;200;0.765;0.768
1558385323.862;200;0.824;0.824
1558385324.617;200;0.750;0.752
1558385325.350;200;0.732;0.732
1558385326.135;200;0.783;0.784
1558385326.961;200;0.824;0.824
1558385327.694;200;0.731;0.732
1558385328.430;200;0.734;0.736
1558385329.170;200;0.738;0.740
1558385329.993;200;0.821;0.824
1558385330.737;200;0.742;0.744
1558385331.481;200;0.743;0.744
1558385332.248;200;0.764;0.768
1558385333.131;200;0.881;0.880
1558385333.862;200;0.728;0.728
1558385334.609;200;0.743;0.744
1558385335.406;200;0.795;0.796
1558385336.203;200;0.795;0.796
1558385336.934;200;0.729;0.728
1558385337.695;200;0.760;0.760
1558385338.473;200;0.776;0.780
1558385339.269;200;0.794;0.796
1558385340.001;200;0.730;0.732
1558385340.718;200;0.715;0.716
1558385341.481;200;0.760;0.765
1558385342.293;200;0.810;0.812
1558385343.066;200;0.772;0.772
1558385343.784;200;0.716;0.716
1558385344.546;200;0.759;0.760
1558385345.371;200;0.823;0.828
1558385346.091;200;0.717;0.716
1558385346.823;200;0.729;0.728
1558385347.585;200;0.760;0.760
1558385348.401;200;0.814;0.816
1558385349.177;200;0.775;0.776
1558385349.891;200;0.713;0.712
1558385350.657;200;0.763;0.764
1558385351.480;200;0.821;0.824
1558385352.242;200;0.760;0.760
1558385352.948;200;0.703;0.704
1558385353.723;200;0.773;0.772
1558385354.540;200;0.814;0.816
1558385355.280;200;0.738;0.736
1558385355.998;200;0.716;0.716
1558385356.785;200;0.785;0.784
1558385357.592;200;0.806;0.808
1558385358.330;200;0.736;0.736
1558385359.054;200;0.722;0.724
1558385359.888;200;0.832;0.836
1558385360.696;200;0.806;0.804
1558385361.421;200;0.723;0.724
1558385362.166;200;0.743;0.744
1558385362.849;200;0.680;0.676
1558385363.660;200;0.809;0.812
1558385364.400;200;0.738;0.740
1558385365.135;200;0.733;0.732
1558385365.851;200;0.714;0.716
1558385366.658;200;0.804;0.804
1558385367.409;200;0.750;0.752
1558385368.111;200;0.700;0.704
1558385368.834;200;0.720;0.720
1558385369.685;200;0.850;0.852
1558385370.419;200;0.732;0.732
1558385371.122;200;0.701;0.700
1558385371.918;200;0.793;0.796
1558385372.734;200;0.813;0.816
1558385373.448;200;0.713;0.716
1558385374.175;200;0.724;0.724
1558385374.973;200;0.796;0.796
1558385375.793;200;0.819;0.820
1558385376.523;200;0.728;0.728
1558385377.242;200;0.716;0.716
1558385378.009;200;0.765;0.768
1558385378.829;200;0.818;0.816
1558385379.549;200;0.719;0.716
1558385380.280;200;0.729;0.732
1558385381.035;200;0.753;0.752
1558385381.857;200;0.819;0.816
1558385382.595;200;0.736;0.736
1558385383.319;200;0.723;0.724
1558385384.093;200;0.771;0.772
1558385384.923;200;0.828;0.828
1558385385.674;200;0.750;0.752
1558385386.429;200;0.751;0.748
1558385387.204;200;0.774;0.776
1558385387.996;200;0.790;0.792
1558385388.735;200;0.737;0.736
1558385389.443;200;0.704;0.704
1558385390.238;200;0.793;0.796
1558385391.052;200;0.811;0.816
1558385391.810;200;0.756;0.756
1558385392.534;200;0.721;0.720
1558385393.303;200;0.768;0.768
1558385394.108;200;0.802;0.804
1558385394.835;200;0.725;0.724
1558385395.552;200;0.715;0.712
1558385396.338;200;0.780;0.780
1558385397.202;200;0.861;0.864
1558385397.933;200;0.728;0.728
1558385398.645;200;0.710;0.712
1558385399.432;200;0.786;0.784
1558385400.229;200;0.795;0.796
