timestamp;status;request_time;upstream_response_time
1558380685.384;200;0.766;0.768
1558380686.202;200;0.772;0.776
1558380687.053;200;0.846;0.848
1558380687.893;200;0.834;0.836
1558380688.628;200;0.730;0.732
1558380689.352;200;0.720;0.724
1558380690.117;200;0.742;0.744
1558380691.027;200;0.905;0.908
1558380691.798;200;0.765;0.768
1558380692.546;200;0.744;0.744
1558380693.344;200;0.793;0.796
1558380694.199;200;0.851;0.852
1558380694.956;200;0.750;0.752
1558380695.717;200;0.757;0.760
1558380696.476;200;0.753;0.756
1558380697.350;200;0.869;0.876
1558380698.091;200;0.737;0.740
1558380698.846;200;0.752;0.752
1558380699.588;200;0.739;0.744
1558380700.426;200;0.836;0.836
1558380701.174;200;0.745;0.744
1558380701.905;200;0.727;0.728
1558380702.634;200;0.725;0.728
1558380703.461;200;0.822;0.824
1558380704.254;200;0.789;0.792
1558380704.985;200;0.726;0.728
1558380705.707;200;0.718;0.724
1558380706.549;200;0.839;0.836
1558380707.291;200;0.738;0.740
1558380708.009;200;0.714;0.716
1558380708.777;200;0.764;0.764
1558380709.594;200;0.813;0.820
1558380710.362;200;0.758;0.764
1558380711.112;200;0.745;0.744
1558380711.875;200;0.758;0.760
1558380712.722;200;0.844;0.848
1558380713.461;200;0.735;0.736
1558380714.225;200;0.759;0.760
1558380714.996;200;0.766;0.768
1558380715.833;200;0.832;0.836
1558380716.614;200;0.776;0.776
1558380717.352;200;0.735;0.740
1558380718.123;200;0.766;0.772
1558380718.929;200;0.802;0.804
1558380719.628;200;0.695;0.700
1558380720.328;200;0.695;0.700
1558380721.098;200;0.767;0.772
1558380721.972;200;0.868;0.872
1558380722.706;200;0.731;0.732
1558380723.448;200;0.738;0.740
1558380724.219;200;0.762;0.764
1558380725.056;200;0.832;0.832
1558380725.815;200;0.757;0.760
1558380726.571;200;0.753;0.756
1558380727.390;200;0.816;0.820
1558380728.228;200;0.835;0.836
1558380728.991;200;0.759;0.760
1558380729.730;200;0.737;0.736
1558380730.515;200;0.781;0.784
1558380731.340;200;0.822;0.824
1558380732.098;200;0.756;0.760
1558380732.821;200;0.719;0.720
1558380733.581;200;0.756;0.760
1558380734.394;200;0.809;0.808
1558380735.151;200;0.750;0.756
1558380735.870;200;0.716;0.716
1558380736.663;200;0.786;0.792
1558380737.542;200;0.876;0.876
1558380738.295;200;0.750;0.748
1558380739.021;200;0.723;0.724
1558380739.816;200;0.792;0.796
1558380740.621;200;0.799;0.800
1558380741.380;200;0.756;0.760
1558380742.139;200;0.757;0.760
1558380742.880;200;0.738;0.740
1558380743.764;200;0.880;0.884
1558380744.525;200;0.758;0.760
1558380745.245;200;0.717;0.720
1558380745.954;200;0.706;0.708
1558380746.806;200;0.849;0.848
1558380747.553;200;0.744;0.740
1558380748.303;200;0.748;0.752
1558380749.081;200;0.776;0.772
1558380749.914;200;0.825;0.828
1558380750.627;200;0.709;0.712
1558380751.329;200;0.694;0.696
1558380752.082;200;0.744;0.744
1558380752.928;200;0.842;0.844
1558380753.689;200;0.759;0.760
1558380754.397;200;0.705;0.704
1558380755.166;200;0.763;0.764
1558380756.005;200;0.835;0.836
1558380756.779;200;0.769;0.772
1558380757.570;200;0.744;0.744
1558380758.334;200;0.761;0.764
1558380759.201;200;0.859;0.860
1558380759.953;200;0.749;0.752
1558380760.713;200;0.755;0.756
1558380761.528;200;0.811;0.816
1558380762.354;200;0.822;0.824
1558380763.093;200;0.728;0.728
1558380763.854;200;0.754;0.756
1558380764.620;200;0.761;0.764
1558380765.490;200;0.864;0.868
1558380766.244;200;0.750;0.752
1558380766.986;200;0.739;0.740
1558380767.753;200;0.762;0.764
1558380768.566;200;0.809;0.812
1558380769.304;200;0.734;0.737
1558380770.031;200;0.724;0.728
1558380770.778;200;0.744;0.744
1558380771.627;200;0.845;0.848
1558380772.407;200;0.778;0.780
1558380773.136;200;0.726;0.724
1558380773.910;200;0.770;0.776
1558380774.736;200;0.819;0.824
1558380775.490;200;0.749;0.748
1558380776.212;200;0.719;0.724
1558380776.986;200;0.770;0.772
1558380777.844;200;0.854;0.852
1558380778.575;200;0.729;0.732
1558380779.302;200;0.723;0.724
1558380779.976;200;0.670;0.672
1558380780.859;200;0.879;0.884
1558380781.590;200;0.728;0.728
1558380782.313;200;0.719;0.720
1558380783.073;200;0.751;0.752
1558380783.892;200;0.814;0.816
1558380784.649;200;0.753;0.756
1558380785.384;200;0.728;0.732
1558380786.147;200;0.761;0.764
1558380786.978;200;0.828;0.832
1558380787.716;200;0.734;0.736
1558380788.456;200;0.735;0.740
1558380789.226;200;0.767;0.768
1558380790.033;200;0.804;0.804
1558380790.790;200;0.754;0.756
1558380791.509;200;0.717;0.720
1558380792.286;200;0.774;0.776
1558380793.145;200;0.856;0.856
1558380793.898;200;0.752;0.752
1558380794.630;200;0.729;0.732
1558380795.424;200;0.787;0.792
1558380796.292;200;0.866;0.864
1558380797.050;200;0.756;0.756
1558380797.764;200;0.711;0.712
1558380798.557;200;0.788;0.792
1558380799.404;200;0.843;0.848
1558380800.097;200;0.689;0.692
1558380800.821;200;0.722;0.724
1558380801.586;200;0.762;0.764
1558380802.394;200;0.804;0.804
1558380803.137;200;0.740;0.740
1558380803.858;200;0.718;0.720
1558380804.669;200;0.807;0.808
1558380805.493;200;0.819;0.820
1558380806.240;200;0.743;0.744
1558380807.002;200;0.758;0.760
1558380807.758;200;0.752;0.752
1558380808.587;200;0.825;0.828
1558380809.286;200;0.696;0.696
1558380810.032;200;0.741;0.744
1558380810.792;200;0.754;0.756
1558380811.628;200;0.833;0.836
1558380812.354;200;0.724;0.724
1558380813.141;200;0.784;0.788
1558380813.878;200;0.734;0.736
1558380814.705;200;0.823;0.824
1558380815.437;200;0.728;0.732
1558380816.193;200;0.753;0.756
1558380816.949;200;0.752;0.756
1558380817.780;200;0.827;0.832
1558380818.521;200;0.736;0.740
1558380819.240;200;0.716;0.716
1558380819.995;200;0.753;0.752
1558380820.832;200;0.834;0.836
1558380821.615;200;0.781;0.784
1558380822.354;200;0.736;0.736
1558380823.113;200;0.755;0.756
1558380823.931;200;0.815;0.816
1558380824.700;200;0.766;0.768
1558380825.408;200;0.704;0.708
1558380826.161;200;0.750;0.748
1558380827.030;200;0.865;0.868
1558380827.762;200;0.729;0.728
1558380828.483;200;0.718;0.724
1558380829.233;200;0.747;0.748
1558380830.051;200;0.814;0.816
1558380830.794;200;0.740;0.740
1558380831.537;200;0.740;0.740
1558380832.284;200;0.742;0.740
1558380833.094;200;0.806;0.808
1558380833.856;200;0.758;0.756
1558380834.605;200;0.745;0.748
1558380835.373;200;0.763;0.764
1558380836.187;200;0.809;0.808
1558380836.934;200;0.744;0.744
1558380837.669;200;0.731;0.732
1558380838.432;200;0.760;0.764
1558380839.280;200;0.846;0.844
1558380840.011;200;0.726;0.732
1558380840.732;200;0.718;0.720
1558380841.485;200;0.751;0.752
1558380842.321;200;0.832;0.832
1558380843.077;200;0.753;0.756
1558380843.793;200;0.713;0.716
1558380844.528;200;0.732;0.736
1558380845.360;200;0.827;0.824
1558380846.089;200;0.727;0.728
1558380846.800;200;0.708;0.712
1558380847.566;200;0.764;0.764
1558380848.403;200;0.835;0.840
1558380849.152;200;0.746;0.748
1558380849.882;200;0.727;0.728
1558380850.649;200;0.764;0.764
1558380851.464;200;0.811;0.816
1558380852.215;200;0.749;0.752
1558380852.927;200;0.709;0.712
1558380853.670;200;0.741;0.740
1558380854.502;200;0.828;0.828
1558380855.249;200;0.743;0.744
1558380855.986;200;0.734;0.736
1558380856.753;200;0.764;0.764
1558380857.580;200;0.824;0.828
1558380858.337;200;0.749;0.752
1558380859.065;200;0.720;0.724
1558380859.818;200;0.748;0.748
1558380860.648;200;0.826;0.828
1558380861.376;200;0.724;0.728
1558380862.129;200;0.750;0.752
1558380862.883;200;0.749;0.752
1558380863.717;200;0.831;0.832
1558380864.474;200;0.752;0.752
1558380865.192;200;0.713;0.716
1558380866.020;200;0.824;0.828
1558380866.825;200;0.800;0.804
1558380867.555;200;0.723;0.724
1558380868.287;200;0.723;0.724
1558380869.038;200;0.748;0.748
1558380869.885;200;0.840;0.844
1558380870.617;200;0.723;0.724
1558380871.406;200;0.784;0.784
1558380872.182;200;0.772;0.772
1558380873.013;200;0.827;0.824
1558380873.757;200;0.742;0.744
1558380874.494;200;0.734;0.736
1558380875.284;200;0.786;0.784
1558380876.133;200;0.845;0.848
1558380876.854;200;0.717;0.720
1558380877.590;200;0.720;0.720
1558380878.341;200;0.747;0.744
1558380879.184;200;0.841;0.840
1558380879.959;200;0.773;0.776
1558380880.684;200;0.722;0.724
1558380881.461;200;0.775;0.776
1558380882.266;200;0.802;0.804
1558380882.979;200;0.710;0.712
1558380883.712;200;0.729;0.732
1558380884.462;200;0.746;0.748
1558380885.306;200;0.840;0.840
1558380886.075;200;0.766;0.768
1558380886.798;200;0.721;0.720
1558380887.521;200;0.721;0.720
1558380888.356;200;0.832;0.832
1558380889.093;200;0.735;0.736
1558380889.815;200;0.719;0.724
1558380890.562;200;0.745;0.744
1558380891.386;200;0.819;0.820
1558380892.140;200;0.751;0.756
1558380892.857;200;0.714;0.716
1558380893.651;200;0.791;0.792
1558380894.473;200;0.819;0.820
1558380895.208;200;0.731;0.728
1558380895.925;200;0.715;0.716
1558380896.721;200;0.793;0.796
1558380897.546;200;0.822;0.824
1558380898.314;200;0.762;0.764
1558380899.061;200;0.744;0.744
1558380899.881;200;0.816;0.816
1558380900.726;200;0.841;0.844
1558380901.492;200;0.762;0.764
1558380902.236;200;0.742;0.740
1558380902.968;200;0.729;0.732
1558380903.772;200;0.802;0.804
1558380904.500;200;0.724;0.728
1558380905.287;200;0.771;0.776
1558380906.064;200;0.774;0.776
1558380906.921;200;0.844;0.848
1558380907.661;200;0.737;0.740
1558380908.385;200;0.720;0.724
1558380909.136;200;0.747;0.752
1558380909.947;200;0.809;0.812
1558380910.684;200;0.735;0.736
1558380911.433;200;0.744;0.748
1558380912.198;200;0.762;0.764
1558380913.029;200;0.828;0.832
1558380913.770;200;0.740;0.740
1558380914.535;200;0.761;0.764
1558380915.323;200;0.781;0.780
1558380916.150;200;0.824;0.824
1558380916.889;200;0.734;0.736
1558380917.622;200;0.726;0.728
1558380918.385;200;0.760;0.764
1558380919.220;200;0.831;0.836
1558380919.991;200;0.768;0.768
1558380920.732;200;0.739;0.740
1558380921.534;200;0.796;0.796
1558380922.379;200;0.837;0.836
1558380923.139;200;0.757;0.760
1558380923.850;200;0.708;0.708
1558380924.613;200;0.756;0.756
1558380925.429;200;0.811;0.812
1558380926.171;200;0.738;0.740
1558380926.932;200;0.756;0.756
1558380927.709;200;0.773;0.776
1558380928.551;200;0.838;0.844
1558380929.286;200;0.732;0.732
1558380930.045;200;0.756;0.752
1558380930.809;200;0.761;0.764
1558380931.669;200;0.855;0.856
1558380932.417;200;0.736;0.736
1558380933.185;200;0.765;0.768
1558380933.917;200;0.728;0.732
1558380934.775;200;0.856;0.860
1558380935.516;200;0.738;0.740
1558380936.248;200;0.729;0.732
1558380937.029;200;0.779;0.780
1558380937.836;200;0.803;0.804
1558380938.562;200;0.724;0.724
1558380939.294;200;0.730;0.732
1558380940.029;200;0.732;0.736
1558380940.888;200;0.856;0.856
1558380941.658;200;0.768;0.768
1558380942.388;200;0.727;0.728
1558380943.169;200;0.777;0.780
1558380943.995;200;0.823;0.824
1558380944.767;200;0.769;0.772
1558380945.489;200;0.717;0.720
1558380946.281;200;0.789;0.792
1558380947.084;200;0.800;0.804
1558380947.850;200;0.764;0.764
1558380948.596;200;0.742;0.740
1558380949.410;200;0.811;0.812
1558380950.249;200;0.835;0.832
1558380950.991;200;0.740;0.740
1558380951.717;200;0.723;0.724
1558380952.506;200;0.786;0.788
1558380953.359;200;0.848;0.848
1558380954.121;200;0.760;0.760
1558380954.842;200;0.718;0.720
1558380955.654;200;0.807;0.808
1558380956.474;200;0.817;0.820
1558380957.226;200;0.749;0.748
1558380957.935;200;0.706;0.708
1558380958.696;200;0.759;0.756
1558380959.516;200;0.816;0.820
1558380960.253;200;0.735;0.732
1558380960.970;200;0.713;0.716
1558380961.766;200;0.793;0.796
1558380962.589;200;0.820;0.820
1558380963.336;200;0.743;0.748
1558380964.070;200;0.728;0.728
1558380964.880;200;0.806;0.804
1558380965.690;200;0.802;0.804
1558380966.428;200;0.736;0.736
1558380967.178;200;0.747;0.748
1558380967.952;200;0.764;0.768
1558380968.789;200;0.834;0.836
1558380969.557;200;0.765;0.768
1558380970.293;200;0.732;0.736
1558380971.043;200;0.745;0.744
1558380971.886;200;0.840;0.840
1558380972.633;200;0.744;0.744
1558380973.352;200;0.715;0.716
1558380974.114;200;0.760;0.760
1558380974.963;200;0.846;0.848
1558380975.697;200;0.727;0.728
1558380976.410;200;0.709;0.708
1558380977.150;200;0.736;0.736
1558380977.976;200;0.823;0.824
1558380978.722;200;0.742;0.744
1558380979.431;200;0.707;0.712
1558380980.269;200;0.835;0.836
1558380981.071;200;0.799;0.804
1558380981.801;200;0.727;0.728
1558380982.567;200;0.763;0.764
1558380983.390;200;0.819;0.820
1558380984.222;200;0.829;0.832
1558380984.960;200;0.734;0.736
1558380985.685;200;0.722;0.724
1558380986.553;200;0.864;0.868
1558380987.355;200;0.798;0.804
1558380988.083;200;0.725;0.724
1558380988.816;200;0.730;0.732
1558380989.589;200;0.770;0.772
1558380990.421;200;0.829;0.832
1558380991.176;200;0.752;0.756
1558380991.878;200;0.699;0.700
1558380992.646;200;0.764;0.764
1558380993.466;200;0.815;0.816
1558380994.218;200;0.748;0.748
1558380994.972;200;0.750;0.752
1558380995.736;200;0.760;0.764
1558380996.550;200;0.812;0.812
1558380997.287;200;0.735;0.736
1558380998.021;200;0.732;0.728
1558380998.764;200;0.739;0.744
1558380999.627;200;0.859;0.860
1558381000.390;200;0.761;0.764
1558381001.117;200;0.723;0.724
1558381001.928;200;0.806;0.808
1558381002.773;200;0.842;0.844
1558381003.539;200;0.763;0.768
1558381004.254;200;0.712;0.712
1558381005.046;200;0.788;0.788
1558381005.938;200;0.889;0.892
1558381006.656;200;0.715;0.720
1558381007.368;200;0.708;0.712
1558381008.129;200;0.757;0.756
1558381008.958;200;0.826;0.828
1558381009.735;200;0.774;0.772
1558381010.461;200;0.724;0.724
1558381011.222;200;0.758;0.760
1558381012.073;200;0.845;0.848
1558381012.813;200;0.736;0.740
1558381013.579;200;0.763;0.768
1558381014.338;200;0.756;0.756
1558381015.144;200;0.802;0.800
1558381015.861;200;0.715;0.716
1558381016.579;200;0.715;0.716
1558381017.413;200;0.831;0.832
1558381018.257;200;0.840;0.844
1558381018.997;200;0.737;0.740
1558381019.730;200;0.730;0.732
1558381020.499;200;0.765;0.764
1558381021.382;200;0.880;0.880
1558381022.126;200;0.738;0.740
1558381022.892;200;0.763;0.768
1558381023.684;200;0.790;0.792
1558381024.525;200;0.838;0.840
1558381025.265;200;0.735;0.736
1558381025.982;200;0.715;0.716
1558381026.730;200;0.745;0.744
1558381027.552;200;0.820;0.824
1558381028.309;200;0.755;0.752
1558381029.080;200;0.766;0.768
1558381029.845;200;0.763;0.764
1558381030.668;200;0.818;0.820
1558381031.446;200;0.776;0.776
1558381032.157;200;0.708;0.712
1558381032.941;200;0.781;0.784
1558381033.797;200;0.850;0.852
1558381034.546;200;0.746;0.748
1558381035.268;200;0.718;0.720
1558381036.048;200;0.777;0.780
1558381036.893;200;0.840;0.844
1558381037.655;200;0.760;0.760
1558381038.362;200;0.704;0.704
1558381039.154;200;0.786;0.788
1558381039.978;200;0.822;0.824
1558381040.748;200;0.768;0.772
1558381041.512;200;0.761;0.764
1558381042.200;200;0.684;0.684
1558381043.031;200;0.828;0.828
1558381043.784;200;0.751;0.752
1558381044.498;200;0.711;0.712
1558381045.241;200;0.737;0.740
1558381046.072;200;0.828;0.832
1558381046.800;200;0.726;0.728
1558381047.528;200;0.721;0.720
1558381048.322;200;0.792;0.792
1558381049.136;200;0.811;0.812
1558381049.854;200;0.715;0.716
1558381050.578;200;0.721;0.724
1558381051.337;200;0.756;0.760
1558381052.173;200;0.833;0.836
1558381052.918;200;0.744;0.744
1558381053.646;200;0.725;0.728
1558381054.421;200;0.773;0.772
1558381055.262;200;0.837;0.836
1558381055.978;200;0.714;0.716
1558381056.737;200;0.756;0.756
1558381057.496;200;0.756;0.760
1558381058.304;200;0.806;0.804
1558381059.046;200;0.740;0.740
1558381059.755;200;0.706;0.708
1558381060.508;200;0.750;0.748
1558381061.364;200;0.853;0.856
1558381062.137;200;0.771;0.772
1558381062.859;200;0.719;0.720
1558381063.632;200;0.766;0.768
1558381064.485;200;0.851;0.852
1558381065.231;200;0.743;0.744
1558381065.937;200;0.703;0.704
1558381066.706;200;0.766;0.768
1558381067.559;200;0.849;0.852
1558381068.301;200;0.740;0.740
1558381069.056;200;0.751;0.752
1558381069.842;200;0.784;0.784
1558381070.654;200;0.809;0.812
1558381071.387;200;0.727;0.732
1558381072.140;200;0.749;0.748
1558381072.921;200;0.778;0.780
1558381073.766;200;0.842;0.844
1558381074.545;200;0.775;0.772
1558381075.256;200;0.707;0.704
1558381076.037;200;0.777;0.780
1558381076.873;200;0.832;0.836
1558381077.643;200;0.763;0.764
1558381078.370;200;0.725;0.724
1558381079.160;200;0.786;0.788
1558381079.990;200;0.823;0.824
1558381080.731;200;0.737;0.736
1558381081.447;200;0.711;0.712
1558381082.214;200;0.762;0.764
1558381083.037;200;0.820;0.820
1558381083.750;200;0.711;0.712
1558381084.476;200;0.723;0.728
1558381085.249;200;0.770;0.772
1558381086.049;200;0.797;0.796
1558381086.861;200;0.810;0.808
1558381087.591;200;0.727;0.728
1558381088.330;200;0.736;0.736
1558381089.152;200;0.820;0.820
1558381089.904;200;0.751;0.752
1558381090.625;200;0.716;0.720
1558381091.420;200;0.790;0.793
1558381092.251;200;0.827;0.828
1558381093.000;200;0.746;0.744
1558381093.741;200;0.739;0.740
1558381094.480;200;0.736;0.740
1558381095.328;200;0.844;0.848
1558381096.083;200;0.753;0.752
1558381096.794;200;0.708;0.708
1558381097.544;200;0.745;0.748
1558381098.376;200;0.828;0.832
1558381099.131;200;0.751;0.752
1558381099.875;200;0.740;0.740
1558381100.647;200;0.766;0.764
1558381101.477;200;0.827;0.828
1558381102.229;200;0.749;0.752
1558381102.989;200;0.756;0.760
1558381103.792;200;0.801;0.804
1558381104.625;200;0.830;0.832
1558381105.382;200;0.752;0.752
1558381106.133;200;0.747;0.748
1558381106.922;200;0.786;0.788
1558381107.741;200;0.816;0.816
1558381108.485;200;0.741;0.744
1558381109.226;200;0.739;0.740
1558381109.970;200;0.741;0.744
1558381110.817;200;0.842;0.844
1558381111.560;200;0.741;0.744
1558381112.276;200;0.713;0.716
1558381113.045;200;0.767;0.768
1558381113.857;200;0.809;0.808
1558381114.600;200;0.741;0.740
1558381115.322;200;0.717;0.720
1558381116.091;200;0.765;0.764
1558381116.902;200;0.808;0.808
1558381117.637;200;0.733;0.736
1558381118.413;200;0.773;0.772
1558381119.169;200;0.755;0.756
1558381120.026;200;0.854;0.856
1558381120.779;200;0.749;0.748
1558381121.489;200;0.708;0.704
1558381122.261;200;0.767;0.768
1558381123.107;200;0.841;0.840
1558381123.838;200;0.728;0.728
1558381124.574;200;0.732;0.732
1558381125.317;200;0.738;0.740
1558381126.177;200;0.856;0.856
1558381126.917;200;0.736;0.740
1558381127.642;200;0.723;0.724
1558381128.420;200;0.775;0.780
1558381129.250;200;0.827;0.828
1558381129.988;200;0.736;0.740
1558381130.749;200;0.759;0.760
1558381131.510;200;0.759;0.760
1558381132.343;200;0.830;0.828
1558381133.078;200;0.732;0.732
1558381133.809;200;0.729;0.732
1558381134.576;200;0.763;0.768
1558381135.396;200;0.817;0.820
1558381136.154;200;0.756;0.756
1558381136.862;200;0.705;0.704
1558381137.662;200;0.786;0.788
1558381138.482;200;0.817;0.820
1558381139.221;200;0.736;0.736
1558381139.972;200;0.748;0.752
1558381140.745;200;0.770;0.772
1558381141.594;200;0.847;0.848
1558381142.355;200;0.758;0.760
1558381143.086;200;0.728;0.728
1558381143.860;200;0.771;0.772
1558381144.680;200;0.818;0.820
1558381145.434;200;0.750;0.752
1558381146.141;200;0.703;0.700
1558381146.892;200;0.748;0.752
1558381147.728;200;0.834;0.836
1558381148.478;200;0.744;0.744
1558381149.218;200;0.737;0.740
1558381150.001;200;0.780;0.784
1558381150.844;200;0.838;0.836
1558381151.597;200;0.751;0.752
1558381152.316;200;0.714;0.716
1558381153.085;200;0.767;0.764
1558381153.906;200;0.817;0.820
1558381154.626;200;0.716;0.716
1558381155.350;200;0.720;0.720
1558381156.148;200;0.794;0.792
1558381156.962;200;0.812;0.812
1558381157.738;200;0.775;0.776
1558381158.456;200;0.715;0.720
1558381159.240;200;0.782;0.784
1558381160.044;200;0.802;0.800
1558381160.791;200;0.742;0.740
1558381161.524;200;0.730;0.732
1558381162.240;200;0.711;0.716
1558381163.091;200;0.849;0.848
1558381163.856;200;0.763;0.764
1558381164.606;200;0.748;0.748
1558381165.396;200;0.782;0.784
1558381166.221;200;0.823;0.824
1558381166.948;200;0.724;0.728
1558381167.649;200;0.700;0.700
1558381168.425;200;0.773;0.776
1558381169.259;200;0.830;0.828
1558381169.982;200;0.720;0.720
1558381170.734;200;0.750;0.752
1558381171.496;200;0.759;0.760
1558381172.322;200;0.823;0.824
1558381173.061;200;0.735;0.732
1558381173.811;200;0.748;0.748
1558381174.605;200;0.792;0.792
1558381175.463;200;0.846;0.844
1558381176.211;200;0.746;0.744
1558381176.936;200;0.723;0.724
1558381177.701;200;0.763;0.764
1558381178.546;200;0.840;0.840
1558381179.275;200;0.727;0.728
1558381180.002;200;0.725;0.724
1558381180.757;200;0.752;0.756
1558381181.605;200;0.845;0.848
1558381182.353;200;0.746;0.748
1558381183.092;200;0.736;0.740
1558381183.850;200;0.755;0.756
1558381184.740;200;0.887;0.892
1558381185.482;200;0.738;0.740
1558381186.210;200;0.725;0.728
1558381186.972;200;0.760;0.764
1558381187.781;200;0.807;0.808
1558381188.514;200;0.726;0.728
1558381189.239;200;0.723;0.724
1558381190.004;200;0.762;0.764
1558381190.838;200;0.831;0.832
1558381191.592;200;0.750;0.748
1558381192.333;200;0.737;0.740
1558381193.100;200;0.762;0.764
1558381193.937;200;0.834;0.836
1558381194.687;200;0.747;0.748
1558381195.397;200;0.705;0.708
1558381196.153;200;0.753;0.756
1558381196.980;200;0.824;0.828
1558381197.722;200;0.741;0.740
1558381198.474;200;0.749;0.752
1558381199.218;200;0.741;0.744
1558381200.088;200;0.867;0.872
1558381200.815;200;0.725;0.724
1558381201.531;200;0.713;0.712
1558381202.274;200;0.740;0.740
1558381203.101;200;0.824;0.828
1558381203.825;200;0.721;0.724
1558381204.579;200;0.752;0.752
1558381205.305;200;0.723;0.720
1558381206.150;200;0.843;0.844
1558381206.890;200;0.738;0.740
1558381207.631;200;0.738;0.740
1558381208.404;200;0.771;0.768
1558381209.216;200;0.809;0.808
1558381209.943;200;0.725;0.724
1558381210.658;200;0.713;0.716
1558381211.444;200;0.784;0.784
1558381212.273;200;0.827;0.824
1558381213.050;200;0.774;0.776
1558381213.759;200;0.705;0.704
1558381214.508;200;0.746;0.744
1558381215.356;200;0.846;0.848
1558381216.110;200;0.752;0.752
1558381216.826;200;0.712;0.712
1558381217.540;200;0.712;0.716
1558381218.340;200;0.797;0.796
1558381219.074;200;0.732;0.732
1558381219.804;200;0.727;0.724
1558381220.562;200;0.756;0.756
1558381221.377;200;0.813;0.816
1558381222.102;200;0.722;0.724
1558381222.844;200;0.739;0.744
1558381223.593;200;0.748;0.744
1558381224.416;200;0.821;0.824
1558381225.142;200;0.722;0.724
1558381225.891;200;0.745;0.744
1558381226.732;200;0.838;0.836
1558381227.585;200;0.850;0.848
1558381228.325;200;0.738;0.736
1558381229.073;200;0.744;0.744
1558381229.833;200;0.758;0.760
1558381230.694;200;0.857;0.860
1558381231.457;200;0.761;0.764
1558381232.196;200;0.735;0.740
1558381233.016;200;0.816;0.816
1558381233.886;200;0.868;0.868
1558381234.641;200;0.753;0.752
1558381235.376;200;0.731;0.736
1558381236.185;200;0.807;0.808
1558381237.006;200;0.817;0.820
1558381237.765;200;0.757;0.760
1558381238.492;200;0.724;0.724
1558381239.261;200;0.766;0.768
1558381240.066;200;0.803;0.804
1558381240.837;200;0.769;0.772
1558381241.614;200;0.774;0.776
1558381242.374;200;0.757;0.760
1558381243.183;200;0.806;0.808
1558381243.937;200;0.752;0.752
1558381244.664;200;0.723;0.728
1558381245.422;200;0.754;0.756
1558381246.263;200;0.838;0.836
1558381246.999;200;0.733;0.732
1558381247.750;200;0.748;0.748
1558381248.516;200;0.763;0.764
1558381249.338;200;0.820;0.820
1558381250.080;200;0.739;0.744
1558381250.807;200;0.724;0.724
1558381251.522;200;0.712;0.712
1558381252.369;200;0.844;0.848
1558381253.136;200;0.764;0.764
1558381253.861;200;0.724;0.720
1558381254.621;200;0.757;0.760
1558381255.478;200;0.854;0.856
1558381256.235;200;0.753;0.752
1558381256.951;200;0.713;0.712
1558381257.714;200;0.760;0.760
1558381258.523;200;0.805;0.804
1558381259.241;200;0.715;0.712
1558381259.969;200;0.725;0.728
1558381260.740;200;0.768;0.772
1558381261.588;200;0.844;0.848
1558381262.348;200;0.758;0.756
1558381263.085;200;0.734;0.736
1558381263.890;200;0.801;0.804
1558381264.705;200;0.812;0.816
1558381265.459;200;0.751;0.752
1558381266.213;200;0.751;0.752
1558381266.961;200;0.746;0.744
1558381267.797;200;0.834;0.836
1558381268.586;200;0.785;0.788
1558381269.317;200;0.728;0.732
1558381270.099;200;0.778;0.780
1558381270.961;200;0.859;0.860
1558381271.710;200;0.745;0.748
1558381272.436;200;0.721;0.720
1558381273.197;200;0.759;0.760
1558381274.026;200;0.824;0.824
1558381274.787;200;0.757;0.756
1558381275.537;200;0.745;0.748
1558381276.292;200;0.752;0.752
1558381277.157;200;0.847;0.848
1558381277.889;200;0.728;0.732
1558381278.620;200;0.726;0.728
1558381279.435;200;0.811;0.812
1558381280.252;200;0.814;0.816
1558381280.992;200;0.738;0.736
1558381281.726;200;0.731;0.732
1558381282.493;200;0.763;0.764
1558381283.328;200;0.831;0.832
1558381284.078;200;0.748;0.748
1558381284.815;200;0.734;0.736
1558381285.585;200;0.767;0.768
1558381286.392;200;0.805;0.808
1558381287.139;200;0.745;0.744
1558381287.876;200;0.735;0.732
1558381288.602;200;0.724;0.724
1558381289.409;200;0.804;0.808
1558381290.158;200;0.747;0.748
1558381290.880;200;0.720;0.720
1558381291.659;200;0.777;0.776
1558381292.461;200;0.801;0.804
1558381293.234;200;0.770;0.772
1558381293.980;200;0.742;0.740
1558381294.735;200;0.753;0.752
1558381295.590;200;0.852;0.852
1558381296.361;200;0.770;0.772
1558381297.110;200;0.746;0.748
1558381297.873;200;0.761;0.760
1558381298.728;200;0.853;0.856
1558381299.470;200;0.740;0.740
1558381300.242;200;0.770;0.772
1558381301.039;200;0.794;0.796
1558381301.845;200;0.804;0.804
1558381302.585;200;0.735;0.736
1558381303.309;200;0.721;0.720
1558381304.056;200;0.745;0.744
1558381304.940;200;0.881;0.884
1558381305.626;200;0.682;0.684
1558381306.342;200;0.713;0.716
1558381307.120;200;0.775;0.780
1558381307.933;200;0.811;0.812
1558381308.663;200;0.727;0.728
1558381309.381;200;0.717;0.720
1558381310.142;200;0.759;0.760
1558381310.972;200;0.827;0.832
1558381311.717;200;0.743;0.744
1558381312.473;200;0.751;0.748
1558381313.173;200;0.697;0.700
1558381314.005;200;0.831;0.832
1558381314.764;200;0.756;0.756
1558381315.484;200;0.717;0.720
1558381316.264;200;0.776;0.780
1558381317.088;200;0.822;0.820
1558381317.828;200;0.738;0.736
1558381318.553;200;0.724;0.724
1558381319.306;200;0.749;0.752
1558381320.118;200;0.809;0.812
1558381320.868;200;0.747;0.744
1558381321.584;200;0.714;0.712
1558381322.374;200;0.787;0.788
1558381323.206;200;0.829;0.832
1558381323.932;200;0.723;0.728
1558381324.674;200;0.740;0.740
1558381325.409;200;0.731;0.732
1558381326.228;200;0.816;0.816
1558381326.998;200;0.768;0.768
1558381327.726;200;0.726;0.728
1558381328.538;200;0.809;0.812
1558381329.358;200;0.818;0.820
1558381330.104;200;0.744;0.744
1558381330.857;200;0.751;0.748
1558381331.643;200;0.785;0.784
1558381332.472;200;0.827;0.828
1558381333.219;200;0.745;0.744
1558381333.964;200;0.743;0.744
1558381334.753;200;0.787;0.788
1558381335.625;200;0.867;0.868
1558381336.365;200;0.738;0.740
1558381337.086;200;0.720;0.720
1558381337.842;200;0.752;0.752
1558381338.668;200;0.822;0.820
1558381339.425;200;0.755;0.756
1558381340.155;200;0.729;0.728
1558381340.926;200;0.769;0.768
1558381341.749;200;0.820;0.820
1558381342.485;200;0.733;0.736
1558381343.221;200;0.733;0.736
1558381343.974;200;0.751;0.752
1558381344.808;200;0.832;0.832
1558381345.557;200;0.746;0.748
1558381346.264;200;0.704;0.708
1558381347.041;200;0.775;0.776
1558381347.874;200;0.830;0.832
1558381348.614;200;0.738;0.740
1558381349.324;200;0.707;0.708
1558381350.032;200;0.706;0.704
1558381350.927;200;0.893;0.892
1558381351.668;200;0.739;0.740
1558381352.364;200;0.694;0.692
1558381353.126;200;0.760;0.760
1558381353.945;200;0.817;0.820
1558381354.678;200;0.730;0.732
1558381355.397;200;0.716;0.716
1558381356.162;200;0.762;0.764
1558381356.982;200;0.817;0.820
1558381357.734;200;0.750;0.752
1558381358.502;200;0.764;0.764
1558381359.249;200;0.744;0.740
1558381360.096;200;0.842;0.840
1558381360.839;200;0.741;0.740
1558381361.570;200;0.728;0.728
1558381362.372;200;0.799;0.800
1558381363.212;200;0.837;0.836
1558381363.956;200;0.742;0.740
1558381364.676;200;0.718;0.716
1558381365.358;200;0.678;0.680
1558381366.209;200;0.849;0.852
1558381366.949;200;0.738;0.740
1558381367.713;200;0.761;0.764
1558381368.460;200;0.743;0.744
1558381369.284;200;0.821;0.820
1558381370.031;200;0.744;0.744
1558381370.761;200;0.727;0.728
1558381371.525;200;0.762;0.764
1558381372.335;200;0.807;0.808
1558381373.103;200;0.766;0.768
1558381373.845;200;0.739;0.740
1558381374.596;200;0.748;0.748
1558381375.427;200;0.827;0.828
1558381376.165;200;0.736;0.740
1558381376.893;200;0.724;0.724
1558381377.693;200;0.797;0.800
1558381378.510;200;0.815;0.816
1558381379.234;200;0.721;0.720
1558381379.969;200;0.732;0.732
1558381380.745;200;0.773;0.776
1558381381.569;200;0.822;0.824
1558381382.296;200;0.725;0.724
1558381383.017;200;0.718;0.720
1558381383.778;200;0.757;0.756
1558381384.607;200;0.826;0.828
1558381385.349;200;0.739;0.740
1558381386.081;200;0.729;0.732
1558381386.861;200;0.777;0.780
1558381387.670;200;0.808;0.808
1558381388.421;200;0.749;0.752
1558381389.156;200;0.732;0.736
1558381389.910;200;0.752;0.752
1558381390.752;200;0.839;0.844
1558381391.497;200;0.743;0.744
1558381392.225;200;0.724;0.724
1558381392.996;200;0.768;0.772
1558381393.809;200;0.810;0.812
1558381394.605;200;0.793;0.792
1558381395.324;200;0.716;0.716
1558381396.086;200;0.759;0.760
1558381396.922;200;0.832;0.832
1558381397.657;200;0.732;0.732
1558381398.395;200;0.735;0.736
1558381399.194;200;0.797;0.800
1558381400.050;200;0.853;0.856
1558381400.809;200;0.757;0.760
1558381401.534;200;0.721;0.724
1558381402.249;200;0.710;0.708
1558381403.077;200;0.825;0.828
1558381403.809;200;0.730;0.732
1558381404.545;200;0.733;0.736
1558381405.312;200;0.763;0.764
1558381406.147;200;0.832;0.832
1558381406.880;200;0.731;0.733
1558381407.606;200;0.724;0.724
1558381408.348;200;0.739;0.736
1558381409.177;200;0.827;0.828
1558381409.942;200;0.762;0.764
1558381410.698;200;0.753;0.756
1558381411.448;200;0.748;0.748
1558381412.268;200;0.818;0.816
1558381413.015;200;0.746;0.748
1558381413.771;200;0.753;0.752
1558381414.511;200;0.738;0.736
1558381415.326;200;0.812;0.812
1558381416.073;200;0.744;0.744
1558381416.757;200;0.681;0.680
1558381417.539;200;0.779;0.780
1558381418.382;200;0.841;0.844
1558381419.128;200;0.744;0.744
1558381419.877;200;0.747;0.748
1558381420.660;200;0.780;0.780
1558381421.498;200;0.835;0.836
1558381422.240;200;0.740;0.740
1558381422.966;200;0.724;0.724
1558381423.736;200;0.767;0.764
1558381424.561;200;0.823;0.824
1558381425.301;200;0.734;0.736
1558381426.023;200;0.720;0.720
1558381426.813;200;0.787;0.788
1558381427.666;200;0.849;0.852
1558381428.391;200;0.722;0.724
1558381429.106;200;0.711;0.712
1558381429.880;200;0.771;0.768
1558381430.798;200;0.915;0.916
1558381431.552;200;0.752;0.752
1558381432.301;200;0.748;0.748
1558381433.046;200;0.743;0.744
1558381433.915;200;0.865;0.864
1558381434.668;200;0.752;0.752
1558381435.414;200;0.742;0.744
1558381436.138;200;0.721;0.724
1558381436.967;200;0.827;0.828
1558381437.708;200;0.738;0.736
1558381438.401;200;0.692;0.692
1558381439.159;200;0.756;0.756
1558381439.997;200;0.836;0.840
1558381440.748;200;0.749;0.748
1558381441.460;200;0.711;0.708
1558381442.219;200;0.756;0.756
1558381443.066;200;0.844;0.844
1558381443.816;200;0.747;0.748
1558381444.564;200;0.746;0.744
1558381445.320;200;0.752;0.752
1558381446.137;200;0.814;0.816
1558381446.893;200;0.753;0.756
1558381447.609;200;0.713;0.712
1558381448.366;200;0.755;0.756
1558381449.225;200;0.856;0.860
1558381450.054;200;0.825;0.828
1558381450.772;200;0.715;0.712
1558381451.613;200;0.838;0.836
1558381452.428;200;0.811;0.812
1558381453.192;200;0.760;0.760
1558381453.905;200;0.711;0.712
1558381454.673;200;0.765;0.768
1558381455.542;200;0.866;0.868
1558381456.306;200;0.760;0.760
1558381457.042;200;0.734;0.736
1558381457.810;200;0.765;0.768
1558381458.651;200;0.838;0.840
1558381459.417;200;0.764;0.768
1558381460.162;200;0.743;0.744
1558381460.923;200;0.758;0.760
1558381461.746;200;0.821;0.824
1558381462.462;200;0.714;0.716
1558381463.243;200;0.779;0.780
1558381464.009;200;0.765;0.764
1558381464.835;200;0.817;0.816
1558381465.579;200;0.741;0.740
1558381466.322;200;0.741;0.744
1558381467.148;200;0.823;0.820
1558381467.971;200;0.821;0.820
1558381468.718;200;0.745;0.744
1558381469.423;200;0.703;0.704
1558381470.261;200;0.836;0.840
1558381471.121;200;0.858;0.860
1558381471.858;200;0.730;0.732
1558381472.560;200;0.699;0.696
1558381473.333;200;0.771;0.772
1558381474.172;200;0.835;0.836
1558381474.900;200;0.722;0.720
1558381475.619;200;0.717;0.716
1558381476.416;200;0.794;0.792
1558381477.253;200;0.833;0.836
1558381477.982;200;0.725;0.728
1558381478.687;200;0.701;0.700
1558381479.434;200;0.744;0.744
1558381480.272;200;0.835;0.836
1558381481.043;200;0.768;0.768
1558381481.812;200;0.767;0.764
1558381482.567;200;0.754;0.752
1558381483.394;200;0.825;0.828
1558381484.156;200;0.760;0.760
1558381484.926;200;0.768;0.768
1558381485.695;200;0.766;0.768
1558381486.552;200;0.855;0.852
1558381487.290;200;0.736;0.736
1558381488.015;200;0.723;0.724
1558381488.681;200;0.664;0.664
1558381489.510;200;0.828;0.828
1558381490.238;200;0.726;0.728
1558381490.955;200;0.714;0.712
1558381491.720;200;0.763;0.760
1558381492.593;200;0.872;0.872
1558381493.319;200;0.725;0.724
1558381494.026;200;0.705;0.708
1558381494.796;200;0.767;0.768
1558381495.633;200;0.835;0.836
1558381496.374;200;0.739;0.740
1558381497.084;200;0.703;0.704
1558381497.857;200;0.771;0.772
1558381498.682;200;0.819;0.820
1558381499.446;200;0.762;0.764
1558381500.190;200;0.742;0.744
1558381500.969;200;0.777;0.780
1558381501.807;200;0.836;0.836
1558381502.565;200;0.756;0.760
1558381503.269;200;0.701;0.704
1558381504.068;200;0.795;0.796
1558381504.929;200;0.859;0.860
1558381505.681;200;0.749;0.748
1558381506.416;200;0.732;0.732
1558381507.156;200;0.738;0.736
1558381507.963;200;0.805;0.804
1558381508.724;200;0.759;0.760
1558381509.443;200;0.717;0.716
1558381510.136;200;0.692;0.692
1558381510.973;200;0.835;0.836
1558381511.718;200;0.742;0.744
1558381512.454;200;0.731;0.732
1558381513.200;200;0.743;0.744
1558381514.047;200;0.844;0.844
1558381514.783;200;0.734;0.736
1558381515.509;200;0.722;0.724
1558381516.261;200;0.748;0.748
1558381517.112;200;0.849;0.848
1558381517.831;200;0.718;0.716
1558381518.541;200;0.708;0.712
1558381519.290;200;0.747;0.748
1558381520.129;200;0.835;0.836
1558381520.905;200;0.775;0.776
1558381521.636;200;0.730;0.728
1558381522.397;200;0.760;0.756
1558381523.223;200;0.822;0.824
1558381523.973;200;0.748;0.752
1558381524.687;200;0.711;0.712
1558381525.436;200;0.744;0.744
1558381526.257;200;0.819;0.820
1558381527.015;200;0.756;0.756
1558381527.749;200;0.732;0.736
1558381528.510;200;0.759;0.760
1558381529.337;200;0.824;0.824
1558381530.090;200;0.752;0.752
1558381530.817;200;0.723;0.720
1558381531.561;200;0.741;0.744
1558381532.408;200;0.845;0.844
1558381533.151;200;0.739;0.740
1558381533.885;200;0.732;0.732
1558381534.664;200;0.776;0.776
1558381535.485;200;0.818;0.820
1558381536.255;200;0.768;0.768
1558381536.996;200;0.739;0.740
1558381537.816;200;0.818;0.816
1558381538.631;200;0.810;0.812
1558381539.388;200;0.755;0.756
1558381540.129;200;0.739;0.740
1558381540.874;200;0.741;0.744
1558381541.698;200;0.820;0.820
1558381542.428;200;0.727;0.728
1558381543.186;200;0.756;0.756
1558381543.994;200;0.805;0.808
1558381544.831;200;0.834;0.836
1558381545.560;200;0.726;0.724
1558381546.281;200;0.719;0.716
1558381547.033;200;0.750;0.752
1558381547.850;200;0.814;0.816
1558381548.607;200;0.754;0.756
1558381549.336;200;0.727;0.728
1558381550.113;200;0.775;0.776
1558381550.920;200;0.806;0.804
1558381551.692;200;0.770;0.768
1558381552.394;200;0.701;0.700
1558381553.193;200;0.797;0.800
1558381554.051;200;0.856;0.856
1558381554.812;200;0.759;0.760
1558381555.530;200;0.716;0.716
1558381556.296;200;0.764;0.764
1558381557.118;200;0.818;0.820
1558381557.836;200;0.715;0.716
1558381558.578;200;0.741;0.740
1558381559.347;200;0.766;0.764
1558381560.173;200;0.824;0.824
1558381560.910;200;0.733;0.736
1558381561.685;200;0.773;0.776
1558381562.477;200;0.788;0.792
1558381563.320;200;0.840;0.840
1558381564.062;200;0.740;0.740
1558381564.805;200;0.739;0.740
1558381565.561;200;0.753;0.756
1558381566.380;200;0.816;0.816
1558381567.071;200;0.689;0.688
1558381567.798;200;0.725;0.728
1558381568.508;200;0.708;0.708
1558381569.335;200;0.825;0.824
1558381570.088;200;0.752;0.752
1558381570.800;200;0.710;0.708
1558381571.609;200;0.807;0.804
1558381572.443;200;0.831;0.832
1558381573.196;200;0.751;0.752
1558381573.935;200;0.736;0.736
1558381574.683;200;0.746;0.748
1558381575.585;200;0.897;0.900
1558381576.331;200;0.744;0.744
1558381577.061;200;0.728;0.732
1558381577.852;200;0.788;0.788
1558381578.693;200;0.837;0.840
1558381579.426;200;0.731;0.732
1558381580.138;200;0.710;0.712
1558381580.924;200;0.784;0.784
1558381581.773;200;0.846;0.844
1558381582.548;200;0.773;0.772
1558381583.289;200;0.740;0.736
1558381584.010;200;0.718;0.720
1558381584.836;200;0.824;0.824
1558381585.593;200;0.753;0.756
1558381586.300;200;0.705;0.704
1558381587.116;200;0.814;0.812
1558381587.936;200;0.818;0.816
1558381588.673;200;0.735;0.732
1558381589.411;200;0.737;0.736
1558381590.197;200;0.784;0.788
1558381591.041;200;0.840;0.836
1558381591.780;200;0.737;0.736
1558381592.509;200;0.728;0.728
1558381593.284;200;0.772;0.772
1558381594.113;200;0.827;0.824
1558381594.841;200;0.727;0.728
1558381595.540;200;0.696;0.696
1558381596.306;200;0.765;0.764
1558381597.139;200;0.830;0.832
1558381597.873;200;0.733;0.736
1558381598.607;200;0.731;0.732
1558381599.383;200;0.774;0.776
1558381600.210;200;0.826;0.828
1558381600.941;200;0.729;0.732
1558381601.690;200;0.746;0.748
1558381602.505;200;0.814;0.816
1558381603.325;200;0.817;0.816
1558381604.070;200;0.742;0.744
1558381604.794;200;0.721;0.724
1558381605.509;200;0.712;0.716
1558381606.341;200;0.829;0.828
1558381607.061;200;0.718;0.716
1558381607.770;200;0.708;0.708
1558381608.532;200;0.760;0.760
1558381609.332;200;0.799;0.796
1558381610.045;200;0.709;0.712
1558381610.778;200;0.729;0.732
1558381611.548;200;0.768;0.768
1558381612.379;200;0.829;0.828
1558381613.113;200;0.732;0.736
1558381613.856;200;0.741;0.740
1558381614.644;200;0.787;0.784
1558381615.534;200;0.888;0.888
1558381616.295;200;0.759;0.760
1558381617.046;200;0.749;0.752
1558381617.816;200;0.768;0.768
1558381618.658;200;0.840;0.840
1558381619.414;200;0.754;0.756
1558381620.147;200;0.731;0.732
1558381620.939;200;0.790;0.792
1558381621.780;200;0.839;0.840
1558381622.542;200;0.760;0.760
1558381623.241;200;0.697;0.700
1558381624.012;200;0.769;0.768
1558381624.799;200;0.786;0.788
1558381625.535;200;0.733;0.732
1558381626.268;200;0.731;0.732
1558381627.030;200;0.760;0.760
1558381627.835;200;0.803;0.804
1558381628.586;200;0.750;0.752
1558381629.331;200;0.743;0.744
1558381630.089;200;0.756;0.760
1558381630.884;200;0.793;0.792
1558381631.622;200;0.736;0.736
1558381632.368;200;0.744;0.744
1558381633.140;200;0.770;0.768
1558381633.952;200;0.810;0.808
1558381634.710;200;0.756;0.756
1558381635.410;200;0.697;0.700
1558381636.157;200;0.745;0.744
1558381636.957;200;0.798;0.800
1558381637.705;200;0.746;0.744
1558381638.442;200;0.735;0.736
1558381639.161;200;0.717;0.716
1558381639.937;200;0.773;0.776
1558381640.668;200;0.729;0.728
1558381641.392;200;0.723;0.720
1558381642.178;200;0.784;0.784
1558381642.991;200;0.811;0.812
1558381643.736;200;0.743;0.744
1558381644.459;200;0.721;0.720
1558381645.225;200;0.764;0.764
1558381646.020;200;0.792;0.792
1558381646.751;200;0.729;0.728
1558381647.491;200;0.739;0.740
1558381648.258;200;0.766;0.768
1558381649.068;200;0.808;0.808
1558381649.814;200;0.745;0.748
1558381650.540;200;0.723;0.724
1558381651.281;200;0.740;0.740
1558381652.086;200;0.803;0.804
1558381652.846;200;0.758;0.760
1558381653.589;200;0.740;0.740
1558381654.347;200;0.757;0.756
1558381655.168;200;0.819;0.820
1558381655.911;200;0.741;0.740
1558381656.642;200;0.728;0.728
1558381657.437;200;0.793;0.792
1558381658.270;200;0.831;0.832
1558381659.012;200;0.740;0.740
1558381659.728;200;0.715;0.712
1558381660.508;200;0.778;0.776
1558381661.325;200;0.815;0.812
1558381662.059;200;0.733;0.732
1558381662.801;200;0.740;0.740
1558381663.571;200;0.767;0.768
1558381664.404;200;0.831;0.828
1558381665.123;200;0.716;0.716
1558381665.863;200;0.738;0.740
1558381666.658;200;0.793;0.796
1558381667.477;200;0.817;0.820
1558381668.240;200;0.760;0.760
1558381668.935;200;0.694;0.692
1558381669.724;200;0.787;0.788
1558381670.541;200;0.814;0.812
1558381671.296;200;0.752;0.752
1558381672.045;200;0.747;0.748
1558381672.788;200;0.740;0.740
1558381673.610;200;0.820;0.820
1558381674.344;200;0.731;0.728
1558381675.070;200;0.724;0.724
1558381675.804;200;0.732;0.732
1558381676.621;200;0.815;0.816
1558381677.373;200;0.748;0.748
1558381678.088;200;0.713;0.712
1558381678.872;200;0.780;0.780
1558381679.753;200;0.879;0.876
1558381680.490;200;0.736;0.736
1558381681.233;200;0.739;0.740
1558381682.023;200;0.787;0.788
1558381682.834;200;0.808;0.808
1558381683.592;200;0.756;0.756
1558381684.324;200;0.730;0.728
1558381685.080;200;0.753;0.752
1558381685.896;200;0.813;0.812
1558381686.669;200;0.768;0.768
1558381687.401;200;0.731;0.732
1558381688.162;200;0.758;0.760
1558381688.980;200;0.816;0.816
1558381689.727;200;0.746;0.744
1558381690.429;200;0.698;0.696
1558381691.184;200;0.752;0.752
1558381692.005;200;0.818;0.820
1558381692.770;200;0.762;0.764
1558381693.507;200;0.735;0.736
1558381694.242;200;0.733;0.732
1558381695.085;200;0.840;0.836
1558381695.836;200;0.750;0.748
1558381696.534;200;0.697;0.696
1558381697.284;200;0.749;0.748
1558381698.092;200;0.807;0.804
1558381698.831;200;0.738;0.740
1558381699.544;200;0.711;0.712
1558381700.325;200;0.780;0.776
1558381701.122;200;0.796;0.796
1558381701.877;200;0.754;0.756
1558381702.594;200;0.714;0.716
1558381703.339;200;0.743;0.744
1558381704.140;200;0.799;0.800
1558381704.890;200;0.744;0.744
1558381705.595;200;0.702;0.704
1558381706.419;200;0.822;0.824
1558381707.250;200;0.829;0.832
1558381707.986;200;0.734;0.736
1558381708.732;200;0.734;0.732
1558381709.507;200;0.773;0.772
1558381710.337;200;0.828;0.824
1558381711.082;200;0.744;0.744
1558381711.812;200;0.728;0.728
1558381712.638;200;0.823;0.824
1558381713.444;200;0.804;0.804
1558381714.212;200;0.766;0.764
1558381714.936;200;0.720;0.720
1558381715.749;200;0.811;0.812
1558381716.566;200;0.815;0.816
1558381717.335;200;0.767;0.768
1558381718.091;200;0.754;0.753
1558381718.857;200;0.764;0.764
1558381719.691;200;0.832;0.832
1558381720.420;200;0.722;0.720
1558381721.131;200;0.709;0.708
1558381721.920;200;0.787;0.788
1558381722.753;200;0.831;0.828
1558381723.496;200;0.740;0.744
1558381724.245;200;0.747;0.748
1558381725.004;200;0.756;0.760
1558381725.867;200;0.861;0.864
1558381726.617;200;0.748;0.748
1558381727.302;200;0.682;0.680
1558381728.084;200;0.780;0.784
1558381728.921;200;0.833;0.836
1558381729.649;200;0.726;0.728
1558381730.358;200;0.707;0.708
1558381731.161;200;0.801;0.804
1558381731.988;200;0.821;0.820
1558381732.732;200;0.743;0.744
1558381733.446;200;0.712;0.712
1558381734.242;200;0.793;0.800
1558381735.057;200;0.812;0.812
1558381735.796;200;0.738;0.740
1558381736.519;200;0.721;0.724
1558381737.280;200;0.760;0.760
1558381738.108;200;0.827;0.828
1558381738.876;200;0.767;0.768
1558381739.594;200;0.715;0.720
1558381740.378;200;0.782;0.780
1558381741.236;200;0.855;0.860
1558381741.979;200;0.741;0.744
1558381742.699;200;0.718;0.720
1558381743.448;200;0.747;0.748
1558381744.261;200;0.811;0.812
1558381745.013;200;0.749;0.752
1558381745.728;200;0.713;0.716
1558381746.509;200;0.779;0.780
1558381747.332;200;0.819;0.820
1558381748.090;200;0.756;0.760
1558381748.840;200;0.748;0.744
1558381749.579;200;0.737;0.740
1558381750.442;200;0.862;0.860
1558381751.157;200;0.713;0.716
1558381751.888;200;0.728;0.732
1558381752.689;200;0.798;0.804
1558381753.530;200;0.836;0.836
1558381754.296;200;0.764;0.768
1558381755.053;200;0.752;0.756
1558381755.818;200;0.763;0.768
1558381756.668;200;0.848;0.848
1558381757.411;200;0.740;0.744
1558381758.132;200;0.719;0.716
1558381758.884;200;0.750;0.752
1558381759.763;200;0.877;0.880
1558381760.512;200;0.747;0.748
1558381761.241;200;0.728;0.728
1558381762.024;200;0.781;0.784
1558381762.860;200;0.834;0.832
1558381763.610;200;0.745;0.752
1558381764.339;200;0.726;0.724
1558381765.080;200;0.738;0.740
1558381765.897;200;0.815;0.816
1558381766.625;200;0.725;0.728
1558381767.352;200;0.726;0.728
1558381768.123;200;0.770;0.772
1558381768.994;200;0.870;0.872
1558381769.755;200;0.759;0.760
1558381770.508;200;0.751;0.752
1558381771.265;200;0.756;0.756
1558381772.089;200;0.821;0.824
1558381772.847;200;0.748;0.752
1558381773.581;200;0.732;0.732
1558381774.362;200;0.779;0.780
1558381775.201;200;0.834;0.836
1558381775.937;200;0.735;0.736
1558381776.666;200;0.728;0.732
1558381777.438;200;0.768;0.772
1558381778.248;200;0.808;0.808
1558381779.014;200;0.765;0.768
1558381779.742;200;0.727;0.728
1558381780.494;200;0.750;0.752
1558381781.298;200;0.801;0.804
1558381782.043;200;0.743;0.744
1558381782.758;200;0.713;0.716
1558381783.516;200;0.755;0.756
1558381784.333;200;0.815;0.816
1558381785.061;200;0.725;0.728
1558381785.775;200;0.712;0.712
1558381786.524;200;0.747;0.748
1558381787.368;200;0.843;0.844
1558381788.108;200;0.735;0.740
1558381788.861;200;0.752;0.752
1558381789.618;200;0.754;0.760
1558381790.426;200;0.805;0.804
1558381791.163;200;0.735;0.740
1558381791.855;200;0.691;0.692
1558381792.632;200;0.774;0.772
1558381793.473;200;0.840;0.840
1558381794.220;200;0.744;0.744
1558381794.925;200;0.702;0.704
1558381795.648;200;0.721;0.724
1558381796.472;200;0.822;0.824
1558381797.196;200;0.723;0.724
1558381797.901;200;0.704;0.704
1558381798.631;200;0.729;0.732
1558381799.554;200;0.921;0.924
1558381800.274;200;0.717;0.720
1558381800.981;200;0.706;0.704
1558381801.738;200;0.756;0.756
1558381802.541;200;0.801;0.804
1558381803.290;200;0.747;0.748
1558381804.032;200;0.740;0.744
1558381804.778;200;0.744;0.748
1558381805.619;200;0.837;0.840
1558381806.346;200;0.725;0.724
1558381807.085;200;0.736;0.736
1558381807.777;200;0.689;0.692
1558381808.609;200;0.830;0.832
1558381809.396;200;0.786;0.788
1558381810.114;200;0.717;0.720
1558381810.852;200;0.736;0.736
1558381811.665;200;0.812;0.812
1558381812.420;200;0.753;0.756
1558381813.153;200;0.731;0.732
1558381813.896;200;0.741;0.740
1558381814.725;200;0.827;0.828
1558381815.488;200;0.757;0.760
1558381816.104;200;0.614;0.616
1558381816.909;200;0.804;0.804
1558381817.728;200;0.818;0.820
1558381818.478;200;0.748;0.748
1558381819.187;200;0.707;0.712
1558381819.998;200;0.809;0.808
1558381820.804;200;0.804;0.808
1558381821.545;200;0.740;0.740
1558381822.281;200;0.733;0.732
1558381823.066;200;0.784;0.788
1558381823.892;200;0.823;0.824
1558381824.634;200;0.741;0.740
1558381825.359;200;0.721;0.724
1558381826.113;200;0.752;0.748
1558381826.945;200;0.830;0.828
1558381827.699;200;0.751;0.756
1558381828.400;200;0.699;0.700
1558381829.168;200;0.765;0.768
1558381829.986;200;0.813;0.820
1558381830.716;200;0.727;0.728
1558381831.454;200;0.734;0.740
1558381832.225;200;0.768;0.764
1558381833.045;200;0.817;0.820
1558381833.807;200;0.760;0.764
1558381834.554;200;0.745;0.744
1558381835.294;200;0.736;0.740
1558381836.107;200;0.811;0.812
1558381836.874;200;0.765;0.768
1558381837.597;200;0.721;0.720
1558381838.311;200;0.712;0.716
1558381839.117;200;0.804;0.804
1558381839.872;200;0.751;0.756
1558381840.597;200;0.723;0.724
1558381841.375;200;0.776;0.780
1558381842.202;200;0.825;0.828
1558381842.956;200;0.752;0.748
1558381843.678;200;0.720;0.724
1558381844.382;200;0.702;0.704
1558381845.212;200;0.827;0.828
1558381845.980;200;0.767;0.768
1558381846.716;200;0.734;0.736
1558381847.475;200;0.757;0.760
1558381848.302;200;0.825;0.824
1558381849.067;200;0.763;0.768
1558381849.776;200;0.707;0.708
1558381850.524;200;0.746;0.748
1558381851.368;200;0.843;0.844
1558381852.117;200;0.747;0.748
1558381852.836;200;0.718;0.720
1558381853.602;200;0.764;0.768
1558381854.452;200;0.848;0.848
1558381855.219;200;0.765;0.764
1558381855.945;200;0.724;0.728
1558381856.692;200;0.745;0.748
1558381857.501;200;0.807;0.808
1558381858.269;200;0.764;0.768
1558381858.981;200;0.711;0.712
1558381859.715;200;0.732;0.736
1558381860.680;200;0.963;0.964
1558381861.433;200;0.751;0.752
1558381862.154;200;0.718;0.720
1558381862.930;200;0.774;0.776
1558381863.774;200;0.841;0.844
1558381864.515;200;0.738;0.736
1558381865.263;200;0.743;0.748
1558381866.028;200;0.763;0.764
1558381866.852;200;0.819;0.824
1558381867.602;200;0.747;0.748
1558381868.312;200;0.707;0.712
1558381869.074;200;0.759;0.764
1558381869.885;200;0.809;0.808
1558381870.628;200;0.739;0.744
1558381871.367;200;0.737;0.740
1558381872.169;200;0.800;0.800
1558381872.974;200;0.803;0.808
1558381873.700;200;0.724;0.724
1558381874.418;200;0.716;0.716
1558381875.164;200;0.743;0.748
1558381876.008;200;0.842;0.844
1558381876.790;200;0.781;0.780
1558381877.486;200;0.694;0.700
1558381878.257;200;0.769;0.768
1558381879.114;200;0.855;0.860
1558381879.869;200;0.753;0.752
1558381880.620;200;0.749;0.752
1558381881.331;200;0.710;0.708
1558381882.113;200;0.780;0.784
1558381882.860;200;0.746;0.748
1558381883.567;200;0.706;0.708
1558381884.347;200;0.778;0.776
1558381885.149;200;0.797;0.792
1558381885.906;200;0.756;0.756
1558381886.616;200;0.708;0.712
1558381887.352;200;0.735;0.732
1558381888.133;200;0.780;0.780
1558381888.879;200;0.744;0.748
1558381889.595;200;0.714;0.716
1558381890.349;200;0.753;0.752
1558381891.213;200;0.861;0.864
1558381891.996;200;0.780;0.784
1558381892.704;200;0.707;0.708
1558381893.378;200;0.673;0.672
1558381894.197;200;0.817;0.820
1558381894.951;200;0.752;0.752
1558381895.662;200;0.709;0.716
1558381896.400;200;0.736;0.736
1558381897.207;200;0.806;0.808
1558381897.970;200;0.762;0.764
1558381898.706;200;0.734;0.732
1558381899.470;200;0.762;0.764
1558381900.268;200;0.797;0.800
1558381901.019;200;0.750;0.752
1558381901.735;200;0.715;0.716
1558381902.524;200;0.788;0.788
1558381903.360;200;0.834;0.836
1558381904.104;200;0.742;0.744
1558381904.852;200;0.746;0.748
1558381905.606;200;0.752;0.756
1558381906.421;200;0.812;0.812
1558381907.189;200;0.765;0.768
1558381907.912;200;0.720;0.724
1558381908.679;200;0.765;0.768
1558381909.501;200;0.820;0.820
1558381910.253;200;0.750;0.752
1558381911.008;200;0.753;0.756
1558381911.770;200;0.761;0.760
1558381912.560;200;0.788;0.788
1558381913.322;200;0.756;0.756
1558381914.036;200;0.711;0.716
1558381914.788;200;0.750;0.752
1558381915.617;200;0.826;0.828
1558381916.353;200;0.731;0.728
1558381917.102;200;0.747;0.748
1558381917.858;200;0.753;0.756
1558381918.686;200;0.825;0.832
1558381919.437;200;0.748;0.748
1558381920.170;200;0.731;0.732
1558381920.941;200;0.770;0.772
1558381921.824;200;0.880;0.884
1558381922.580;200;0.753;0.752
1558381923.316;200;0.735;0.740
1558381924.087;200;0.768;0.772
1558381924.910;200;0.821;0.824
1558381925.651;200;0.738;0.740
1558381926.369;200;0.716;0.716
1558381927.143;200;0.773;0.772
1558381927.949;200;0.803;0.804
1558381928.710;200;0.759;0.760
1558381929.420;200;0.708;0.712
1558381930.180;200;0.759;0.760
1558381931.012;200;0.829;0.828
1558381931.810;200;0.797;0.796
1558381932.516;200;0.704;0.708
1558381933.268;200;0.750;0.752
1558381934.096;200;0.826;0.828
1558381934.828;200;0.730;0.732
1558381935.577;200;0.747;0.748
1558381936.278;200;0.699;0.700
1558381937.120;200;0.838;0.840
1558381937.875;200;0.753;0.756
1558381938.607;200;0.731;0.728
1558381939.428;200;0.819;0.820
1558381940.212;200;0.782;0.784
1558381940.960;200;0.745;0.748
1558381941.706;200;0.744;0.744
1558381942.467;200;0.760;0.764
1558381943.293;200;0.825;0.820
1558381944.068;200;0.773;0.776
1558381944.776;200;0.706;0.708
1558381945.547;200;0.769;0.772
1558381946.363;200;0.814;0.816
1558381947.083;200;0.718;0.720
1558381947.805;200;0.720;0.716
1558381948.567;200;0.760;0.764
1558381949.394;200;0.825;0.828
1558381950.125;200;0.729;0.724
1558381950.825;200;0.698;0.700
1558381951.571;200;0.745;0.748
1558381952.373;200;0.800;0.800
1558381953.143;200;0.767;0.768
1558381953.844;200;0.699;0.704
1558381954.640;200;0.794;0.792
1558381955.455;200;0.813;0.816
1558381956.210;200;0.754;0.756
1558381956.924;200;0.711;0.712
1558381957.676;200;0.750;0.752
1558381958.473;200;0.794;0.796
1558381959.262;200;0.786;0.792
1558381959.974;200;0.709;0.708
1558381960.733;200;0.757;0.760
1558381961.569;200;0.834;0.836
1558381962.319;200;0.748;0.752
1558381963.043;200;0.722;0.724
1558381963.796;200;0.751;0.752
1558381964.621;200;0.823;0.824
1558381965.385;200;0.762;0.764
1558381966.089;200;0.702;0.704
1558381966.792;200;0.701;0.704
1558381967.607;200;0.812;0.816
1558381968.355;200;0.745;0.744
1558381969.102;200;0.745;0.748
1558381969.869;200;0.764;0.768
1558381970.667;200;0.796;0.796
1558381971.441;200;0.772;0.772
1558381972.191;200;0.748;0.752
1558381972.982;200;0.789;0.788
1558381973.793;200;0.809;0.812
1558381974.561;200;0.766;0.768
1558381975.271;200;0.707;0.712
1558381976.009;200;0.736;0.736
1558381976.820;200;0.808;0.812
1558381977.571;200;0.748;0.752
1558381978.301;200;0.729;0.728
1558381979.089;200;0.785;0.788
1558381979.901;200;0.810;0.808
1558381980.668;200;0.765;0.768
1558381981.393;200;0.723;0.724
1558381982.177;200;0.782;0.784
1558381983.079;200;0.898;0.904
1558381983.815;200;0.734;0.736
1558381984.532;200;0.715;0.716
1558381985.337;200;0.803;0.804
1558381986.161;200;0.822;0.820
1558381986.829;200;0.667;0.668
1558381987.574;200;0.744;0.748
1558381988.328;200;0.752;0.752
1558381989.147;200;0.817;0.816
1558381989.902;200;0.753;0.756
1558381990.639;200;0.735;0.740
1558381991.413;200;0.773;0.772
1558381992.236;200;0.820;0.824
1558381993.017;200;0.776;0.780
1558381993.744;200;0.725;0.728
1558381994.491;200;0.745;0.744
1558381995.292;200;0.797;0.796
1558381996.025;200;0.731;0.732
1558381996.752;200;0.724;0.728
1558381997.543;200;0.788;0.792
1558381998.361;200;0.816;0.816
1558381999.097;200;0.734;0.736
1558381999.829;200;0.728;0.732
1558382000.616;200;0.784;0.788
1558382001.445;200;0.827;0.824
1558382002.204;200;0.757;0.760
1558382002.916;200;0.708;0.712
1558382003.671;200;0.753;0.752
1558382004.513;200;0.840;0.840
1558382005.276;200;0.760;0.760
1558382005.977;200;0.700;0.696
1558382006.809;200;0.829;0.832
1558382007.631;200;0.819;0.820
1558382008.408;200;0.774;0.776
1558382009.115;200;0.705;0.708
1558382009.861;200;0.744;0.744
1558382010.718;200;0.853;0.856
1558382011.479;200;0.759;0.764
1558382012.198;200;0.717;0.716
1558382013.012;200;0.812;0.816
1558382013.828;200;0.814;0.816
1558382014.580;200;0.751;0.752
1558382015.297;200;0.712;0.716
1558382016.024;200;0.723;0.728
1558382016.858;200;0.832;0.832
1558382017.598;200;0.736;0.736
1558382018.312;200;0.713;0.716
1558382019.109;200;0.795;0.796
1558382019.954;200;0.843;0.844
1558382020.711;200;0.754;0.756
1558382021.439;200;0.726;0.732
1558382022.238;200;0.797;0.796
1558382023.077;200;0.837;0.840
1558382023.832;200;0.752;0.756
1558382024.555;200;0.721;0.720
1558382025.328;200;0.771;0.776
1558382026.184;200;0.854;0.856
1558382026.941;200;0.754;0.756
1558382027.667;200;0.724;0.725
1558382028.400;200;0.731;0.736
1558382029.220;200;0.818;0.820
1558382029.994;200;0.773;0.772
1558382030.751;200;0.755;0.760
1558382031.492;200;0.738;0.740
1558382032.342;200;0.849;0.848
1558382033.073;200;0.729;0.732
1558382033.803;200;0.727;0.728
1558382034.579;200;0.774;0.772
1558382035.401;200;0.818;0.820
1558382036.138;200;0.735;0.736
1558382036.857;200;0.716;0.720
1558382037.619;200;0.758;0.764
1558382038.472;200;0.851;0.852
1558382039.204;200;0.731;0.732
1558382039.924;200;0.718;0.720
1558382040.669;200;0.743;0.744
1558382041.530;200;0.859;0.860
1558382042.272;200;0.740;0.744
1558382043.008;200;0.735;0.736
1558382043.771;200;0.761;0.764
1558382044.607;200;0.833;0.832
1558382045.340;200;0.731;0.732
1558382046.052;200;0.710;0.712
1558382046.789;200;0.736;0.736
1558382047.614;200;0.822;0.824
1558382048.358;200;0.741;0.740
1558382049.117;200;0.757;0.756
1558382049.895;200;0.776;0.776
1558382050.702;200;0.805;0.804
1558382051.455;200;0.751;0.752
1558382052.170;200;0.713;0.716
1558382052.953;200;0.781;0.784
1558382053.821;200;0.865;0.868
1558382054.549;200;0.726;0.728
1558382055.293;200;0.740;0.736
1558382056.048;200;0.747;0.752
1558382056.885;200;0.833;0.836
1558382057.635;200;0.747;0.748
1558382058.373;200;0.736;0.740
1558382059.160;200;0.785;0.788
1558382059.989;200;0.825;0.828
1558382060.780;200;0.788;0.788
1558382061.510;200;0.728;0.728
1558382062.269;200;0.756;0.760
1558382063.084;200;0.812;0.816
1558382063.850;200;0.765;0.764
1558382064.576;200;0.724;0.728
1558382065.312;200;0.733;0.736
1558382066.116;200;0.802;0.804
1558382066.836;200;0.718;0.720
1558382067.549;200;0.712;0.708
1558382068.298;200;0.746;0.748
1558382069.122;200;0.822;0.824
1558382069.855;200;0.728;0.732
1558382070.601;200;0.730;0.732
1558382071.360;200;0.756;0.756
1558382072.192;200;0.831;0.836
1558382072.950;200;0.757;0.756
1558382073.683;200;0.730;0.736
1558382074.508;200;0.823;0.824
1558382075.343;200;0.830;0.832
1558382076.083;200;0.739;0.740
1558382076.845;200;0.761;0.764
1558382077.590;200;0.742;0.744
1558382078.402;200;0.810;0.812
1558382079.150;200;0.746;0.748
1558382079.884;200;0.731;0.736
1558382080.619;200;0.733;0.732
1558382081.469;200;0.847;0.848
1558382082.216;200;0.744;0.748
1558382082.927;200;0.710;0.712
1558382083.713;200;0.784;0.780
1558382084.505;200;0.790;0.792
1558382085.281;200;0.774;0.776
1558382085.934;200;0.650;0.652
1558382086.688;200;0.752;0.756
1558382087.526;200;0.836;0.836
1558382088.297;200;0.768;0.772
1558382089.030;200;0.731;0.732
1558382089.773;200;0.741;0.744
1558382090.640;200;0.865;0.868
1558382091.393;200;0.751;0.752
1558382092.127;200;0.732;0.732
1558382092.871;200;0.741;0.740
1558382093.703;200;0.830;0.836
1558382094.408;200;0.703;0.704
1558382095.148;200;0.738;0.740
1558382095.864;200;0.712;0.716
1558382096.693;200;0.827;0.828
1558382097.459;200;0.762;0.768
1558382098.188;200;0.727;0.724
1558382098.927;200;0.736;0.736
1558382099.754;200;0.826;0.828
1558382100.482;200;0.726;0.728
1558382101.180;200;0.696;0.696
1558382101.960;200;0.775;0.780
1558382102.756;200;0.794;0.796
1558382103.507;200;0.749;0.752
1558382104.248;200;0.740;0.740
1558382105.044;200;0.792;0.796
1558382105.920;200;0.875;0.876
1558382106.684;200;0.762;0.764
1558382107.416;200;0.730;0.732
1558382108.175;200;0.758;0.756
1558382108.999;200;0.822;0.828
1558382109.736;200;0.735;0.736
1558382110.497;200;0.759;0.760
1558382111.258;200;0.759;0.760
1558382112.090;200;0.830;0.832
1558382112.847;200;0.755;0.756
1558382113.572;200;0.723;0.728
1558382114.319;200;0.745;0.748
1558382115.155;200;0.834;0.836
1558382115.897;200;0.740;0.740
1558382116.643;200;0.743;0.744
1558382117.401;200;0.756;0.760
1558382118.257;200;0.853;0.856
1558382118.999;200;0.740;0.744
1558382119.700;200;0.699;0.700
1558382120.476;200;0.775;0.776
1558382121.291;200;0.813;0.816
1558382122.041;200;0.748;0.748
1558382122.777;200;0.734;0.736
1558382123.454;200;0.675;0.676
1558382124.285;200;0.829;0.828
1558382125.045;200;0.757;0.760
1558382125.789;200;0.742;0.740
1558382126.610;200;0.819;0.820
1558382127.447;200;0.834;0.836
1558382128.195;200;0.746;0.744
1558382128.912;200;0.714;0.716
1558382129.671;200;0.754;0.760
1558382130.471;200;0.797;0.796
1558382131.193;200;0.720;0.720
1558382131.940;200;0.744;0.748
1558382132.701;200;0.759;0.760
1558382133.563;200;0.860;0.864
1558382134.336;200;0.771;0.772
1558382135.066;200;0.726;0.728
1558382135.773;200;0.705;0.708
1558382136.612;200;0.836;0.840
1558382137.350;200;0.737;0.736
1558382138.090;200;0.738;0.740
1558382138.838;200;0.746;0.748
1558382139.648;200;0.809;0.812
1558382140.389;200;0.740;0.736
1558382141.137;200;0.747;0.748
1558382141.952;200;0.813;0.816
1558382142.781;200;0.827;0.824
1558382143.513;200;0.729;0.732
1558382144.258;200;0.744;0.744
1558382145.026;200;0.766;0.768
1558382145.865;200;0.837;0.840
1558382146.597;200;0.725;0.728
1558382147.361;200;0.763;0.760
1558382148.054;200;0.692;0.692
1558382148.892;200;0.835;0.836
1558382149.629;200;0.735;0.736
1558382150.423;200;0.793;0.792
1558382151.169;200;0.744;0.744
1558382151.987;200;0.816;0.816
1558382152.713;200;0.724;0.728
1558382153.453;200;0.737;0.740
1558382154.247;200;0.791;0.792
1558382155.111;200;0.859;0.860
1558382155.873;200;0.760;0.760
1558382156.629;200;0.752;0.756
1558382157.420;200;0.790;0.792
1558382158.240;200;0.817;0.816
1558382159.003;200;0.761;0.764
1558382159.735;200;0.730;0.732
1558382160.508;200;0.771;0.772
1558382161.408;200;0.898;0.900
1558382162.160;200;0.751;0.752
1558382162.905;200;0.744;0.744
1558382163.675;200;0.768;0.772
1558382164.533;200;0.856;0.856
1558382165.284;200;0.747;0.744
1558382165.992;200;0.706;0.708
1558382166.701;200;0.706;0.708
1558382167.546;200;0.842;0.844
1558382168.297;200;0.749;0.752
1558382169.058;200;0.758;0.760
1558382169.810;200;0.749;0.752
1558382170.624;200;0.811;0.816
1558382171.368;200;0.742;0.740
1558382172.080;200;0.710;0.712
1558382172.867;200;0.785;0.784
1558382173.696;200;0.826;0.828
1558382174.447;200;0.749;0.752
1558382175.190;200;0.740;0.740
1558382175.946;200;0.754;0.756
1558382176.785;200;0.837;0.840
1558382177.516;200;0.729;0.732
1558382178.265;200;0.747;0.744
1558382179.072;200;0.805;0.808
1558382179.897;200;0.822;0.824
1558382180.620;200;0.720;0.724
1558382181.369;200;0.747;0.748
1558382182.138;200;0.768;0.768
1558382182.981;200;0.841;0.840
1558382183.744;200;0.762;0.764
1558382184.481;200;0.735;0.736
1558382185.280;200;0.797;0.800
1558382186.102;200;0.819;0.820
1558382186.832;200;0.728;0.732
1558382187.561;200;0.728;0.728
1558382188.325;200;0.762;0.764
1558382189.129;200;0.801;0.804
1558382189.885;200;0.755;0.756
1558382190.608;200;0.720;0.724
1558382191.394;200;0.785;0.784
1558382192.257;200;0.862;0.860
1558382192.973;200;0.715;0.716
1558382193.699;200;0.723;0.724
1558382194.457;200;0.756;0.756
1558382195.289;200;0.830;0.832
1558382196.051;200;0.759;0.764
1558382196.805;200;0.752;0.752
1558382197.556;200;0.748;0.748
1558382198.397;200;0.838;0.836
1558382199.144;200;0.745;0.748
1558382199.891;200;0.745;0.744
1558382200.604;200;0.712;0.716
1558382201.458;200;0.851;0.852
1558382202.207;200;0.747;0.752
1558382202.945;200;0.735;0.732
1558382203.748;200;0.799;0.804
1558382204.585;200;0.835;0.836
1558382205.318;200;0.730;0.732
1558382206.053;200;0.729;0.732
1558382206.796;200;0.740;0.744
1558382207.643;200;0.844;0.844
1558382208.369;200;0.725;0.728
1558382209.132;200;0.760;0.764
1558382209.885;200;0.751;0.752
1558382210.704;200;0.817;0.820
1558382211.459;200;0.753;0.752
1558382212.208;200;0.748;0.752
1558382212.980;200;0.771;0.772
1558382213.793;200;0.811;0.812
1558382214.556;200;0.761;0.764
1558382215.308;200;0.747;0.752
1558382216.061;200;0.752;0.752
1558382216.858;200;0.795;0.796
1558382217.586;200;0.726;0.728
1558382218.354;200;0.767;0.768
1558382219.115;200;0.759;0.764
1558382219.951;200;0.834;0.836
1558382220.709;200;0.757;0.756
1558382221.420;200;0.708;0.712
1558382222.167;200;0.746;0.748
1558382222.961;200;0.792;0.792
