[OVERALL], RunTime(ms), 798159
[OVERALL], Throughput(ops/sec), 1.2528831974581505
[TOTAL_GCS_G1_Young_Generation], Count, 4
[TOTAL_GC_TIME_G1_Young_Generation], Time(ms), 89
[TOTAL_GC_TIME_%_G1_Young_Generation], Time(%), 0.01115066045737754
[TOTAL_GCS_G1_Old_Generation], Count, 0
[TOTAL_GC_TIME_G1_Old_Generation], Time(ms), 0
[TOTAL_GC_TIME_%_G1_Old_Generation], Time(%), 0.0
[TOTAL_GCs], Count, 4
[TOTAL_GC_TIME], Time(ms), 89
[TOTAL_GC_TIME_%], Time(%), 0.01115066045737754
[READ], Operations, 1000
[READ], AverageLatency(us), 797471.232
[READ], MinLatency(us), 663040
[READ], MaxLatency(us), 944127
[READ], 95thPercentileLatency(us), 888319
[READ], 99thPercentileLatency(us), 913407
[READ], Return=OK, 1000
[CLEANUP], Operations, 1
[CLEANUP], AverageLatency(us), 2.0
[CLEANUP], MinLatency(us), 2
[CLEANUP], MaxLatency(us), 2
[CLEANUP], 95thPercentileLatency(us), 2
[CLEANUP], 99thPercentileLatency(us), 2
