timestamp;status;request_time;upstream_response_time
1558382288.412;200;0.777;0.780
1558382289.188;200;0.738;0.740
1558382289.959;200;0.768;0.768
1558382290.789;200;0.825;0.828
1558382291.514;200;0.721;0.724
1558382292.269;200;0.749;0.752
1558382293.064;200;0.776;0.776
1558382293.978;200;0.909;0.912
1558382294.723;200;0.742;0.744
1558382295.464;200;0.738;0.740
1558382296.207;200;0.739;0.740
1558382297.112;200;0.895;0.900
1558382297.853;200;0.729;0.732
1558382298.597;200;0.739;0.740
1558382299.404;200;0.803;0.800
1558382300.259;200;0.852;0.856
1558382301.003;200;0.741;0.740
1558382301.753;200;0.746;0.748
1558382302.507;200;0.747;0.752
1558382303.342;200;0.819;0.820
1558382304.088;200;0.743;0.740
1558382304.824;200;0.730;0.732
1558382305.562;200;0.734;0.736
1558382306.374;200;0.806;0.808
1558382307.107;200;0.729;0.728
1558382307.825;200;0.714;0.716
1558382308.606;200;0.776;0.776
1558382309.460;200;0.850;0.852
1558382310.183;200;0.720;0.720
1558382310.861;200;0.675;0.676
1558382311.640;200;0.776;0.780
1558382312.488;200;0.845;0.848
1558382313.222;200;0.730;0.732
1558382313.977;200;0.751;0.752
1558382314.727;200;0.745;0.748
1558382315.570;200;0.840;0.840
1558382316.283;200;0.709;0.708
1558382317.016;200;0.727;0.732
1558382317.762;200;0.740;0.740
1558382318.585;200;0.817;0.820
1558382319.331;200;0.743;0.744
1558382320.108;200;0.775;0.772
1558382320.853;200;0.740;0.744
1558382321.691;200;0.835;0.836
1558382322.446;200;0.753;0.752
1558382323.198;200;0.748;0.748
1558382323.937;200;0.735;0.732
1558382324.770;200;0.829;0.828
1558382325.470;200;0.697;0.700
1558382326.196;200;0.723;0.720
1558382326.974;200;0.774;0.776
1558382327.811;200;0.830;0.832
1558382328.522;200;0.706;0.708
1558382329.252;200;0.724;0.724
1558382329.997;200;0.741;0.740
1558382330.854;200;0.852;0.852
1558382331.586;200;0.730;0.732
1558382332.347;200;0.758;0.760
1558382333.076;200;0.726;0.728
1558382333.928;200;0.849;0.852
1558382334.654;200;0.722;0.724
1558382335.392;200;0.733;0.732
1558382336.162;200;0.766;0.769
1558382337.047;200;0.881;0.880
1558382337.798;200;0.747;0.748
1558382338.505;200;0.700;0.704
1558382339.235;200;0.718;0.720
1558382340.070;200;0.833;0.832
1558382340.800;200;0.727;0.728
1558382341.557;200;0.753;0.756
1558382342.321;200;0.760;0.764
1558382343.120;200;0.795;0.792
1558382343.879;200;0.756;0.756
1558382344.604;200;0.715;0.720
1558382345.355;200;0.748;0.752
1558382346.186;200;0.825;0.828
1558382346.898;200;0.708;0.708
1558382347.635;200;0.733;0.732
1558382348.376;200;0.735;0.732
1558382349.229;200;0.850;0.852
1558382350.002;200;0.770;0.772
1558382350.725;200;0.719;0.720
1558382351.516;200;0.787;0.792
1558382352.367;200;0.848;0.848
1558382353.092;200;0.722;0.724
1558382353.821;200;0.725;0.728
1558382354.580;200;0.755;0.760
1558382355.433;200;0.850;0.852
1558382356.156;200;0.720;0.724
1558382356.906;200;0.748;0.748
1558382357.649;200;0.740;0.740
1558382358.468;200;0.814;0.816
1558382359.194;200;0.724;0.724
1558382359.911;200;0.714;0.716
1558382360.677;200;0.764;0.760
1558382361.505;200;0.825;0.828
1558382362.235;200;0.725;0.724
1558382362.971;200;0.733;0.732
1558382363.732;200;0.758;0.760
1558382364.569;200;0.833;0.836
1558382365.332;200;0.753;0.756
1558382366.063;200;0.728;0.728
1558382366.863;200;0.795;0.796
1558382367.720;200;0.855;0.860
1558382368.530;200;0.777;0.780
1558382369.264;200;0.730;0.732
1558382369.993;200;0.725;0.728
1558382370.845;200;0.845;0.848
1558382371.600;200;0.751;0.752
1558382372.336;200;0.733;0.736
1558382373.077;200;0.739;0.740
1558382373.906;200;0.825;0.828
1558382374.627;200;0.718;0.720
1558382375.360;200;0.731;0.736
1558382376.164;200;0.801;0.800
1558382376.997;200;0.828;0.828
1558382377.737;200;0.737;0.740
1558382378.465;200;0.721;0.720
1558382379.239;200;0.771;0.772
1558382380.088;200;0.846;0.848
1558382380.815;200;0.724;0.724
1558382381.537;200;0.719;0.720
1558382382.316;200;0.775;0.780
1558382383.125;200;0.806;0.808
1558382383.857;200;0.729;0.732
1558382384.595;200;0.734;0.736
1558382385.366;200;0.769;0.768
1558382386.228;200;0.857;0.860
1558382386.957;200;0.724;0.728
1558382387.681;200;0.720;0.720
1558382388.435;200;0.748;0.748
1558382389.269;200;0.831;0.832
1558382390.002;200;0.729;0.728
1558382390.728;200;0.721;0.724
1558382391.491;200;0.759;0.760
1558382392.336;200;0.841;0.844
1558382393.103;200;0.763;0.764
1558382393.831;200;0.727;0.728
1558382394.619;200;0.785;0.784
1558382395.469;200;0.847;0.848
1558382396.195;200;0.722;0.724
1558382396.954;200;0.754;0.756
1558382397.704;200;0.747;0.748
1558382398.528;200;0.818;0.820
1558382399.258;200;0.728;0.728
1558382399.992;200;0.731;0.732
1558382400.745;200;0.747;0.748
1558382401.572;200;0.824;0.828
1558382402.307;200;0.731;0.732
1558382403.023;200;0.714;0.712
1558382403.801;200;0.775;0.772
1558382404.618;200;0.814;0.816
1558382405.337;200;0.717;0.720
1558382406.060;200;0.720;0.720
1558382406.777;200;0.713;0.716
1558382407.622;200;0.842;0.844
1558382408.357;200;0.727;0.724
1558382409.101;200;0.737;0.740
1558382409.847;200;0.742;0.744
1558382410.700;200;0.850;0.848
1558382411.434;200;0.732;0.732
1558382412.201;200;0.764;0.768
1558382412.952;200;0.747;0.748
1558382413.768;200;0.814;0.816
1558382414.539;200;0.768;0.768
1558382415.282;200;0.741;0.744
1558382416.031;200;0.743;0.744
1558382416.881;200;0.847;0.848
1558382417.607;200;0.724;0.724
1558382418.338;200;0.726;0.728
1558382419.112;200;0.768;0.772
1558382419.958;200;0.842;0.844
1558382420.694;200;0.734;0.736
1558382421.416;200;0.717;0.720
1558382422.168;200;0.749;0.752
1558382423.020;200;0.848;0.852
1558382423.781;200;0.757;0.760
1558382424.511;200;0.725;0.724
1558382425.264;200;0.751;0.748
1558382426.071;200;0.803;0.804
1558382426.829;200;0.756;0.756
1558382427.554;200;0.721;0.724
1558382428.314;200;0.754;0.756
1558382429.128;200;0.810;0.812
1558382429.888;200;0.756;0.760
1558382430.615;200;0.723;0.724
1558382431.354;200;0.736;0.736
1558382432.188;200;0.829;0.832
1558382432.907;200;0.715;0.716
1558382433.677;200;0.766;0.764
1558382434.439;200;0.759;0.760
1558382435.253;200;0.811;0.808
1558382436.009;200;0.752;0.756
1558382436.718;200;0.706;0.708
1558382437.452;200;0.731;0.736
1558382438.269;200;0.812;0.816
1558382439.045;200;0.773;0.776
1558382439.820;200;0.770;0.768
1558382440.553;200;0.731;0.732
1558382441.379;200;0.823;0.824
1558382442.116;200;0.732;0.732
1558382442.833;200;0.713;0.712
1558382443.625;200;0.789;0.792
1558382444.448;200;0.820;0.824
1558382445.165;200;0.713;0.716
1558382445.922;200;0.753;0.756
1558382446.717;200;0.791;0.792
1558382447.547;200;0.827;0.828
1558382448.292;200;0.739;0.740
1558382449.026;200;0.732;0.732
1558382449.796;200;0.766;0.768
1558382450.631;200;0.830;0.832
1558382451.380;200;0.746;0.744
1558382452.124;200;0.741;0.740
1558382452.866;200;0.739;0.740
1558382453.696;200;0.827;0.828
1558382454.470;200;0.772;0.772
1558382455.234;200;0.760;0.760
1558382456.041;200;0.804;0.808
1558382456.869;200;0.825;0.828
1558382457.632;200;0.760;0.764
1558382458.368;200;0.729;0.732
1558382459.111;200;0.741;0.740
1558382459.947;200;0.833;0.832
1558382460.681;200;0.725;0.724
1558382461.412;200;0.727;0.732
1558382462.156;200;0.740;0.744
1558382462.975;200;0.813;0.812
1558382463.722;200;0.745;0.744
1558382464.443;200;0.717;0.716
1558382465.192;200;0.746;0.748
1558382465.997;200;0.801;0.804
1558382466.725;200;0.726;0.728
1558382467.497;200;0.768;0.764
1558382468.249;200;0.745;0.748
1558382469.111;200;0.858;0.860
1558382469.880;200;0.767;0.768
1558382470.589;200;0.703;0.704
1558382471.344;200;0.750;0.752
1558382472.158;200;0.811;0.812
1558382472.892;200;0.731;0.728
1558382473.613;200;0.717;0.720
1558382474.350;200;0.734;0.736
1558382475.184;200;0.830;0.828
1558382475.934;200;0.746;0.748
1558382476.661;200;0.724;0.728
1558382477.426;200;0.761;0.764
1558382478.233;200;0.801;0.804
1558382478.973;200;0.735;0.736
1558382479.695;200;0.719;0.720
1558382480.447;200;0.749;0.748
1558382481.264;200;0.813;0.812
1558382482.019;200;0.752;0.752
1558382482.761;200;0.739;0.740
1558382483.451;200;0.687;0.688
1558382484.265;200;0.811;0.808
1558382485.009;200;0.741;0.744
1558382485.737;200;0.725;0.728
1558382486.616;200;0.876;0.880
1558382487.422;200;0.803;0.804
1558382488.160;200;0.734;0.736
1558382488.878;200;0.715;0.716
1558382489.641;200;0.759;0.760
1558382490.486;200;0.842;0.844
1558382491.222;200;0.733;0.736
1558382491.937;200;0.712;0.716
1558382492.684;200;0.744;0.744
1558382493.515;200;0.828;0.828
1558382494.268;200;0.750;0.748
1558382495.001;200;0.728;0.732
1558382495.772;200;0.766;0.768
1558382496.605;200;0.830;0.832
1558382497.352;200;0.744;0.744
1558382498.103;200;0.747;0.748
1558382498.846;200;0.741;0.744
1558382499.681;200;0.814;0.812
1558382500.417;200;0.733;0.732
1558382501.104;200;0.684;0.688
1558382501.844;200;0.737;0.740
1558382502.659;200;0.812;0.812
1558382503.412;200;0.750;0.748
1558382504.169;200;0.753;0.756
1558382504.937;200;0.766;0.768
1558382505.757;200;0.816;0.820
1558382506.484;200;0.724;0.724
1558382507.218;200;0.729;0.732
1558382507.952;200;0.729;0.728
1558382508.746;200;0.791;0.792
1558382509.484;200;0.735;0.740
1558382510.228;200;0.742;0.740
1558382510.978;200;0.746;0.748
1558382511.846;200;0.865;0.868
1558382512.593;200;0.744;0.748
1558382513.308;200;0.712;0.716
1558382514.066;200;0.755;0.756
1558382514.857;200;0.788;0.792
1558382515.601;200;0.740;0.736
1558382516.324;200;0.720;0.720
1558382517.102;200;0.776;0.776
1558382517.937;200;0.832;0.836
1558382518.717;200;0.773;0.776
1558382519.444;200;0.724;0.728
1558382520.203;200;0.756;0.756
1558382521.074;200;0.868;0.868
1558382521.812;200;0.735;0.736
1558382522.544;200;0.730;0.732
1558382523.329;200;0.783;0.780
1558382524.131;200;0.799;0.800
1558382524.858;200;0.724;0.724
1558382525.603;200;0.742;0.740
1558382526.315;200;0.709;0.708
1558382527.144;200;0.827;0.824
1558382527.863;200;0.715;0.716
1558382528.603;200;0.738;0.740
1558382529.350;200;0.745;0.748
1558382530.222;200;0.870;0.872
1558382530.955;200;0.730;0.732
1558382531.691;200;0.734;0.736
1558382532.466;200;0.772;0.772
1558382533.295;200;0.826;0.824
1558382534.049;200;0.752;0.752
1558382534.757;200;0.704;0.708
1558382535.483;200;0.722;0.724
1558382536.300;200;0.812;0.812
1558382537.030;200;0.728;0.728
1558382537.751;200;0.719;0.720
1558382538.488;200;0.732;0.736
1558382539.318;200;0.826;0.828
1558382540.066;200;0.745;0.748
1558382540.789;200;0.720;0.720
1558382541.548;200;0.756;0.760
1558382542.393;200;0.840;0.840
1558382543.138;200;0.742;0.744
1558382543.854;200;0.714;0.716
1558382544.613;200;0.757;0.760
1558382545.482;200;0.864;0.864
1558382546.219;200;0.734;0.736
1558382546.963;200;0.741;0.740
1558382547.733;200;0.768;0.772
1558382548.564;200;0.828;0.828
1558382549.292;200;0.726;0.728
1558382550.011;200;0.715;0.716
1558382550.752;200;0.737;0.740
1558382551.598;200;0.841;0.844
1558382552.333;200;0.733;0.736
1558382553.096;200;0.761;0.760
1558382553.872;200;0.774;0.772
1558382554.694;200;0.820;0.820
1558382555.439;200;0.743;0.744
1558382556.195;200;0.753;0.752
1558382556.959;200;0.761;0.760
1558382557.779;200;0.818;0.820
1558382558.533;200;0.751;0.748
1558382559.269;200;0.733;0.732
1558382560.005;200;0.733;0.736
1558382560.832;200;0.823;0.828
1558382561.569;200;0.734;0.736
1558382562.291;200;0.718;0.720
1558382563.063;200;0.767;0.768
1558382563.889;200;0.823;0.824
1558382564.614;200;0.721;0.724
1558382565.362;200;0.745;0.748
1558382566.097;200;0.733;0.736
1558382566.908;200;0.807;0.804
1558382567.641;200;0.731;0.728
1558382568.376;200;0.731;0.732
1558382569.167;200;0.787;0.788
1558382570.043;200;0.873;0.872
1558382570.787;200;0.741;0.740
1558382571.541;200;0.752;0.752
1558382572.303;200;0.759;0.760
1558382573.135;200;0.830;0.832
1558382573.896;200;0.759;0.760
1558382574.644;200;0.746;0.748
1558382575.395;200;0.749;0.748
1558382576.251;200;0.854;0.856
1558382576.972;200;0.718;0.716
1558382577.708;200;0.733;0.732
1558382578.460;200;0.749;0.748
1558382579.261;200;0.799;0.800
1558382579.991;200;0.725;0.724
1558382580.732;200;0.737;0.736
1558382581.515;200;0.775;0.776
1558382582.340;200;0.819;0.820
1558382583.112;200;0.769;0.768
1558382583.842;200;0.726;0.728
1558382584.636;200;0.791;0.796
1558382585.441;200;0.797;0.796
1558382586.174;200;0.730;0.732
1558382586.889;200;0.711;0.712
1558382587.678;200;0.787;0.788
1558382588.494;200;0.811;0.812
1558382589.241;200;0.745;0.744
1558382589.968;200;0.725;0.724
1558382590.772;200;0.802;0.804
1558382591.663;200;0.889;0.888
1558382592.429;200;0.764;0.768
1558382593.131;200;0.699;0.700
1558382593.843;200;0.710;0.712
1558382594.671;200;0.826;0.828
1558382595.416;200;0.740;0.740
1558382596.176;200;0.757;0.756
1558382596.947;200;0.769;0.768
1558382597.826;200;0.877;0.880
1558382598.558;200;0.727;0.728
1558382599.285;200;0.724;0.728
1558382600.059;200;0.772;0.772
1558382600.843;200;0.781;0.780
1558382601.589;200;0.743;0.744
1558382602.370;200;0.779;0.780
1558382603.118;200;0.745;0.748
1558382603.947;200;0.825;0.824
1558382604.709;200;0.759;0.760
1558382605.437;200;0.725;0.724
1558382606.198;200;0.759;0.760
1558382607.013;200;0.812;0.812
1558382607.733;200;0.717;0.720
1558382608.440;200;0.704;0.708
1558382609.195;200;0.752;0.752
1558382610.025;200;0.828;0.824
1558382610.758;200;0.731;0.732
1558382611.502;200;0.741;0.744
1558382612.257;200;0.752;0.752
1558382613.036;200;0.777;0.780
1558382613.765;200;0.727;0.728
1558382614.486;200;0.718;0.720
1558382615.227;200;0.738;0.740
1558382616.053;200;0.823;0.824
1558382616.790;200;0.734;0.736
1558382617.524;200;0.731;0.732
1558382618.272;200;0.745;0.744
1558382619.081;200;0.805;0.808
1558382619.819;200;0.736;0.736
1558382620.556;200;0.735;0.732
1558382621.312;200;0.753;0.752
1558382622.098;200;0.784;0.784
1558382622.823;200;0.723;0.724
1558382623.568;200;0.742;0.744
1558382624.296;200;0.725;0.724
1558382625.088;200;0.790;0.788
1558382625.829;200;0.739;0.740
1558382626.575;200;0.743;0.744
1558382627.351;200;0.774;0.772
1558382628.177;200;0.823;0.824
1558382628.897;200;0.717;0.720
1558382629.593;200;0.693;0.696
1558382630.350;200;0.754;0.756
1558382631.143;200;0.791;0.792
1558382631.874;200;0.728;0.728
1558382632.590;200;0.713;0.716
1558382633.336;200;0.742;0.740
1558382634.201;200;0.863;0.864
1558382634.928;200;0.724;0.724
1558382635.646;200;0.715;0.716
1558382636.408;200;0.760;0.760
1558382637.189;200;0.779;0.780
1558382637.912;200;0.720;0.720
1558382638.680;200;0.763;0.760
1558382639.429;200;0.746;0.748
1558382640.236;200;0.803;0.804
1558382640.964;200;0.726;0.724
1558382641.743;200;0.775;0.776
1558382642.499;200;0.753;0.752
1558382643.333;200;0.831;0.832
1558382644.051;200;0.715;0.717
1558382644.777;200;0.724;0.720
1558382645.520;200;0.741;0.740
1558382646.324;200;0.802;0.800
1558382647.054;200;0.728;0.728
1558382647.743;200;0.682;0.680
1558382648.481;200;0.733;0.736
1558382649.306;200;0.823;0.824
1558382650.016;200;0.707;0.708
1558382650.719;200;0.700;0.700
1558382651.513;200;0.791;0.792
1558382652.349;200;0.832;0.836
1558382653.090;200;0.739;0.740
1558382653.781;200;0.688;0.692
1558382654.536;200;0.750;0.748
1558382655.384;200;0.846;0.844
1558382656.102;200;0.716;0.716
1558382656.833;200;0.728;0.728
1558382657.577;200;0.741;0.744
1558382658.393;200;0.812;0.812
1558382659.127;200;0.731;0.732
1558382659.833;200;0.704;0.704
1558382660.579;200;0.743;0.744
1558382661.381;200;0.800;0.804
1558382662.132;200;0.748;0.748
1558382662.839;200;0.705;0.704
1558382663.624;200;0.783;0.784
1558382664.481;200;0.853;0.856
1558382665.227;200;0.744;0.744
1558382665.967;200;0.738;0.740
1558382666.800;200;0.830;0.828
1558382667.640;200;0.836;0.836
1558382668.354;200;0.710;0.712
1558382669.059;200;0.702;0.704
1558382669.840;200;0.779;0.776
1558382670.669;200;0.826;0.828
1558382671.397;200;0.725;0.724
1558382672.142;200;0.740;0.740
1558382672.909;200;0.763;0.764
1558382673.730;200;0.818;0.820
1558382674.487;200;0.755;0.756
1558382675.211;200;0.721;0.720
1558382675.960;200;0.747;0.744
1558382676.785;200;0.820;0.820
1558382677.510;200;0.723;0.724
1558382678.257;200;0.742;0.740
1558382679.009;200;0.750;0.752
1558382679.851;200;0.838;0.840
1558382680.550;200;0.695;0.696
1558382681.290;200;0.737;0.740
1558382682.109;200;0.816;0.820
1558382682.944;200;0.831;0.832
1558382683.703;200;0.757;0.756
1558382684.415;200;0.710;0.712
1558382685.189;200;0.771;0.772
1558382686.095;200;0.902;0.904
1558382686.797;200;0.699;0.700
1558382687.533;200;0.733;0.732
1558382688.270;200;0.734;0.736
1558382689.099;200;0.826;0.828
1558382689.838;200;0.737;0.736
1558382690.551;200;0.710;0.712
1558382691.360;200;0.807;0.808
1558382692.167;200;0.804;0.804
1558382692.922;200;0.753;0.756
1558382693.654;200;0.730;0.732
1558382694.406;200;0.749;0.752
1558382695.229;200;0.820;0.824
1558382695.958;200;0.726;0.728
1558382696.661;200;0.700;0.700
1558382697.427;200;0.763;0.764
1558382698.269;200;0.838;0.836
1558382699.001;200;0.730;0.732
1558382699.730;200;0.726;0.728
1558382700.470;200;0.733;0.732
1558382701.324;200;0.852;0.852
1558382702.035;200;0.710;0.712
1558382702.782;200;0.745;0.744
1558382703.511;200;0.726;0.728
1558382704.341;200;0.828;0.824
1558382705.072;200;0.727;0.728
1558382705.784;200;0.710;0.708
1558382706.548;200;0.762;0.760
1558382707.374;200;0.822;0.824
1558382708.097;200;0.718;0.720
1558382708.826;200;0.726;0.728
1558382709.512;200;0.684;0.684
1558382710.324;200;0.810;0.808
1558382711.098;200;0.771;0.772
1558382711.822;200;0.721;0.724
1558382712.633;200;0.808;0.812
1558382713.508;200;0.872;0.872
1558382714.234;200;0.724;0.724
1558382714.947;200;0.711;0.712
1558382715.725;200;0.775;0.776
1558382716.593;200;0.864;0.868
1558382717.351;200;0.756;0.756
1558382718.038;200;0.684;0.684
1558382718.794;200;0.753;0.752
1558382719.617;200;0.821;0.820
1558382720.351;200;0.732;0.732
1558382721.115;200;0.761;0.760
1558382721.915;200;0.796;0.796
1558382722.772;200;0.854;0.852
1558382723.528;200;0.754;0.752
1558382724.253;200;0.722;0.720
1558382725.017;200;0.762;0.764
1558382725.840;200;0.820;0.820
1558382726.572;200;0.729;0.728
1558382727.296;200;0.721;0.720
1558382728.060;200;0.761;0.760
1558382728.902;200;0.837;0.840
1558382729.631;200;0.726;0.728
1558382730.348;200;0.715;0.712
1558382731.121;200;0.770;0.772
1558382731.974;200;0.849;0.852
1558382732.708;200;0.731;0.732
1558382733.449;200;0.738;0.740
1558382734.190;200;0.737;0.740
1558382735.023;200;0.829;0.828
1558382735.803;200;0.777;0.776
1558382736.523;200;0.718;0.716
1558382737.223;200;0.698;0.696
1558382738.040;200;0.815;0.812
1558382738.803;200;0.760;0.760
1558382739.554;200;0.749;0.748
1558382740.309;200;0.753;0.756
1558382741.141;200;0.829;0.832
1558382741.884;200;0.740;0.740
1558382742.645;200;0.757;0.756
1558382743.422;200;0.774;0.776
1558382744.280;200;0.856;0.856
1558382745.044;200;0.760;0.760
1558382745.747;200;0.700;0.700
1558382746.496;200;0.746;0.744
1558382747.356;200;0.857;0.856
1558382748.087;200;0.726;0.728
1558382748.815;200;0.725;0.724
1558382749.580;200;0.763;0.760
1558382750.381;200;0.798;0.800
1558382751.134;200;0.750;0.752
1558382751.890;200;0.753;0.756
1558382752.683;200;0.791;0.792
1558382753.517;200;0.832;0.832
1558382754.244;200;0.724;0.724
1558382754.964;200;0.718;0.716
1558382755.736;200;0.768;0.768
1558382756.566;200;0.827;0.828
1558382757.305;200;0.737;0.740
1558382758.041;200;0.731;0.728
1558382758.820;200;0.776;0.776
1558382759.624;200;0.801;0.800
1558382760.375;200;0.748;0.748
1558382761.089;200;0.712;0.712
1558382761.845;200;0.753;0.756
1558382762.639;200;0.792;0.792
1558382763.369;200;0.728;0.724
1558382764.111;200;0.739;0.740
1558382764.801;200;0.687;0.688
1558382765.619;200;0.815;0.816
1558382766.366;200;0.744;0.744
1558382767.111;200;0.743;0.744
1558382767.873;200;0.760;0.760
1558382768.705;200;0.827;0.824
1558382769.453;200;0.746;0.748
1558382770.175;200;0.720;0.720
1558382770.924;200;0.746;0.744
1558382771.749;200;0.823;0.824
1558382772.474;200;0.722;0.724
1558382773.186;200;0.708;0.708
1558382773.932;200;0.744;0.744
1558382774.797;200;0.863;0.864
1558382775.529;200;0.730;0.732
1558382776.247;200;0.715;0.716
1558382776.983;200;0.733;0.732
1558382777.805;200;0.819;0.820
1558382778.527;200;0.718;0.720
1558382779.238;200;0.709;0.708
1558382780.005;200;0.764;0.764
1558382780.799;200;0.792;0.792
1558382781.553;200;0.752;0.756
1558382782.314;200;0.759;0.760
1558382783.053;200;0.737;0.736
1558382783.879;200;0.823;0.824
1558382784.648;200;0.767;0.768
1558382785.380;200;0.730;0.728
1558382786.136;200;0.753;0.752
1558382786.934;200;0.795;0.796
1558382787.687;200;0.751;0.752
1558382788.404;200;0.714;0.712
1558382789.144;200;0.737;0.736
1558382789.980;200;0.833;0.832
1558382790.713;200;0.731;0.732
1558382791.451;200;0.734;0.732
1558382792.196;200;0.743;0.740
1558382793.025;200;0.826;0.828
1558382793.767;200;0.740;0.740
1558382794.496;200;0.727;0.728
1558382795.281;200;0.782;0.784
1558382796.080;200;0.796;0.796
1558382796.849;200;0.767;0.768
1558382797.575;200;0.723;0.724
1558382798.294;200;0.695;0.696
1558382799.112;200;0.816;0.816
1558382799.865;200;0.751;0.752
1558382800.576;200;0.708;0.708
1558382801.324;200;0.745;0.744
1558382802.120;200;0.793;0.792
1558382802.866;200;0.744;0.744
1558382803.601;200;0.732;0.736
1558382804.343;200;0.737;0.736
1558382805.185;200;0.840;0.844
1558382805.934;200;0.745;0.744
1558382806.661;200;0.725;0.728
1558382807.416;200;0.752;0.752
1558382808.206;200;0.786;0.788
1558382808.928;200;0.720;0.720
1558382809.665;200;0.735;0.732
1558382810.461;200;0.794;0.796
1558382811.281;200;0.817;0.820
1558382812.011;200;0.726;0.724
1558382812.747;200;0.734;0.736
1558382813.528;200;0.779;0.776
1558382814.349;200;0.819;0.816
1558382815.074;200;0.722;0.724
1558382815.817;200;0.740;0.744
1558382816.570;200;0.750;0.752
1558382817.385;200;0.813;0.816
1558382818.128;200;0.741;0.740
1558382818.858;200;0.728;0.728
1558382819.660;200;0.799;0.800
1558382820.507;200;0.844;0.844
1558382821.227;200;0.718;0.720
1558382821.938;200;0.709;0.712
1558382822.682;200;0.740;0.740
1558382823.482;200;0.797;0.796
1558382824.253;200;0.768;0.768
1558382824.989;200;0.733;0.736
1558382825.724;200;0.732;0.732
1558382826.543;200;0.817;0.816
1558382827.272;200;0.727;0.728
1558382827.999;200;0.723;0.724
1558382828.724;200;0.722;0.720
1558382829.516;200;0.790;0.788
1558382830.251;200;0.734;0.732
1558382830.977;200;0.724;0.724
1558382831.765;200;0.785;0.788
1558382832.568;200;0.800;0.800
1558382833.303;200;0.732;0.732
1558382834.029;200;0.723;0.720
1558382834.757;200;0.726;0.728
1558382835.611;200;0.851;0.852
1558382836.355;200;0.742;0.744
1558382837.070;200;0.714;0.716
1558382837.824;200;0.751;0.748
1558382838.588;200;0.760;0.760
1558382839.310;200;0.720;0.720
1558382840.020;200;0.707;0.708
1558382840.796;200;0.772;0.772
1558382841.608;200;0.810;0.808
1558382842.377;200;0.767;0.768
1558382843.111;200;0.732;0.732
1558382843.864;200;0.751;0.748
1558382844.667;200;0.801;0.800
1558382845.425;200;0.756;0.756
1558382846.165;200;0.737;0.736
1558382846.967;200;0.799;0.800
1558382847.768;200;0.799;0.796
1558382848.503;200;0.733;0.732
1558382849.225;200;0.720;0.720
1558382849.967;200;0.740;0.740
1558382850.781;200;0.812;0.812
1558382851.517;200;0.734;0.736
1558382852.241;200;0.721;0.724
1558382853.027;200;0.783;0.784
1558382853.806;200;0.777;0.776
1558382854.573;200;0.765;0.764
1558382855.303;200;0.728;0.728
1558382856.038;200;0.733;0.736
1558382856.878;200;0.838;0.840
1558382857.604;200;0.723;0.724
1558382858.323;200;0.716;0.716
1558382859.048;200;0.723;0.724
1558382859.850;200;0.799;0.800
1558382860.604;200;0.752;0.752
1558382861.348;200;0.741;0.740
1558382862.056;200;0.706;0.704
1558382862.841;200;0.782;0.784
1558382863.579;200;0.735;0.736
1558382864.324;200;0.743;0.740
1558382865.066;200;0.739;0.740
1558382865.851;200;0.782;0.780
1558382866.582;200;0.729;0.728
1558382867.336;200;0.752;0.752
1558382868.083;200;0.744;0.744
1558382868.872;200;0.787;0.784
1558382869.616;200;0.742;0.740
1558382870.348;200;0.730;0.728
1558382871.075;200;0.725;0.724
1558382871.896;200;0.819;0.820
1558382872.643;200;0.744;0.744
1558382873.385;200;0.740;0.744
1558382874.185;200;0.797;0.796
1558382874.986;200;0.799;0.800
1558382875.712;200;0.723;0.724
1558382876.430;200;0.714;0.716
1558382877.236;200;0.804;0.804
1558382877.982;200;0.743;0.744
1558382878.705;200;0.721;0.724
1558382879.448;200;0.740;0.740
1558382880.245;200;0.794;0.792
1558382881.058;200;0.810;0.812
1558382881.825;200;0.765;0.764
1558382882.569;200;0.742;0.740
1558382883.364;200;0.792;0.792
1558382884.153;200;0.787;0.788
1558382884.900;200;0.744;0.744
1558382885.673;200;0.766;0.764
1558382886.416;200;0.739;0.740
1558382887.225;200;0.806;0.808
1558382887.967;200;0.739;0.740
1558382888.710;200;0.741;0.744
1558382889.449;200;0.737;0.736
1558382890.249;200;0.797;0.800
1558382890.966;200;0.715;0.716
1558382891.696;200;0.728;0.728
1558382892.487;200;0.789;0.788
1558382893.337;200;0.848;0.848
1558382894.067;200;0.727;0.728
1558382894.796;200;0.727;0.728
1558382895.592;200;0.794;0.792
1558382896.438;200;0.842;0.844
1558382897.174;200;0.732;0.732
1558382897.897;200;0.719;0.716
1558382898.653;200;0.753;0.756
1558382899.515;200;0.859;0.860
1558382900.230;200;0.712;0.712
1558382900.962;200;0.728;0.728
1558382901.650;200;0.685;0.688
1558382902.469;200;0.817;0.816
1558382903.213;200;0.742;0.744
1558382903.923;200;0.706;0.708
1558382904.692;200;0.768;0.768
1558382905.499;200;0.805;0.804
1558382906.244;200;0.743;0.744
1558382906.948;200;0.702;0.700
1558382907.711;200;0.760;0.760
1558382908.540;200;0.826;0.824
1558382909.298;200;0.755;0.756
1558382910.021;200;0.720;0.720
1558382910.761;200;0.737;0.740
1558382911.583;200;0.818;0.820
1558382912.312;200;0.727;0.728
1558382913.040;200;0.726;0.724
1558382913.795;200;0.751;0.752
1558382914.630;200;0.833;0.832
1558382915.361;200;0.729;0.732
1558382916.077;200;0.713;0.712
1558382916.849;200;0.770;0.768
1558382917.687;200;0.834;0.836
1558382918.444;200;0.755;0.752
1558382919.179;200;0.733;0.732
1558382919.918;200;0.737;0.740
1558382920.737;200;0.817;0.816
1558382921.474;200;0.735;0.736
1558382922.181;200;0.704;0.708
1558382922.914;200;0.730;0.732
1558382923.734;200;0.817;0.820
1558382924.477;200;0.741;0.740
1558382925.226;200;0.746;0.748
1558382925.975;200;0.747;0.748
1558382926.777;200;0.800;0.800
1558382927.504;200;0.725;0.724
1558382928.230;200;0.723;0.724
1558382928.961;200;0.728;0.732
1558382929.783;200;0.819;0.820
1558382930.507;200;0.722;0.724
1558382931.283;200;0.774;0.772
1558382932.045;200;0.760;0.760
1558382932.864;200;0.815;0.816
1558382933.631;200;0.765;0.764
1558382934.336;200;0.704;0.704
1558382935.108;200;0.770;0.768
1558382935.945;200;0.833;0.832
1558382936.661;200;0.714;0.712
1558382937.386;200;0.723;0.724
1558382938.182;200;0.793;0.792
1558382939.008;200;0.823;0.824
1558382939.745;200;0.736;0.736
1558382940.478;200;0.730;0.732
1558382941.226;200;0.745;0.748
1558382942.054;200;0.825;0.828
1558382942.788;200;0.731;0.732
1558382943.528;200;0.737;0.736
1558382944.269;200;0.738;0.736
1558382945.099;200;0.826;0.828
1558382945.834;200;0.733;0.736
1558382946.580;200;0.744;0.744
1558382947.335;200;0.753;0.752
1558382948.177;200;0.838;0.840
1558382948.912;200;0.732;0.732
1558382949.617;200;0.703;0.700
1558382950.400;200;0.780;0.780
1558382951.232;200;0.828;0.829
1558382952.002;200;0.767;0.768
1558382952.749;200;0.745;0.744
1558382953.505;200;0.754;0.752
1558382954.352;200;0.841;0.840
1558382955.080;200;0.726;0.724
1558382955.809;200;0.725;0.732
1558382956.566;200;0.751;0.756
1558382957.486;200;0.918;0.920
1558382958.224;200;0.735;0.736
1558382958.979;200;0.752;0.756
1558382959.769;200;0.788;0.788
1558382960.608;200;0.837;0.840
1558382961.329;200;0.720;0.724
1558382962.059;200;0.727;0.728
1558382962.804;200;0.742;0.744
1558382963.639;200;0.833;0.836
1558382964.391;200;0.751;0.752
1558382965.144;200;0.751;0.752
1558382965.927;200;0.780;0.780
1558382966.792;200;0.863;0.864
1558382967.532;200;0.737;0.740
1558382968.263;200;0.727;0.732
1558382969.002;200;0.736;0.740
1558382969.840;200;0.835;0.836
1558382970.569;200;0.727;0.728
1558382971.303;200;0.730;0.736
1558382972.095;200;0.790;0.792
1558382972.957;200;0.854;0.856
1558382973.704;200;0.744;0.748
1558382974.412;200;0.705;0.704
1558382975.166;200;0.752;0.756
1558382975.980;200;0.812;0.812
1558382976.729;200;0.745;0.748
1558382977.494;200;0.763;0.768
1558382978.243;200;0.745;0.748
1558382979.060;200;0.815;0.816
1558382979.815;200;0.753;0.756
1558382980.521;200;0.705;0.704
1558382981.264;200;0.740;0.744
1558382982.106;200;0.839;0.844
1558382982.839;200;0.731;0.732
1558382983.574;200;0.734;0.736
1558382984.320;200;0.744;0.744
1558382985.131;200;0.809;0.812
1558382985.857;200;0.725;0.724
1558382986.597;200;0.736;0.740
1558382987.339;200;0.740;0.740
1558382988.161;200;0.819;0.820
1558382988.881;200;0.718;0.724
1558382989.631;200;0.746;0.748
1558382990.444;200;0.810;0.808
1558382991.233;200;0.786;0.788
1558382991.965;200;0.729;0.732
1558382992.691;200;0.722;0.728
1558382993.480;200;0.787;0.788
1558382994.279;200;0.797;0.796
1558382995.022;200;0.742;0.744
1558382995.722;200;0.698;0.700
1558382996.485;200;0.760;0.760
1558382997.307;200;0.820;0.824
1558382998.031;200;0.721;0.724
1558382998.779;200;0.746;0.744
1558382999.530;200;0.749;0.752
1558383000.337;200;0.805;0.804
1558383001.068;200;0.729;0.728
1558383001.803;200;0.732;0.736
1558383002.576;200;0.771;0.772
1558383003.409;200;0.831;0.832
1558383004.161;200;0.750;0.752
1558383004.892;200;0.728;0.732
1558383005.558;200;0.664;0.668
1558383006.339;200;0.779;0.776
1558383007.061;200;0.720;0.724
1558383007.796;200;0.733;0.736
1558383008.497;200;0.698;0.700
1558383009.304;200;0.805;0.808
1558383010.057;200;0.752;0.752
1558383010.789;200;0.729;0.732
1558383011.551;200;0.759;0.764
1558383012.372;200;0.819;0.816
1558383013.125;200;0.751;0.752
1558383013.873;200;0.745;0.748
1558383014.610;200;0.735;0.740
1558383015.429;200;0.816;0.816
1558383016.163;200;0.731;0.736
1558383016.899;200;0.735;0.736
1558383017.589;200;0.688;0.688
1558383018.479;200;0.887;0.888
1558383019.209;200;0.728;0.732
1558383019.945;200;0.734;0.736
1558383020.696;200;0.749;0.752
1558383021.528;200;0.830;0.832
1558383022.256;200;0.726;0.728
1558383022.983;200;0.724;0.728
1558383023.723;200;0.738;0.736
1558383024.520;200;0.795;0.800
1558383025.263;200;0.741;0.744
1558383025.975;200;0.710;0.712
1558383026.708;200;0.731;0.728
1558383027.544;200;0.833;0.836
1558383028.284;200;0.737;0.736
1558383029.001;200;0.715;0.712
1558383029.739;200;0.736;0.740
1558383030.577;200;0.836;0.836
1558383031.335;200;0.757;0.760
1558383032.039;200;0.702;0.700
1558383032.800;200;0.759;0.760
1558383033.602;200;0.798;0.804
1558383034.328;200;0.724;0.724
1558383035.065;200;0.735;0.736
1558383035.819;200;0.752;0.756
1558383036.641;200;0.820;0.820
1558383037.379;200;0.735;0.740
1558383038.093;200;0.711;0.708
1558383038.846;200;0.750;0.756
1558383039.663;200;0.816;0.812
1558383040.390;200;0.725;0.732
1558383041.107;200;0.715;0.716
1558383041.857;200;0.748;0.748
1558383042.703;200;0.842;0.848
1558383043.451;200;0.746;0.748
1558383044.158;200;0.705;0.708
1558383044.918;200;0.757;0.760
1558383045.740;200;0.820;0.820
1558383046.483;200;0.740;0.740
1558383047.196;200;0.711;0.716
1558383047.985;200;0.786;0.784
1558383048.788;200;0.801;0.804
1558383049.529;200;0.740;0.740
1558383050.251;200;0.719;0.724
1558383051.044;200;0.791;0.792
1558383051.856;200;0.810;0.812
1558383052.653;200;0.765;0.768
1558383053.376;200;0.721;0.724
1558383054.120;200;0.742;0.744
1558383054.942;200;0.820;0.824
1558383055.679;200;0.735;0.732
1558383056.429;200;0.748;0.752
1558383057.233;200;0.800;0.804
1558383058.035;200;0.798;0.804
1558383058.760;200;0.723;0.720
1558383059.484;200;0.722;0.724
1558383060.224;200;0.737;0.740
1558383061.050;200;0.825;0.828
1558383061.802;200;0.750;0.748
1558383062.529;200;0.725;0.728
1558383063.283;200;0.752;0.752
1558383064.081;200;0.796;0.796
1558383064.816;200;0.732;0.736
1558383065.545;200;0.727;0.728
1558383066.309;200;0.762;0.764
1558383067.100;200;0.788;0.792
1558383067.844;200;0.742;0.744
1558383068.566;200;0.719;0.724
1558383069.297;200;0.729;0.724
1558383070.119;200;0.820;0.824
1558383070.851;200;0.730;0.732
1558383071.634;200;0.781;0.784
1558383072.387;200;0.751;0.752
1558383073.196;200;0.807;0.808
1558383073.952;200;0.753;0.756
1558383074.705;200;0.752;0.752
1558383075.473;200;0.764;0.760
1558383076.295;200;0.819;0.820
1558383077.023;200;0.727;0.732
1558383077.752;200;0.727;0.728
1558383078.459;200;0.703;0.708
1558383079.356;200;0.895;0.896
1558383080.115;200;0.758;0.760
1558383080.827;200;0.710;0.712
1558383081.560;200;0.731;0.732
1558383082.361;200;0.800;0.800
1558383083.108;200;0.745;0.744
1558383083.840;200;0.730;0.732
1558383084.620;200;0.779;0.780
1558383085.397;200;0.776;0.776
1558383086.164;200;0.765;0.768
1558383086.880;200;0.713;0.716
1558383087.673;200;0.791;0.792
1558383088.456;200;0.780;0.784
1558383089.195;200;0.737;0.740
1558383089.914;200;0.717;0.720
1558383090.676;200;0.760;0.760
1558383091.540;200;0.806;0.808
1558383092.289;200;0.748;0.744
1558383093.058;200;0.767;0.768
1558383093.855;200;0.796;0.800
1558383094.674;200;0.817;0.820
1558383095.427;200;0.751;0.748
1558383096.153;200;0.724;0.728
1558383096.886;200;0.730;0.732
1558383097.685;200;0.798;0.800
1558383098.427;200;0.739;0.740
1558383099.159;200;0.730;0.732
1558383099.933;200;0.772;0.776
1558383100.759;200;0.824;0.828
1558383101.520;200;0.759;0.760
1558383102.244;200;0.722;0.724
1558383102.998;200;0.751;0.752
1558383103.824;200;0.824;0.828
1558383104.539;200;0.713;0.716
1558383105.267;200;0.726;0.728
1558383106.003;200;0.734;0.736
1558383106.865;200;0.860;0.860
1558383107.603;200;0.736;0.740
1558383108.342;200;0.737;0.740
1558383109.076;200;0.732;0.732
1558383109.872;200;0.795;0.796
1558383110.614;200;0.739;0.744
1558383111.323;200;0.707;0.708
1558383112.068;200;0.743;0.744
1558383112.872;200;0.802;0.804
1558383113.629;200;0.755;0.756
1558383114.399;200;0.768;0.772
1558383115.153;200;0.752;0.752
1558383115.983;200;0.828;0.832
1558383116.726;200;0.741;0.740
1558383117.458;200;0.730;0.736
1558383118.225;200;0.764;0.764
1558383119.043;200;0.816;0.816
1558383119.792;200;0.746;0.748
1558383120.524;200;0.730;0.732
1558383121.328;200;0.802;0.800
1558383122.211;200;0.880;0.884
1558383122.981;200;0.769;0.768
1558383123.745;200;0.762;0.764
1558383124.528;200;0.781;0.784
1558383125.317;200;0.787;0.784
1558383126.065;200;0.747;0.748
1558383126.809;200;0.741;0.744
1558383127.573;200;0.761;0.764
1558383128.417;200;0.841;0.844
1558383129.159;200;0.738;0.740
1558383129.892;200;0.731;0.736
1558383130.647;200;0.753;0.756
1558383131.466;200;0.817;0.816
1558383132.211;200;0.743;0.748
1558383132.971;200;0.758;0.760
1558383133.705;200;0.732;0.732
1558383134.528;200;0.820;0.824
1558383135.257;200;0.726;0.728
1558383135.973;200;0.713;0.712
1558383136.714;200;0.739;0.740
1558383137.573;200;0.857;0.860
1558383138.351;200;0.773;0.772
1558383139.057;200;0.704;0.704
1558383139.837;200;0.777;0.780
1558383140.657;200;0.818;0.820
1558383141.400;200;0.740;0.744
1558383142.141;200;0.738;0.740
1558383142.875;200;0.731;0.736
1558383143.714;200;0.837;0.836
1558383144.464;200;0.748;0.752
1558383145.186;200;0.721;0.720
1558383145.933;200;0.740;0.740
1558383146.748;200;0.813;0.812
1558383147.474;200;0.724;0.724
1558383148.182;200;0.705;0.708
1558383148.929;200;0.744;0.748
1558383149.746;200;0.814;0.820
1558383150.496;200;0.748;0.744
1558383151.221;200;0.723;0.720
1558383151.950;200;0.727;0.728
1558383152.805;200;0.852;0.852
1558383153.541;200;0.734;0.736
1558383154.296;200;0.753;0.752
1558383155.053;200;0.754;0.756
1558383155.876;200;0.821;0.824
1558383156.608;200;0.730;0.732
1558383157.356;200;0.745;0.748
1558383158.061;200;0.702;0.704
1558383158.899;200;0.836;0.840
1558383159.649;200;0.748;0.748
1558383160.359;200;0.707;0.712
1558383161.099;200;0.738;0.740
1558383161.904;200;0.803;0.804
1558383162.649;200;0.743;0.744
1558383163.365;200;0.714;0.716
1558383164.141;200;0.774;0.776
1558383164.927;200;0.785;0.788
1558383165.652;200;0.723;0.724
1558383166.377;200;0.722;0.724
1558383167.137;200;0.758;0.756
1558383167.988;200;0.848;0.852
1558383168.726;200;0.736;0.736
1558383169.453;200;0.725;0.728
1558383170.252;200;0.797;0.800
1558383171.073;200;0.819;0.820
1558383171.833;200;0.757;0.760
1558383172.592;200;0.755;0.756
1558383173.297;200;0.703;0.704
1558383174.115;200;0.816;0.820
1558383174.859;200;0.743;0.740
1558383175.590;200;0.729;0.732
1558383176.372;200;0.780;0.784
1558383177.168;200;0.794;0.796
1558383177.891;200;0.720;0.724
1558383178.629;200;0.736;0.736
1558383179.372;200;0.741;0.744
1558383180.165;200;0.791;0.792
1558383180.901;200;0.734;0.736
1558383181.639;200;0.736;0.740
1558383182.359;200;0.718;0.720
1558383183.180;200;0.819;0.820
1558383183.942;200;0.760;0.760
1558383184.672;200;0.728;0.732
1558383185.435;200;0.762;0.764
1558383186.219;200;0.783;0.780
1558383186.951;200;0.730;0.736
1558383187.679;200;0.726;0.728
1558383188.425;200;0.744;0.744
1558383189.290;200;0.864;0.864
1558383190.025;200;0.734;0.736
1558383190.755;200;0.727;0.728
1558383191.479;200;0.723;0.728
1558383192.300;200;0.819;0.816
1558383193.046;200;0.745;0.748
1558383193.789;200;0.741;0.736
1558383194.543;200;0.752;0.756
1558383195.341;200;0.796;0.792
1558383196.072;200;0.729;0.732
1558383196.801;200;0.726;0.728
1558383197.531;200;0.728;0.732
1558383198.345;200;0.811;0.812
1558383199.078;200;0.731;0.732
1558383199.798;200;0.718;0.720
1558383200.567;200;0.767;0.772
1558383201.437;200;0.869;0.868
1558383202.186;200;0.747;0.748
1558383202.917;200;0.729;0.732
1558383203.647;200;0.727;0.732
1558383204.471;200;0.823;0.820
1558383205.221;200;0.748;0.748
1558383205.944;200;0.720;0.720
1558383206.737;200;0.791;0.792
1558383207.525;200;0.786;0.788
1558383208.244;200;0.716;0.716
1558383208.983;200;0.737;0.740
1558383209.719;200;0.734;0.736
1558383210.566;200;0.845;0.848
1558383211.318;200;0.750;0.748
1558383212.052;200;0.731;0.736
1558383212.813;200;0.759;0.760
1558383213.623;200;0.806;0.808
1558383214.357;200;0.732;0.736
1558383215.073;200;0.714;0.712
1558383215.842;200;0.767;0.768
1558383216.653;200;0.809;0.812
1558383217.390;200;0.736;0.736
1558383218.132;200;0.740;0.744
1558383218.868;200;0.734;0.736
1558383219.718;200;0.849;0.848
1558383220.495;200;0.776;0.776
1558383221.259;200;0.762;0.764
1558383222.024;200;0.763;0.768
1558383222.827;200;0.800;0.804
1558383223.578;200;0.749;0.748
1558383224.284;200;0.703;0.704
1558383225.049;200;0.764;0.764
1558383225.929;200;0.878;0.880
1558383226.671;200;0.740;0.744
1558383227.374;200;0.701;0.700
1558383228.159;200;0.783;0.788
1558383228.961;200;0.801;0.800
1558383229.727;200;0.763;0.768
1558383230.433;200;0.704;0.700
1558383231.220;200;0.784;0.788
1558383232.028;200;0.806;0.808
1558383232.765;200;0.736;0.736
1558383233.488;200;0.720;0.724
1558383234.265;200;0.775;0.772
1558383235.059;200;0.792;0.796
1558383235.777;200;0.716;0.716
1558383236.506;200;0.727;0.728
1558383237.290;200;0.782;0.784
1558383238.089;200;0.797;0.796
1558383238.812;200;0.720;0.724
1558383239.508;200;0.694;0.692
1558383240.269;200;0.760;0.756
1558383241.118;200;0.847;0.852
1558383241.851;200;0.731;0.732
1558383242.565;200;0.712;0.712
1558383243.331;200;0.764;0.764
1558383244.136;200;0.803;0.808
1558383244.910;200;0.772;0.772
1558383245.609;200;0.697;0.700
1558383246.290;200;0.678;0.680
1558383247.090;200;0.799;0.800
1558383247.822;200;0.730;0.732
1558383248.547;200;0.722;0.728
1558383249.326;200;0.777;0.776
1558383250.139;200;0.811;0.816
1558383250.872;200;0.731;0.732
1558383251.601;200;0.727;0.728
1558383252.404;200;0.801;0.804
1558383253.215;200;0.808;0.812
1558383253.988;200;0.772;0.772
1558383254.718;200;0.728;0.728
1558383255.481;200;0.761;0.764
1558383256.305;200;0.823;0.820
1558383257.060;200;0.753;0.756
1558383257.772;200;0.710;0.708
1558383258.487;200;0.712;0.713
1558383259.281;200;0.791;0.792
1558383260.052;200;0.769;0.772
1558383260.744;200;0.690;0.688
1558383261.489;200;0.743;0.744
1558383262.348;200;0.857;0.860
1558383263.080;200;0.730;0.728
1558383263.831;200;0.748;0.752
1558383264.573;200;0.741;0.740
1558383265.388;200;0.812;0.816
1558383266.138;200;0.748;0.748
1558383266.869;200;0.728;0.732
1558383267.597;200;0.725;0.728
1558383268.409;200;0.810;0.812
1558383269.148;200;0.736;0.736
1558383269.843;200;0.693;0.696
1558383270.588;200;0.743;0.744
1558383271.439;200;0.850;0.848
1558383272.183;200;0.743;0.744
1558383272.912;200;0.727;0.732
1558383273.585;200;0.672;0.672
1558383274.385;200;0.796;0.792
1558383275.127;200;0.740;0.744
1558383275.844;200;0.715;0.716
1558383276.643;200;0.798;0.800
1558383277.452;200;0.807;0.804
1558383278.188;200;0.734;0.736
1558383278.940;200;0.750;0.752
1558383279.700;200;0.758;0.760
1558383280.527;200;0.825;0.824
1558383281.272;200;0.743;0.744
1558383281.984;200;0.711;0.712
1558383282.748;200;0.762;0.764
1558383283.529;200;0.780;0.780
1558383284.265;200;0.735;0.736
1558383284.974;200;0.705;0.708
1558383285.691;200;0.715;0.720
1558383286.496;200;0.804;0.804
1558383287.235;200;0.736;0.740
1558383287.969;200;0.732;0.732
1558383288.675;200;0.703;0.708
1558383289.444;200;0.767;0.768
1558383290.227;200;0.781;0.784
1558383290.952;200;0.724;0.724
1558383291.736;200;0.783;0.780
1558383292.558;200;0.821;0.820
1558383293.314;200;0.754;0.756
1558383294.058;200;0.742;0.744
1558383294.810;200;0.750;0.752
1558383295.589;200;0.777;0.780
1558383296.333;200;0.742;0.744
1558383297.044;200;0.708;0.712
1558383297.827;200;0.781;0.784
1558383298.640;200;0.810;0.812
1558383299.353;200;0.711;0.712
1558383300.079;200;0.723;0.728
1558383300.844;200;0.763;0.764
1558383301.671;200;0.826;0.828
1558383302.397;200;0.725;0.720
1558383303.113;200;0.714;0.716
1558383303.867;200;0.750;0.756
1558383304.608;200;0.739;0.740
1558383305.362;200;0.751;0.752
1558383306.104;200;0.741;0.744
1558383306.864;200;0.758;0.760
1558383307.683;200;0.818;0.820
1558383308.430;200;0.745;0.744
1558383309.152;200;0.720;0.724
1558383309.927;200;0.773;0.776
1558383310.732;200;0.803;0.804
1558383311.476;200;0.742;0.744
1558383312.184;200;0.706;0.708
1558383312.949;200;0.763;0.764
1558383313.773;200;0.822;0.824
1558383314.500;200;0.725;0.728
1558383315.226;200;0.724;0.724
1558383315.965;200;0.737;0.740
1558383316.772;200;0.804;0.808
1558383317.528;200;0.755;0.756
1558383318.268;200;0.736;0.736
1558383319.027;200;0.756;0.760
1558383319.830;200;0.801;0.800
1558383320.543;200;0.711;0.716
1558383321.289;200;0.745;0.740
1558383322.004;200;0.714;0.716
1558383322.877;200;0.872;0.872
1558383323.614;200;0.735;0.736
1558383324.328;200;0.712;0.716
1558383325.063;200;0.734;0.736
1558383325.828;200;0.764;0.764
1558383326.548;200;0.719;0.720
1558383327.262;200;0.712;0.712
1558383328.040;200;0.776;0.780
1558383328.830;200;0.789;0.788
1558383329.564;200;0.732;0.736
1558383330.281;200;0.714;0.716
1558383331.031;200;0.747;0.752
1558383331.845;200;0.811;0.812
1558383332.601;200;0.754;0.756
1558383333.322;200;0.719;0.720
1558383334.072;200;0.748;0.752
1558383334.863;200;0.788;0.792
1558383335.594;200;0.730;0.728
1558383336.304;200;0.708;0.708
1558383337.028;200;0.723;0.724
1558383337.842;200;0.812;0.812
1558383338.605;200;0.759;0.760
1558383339.339;200;0.731;0.736
1558383340.058;200;0.717;0.716
1558383340.838;200;0.778;0.780
1558383341.595;200;0.755;0.760
1558383342.306;200;0.709;0.708
1558383343.029;200;0.722;0.724
1558383343.804;200;0.773;0.772
1558383344.555;200;0.748;0.752
1558383345.290;200;0.733;0.732
1558383346.040;200;0.749;0.752
1558383346.841;200;0.799;0.800
1558383347.605;200;0.761;0.764
1558383348.324;200;0.716;0.716
1558383349.104;200;0.777;0.780
1558383349.877;200;0.771;0.772
1558383350.624;200;0.745;0.744
1558383351.361;200;0.735;0.736
1558383352.139;200;0.776;0.780
1558383352.957;200;0.816;0.816
1558383353.711;200;0.752;0.752
1558383354.436;200;0.724;0.724
1558383355.179;200;0.742;0.744
1558383356.004;200;0.824;0.828
1558383356.743;200;0.737;0.736
1558383357.440;200;0.694;0.692
1558383358.166;200;0.723;0.724
1558383358.905;200;0.737;0.740
1558383359.687;200;0.780;0.780
1558383360.433;200;0.745;0.744
1558383361.149;200;0.714;0.716
1558383361.952;200;0.801;0.804
1558383362.701;200;0.747;0.748
1558383363.456;200;0.753;0.752
1558383364.208;200;0.748;0.752
1558383364.985;200;0.775;0.776
1558383365.721;200;0.734;0.736
1558383366.448;200;0.725;0.724
1558383367.194;200;0.745;0.744
1558383368.021;200;0.825;0.828
1558383368.765;200;0.742;0.744
1558383369.485;200;0.718;0.720
1558383370.216;200;0.728;0.732
1558383370.991;200;0.773;0.772
1558383371.723;200;0.731;0.736
1558383372.433;200;0.708;0.708
1558383373.207;200;0.772;0.776
1558383374.005;200;0.796;0.796
1558383374.744;200;0.736;0.740
1558383375.488;200;0.741;0.744
1558383376.219;200;0.730;0.728
1558383377.018;200;0.797;0.800
1558383377.736;200;0.717;0.716
1558383378.444;200;0.705;0.704
1558383379.255;200;0.810;0.812
1558383380.016;200;0.760;0.760
1558383380.729;200;0.712;0.708
1558383381.467;200;0.736;0.736
1558383382.222;200;0.753;0.756
1558383383.054;200;0.830;0.832
1558383383.822;200;0.766;0.768
1558383384.554;200;0.730;0.732
1558383385.319;200;0.763;0.764
1558383386.083;200;0.762;0.768
1558383386.841;200;0.756;0.756
1558383387.543;200;0.699;0.704
1558383388.245;200;0.699;0.700
1558383389.041;200;0.794;0.796
1558383389.757;200;0.711;0.712
1558383390.482;200;0.724;0.724
1558383391.221;200;0.737;0.740
1558383392.015;200;0.792;0.796
1558383392.738;200;0.721;0.720
1558383393.466;200;0.726;0.728
1558383394.240;200;0.772;0.776
1558383394.981;200;0.739;0.736
1558383395.728;200;0.744;0.744
1558383396.455;200;0.724;0.724
1558383397.159;200;0.702;0.708
1558383397.964;200;0.803;0.804
1558383398.703;200;0.738;0.740
1558383399.423;200;0.718;0.720
1558383400.171;200;0.747;0.748
1558383400.969;200;0.797;0.796
1558383401.716;200;0.745;0.748
1558383402.430;200;0.712;0.712
1558383403.179;200;0.748;0.752
1558383403.972;200;0.792;0.792
1558383404.736;200;0.763;0.760
1558383405.444;200;0.706;0.704
1558383406.170;200;0.724;0.724
1558383406.942;200;0.769;0.772
1558383407.686;200;0.743;0.744
1558383408.391;200;0.703;0.704
1558383409.164;200;0.772;0.776
1558383409.947;200;0.780;0.780
1558383410.661;200;0.713;0.716
1558383411.422;200;0.759;0.760
1558383412.165;200;0.741;0.744
1558383412.988;200;0.821;0.824
1558383413.779;200;0.789;0.792
1558383414.512;200;0.732;0.728
1558383415.261;200;0.748;0.752
1558383416.059;200;0.796;0.800
1558383416.810;200;0.750;0.748
1558383417.515;200;0.703;0.704
1558383418.301;200;0.781;0.780
1558383419.105;200;0.801;0.804
1558383419.861;200;0.753;0.756
1558383420.595;200;0.732;0.732
1558383421.349;200;0.753;0.752
1558383422.140;200;0.789;0.792
1558383422.885;200;0.743;0.744
1558383423.614;200;0.728;0.728
1558383424.358;200;0.742;0.744
1558383425.111;200;0.752;0.752
1558383425.871;200;0.758;0.760
1558383426.590;200;0.718;0.720
1558383427.364;200;0.772;0.776
1558383428.172;200;0.806;0.808
1558383428.911;200;0.737;0.740
1558383429.621;200;0.708;0.708
1558383430.384;200;0.761;0.760
1558383431.159;200;0.773;0.776
1558383431.886;200;0.723;0.724
1558383432.605;200;0.717;0.720
1558383433.364;200;0.756;0.760
1558383434.173;200;0.807;0.808
1558383434.919;200;0.744;0.748
1558383435.625;200;0.704;0.704
1558383436.357;200;0.730;0.732
1558383437.168;200;0.809;0.812
1558383437.926;200;0.756;0.756
1558383438.638;200;0.711;0.712
1558383439.377;200;0.737;0.740
1558383440.180;200;0.802;0.804
1558383440.922;200;0.739;0.740
1558383441.705;200;0.781;0.784
1558383442.451;200;0.743;0.744
1558383443.296;200;0.843;0.844
1558383444.036;200;0.738;0.740
1558383444.768;200;0.730;0.732
1558383445.509;200;0.740;0.740
1558383446.316;200;0.804;0.804
1558383447.039;200;0.722;0.724
1558383447.781;200;0.740;0.740
1558383448.536;200;0.752;0.752
1558383449.386;200;0.848;0.848
1558383450.131;200;0.743;0.748
1558383450.848;200;0.715;0.712
1558383451.660;200;0.810;0.812
1558383452.463;200;0.802;0.800
1558383453.192;200;0.727;0.732
1558383453.915;200;0.722;0.724
1558383454.660;200;0.743;0.744
1558383455.486;200;0.824;0.824
1558383456.231;200;0.743;0.744
1558383456.937;200;0.704;0.708
1558383457.692;200;0.752;0.756
1558383458.521;200;0.827;0.824
1558383459.269;200;0.746;0.748
1558383460.004;200;0.732;0.736
1558383460.765;200;0.759;0.760
1558383461.583;200;0.817;0.820
1558383462.345;200;0.760;0.760
1558383463.075;200;0.727;0.732
1558383463.823;200;0.746;0.748
1558383464.629;200;0.804;0.804
1558383465.365;200;0.735;0.736
1558383466.111;200;0.742;0.744
1558383466.860;200;0.747;0.752
1558383467.657;200;0.795;0.796
1558383468.401;200;0.742;0.744
1558383469.125;200;0.721;0.724
1558383469.865;200;0.738;0.740
1558383470.673;200;0.805;0.808
1558383471.416;200;0.741;0.744
1558383472.164;200;0.746;0.748
1558383472.956;200;0.790;0.792
1558383473.761;200;0.803;0.804
1558383474.521;200;0.758;0.756
1558383475.243;200;0.716;0.720
1558383476.020;200;0.775;0.776
1558383476.870;200;0.847;0.848
1558383477.609;200;0.737;0.740
1558383478.354;200;0.742;0.744
1558383479.074;200;0.718;0.720
1558383479.877;200;0.801;0.804
1558383480.638;200;0.758;0.760
1558383481.368;200;0.728;0.728
1558383482.138;200;0.769;0.768
1558383482.936;200;0.797;0.800
1558383483.715;200;0.776;0.780
1558383484.442;200;0.725;0.724
1558383485.195;200;0.751;0.756
1558383486.024;200;0.827;0.828
1558383486.768;200;0.741;0.744
1558383487.490;200;0.719;0.720
1558383488.189;200;0.697;0.700
1558383489.015;200;0.824;0.828
1558383489.744;200;0.725;0.724
1558383490.478;200;0.732;0.732
1558383491.223;200;0.743;0.748
1558383492.039;200;0.814;0.816
1558383492.771;200;0.730;0.732
1558383493.486;200;0.713;0.712
1558383494.247;200;0.758;0.760
1558383495.048;200;0.799;0.804
1558383495.811;200;0.762;0.760
1558383496.496;200;0.683;0.688
1558383497.223;200;0.724;0.724
1558383498.028;200;0.802;0.804
1558383498.770;200;0.741;0.740
1558383499.487;200;0.715;0.720
1558383500.232;200;0.743;0.744
1558383501.047;200;0.813;0.816
1558383501.779;200;0.730;0.728
1558383502.547;200;0.767;0.768
1558383503.310;200;0.762;0.764
1558383504.155;200;0.843;0.848
1558383504.884;200;0.727;0.728
1558383505.634;200;0.749;0.748
1558383506.390;200;0.754;0.756
1558383507.247;200;0.855;0.860
1558383508.002;200;0.752;0.752
1558383508.719;200;0.714;0.720
1558383509.483;200;0.762;0.760
1558383510.292;200;0.808;0.812
1558383511.019;200;0.724;0.728
1558383511.744;200;0.723;0.720
1558383512.546;200;0.799;0.800
1558383513.373;200;0.825;0.828
1558383514.132;200;0.758;0.760
1558383514.843;200;0.708;0.712
1558383515.598;200;0.753;0.752
1558383516.430;200;0.830;0.832
1558383517.148;200;0.716;0.720
1558383517.857;200;0.706;0.708
1558383518.596;200;0.736;0.736
1558383519.451;200;0.853;0.852
1558383520.208;200;0.755;0.760
1558383520.927;200;0.717;0.720
1558383521.702;200;0.773;0.772
1558383522.534;200;0.831;0.832
1558383523.293;200;0.756;0.756
1558383524.020;200;0.725;0.728
1558383524.768;200;0.745;0.748
1558383525.584;200;0.815;0.816
1558383526.333;200;0.748;0.744
1558383527.055;200;0.720;0.720
1558383527.779;200;0.723;0.724
1558383528.628;200;0.847;0.848
1558383529.367;200;0.738;0.736
1558383530.077;200;0.709;0.712
1558383530.789;200;0.711;0.712
1558383531.601;200;0.808;0.812
1558383532.337;200;0.733;0.736
1558383533.103;200;0.763;0.768
1558383533.855;200;0.750;0.752
1558383534.678;200;0.821;0.820
1558383535.435;200;0.755;0.756
1558383536.190;200;0.754;0.756
1558383536.941;200;0.749;0.752
1558383537.768;200;0.824;0.828
1558383538.513;200;0.743;0.744
1558383539.235;200;0.718;0.720
1558383539.961;200;0.725;0.728
1558383540.801;200;0.838;0.840
1558383541.562;200;0.758;0.760
1558383542.320;200;0.756;0.756
1558383543.109;200;0.786;0.784
1558383543.934;200;0.822;0.824
1558383544.706;200;0.770;0.772
1558383545.448;200;0.740;0.744
1558383546.176;200;0.726;0.728
1558383547.015;200;0.837;0.836
1558383547.772;200;0.755;0.760
1558383548.493;200;0.719;0.720
1558383549.249;200;0.753;0.756
1558383550.078;200;0.827;0.828
1558383550.810;200;0.731;0.732
1558383551.557;200;0.745;0.748
1558383552.322;200;0.763;0.764
1558383553.131;200;0.807;0.808
1558383553.884;200;0.752;0.756
1558383554.626;200;0.740;0.740
1558383555.369;200;0.740;0.744
1558383556.245;200;0.873;0.876
1558383556.977;200;0.730;0.732
1558383557.693;200;0.713;0.716
1558383558.448;200;0.752;0.752
1558383559.264;200;0.814;0.816
1558383560.006;200;0.740;0.740
1558383560.701;200;0.693;0.696
1558383561.445;200;0.742;0.744
1558383562.260;200;0.812;0.816
1558383563.014;200;0.752;0.752
1558383563.766;200;0.750;0.752
1558383564.521;200;0.753;0.756
1558383565.353;200;0.828;0.832
1558383566.079;200;0.724;0.725
1558383566.789;200;0.709;0.712
1558383567.565;200;0.773;0.776
1558383568.432;200;0.864;0.868
1558383569.199;200;0.766;0.764
1558383569.947;200;0.746;0.752
1558383570.742;200;0.793;0.792
1558383571.613;200;0.868;0.872
1558383572.354;200;0.739;0.740
1558383573.097;200;0.741;0.744
1558383573.884;200;0.784;0.788
1558383574.687;200;0.801;0.804
1558383575.434;200;0.745;0.744
1558383576.162;200;0.726;0.728
1558383576.910;200;0.746;0.748
1558383577.727;200;0.815;0.820
1558383578.459;200;0.729;0.728
1558383579.181;200;0.721;0.720
1558383579.931;200;0.748;0.748
1558383580.735;200;0.802;0.804
1558383581.468;200;0.731;0.732
1558383582.199;200;0.729;0.728
1558383582.963;200;0.762;0.768
1558383583.770;200;0.805;0.804
1558383584.515;200;0.742;0.744
1558383585.247;200;0.730;0.732
1558383585.993;200;0.744;0.748
1558383586.823;200;0.828;0.828
1558383587.576;200;0.752;0.756
1558383588.302;200;0.723;0.724
1558383589.067;200;0.763;0.764
1558383589.890;200;0.821;0.820
1558383590.632;200;0.740;0.744
1558383591.374;200;0.739;0.740
1558383592.185;200;0.807;0.808
1558383593.004;200;0.816;0.820
1558383593.796;200;0.790;0.788
1558383594.524;200;0.726;0.728
1558383595.292;200;0.766;0.764
1558383596.110;200;0.815;0.816
1558383596.860;200;0.748;0.752
1558383597.569;200;0.708;0.708
1558383598.351;200;0.778;0.780
1558383599.183;200;0.830;0.836
1558383599.909;200;0.724;0.724
1558383600.622;200;0.710;0.712
1558383601.400;200;0.776;0.780
1558383602.200;200;0.798;0.800
1558383602.948;200;0.746;0.748
1558383603.674;200;0.724;0.724
1558383604.425;200;0.749;0.752
1558383605.229;200;0.802;0.804
1558383605.974;200;0.743;0.744
1558383606.692;200;0.715;0.716
1558383607.449;200;0.755;0.756
1558383608.242;200;0.790;0.792
1558383608.993;200;0.750;0.752
1558383609.724;200;0.729;0.728
1558383610.411;200;0.684;0.684
1558383611.243;200;0.830;0.832
1558383612.025;200;0.780;0.784
1558383612.733;200;0.706;0.704
1558383613.520;200;0.784;0.788
1558383614.355;200;0.833;0.832
1558383615.105;200;0.749;0.748
1558383615.798;200;0.690;0.692
1558383616.558;200;0.758;0.760
1558383617.355;200;0.795;0.796
1558383618.109;200;0.752;0.748
1558383618.852;200;0.740;0.744
1558383619.644;200;0.790;0.792
1558383620.492;200;0.845;0.848
1558383621.249;200;0.755;0.756
1558383621.992;200;0.741;0.744
1558383622.737;200;0.742;0.744
1558383623.572;200;0.833;0.836
1558383624.351;200;0.777;0.776
1558383625.115;200;0.762;0.764
1558383625.881;200;0.764;0.768
1558383626.700;200;0.817;0.816
1558383627.457;200;0.756;0.752
1558383628.167;200;0.707;0.708
1558383628.904;200;0.735;0.736
1558383629.738;200;0.831;0.832
1558383630.481;200;0.741;0.744
1558383631.179;200;0.696;0.696
1558383631.928;200;0.747;0.752
1558383632.723;200;0.793;0.792
1558383633.482;200;0.758;0.760
1558383634.198;200;0.714;0.716
1558383635.003;200;0.803;0.804
1558383635.812;200;0.807;0.812
1558383636.541;200;0.727;0.728
1558383637.273;200;0.730;0.732
1558383638.029;200;0.752;0.756
1558383638.817;200;0.785;0.788
1558383639.555;200;0.736;0.736
1558383640.283;200;0.727;0.728
1558383641.063;200;0.778;0.780
1558383641.879;200;0.815;0.816
1558383642.620;200;0.740;0.744
1558383643.335;200;0.713;0.712
1558383644.081;200;0.744;0.744
1558383644.906;200;0.821;0.824
1558383645.669;200;0.762;0.764
1558383646.387;200;0.716;0.716
1558383647.175;200;0.786;0.788
1558383647.984;200;0.807;0.812
1558383648.720;200;0.735;0.732
1558383649.426;200;0.705;0.704
1558383650.184;200;0.756;0.760
1558383651.015;200;0.829;0.828
1558383651.773;200;0.756;0.760
1558383652.507;200;0.731;0.732
1558383653.253;200;0.744;0.748
1558383654.045;200;0.790;0.792
1558383654.770;200;0.722;0.724
1558383655.485;200;0.713;0.716
1558383656.236;200;0.749;0.748
1558383657.077;200;0.840;0.844
1558383657.811;200;0.730;0.732
1558383658.553;200;0.740;0.736
1558383659.299;200;0.745;0.744
1558383660.117;200;0.816;0.820
1558383660.855;200;0.735;0.736
1558383661.589;200;0.733;0.736
1558383662.411;200;0.819;0.820
1558383663.217;200;0.804;0.808
1558383663.956;200;0.736;0.740
1558383664.665;200;0.707;0.708
1558383665.400;200;0.733;0.736
1558383666.232;200;0.829;0.828
1558383666.966;200;0.732;0.732
1558383667.701;200;0.733;0.736
1558383668.437;200;0.733;0.736
1558383669.258;200;0.819;0.820
1558383669.993;200;0.733;0.736
1558383670.712;200;0.717;0.720
1558383671.503;200;0.789;0.788
1558383672.325;200;0.820;0.820
1558383673.053;200;0.727;0.728
1558383673.791;200;0.735;0.736
1558383674.575;200;0.782;0.784
1558383675.425;200;0.848;0.848
1558383676.173;200;0.745;0.748
1558383676.853;200;0.677;0.680
1558383677.544;200;0.689;0.692
1558383678.360;200;0.814;0.812
1558383679.087;200;0.726;0.724
1558383679.804;200;0.716;0.716
1558383680.565;200;0.760;0.760
1558383681.401;200;0.834;0.836
1558383682.156;200;0.753;0.756
1558383682.921;200;0.743;0.744
1558383683.683;200;0.760;0.760
1558383684.455;200;0.771;0.772
1558383685.191;200;0.735;0.736
1558383685.940;200;0.748;0.752
1558383686.740;200;0.798;0.800
1558383687.591;200;0.848;0.848
1558383688.322;200;0.729;0.732
1558383689.032;200;0.708;0.712
1558383689.780;200;0.747;0.748
1558383690.575;200;0.792;0.792
1558383691.310;200;0.734;0.736
1558383692.012;200;0.700;0.704
1558383692.767;200;0.753;0.752
1558383693.564;200;0.795;0.796
1558383694.299;200;0.733;0.732
1558383694.999;200;0.699;0.700
1558383695.788;200;0.787;0.792
1558383696.575;200;0.785;0.784
1558383697.312;200;0.735;0.736
1558383698.093;200;0.778;0.780
1558383698.833;200;0.738;0.740
1558383699.627;200;0.793;0.792
1558383700.367;200;0.739;0.740
1558383701.087;200;0.718;0.720
1558383701.880;200;0.791;0.792
1558383702.670;200;0.788;0.788
1558383703.429;200;0.757;0.760
1558383704.155;200;0.724;0.724
1558383704.892;200;0.735;0.736
1558383705.716;200;0.823;0.820
1558383706.462;200;0.745;0.744
1558383707.182;200;0.718;0.720
1558383707.933;200;0.749;0.752
1558383708.746;200;0.810;0.812
1558383709.476;200;0.728;0.728
1558383710.198;200;0.719;0.720
1558383710.936;200;0.736;0.736
1558383711.734;200;0.797;0.800
1558383712.461;200;0.725;0.728
1558383713.181;200;0.718;0.720
1558383713.911;200;0.728;0.728
1558383714.695;200;0.783;0.784
1558383715.452;200;0.755;0.760
1558383716.201;200;0.747;0.748
1558383716.959;200;0.756;0.756
1558383717.763;200;0.803;0.804
1558383718.507;200;0.742;0.744
1558383719.228;200;0.720;0.724
1558383720.018;200;0.787;0.788
1558383720.848;200;0.827;0.832
1558383721.599;200;0.749;0.748
1558383722.311;200;0.710;0.712
1558383723.055;200;0.743;0.744
1558383723.905;200;0.849;0.852
1558383724.664;200;0.756;0.756
1558383725.392;200;0.727;0.728
1558383726.140;200;0.746;0.748
1558383726.915;200;0.772;0.772
1558383727.689;200;0.773;0.772
1558383728.410;200;0.719;0.720
1558383729.163;200;0.752;0.752
1558383729.965;200;0.800;0.804
1558383730.724;200;0.757;0.756
1558383731.451;200;0.726;0.728
1558383732.224;200;0.771;0.776
1558383733.032;200;0.806;0.808
1558383733.808;200;0.775;0.772
1558383734.527;200;0.718;0.716
1558383735.269;200;0.740;0.744
1558383736.088;200;0.817;0.820
1558383736.817;200;0.726;0.728
1558383737.538;200;0.718;0.720
1558383738.280;200;0.740;0.740
1558383739.079;200;0.798;0.796
1558383739.830;200;0.750;0.752
1558383740.580;200;0.748;0.748
1558383741.357;200;0.775;0.776
1558383742.139;200;0.780;0.780
1558383742.901;200;0.761;0.764
1558383743.625;200;0.720;0.724
1558383744.373;200;0.746;0.748
1558383745.208;200;0.833;0.832
1558383745.951;200;0.742;0.744
1558383746.708;200;0.756;0.760
1558383747.504;200;0.794;0.796
1558383748.345;200;0.837;0.836
1558383749.090;200;0.744;0.744
1558383749.803;200;0.711;0.712
1558383750.590;200;0.786;0.788
1558383751.395;200;0.803;0.804
1558383752.121;200;0.724;0.724
1558383752.843;200;0.720;0.720
1558383753.578;200;0.734;0.736
1558383754.395;200;0.814;0.816
1558383755.117;200;0.720;0.724
1558383755.868;200;0.748;0.752
1558383756.587;200;0.717;0.716
1558383757.425;200;0.836;0.840
1558383758.183;200;0.755;0.756
1558383758.876;200;0.691;0.692
1558383759.600;200;0.722;0.724
1558383760.370;200;0.767;0.768
1558383761.131;200;0.759;0.760
1558383761.884;200;0.751;0.752
1558383762.663;200;0.777;0.776
1558383763.513;200;0.848;0.848
1558383764.265;200;0.751;0.752
1558383764.975;200;0.708;0.708
1558383765.751;200;0.774;0.772
1558383766.573;200;0.820;0.824
1558383767.328;200;0.753;0.752
1558383768.045;200;0.715;0.716
1558383768.799;200;0.752;0.752
1558383769.646;200;0.845;0.848
1558383770.413;200;0.764;0.764
1558383771.116;200;0.701;0.700
1558383771.855;200;0.735;0.736
1558383772.656;200;0.799;0.800
1558383773.405;200;0.748;0.748
1558383774.125;200;0.719;0.720
1558383774.895;200;0.768;0.768
1558383775.732;200;0.835;0.836
1558383776.484;200;0.751;0.748
1558383777.184;200;0.699;0.696
1558383777.926;200;0.739;0.740
1558383778.729;200;0.801;0.804
1558383779.451;200;0.718;0.720
1558383780.179;200;0.727;0.728
1558383780.932;200;0.751;0.756
1558383781.745;200;0.811;0.812
1558383782.497;200;0.749;0.752
1558383783.256;200;0.757;0.760
1558383784.029;200;0.771;0.772
1558383784.870;200;0.839;0.840
1558383785.617;200;0.745;0.748
1558383786.328;200;0.709;0.708
1558383787.090;200;0.761;0.760
1558383787.905;200;0.813;0.816
1558383788.648;200;0.740;0.740
1558383789.401;200;0.751;0.752
1558383790.148;200;0.745;0.748
1558383790.946;200;0.795;0.796
1558383791.675;200;0.727;0.728
1558383792.384;200;0.708;0.708
1558383793.107;200;0.722;0.720
1558383793.904;200;0.796;0.800
1558383794.687;200;0.782;0.780
1558383795.404;200;0.715;0.720
1558383796.151;200;0.745;0.744
1558383796.985;200;0.833;0.832
1558383797.725;200;0.739;0.740
1558383798.443;200;0.715;0.716
1558383799.219;200;0.774;0.776
1558383800.018;200;0.797;0.800
1558383800.737;200;0.717;0.720
1558383801.449;200;0.710;0.712
1558383802.229;200;0.778;0.780
1558383803.027;200;0.796;0.796
1558383803.783;200;0.754;0.756
1558383804.505;200;0.720;0.724
1558383805.245;200;0.738;0.740
1558383806.040;200;0.793;0.792
1558383806.773;200;0.732;0.732
1558383807.538;200;0.763;0.764
1558383808.240;200;0.700;0.704
1558383809.047;200;0.805;0.804
1558383809.771;200;0.722;0.724
1558383810.516;200;0.743;0.744
1558383811.253;200;0.735;0.736
1558383812.059;200;0.804;0.804
