timestamp;status;request_time;upstream_response_time
1558387047.211;200;0.766;0.768
1558387047.963;200;0.714;0.716
1558387048.766;200;0.795;0.796
1558387049.566;200;0.796;0.796
1558387050.324;200;0.754;0.752
1558387051.035;200;0.706;0.708
1558387051.804;200;0.747;0.744
1558387052.614;200;0.801;0.804
1558387053.382;200;0.764;0.764
1558387054.111;200;0.725;0.724
1558387054.918;200;0.800;0.800
1558387055.689;200;0.763;0.760
1558387056.430;200;0.738;0.740
1558387057.156;200;0.721;0.720
1558387057.901;200;0.742;0.744
1558387058.699;200;0.794;0.796
1558387059.462;200;0.757;0.756
1558387060.197;200;0.732;0.728
1558387060.952;200;0.752;0.752
1558387061.765;200;0.808;0.812
1558387062.503;200;0.734;0.736
1558387063.221;200;0.713;0.712
1558387063.968;200;0.744;0.744
1558387064.758;200;0.787;0.788
1558387065.485;200;0.723;0.720
1558387066.212;200;0.723;0.720
1558387066.973;200;0.757;0.756
1558387067.820;200;0.844;0.844
1558387068.541;200;0.718;0.716
1558387069.259;200;0.715;0.716
1558387070.025;200;0.762;0.760
1558387070.823;200;0.794;0.796
1558387071.562;200;0.735;0.736
1558387072.297;200;0.731;0.732
1558387073.051;200;0.750;0.748
1558387073.853;200;0.798;0.796
1558387074.609;200;0.751;0.748
1558387075.331;200;0.719;0.720
1558387076.130;200;0.793;0.792
1558387076.941;200;0.806;0.804
1558387077.678;200;0.734;0.736
1558387078.411;200;0.729;0.728
1558387079.136;200;0.721;0.720
1558387079.938;200;0.798;0.800
1558387080.658;200;0.716;0.716
1558387081.395;200;0.733;0.732
1558387082.167;200;0.766;0.764
1558387082.984;200;0.813;0.812
1558387083.715;200;0.723;0.724
1558387084.443;200;0.725;0.724
1558387085.195;200;0.748;0.748
1558387086.003;200;0.804;0.804
1558387086.748;200;0.739;0.740
1558387087.470;200;0.719;0.720
1558387088.218;200;0.744;0.744
1558387089.030;200;0.808;0.808
1558387089.794;200;0.761;0.760
1558387090.537;200;0.740;0.736
1558387091.306;200;0.765;0.768
1558387092.087;200;0.777;0.776
1558387092.825;200;0.734;0.736
1558387093.555;200;0.726;0.728
1558387094.295;200;0.736;0.736
1558387095.077;200;0.778;0.776
1558387095.815;200;0.734;0.736
1558387096.542;200;0.723;0.724
1558387097.277;200;0.730;0.728
1558387098.065;200;0.785;0.784
1558387098.781;200;0.714;0.712
1558387099.526;200;0.741;0.744
1558387100.275;200;0.747;0.748
1558387101.067;200;0.787;0.788
1558387101.790;200;0.719;0.720
1558387102.507;200;0.713;0.712
1558387103.258;200;0.747;0.748
1558387104.113;200;0.853;0.852
1558387104.855;200;0.741;0.740
1558387105.589;200;0.731;0.732
1558387106.386;200;0.794;0.796
1558387107.177;200;0.787;0.784
1558387107.897;200;0.718;0.716
1558387108.589;200;0.689;0.688
1558387109.372;200;0.778;0.776
1558387110.193;200;0.814;0.816
1558387110.926;200;0.730;0.732
1558387111.641;200;0.712;0.716
1558387112.369;200;0.725;0.724
1558387113.194;200;0.813;0.812
1558387113.942;200;0.744;0.744
1558387114.663;200;0.718;0.716
1558387115.454;200;0.786;0.788
1558387116.246;200;0.789;0.792
1558387116.989;200;0.740;0.740
1558387117.737;200;0.744;0.744
1558387118.505;200;0.765;0.768
1558387119.326;200;0.818;0.820
1558387120.118;200;0.788;0.788
1558387120.846;200;0.724;0.724
1558387121.601;200;0.751;0.752
1558387122.415;200;0.810;0.812
1558387123.142;200;0.720;0.720
1558387123.841;200;0.695;0.692
1558387124.617;200;0.728;0.728
1558387125.449;200;0.830;0.829
1558387126.194;200;0.743;0.744
1558387126.932;200;0.733;0.732
1558387127.698;200;0.764;0.764
1558387128.481;200;0.780;0.780
1558387129.234;200;0.750;0.752
1558387129.970;200;0.733;0.736
1558387130.718;200;0.744;0.748
1558387131.505;200;0.783;0.780
1558387132.269;200;0.761;0.764
1558387133.003;200;0.731;0.732
1558387133.740;200;0.734;0.732
1558387134.538;200;0.796;0.796
1558387135.297;200;0.758;0.760
1558387136.015;200;0.716;0.716
1558387136.775;200;0.756;0.760
1558387137.555;200;0.777;0.780
1558387138.286;200;0.727;0.732
1558387139.014;200;0.725;0.728
1558387139.813;200;0.795;0.796
1558387140.656;200;0.840;0.844
1558387141.367;200;0.708;0.712
1558387142.081;200;0.710;0.708
1558387142.842;200;0.758;0.764
1558387143.612;200;0.767;0.768
1558387144.352;200;0.737;0.740
1558387145.089;200;0.734;0.736
1558387145.868;200;0.777;0.780
1558387146.668;200;0.795;0.796
1558387147.407;200;0.736;0.740
1558387148.117;200;0.706;0.712
1558387148.874;200;0.752;0.756
1558387149.682;200;0.806;0.808
1558387150.382;200;0.698;0.696
1558387151.107;200;0.722;0.720
1558387151.943;200;0.831;0.832
1558387152.759;200;0.813;0.816
1558387153.520;200;0.758;0.760
1558387154.255;200;0.732;0.736
1558387155.000;200;0.742;0.740
1558387155.855;200;0.851;0.856
1558387156.604;200;0.746;0.748
1558387157.312;200;0.701;0.700
1558387158.047;200;0.732;0.736
1558387158.851;200;0.800;0.804
1558387159.585;200;0.731;0.732
1558387160.350;200;0.761;0.768
1558387161.151;200;0.797;0.800
1558387161.957;200;0.802;0.800
1558387162.683;200;0.723;0.728
1558387163.390;200;0.704;0.708
1558387164.141;200;0.749;0.748
1558387164.941;200;0.796;0.796
1558387165.663;200;0.720;0.724
1558387166.398;200;0.730;0.732
1558387167.217;200;0.814;0.816
1558387168.034;200;0.814;0.820
1558387168.805;200;0.768;0.764
1558387169.509;200;0.702;0.704
1558387170.245;200;0.734;0.736
1558387171.075;200;0.827;0.828
1558387171.785;200;0.707;0.708
1558387172.521;200;0.733;0.736
1558387173.283;200;0.759;0.764
1558387174.068;200;0.782;0.784
1558387174.817;200;0.744;0.744
1558387175.547;200;0.727;0.728
1558387176.295;200;0.744;0.744
1558387177.136;200;0.834;0.836
1558387177.896;200;0.757;0.760
1558387178.609;200;0.710;0.712
1558387179.285;200;0.674;0.676
1558387180.127;200;0.840;0.844
1558387180.858;200;0.728;0.732
1558387181.607;200;0.746;0.748
1558387182.407;200;0.797;0.800
1558387183.215;200;0.801;0.804
1558387183.963;200;0.744;0.748
1558387184.689;200;0.722;0.724
1558387185.441;200;0.749;0.752
1558387186.276;200;0.831;0.836
1558387187.029;200;0.747;0.748
1558387187.754;200;0.722;0.728
1558387188.517;200;0.755;0.752
1558387189.305;200;0.784;0.788
1558387190.053;200;0.743;0.744
1558387190.781;200;0.724;0.728
1558387191.549;200;0.760;0.760
1558387192.350;200;0.796;0.800
1558387193.105;200;0.750;0.752
1558387193.840;200;0.730;0.732
1558387194.655;200;0.813;0.812
1558387195.467;200;0.809;0.812
1558387196.205;200;0.735;0.736
1558387196.934;200;0.724;0.728
1558387197.692;200;0.755;0.756
1558387198.471;200;0.776;0.780
1558387199.198;200;0.721;0.724
1558387199.906;200;0.704;0.704
1558387200.654;200;0.746;0.752
1558387201.485;200;0.829;0.828
1558387202.209;200;0.719;0.720
1558387202.970;200;0.759;0.760
1558387203.751;200;0.779;0.784
1558387204.550;200;0.796;0.800
1558387205.279;200;0.727;0.728
1558387205.998;200;0.716;0.716
1558387206.741;200;0.738;0.740
1558387207.541;200;0.797;0.800
1558387208.263;200;0.719;0.724
1558387208.991;200;0.725;0.724
1558387209.750;200;0.757;0.756
1558387210.550;200;0.797;0.800
1558387211.286;200;0.732;0.736
1558387212.013;200;0.723;0.724
1558387212.780;200;0.763;0.768
1558387213.600;200;0.816;0.820
1558387214.328;200;0.725;0.728
1558387215.050;200;0.719;0.720
1558387215.763;200;0.710;0.716
1558387216.578;200;0.811;0.812
1558387217.321;200;0.735;0.736
1558387218.079;200;0.755;0.760
1558387218.820;200;0.734;0.736
1558387219.632;200;0.810;0.812
1558387220.374;200;0.739;0.744
1558387221.101;200;0.724;0.724
1558387221.853;200;0.747;0.744
1558387222.682;200;0.825;0.832
1558387223.413;200;0.727;0.728
1558387224.196;200;0.781;0.784
1558387224.929;200;0.729;0.732
1558387225.764;200;0.832;0.836
1558387226.499;200;0.731;0.732
1558387227.227;200;0.724;0.728
1558387227.983;200;0.751;0.752
1558387228.779;200;0.790;0.792
1558387229.514;200;0.732;0.736
1558387230.258;200;0.740;0.744
1558387230.991;200;0.729;0.732
1558387231.812;200;0.817;0.816
1558387232.560;200;0.743;0.740
1558387233.309;200;0.746;0.748
1558387234.055;200;0.741;0.744
1558387234.849;200;0.791;0.792
1558387235.612;200;0.761;0.764
1558387236.347;200;0.733;0.736
1558387237.074;200;0.721;0.724
1558387237.891;200;0.814;0.816
1558387238.663;200;0.768;0.772
1558387239.389;200;0.723;0.724
1558387240.135;200;0.744;0.748
1558387240.952;200;0.812;0.816
1558387241.698;200;0.743;0.744
1558387242.430;200;0.730;0.736
1558387243.173;200;0.739;0.736
1558387243.968;200;0.792;0.796
1558387244.710;200;0.739;0.744
1558387245.443;200;0.730;0.732
1558387246.210;200;0.764;0.764
1558387247.029;200;0.815;0.816
1558387247.782;200;0.750;0.756
1558387248.530;200;0.734;0.740
1558387249.280;200;0.746;0.748
1558387250.079;200;0.796;0.800
1558387250.833;200;0.751;0.752
1558387251.551;200;0.715;0.716
1558387252.291;200;0.736;0.740
1558387253.080;200;0.785;0.788
1558387253.830;200;0.744;0.748
1558387254.589;200;0.757;0.756
1558387255.191;200;0.598;0.596
1558387256.024;200;0.829;0.832
1558387256.794;200;0.765;0.768
1558387257.506;200;0.709;0.712
1558387258.318;200;0.808;0.812
1558387259.125;200;0.804;0.800
1558387259.854;200;0.727;0.732
1558387260.602;200;0.744;0.744
1558387261.370;200;0.765;0.768
1558387262.207;200;0.835;0.836
1558387262.954;200;0.745;0.752
1558387263.685;200;0.724;0.724
1558387264.457;200;0.770;0.772
1558387265.285;200;0.823;0.824
1558387265.973;200;0.686;0.688
1558387266.690;200;0.714;0.716
1558387267.436;200;0.742;0.744
1558387268.234;200;0.796;0.796
1558387268.957;200;0.722;0.724
1558387269.699;200;0.740;0.740
1558387270.434;200;0.732;0.732
1558387271.254;200;0.817;0.824
1558387271.989;200;0.732;0.732
1558387272.706;200;0.714;0.716
1558387273.482;200;0.773;0.780
1558387274.325;200;0.833;0.836
1558387275.046;200;0.716;0.720
1558387275.759;200;0.709;0.708
1558387276.523;200;0.761;0.764
1558387277.368;200;0.842;0.844
1558387278.099;200;0.728;0.732
1558387278.792;200;0.690;0.692
1558387279.577;200;0.782;0.784
1558387280.385;200;0.806;0.808
1558387281.135;200;0.747;0.748
1558387281.865;200;0.727;0.728
1558387282.548;200;0.680;0.680
1558387283.356;200;0.806;0.808
1558387284.119;200;0.760;0.760
1558387284.857;200;0.735;0.736
1558387285.591;200;0.732;0.736
1558387286.402;200;0.808;0.808
1558387287.119;200;0.713;0.716
1558387287.839;200;0.716;0.720
1558387288.535;200;0.692;0.696
1558387289.354;200;0.816;0.816
1558387290.105;200;0.739;0.740
1558387290.831;200;0.724;0.728
1558387291.571;200;0.737;0.736
1558387292.408;200;0.834;0.832
1558387293.191;200;0.778;0.784
1558387293.926;200;0.732;0.732
1558387294.699;200;0.770;0.772
1558387295.499;200;0.796;0.800
1558387296.229;200;0.728;0.728
1558387296.963;200;0.731;0.736
1558387297.651;200;0.680;0.684
1558387298.462;200;0.805;0.804
1558387299.244;200;0.780;0.780
1558387299.991;200;0.745;0.748
1558387300.766;200;0.773;0.772
1558387301.593;200;0.825;0.828
1558387302.352;200;0.757;0.760
1558387303.075;200;0.720;0.724
1558387303.856;200;0.777;0.780
1558387304.650;200;0.789;0.788
1558387305.390;200;0.736;0.736
1558387306.132;200;0.738;0.736
1558387306.926;200;0.789;0.788
1558387307.773;200;0.842;0.844
1558387308.501;200;0.726;0.728
1558387309.249;200;0.745;0.748
1558387309.974;200;0.723;0.724
1558387310.775;200;0.799;0.804
1558387311.507;200;0.730;0.728
1558387312.231;200;0.721;0.724
1558387312.983;200;0.748;0.752
1558387313.797;200;0.811;0.812
1558387314.549;200;0.750;0.752
1558387315.276;200;0.725;0.724
1558387316.072;200;0.792;0.796
1558387316.906;200;0.831;0.832
1558387317.632;200;0.723;0.728
1558387318.418;200;0.782;0.784
1558387319.052;200;0.631;0.636
1558387319.851;200;0.796;0.800
1558387320.586;200;0.732;0.732
1558387321.297;200;0.708;0.712
1558387321.935;200;0.635;0.640
1558387322.749;200;0.810;0.812
1558387323.493;200;0.741;0.744
1558387324.194;200;0.699;0.700
1558387324.982;200;0.785;0.788
1558387325.797;200;0.807;0.808
1558387326.533;200;0.734;0.736
1558387327.261;200;0.725;0.728
1558387328.010;200;0.746;0.748
1558387328.799;200;0.786;0.792
1558387329.537;200;0.736;0.736
1558387330.267;200;0.727;0.732
1558387331.074;200;0.803;0.804
1558387331.882;200;0.804;0.808
1558387332.655;200;0.769;0.772
1558387333.384;200;0.725;0.728
1558387334.122;200;0.734;0.736
1558387334.923;200;0.796;0.800
1558387335.687;200;0.760;0.764
1558387336.399;200;0.709;0.712
1558387337.139;200;0.734;0.740
1558387337.929;200;0.785;0.788
1558387338.670;200;0.736;0.740
1558387339.411;200;0.738;0.740
1558387340.174;200;0.760;0.764
1558387340.997;200;0.820;0.820
1558387341.745;200;0.746;0.748
1558387342.452;200;0.705;0.708
1558387343.236;200;0.782;0.784
1558387344.072;200;0.833;0.836
1558387344.805;200;0.731;0.732
1558387345.526;200;0.719;0.720
1558387346.312;200;0.783;0.788
1558387347.158;200;0.841;0.844
1558387347.899;200;0.738;0.744
1558387348.615;200;0.713;0.716
1558387349.292;200;0.674;0.676
1558387350.111;200;0.816;0.820
1558387350.890;200;0.774;0.776
1558387351.621;200;0.728;0.732
1558387352.349;200;0.726;0.728
1558387353.161;200;0.809;0.812
1558387353.894;200;0.731;0.736
1558387354.666;200;0.769;0.768
1558387355.414;200;0.745;0.752
1558387356.209;200;0.792;0.792
1558387356.970;200;0.756;0.756
1558387357.670;200;0.698;0.700
1558387358.416;200;0.743;0.744
1558387359.210;200;0.791;0.796
1558387359.989;200;0.776;0.772
1558387360.713;200;0.712;0.716
1558387361.463;200;0.747;0.752
1558387362.293;200;0.827;0.828
1558387363.039;200;0.741;0.744
1558387363.746;200;0.703;0.708
1558387364.523;200;0.774;0.776
1558387365.313;200;0.787;0.788
1558387366.077;200;0.761;0.764
1558387366.814;200;0.733;0.732
1558387367.640;200;0.818;0.820
1558387368.456;200;0.813;0.817
1558387369.202;200;0.743;0.744
1558387369.950;200;0.744;0.744
1558387370.710;200;0.756;0.756
1558387371.535;200;0.822;0.828
1558387372.304;200;0.766;0.768
1558387373.034;200;0.727;0.728
1558387373.759;200;0.723;0.728
1558387374.551;200;0.790;0.792
1558387375.294;200;0.741;0.740
1558387376.027;200;0.730;0.732
1558387376.770;200;0.739;0.740
1558387377.578;200;0.805;0.804
1558387378.351;200;0.770;0.772
1558387379.080;200;0.726;0.728
1558387379.834;200;0.752;0.752
1558387380.627;200;0.791;0.796
1558387381.360;200;0.731;0.732
1558387382.074;200;0.712;0.712
1558387382.829;200;0.751;0.748
1558387383.625;200;0.793;0.796
1558387384.371;200;0.743;0.744
1558387385.106;200;0.732;0.732
1558387385.812;200;0.699;0.704
1558387386.617;200;0.802;0.804
1558387387.415;200;0.793;0.796
1558387388.145;200;0.721;0.720
1558387388.882;200;0.735;0.740
1558387389.682;200;0.797;0.796
1558387390.434;200;0.749;0.748
1558387391.203;200;0.765;0.768
1558387391.993;200;0.787;0.788
1558387392.812;200;0.814;0.816
1558387393.567;200;0.750;0.756
1558387394.306;200;0.735;0.736
1558387395.076;200;0.758;0.760
1558387395.899;200;0.820;0.824
1558387396.646;200;0.743;0.748
1558387397.411;200;0.753;0.756
1558387398.147;200;0.733;0.732
1558387398.947;200;0.798;0.800
1558387399.680;200;0.731;0.732
1558387400.387;200;0.704;0.708
1558387401.143;200;0.753;0.756
1558387401.948;200;0.803;0.804
1558387402.679;200;0.729;0.732
1558387403.400;200;0.717;0.716
1558387404.188;200;0.785;0.788
1558387405.019;200;0.828;0.832
1558387405.780;200;0.751;0.752
1558387406.507;200;0.725;0.728
1558387407.287;200;0.776;0.780
1558387408.104;200;0.815;0.816
1558387408.830;200;0.723;0.724
1558387409.558;200;0.724;0.724
1558387410.292;200;0.732;0.736
1558387411.187;200;0.892;0.896
1558387411.910;200;0.720;0.720
1558387412.659;200;0.747;0.752
1558387413.418;200;0.757;0.756
1558387414.197;200;0.777;0.780
1558387414.956;200;0.757;0.760
1558387415.696;200;0.738;0.736
1558387416.452;200;0.751;0.752
1558387417.258;200;0.800;0.800
1558387417.993;200;0.732;0.732
1558387418.727;200;0.732;0.736
1558387419.478;200;0.736;0.736
1558387420.296;200;0.815;0.820
1558387421.069;200;0.771;0.772
1558387421.785;200;0.714;0.716
1558387422.566;200;0.778;0.780
1558387423.383;200;0.814;0.816
1558387424.145;200;0.758;0.760
1558387424.855;200;0.708;0.712
1558387425.632;200;0.773;0.776
1558387426.470;200;0.834;0.836
1558387427.212;200;0.736;0.740
1558387427.936;200;0.721;0.724
1558387428.683;200;0.743;0.748
1558387429.518;200;0.833;0.832
1558387430.268;200;0.747;0.752
1558387430.987;200;0.716;0.720
1558387431.766;200;0.774;0.776
1558387432.580;200;0.811;0.812
1558387433.330;200;0.746;0.748
1558387434.067;200;0.735;0.740
1558387434.847;200;0.777;0.780
1558387435.674;200;0.823;0.824
1558387436.453;200;0.775;0.776
1558387437.169;200;0.711;0.712
1558387437.932;200;0.760;0.764
1558387438.762;200;0.828;0.828
1558387439.500;200;0.736;0.736
1558387440.217;200;0.714;0.716
1558387440.959;200;0.740;0.744
1558387441.763;200;0.802;0.804
1558387442.555;200;0.790;0.792
1558387443.277;200;0.720;0.720
1558387444.026;200;0.747;0.748
1558387444.810;200;0.781;0.784
1558387445.549;200;0.737;0.740
1558387446.242;200;0.691;0.692
1558387447.029;200;0.783;0.784
1558387447.822;200;0.791;0.792
1558387448.560;200;0.736;0.740
1558387449.276;200;0.714;0.712
1558387449.970;200;0.691;0.692
1558387450.763;200;0.790;0.796
1558387451.517;200;0.751;0.752
1558387452.245;200;0.725;0.728
1558387453.025;200;0.777;0.780
1558387453.847;200;0.820;0.820
1558387454.586;200;0.737;0.736
1558387455.311;200;0.722;0.728
1558387456.069;200;0.756;0.756
1558387456.915;200;0.842;0.848
1558387457.662;200;0.744;0.744
1558387458.404;200;0.740;0.740
1558387459.169;200;0.761;0.764
1558387459.995;200;0.823;0.824
1558387460.758;200;0.759;0.760
1558387461.472;200;0.712;0.712
1558387462.225;200;0.750;0.752
1558387463.055;200;0.827;0.832
1558387463.788;200;0.730;0.732
1558387464.519;200;0.728;0.728
1558387465.255;200;0.734;0.736
1558387466.054;200;0.796;0.796
1558387466.804;200;0.746;0.748
1558387467.547;200;0.740;0.744
1558387468.315;200;0.765;0.768
1558387469.213;200;0.894;0.896
1558387469.927;200;0.713;0.716
1558387470.659;200;0.730;0.732
1558387471.397;200;0.734;0.736
1558387472.233;200;0.834;0.836
1558387472.953;200;0.718;0.716
1558387473.663;200;0.709;0.712
1558387474.437;200;0.772;0.772
1558387475.282;200;0.842;0.844
1558387476.006;200;0.721;0.720
1558387476.770;200;0.760;0.760
1558387477.543;200;0.769;0.772
1558387478.346;200;0.800;0.800
1558387479.078;200;0.730;0.732
1558387479.814;200;0.733;0.732
1558387480.583;200;0.766;0.768
1558387481.399;200;0.812;0.816
1558387482.154;200;0.752;0.752
1558387482.891;200;0.734;0.736
1558387483.632;200;0.739;0.740
1558387484.456;200;0.822;0.824
1558387485.187;200;0.728;0.732
1558387485.903;200;0.711;0.712
1558387486.658;200;0.753;0.756
1558387487.453;200;0.791;0.792
1558387488.174;200;0.719;0.720
1558387488.885;200;0.709;0.712
1558387489.660;200;0.773;0.772
1558387490.460;200;0.797;0.800
1558387491.213;200;0.751;0.752
1558387491.957;200;0.741;0.744
1558387492.698;200;0.739;0.740
1558387493.532;200;0.832;0.836
1558387494.283;200;0.749;0.748
1558387495.022;200;0.736;0.736
1558387495.768;200;0.742;0.744
1558387496.591;200;0.819;0.820
1558387497.333;200;0.738;0.740
1558387498.075;200;0.739;0.744
1558387498.819;200;0.741;0.744
1558387499.634;200;0.812;0.812
1558387500.369;200;0.733;0.736
1558387501.122;200;0.750;0.752
1558387501.859;200;0.733;0.732
1558387502.678;200;0.815;0.816
1558387503.405;200;0.722;0.724
1558387504.125;200;0.718;0.720
1558387504.875;200;0.747;0.752
1558387505.687;200;0.809;0.812
1558387506.435;200;0.746;0.744
1558387507.154;200;0.716;0.716
1558387507.904;200;0.747;0.752
1558387508.731;200;0.824;0.828
1558387509.480;200;0.747;0.748
1558387510.210;200;0.728;0.728
1558387511.009;200;0.796;0.796
1558387511.814;200;0.803;0.804
1558387512.517;200;0.699;0.700
1558387513.242;200;0.722;0.724
1558387513.948;200;0.703;0.704
1558387514.793;200;0.843;0.844
1558387515.557;200;0.762;0.764
1558387516.265;200;0.705;0.708
1558387517.027;200;0.758;0.756
1558387517.852;200;0.822;0.820
1558387518.588;200;0.733;0.732
1558387519.289;200;0.698;0.700
1558387520.062;200;0.771;0.772
1558387520.864;200;0.800;0.804
1558387521.595;200;0.728;0.728
1558387522.322;200;0.723;0.724
1558387523.052;200;0.727;0.732
1558387523.877;200;0.822;0.824
1558387524.630;200;0.750;0.752
1558387525.357;200;0.725;0.728
1558387526.059;200;0.699;0.704
1558387526.891;200;0.827;0.832
1558387527.626;200;0.731;0.732
1558387528.334;200;0.704;0.704
1558387529.071;200;0.732;0.736
1558387529.899;200;0.825;0.824
1558387530.638;200;0.736;0.736
1558387531.390;200;0.750;0.752
1558387532.163;200;0.771;0.772
1558387532.979;200;0.813;0.816
1558387533.701;200;0.719;0.720
1558387534.459;200;0.755;0.760
1558387535.210;200;0.747;0.748
1558387536.036;200;0.823;0.824
1558387536.775;200;0.736;0.740
1558387537.570;200;0.791;0.792
1558387538.286;200;0.714;0.716
1558387539.091;200;0.803;0.808
1558387539.826;200;0.722;0.724
1558387540.578;200;0.749;0.752
1558387541.348;200;0.767;0.772
1558387542.170;200;0.819;0.820
1558387542.963;200;0.791;0.796
1558387543.696;200;0.730;0.728
1558387544.435;200;0.736;0.736
1558387545.257;200;0.819;0.820
1558387546.013;200;0.754;0.752
1558387546.731;200;0.716;0.720
1558387547.530;200;0.795;0.796
1558387548.332;200;0.799;0.804
1558387549.074;200;0.737;0.740
1558387549.822;200;0.744;0.744
1558387550.595;200;0.771;0.772
1558387551.410;200;0.812;0.812
1558387552.165;200;0.754;0.756
1558387552.871;200;0.703;0.704
1558387553.622;200;0.748;0.748
1558387554.413;200;0.789;0.788
1558387555.178;200;0.763;0.764
1558387555.906;200;0.726;0.728
1558387556.686;200;0.778;0.780
1558387557.487;200;0.796;0.800
1558387558.226;200;0.736;0.736
1558387558.946;200;0.716;0.716
1558387559.694;200;0.745;0.744
1558387560.518;200;0.822;0.824
1558387561.265;200;0.744;0.752
1558387562.025;200;0.753;0.756
1558387562.811;200;0.784;0.784
1558387563.636;200;0.821;0.824
1558387564.419;200;0.780;0.780
1558387565.139;200;0.717;0.720
1558387565.851;200;0.710;0.708
1558387566.667;200;0.812;0.812
1558387567.424;200;0.754;0.756
1558387568.141;200;0.714;0.716
1558387568.931;200;0.788;0.788
1558387569.757;200;0.823;0.824
1558387570.489;200;0.730;0.732
1558387571.232;200;0.740;0.744
1558387571.991;200;0.756;0.756
1558387572.813;200;0.819;0.820
1558387573.555;200;0.741;0.740
1558387574.282;200;0.724;0.724
1558387575.047;200;0.762;0.764
1558387575.858;200;0.808;0.808
1558387576.583;200;0.723;0.724
1558387577.298;200;0.711;0.712
1558387577.985;200;0.683;0.684
1558387578.790;200;0.803;0.804
1558387579.537;200;0.741;0.744
1558387580.256;200;0.717;0.720
1558387581.002;200;0.744;0.744
1558387581.814;200;0.809;0.812
1558387582.555;200;0.738;0.744
1558387583.294;200;0.736;0.736
1558387584.079;200;0.784;0.784
1558387584.879;200;0.797;0.796
1558387585.603;200;0.722;0.724
1558387586.342;200;0.735;0.736
1558387587.114;200;0.769;0.772
1558387587.958;200;0.841;0.840
1558387588.708;200;0.749;0.748
1558387589.423;200;0.713;0.716
1558387590.210;200;0.784;0.784
1558387591.079;200;0.865;0.864
1558387591.813;200;0.732;0.732
1558387592.522;200;0.707;0.708
1558387593.271;200;0.747;0.752
1558387594.072;200;0.797;0.800
1558387594.813;200;0.738;0.740
1558387595.535;200;0.720;0.720
1558387596.304;200;0.767;0.768
1558387597.113;200;0.804;0.808
1558387597.859;200;0.744;0.744
1558387598.581;200;0.719;0.720
1558387599.385;200;0.786;0.788
1558387600.180;200;0.793;0.796
1558387600.926;200;0.743;0.744
1558387601.667;200;0.739;0.740
1558387602.424;200;0.754;0.756
1558387603.238;200;0.811;0.812
1558387604.014;200;0.774;0.776
1558387604.750;200;0.733;0.736
1558387605.500;200;0.748;0.752
1558387606.345;200;0.840;0.840
1558387607.085;200;0.736;0.740
1558387607.850;200;0.760;0.760
1558387608.593;200;0.740;0.744
1558387609.435;200;0.839;0.840
1558387610.190;200;0.752;0.752
1558387610.925;200;0.733;0.736
1558387611.722;200;0.795;0.796
1558387612.550;200;0.826;0.828
1558387613.297;200;0.745;0.748
1558387614.051;200;0.748;0.748
1558387614.802;200;0.749;0.752
1558387615.634;200;0.830;0.832
1558387616.360;200;0.724;0.728
1558387617.103;200;0.739;0.740
1558387617.901;200;0.796;0.800
1558387618.731;200;0.828;0.829
1558387619.463;200;0.730;0.736
1558387620.176;200;0.711;0.708
1558387620.928;200;0.750;0.752
1558387621.772;200;0.841;0.844
1558387622.500;200;0.725;0.728
1558387623.217;200;0.713;0.716
1558387623.862;200;0.642;0.644
1558387624.712;200;0.847;0.848
1558387625.440;200;0.725;0.728
1558387626.150;200;0.706;0.708
1558387626.902;200;0.749;0.752
1558387627.719;200;0.814;0.816
1558387628.447;200;0.725;0.724
1558387629.182;200;0.733;0.736
1558387629.930;200;0.746;0.748
1558387630.752;200;0.818;0.816
1558387631.507;200;0.743;0.744
1558387632.266;200;0.756;0.756
1558387633.042;200;0.772;0.772
1558387633.850;200;0.806;0.808
1558387634.623;200;0.771;0.772
1558387635.350;200;0.724;0.724
1558387636.130;200;0.777;0.776
1558387636.961;200;0.828;0.828
1558387637.706;200;0.743;0.744
1558387638.390;200;0.682;0.684
1558387639.205;200;0.812;0.812
1558387640.047;200;0.840;0.840
1558387640.789;200;0.739;0.740
1558387641.506;200;0.715;0.716
1558387642.195;200;0.685;0.684
1558387642.986;200;0.788;0.788
1558387643.716;200;0.728;0.728
1558387644.479;200;0.761;0.760
1558387645.224;200;0.742;0.744
1558387646.069;200;0.843;0.840
1558387646.827;200;0.755;0.756
1558387647.562;200;0.732;0.732
1558387648.318;200;0.752;0.752
1558387649.159;200;0.839;0.840
1558387649.891;200;0.729;0.728
1558387650.620;200;0.726;0.724
1558387651.379;200;0.755;0.756
1558387652.224;200;0.842;0.844
1558387652.968;200;0.742;0.744
1558387653.729;200;0.758;0.756
1558387654.534;200;0.803;0.804
1558387655.347;200;0.811;0.812
1558387656.105;200;0.752;0.756
1558387656.823;200;0.713;0.712
1558387657.573;200;0.747;0.748
1558387658.391;200;0.815;0.816
1558387659.133;200;0.740;0.744
1558387659.852;200;0.718;0.720
1558387660.641;200;0.786;0.788
1558387661.498;200;0.855;0.856
1558387662.288;200;0.788;0.792
1558387663.000;200;0.709;0.712
1558387663.781;200;0.779;0.780
1558387664.607;200;0.823;0.824
1558387665.342;200;0.732;0.732
1558387666.068;200;0.723;0.724
1558387666.874;200;0.801;0.804
1558387667.734;200;0.858;0.860
1558387668.489;200;0.751;0.752
1558387669.238;200;0.747;0.748
1558387669.986;200;0.746;0.748
1558387670.795;200;0.807;0.808
1558387671.526;200;0.729;0.728
1558387672.262;200;0.734;0.736
1558387673.011;200;0.747;0.748
1558387673.857;200;0.843;0.840
1558387674.585;200;0.726;0.724
1558387675.343;200;0.756;0.756
1558387676.096;200;0.748;0.752
1558387676.970;200;0.867;0.868
1558387677.711;200;0.737;0.736
1558387678.423;200;0.709;0.708
1558387679.149;200;0.719;0.720
1558387680.580;200;1.429;1.432
1558387681.317;200;0.730;0.732
1558387682.038;200;0.718;0.720
1558387682.789;200;0.749;0.752
1558387683.614;200;0.823;0.824
1558387684.349;200;0.732;0.736
1558387685.086;200;0.735;0.736
1558387685.846;200;0.758;0.760
1558387686.673;200;0.825;0.828
1558387687.413;200;0.737;0.740
1558387688.139;200;0.724;0.724
1558387688.882;200;0.741;0.740
1558387689.734;200;0.850;0.852
1558387690.479;200;0.742;0.744
1558387691.195;200;0.714;0.716
1558387691.968;200;0.770;0.768
1558387692.798;200;0.828;0.828
1558387693.557;200;0.757;0.760
1558387694.278;200;0.717;0.716
1558387695.042;200;0.760;0.760
1558387695.864;200;0.820;0.820
1558387696.597;200;0.730;0.732
1558387697.312;200;0.711;0.716
1558387698.060;200;0.745;0.744
1558387698.926;200;0.863;0.864
1558387699.681;200;0.753;0.756
1558387700.408;200;0.725;0.728
1558387701.213;200;0.802;0.804
1558387702.063;200;0.847;0.848
1558387702.823;200;0.756;0.756
1558387703.534;200;0.709;0.712
1558387704.314;200;0.777;0.780
1558387705.180;200;0.863;0.860
1558387705.907;200;0.724;0.724
1558387706.613;200;0.703;0.700
1558387707.410;200;0.792;0.792
1558387708.244;200;0.830;0.832
1558387708.964;200;0.717;0.716
1558387709.713;200;0.747;0.744
1558387710.479;200;0.764;0.764
1558387711.366;200;0.884;0.884
1558387712.095;200;0.726;0.728
1558387712.834;200;0.736;0.736
1558387713.587;200;0.749;0.748
1558387714.424;200;0.834;0.836
1558387715.184;200;0.757;0.760
1558387715.904;200;0.717;0.720
1558387716.642;200;0.735;0.736
1558387717.479;200;0.831;0.832
1558387718.200;200;0.718;0.716
1558387718.951;200;0.749;0.748
1558387719.727;200;0.773;0.772
1558387720.602;200;0.870;0.872
1558387721.349;200;0.744;0.748
1558387722.119;200;0.767;0.768
1558387722.933;200;0.810;0.812
1558387723.759;200;0.824;0.824
1558387724.485;200;0.722;0.724
1558387725.194;200;0.707;0.708
1558387725.950;200;0.752;0.752
1558387726.814;200;0.862;0.864
1558387727.556;200;0.737;0.740
1558387728.268;200;0.709;0.712
1558387729.075;200;0.804;0.804
1558387729.914;200;0.833;0.836
1558387730.642;200;0.725;0.724
1558387731.356;200;0.711;0.708
1558387732.113;200;0.754;0.756
1558387732.955;200;0.840;0.840
1558387733.695;200;0.736;0.736
1558387734.424;200;0.726;0.724
1558387735.204;200;0.778;0.776
1558387736.042;200;0.835;0.836
1558387736.785;200;0.740;0.740
1558387737.512;200;0.725;0.728
1558387738.266;200;0.751;0.752
1558387739.074;200;0.804;0.804
1558387739.814;200;0.737;0.740
1558387740.520;200;0.703;0.708
1558387741.289;200;0.766;0.768
1558387742.111;200;0.820;0.820
1558387742.877;200;0.764;0.764
1558387743.622;200;0.743;0.744
1558387744.389;200;0.765;0.768
1558387745.227;200;0.836;0.836
1558387745.956;200;0.726;0.728
1558387746.669;200;0.710;0.712
1558387747.464;200;0.792;0.796
1558387748.278;200;0.812;0.812
1558387749.037;200;0.756;0.760
1558387749.751;200;0.712;0.712
1558387750.522;200;0.767;0.768
1558387751.341;200;0.815;0.816
1558387752.094;200;0.751;0.752
1558387752.797;200;0.699;0.696
1558387753.578;200;0.779;0.780
1558387754.395;200;0.815;0.816
1558387755.133;200;0.735;0.736
1558387755.838;200;0.703;0.704
1558387756.627;200;0.786;0.788
1558387757.438;200;0.807;0.808
1558387758.170;200;0.729;0.732
1558387758.888;200;0.716;0.716
1558387759.706;200;0.815;0.816
1558387760.525;200;0.816;0.820
1558387761.269;200;0.742;0.744
1558387762.014;200;0.743;0.744
1558387762.795;200;0.780;0.780
1558387763.618;200;0.820;0.820
1558387764.361;200;0.741;0.744
1558387765.111;200;0.748;0.748
1558387765.881;200;0.767;0.768
1558387766.723;200;0.840;0.840
1558387767.464;200;0.738;0.740
1558387768.191;200;0.725;0.724
1558387768.943;200;0.750;0.752
1558387769.773;200;0.827;0.828
1558387770.517;200;0.742;0.744
1558387771.272;200;0.753;0.756
1558387772.037;200;0.764;0.760
1558387772.922;200;0.883;0.884
1558387773.662;200;0.739;0.740
1558387774.415;200;0.751;0.752
1558387775.172;200;0.755;0.760
1558387775.986;200;0.811;0.812
1558387776.766;200;0.777;0.780
1558387777.492;200;0.723;0.728
1558387778.283;200;0.789;0.788
1558387779.110;200;0.824;0.824
1558387779.850;200;0.738;0.740
1558387780.571;200;0.720;0.720
1558387781.370;200;0.797;0.800
1558387782.160;200;0.787;0.792
1558387782.925;200;0.764;0.764
1558387783.662;200;0.735;0.736
1558387784.413;200;0.748;0.752
1558387785.228;200;0.813;0.816
1558387785.976;200;0.746;0.748
1558387786.742;200;0.763;0.764
1558387787.471;200;0.726;0.724
1558387788.325;200;0.852;0.856
1558387789.078;200;0.751;0.752
1558387789.801;200;0.720;0.720
1558387790.589;200;0.786;0.788
1558387791.417;200;0.823;0.824
1558387792.182;200;0.763;0.764
1558387792.915;200;0.730;0.728
1558387793.690;200;0.772;0.772
1558387794.518;200;0.825;0.828
1558387795.264;200;0.744;0.744
1558387795.992;200;0.725;0.728
1558387796.794;200;0.800;0.800
1558387797.635;200;0.837;0.840
1558387798.413;200;0.775;0.772
1558387799.143;200;0.728;0.728
1558387799.913;200;0.767;0.764
1558387800.752;200;0.837;0.840
1558387801.502;200;0.748;0.748
1558387802.210;200;0.705;0.708
1558387802.957;200;0.744;0.748
1558387803.791;200;0.832;0.832
1558387804.565;200;0.772;0.776
1558387805.309;200;0.742;0.744
1558387806.069;200;0.758;0.760
1558387806.874;200;0.801;0.804
1558387807.619;200;0.744;0.744
1558387808.338;200;0.717;0.720
1558387809.134;200;0.793;0.796
1558387809.979;200;0.843;0.844
1558387810.742;200;0.759;0.760
1558387811.486;200;0.742;0.744
1558387812.319;200;0.831;0.832
1558387813.118;200;0.795;0.796
1558387813.876;200;0.757;0.756
1558387814.609;200;0.731;0.732
1558387815.433;200;0.822;0.820
1558387816.320;200;0.884;0.888
1558387817.053;200;0.730;0.728
1558387817.771;200;0.716;0.716
1558387818.530;200;0.757;0.760
1558387819.401;200;0.868;0.868
1558387820.178;200;0.775;0.776
1558387820.900;200;0.721;0.724
1558387821.698;200;0.796;0.796
1558387822.528;200;0.828;0.832
1558387823.266;200;0.736;0.736
1558387823.985;200;0.717;0.716
1558387824.750;200;0.763;0.764
1558387825.571;200;0.820;0.820
1558387826.337;200;0.762;0.764
1558387827.064;200;0.722;0.724
1558387827.873;200;0.806;0.808
1558387828.715;200;0.840;0.840
1558387829.426;200;0.707;0.708
1558387830.170;200;0.742;0.744
1558387830.945;200;0.774;0.776
1558387831.762;200;0.815;0.816
1558387832.524;200;0.759;0.764
1558387833.277;200;0.751;0.748
1558387834.066;200;0.788;0.788
1558387834.981;200;0.913;0.916
1558387835.718;200;0.735;0.736
1558387836.434;200;0.713;0.716
1558387837.165;200;0.728;0.732
1558387837.992;200;0.825;0.824
1558387838.759;200;0.765;0.764
1558387839.507;200;0.737;0.736
1558387840.305;200;0.795;0.796
1558387841.119;200;0.812;0.816
1558387841.860;200;0.737;0.740
1558387842.563;200;0.701;0.700
1558387843.354;200;0.789;0.788
1558387844.169;200;0.814;0.812
1558387844.916;200;0.745;0.748
1558387845.637;200;0.719;0.720
1558387846.442;200;0.803;0.804
1558387847.275;200;0.830;0.828
1558387848.016;200;0.739;0.740
1558387848.754;200;0.736;0.736
1558387849.518;200;0.762;0.764
1558387850.314;200;0.794;0.796
1558387851.071;200;0.756;0.756
1558387851.828;200;0.754;0.756
1558387852.523;200;0.693;0.696
1558387853.340;200;0.814;0.816
1558387854.084;200;0.742;0.740
1558387854.807;200;0.721;0.720
1558387855.570;200;0.761;0.760
1558387856.419;200;0.848;0.848
1558387857.127;200;0.705;0.704
1558387857.850;200;0.721;0.720
1558387858.633;200;0.781;0.784
1558387859.464;200;0.828;0.832
1558387860.202;200;0.736;0.736
1558387860.924;200;0.719;0.724
1558387861.701;200;0.775;0.776
1558387862.506;200;0.803;0.804
1558387863.260;200;0.751;0.756
1558387863.979;200;0.717;0.716
1558387864.797;200;0.814;0.816
1558387865.618;200;0.819;0.820
1558387866.358;200;0.737;0.740
1558387867.078;200;0.716;0.716
1558387867.845;200;0.765;0.768
1558387868.670;200;0.823;0.824
1558387869.414;200;0.741;0.740
1558387870.169;200;0.752;0.756
1558387870.946;200;0.774;0.776
1558387871.751;200;0.804;0.804
1558387872.495;200;0.740;0.740
1558387873.227;200;0.730;0.732
1558387873.995;200;0.765;0.764
1558387874.809;200;0.812;0.816
1558387875.567;200;0.757;0.756
1558387876.278;200;0.710;0.712
1558387877.082;200;0.800;0.800
1558387877.901;200;0.817;0.820
1558387878.669;200;0.765;0.768
1558387879.388;200;0.717;0.720
1558387880.169;200;0.779;0.780
1558387880.993;200;0.821;0.824
1558387881.741;200;0.746;0.748
1558387882.468;200;0.725;0.728
1558387883.227;200;0.758;0.756
1558387884.024;200;0.794;0.796
1558387884.778;200;0.753;0.752
1558387885.521;200;0.740;0.744
1558387886.343;200;0.820;0.824
1558387887.204;200;0.857;0.856
1558387887.940;200;0.731;0.732
1558387888.658;200;0.716;0.716
1558387889.429;200;0.770;0.772
1558387890.208;200;0.777;0.780
1558387890.968;200;0.758;0.760
1558387891.738;200;0.768;0.768
1558387892.526;200;0.785;0.788
1558387893.343;200;0.813;0.812
1558387894.079;200;0.734;0.736
1558387894.821;200;0.740;0.740
1558387895.573;200;0.750;0.752
1558387896.431;200;0.854;0.856
1558387897.239;200;0.804;0.803
1558387897.959;200;0.718;0.716
1558387898.730;200;0.769;0.772
1558387899.570;200;0.837;0.840
1558387900.303;200;0.730;0.732
1558387901.029;200;0.723;0.724
1558387901.862;200;0.830;0.832
1558387902.799;200;0.934;0.936
1558387903.608;200;0.806;0.808
1558387904.446;200;0.835;0.836
1558387905.229;200;0.780;0.784
1558387906.096;200;0.863;0.864
1558387906.902;200;0.803;0.804
1558387907.709;200;0.803;0.804
1558387908.585;200;0.873;0.876
1558387909.474;200;0.888;0.888
1558387910.210;200;0.733;0.736
1558387910.947;200;0.735;0.736
1558387911.723;200;0.773;0.772
1558387912.711;200;0.985;0.984
1558387913.550;200;0.837;0.836
1558387914.486;200;0.932;0.932
1558387915.337;200;0.850;0.852
1558387916.257;200;0.918;0.916
1558387917.120;200;0.860;0.860
1558387917.945;200;0.823;0.824
1558387918.908;200;0.961;0.964
1558387919.810;200;0.900;0.900
1558387920.624;200;0.811;0.812
1558387921.420;200;0.794;0.796
1558387922.269;200;0.846;0.848
1558387923.216;200;0.945;0.948
1558387924.022;200;0.804;0.804
1558387924.787;200;0.762;0.764
1558387925.629;200;0.839;0.836
1558387926.755;200;1.125;1.124
1558387930.712;502;3.953;0.924, 0.944, 1.000, 1.088, 0.000
1558387930.721;502;0.003;0.000, 0.000, 0.000, 0.004
1558387930.726;502;0.003;0.000, 0.000, 0.004, 0.000
1558387930.732;502;0.003;0.000, 0.000, 0.000, 0.000
1558387930.735;502;0.002;0.004, 0.000, 0.000, 0.000
1558387930.743;502;0.003;0.000, 0.004, 0.000, 0.000
1558387930.746;502;0.002;0.004, 0.000, 0.000, 0.000
1558387930.754;502;0.004;0.000, 0.000, 0.000, 0.004
1558387930.757;502;0.002;0.000, 0.000, 0.000, 0.004
1558387930.762;502;0.004;0.000, 0.000, 0.000, 0.004
1558387930.766;502;0.003;0.000, 0.000, 0.004, 0.000
1558387930.769;502;0.001;0.000, 0.000, 0.000, 0.004
1558387930.775;502;0.004;0.000, 0.004, 0.000, 0.000
1558387930.779;502;0.003;0.000, 0.004, 0.000, 0.000
1558387930.782;502;0.002;0.000, 0.004, 0.000, 0.000
1558387930.786;502;0.001;0.000, 0.004, 0.000, 0.000
1558387930.791;502;0.002;0.004, 0.000, 0.000, 0.000
1558387930.795;502;0.002;0.004, 0.000, 0.000, 0.000
1558387930.804;502;0.003;0.004, 0.000, 0.000, 0.000
1558387930.807;502;0.002;0.004, 0.000, 0.000, 0.000
1558387930.815;502;0.003;0.004, 0.000, 0.000, 0.000
1558387930.818;502;0.002;0.000, 0.000, 0.004, 0.000
1558387930.821;502;0.002;0.000, 0.000, 0.000, 0.004
1558387930.826;502;0.004;0.000, 0.000, 0.000, 0.004
1558387930.829;502;0.002;0.000, 0.000, 0.000, 0.000
1558387930.831;502;0.001;0.000, 0.000, 0.000, 0.000
1558387930.834;502;0.001;0.000, 0.004, 0.000, 0.000
1558387930.840;502;0.005;0.000, 0.004, 0.000, 0.000
1558387930.842;502;0.001;0.000, 0.004, 0.000, 0.000
1558387930.850;502;0.004;0.000, 0.000, 0.000, 0.004
1558387930.854;502;0.003;0.000, 0.000, 0.004, 0.000
1558387930.860;502;0.005;0.000, 0.004, 0.000, 0.000
1558387930.864;502;0.003;0.000, 0.000, 0.000, 0.000
1558387930.866;502;0.001;0.000, 0.004, 0.000, 0.000
1558387930.874;502;0.007;0.004, 0.004, 0.000, 0.000
1558387930.878;502;0.003;0.000, 0.000, 0.000, 0.004
1558387930.888;502;0.010;0.000, 0.008, 0.000, 0.000
1558387930.890;502;0.001;0.000, 0.004, 0.000, 0.000
1558387930.901;502;0.010;0.008, 0.000, 0.000, 0.000
1558387930.903;502;0.001;0.000, 0.000, 0.000, 0.000
1558387930.906;502;0.002;0.000, 0.004, 0.000, 0.000
1558387930.915;502;0.008;0.008, 0.000, 0.000, 0.000
1558387930.924;502;0.002;0.000, 0.000, 0.000, 0.000
1558387930.926;502;0.001;0.000, 0.004, 0.000, 0.000
1558387930.931;502;0.004;0.004, 0.000, 0.000, 0.000
1558387930.934;502;0.002;0.000, 0.000, 0.000, 0.004
1558387930.937;502;0.002;0.000, 0.000, 0.000, 0.000
1558387930.939;502;0.001;0.000, 0.000, 0.000, 0.000
1558387930.945;502;0.003;0.000, 0.000, 0.000, 0.000
1558387930.947;502;0.002;0.000, 0.000, 0.000, 0.000
1558387930.949;502;0.001;0.000, 0.000, 0.004, 0.000
1558387930.957;502;0.007;0.000, 0.000, 0.004, 0.000
1558387930.970;502;0.001;0.004, 0.000, 0.000, 0.000
1558387930.973;502;0.001;0.000, 0.000, 0.000, 0.000
1558387930.975;502;0.001;0.000, 0.000, 0.000, 0.000
1558387930.982;502;0.004;0.000, 0.000, 0.000, 0.004
1558387930.984;502;0.001;0.000, 0.000, 0.000, 0.000
1558387930.987;502;0.002;0.000, 0.000, 0.000, 0.000
1558387930.993;502;0.003;0.000, 0.000, 0.000, 0.000
1558387930.997;502;0.003;0.000, 0.000, 0.000, 0.004
1558387931.003;502;0.005;0.000, 0.000, 0.004, 0.000
1558387931.006;502;0.002;0.000, 0.004, 0.000, 0.000
1558387931.009;502;0.002;0.000, 0.000, 0.000, 0.000
1558387931.015;502;0.005;0.000, 0.000, 0.000, 0.004
1558387931.018;502;0.002;0.000, 0.000, 0.004, 0.000
1558387931.021;502;0.003;0.000, 0.000, 0.000, 0.000
1558387931.026;502;0.004;0.000, 0.000, 0.000, 0.004
1558387931.030;502;0.002;0.000, 0.004, 0.000, 0.000
1558387931.033;502;0.002;0.000, 0.000, 0.000, 0.000
1558387931.039;502;0.005;0.000, 0.000, 0.000, 0.004
1558387931.043;502;0.002;0.004, 0.000, 0.000, 0.000
1558387931.046;502;0.002;0.000, 0.000, 0.000, 0.004
1558387931.051;502;0.004;0.004, 0.000, 0.000, 0.000
1558387931.054;502;0.002;0.000, 0.004, 0.000, 0.000
1558387931.059;502;0.004;0.004, 0.000, 0.000, 0.000
1558387931.066;502;0.002;0.000, 0.004, 0.000, 0.000
1558387931.070;502;0.002;0.000, 0.000, 0.000, 0.004
1558387931.078;502;0.007;0.000, 0.004, 0.000, 0.004
1558387931.081;502;0.002;0.000, 0.000, 0.000, 0.000
1558387931.086;502;0.004;0.000, 0.000, 0.004, 0.000
1558387931.089;502;0.002;0.000, 0.000, 0.004, 0.000
1558387931.093;502;0.002;0.000, 0.000, 0.000, 0.000
1558387931.099;502;0.005;0.000, 0.000, 0.004, 0.000
1558387931.103;502;0.002;0.000, 0.000, 0.000, 0.000
1558387931.105;502;0.001;0.000, 0.000, 0.000, 0.004
1558387931.111;502;0.005;0.000, 0.000, 0.000, 0.004
1558387931.115;502;0.002;0.004, 0.000, 0.000, 0.000
1558387931.118;502;0.002;0.000, 0.000, 0.004, 0.000
1558387931.125;502;0.006;0.004, 0.000, 0.000, 0.000
1558387931.128;502;0.002;0.000, 0.000, 0.000, 0.000
1558387931.137;502;0.008;0.000, 0.000, 0.000, 0.004
1558387931.139;502;0.002;0.000, 0.000, 0.000, 0.000
1558387931.142;502;0.002;0.000, 0.004, 0.000, 0.000
1558387931.146;502;0.003;0.000, 0.000, 0.004, 0.000
1558387931.150;502;0.004;0.000, 0.004, 0.000, 0.000
1558387931.153;502;0.001;0.000, 0.000, 0.000, 0.000
1558387931.157;502;0.003;0.000, 0.000, 0.000, 0.004
1558387931.162;502;0.004;0.000, 0.004, 0.000, 0.000
1558387931.165;502;0.002;0.000, 0.000, 0.000, 0.000
1558387931.171;502;0.005;0.000, 0.000, 0.004, 0.000
1558387931.175;502;0.003;0.004, 0.000, 0.000, 0.000
1558387931.177;502;0.001;0.000, 0.000, 0.000, 0.004
1558387931.185;502;0.007;0.000, 0.000, 0.004, 0.004
1558387931.188;502;0.002;0.000, 0.000, 0.000, 0.000
1558387931.191;502;0.002;0.004, 0.000, 0.000, 0.000
1558387931.200;502;0.001;0.000, 0.000, 0.000, 0.000
1558387931.203;502;0.002;0.004, 0.000, 0.000, 0.000
1558387931.210;502;0.003;0.000, 0.000, 0.004, 0.000
1558387931.213;502;0.002;0.000, 0.000, 0.000, 0.000
1558387931.220;502;0.006;0.000, 0.000, 0.000, 0.008
1558387931.223;502;0.002;0.000, 0.000, 0.000, 0.000
1558387931.226;502;0.002;0.000, 0.000, 0.004, 0.000
1558387931.234;502;0.008;0.000, 0.008, 0.000, 0.000
1558387931.236;502;0.001;0.000, 0.000, 0.000, 0.000
1558387931.239;502;0.002;0.000, 0.000, 0.000, 0.000
1558387931.246;502;0.002;0.000, 0.004, 0.000, 0.000
1558387931.250;502;0.002;0.000, 0.004, 0.000, 0.000
1558387931.258;502;0.007;0.004, 0.000, 0.000, 0.004
1558387931.261;502;0.002;0.000, 0.000, 0.000, 0.000
1558387931.265;502;0.003;0.000, 0.000, 0.000, 0.000
1558387931.267;502;0.002;0.000, 0.000, 0.000, 0.000
1558387931.272;502;0.002;0.000, 0.000, 0.000, 0.000
1558387931.275;502;0.002;0.000, 0.000, 0.000, 0.000
1558387931.281;502;0.004;0.000, 0.000, 0.000, 0.000
1558387931.284;502;0.002;0.000, 0.000, 0.000, 0.000
1558387931.286;502;0.001;0.000, 0.004, 0.000, 0.000
1558387931.293;502;0.002;0.000, 0.000, 0.000, 0.000
1558387931.297;502;0.003;0.000, 0.000, 0.000, 0.000
1558387931.304;502;0.006;0.000, 0.004, 0.000, 0.000
1558387931.307;502;0.002;0.000, 0.000, 0.000, 0.000
1558387931.310;502;0.002;0.000, 0.000, 0.004, 0.000
1558387931.318;502;0.007;0.004, 0.000, 0.000, 0.004
1558387931.321;502;0.002;0.000, 0.000, 0.000, 0.000
1558387931.327;502;0.005;0.000, 0.000, 0.000, 0.004
1558387931.331;502;0.002;0.004, 0.000, 0.000, 0.000
1558387931.334;502;0.002;0.000, 0.000, 0.004, 0.000
1558387931.341;502;0.006;0.004, 0.000, 0.000, 0.000
1558387931.344;502;0.002;0.000, 0.000, 0.000, 0.000
1558387931.346;502;0.001;0.000, 0.004, 0.000, 0.000
1558387931.351;502;0.004;0.004, 0.000, 0.000, 0.000
1558387931.355;502;0.002;0.004, 0.000, 0.000, 0.000
1558387931.358;502;0.002;0.000, 0.000, 0.004, 0.000
1558387931.363;502;0.004;0.000, 0.004, 0.000, 0.000
1558387931.366;502;0.002;0.000, 0.004, 0.000, 0.000
1558387931.370;502;0.002;0.000, 0.000, 0.004, 0.000
1558387931.373;502;0.002;0.000, 0.000, 0.000, 0.000
1558387931.375;502;0.001;0.000, 0.000, 0.000, 0.000
1558387931.382;502;0.002;0.000, 0.000, 0.004, 0.000
1558387931.390;502;0.007;0.004, 0.000, 0.000, 0.004
1558387931.392;502;0.001;0.000, 0.000, 0.000, 0.000
1558387931.395;502;0.002;0.000, 0.000, 0.000, 0.000
1558387931.402;502;0.003;0.000, 0.000, 0.000, 0.004
1558387931.406;502;0.002;0.000, 0.004, 0.000, 0.000
1558387931.411;502;0.004;0.000, 0.004, 0.000, 0.000
1558387931.416;502;0.004;0.004, 0.000, 0.000, 0.000
1558387931.418;502;0.001;0.004, 0.000, 0.000, 0.000
1558387931.425;502;0.002;0.000, 0.000, 0.000, 0.000
1558387931.429;502;0.003;0.000, 0.000, 0.000, 0.004
1558387931.435;502;0.004;0.000, 0.004, 0.000, 0.000
1558387931.438;502;0.001;0.000, 0.004, 0.000, 0.000
1558387931.442;502;0.002;0.000, 0.004, 0.000, 0.000
1558387931.448;502;0.002;0.000, 0.000, 0.000, 0.000
1558387931.452;502;0.002;0.000, 0.000, 0.000, 0.000
1558387931.455;502;0.002;0.004, 0.000, 0.000, 0.000
1558387931.462;502;0.002;0.000, 0.000, 0.004, 0.000
1558387931.465;502;0.002;0.000, 0.000, 0.000, 0.000
1558387931.471;502;0.005;0.000, 0.004, 0.000, 0.000
1558387931.474;502;0.002;0.000, 0.004, 0.000, 0.000
1558387931.477;502;0.001;0.000, 0.000, 0.000, 0.004
1558387931.482;502;0.004;0.000, 0.000, 0.004, 0.000
1558387931.486;502;0.003;0.000, 0.000, 0.004, 0.000
1558387931.490;502;0.003;0.000, 0.000, 0.000, 0.004
1558387931.497;502;0.006;0.004, 0.000, 0.000, 0.004
1558387931.500;502;0.001;0.000, 0.000, 0.000, 0.000
1558387931.503;502;0.002;0.000, 0.000, 0.000, 0.000
1558387931.507;502;0.003;0.000, 0.004, 0.000, 0.000
1558387931.512;502;0.002;0.000, 0.000, 0.000, 0.000
1558387931.519;502;0.005;0.000, 0.000, 0.000, 0.004
1558387931.523;502;0.003;0.004, 0.000, 0.000, 0.000
1558387931.526;502;0.001;0.000, 0.004, 0.000, 0.000
1558387931.534;502;0.004;0.000, 0.000, 0.004, 0.000
1558387931.537;502;0.003;0.000, 0.000, 0.000, 0.000
1558387931.543;502;0.005;0.000, 0.000, 0.000, 0.004
1558387931.546;502;0.002;0.000, 0.004, 0.000, 0.000
1558387931.550;502;0.003;0.000, 0.000, 0.004, 0.000
1558387931.556;502;0.005;0.000, 0.004, 0.000, 0.000
1558387931.559;502;0.002;0.004, 0.000, 0.000, 0.000
1558387931.561;502;0.001;0.000, 0.000, 0.000, 0.000
1558387931.565;502;0.003;0.000, 0.000, 0.000, 0.004
1558387931.569;502;0.003;0.000, 0.000, 0.000, 0.004
1558387931.572;502;0.002;0.000, 0.000, 0.000, 0.000
1558387931.574;502;0.001;0.000, 0.004, 0.000, 0.000
1558387931.578;502;0.003;0.000, 0.004, 0.000, 0.000
1558387931.583;502;0.002;0.000, 0.004, 0.000, 0.000
1558387931.585;502;0.001;0.000, 0.000, 0.000, 0.004
1558387931.591;502;0.005;0.000, 0.000, 0.004, 0.000
1558387931.595;502;0.003;0.004, 0.000, 0.000, 0.000
1558387931.598;502;0.002;0.000, 0.000, 0.004, 0.000
1558387931.605;502;0.006;0.004, 0.000, 0.000, 0.004
1558387931.609;502;0.003;0.000, 0.000, 0.000, 0.000
1558387931.615;502;0.005;0.000, 0.000, 0.004, 0.000
1558387931.618;502;0.002;0.000, 0.000, 0.004, 0.000
1558387931.621;502;0.001;0.000, 0.000, 0.000, 0.004
1558387931.625;502;0.003;0.000, 0.000, 0.000, 0.004
1558387931.629;502;0.003;0.000, 0.000, 0.004, 0.000
1558387931.632;502;0.002;0.000, 0.000, 0.000, 0.000
1558387931.635;502;0.002;0.000, 0.000, 0.000, 0.000
1558387931.642;502;0.003;0.000, 0.004, 0.000, 0.000
1558387931.646;502;0.002;0.000, 0.004, 0.000, 0.000
1558387931.654;502;0.003;0.000, 0.000, 0.004, 0.000
1558387931.657;502;0.002;0.000, 0.000, 0.000, 0.004
1558387931.662;502;0.004;0.000, 0.000, 0.004, 0.000
1558387931.666;502;0.002;0.000, 0.000, 0.004, 0.000
1558387931.670;502;0.002;0.000, 0.000, 0.004, 0.000
1558387931.677;502;0.006;0.004, 0.000, 0.000, 0.000
1558387931.682;502;0.003;0.000, 0.000, 0.004, 0.000
1558387931.691;502;0.004;0.004, 0.000, 0.000, 0.000
1558387931.694;502;0.002;0.000, 0.000, 0.004, 0.000
1558387931.702;502;0.007;0.004, 0.000, 0.004, 0.000
1558387931.706;502;0.002;0.000, 0.000, 0.000, 0.004
1558387931.712;502;0.005;0.000, 0.004, 0.000, 0.000
1558387931.715;502;0.002;0.000, 0.000, 0.000, 0.000
1558387931.718;502;0.002;0.000, 0.004, 0.000, 0.000
1558387931.723;502;0.004;0.000, 0.004, 0.000, 0.000
1558387931.727;502;0.003;0.004, 0.000, 0.000, 0.000
1558387931.729;502;0.001;0.000, 0.000, 0.000, 0.004
1558387931.734;502;0.004;0.000, 0.000, 0.004, 0.000
1558387931.738;502;0.002;0.000, 0.004, 0.000, 0.000
1558387931.742;502;0.003;0.000, 0.000, 0.004, 0.000
1558387931.747;502;0.004;0.000, 0.004, 0.000, 0.000
1558387931.751;502;0.003;0.004, 0.000, 0.000, 0.000
1558387931.753;502;0.001;0.000, 0.000, 0.000, 0.004
1558387931.759;502;0.005;0.000, 0.000, 0.004, 0.000
1558387931.762;502;0.001;0.000, 0.004, 0.000, 0.000
1558387931.765;502;0.002;0.000, 0.000, 0.000, 0.000
1558387931.771;502;0.005;0.000, 0.000, 0.004, 0.000
1558387931.776;502;0.004;0.004, 0.000, 0.000, 0.000
1558387931.779;502;0.002;0.000, 0.000, 0.000, 0.000
1558387931.785;502;0.002;0.000, 0.000, 0.000, 0.000
1558387931.788;502;0.002;0.000, 0.000, 0.000, 0.000
1558387931.790;502;0.001;0.004, 0.000, 0.000, 0.000
1558387931.798;502;0.004;0.000, 0.000, 0.000, 0.004
1558387931.802;502;0.002;0.000, 0.000, 0.004, 0.000
1558387931.807;502;0.004;0.000, 0.000, 0.004, 0.000
1558387931.811;502;0.002;0.004, 0.000, 0.000, 0.000
1558387931.814;502;0.002;0.000, 0.004, 0.000, 0.000
1558387931.817;502;0.002;0.000, 0.000, 0.000, 0.004
1558387931.821;502;0.003;0.000, 0.000, 0.000, 0.000
1558387931.824;502;0.002;0.000, 0.000, 0.000, 0.000
1558387931.826;502;0.001;0.004, 0.000, 0.000, 0.000
1558387931.832;502;0.005;0.004, 0.000, 0.000, 0.000
1558387931.835;502;0.002;0.000, 0.000, 0.000, 0.000
1558387931.838;502;0.001;0.000, 0.004, 0.000, 0.000
1558387931.844;502;0.006;0.000, 0.004, 0.000, 0.000
1558387931.848;502;0.003;0.004, 0.000, 0.000, 0.000
1558387931.850;502;0.001;0.000, 0.004, 0.000, 0.000
1558387931.858;502;0.007;0.004, 0.000, 0.004, 0.000
1558387931.861;502;0.002;0.000, 0.000, 0.000, 0.004
1558387931.865;502;0.003;0.000, 0.000, 0.000, 0.004
1558387931.870;502;0.004;0.000, 0.000, 0.004, 0.000
1558387931.873;502;0.002;0.000, 0.000, 0.000, 0.000
1558387931.878;502;0.004;0.000, 0.000, 0.000, 0.000
1558387931.882;502;0.003;0.000, 0.000, 0.004, 0.000
1558387931.885;502;0.002;0.000, 0.000, 0.000, 0.004
1558387931.891;502;0.005;0.000, 0.000, 0.004, 0.000
1558387931.894;502;0.002;0.000, 0.004, 0.000, 0.000
1558387931.897;502;0.002;0.000, 0.000, 0.000, 0.004
1558387931.901;502;0.003;0.000, 0.000, 0.000, 0.000
1558387931.904;502;0.002;0.000, 0.000, 0.000, 0.000
1558387931.909;502;0.002;0.000, 0.000, 0.000, 0.004
1558387931.915;502;0.005;0.000, 0.000, 0.004, 0.000
1558387931.919;502;0.003;0.000, 0.004, 0.000, 0.000
1558387931.921;502;0.001;0.000, 0.000, 0.000, 0.004
1558387931.927;502;0.005;0.000, 0.000, 0.004, 0.000
1558387931.929;502;0.001;0.000, 0.000, 0.004, 0.000
1558387931.932;502;0.002;0.000, 0.000, 0.000, 0.000
1558387931.935;502;0.002;0.004, 0.000, 0.000, 0.000
1558387931.942;502;0.003;0.000, 0.000, 0.004, 0.000
1558387931.945;502;0.002;0.000, 0.000, 0.000, 0.000
1558387931.951;502;0.005;0.000, 0.000, 0.004, 0.000
1558387931.955;502;0.003;0.004, 0.000, 0.000, 0.000
1558387931.958;502;0.002;0.000, 0.000, 0.004, 0.000
1558387931.963;502;0.004;0.000, 0.004, 0.000, 0.000
1558387931.966;502;0.002;0.000, 0.000, 0.004, 0.000
1558387931.970;502;0.003;0.000, 0.000, 0.004, 0.000
1558387931.978;502;0.007;0.008, 0.000, 0.000, 0.000
1558387931.981;502;0.001;0.000, 0.000, 0.000, 0.004
1558387931.987;502;0.005;0.000, 0.000, 0.004, 0.000
1558387931.992;502;0.002;0.000, 0.000, 0.000, 0.000
1558387932.005;502;0.002;0.000, 0.000, 0.000, 0.000
1558387932.010;502;0.004;0.000, 0.000, 0.004, 0.000
1558387932.013;502;0.002;0.000, 0.000, 0.000, 0.004
1558387932.016;502;0.002;0.000, 0.000, 0.000, 0.000
1558387932.019;502;0.002;0.000, 0.000, 0.000, 0.000
1558387932.025;502;0.002;0.000, 0.000, 0.000, 0.000
1558387932.028;502;0.002;0.000, 0.000, 0.000, 0.000
1558387932.031;502;0.002;0.000, 0.000, 0.000, 0.000
1558387932.038;502;0.005;0.000, 0.000, 0.000, 0.004
1558387932.040;502;0.001;0.000, 0.000, 0.000, 0.000
1558387932.043;502;0.002;0.000, 0.000, 0.000, 0.000
1558387932.051;502;0.002;0.004, 0.000, 0.000, 0.000
1558387932.054;502;0.002;0.000, 0.000, 0.004, 0.000
1558387932.058;502;0.003;0.004, 0.000, 0.000, 0.000
1558387932.062;502;0.002;0.000, 0.000, 0.004, 0.000
1558387932.065;502;0.002;0.000, 0.000, 0.000, 0.000
1558387932.069;502;0.003;0.000, 0.000, 0.000, 0.000
1558387932.073;502;0.003;0.000, 0.000, 0.000, 0.004
1558387932.076;502;0.002;0.000, 0.000, 0.000, 0.000
1558387932.079;502;0.002;0.000, 0.000, 0.000, 0.000
1558387932.083;502;0.002;0.004, 0.000, 0.000, 0.000
1558387932.088;502;0.002;0.000, 0.000, 0.000, 0.000
1558387932.091;502;0.002;0.004, 0.000, 0.000, 0.000
1558387932.097;502;0.003;0.000, 0.000, 0.000, 0.004
1558387932.100;502;0.002;0.000, 0.000, 0.000, 0.000
1558387932.103;502;0.002;0.004, 0.000, 0.000, 0.000
1558387932.107;502;0.002;0.004, 0.000, 0.000, 0.000
1558387932.112;502;0.002;0.000, 0.000, 0.000, 0.000
1558387932.115;502;0.002;0.000, 0.000, 0.000, 0.000
1558387932.122;502;0.003;0.000, 0.000, 0.004, 0.000
1558387932.126;502;0.003;0.000, 0.000, 0.004, 0.000
1558387932.132;502;0.006;0.000, 0.004, 0.000, 0.000
1558387932.135;502;0.001;0.000, 0.000, 0.000, 0.000
1558387932.138;502;0.002;0.000, 0.000, 0.004, 0.000
1558387932.151;502;0.012;0.000, 0.008, 0.004, 0.000
1558387932.159;502;0.001;0.000, 0.000, 0.000, 0.000
1558387932.162;502;0.002;0.000, 0.000, 0.004, 0.000
1558387932.166;502;0.003;0.000, 0.004, 0.000, 0.000
1558387932.171;502;0.004;0.000, 0.004, 0.000, 0.000
1558387932.173;502;0.001;0.000, 0.000, 0.000, 0.000
1558387932.182;502;0.008;0.000, 0.000, 0.000, 0.008
1558387932.184;502;0.001;0.000, 0.000, 0.000, 0.000
1558387932.186;502;0.001;0.004, 0.000, 0.000, 0.000
1558387932.191;502;0.002;0.004, 0.000, 0.000, 0.000
1558387932.198;502;0.004;0.000, 0.000, 0.000, 0.004
1558387932.206;502;0.008;0.000, 0.004, 0.004, 0.000
1558387932.208;502;0.002;0.000, 0.000, 0.000, 0.000
1558387932.211;502;0.002;0.000, 0.000, 0.000, 0.000
1558387932.218;502;0.004;0.000, 0.000, 0.000, 0.004
1558387932.221;502;0.001;0.000, 0.000, 0.000, 0.004
1558387932.228;502;0.006;0.000, 0.000, 0.004, 0.000
1558387932.231;502;0.002;0.004, 0.000, 0.000, 0.000
1558387932.233;502;0.001;0.000, 0.000, 0.000, 0.004
1558387932.237;502;0.003;0.000, 0.000, 0.000, 0.000
1558387932.242;502;0.004;0.000, 0.000, 0.000, 0.004
1558387932.245;502;0.002;0.000, 0.000, 0.000, 0.000
1558387932.250;502;0.004;0.000, 0.000, 0.004, 0.000
1558387932.253;502;0.001;0.000, 0.000, 0.000, 0.004
1558387932.257;502;0.003;0.000, 0.000, 0.000, 0.000
1558387932.261;502;0.003;0.000, 0.000, 0.000, 0.004
1558387932.266;502;0.004;0.000, 0.000, 0.000, 0.004
1558387932.269;502;0.002;0.000, 0.000, 0.000, 0.000
1558387932.275;502;0.005;0.000, 0.000, 0.004, 0.000
1558387932.279;502;0.002;0.000, 0.000, 0.000, 0.000
1558387932.282;502;0.002;0.000, 0.000, 0.004, 0.000
1558387932.290;502;0.004;0.000, 0.000, 0.004, 0.000
1558387932.293;502;0.002;0.000, 0.000, 0.000, 0.000
1558387932.298;502;0.004;0.000, 0.000, 0.004, 0.000
1558387932.302;502;0.002;0.000, 0.000, 0.004, 0.000
1558387932.306;502;0.002;0.000, 0.000, 0.004, 0.000
1558387932.310;502;0.003;0.000, 0.004, 0.000, 0.000
1558387932.313;502;0.001;0.000, 0.000, 0.004, 0.000
1558387932.316;502;0.002;0.000, 0.000, 0.000, 0.000
1558387932.322;502;0.005;0.000, 0.000, 0.000, 0.004
1558387932.326;502;0.002;0.000, 0.004, 0.000, 0.000
1558387932.330;502;0.003;0.000, 0.000, 0.004, 0.000
1558387932.336;502;0.005;0.000, 0.004, 0.000, 0.000
1558387932.338;502;0.001;0.004, 0.000, 0.000, 0.000
1558387932.342;502;0.002;0.000, 0.000, 0.004, 0.000
1558387932.348;502;0.005;0.000, 0.004, 0.000, 0.000
1558387932.350;502;0.002;0.000, 0.000, 0.004, 0.000
1558387932.352;502;0.001;0.000, 0.000, 0.000, 0.000
1558387932.355;502;0.002;0.000, 0.000, 0.000, 0.000
1558387932.362;502;0.003;0.000, 0.000, 0.004, 0.000
1558387932.365;502;0.003;0.000, 0.000, 0.000, 0.000
1558387932.370;502;0.004;0.000, 0.004, 0.000, 0.000
1558387932.374;502;0.002;0.000, 0.004, 0.000, 0.000
1558387932.378;502;0.002;0.000, 0.004, 0.000, 0.000
1558387932.385;502;0.006;0.000, 0.004, 0.000, 0.004
1558387932.388;502;0.002;0.000, 0.000, 0.000, 0.000
1558387932.391;502;0.002;0.000, 0.000, 0.000, 0.000
1558387932.398;502;0.003;0.000, 0.000, 0.004, 0.000
1558387932.400;502;0.002;0.000, 0.000, 0.000, 0.000
1558387932.403;502;0.002;0.000, 0.000, 0.000, 0.000
1558387932.410;502;0.003;0.000, 0.000, 0.004, 0.000
1558387932.414;502;0.003;0.000, 0.000, 0.004, 0.000
1558387932.423;502;0.008;0.000, 0.008, 0.000, 0.000
1558387932.426;502;0.002;0.000, 0.004, 0.000, 0.000
1558387932.435;502;0.008;0.008, 0.000, 0.000, 0.000
1558387932.439;502;0.003;0.004, 0.000, 0.000, 0.000
1558387932.445;502;0.003;0.000, 0.000, 0.000, 0.004
1558387932.448;502;0.002;0.000, 0.000, 0.000, 0.000
1558387932.450;502;0.001;0.004, 0.000, 0.000, 0.000
1558387932.454;502;0.001;0.004, 0.000, 0.000, 0.000
1558387932.460;502;0.003;0.000, 0.000, 0.000, 0.000
1558387932.462;502;0.002;0.000, 0.004, 0.000, 0.000
1558387932.470;502;0.007;0.000, 0.004, 0.004, 0.000
1558387932.473;502;0.002;0.000, 0.000, 0.000, 0.004
1558387932.479;502;0.005;0.000, 0.000, 0.000, 0.004
1558387932.483;502;0.002;0.004, 0.000, 0.000, 0.000
1558387932.486;502;0.001;0.000, 0.004, 0.000, 0.000
1558387932.493;502;0.002;0.000, 0.000, 0.000, 0.000
1558387932.496;502;0.002;0.000, 0.000, 0.000, 0.000
1558387932.499;502;0.002;0.000, 0.000, 0.000, 0.000
1558387932.505;502;0.002;0.000, 0.000, 0.000, 0.004
1558387932.508;502;0.002;0.000, 0.000, 0.000, 0.000
1558387932.510;502;0.001;0.000, 0.004, 0.000, 0.000
1558387932.518;502;0.003;0.000, 0.000, 0.004, 0.000
1558387932.521;502;0.002;0.000, 0.000, 0.000, 0.000
1558387932.526;502;0.004;0.000, 0.000, 0.004, 0.000
1558387932.530;502;0.003;0.000, 0.000, 0.004, 0.000
1558387932.532;502;0.001;0.000, 0.000, 0.000, 0.000
1558387932.539;502;0.006;0.000, 0.000, 0.000, 0.004
1558387932.544;502;0.001;0.000, 0.000, 0.000, 0.000
1558387932.547;502;0.002;0.000, 0.000, 0.000, 0.000
1558387932.555;502;0.003;0.004, 0.000, 0.000, 0.000
1558387932.558;502;0.002;0.000, 0.000, 0.004, 0.000
1558387932.563;502;0.004;0.004, 0.000, 0.000, 0.000
1558387932.567;502;0.002;0.000, 0.000, 0.000, 0.000
1558387932.570;502;0.002;0.000, 0.004, 0.000, 0.000
1558387932.574;502;0.003;0.000, 0.004, 0.000, 0.000
1558387932.580;502;0.002;0.000, 0.000, 0.000, 0.000
1558387932.582;502;0.002;0.000, 0.004, 0.000, 0.000
1558387932.589;502;0.006;0.004, 0.000, 0.000, 0.000
1558387932.592;502;0.002;0.000, 0.000, 0.000, 0.000
1558387932.594;502;0.001;0.000, 0.004, 0.000, 0.000
1558387932.599;502;0.004;0.000, 0.004, 0.000, 0.000
1558387932.601;502;0.001;0.000, 0.000, 0.004, 0.000
1558387932.604;502;0.002;0.000, 0.000, 0.000, 0.000
1558387932.607;502;0.002;0.004, 0.000, 0.000, 0.000
1558387932.614;502;0.004;0.000, 0.000, 0.004, 0.000
1558387932.616;502;0.002;0.000, 0.000, 0.000, 0.000
1558387932.619;502;0.002;0.000, 0.000, 0.000, 0.000
1558387932.626;502;0.003;0.000, 0.000, 0.004, 0.000
1558387932.629;502;0.002;0.000, 0.000, 0.000, 0.000
1558387932.631;502;0.001;0.000, 0.000, 0.000, 0.000
1558387932.638;502;0.004;0.000, 0.000, 0.000, 0.004
1558387932.641;502;0.002;0.000, 0.000, 0.000, 0.000
1558387932.647;502;0.005;0.000, 0.000, 0.000, 0.004
1558387932.652;502;0.004;0.004, 0.000, 0.000, 0.000
1558387932.654;502;0.001;0.000, 0.004, 0.000, 0.000
1558387932.661;502;0.002;0.000, 0.000, 0.000, 0.004
1558387932.664;502;0.002;0.000, 0.000, 0.000, 0.000
1558387932.667;502;0.002;0.004, 0.000, 0.000, 0.000
1558387932.676;502;0.002;0.000, 0.000, 0.000, 0.000
1558387932.679;502;0.002;0.004, 0.000, 0.000, 0.000
1558387932.686;502;0.002;0.000, 0.004, 0.000, 0.000
1558387932.688;502;0.001;0.000, 0.000, 0.000, 0.000
1558387932.691;502;0.002;0.004, 0.000, 0.000, 0.000
1558387932.697;502;0.003;0.000, 0.000, 0.000, 0.004
1558387932.701;502;0.003;0.000, 0.000, 0.000, 0.000
1558387932.707;502;0.005;0.000, 0.000, 0.004, 0.000
1558387932.710;502;0.002;0.000, 0.000, 0.004, 0.000
1558387932.713;502;0.001;0.000, 0.000, 0.000, 0.004
1558387932.718;502;0.004;0.000, 0.000, 0.004, 0.000
1558387932.721;502;0.002;0.000, 0.000, 0.000, 0.004
1558387932.724;502;0.002;0.000, 0.000, 0.000, 0.000
1558387932.726;502;0.001;0.000, 0.004, 0.000, 0.000
1558387932.733;502;0.003;0.000, 0.000, 0.000, 0.004
1558387932.736;502;0.002;0.000, 0.000, 0.000, 0.000
1558387932.738;502;0.001;0.004, 0.000, 0.000, 0.000
1558387932.744;502;0.002;0.000, 0.000, 0.000, 0.000
1558387932.747;502;0.002;0.000, 0.000, 0.000, 0.000
1558387932.750;502;0.002;0.000, 0.004, 0.000, 0.000
1558387932.755;502;0.004;0.004, 0.000, 0.000, 0.000
1558387932.760;502;0.004;0.004, 0.000, 0.000, 0.000
1558387932.762;502;0.002;0.000, 0.000, 0.004, 0.000
1558387932.768;502;0.005;0.000, 0.004, 0.000, 0.000
1558387932.771;502;0.003;0.000, 0.004, 0.000, 0.000
1558387932.773;502;0.001;0.000, 0.000, 0.000, 0.004
1558387932.778;502;0.004;0.000, 0.000, 0.000, 0.004
1558387932.781;502;0.002;0.000, 0.000, 0.000, 0.004
1558387932.784;502;0.002;0.000, 0.000, 0.000, 0.000
1558387932.787;502;0.002;0.004, 0.000, 0.000, 0.000
1558387932.794;502;0.003;0.000, 0.000, 0.000, 0.004
1558387932.796;502;0.001;0.000, 0.000, 0.000, 0.000
1558387932.799;502;0.002;0.004, 0.000, 0.000, 0.000
1558387932.807;502;0.003;0.004, 0.000, 0.000, 0.000
1558387932.809;502;0.001;0.000, 0.000, 0.000, 0.004
1558387932.814;502;0.004;0.000, 0.000, 0.004, 0.000
1558387932.818;502;0.002;0.000, 0.000, 0.004, 0.000
1558387932.821;502;0.002;0.000, 0.000, 0.000, 0.000
1558387932.823;502;0.001;0.000, 0.000, 0.000, 0.000
1558387932.831;502;0.002;0.004, 0.000, 0.000, 0.000
1558387932.834;502;0.002;0.000, 0.004, 0.000, 0.000
1558387932.842;502;0.007;0.004, 0.004, 0.000, 0.000
1558387932.845;502;0.002;0.000, 0.000, 0.000, 0.000
1558387932.847;502;0.001;0.000, 0.000, 0.000, 0.000
1558387932.857;502;0.002;0.000, 0.000, 0.000, 0.000
1558387932.859;502;0.001;0.000, 0.000, 0.000, 0.000
1558387932.866;502;0.002;0.000, 0.000, 0.004, 0.000
1558387932.868;502;0.002;0.000, 0.000, 0.000, 0.000
1558387932.870;502;0.002;0.000, 0.000, 0.000, 0.004
1558387932.875;502;0.005;0.000, 0.000, 0.004, 0.000
1558387932.878;502;0.002;0.000, 0.000, 0.004, 0.000
1558387932.881;502;0.002;0.000, 0.000, 0.000, 0.000
1558387932.887;502;0.005;0.000, 0.000, 0.000, 0.004
1558387932.891;502;0.003;0.004, 0.000, 0.000, 0.000
1558387932.893;502;0.001;0.000, 0.000, 0.000, 0.004
1558387932.899;502;0.005;0.000, 0.004, 0.000, 0.000
1558387932.902;502;0.002;0.000, 0.004, 0.000, 0.000
1558387932.905;502;0.002;0.000, 0.000, 0.000, 0.004
1558387932.914;502;0.008;0.000, 0.000, 0.008, 0.000
1558387932.917;502;0.003;0.000, 0.000, 0.000, 0.000
1558387932.919;502;0.001;0.000, 0.000, 0.000, 0.000
1558387932.927;502;0.003;0.004, 0.000, 0.000, 0.000
1558387932.930;502;0.002;0.000, 0.004, 0.000, 0.000
1558387932.935;502;0.004;0.004, 0.000, 0.000, 0.000
1558387932.938;502;0.002;0.000, 0.004, 0.000, 0.000
1558387932.941;502;0.002;0.000, 0.000, 0.000, 0.000
1558387932.946;502;0.004;0.000, 0.000, 0.000, 0.004
1558387932.949;502;0.003;0.000, 0.000, 0.000, 0.004
1558387932.957;502;0.003;0.000, 0.000, 0.000, 0.000
1558387932.962;502;0.004;0.000, 0.000, 0.000, 0.004
1558387932.965;502;0.002;0.000, 0.000, 0.000, 0.004
1558387932.974;502;0.008;0.000, 0.004, 0.004, 0.000
1558387932.977;502;0.002;0.000, 0.000, 0.000, 0.000
1558387932.979;502;0.001;0.000, 0.000, 0.000, 0.000
1558387932.987;502;0.004;0.000, 0.004, 0.000, 0.000
1558387932.990;502;0.002;0.000, 0.000, 0.004, 0.000
1558387932.996;502;0.005;0.004, 0.000, 0.000, 0.000
1558387932.998;502;0.001;0.004, 0.000, 0.000, 0.000
1558387933.002;502;0.002;0.000, 0.000, 0.004, 0.000
1558387933.005;502;0.002;0.000, 0.000, 0.000, 0.004
1558387933.010;502;0.004;0.000, 0.000, 0.004, 0.000
1558387933.013;502;0.002;0.000, 0.000, 0.000, 0.000
1558387933.019;502;0.005;0.000, 0.000, 0.000, 0.004
1558387933.023;502;0.003;0.004, 0.000, 0.000, 0.000
1558387933.025;502;0.001;0.000, 0.000, 0.000, 0.004
1558387933.030;502;0.004;0.000, 0.000, 0.004, 0.000
1558387933.034;502;0.003;0.000, 0.000, 0.000, 0.004
1558387933.038;502;0.002;0.000, 0.000, 0.004, 0.000
1558387933.043;502;0.004;0.000, 0.004, 0.000, 0.000
1558387933.048;502;0.003;0.004, 0.000, 0.000, 0.000
1558387933.051;502;0.002;0.000, 0.000, 0.000, 0.000
1558387933.055;502;0.002;0.004, 0.000, 0.000, 0.000
1558387933.060;502;0.002;0.000, 0.000, 0.000, 0.000
1558387933.062;502;0.001;0.004, 0.000, 0.000, 0.000
1558387933.070;502;0.003;0.000, 0.000, 0.004, 0.000
1558387933.073;502;0.001;0.000, 0.000, 0.000, 0.004
1558387933.082;502;0.008;0.000, 0.000, 0.004, 0.004
1558387933.084;502;0.001;0.000, 0.000, 0.000, 0.000
1558387933.087;502;0.002;0.000, 0.000, 0.000, 0.000
1558387933.096;502;0.004;0.004, 0.000, 0.000, 0.000
1558387933.098;502;0.001;0.004, 0.000, 0.000, 0.000
1558387933.105;502;0.003;0.000, 0.000, 0.000, 0.004
1558387933.108;502;0.002;0.000, 0.000, 0.000, 0.000
1558387933.110;502;0.001;0.000, 0.004, 0.000, 0.000
1558387933.116;502;0.005;0.004, 0.000, 0.000, 0.000
1558387933.120;502;0.003;0.000, 0.000, 0.000, 0.000
1558387933.122;502;0.001;0.000, 0.004, 0.000, 0.000
1558387933.128;502;0.005;0.004, 0.000, 0.000, 0.000
1558387933.131;502;0.002;0.004, 0.000, 0.000, 0.000
1558387933.134;502;0.001;0.004, 0.000, 0.000, 0.000
1558387933.142;502;0.003;0.000, 0.004, 0.000, 0.000
1558387933.146;502;0.002;0.000, 0.004, 0.000, 0.000
1558387933.153;502;0.006;0.004, 0.000, 0.000, 0.004
1558387933.157;502;0.003;0.000, 0.000, 0.000, 0.000
1558387933.161;502;0.003;0.000, 0.000, 0.000, 0.004
1558387933.165;502;0.003;0.000, 0.000, 0.000, 0.000
1558387933.168;502;0.002;0.000, 0.000, 0.000, 0.000
1558387933.171;502;0.002;0.004, 0.000, 0.000, 0.000
1558387933.177;502;0.003;0.000, 0.000, 0.000, 0.000
1558387933.180;502;0.003;0.000, 0.000, 0.000, 0.000
1558387933.183;502;0.002;0.000, 0.004, 0.000, 0.000
1558387933.191;502;0.003;0.004, 0.000, 0.000, 0.000
1558387933.194;502;0.002;0.000, 0.000, 0.004, 0.000
1558387933.202;502;0.007;0.000, 0.004, 0.004, 0.000
1558387933.206;502;0.002;0.000, 0.000, 0.004, 0.000
1558387933.209;502;0.002;0.000, 0.000, 0.004, 0.000
1558387933.214;502;0.004;0.000, 0.000, 0.000, 0.004
1558387933.216;502;0.002;0.000, 0.000, 0.000, 0.000
1558387933.220;502;0.003;0.000, 0.000, 0.000, 0.000
1558387933.226;502;0.003;0.000, 0.000, 0.004, 0.000
1558387933.229;502;0.002;0.000, 0.000, 0.000, 0.000
1558387933.233;502;0.003;0.000, 0.000, 0.000, 0.000
1558387933.238;502;0.004;0.000, 0.000, 0.000, 0.004
1558387933.241;502;0.002;0.000, 0.000, 0.000, 0.000
1558387933.247;502;0.005;0.000, 0.000, 0.000, 0.004
1558387933.250;502;0.002;0.000, 0.000, 0.004, 0.000
1558387933.252;502;0.001;0.000, 0.000, 0.000, 0.000
1558387933.255;502;0.002;0.000, 0.000, 0.000, 0.000
1558387933.262;502;0.003;0.000, 0.000, 0.000, 0.004
1558387933.264;502;0.001;0.000, 0.000, 0.000, 0.000
1558387933.270;502;0.005;0.000, 0.000, 0.000, 0.004
1558387933.274;502;0.003;0.000, 0.000, 0.004, 0.000
1558387933.276;502;0.001;0.000, 0.000, 0.000, 0.000
1558387933.279;502;0.002;0.000, 0.000, 0.000, 0.000
1558387933.286;502;0.003;0.000, 0.004, 0.000, 0.000
1558387933.289;502;0.001;0.000, 0.000, 0.000, 0.004
1558387933.296;502;0.006;0.000, 0.004, 0.000, 0.000
1558387933.299;502;0.002;0.004, 0.000, 0.000, 0.000
1558387933.302;502;0.002;0.000, 0.000, 0.004, 0.000
1558387933.312;502;0.009;0.000, 0.004, 0.004, 0.000
1558387933.315;502;0.002;0.004, 0.000, 0.000, 0.000
1558387933.323;502;0.002;0.004, 0.000, 0.000, 0.000
1558387933.325;502;0.001;0.000, 0.000, 0.000, 0.004
1558387933.331;502;0.005;0.000, 0.000, 0.004, 0.000
1558387933.334;502;0.002;0.000, 0.000, 0.004, 0.000
1558387933.337;502;0.002;0.000, 0.000, 0.000, 0.000
1558387933.339;502;0.001;0.000, 0.000, 0.000, 0.000
1558387933.343;502;0.001;0.000, 0.000, 0.000, 0.000
1558387933.347;502;0.002;0.000, 0.000, 0.000, 0.000
1558387933.350;502;0.002;0.000, 0.004, 0.000, 0.000
1558387933.358;502;0.007;0.004, 0.004, 0.000, 0.000
1558387933.361;502;0.002;0.000, 0.000, 0.000, 0.000
1558387933.363;502;0.002;0.000, 0.000, 0.000, 0.000
1558387933.373;502;0.002;0.000, 0.000, 0.000, 0.000
1558387933.375;502;0.002;0.000, 0.000, 0.000, 0.000
1558387933.383;502;0.003;0.004, 0.000, 0.000, 0.000
1558387933.385;502;0.001;0.000, 0.000, 0.000, 0.004
1558387933.389;502;0.003;0.000, 0.000, 0.000, 0.000
1558387933.393;502;0.003;0.000, 0.000, 0.000, 0.004
1558387933.396;502;0.002;0.000, 0.000, 0.000, 0.000
1558387933.398;502;0.001;0.000, 0.004, 0.000, 0.000
1558387933.406;502;0.007;0.004, 0.000, 0.004, 0.000
1558387933.409;502;0.002;0.000, 0.000, 0.000, 0.004
1558387933.415;502;0.005;0.000, 0.000, 0.004, 0.000
1558387933.418;502;0.002;0.000, 0.000, 0.004, 0.000
1558387933.420;502;0.001;0.000, 0.000, 0.000, 0.000
1558387933.423;502;0.002;0.000, 0.000, 0.000, 0.000
1558387933.429;502;0.002;0.000, 0.000, 0.000, 0.004
1558387933.431;502;0.001;0.000, 0.000, 0.000, 0.000
1558387933.437;502;0.004;0.004, 0.000, 0.000, 0.004
1558387933.441;502;0.003;0.000, 0.000, 0.000, 0.000
1558387933.444;502;0.002;0.000, 0.000, 0.000, 0.000
1558387933.447;502;0.002;0.000, 0.000, 0.000, 0.000
1558387933.454;502;0.002;0.000, 0.000, 0.004, 0.000
1558387933.456;502;0.002;0.000, 0.000, 0.000, 0.000
1558387933.463;502;0.006;0.004, 0.000, 0.000, 0.004
1558387933.466;502;0.002;0.000, 0.000, 0.004, 0.000
1558387933.469;502;0.001;0.000, 0.000, 0.000, 0.004
1558387933.474;502;0.004;0.000, 0.000, 0.000, 0.004
1558387933.479;502;0.002;0.004, 0.000, 0.000, 0.000
1558387933.482;502;0.002;0.000, 0.000, 0.000, 0.004
1558387933.486;502;0.004;0.000, 0.000, 0.004, 0.000
1558387933.488;502;0.002;0.000, 0.000, 0.000, 0.000
1558387933.491;502;0.002;0.000, 0.000, 0.000, 0.000
1558387933.494;502;0.002;0.000, 0.004, 0.000, 0.000
1558387933.500;502;0.005;0.004, 0.000, 0.000, 0.000
1558387933.503;502;0.002;0.004, 0.000, 0.000, 0.000
1558387933.506;502;0.002;0.000, 0.004, 0.000, 0.000
1558387933.512;502;0.005;0.004, 0.000, 0.000, 0.000
1558387933.515;502;0.002;0.000, 0.000, 0.000, 0.000
1558387933.518;502;0.002;0.000, 0.004, 0.000, 0.000
1558387933.525;502;0.006;0.004, 0.000, 0.000, 0.000
1558387933.529;502;0.003;0.000, 0.000, 0.000, 0.000
1558387933.535;502;0.005;0.000, 0.004, 0.000, 0.000
1558387933.539;502;0.002;0.000, 0.004, 0.000, 0.000
1558387933.542;502;0.002;0.000, 0.004, 0.000, 0.000
1558387933.550;502;0.007;0.004, 0.000, 0.004, 0.000
1558387933.554;502;0.003;0.000, 0.000, 0.004, 0.000
1558387933.564;502;0.009;0.000, 0.008, 0.000, 0.000
1558387933.571;502;0.005;0.000, 0.000, 0.004, 0.000
1558387933.574;502;0.002;0.000, 0.000, 0.004, 0.000
1558387933.579;502;0.004;0.000, 0.004, 0.000, 0.000
1558387933.586;502;0.004;0.000, 0.000, 0.000, 0.004
1558387933.589;502;0.002;0.000, 0.000, 0.000, 0.000
1558387933.591;502;0.002;0.000, 0.000, 0.000, 0.000
1558387933.596;502;0.002;0.000, 0.000, 0.000, 0.000
1558387933.600;502;0.003;0.000, 0.000, 0.000, 0.000
1558387933.602;502;0.002;0.000, 0.004, 0.000, 0.000
1558387933.608;502;0.005;0.000, 0.004, 0.000, 0.000
1558387933.611;502;0.002;0.004, 0.000, 0.000, 0.000
1558387933.614;502;0.002;0.000, 0.000, 0.004, 0.000
1558387933.619;502;0.004;0.004, 0.000, 0.000, 0.000
1558387933.622;502;0.002;0.000, 0.004, 0.000, 0.000
1558387933.626;502;0.002;0.000, 0.000, 0.004, 0.000
1558387933.630;502;0.003;0.000, 0.000, 0.004, 0.000
1558387933.634;502;0.003;0.000, 0.000, 0.004, 0.000
1558387933.638;502;0.003;0.000, 0.000, 0.000, 0.004
1558387933.644;502;0.005;0.000, 0.004, 0.000, 0.000
1558387933.647;502;0.002;0.004, 0.000, 0.000, 0.000
1558387933.650;502;0.002;0.000, 0.004, 0.000, 0.000
1558387933.658;502;0.004;0.000, 0.000, 0.000, 0.004
1558387933.661;502;0.002;0.000, 0.000, 0.000, 0.004
1558387933.668;502;0.006;0.000, 0.000, 0.004, 0.000
1558387933.672;502;0.003;0.000, 0.000, 0.000, 0.000
1558387933.674;502;0.002;0.000, 0.000, 0.004, 0.000
1558387933.682;502;0.007;0.000, 0.008, 0.000, 0.000
1558387933.686;502;0.002;0.000, 0.004, 0.000, 0.000
1558387933.691;502;0.004;0.004, 0.000, 0.000, 0.000
1558387933.695;502;0.002;0.004, 0.000, 0.000, 0.000
1558387933.698;502;0.002;0.000, 0.004, 0.000, 0.000
1558387933.706;502;0.007;0.004, 0.000, 0.000, 0.004
1558387933.709;502;0.002;0.000, 0.000, 0.000, 0.004
1558387933.715;502;0.005;0.000, 0.000, 0.004, 0.000
1558387933.719;502;0.002;0.000, 0.000, 0.000, 0.000
1558387933.723;502;0.002;0.000, 0.004, 0.000, 0.000
1558387933.730;502;0.004;0.000, 0.000, 0.004, 0.000
1558387933.733;502;0.002;0.000, 0.000, 0.000, 0.004
1558387933.738;502;0.004;0.000, 0.000, 0.004, 0.000
1558387933.742;502;0.004;0.000, 0.000, 0.000, 0.004
1558387933.749;502;0.006;0.004, 0.000, 0.000, 0.000
1558387933.752;502;0.002;0.000, 0.000, 0.000, 0.000
1558387933.756;502;0.004;0.004, 0.000, 0.000, 0.000
1558387933.758;502;0.001;0.000, 0.004, 0.000, 0.000
1558387933.763;502;0.002;0.004, 0.000, 0.000, 0.000
1558387933.767;502;0.003;0.000, 0.000, 0.004, 0.000
1558387933.770;502;0.002;0.000, 0.004, 0.000, 0.000
1558387933.775;502;0.004;0.004, 0.000, 0.000, 0.000
1558387933.779;502;0.003;0.004, 0.000, 0.000, 0.000
1558387933.782;502;0.002;0.000, 0.000, 0.004, 0.000
1558387933.792;502;0.002;0.000, 0.000, 0.000, 0.000
1558387933.798;502;0.005;0.000, 0.000, 0.000, 0.004
1558387933.801;502;0.002;0.000, 0.000, 0.000, 0.004
1558387933.804;502;0.002;0.000, 0.000, 0.000, 0.000
1558387933.807;502;0.002;0.004, 0.000, 0.000, 0.000
1558387933.814;502;0.004;0.000, 0.000, 0.000, 0.004
1558387933.817;502;0.002;0.000, 0.000, 0.000, 0.004
1558387933.824;502;0.006;0.000, 0.004, 0.000, 0.000
1558387933.828;502;0.003;0.004, 0.000, 0.000, 0.000
1558387933.831;502;0.002;0.000, 0.004, 0.000, 0.000
1558387933.835;502;0.002;0.000, 0.000, 0.000, 0.000
1558387933.839;502;0.002;0.000, 0.000, 0.000, 0.000
1558387933.842;502;0.002;0.000, 0.004, 0.000, 0.000
1558387933.847;502;0.004;0.000, 0.004, 0.000, 0.000
1558387933.852;502;0.002;0.000, 0.000, 0.000, 0.000
1558387933.854;502;0.002;0.000, 0.000, 0.004, 0.000
1558387933.861;502;0.006;0.004, 0.000, 0.000, 0.004
1558387933.865;502;0.003;0.000, 0.000, 0.000, 0.004
1558387933.871;502;0.005;0.000, 0.000, 0.004, 0.000
1558387933.874;502;0.002;0.000, 0.000, 0.004, 0.000
1558387933.877;502;0.002;0.000, 0.000, 0.000, 0.000
1558387933.879;502;0.002;0.000, 0.000, 0.000, 0.000
1558387933.883;502;0.002;0.000, 0.000, 0.000, 0.000
1558387933.888;502;0.002;0.000, 0.000, 0.000, 0.000
1558387933.891;502;0.002;0.004, 0.000, 0.000, 0.000
1558387933.898;502;0.004;0.000, 0.000, 0.000, 0.004
1558387933.902;502;0.003;0.000, 0.000, 0.004, 0.000
1558387933.907;502;0.004;0.004, 0.000, 0.000, 0.000
1558387933.912;502;0.004;0.004, 0.000, 0.000, 0.000
1558387933.917;502;0.004;0.000, 0.000, 0.000, 0.004
1558387933.922;502;0.004;0.000, 0.000, 0.004, 0.000
1558387933.925;502;0.003;0.000, 0.000, 0.000, 0.004
1558387933.933;502;0.006;0.004, 0.000, 0.000, 0.004
1558387933.937;502;0.003;0.000, 0.000, 0.000, 0.000
1558387933.943;502;0.005;0.000, 0.000, 0.004, 0.000
1558387933.946;502;0.002;0.000, 0.000, 0.004, 0.000
1558387933.949;502;0.002;0.000, 0.000, 0.000, 0.000
1558387933.954;502;0.004;0.000, 0.000, 0.004, 0.000
1558387933.958;502;0.003;0.000, 0.000, 0.004, 0.000
1558387933.961;502;0.002;0.000, 0.000, 0.000, 0.000
1558387933.968;502;0.006;0.000, 0.004, 0.000, 0.000
1558387933.971;502;0.002;0.004, 0.000, 0.000, 0.000
1558387933.974;502;0.002;0.000, 0.004, 0.000, 0.000
1558387933.980;502;0.005;0.004, 0.000, 0.000, 0.000
1558387933.984;502;0.003;0.000, 0.000, 0.000, 0.000
1558387933.987;502;0.002;0.000, 0.000, 0.000, 0.000
1558387933.994;502;0.003;0.000, 0.004, 0.000, 0.000
1558387933.997;502;0.002;0.000, 0.000, 0.000, 0.000
1558387934.003;502;0.005;0.000, 0.004, 0.000, 0.000
1558387934.006;502;0.002;0.000, 0.004, 0.000, 0.000
1558387934.011;502;0.002;0.004, 0.000, 0.000, 0.000
1558387934.017;502;0.004;0.000, 0.000, 0.000, 0.000
1558387934.020;502;0.002;0.000, 0.000, 0.000, 0.000
1558387934.025;502;0.003;0.000, 0.000, 0.000, 0.004
1558387934.030;502;0.004;0.000, 0.000, 0.004, 0.000
1558387934.033;502;0.002;0.000, 0.000, 0.000, 0.000
1558387934.040;502;0.006;0.000, 0.000, 0.004, 0.000
1558387934.043;502;0.002;0.000, 0.000, 0.000, 0.000
1558387934.046;502;0.002;0.000, 0.004, 0.000, 0.000
1558387934.052;502;0.005;0.004, 0.000, 0.000, 0.000
1558387934.056;502;0.003;0.004, 0.000, 0.000, 0.000
1558387934.059;502;0.002;0.000, 0.004, 0.000, 0.000
1558387934.065;502;0.003;0.000, 0.000, 0.000, 0.000
1558387934.068;502;0.002;0.000, 0.000, 0.000, 0.000
1558387934.074;502;0.005;0.000, 0.000, 0.000, 0.004
1558387934.078;502;0.003;0.000, 0.004, 0.000, 0.000
1558387934.081;502;0.001;0.000, 0.000, 0.000, 0.004
1558387934.088;502;0.005;0.000, 0.004, 0.000, 0.000
1558387934.091;502;0.003;0.004, 0.000, 0.000, 0.000
1558387934.094;502;0.002;0.000, 0.000, 0.004, 0.000
1558387934.102;502;0.007;0.000, 0.004, 0.004, 0.000
1558387934.104;502;0.002;0.000, 0.000, 0.000, 0.000
1558387934.107;502;0.002;0.004, 0.000, 0.000, 0.000
1558387934.111;502;0.002;0.004, 0.000, 0.000, 0.000
1558387934.116;502;0.002;0.000, 0.000, 0.000, 0.000
1558387934.119;502;0.002;0.004, 0.000, 0.000, 0.000
1558387934.125;502;0.002;0.000, 0.000, 0.000, 0.004
1558387934.128;502;0.002;0.000, 0.000, 0.000, 0.000
1558387934.131;502;0.002;0.004, 0.000, 0.000, 0.000
1558387934.138;502;0.002;0.000, 0.004, 0.000, 0.000
1558387934.141;502;0.001;0.000, 0.000, 0.000, 0.004
1558387934.149;502;0.007;0.000, 0.000, 0.000, 0.004
1558387934.152;502;0.002;0.000, 0.000, 0.000, 0.000
1558387934.154;502;0.002;0.000, 0.004, 0.000, 0.000
1558387934.160;502;0.002;0.000, 0.000, 0.000, 0.000
1558387934.163;502;0.002;0.004, 0.000, 0.000, 0.000
1558387934.167;502;0.002;0.000, 0.000, 0.000, 0.000
1558387934.174;502;0.003;0.000, 0.000, 0.004, 0.000
1558387934.177;502;0.002;0.000, 0.000, 0.000, 0.000
1558387934.186;502;0.008;0.000, 0.004, 0.004, 0.000
1558387934.188;502;0.001;0.000, 0.000, 0.000, 0.000
1558387934.191;502;0.002;0.000, 0.000, 0.000, 0.000
1558387934.199;502;0.004;0.000, 0.004, 0.000, 0.000
1558387934.202;502;0.002;0.000, 0.004, 0.000, 0.000
1558387934.209;502;0.006;0.004, 0.000, 0.000, 0.000
1558387934.212;502;0.002;0.000, 0.000, 0.000, 0.000
1558387934.215;502;0.002;0.004, 0.000, 0.000, 0.000
1558387934.223;502;0.004;0.000, 0.004, 0.000, 0.000
1558387934.225;502;0.001;0.000, 0.000, 0.004, 0.000
1558387934.230;502;0.004;0.000, 0.000, 0.004, 0.000
1558387934.233;502;0.003;0.000, 0.000, 0.000, 0.004
1558387934.238;502;0.004;0.000, 0.000, 0.000, 0.004
1558387934.243;502;0.005;0.000, 0.004, 0.000, 0.000
1558387934.246;502;0.002;0.000, 0.004, 0.000, 0.000
1558387934.249;502;0.002;0.000, 0.000, 0.000, 0.000
1558387934.252;502;0.002;0.000, 0.000, 0.000, 0.000
1558387934.255;502;0.002;0.004, 0.000, 0.000, 0.000
1558387934.259;502;0.001;0.000, 0.000, 0.000, 0.000
1558387934.262;502;0.002;0.000, 0.004, 0.000, 0.000
1558387934.270;502;0.007;0.000, 0.004, 0.000, 0.004
1558387934.272;502;0.001;0.000, 0.000, 0.000, 0.000
1558387934.275;502;0.002;0.004, 0.000, 0.000, 0.000
1558387934.282;502;0.002;0.000, 0.000, 0.004, 0.000
1558387934.286;502;0.003;0.000, 0.000, 0.000, 0.004
1558387934.291;502;0.002;0.000, 0.000, 0.000, 0.000
1558387934.297;502;0.003;0.000, 0.000, 0.000, 0.000
1558387934.303;502;0.005;0.000, 0.000, 0.000, 0.004
1558387934.306;502;0.002;0.000, 0.000, 0.004, 0.000
1558387934.309;502;0.002;0.000, 0.000, 0.000, 0.000
1558387934.314;502;0.004;0.000, 0.000, 0.000, 0.004
1558387934.318;502;0.004;0.000, 0.000, 0.004, 0.000
1558387934.320;502;0.002;0.000, 0.000, 0.000, 0.000
1558387934.323;502;0.003;0.004, 0.000, 0.000, 0.000
1558387934.328;502;0.002;0.000, 0.000, 0.000, 0.000
1558387934.330;502;0.001;0.000, 0.004, 0.000, 0.000
1558387934.334;502;0.003;0.000, 0.000, 0.000, 0.004
1558387934.337;502;0.002;0.000, 0.000, 0.000, 0.000
1558387934.341;502;0.003;0.000, 0.000, 0.000, 0.000
1558387934.343;502;0.001;0.000, 0.000, 0.000, 0.000
1558387934.346;502;0.002;0.000, 0.000, 0.004, 0.000
1558387934.351;502;0.004;0.000, 0.004, 0.000, 0.000
1558387934.354;502;0.002;0.000, 0.004, 0.000, 0.000
1558387934.357;502;0.002;0.000, 0.000, 0.000, 0.000
1558387934.359;502;0.001;0.000, 0.000, 0.000, 0.000
1558387934.367;502;0.003;0.004, 0.000, 0.000, 0.000
1558387934.370;502;0.002;0.000, 0.000, 0.004, 0.000
1558387934.373;502;0.002;0.000, 0.000, 0.000, 0.000
1558387934.375;502;0.001;0.000, 0.000, 0.000, 0.000
1558387934.380;502;0.002;0.000, 0.000, 0.000, 0.000
1558387934.382;502;0.001;0.000, 0.004, 0.000, 0.000
1558387934.388;502;0.005;0.004, 0.000, 0.000, 0.000
1558387934.391;502;0.002;0.004, 0.000, 0.000, 0.000
1558387934.393;502;0.001;0.000, 0.000, 0.004, 0.000
1558387934.399;502;0.005;0.000, 0.000, 0.004, 0.000
1558387934.402;502;0.002;0.000, 0.004, 0.000, 0.000
1558387934.406;502;0.002;0.000, 0.000, 0.000, 0.004
1558387934.411;502;0.005;0.000, 0.000, 0.004, 0.000
1558387934.414;502;0.002;0.000, 0.000, 0.004, 0.000
1558387934.417;502;0.002;0.000, 0.000, 0.000, 0.000
1558387934.423;502;0.005;0.000, 0.000, 0.000, 0.004
