[OVERALL], RunTime(ms), 888431
[OVERALL], Throughput(ops/sec), 2.2511596286036846
[TOTAL_GCS_G1_Young_Generation], Count, 7
[TOTAL_GC_TIME_G1_Young_Generation], Time(ms), 99
[TOTAL_GC_TIME_%_G1_Young_Generation], Time(%), 0.011143240161588238
[TOTAL_GCS_G1_Old_Generation], Count, 0
[TOTAL_GC_TIME_G1_Old_Generation], Time(ms), 0
[TOTAL_GC_TIME_%_G1_Old_Generation], Time(%), 0.0
[TOTAL_GCs], Count, 7
[TOTAL_GC_TIME], Time(ms), 99
[TOTAL_GC_TIME_%], Time(%), 0.011143240161588238
[READ], Operations, 1148
[READ], AverageLatency(us), 766587.9860627177
[READ], MinLatency(us), 601088
[READ], MaxLatency(us), 1432575
[READ], 95thPercentileLatency(us), 841727
[READ], 99thPercentileLatency(us), 894975
[READ], Return=OK, 1148
[READ], Return=ERROR, 852
[CLEANUP], Operations, 1
[CLEANUP], AverageLatency(us), 3.0
[CLEANUP], MinLatency(us), 3
[CLEANUP], MaxLatency(us), 3
[CLEANUP], 95thPercentileLatency(us), 3
[CLEANUP], 99thPercentileLatency(us), 3
[READ-FAILED], Operations, 852
[READ-FAILED], AverageLatency(us), 8937.967136150235
[READ-FAILED], MinLatency(us), 1780
[READ-FAILED], MaxLatency(us), 3956735
[READ-FAILED], 95thPercentileLatency(us), 7979
[READ-FAILED], 99thPercentileLatency(us), 9631
