[OVERALL], RunTime(ms), 1538331
[OVERALL], Throughput(ops/sec), 1.3001103143601735
[TOTAL_GCS_G1_Young_Generation], Count, 7
[TOTAL_GC_TIME_G1_Young_Generation], Time(ms), 111
[TOTAL_GC_TIME_%_G1_Young_Generation], Time(%), 0.007215612244698963
[TOTAL_GCS_G1_Old_Generation], Count, 0
[TOTAL_GC_TIME_G1_Old_Generation], Time(ms), 0
[TOTAL_GC_TIME_%_G1_Old_Generation], Time(%), 0.0
[TOTAL_GCs], Count, 7
[TOTAL_GC_TIME], Time(ms), 111
[TOTAL_GC_TIME_%], Time(%), 0.007215612244698963
[READ], Operations, 2000
[READ], AverageLatency(us), 768735.232
[READ], MinLatency(us), 619520
[READ], MaxLatency(us), 955903
[READ], 95thPercentileLatency(us), 848895
[READ], 99thPercentileLatency(us), 884223
[READ], Return=OK, 2000
[CLEANUP], Operations, 1
[CLEANUP], AverageLatency(us), 4.0
[CLEANUP], MinLatency(us), 4
[CLEANUP], MaxLatency(us), 4
[CLEANUP], 95thPercentileLatency(us), 4
[CLEANUP], 99thPercentileLatency(us), 4
