[OVERALL], RunTime(ms), 1524956
[OVERALL], Throughput(ops/sec), 1.311513250218367
[TOTAL_GCS_G1_Young_Generation], Count, 7
[TOTAL_GC_TIME_G1_Young_Generation], Time(ms), 153
[TOTAL_GC_TIME_%_G1_Young_Generation], Time(%), 0.010033076364170506
[TOTAL_GCS_G1_Old_Generation], Count, 0
[TOTAL_GC_TIME_G1_Old_Generation], Time(ms), 0
[TOTAL_GC_TIME_%_G1_Old_Generation], Time(%), 0.0
[TOTAL_GCs], Count, 7
[TOTAL_GC_TIME], Time(ms), 153
[TOTAL_GC_TIME_%], Time(%), 0.010033076364170506
[READ], Operations, 2000
[READ], AverageLatency(us), 762007.04
[READ], MinLatency(us), 665600
[READ], MaxLatency(us), 919551
[READ], 95thPercentileLatency(us), 840703
[READ], 99thPercentileLatency(us), 868351
[READ], Return=OK, 2000
[CLEANUP], Operations, 1
[CLEANUP], AverageLatency(us), 3.0
[CLEANUP], MinLatency(us), 3
[CLEANUP], MaxLatency(us), 3
[CLEANUP], 95thPercentileLatency(us), 3
[CLEANUP], 99thPercentileLatency(us), 3
