[OVERALL], RunTime(ms), 1149687
[OVERALL], Throughput(ops/sec), 1.3047029321893697
[TOTAL_GCS_G1_Young_Generation], Count, 6
[TOTAL_GC_TIME_G1_Young_Generation], Time(ms), 114
[TOTAL_GC_TIME_%_G1_Young_Generation], Time(%), 0.009915742284639211
[TOTAL_GCS_G1_Old_Generation], Count, 0
[TOTAL_GC_TIME_G1_Old_Generation], Time(ms), 0
[TOTAL_GC_TIME_%_G1_Old_Generation], Time(%), 0.0
[TOTAL_GCs], Count, 6
[TOTAL_GC_TIME], Time(ms), 114
[TOTAL_GC_TIME_%], Time(%), 0.009915742284639211
[READ], Operations, 1500
[READ], AverageLatency(us), 765942.9546666667
[READ], MinLatency(us), 617472
[READ], MaxLatency(us), 1084415
[READ], 95thPercentileLatency(us), 845311
[READ], 99thPercentileLatency(us), 872959
[READ], Return=OK, 1500
[CLEANUP], Operations, 1
[CLEANUP], AverageLatency(us), 3.0
[CLEANUP], MinLatency(us), 3
[CLEANUP], MaxLatency(us), 3
[CLEANUP], 95thPercentileLatency(us), 3
[CLEANUP], 99thPercentileLatency(us), 3
