timestamp;status;request_time;upstream_response_time
1558501901.126;200;0.776;0.780
1558501901.913;200;0.756;0.756
1558501902.687;200;0.767;0.772
1558501903.539;200;0.844;0.848
1558501904.290;200;0.748;0.752
1558501905.010;200;0.716;0.720
1558501905.765;200;0.750;0.752
1558501906.617;200;0.831;0.832
1558501907.360;200;0.738;0.736
1558501908.076;200;0.711;0.716
1558501908.788;200;0.708;0.708
1558501909.633;200;0.842;0.844
1558501910.379;200;0.743;0.748
1558501911.125;200;0.741;0.740
1558501911.896;200;0.767;0.768
1558501912.788;200;0.884;0.884
1558501913.504;200;0.713;0.712
1558501914.235;200;0.727;0.732
1558501915.026;200;0.787;0.788
1558501915.847;200;0.817;0.820
1558501916.596;200;0.746;0.748
1558501917.309;200;0.711;0.712
1558501918.077;200;0.761;0.764
1558501918.923;200;0.842;0.844
1558501919.706;200;0.780;0.780
1558501920.413;200;0.703;0.704
1558501921.196;200;0.775;0.780
1558501922.049;200;0.845;0.848
1558501922.804;200;0.752;0.752
1558501923.526;200;0.718;0.724
1558501924.308;200;0.779;0.780
1558501925.135;200;0.824;0.828
1558501925.897;200;0.758;0.760
1558501926.604;200;0.704;0.708
1558501927.411;200;0.800;0.804
1558501928.213;200;0.799;0.800
1558501928.982;200;0.764;0.764
1558501929.710;200;0.725;0.728
1558501930.475;200;0.760;0.764
1558501931.324;200;0.842;0.844
1558501932.061;200;0.733;0.736
1558501932.786;200;0.721;0.720
1558501933.556;200;0.766;0.768
1558501934.375;200;0.815;0.816
1558501935.124;200;0.747;0.744
1558501935.862;200;0.734;0.736
1558501936.581;200;0.716;0.720
1558501937.424;200;0.838;0.840
1558501938.164;200;0.736;0.736
1558501938.855;200;0.687;0.688
1558501939.601;200;0.743;0.744
1558501940.427;200;0.822;0.824
1558501941.206;200;0.773;0.776
1558501941.892;200;0.684;0.688
1558501942.727;200;0.831;0.836
1558501943.546;200;0.816;0.816
1558501944.276;200;0.727;0.728
1558501945.012;200;0.732;0.736
1558501945.759;200;0.745;0.744
1558501946.570;200;0.808;0.808
1558501947.333;200;0.761;0.760
1558501948.055;200;0.719;0.724
1558501948.846;200;0.787;0.788
1558501949.664;200;0.815;0.816
1558501950.400;200;0.733;0.736
1558501951.151;200;0.746;0.752
1558501951.908;200;0.753;0.752
1558501952.749;200;0.838;0.840
1558501953.518;200;0.766;0.772
1558501954.226;200;0.704;0.708
1558501954.984;200;0.754;0.756
1558501955.797;200;0.809;0.808
1558501956.554;200;0.755;0.760
1558501957.301;200;0.743;0.744
1558501958.054;200;0.749;0.752
1558501958.880;200;0.823;0.828
1558501959.651;200;0.769;0.772
1558501960.406;200;0.752;0.752
1558501961.144;200;0.734;0.736
1558501961.991;200;0.845;0.848
1558501962.756;200;0.762;0.764
1558501963.481;200;0.722;0.724
1558501964.268;200;0.782;0.784
1558501965.092;200;0.821;0.824
1558501965.846;200;0.751;0.752
1558501966.631;200;0.766;0.772
1558501967.401;200;0.765;0.768
1558501968.214;200;0.808;0.808
1558501968.972;200;0.756;0.760
1558501969.680;200;0.703;0.708
1558501970.434;200;0.751;0.752
1558501971.240;200;0.802;0.804
1558501972.015;200;0.771;0.776
1558501972.777;200;0.759;0.756
1558501973.512;200;0.733;0.736
1558501974.366;200;0.852;0.852
1558501975.149;200;0.777;0.780
1558501975.873;200;0.720;0.724
1558501976.609;200;0.733;0.736
1558501977.457;200;0.843;0.844
1558501978.236;200;0.771;0.776
1558501978.961;200;0.723;0.724
1558501979.764;200;0.799;0.804
1558501980.582;200;0.816;0.816
1558501981.335;200;0.739;0.744
1558501982.062;200;0.722;0.724
1558501982.829;200;0.764;0.768
1558501983.687;200;0.855;0.856
1558501984.452;200;0.762;0.764
1558501985.182;200;0.727;0.729
1558501985.973;200;0.749;0.752
1558501986.818;200;0.841;0.840
1558501987.584;200;0.762;0.764
1558501988.314;200;0.728;0.728
1558501989.064;200;0.747;0.748
1558501989.890;200;0.821;0.824
1558501990.662;200;0.762;0.764
1558501991.415;200;0.746;0.744
1558501992.231;200;0.811;0.816
1558501993.051;200;0.817;0.820
1558501993.793;200;0.739;0.740
1558501994.554;200;0.756;0.756
1558501995.326;200;0.769;0.772
1558501996.147;200;0.817;0.820
1558501996.896;200;0.745;0.748
1558501997.625;200;0.724;0.724
1558501998.404;200;0.767;0.768
1558501999.243;200;0.827;0.832
1558501999.983;200;0.734;0.736
1558502000.722;200;0.736;0.736
1558502001.557;200;0.832;0.832
1558502002.362;200;0.801;0.804
1558502003.106;200;0.741;0.744
1558502003.833;200;0.721;0.724
1558502004.593;200;0.758;0.760
1558502005.412;200;0.815;0.816
1558502006.196;200;0.782;0.784
1558502006.916;200;0.718;0.720
1558502007.647;200;0.727;0.732
1558502008.492;200;0.842;0.844
1558502009.209;200;0.713;0.716
1558502009.938;200;0.726;0.728
1558502010.705;200;0.763;0.764
1558502011.518;200;0.809;0.812
1558502012.264;200;0.744;0.744
1558502012.998;200;0.731;0.732
1558502013.772;200;0.770;0.772
1558502014.600;200;0.825;0.828
1558502015.341;200;0.738;0.740
1558502016.078;200;0.733;0.732
1558502016.878;200;0.796;0.796
1558502017.693;200;0.811;0.812
1558502018.425;200;0.729;0.732
1558502019.157;200;0.729;0.732
1558502019.929;200;0.764;0.764
1558502020.750;200;0.816;0.816
1558502021.489;200;0.737;0.740
1558502022.270;200;0.776;0.776
1558502023.029;200;0.756;0.756
1558502023.862;200;0.830;0.832
1558502024.609;200;0.744;0.744
1558502025.322;200;0.709;0.712
1558502026.093;200;0.767;0.768
1558502026.914;200;0.817;0.820
1558502027.676;200;0.759;0.764
1558502028.390;200;0.712;0.712
1558502029.158;200;0.765;0.764
1558502029.973;200;0.812;0.816
1558502030.710;200;0.733;0.736
1558502031.436;200;0.722;0.724
1558502032.240;200;0.801;0.804
1558502033.099;200;0.855;0.856
1558502033.870;200;0.769;0.768
1558502034.588;200;0.715;0.716
1558502035.393;200;0.802;0.804
1558502036.204;200;0.806;0.808
1558502036.932;200;0.726;0.728
1558502037.683;200;0.749;0.752
1558502038.417;200;0.731;0.732
1558502039.233;200;0.814;0.816
1558502039.975;200;0.737;0.740
1558502040.683;200;0.703;0.704
1558502041.466;200;0.780;0.780
1558502042.316;200;0.847;0.852
1558502043.088;200;0.770;0.772
1558502043.820;200;0.729;0.732
1558502044.598;200;0.776;0.776
1558502045.421;200;0.820;0.824
1558502046.171;200;0.747;0.752
1558502046.858;200;0.684;0.684
1558502047.630;200;0.769;0.768
1558502048.438;200;0.805;0.808
1558502049.228;200;0.787;0.788
1558502049.934;200;0.703;0.704
1558502050.699;200;0.759;0.760
1558502051.497;200;0.795;0.796
1558502052.279;200;0.779;0.784
1558502053.037;200;0.754;0.756
1558502053.833;200;0.793;0.796
1558502054.639;200;0.804;0.808
1558502055.432;200;0.789;0.792
1558502056.149;200;0.713;0.716
1558502056.934;200;0.782;0.784
1558502057.765;200;0.828;0.832
1558502058.525;200;0.756;0.760
1558502059.236;200;0.709;0.712
1558502059.977;200;0.738;0.740
1558502060.806;200;0.823;0.824
1558502061.542;200;0.733;0.736
1558502062.270;200;0.725;0.728
1558502063.043;200;0.770;0.768
1558502063.885;200;0.839;0.836
1558502064.637;200;0.748;0.752
1558502065.374;200;0.735;0.736
1558502066.174;200;0.793;0.796
1558502066.976;200;0.798;0.800
1558502067.719;200;0.739;0.740
1558502068.430;200;0.708;0.708
1558502069.194;200;0.761;0.764
1558502070.021;200;0.824;0.828
1558502070.784;200;0.760;0.764
1558502071.514;200;0.728;0.728
1558502072.274;200;0.757;0.760
1558502073.097;200;0.819;0.820
1558502073.834;200;0.731;0.732
1558502074.543;200;0.705;0.704
1558502075.311;200;0.764;0.764
1558502076.110;200;0.795;0.796
1558502076.856;200;0.742;0.744
1558502077.590;200;0.729;0.728
1558502078.351;200;0.757;0.756
1558502079.184;200;0.829;0.832
1558502079.928;200;0.738;0.740
1558502080.662;200;0.728;0.728
1558502081.420;200;0.751;0.752
1558502082.230;200;0.807;0.808
1558502082.969;200;0.735;0.736
1558502083.700;200;0.728;0.732
1558502084.505;200;0.802;0.804
1558502085.358;200;0.850;0.852
1558502086.092;200;0.731;0.736
1558502086.810;200;0.716;0.716
1558502087.554;200;0.737;0.740
1558502088.421;200;0.864;0.868
1558502089.145;200;0.721;0.724
1558502089.877;200;0.727;0.728
1558502090.633;200;0.750;0.752
1558502091.451;200;0.815;0.816
1558502092.213;200;0.760;0.764
1558502092.947;200;0.730;0.732
1558502093.690;200;0.740;0.740
1558502094.565;200;0.872;0.876
1558502095.310;200;0.742;0.744
1558502096.054;200;0.741;0.744
1558502096.832;200;0.774;0.776
1558502097.635;200;0.801;0.800
1558502098.389;200;0.751;0.752
1558502099.103;200;0.710;0.712
1558502099.882;200;0.776;0.776
1558502100.743;200;0.857;0.856
1558502101.486;200;0.740;0.740
1558502102.202;200;0.712;0.712
1558502102.953;200;0.748;0.752
1558502103.774;200;0.817;0.820
1558502104.547;200;0.770;0.772
1558502105.269;200;0.719;0.720
1558502106.122;200;0.844;0.844
1558502106.957;200;0.832;0.832
1558502107.692;200;0.733;0.736
1558502108.369;200;0.674;0.676
1558502109.117;200;0.745;0.748
1558502109.948;200;0.826;0.828
1558502110.714;200;0.762;0.764
1558502111.445;200;0.729;0.732
1558502112.233;200;0.785;0.788
1558502113.072;200;0.834;0.836
1558502113.847;200;0.772;0.772
1558502114.568;200;0.718;0.716
1558502115.330;200;0.760;0.760
1558502116.148;200;0.814;0.816
1558502116.884;200;0.733;0.732
1558502117.642;200;0.756;0.756
1558502118.421;200;0.776;0.776
1558502119.199;200;0.775;0.776
1558502119.961;200;0.759;0.760
1558502120.677;200;0.712;0.713
1558502121.538;200;0.858;0.860
1558502122.369;200;0.829;0.832
1558502123.113;200;0.741;0.744
1558502123.860;200;0.745;0.748
1558502124.596;200;0.734;0.732
1558502125.411;200;0.813;0.812
1558502126.178;200;0.765;0.764
1558502126.894;200;0.715;0.716
1558502127.621;200;0.724;0.728
1558502128.444;200;0.820;0.824
1558502129.194;200;0.747;0.748
1558502129.904;200;0.707;0.712
1558502130.686;200;0.779;0.780
1558502131.494;200;0.804;0.804
1558502132.236;200;0.738;0.740
1558502132.985;200;0.747;0.744
1558502133.766;200;0.778;0.780
1558502134.589;200;0.821;0.824
1558502135.355;200;0.764;0.764
1558502136.053;200;0.695;0.696
1558502136.790;200;0.736;0.736
1558502137.614;200;0.822;0.824
1558502138.348;200;0.731;0.728
1558502139.082;200;0.732;0.732
1558502139.834;200;0.749;0.748
1558502140.650;200;0.812;0.812
1558502141.400;200;0.738;0.736
1558502142.147;200;0.745;0.744
1558502142.962;200;0.809;0.808
1558502143.804;200;0.839;0.840
1558502144.539;200;0.733;0.732
1558502145.266;200;0.723;0.724
1558502145.998;200;0.728;0.728
1558502146.809;200;0.807;0.804
1558502147.555;200;0.743;0.744
1558502148.252;200;0.693;0.696
1558502148.994;200;0.739;0.740
1558502149.781;200;0.784;0.788
1558502150.548;200;0.765;0.768
1558502151.263;200;0.712;0.712
1558502152.018;200;0.752;0.752
1558502152.835;200;0.814;0.812
1558502153.572;200;0.734;0.736
1558502154.345;200;0.771;0.772
1558502155.119;200;0.771;0.772
1558502155.944;200;0.823;0.828
1558502156.707;200;0.757;0.756
1558502157.424;200;0.714;0.712
1558502158.164;200;0.738;0.740
1558502159.025;200;0.859;0.856
1558502159.765;200;0.738;0.740
1558502160.510;200;0.742;0.744
1558502161.255;200;0.740;0.740
1558502162.098;200;0.839;0.840
1558502162.864;200;0.762;0.764
1558502163.618;200;0.752;0.752
1558502164.432;200;0.810;0.812
1558502165.255;200;0.820;0.820
1558502166.015;200;0.758;0.756
1558502166.716;200;0.699;0.700
1558502167.483;200;0.764;0.764
1558502168.291;200;0.804;0.804
1558502169.094;200;0.796;0.796
1558502169.805;200;0.708;0.712
1558502170.601;200;0.793;0.796
1558502171.412;200;0.805;0.808
1558502172.175;200;0.761;0.760
1558502172.885;200;0.707;0.704
1558502173.631;200;0.744;0.744
1558502174.447;200;0.813;0.812
1558502175.226;200;0.777;0.776
1558502175.953;200;0.725;0.728
1558502176.741;200;0.786;0.788
1558502177.489;200;0.745;0.748
1558502178.249;200;0.756;0.760
1558502178.982;200;0.730;0.732
1558502179.787;200;0.802;0.804
1558502180.605;200;0.816;0.816
1558502181.371;200;0.764;0.764
1558502182.104;200;0.730;0.728
1558502182.854;200;0.747;0.748
1558502183.697;200;0.840;0.844
1558502184.433;200;0.733;0.732
1558502185.161;200;0.725;0.728
1558502185.926;200;0.763;0.764
1558502186.713;200;0.785;0.788
1558502187.439;200;0.724;0.724
1558502188.169;200;0.727;0.728
1558502188.948;200;0.777;0.776
1558502189.720;200;0.769;0.772
1558502190.460;200;0.738;0.740
1558502191.183;200;0.718;0.716
1558502191.899;200;0.713;0.712
1558502192.769;200;0.866;0.868
1558502193.508;200;0.737;0.736
1558502194.213;200;0.702;0.704
1558502194.965;200;0.749;0.752
1558502195.777;200;0.809;0.812
1558502196.521;200;0.742;0.744
1558502197.270;200;0.746;0.748
1558502198.039;200;0.766;0.768
1558502198.822;200;0.780;0.780
1558502199.550;200;0.725;0.728
1558502200.310;200;0.757;0.760
1558502201.039;200;0.724;0.724
1558502201.855;200;0.813;0.812
1558502202.609;200;0.750;0.752
1558502203.374;200;0.763;0.764
1558502204.134;200;0.756;0.756
1558502204.961;200;0.824;0.824
1558502205.740;200;0.775;0.780
1558502206.474;200;0.731;0.732
1558502207.239;200;0.761;0.760
1558502208.098;200;0.856;0.856
1558502208.851;200;0.749;0.748
1558502209.566;200;0.713;0.716
1558502210.321;200;0.750;0.752
1558502211.131;200;0.805;0.804
1558502211.895;200;0.760;0.760
1558502212.671;200;0.773;0.772
1558502213.455;200;0.780;0.780
1558502214.256;200;0.795;0.796
1558502215.030;200;0.770;0.772
1558502215.744;200;0.711;0.716
1558502216.546;200;0.800;0.800
1558502217.369;200;0.819;0.820
1558502218.101;200;0.729;0.732
1558502218.851;200;0.748;0.748
1558502219.593;200;0.740;0.740
1558502220.399;200;0.804;0.804
1558502221.127;200;0.724;0.724
1558502221.868;200;0.738;0.740
1558502222.613;200;0.742;0.744
1558502223.423;200;0.807;0.808
1558502224.152;200;0.726;0.724
1558502224.869;200;0.715;0.716
1558502225.614;200;0.741;0.740
1558502226.430;200;0.812;0.812
1558502227.180;200;0.747;0.748
1558502227.910;200;0.728;0.728
1558502228.706;200;0.795;0.796
1558502229.503;200;0.794;0.796
1558502230.271;200;0.765;0.764
1558502230.995;200;0.720;0.720
1558502231.744;200;0.747;0.748
1558502232.578;200;0.831;0.832
1558502233.343;200;0.762;0.764
1558502234.085;200;0.739;0.740
1558502234.867;200;0.780;0.780
1558502235.675;200;0.806;0.804
1558502236.419;200;0.742;0.744
1558502237.128;200;0.705;0.704
1558502237.880;200;0.750;0.748
1558502238.750;200;0.867;0.868
1558502239.511;200;0.757;0.756
1558502240.274;200;0.761;0.764
1558502241.054;200;0.776;0.776
1558502241.883;200;0.825;0.824
1558502242.612;200;0.726;0.724
1558502243.319;200;0.705;0.704
1558502244.122;200;0.799;0.800
1558502244.946;200;0.821;0.824
1558502245.727;200;0.778;0.780
1558502246.478;200;0.748;0.748
1558502247.221;200;0.738;0.740
1558502248.033;200;0.809;0.812
1558502248.760;200;0.724;0.724
1558502249.493;200;0.730;0.732
1558502250.277;200;0.780;0.784
1558502251.079;200;0.799;0.800
1558502251.841;200;0.759;0.756
1558502252.567;200;0.720;0.720
1558502253.312;200;0.743;0.740
1558502254.135;200;0.820;0.820
1558502254.876;200;0.738;0.736
1558502255.570;200;0.692;0.692
1558502256.314;200;0.741;0.744
1558502257.122;200;0.804;0.804
1558502257.870;200;0.745;0.748
1558502258.607;200;0.734;0.736
1558502259.345;200;0.735;0.736
1558502260.134;200;0.785;0.788
1558502260.899;200;0.762;0.760
1558502261.649;200;0.748;0.748
1558502262.300;200;0.648;0.648
1558502263.157;200;0.852;0.856
1558502263.898;200;0.739;0.740
1558502264.662;200;0.762;0.764
1558502265.446;200;0.781;0.784
1558502266.251;200;0.802;0.804
1558502267.057;200;0.803;0.804
1558502267.785;200;0.725;0.728
1558502268.504;200;0.716;0.716
1558502269.310;200;0.803;0.804
1558502270.048;200;0.734;0.732
1558502270.798;200;0.744;0.745
1558502271.601;200;0.800;0.804
1558502272.406;200;0.802;0.804
1558502273.181;200;0.772;0.772
1558502273.914;200;0.727;0.728
1558502274.674;200;0.758;0.760
1558502275.505;200;0.827;0.828
1558502276.253;200;0.746;0.748
1558502276.973;200;0.716;0.720
1558502277.722;200;0.744;0.744
1558502278.643;200;0.917;0.916
1558502279.387;200;0.741;0.740
1558502280.114;200;0.724;0.724
1558502280.895;200;0.777;0.776
1558502281.708;200;0.809;0.808
1558502282.413;200;0.703;0.700
1558502283.158;200;0.743;0.744
1558502283.899;200;0.738;0.740
1558502284.749;200;0.847;0.848
1558502285.533;200;0.779;0.780
1558502286.241;200;0.706;0.708
1558502286.978;200;0.734;0.736
1558502287.796;200;0.815;0.816
1558502288.540;200;0.741;0.740
1558502289.270;200;0.727;0.728
1558502290.055;200;0.782;0.780
1558502290.866;200;0.807;0.808
1558502291.631;200;0.762;0.764
1558502292.393;200;0.758;0.760
1558502293.156;200;0.761;0.760
1558502293.980;200;0.819;0.816
1558502293.990;503;0.006;0.004, 0.000, 0.004, 0.000
1558502293.998;503;0.005;0.004, 0.000, 0.004, 0.000
1558502294.757;200;0.758;0.756
1558502295.497;200;0.738;0.740
1558502296.181;200;0.682;0.684
1558502296.986;200;0.803;0.804
1558502297.733;200;0.745;0.748
1558502298.496;200;0.760;0.760
1558502299.235;200;0.736;0.736
1558502300.011;200;0.773;0.772
1558502300.783;200;0.767;0.768
1558502301.549;200;0.763;0.764
1558502302.330;200;0.778;0.780
1558502303.153;200;0.822;0.824
1558502303.917;200;0.761;0.764
1558502304.641;200;0.720;0.724
1558502305.391;200;0.748;0.748
1558502306.163;200;0.769;0.768
1558502306.914;200;0.748;0.748
1558502307.659;200;0.742;0.744
1558502308.442;200;0.779;0.780
1558502309.249;200;0.804;0.804
1558502309.977;200;0.726;0.728
1558502310.702;200;0.721;0.720
1558502311.409;200;0.702;0.704
1558502312.224;200;0.812;0.812
1558502312.955;200;0.728;0.728
1558502313.697;200;0.739;0.740
1558502314.486;200;0.786;0.788
1558502315.332;200;0.834;0.832
1558502316.090;200;0.756;0.756
1558502316.802;200;0.708;0.708
1558502317.534;200;0.729;0.728
1558502318.316;200;0.779;0.780
1558502319.051;200;0.733;0.732
1558502319.783;200;0.729;0.728
1558502320.549;200;0.763;0.764
1558502321.410;200;0.857;0.860
1558502322.161;200;0.749;0.748
1558502322.896;200;0.733;0.732
1558502323.645;200;0.746;0.748
1558502324.487;200;0.839;0.840
1558502325.259;200;0.770;0.768
1558502326.041;200;0.778;0.776
1558502326.775;200;0.732;0.732
1558502327.610;200;0.832;0.832
1558502328.361;200;0.746;0.744
1558502329.112;200;0.748;0.748
1558502329.884;200;0.769;0.768
1558502330.692;200;0.802;0.800
1558502331.461;200;0.766;0.764
1558502332.203;200;0.740;0.740
1558502332.930;200;0.724;0.724
1558502333.737;200;0.805;0.808
1558502334.485;200;0.745;0.748
1558502335.216;200;0.729;0.728
1558502336.015;200;0.795;0.796
1558502336.853;200;0.833;0.832
1558502337.599;200;0.743;0.744
1558502338.320;200;0.717;0.716
1558502339.033;200;0.710;0.708
1558502339.851;200;0.813;0.812
1558502340.594;200;0.739;0.740
1558502341.338;200;0.739;0.740
1558502342.054;200;0.712;0.712
1558502342.866;200;0.810;0.812
1558502343.607;200;0.739;0.740
1558502344.375;200;0.766;0.768
1558502345.127;200;0.748;0.748
1558502345.948;200;0.818;0.816
1558502346.707;200;0.756;0.756
1558502347.430;200;0.719;0.720
1558502348.124;200;0.692;0.692
1558502348.922;200;0.796;0.796
1558502349.649;200;0.725;0.728
1558502350.379;200;0.728;0.728
1558502351.191;200;0.809;0.808
1558502352.023;200;0.830;0.828
1558502352.767;200;0.741;0.740
1558502353.470;200;0.699;0.700
1558502354.205;200;0.731;0.732
1558502355.039;200;0.831;0.832
1558502355.783;200;0.741;0.740
1558502356.519;200;0.733;0.732
1558502357.271;200;0.748;0.748
1558502358.122;200;0.844;0.844
1558502358.871;200;0.744;0.744
1558502359.610;200;0.735;0.736
1558502360.377;200;0.754;0.752
1558502361.179;200;0.798;0.796
1558502361.950;200;0.766;0.768
1558502362.677;200;0.719;0.720
1558502363.454;200;0.774;0.776
1558502364.247;200;0.789;0.788
1558502364.968;200;0.718;0.716
1558502365.724;200;0.754;0.752
1558502366.532;200;0.806;0.804
1558502367.373;200;0.838;0.840
1558502368.112;200;0.737;0.736
1558502368.841;200;0.724;0.724
1558502369.605;200;0.762;0.764
1558502370.401;200;0.793;0.796
1558502371.134;200;0.730;0.732
1558502371.854;200;0.718;0.720
1558502372.650;200;0.793;0.792
1558502373.509;200;0.855;0.852
1558502374.248;200;0.736;0.736
1558502374.983;200;0.732;0.732
1558502375.749;200;0.762;0.764
1558502376.548;200;0.797;0.796
1558502377.287;200;0.736;0.736
1558502377.995;200;0.705;0.704
1558502378.801;200;0.803;0.804
1558502379.631;200;0.827;0.828
1558502380.373;200;0.739;0.736
1558502381.143;200;0.766;0.768
1558502381.888;200;0.741;0.740
1558502382.699;200;0.806;0.804
1558502383.440;200;0.738;0.736
1558502384.172;200;0.727;0.728
1558502384.921;200;0.747;0.748
1558502385.740;200;0.817;0.816
1558502386.474;200;0.732;0.732
1558502387.236;200;0.760;0.760
1558502388.032;200;0.793;0.792
1558502388.874;200;0.838;0.840
1558502389.642;200;0.766;0.768
1558502390.339;200;0.692;0.692
1558502391.103;200;0.756;0.756
1558502391.928;200;0.822;0.820
1558502392.666;200;0.736;0.736
1558502393.387;200;0.718;0.716
1558502394.177;200;0.786;0.788
1558502394.990;200;0.811;0.812
1558502395.763;200;0.771;0.772
1558502396.467;200;0.701;0.700
1558502397.220;200;0.745;0.744
1558502398.052;200;0.830;0.828
1558502398.794;200;0.738;0.740
1558502399.506;200;0.709;0.708
1558502400.263;200;0.755;0.756
1558502401.145;200;0.856;0.856
1558502401.879;200;0.732;0.732
1558502402.635;200;0.753;0.752
1558502403.406;200;0.767;0.768
1558502404.210;200;0.800;0.800
1558502404.989;200;0.777;0.776
1558502405.710;200;0.719;0.720
1558502406.478;200;0.766;0.768
1558502407.272;200;0.792;0.792
1558502408.033;200;0.758;0.756
1558502408.773;200;0.738;0.736
1558502409.546;200;0.771;0.772
1558502410.358;200;0.809;0.812
1558502411.147;200;0.785;0.784
1558502411.909;200;0.758;0.760
1558502412.615;200;0.703;0.704
1558502413.440;200;0.823;0.824
1558502414.206;200;0.764;0.764
1558502414.954;200;0.746;0.748
1558502415.677;200;0.721;0.724
1558502416.486;200;0.807;0.808
1558502417.232;200;0.743;0.740
1558502417.962;200;0.726;0.728
1558502418.703;200;0.740;0.740
1558502419.492;200;0.785;0.784
1558502420.256;200;0.762;0.760
1558502420.962;200;0.700;0.700
1558502421.792;200;0.828;0.828
1558502422.598;200;0.802;0.804
1558502423.362;200;0.762;0.764
1558502424.130;200;0.764;0.764
1558502424.875;200;0.743;0.744
1558502425.689;200;0.809;0.808
1558502426.459;200;0.768;0.768
1558502427.214;200;0.752;0.752
1558502427.921;200;0.705;0.704
1558502428.745;200;0.822;0.820
1558502429.492;200;0.745;0.744
1558502430.233;200;0.738;0.736
1558502430.947;200;0.712;0.712
1558502431.766;200;0.817;0.816
1558502432.523;200;0.755;0.756
1558502433.274;200;0.748;0.748
1558502434.040;200;0.763;0.764
1558502434.849;200;0.806;0.804
1558502435.625;200;0.774;0.777
1558502436.373;200;0.745;0.748
1558502437.158;200;0.779;0.780
1558502437.954;200;0.794;0.796
1558502438.710;200;0.754;0.756
1558502439.467;200;0.755;0.756
1558502440.074;200;0.605;0.608
1558502440.899;200;0.820;0.820
1558502441.641;200;0.739;0.744
1558502442.367;200;0.724;0.724
1558502443.145;200;0.774;0.776
1558502443.964;200;0.816;0.816
1558502444.709;200;0.742;0.740
1558502445.471;200;0.760;0.764
1558502446.222;200;0.743;0.744
1558502447.039;200;0.814;0.816
1558502447.778;200;0.736;0.740
1558502448.542;200;0.760;0.760
1558502449.283;200;0.739;0.740
1558502450.091;200;0.804;0.808
1558502450.826;200;0.731;0.736
1558502451.561;200;0.731;0.728
1558502452.322;200;0.759;0.764
1558502453.150;200;0.825;0.824
1558502453.908;200;0.756;0.756
1558502454.650;200;0.740;0.744
1558502455.394;200;0.741;0.744
1558502456.211;200;0.815;0.816
1558502456.960;200;0.730;0.732
1558502457.719;200;0.756;0.760
1558502458.461;200;0.739;0.736
1558502459.269;200;0.806;0.808
1558502460.013;200;0.741;0.748
1558502460.779;200;0.763;0.764
1558502461.521;200;0.739;0.736
1558502462.417;200;0.894;0.896
1558502463.150;200;0.731;0.736
1558502463.912;200;0.758;0.756
1558502464.703;200;0.788;0.788
1558502465.560;200;0.853;0.852
1558502466.341;200;0.778;0.780
1558502467.066;200;0.722;0.728
1558502467.826;200;0.757;0.760
1558502468.641;200;0.813;0.812
1558502469.400;200;0.756;0.760
1558502470.093;200;0.691;0.692
1558502470.898;200;0.802;0.804
1558502471.716;200;0.816;0.820
1558502472.468;200;0.748;0.752
1558502473.207;200;0.737;0.736
1558502473.938;200;0.725;0.728
1558502474.777;200;0.837;0.836
1558502475.563;200;0.784;0.788
1558502476.276;200;0.710;0.712
1558502477.047;200;0.768;0.772
1558502477.890;200;0.840;0.840
1558502478.648;200;0.754;0.756
1558502479.358;200;0.707;0.712
1558502480.099;200;0.738;0.740
1558502480.920;200;0.818;0.820
1558502481.683;200;0.761;0.764
1558502482.406;200;0.720;0.724
1558502483.133;200;0.723;0.724
1558502483.951;200;0.816;0.820
1558502484.686;200;0.730;0.732
1558502485.410;200;0.721;0.724
1558502486.167;200;0.753;0.752
1558502486.973;200;0.803;0.804
1558502487.708;200;0.732;0.736
1558502488.444;200;0.733;0.736
1558502489.208;200;0.758;0.756
1558502490.026;200;0.815;0.820
1558502490.787;200;0.757;0.760
1558502491.518;200;0.728;0.732
1558502492.237;200;0.717;0.716
1558502493.071;200;0.832;0.836
1558502493.792;200;0.718;0.720
1558502494.530;200;0.736;0.740
1558502495.231;200;0.699;0.700
1558502496.035;200;0.801;0.804
1558502496.792;200;0.756;0.756
1558502497.503;200;0.708;0.712
1558502498.251;200;0.746;0.748
1558502499.064;200;0.809;0.812
1558502499.809;200;0.742;0.744
1558502500.520;200;0.709;0.708
1558502501.274;200;0.750;0.752
1558502502.080;200;0.804;0.808
1558502502.823;200;0.740;0.744
1558502503.547;200;0.723;0.724
1558502504.321;200;0.771;0.768
1558502505.145;200;0.822;0.824
1558502505.901;200;0.754;0.756
1558502506.631;200;0.728;0.732
1558502507.402;200;0.769;0.768
1558502508.208;200;0.804;0.808
1558502508.919;200;0.709;0.712
1558502509.651;200;0.730;0.732
1558502510.413;200;0.759;0.756
1558502511.227;200;0.810;0.816
1558502511.978;200;0.750;0.748
1558502512.710;200;0.730;0.732
1558502513.510;200;0.794;0.796
1558502514.323;200;0.811;0.812
1558502515.074;200;0.748;0.752
1558502515.823;200;0.747;0.748
1558502516.589;200;0.764;0.764
1558502517.402;200;0.810;0.816
1558502518.129;200;0.725;0.724
1558502518.859;200;0.728;0.732
1558502519.606;200;0.745;0.744
1558502520.426;200;0.818;0.824
1558502521.164;200;0.734;0.736
1558502521.892;200;0.726;0.728
1558502522.660;200;0.764;0.768
1558502523.518;200;0.854;0.852
1558502524.247;200;0.727;0.732
1558502525.000;200;0.750;0.752
1558502525.767;200;0.764;0.768
1558502526.566;200;0.796;0.796
1558502527.307;200;0.739;0.744
1558502528.025;200;0.715;0.712
1558502528.809;200;0.782;0.784
1558502529.644;200;0.833;0.836
1558502530.407;200;0.761;0.764
1558502531.142;200;0.731;0.732
1558502531.911;200;0.767;0.772
1558502532.740;200;0.827;0.828
1558502533.505;200;0.761;0.760
1558502534.219;200;0.711;0.716
1558502535.004;200;0.782;0.784
1558502535.842;200;0.835;0.836
1558502536.595;200;0.752;0.756
1558502537.314;200;0.715;0.720
1558502538.122;200;0.805;0.804
1558502538.983;200;0.857;0.860
1558502539.733;200;0.747;0.748
1558502540.435;200;0.700;0.700
1558502541.243;200;0.803;0.804
1558502542.087;200;0.842;0.844
1558502542.811;200;0.722;0.724
1558502543.515;200;0.701;0.704
1558502544.275;200;0.758;0.760
1558502545.122;200;0.844;0.844
1558502545.864;200;0.740;0.740
1558502546.595;200;0.728;0.732
1558502547.344;200;0.747;0.748
1558502548.158;200;0.811;0.812
1558502548.894;200;0.734;0.732
1558502549.659;200;0.761;0.764
1558502550.410;200;0.749;0.748
1558502551.232;200;0.818;0.820
1558502551.982;200;0.746;0.748
1558502552.734;200;0.748;0.748
1558502553.515;200;0.779;0.780
1558502554.311;200;0.793;0.796
1558502555.091;200;0.777;0.780
1558502555.820;200;0.724;0.728
1558502556.592;200;0.769;0.772
1558502557.455;200;0.860;0.864
1558502558.210;200;0.754;0.756
1558502558.936;200;0.722;0.724
1558502559.640;200;0.700;0.704
1558502560.459;200;0.817;0.820
1558502561.204;200;0.742;0.740
1558502561.962;200;0.754;0.760
1558502562.719;200;0.755;0.756
1558502563.574;200;0.852;0.856
1558502564.298;200;0.722;0.724
1558502565.032;200;0.732;0.732
1558502565.795;200;0.761;0.764
1558502566.604;200;0.806;0.808
1558502567.364;200;0.757;0.760
1558502568.113;200;0.746;0.748
1558502568.842;200;0.727;0.728
1558502569.667;200;0.823;0.828
1558502570.429;200;0.759;0.760
1558502571.178;200;0.746;0.748
1558502571.921;200;0.741;0.744
1558502572.740;200;0.817;0.820
1558502573.486;200;0.743;0.748
1558502574.249;200;0.761;0.760
1558502575.024;200;0.773;0.776
1558502575.853;200;0.826;0.828
1558502576.657;200;0.803;0.804
1558502577.384;200;0.725;0.728
1558502578.170;200;0.783;0.788
1558502579.027;200;0.854;0.856
1558502579.750;200;0.721;0.720
1558502580.475;200;0.723;0.728
1558502581.252;200;0.774;0.776
1558502582.092;200;0.836;0.836
1558502582.850;200;0.756;0.760
1558502583.556;200;0.701;0.704
1558502584.300;200;0.741;0.744
1558502585.172;200;0.868;0.872
1558502585.908;200;0.734;0.736
1558502586.662;200;0.746;0.752
1558502587.468;200;0.803;0.804
1558502588.271;200;0.799;0.804
1558502589.023;200;0.749;0.752
1558502589.764;200;0.737;0.740
1558502590.469;200;0.700;0.704
1558502591.279;200;0.805;0.808
1558502592.044;200;0.763;0.764
1558502592.763;200;0.713;0.716
1558502593.544;200;0.778;0.780
1558502594.376;200;0.827;0.832
1558502595.120;200;0.741;0.744
1558502595.899;200;0.775;0.780
1558502596.664;200;0.764;0.764
1558502597.522;200;0.855;0.856
1558502598.266;200;0.742;0.744
1558502598.990;200;0.722;0.728
1558502599.733;200;0.741;0.740
1558502600.584;200;0.849;0.852
1558502601.316;200;0.728;0.728
1558502602.059;200;0.740;0.744
1558502602.836;200;0.774;0.772
1558502603.675;200;0.835;0.840
1558502604.430;200;0.752;0.752
1558502605.162;200;0.730;0.732
1558502605.915;200;0.751;0.752
1558502606.718;200;0.802;0.808
1558502607.453;200;0.733;0.732
1558502608.175;200;0.719;0.720
1558502608.928;200;0.750;0.752
1558502609.756;200;0.825;0.828
1558502610.486;200;0.727;0.728
1558502611.215;200;0.725;0.724
1558502611.980;200;0.763;0.768
1558502612.838;200;0.856;0.856
1558502613.594;200;0.754;0.760
1558502614.304;200;0.708;0.709
1558502615.056;200;0.748;0.752
1558502615.887;200;0.829;0.828
1558502616.628;200;0.740;0.740
1558502617.355;200;0.725;0.728
1558502618.130;200;0.772;0.772
1558502618.958;200;0.827;0.832
1558502619.743;200;0.783;0.780
1558502620.504;200;0.759;0.764
1558502621.286;200;0.779;0.784
1558502622.172;200;0.884;0.884
1558502622.931;200;0.756;0.756
1558502623.709;200;0.775;0.776
1558502624.412;200;0.701;0.704
1558502625.230;200;0.814;0.816
1558502625.999;200;0.767;0.772
1558502626.730;200;0.729;0.728
1558502627.452;200;0.720;0.724
1558502628.327;200;0.873;0.872
1558502629.062;200;0.733;0.736
1558502629.782;200;0.718;0.720
1558502630.580;200;0.796;0.800
1558502631.398;200;0.815;0.816
1558502632.226;200;0.827;0.828
1558502632.963;200;0.734;0.740
1558502633.727;200;0.761;0.764
1558502634.565;200;0.835;0.836
1558502635.295;200;0.728;0.732
1558502636.017;200;0.721;0.720
1558502636.769;200;0.750;0.752
1558502637.575;200;0.803;0.808
1558502638.305;200;0.728;0.728
1558502639.044;200;0.736;0.740
1558502639.778;200;0.731;0.732
1558502640.579;200;0.798;0.804
1558502641.346;200;0.764;0.764
1558502642.062;200;0.714;0.716
1558502642.879;200;0.815;0.816
1558502643.721;200;0.837;0.840
1558502644.465;200;0.741;0.744
1558502645.199;200;0.731;0.732
1558502645.940;200;0.739;0.744
1558502646.742;200;0.799;0.800
1558502647.505;200;0.761;0.764
1558502648.214;200;0.707;0.708
1558502648.972;200;0.756;0.760
1558502649.774;200;0.799;0.800
1558502650.506;200;0.731;0.732
1558502651.226;200;0.716;0.716
1558502652.022;200;0.794;0.796
1558502652.822;200;0.798;0.800
1558502653.547;200;0.722;0.728
1558502654.283;200;0.735;0.736
1558502655.040;200;0.755;0.756
1558502655.866;200;0.822;0.824
1558502656.610;200;0.742;0.744
1558502657.318;200;0.706;0.708
1558502658.016;200;0.696;0.700
1558502658.846;200;0.827;0.828
1558502659.580;200;0.732;0.732
1558502660.332;200;0.749;0.748
1558502661.131;200;0.795;0.796
1558502661.935;200;0.802;0.808
1558502662.716;200;0.779;0.780
1558502663.439;200;0.719;0.724
1558502664.167;200;0.725;0.728
1558502664.975;200;0.806;0.808
1558502665.727;200;0.750;0.752
1558502666.446;200;0.717;0.716
1558502667.195;200;0.745;0.748
1558502667.992;200;0.795;0.796
1558502668.710;200;0.715;0.716
1558502669.441;200;0.729;0.732
1558502670.175;200;0.733;0.732
1558502670.985;200;0.807;0.808
1558502671.723;200;0.736;0.740
1558502672.448;200;0.721;0.724
1558502673.210;200;0.760;0.760
1558502674.012;200;0.800;0.804
1558502674.734;200;0.719;0.720
1558502675.498;200;0.762;0.764
1558502676.162;200;0.662;0.664
1558502676.971;200;0.807;0.812
1558502677.740;200;0.766;0.768
1558502678.441;200;0.698;0.700
1558502679.150;200;0.707;0.708
1558502679.959;200;0.807;0.812
1558502680.696;200;0.734;0.736
1558502681.433;200;0.735;0.736
1558502682.164;200;0.726;0.728
1558502683.033;200;0.866;0.868
1558502683.765;200;0.730;0.732
1558502684.497;200;0.729;0.732
1558502685.239;200;0.739;0.740
1558502686.051;200;0.810;0.816
1558502686.056;503;0.003;0.000, 0.000, 0.000, 0.000
1558502686.065;503;0.005;0.000, 0.004, 0.000, 0.000
1558502686.776;200;0.708;0.000, 0.708
1558502687.499;200;0.721;0.724
1558502688.332;200;0.829;0.828
1558502689.043;200;0.709;0.712
1558502689.778;200;0.733;0.732
1558502690.627;200;0.848;0.852
1558502691.378;200;0.747;0.748
1558502692.060;200;0.680;0.684
1558502692.874;200;0.811;0.812
1558502693.722;200;0.847;0.848
1558502694.486;200;0.761;0.764
1558502695.288;200;0.793;0.792
1558502696.036;200;0.745;0.748
1558502696.848;200;0.809;0.812
1558502697.589;200;0.737;0.740
1558502698.312;200;0.722;0.724
1558502699.057;200;0.742;0.744
1558502699.872;200;0.813;0.816
1558502700.631;200;0.756;0.756
1558502701.383;200;0.748;0.752
1558502702.170;200;0.785;0.784
1558502703.023;200;0.851;0.852
1558502703.808;200;0.783;0.788
1558502704.531;200;0.721;0.724
1558502705.343;200;0.811;0.808
1558502706.173;200;0.828;0.832
1558502706.930;200;0.755;0.756
1558502707.667;200;0.734;0.740
1558502708.454;200;0.785;0.784
1558502709.314;200;0.859;0.860
1558502710.081;200;0.765;0.764
1558502710.820;200;0.736;0.740
1558502711.570;200;0.746;0.748
1558502712.374;200;0.803;0.804
1558502713.110;200;0.734;0.736
1558502713.842;200;0.730;0.732
1558502714.640;200;0.795;0.800
1558502715.460;200;0.818;0.820
1558502716.203;200;0.740;0.740
1558502716.908;200;0.704;0.708
1558502717.678;200;0.768;0.768
1558502718.479;200;0.799;0.804
1558502719.247;200;0.767;0.768
1558502719.960;200;0.710;0.712
1558502720.717;200;0.754;0.756
1558502721.530;200;0.811;0.812
1558502722.270;200;0.738;0.740
1558502723.005;200;0.733;0.736
1558502723.794;200;0.786;0.788
1558502724.626;200;0.829;0.832
1558502725.396;200;0.768;0.772
1558502726.122;200;0.723;0.724
1558502726.869;200;0.745;0.748
1558502727.675;200;0.804;0.808
1558502728.409;200;0.731;0.728
1558502729.187;200;0.776;0.776
1558502729.960;200;0.771;0.772
1558502730.773;200;0.806;0.808
1558502731.517;200;0.741;0.744
1558502732.231;200;0.712;0.716
1558502733.007;200;0.774;0.772
1558502733.852;200;0.843;0.848
1558502734.602;200;0.748;0.748
1558502735.291;200;0.686;0.688
1558502736.060;200;0.767;0.772
1558502736.919;200;0.856;0.856
1558502737.699;200;0.778;0.776
1558502738.363;200;0.663;0.664
1558502739.095;200;0.730;0.732
1558502739.911;200;0.814;0.816
1558502740.667;200;0.752;0.752
1558502741.409;200;0.740;0.740
1558502742.175;200;0.760;0.764
1558502743.025;200;0.846;0.848
1558502743.774;200;0.747;0.748
1558502744.560;200;0.783;0.788
1558502745.316;200;0.754;0.756
1558502746.126;200;0.808;0.808
1558502746.890;200;0.762;0.764
1558502747.605;200;0.713;0.716
1558502748.386;200;0.779;0.780
1558502749.204;200;0.816;0.820
1558502749.945;200;0.737;0.736
1558502750.692;200;0.743;0.744
1558502751.433;200;0.739;0.740
1558502752.261;200;0.825;0.828
1558502753.069;200;0.802;0.804
1558502753.809;200;0.738;0.740
1558502754.612;200;0.801;0.804
1558502755.429;200;0.814;0.812
1558502756.180;200;0.749;0.752
1558502756.943;200;0.761;0.760
1558502757.706;200;0.761;0.760
1558502758.528;200;0.820;0.824
1558502759.250;200;0.719;0.720
1558502759.993;200;0.741;0.744
1558502760.732;200;0.736;0.740
1558502761.547;200;0.812;0.816
1558502762.280;200;0.731;0.728
1558502762.995;200;0.713;0.712
1558502763.761;200;0.764;0.768
1558502764.640;200;0.877;0.876
1558502765.383;200;0.739;0.740
1558502766.124;200;0.738;0.740
1558502766.881;200;0.755;0.756
1558502767.676;200;0.792;0.796
1558502768.445;200;0.767;0.768
1558502769.220;200;0.773;0.772
1558502769.986;200;0.762;0.764
1558502770.801;200;0.812;0.812
1558502771.538;200;0.735;0.736
1558502772.287;200;0.747;0.752
1558502773.075;200;0.785;0.788
1558502773.900;200;0.823;0.824
1558502774.675;200;0.772;0.776
1558502775.389;200;0.712;0.712
1558502776.247;200;0.856;0.856
1558502777.070;200;0.822;0.824
1558502777.834;200;0.761;0.764
1558502778.538;200;0.702;0.704
1558502779.275;200;0.735;0.736
1558502780.092;200;0.816;0.820
1558502780.819;200;0.724;0.724
1558502781.547;200;0.727;0.732
1558502782.380;200;0.830;0.832
1558502783.187;200;0.803;0.804
1558502783.923;200;0.734;0.736
1558502784.637;200;0.712;0.716
1558502785.445;200;0.806;0.808
1558502786.259;200;0.812;0.816
1558502787.005;200;0.744;0.744
1558502787.774;200;0.767;0.768
1558502788.573;200;0.798;0.800
1558502789.400;200;0.825;0.828
1558502790.150;200;0.748;0.748
1558502790.850;200;0.695;0.696
1558502791.640;200;0.788;0.792
1558502792.486;200;0.843;0.844
1558502793.231;200;0.743;0.744
1558502794.001;200;0.769;0.772
1558502794.731;200;0.728;0.732
1558502795.538;200;0.805;0.804
1558502796.281;200;0.741;0.744
1558502796.987;200;0.704;0.704
1558502797.789;200;0.800;0.804
1558502798.586;200;0.794;0.796
1558502799.314;200;0.726;0.728
1558502800.068;200;0.753;0.756
1558502800.752;200;0.681;0.684
1558502801.589;200;0.834;0.836
1558502802.345;200;0.753;0.752
1558502803.061;200;0.713;0.716
1558502803.835;200;0.771;0.772
1558502804.680;200;0.843;0.848
1558502805.416;200;0.735;0.737
1558502806.139;200;0.720;0.724
1558502806.858;200;0.717;0.716
1558502807.715;200;0.855;0.856
1558502808.490;200;0.773;0.776
1558502809.208;200;0.716;0.716
1558502810.017;200;0.808;0.808
1558502810.836;200;0.817;0.816
1558502811.580;200;0.742;0.744
1558502812.281;200;0.699;0.700
1558502813.040;200;0.757;0.760
1558502813.867;200;0.825;0.824
1558502814.647;200;0.778;0.780
1558502815.362;200;0.713;0.712
1558502816.042;200;0.678;0.680
1558502816.876;200;0.832;0.836
1558502817.675;200;0.795;0.796
1558502818.449;200;0.772;0.776
1558502819.105;200;0.652;0.656
1558502819.925;200;0.818;0.816
1558502820.663;200;0.734;0.732
1558502821.391;200;0.727;0.728
1558502822.139;200;0.746;0.748
1558502823.018;200;0.877;0.880
1558502823.735;200;0.716;0.716
1558502824.451;200;0.714;0.716
1558502825.181;200;0.729;0.732
1558502826.029;200;0.843;0.844
1558502826.779;200;0.748;0.748
1558502827.504;200;0.723;0.728
1558502828.241;200;0.734;0.736
1558502829.060;200;0.816;0.820
1558502829.774;200;0.711;0.712
1558502830.532;200;0.756;0.760
1558502831.304;200;0.770;0.772
1558502832.143;200;0.837;0.836
1558502832.942;200;0.798;0.800
1558502833.681;200;0.738;0.736
1558502834.444;200;0.760;0.760
1558502835.267;200;0.821;0.820
1558502836.034;200;0.765;0.768
1558502836.756;200;0.720;0.724
1558502837.497;200;0.739;0.740
1558502838.320;200;0.821;0.824
1558502839.046;200;0.725;0.724
1558502839.748;200;0.700;0.704
1558502840.484;200;0.734;0.736
1558502841.305;200;0.818;0.820
1558502842.081;200;0.774;0.776
1558502842.810;200;0.727;0.728
1558502843.566;200;0.754;0.756
1558502844.368;200;0.800;0.804
1558502845.139;200;0.768;0.768
1558502845.873;200;0.732;0.736
1558502846.620;200;0.745;0.748
1558502847.432;200;0.810;0.808
1558502848.221;200;0.785;0.788
1558502848.938;200;0.714;0.716
1558502849.777;200;0.836;0.840
1558502850.586;200;0.807;0.808
1558502851.344;200;0.754;0.752
1558502852.068;200;0.721;0.724
1558502852.837;200;0.767;0.768
1558502853.702;200;0.863;0.864
1558502854.458;200;0.754;0.756
1558502855.191;200;0.731;0.732
1558502855.930;200;0.737;0.740
1558502856.735;200;0.803;0.804
1558502857.488;200;0.752;0.752
1558502858.243;200;0.754;0.752
1558502859.018;200;0.773;0.776
1558502859.885;200;0.865;0.868
1558502860.657;200;0.768;0.772
1558502861.425;200;0.765;0.764
1558502862.189;200;0.762;0.764
1558502863.012;200;0.820;0.820
1558502863.773;200;0.759;0.760
1558502864.492;200;0.717;0.716
1558502865.245;200;0.750;0.748
1558502866.083;200;0.836;0.836
1558502866.812;200;0.727;0.732
1558502867.524;200;0.708;0.712
1558502868.287;200;0.761;0.760
1558502869.125;200;0.835;0.836
1558502869.907;200;0.779;0.780
1558502870.623;200;0.712;0.712
1558502871.425;200;0.799;0.796
1558502872.226;200;0.797;0.800
1558502872.992;200;0.763;0.764
1558502873.723;200;0.718;0.716
1558502874.519;200;0.794;0.796
1558502875.347;200;0.826;0.824
1558502876.078;200;0.730;0.732
1558502876.808;200;0.728;0.732
1558502877.548;200;0.737;0.740
1558502878.363;200;0.811;0.812
1558502879.111;200;0.746;0.748
1558502879.896;200;0.784;0.784
1558502880.709;200;0.809;0.812
1558502881.537;200;0.826;0.828
1558502882.292;200;0.752;0.756
1558502883.027;200;0.732;0.732
1558502883.807;200;0.778;0.780
1558502884.651;200;0.842;0.844
1558502885.399;200;0.746;0.748
1558502886.127;200;0.725;0.724
1558502886.911;200;0.783;0.784
1558502887.751;200;0.838;0.836
1558502888.501;200;0.748;0.752
1558502889.241;200;0.737;0.736
1558502889.973;200;0.728;0.732
1558502890.807;200;0.831;0.832
1558502891.581;200;0.773;0.776
1558502892.313;200;0.730;0.732
1558502892.997;200;0.682;0.684
1558502893.817;200;0.818;0.816
1558502894.562;200;0.743;0.744
1558502895.281;200;0.717;0.720
1558502896.072;200;0.787;0.784
1558502896.900;200;0.825;0.828
1558502897.664;200;0.761;0.764
1558502898.383;200;0.717;0.716
1558502899.132;200;0.747;0.752
1558502899.919;200;0.785;0.784
1558502900.671;200;0.750;0.748
1558502901.385;200;0.712;0.716
1558502902.213;200;0.826;0.828
1558502903.059;200;0.843;0.844
1558502903.805;200;0.745;0.748
1558502904.496;200;0.687;0.688
1558502905.246;200;0.747;0.748
1558502906.093;200;0.844;0.848
1558502906.844;200;0.749;0.748
1558502907.566;200;0.718;0.720
1558502908.344;200;0.776;0.776
1558502909.171;200;0.823;0.824
1558502909.905;200;0.733;0.736
1558502910.613;200;0.704;0.704
1558502911.381;200;0.765;0.768
1558502912.232;200;0.849;0.848
1558502913.014;200;0.781;0.780
1558502913.735;200;0.719;0.720
1558502914.480;200;0.744;0.748
1558502915.347;200;0.865;0.864
1558502916.077;200;0.728;0.732
1558502916.798;200;0.718;0.720
1558502917.559;200;0.759;0.760
1558502918.375;200;0.813;0.812
1558502919.116;200;0.739;0.744
1558502919.856;200;0.737;0.736
1558502920.643;200;0.785;0.784
1558502921.468;200;0.824;0.824
1558502922.194;200;0.725;0.728
1558502922.911;200;0.715;0.716
1558502923.645;200;0.732;0.736
1558502924.485;200;0.838;0.840
1558502925.222;200;0.735;0.736
1558502925.955;200;0.731;0.732
1558502926.759;200;0.803;0.804
1558502927.619;200;0.858;0.860
1558502928.359;200;0.738;0.740
1558502929.090;200;0.728;0.728
1558502929.849;200;0.757;0.760
1558502930.676;200;0.825;0.828
1558502931.407;200;0.728;0.728
1558502932.131;200;0.722;0.724
1558502932.903;200;0.770;0.768
1558502933.757;200;0.852;0.852
1558502934.509;200;0.750;0.752
1558502935.237;200;0.725;0.728
1558502936.015;200;0.776;0.776
1558502936.845;200;0.829;0.832
1558502937.590;200;0.742;0.744
1558502938.348;200;0.756;0.756
1558502939.091;200;0.739;0.740
1558502939.928;200;0.835;0.836
1558502940.687;200;0.756;0.756
1558502941.451;200;0.762;0.764
1558502942.201;200;0.748;0.752
1558502943.055;200;0.847;0.848
1558502943.814;200;0.758;0.760
1558502944.530;200;0.714;0.716
1558502945.276;200;0.744;0.744
1558502946.111;200;0.832;0.832
1558502946.890;200;0.777;0.776
1558502947.604;200;0.712;0.716
1558502948.352;200;0.744;0.744
1558502949.163;200;0.809;0.808
1558502949.928;200;0.763;0.764
1558502950.675;200;0.745;0.744
1558502951.423;200;0.746;0.748
1558502952.248;200;0.823;0.824
1558502953.005;200;0.756;0.756
1558502953.724;200;0.715;0.716
1558502954.539;200;0.813;0.812
1558502955.360;200;0.819;0.824
1558502956.107;200;0.744;0.744
1558502956.813;200;0.705;0.708
1558502957.633;200;0.818;0.820
1558502958.465;200;0.830;0.828
1558502959.212;200;0.745;0.748
1558502959.919;200;0.705;0.704
1558502960.651;200;0.728;0.728
1558502961.481;200;0.828;0.832
1558502962.218;200;0.734;0.736
1558502962.941;200;0.721;0.724
1558502963.716;200;0.773;0.772
1558502964.550;200;0.832;0.832
1558502965.295;200;0.743;0.744
1558502966.065;200;0.769;0.772
1558502966.804;200;0.736;0.736
1558502967.625;200;0.817;0.820
1558502968.364;200;0.737;0.736
1558502969.105;200;0.739;0.740
1558502969.817;200;0.710;0.712
1558502970.658;200;0.838;0.840
1558502971.422;200;0.761;0.760
1558502972.140;200;0.716;0.720
1558502972.893;200;0.746;0.748
1558502973.749;200;0.849;0.852
1558502974.491;200;0.740;0.740
1558502975.219;200;0.726;0.724
1558502976.011;200;0.788;0.788
1558502976.812;200;0.799;0.796
1558502977.563;200;0.750;0.748
1558502978.278;200;0.713;0.716
1558502979.012;200;0.732;0.732
1558502979.812;200;0.798;0.800
1558502980.568;200;0.754;0.752
1558502981.319;200;0.747;0.748
1558502982.063;200;0.742;0.744
1558502982.889;200;0.824;0.824
1558502983.641;200;0.750;0.752
1558502984.363;200;0.720;0.720
1558502985.101;200;0.736;0.740
1558502985.899;200;0.795;0.796
1558502986.629;200;0.729;0.732
1558502987.354;200;0.723;0.724
1558502988.127;200;0.772;0.772
1558502988.940;200;0.811;0.812
1558502989.669;200;0.728;0.732
1558502990.389;200;0.717;0.720
1558502991.187;200;0.796;0.796
1558502991.993;200;0.804;0.804
1558502992.737;200;0.733;0.736
1558502993.457;200;0.717;0.720
1558502994.240;200;0.779;0.780
1558502995.076;200;0.833;0.832
1558502995.821;200;0.744;0.748
1558502996.550;200;0.726;0.728
1558502997.304;200;0.753;0.752
1558502998.154;200;0.846;0.848
1558502998.864;200;0.708;0.708
1558502999.591;200;0.725;0.724
1558503000.327;200;0.734;0.732
1558503001.151;200;0.821;0.820
1558503001.895;200;0.742;0.740
1558503002.668;200;0.771;0.772
1558503003.412;200;0.742;0.740
1558503004.233;200;0.818;0.816
1558503005.013;200;0.778;0.780
1558503005.730;200;0.714;0.716
1558503006.548;200;0.815;0.817
1558503007.355;200;0.802;0.804
1558503008.115;200;0.757;0.756
1558503008.843;200;0.726;0.728
1558503009.532;200;0.687;0.684
1558503010.392;200;0.858;0.856
1558503011.186;200;0.787;0.788
1558503011.920;200;0.732;0.732
1558503012.652;200;0.730;0.728
1558503013.476;200;0.823;0.820
1558503014.250;200;0.772;0.772
1558503014.963;200;0.711;0.712
1558503015.776;200;0.812;0.816
1558503016.608;200;0.829;0.828
1558503017.354;200;0.745;0.744
1558503018.118;200;0.762;0.764
1558503018.888;200;0.768;0.768
1558503019.724;200;0.834;0.832
1558503020.475;200;0.750;0.748
1558503021.186;200;0.709;0.708
1558503022.056;200;0.868;0.868
1558503022.880;200;0.823;0.820
1558503023.624;200;0.742;0.740
1558503024.377;200;0.750;0.752
1558503025.125;200;0.746;0.748
1558503025.952;200;0.824;0.824
1558503026.749;200;0.796;0.796
1558503027.488;200;0.737;0.736
1558503028.250;200;0.760;0.760
1558503029.105;200;0.853;0.856
1558503029.855;200;0.747;0.748
1558503030.593;200;0.736;0.736
1558503031.357;200;0.762;0.764
1558503032.211;200;0.852;0.852
1558503032.977;200;0.765;0.764
1558503033.699;200;0.720;0.720
1558503034.414;200;0.713;0.716
1558503035.221;200;0.805;0.808
1558503035.965;200;0.742;0.740
1558503036.656;200;0.688;0.688
1558503037.424;200;0.766;0.764
1558503038.226;200;0.799;0.800
1558503038.987;200;0.759;0.760
1558503039.680;200;0.691;0.692
1558503040.501;200;0.819;0.820
1558503041.322;200;0.818;0.820
1558503042.080;200;0.756;0.756
1558503042.796;200;0.714;0.712
1558503043.530;200;0.732;0.732
1558503044.352;200;0.820;0.820
1558503045.103;200;0.749;0.748
1558503045.853;200;0.747;0.744
1558503046.618;200;0.764;0.764
1558503047.481;200;0.862;0.864
1558503048.251;200;0.767;0.768
1558503048.973;200;0.720;0.716
