[OVERALL], RunTime(ms), 128424
[OVERALL], Throughput(ops/sec), 15.573413069208248
[TOTAL_GCS_G1_Young_Generation], Count, 7
[TOTAL_GC_TIME_G1_Young_Generation], Time(ms), 116
[TOTAL_GC_TIME_%_G1_Young_Generation], Time(%), 0.09032579580140784
[TOTAL_GCS_G1_Old_Generation], Count, 0
[TOTAL_GC_TIME_G1_Old_Generation], Time(ms), 0
[TOTAL_GC_TIME_%_G1_Old_Generation], Time(%), 0.0
[TOTAL_GCs], Count, 7
[TOTAL_GC_TIME], Time(ms), 116
[TOTAL_GC_TIME_%], Time(%), 0.09032579580140784
[READ], Operations, 148
[READ], AverageLatency(us), 785017.0810810811
[READ], MinLatency(us), 649728
[READ], MaxLatency(us), 1047039
[READ], 95thPercentileLatency(us), 906239
[READ], 99thPercentileLatency(us), 1011711
[READ], Return=OK, 148
[READ], Return=ERROR, 1852
[CLEANUP], Operations, 1
[CLEANUP], AverageLatency(us), 3.0
[CLEANUP], MinLatency(us), 3
[CLEANUP], MaxLatency(us), 3
[CLEANUP], 95thPercentileLatency(us), 3
[CLEANUP], 99thPercentileLatency(us), 3
[READ-FAILED], Operations, 1852
[READ-FAILED], AverageLatency(us), 6268.795896328294
[READ-FAILED], MinLatency(us), 1659
[READ-FAILED], MaxLatency(us), 3911679
[READ-FAILED], 95thPercentileLatency(us), 7547
[READ-FAILED], 99thPercentileLatency(us), 9335
