timestamp;status;request_time;upstream_response_time
1559253007.999;200;0.830;0.832
1559253008.858;200;0.822;0.820
1559253009.641;200;0.779;0.780
1559253010.538;200;0.895;0.892
1559253011.396;200;0.855;0.856
1559253012.341;200;0.942;0.944
1559253013.176;200;0.815;0.816
1559253014.021;200;0.832;0.832
1559253014.813;200;0.790;0.788
1559253015.525;200;0.705;0.704
1559253016.360;200;0.829;0.828
1559253017.243;200;0.877;0.880
1559253017.996;200;0.746;0.748
1559253018.789;200;0.790;0.788
1559253019.736;200;0.945;0.944
1559253020.531;200;0.792;0.792
1559253021.462;200;0.928;0.932
1559253022.211;200;0.742;0.744
1559253023.065;200;0.851;0.852
1559253024.002;200;0.929;0.928
1559253024.781;200;0.776;0.776
1559253025.521;200;0.738;0.736
1559253026.417;200;0.890;0.888
1559253027.217;200;0.797;0.796
1559253028.024;200;0.803;0.804
1559253028.890;200;0.863;0.868
1559253029.662;200;0.767;0.768
1559253030.566;200;0.899;0.900
1559253031.311;200;0.741;0.740
1559253032.070;200;0.752;0.752
1559253032.921;200;0.848;0.848
1559253033.778;200;0.855;0.856
1559253034.568;200;0.783;0.784
1559253035.374;200;0.803;0.804
1559253036.207;200;0.829;0.832
1559253037.125;200;0.915;0.916
1559253037.866;200;0.737;0.736
1559253038.650;200;0.781;0.780
1559253039.513;200;0.860;0.860
1559253040.321;200;0.805;0.804
1559253041.120;200;0.797;0.800
1559253041.844;200;0.721;0.720
1559253042.585;200;0.739;0.740
1559253043.545;200;0.957;0.956
1559253044.303;200;0.756;0.756
1559253045.051;200;0.745;0.748
1559253045.912;200;0.857;0.856
1559253046.742;200;0.827;0.828
1559253047.631;200;0.886;0.888
1559253048.476;200;0.841;0.840
1559253049.270;200;0.791;0.788
1559253050.166;200;0.893;0.892
1559253053.633;502;3.465;0.784, 0.764, 0.948, 0.968, 0.000
1559253053.641;502;0.003;0.000, 0.004, 0.000, 0.000
1559253053.643;502;0.001;0.000, 0.000, 0.004, 0.000
1559253053.648;502;0.002;0.000, 0.004, 0.000, 0.000
1559253053.651;502;0.002;0.000, 0.000, 0.000, 0.000
1559253053.653;502;0.001;0.000, 0.000, 0.000, 0.000
1559253053.658;502;0.004;0.000, 0.004, 0.000, 0.000
1559253053.662;502;0.003;0.000, 0.000, 0.000, 0.000
1559253053.666;502;0.002;0.000, 0.000, 0.000, 0.000
1559253053.671;502;0.004;0.004, 0.000, 0.000, 0.004
1559253053.675;502;0.002;0.000, 0.000, 0.000, 0.004
1559253053.678;502;0.002;0.000, 0.000, 0.000, 0.000
1559253053.685;502;0.006;0.000, 0.004, 0.000, 0.000
1559253053.689;502;0.002;0.004, 0.000, 0.000, 0.000
1559253053.691;502;0.001;0.000, 0.000, 0.004, 0.000
1559253053.699;502;0.001;0.000, 0.000, 0.000, 0.000
1559253053.701;502;0.001;0.000, 0.000, 0.000, 0.000
1559253053.703;502;0.001;0.000, 0.000, 0.000, 0.004
1559253053.709;502;0.002;0.000, 0.000, 0.000, 0.000
1559253053.711;502;0.001;0.000, 0.000, 0.004, 0.000
1559253053.713;502;0.001;0.000, 0.000, 0.000, 0.000
1559253053.715;502;0.001;0.000, 0.000, 0.004, 0.000
1559253053.718;502;0.001;0.000, 0.000, 0.000, 0.000
1559253053.722;502;0.003;0.000, 0.000, 0.000, 0.000
1559253053.724;502;0.001;0.000, 0.000, 0.000, 0.000
1559253053.726;502;0.001;0.000, 0.000, 0.000, 0.000
1559253053.731;502;0.004;0.000, 0.000, 0.000, 0.000
1559253053.735;502;0.003;0.000, 0.000, 0.000, 0.004
1559253053.739;502;0.003;0.000, 0.000, 0.000, 0.004
1559253053.742;502;0.001;0.000, 0.000, 0.000, 0.000
1559253053.746;502;0.003;0.000, 0.000, 0.000, 0.000
1559253053.749;502;0.002;0.000, 0.000, 0.000, 0.000
1559253053.754;502;0.004;0.004, 0.000, 0.000, 0.000
1559253053.758;502;0.001;0.000, 0.000, 0.000, 0.000
1559253053.761;502;0.002;0.000, 0.000, 0.000, 0.000
1559253053.763;502;0.001;0.000, 0.000, 0.004, 0.000
1559253053.770;502;0.003;0.000, 0.000, 0.000, 0.000
1559253053.772;502;0.001;0.000, 0.000, 0.000, 0.000
1559253053.775;502;0.001;0.000, 0.000, 0.000, 0.004
1559253053.778;502;0.002;0.000, 0.000, 0.000, 0.000
1559253053.783;502;0.004;0.004, 0.000, 0.000, 0.000
1559253053.786;502;0.003;0.000, 0.000, 0.000, 0.000
1559253053.791;502;0.004;0.000, 0.000, 0.000, 0.004
1559253053.795;502;0.003;0.000, 0.000, 0.000, 0.000
1559253053.798;502;0.002;0.000, 0.000, 0.000, 0.000
1559253053.802;502;0.004;0.000, 0.004, 0.000, 0.000
1559253053.805;502;0.002;0.000, 0.000, 0.000, 0.000
1559253053.807;502;0.001;0.000, 0.000, 0.004, 0.000
1559253053.815;502;0.004;0.000, 0.000, 0.000, 0.000
1559253053.818;502;0.001;0.000, 0.000, 0.000, 0.000
1559253053.821;502;0.002;0.000, 0.000, 0.000, 0.000
1559253053.823;502;0.001;0.000, 0.000, 0.004, 0.000
1559253053.830;502;0.003;0.000, 0.000, 0.000, 0.000
1559253053.832;502;0.002;0.000, 0.004, 0.000, 0.000
1559253053.835;502;0.002;0.000, 0.000, 0.000, 0.004
1559253053.842;502;0.003;0.004, 0.000, 0.000, 0.000
1559253053.845;502;0.002;0.000, 0.000, 0.000, 0.000
1559253053.851;502;0.005;0.000, 0.004, 0.000, 0.000
1559253053.854;502;0.002;0.000, 0.000, 0.000, 0.000
1559253053.858;502;0.003;0.000, 0.000, 0.000, 0.000
1559253053.877;502;0.003;0.004, 0.000, 0.000, 0.000
1559253053.879;502;0.001;0.000, 0.004, 0.000, 0.000
1559253053.882;502;0.002;0.000, 0.000, 0.000, 0.000
1559253053.884;502;0.002;0.000, 0.004, 0.000, 0.000
1559253053.887;502;0.002;0.000, 0.000, 0.000, 0.000
1559253053.891;502;0.002;0.000, 0.000, 0.000, 0.004
1559253053.894;502;0.001;0.000, 0.000, 0.000, 0.000
1559253053.900;502;0.003;0.000, 0.004, 0.000, 0.000
1559253053.905;502;0.003;0.004, 0.000, 0.000, 0.000
1559253053.907;502;0.001;0.000, 0.000, 0.004, 0.000
1559253053.913;502;0.003;0.004, 0.000, 0.000, 0.000
1559253053.918;502;0.003;0.000, 0.000, 0.000, 0.000
1559253053.924;502;0.005;0.000, 0.004, 0.000, 0.000
1559253053.927;502;0.002;0.000, 0.000, 0.000, 0.000
1559253053.929;502;0.001;0.000, 0.000, 0.000, 0.000
1559253053.935;502;0.004;0.000, 0.000, 0.004, 0.000
1559253053.939;502;0.002;0.000, 0.000, 0.000, 0.000
1559253053.942;502;0.002;0.000, 0.000, 0.000, 0.000
1559253053.947;502;0.004;0.000, 0.000, 0.000, 0.000
1559253053.950;502;0.002;0.000, 0.000, 0.000, 0.000
1559253053.953;502;0.002;0.000, 0.000, 0.000, 0.000
1559253053.955;502;0.001;0.000, 0.000, 0.004, 0.000
1559253053.962;502;0.003;0.000, 0.000, 0.000, 0.000
1559253053.965;502;0.002;0.000, 0.000, 0.000, 0.000
1559253053.967;502;0.001;0.000, 0.004, 0.000, 0.000
1559253053.970;502;0.001;0.000, 0.000, 0.000, 0.000
1559253053.975;502;0.004;0.000, 0.000, 0.000, 0.000
1559253053.978;502;0.002;0.000, 0.000, 0.000, 0.000
1559253053.982;502;0.003;0.004, 0.000, 0.000, 0.000
1559253053.986;502;0.003;0.000, 0.000, 0.000, 0.000
1559253053.990;502;0.002;0.000, 0.000, 0.000, 0.000
1559253053.995;502;0.005;0.000, 0.004, 0.000, 0.004
1559253053.998;502;0.002;0.000, 0.000, 0.000, 0.000
1559253054.002;502;0.003;0.000, 0.000, 0.000, 0.000
1559253054.007;502;0.004;0.004, 0.000, 0.000, 0.004
1559253054.011;502;0.003;0.000, 0.000, 0.000, 0.000
1559253054.013;502;0.002;0.000, 0.000, 0.000, 0.000
1559253054.015;502;0.002;0.000, 0.000, 0.000, 0.000
1559253054.019;502;0.003;0.000, 0.000, 0.004, 0.000
1559253054.023;502;0.003;0.000, 0.000, 0.000, 0.004
1559253054.025;502;0.001;0.000, 0.000, 0.000, 0.000
1559253054.030;502;0.004;0.004, 0.000, 0.000, 0.000
1559253054.033;502;0.002;0.000, 0.000, 0.000, 0.000
1559253054.035;502;0.001;0.000, 0.004, 0.000, 0.000
1559253054.038;502;0.001;0.000, 0.000, 0.000, 0.000
1559253054.043;502;0.004;0.000, 0.000, 0.004, 0.000
1559253054.046;502;0.002;0.000, 0.000, 0.000, 0.000
1559253054.048;502;0.001;0.004, 0.000, 0.000, 0.000
1559253054.050;502;0.001;0.000, 0.000, 0.000, 0.000
1559253054.055;502;0.004;0.000, 0.000, 0.000, 0.004
1559253054.057;502;0.001;0.000, 0.000, 0.000, 0.000
1559253054.059;502;0.001;0.000, 0.000, 0.004, 0.000
1559253054.061;502;0.001;0.000, 0.000, 0.000, 0.000
1559253054.063;502;0.001;0.000, 0.000, 0.004, 0.000
1559253054.068;502;0.002;0.004, 0.000, 0.000, 0.000
1559253054.071;502;0.002;0.000, 0.000, 0.000, 0.000
1559253054.073;502;0.002;0.000, 0.000, 0.000, 0.000
1559253054.075;502;0.001;0.000, 0.000, 0.000, 0.004
1559253054.079;502;0.001;0.000, 0.000, 0.004, 0.000
1559253054.083;502;0.002;0.000, 0.000, 0.000, 0.000
1559253054.085;502;0.001;0.000, 0.000, 0.000, 0.000
1559253054.087;502;0.001;0.000, 0.000, 0.000, 0.004
1559253054.092;502;0.003;0.000, 0.004, 0.000, 0.000
1559253054.095;502;0.002;0.000, 0.000, 0.000, 0.000
1559253054.097;502;0.002;0.000, 0.000, 0.000, 0.000
1559253054.099;502;0.001;0.000, 0.000, 0.000, 0.004
1559253054.104;502;0.002;0.000, 0.004, 0.000, 0.000
1559253054.106;502;0.002;0.000, 0.000, 0.000, 0.000
1559253054.108;502;0.001;0.000, 0.000, 0.000, 0.000
1559253054.110;502;0.001;0.000, 0.000, 0.000, 0.000
1559253054.114;502;0.003;0.000, 0.000, 0.000, 0.000
1559253054.116;502;0.001;0.004, 0.000, 0.000, 0.000
1559253054.119;502;0.002;0.000, 0.004, 0.000, 0.000
1559253054.122;502;0.002;0.000, 0.000, 0.000, 0.000
1559253054.123;502;0.001;0.000, 0.004, 0.000, 0.000
1559253054.128;502;0.001;0.000, 0.000, 0.000, 0.000
1559253054.132;502;0.003;0.000, 0.004, 0.000, 0.000
1559253054.134;502;0.001;0.000, 0.000, 0.000, 0.000
1559253054.141;502;0.006;0.000, 0.004, 0.000, 0.000
1559253054.143;502;0.001;0.000, 0.000, 0.000, 0.004
1559253054.145;502;0.001;0.000, 0.000, 0.000, 0.000
1559253054.148;502;0.002;0.000, 0.004, 0.000, 0.000
1559253054.153;502;0.002;0.000, 0.000, 0.000, 0.000
1559253054.156;502;0.002;0.000, 0.004, 0.000, 0.000
1559253054.158;502;0.001;0.000, 0.000, 0.000, 0.000
1559253054.162;502;0.003;0.004, 0.000, 0.000, 0.000
1559253054.166;502;0.003;0.000, 0.000, 0.000, 0.000
1559253054.167;502;0.001;0.000, 0.004, 0.000, 0.000
1559253054.170;502;0.001;0.000, 0.000, 0.000, 0.000
1559253054.174;502;0.003;0.000, 0.000, 0.000, 0.000
1559253054.178;502;0.003;0.000, 0.000, 0.000, 0.000
1559253054.181;502;0.002;0.000, 0.000, 0.000, 0.000
1559253054.183;502;0.001;0.000, 0.000, 0.004, 0.000
1559253054.191;502;0.004;0.000, 0.000, 0.000, 0.000
1559253054.193;502;0.002;0.000, 0.000, 0.000, 0.000
1559253054.195;502;0.001;0.000, 0.000, 0.004, 0.000
1559253054.202;502;0.003;0.004, 0.000, 0.000, 0.000
1559253054.204;502;0.001;0.004, 0.000, 0.000, 0.000
1559253054.206;502;0.001;0.000, 0.000, 0.000, 0.000
1559253054.210;502;0.003;0.000, 0.000, 0.000, 0.000
1559253054.214;502;0.003;0.000, 0.000, 0.000, 0.000
1559253054.216;502;0.001;0.000, 0.000, 0.000, 0.000
1559253054.219;502;0.002;0.000, 0.000, 0.000, 0.000
1559253054.224;502;0.002;0.000, 0.004, 0.000, 0.000
1559253054.226;502;0.001;0.000, 0.000, 0.000, 0.000
1559253054.230;502;0.003;0.000, 0.000, 0.000, 0.000
1559253054.234;502;0.003;0.000, 0.000, 0.000, 0.000
1559253054.238;502;0.003;0.000, 0.000, 0.000, 0.000
1559253054.241;502;0.002;0.000, 0.000, 0.000, 0.000
1559253054.243;502;0.001;0.000, 0.000, 0.004, 0.000
1559253054.248;502;0.002;0.000, 0.004, 0.000, 0.000
1559253054.251;502;0.002;0.000, 0.000, 0.000, 0.000
1559253054.253;502;0.002;0.000, 0.000, 0.000, 0.000
1559253054.255;502;0.001;0.000, 0.000, 0.000, 0.004
1559253054.262;502;0.003;0.000, 0.000, 0.000, 0.000
1559253054.264;502;0.002;0.000, 0.004, 0.000, 0.000
1559253054.266;502;0.001;0.000, 0.000, 0.000, 0.000
1559253054.271;502;0.004;0.004, 0.000, 0.004, 0.000
1559253054.274;502;0.002;0.000, 0.000, 0.000, 0.000
1559253054.276;502;0.001;0.000, 0.000, 0.000, 0.000
1559253054.279;502;0.002;0.000, 0.000, 0.000, 0.000
1559253054.283;502;0.004;0.000, 0.000, 0.000, 0.000
1559253054.286;502;0.003;0.000, 0.000, 0.000, 0.000
1559253054.289;502;0.002;0.000, 0.000, 0.000, 0.000
1559253054.291;502;0.001;0.000, 0.000, 0.004, 0.000
1559253054.298;502;0.002;0.000, 0.000, 0.000, 0.000
1559253054.301;502;0.002;0.000, 0.000, 0.000, 0.000
1559253054.305;502;0.003;0.000, 0.004, 0.000, 0.000
1559253054.307;502;0.001;0.000, 0.004, 0.000, 0.000
1559253054.312;502;0.001;0.004, 0.000, 0.000, 0.000
1559253054.315;502;0.002;0.000, 0.000, 0.000, 0.000
1559253054.317;502;0.002;0.000, 0.000, 0.000, 0.000
1559253054.319;502;0.001;0.000, 0.000, 0.000, 0.004
1559253054.324;502;0.003;0.004, 0.000, 0.000, 0.000
1559253054.326;502;0.001;0.000, 0.000, 0.000, 0.000
1559253054.334;502;0.007;0.000, 0.004, 0.000, 0.000
1559253054.337;502;0.002;0.000, 0.000, 0.000, 0.000
1559253054.339;502;0.001;0.000, 0.000, 0.000, 0.004
1559253054.345;502;0.002;0.000, 0.000, 0.000, 0.000
1559253054.347;502;0.001;0.000, 0.004, 0.000, 0.000
1559253054.350;502;0.002;0.000, 0.000, 0.000, 0.000
1559253054.352;502;0.002;0.000, 0.004, 0.000, 0.000
1559253054.357;502;0.003;0.004, 0.000, 0.000, 0.000
1559253054.360;502;0.001;0.004, 0.000, 0.000, 0.000
1559253054.363;502;0.001;0.000, 0.000, 0.000, 0.004
1559253054.367;502;0.002;0.000, 0.000, 0.004, 0.000
1559253054.370;502;0.002;0.000, 0.000, 0.000, 0.000
1559253054.372;502;0.001;0.000, 0.000, 0.000, 0.000
1559253054.374;502;0.001;0.000, 0.000, 0.000, 0.000
1559253054.378;502;0.003;0.000, 0.000, 0.000, 0.000
1559253054.382;502;0.003;0.004, 0.000, 0.000, 0.000
1559253054.384;502;0.002;0.000, 0.004, 0.000, 0.000
1559253054.385;502;0.001;0.000, 0.000, 0.000, 0.000
1559253054.387;502;0.001;0.000, 0.000, 0.004, 0.000
1559253054.391;502;0.001;0.000, 0.004, 0.000, 0.000
1559253054.395;502;0.003;0.000, 0.000, 0.000, 0.004
1559253054.398;502;0.002;0.000, 0.000, 0.000, 0.000
1559253054.400;502;0.002;0.000, 0.004, 0.000, 0.000
1559253054.403;502;0.001;0.000, 0.004, 0.000, 0.000
1559253054.407;502;0.002;0.000, 0.000, 0.000, 0.000
1559253054.409;502;0.002;0.000, 0.000, 0.000, 0.000
1559253054.411;502;0.001;0.000, 0.000, 0.000, 0.004
1559253054.415;502;0.003;0.000, 0.004, 0.000, 0.000
1559253054.418;502;0.002;0.000, 0.000, 0.000, 0.000
1559253054.422;502;0.003;0.000, 0.000, 0.000, 0.000
1559253054.426;502;0.004;0.000, 0.004, 0.000, 0.000
1559253054.429;502;0.002;0.000, 0.000, 0.000, 0.000
1559253054.432;502;0.002;0.000, 0.004, 0.000, 0.000
1559253054.434;502;0.001;0.000, 0.000, 0.000, 0.000
1559253054.439;502;0.004;0.000, 0.000, 0.000, 0.004
1559253054.442;502;0.002;0.000, 0.000, 0.000, 0.000
1559253054.444;502;0.001;0.004, 0.000, 0.000, 0.000
1559253054.447;502;0.002;0.000, 0.000, 0.004, 0.000
1559253054.452;502;0.002;0.000, 0.000, 0.004, 0.000
1559253054.455;502;0.002;0.000, 0.000, 0.004, 0.000
1559253054.458;502;0.002;0.000, 0.000, 0.000, 0.000
1559253054.461;502;0.002;0.004, 0.000, 0.000, 0.000
1559253054.463;502;0.001;0.000, 0.000, 0.000, 0.004
1559253054.467;502;0.002;0.000, 0.000, 0.004, 0.000
1559253054.469;502;0.001;0.000, 0.000, 0.000, 0.000
1559253054.471;502;0.001;0.000, 0.000, 0.004, 0.000
1559253054.474;502;0.001;0.000, 0.000, 0.000, 0.000
1559253054.478;502;0.003;0.000, 0.000, 0.000, 0.000
1559253054.480;502;0.002;0.000, 0.004, 0.000, 0.000
1559253054.482;502;0.001;0.000, 0.000, 0.000, 0.000
1559253054.487;502;0.004;0.000, 0.000, 0.000, 0.004
1559253054.490;502;0.002;0.000, 0.000, 0.000, 0.000
1559253054.492;502;0.001;0.004, 0.000, 0.000, 0.000
1559253054.496;502;0.002;0.000, 0.004, 0.000, 0.000
1559253054.499;502;0.001;0.000, 0.000, 0.004, 0.000
1559253054.503;502;0.002;0.000, 0.000, 0.000, 0.000
1559253054.509;502;0.002;0.000, 0.000, 0.000, 0.000
1559253054.511;502;0.001;0.000, 0.000, 0.004, 0.000
1559253054.514;502;0.001;0.000, 0.000, 0.000, 0.000
1559253054.517;502;0.002;0.000, 0.000, 0.000, 0.000
1559253054.519;502;0.001;0.000, 0.000, 0.000, 0.004
1559253054.526;502;0.003;0.004, 0.000, 0.000, 0.000
1559253054.529;502;0.002;0.000, 0.000, 0.000, 0.000
1559253054.530;502;0.001;0.000, 0.000, 0.000, 0.000
1559253054.534;502;0.003;0.000, 0.000, 0.000, 0.000
1559253054.538;502;0.004;0.000, 0.004, 0.000, 0.000
1559253054.542;502;0.003;0.004, 0.000, 0.000, 0.000
1559253054.546;502;0.003;0.004, 0.000, 0.000, 0.000
1559253054.548;502;0.001;0.004, 0.000, 0.000, 0.000
1559253054.551;502;0.002;0.000, 0.000, 0.000, 0.004
1559253054.554;502;0.002;0.000, 0.000, 0.000, 0.000
1559253054.558;502;0.003;0.000, 0.000, 0.000, 0.000
1559253054.561;502;0.003;0.000, 0.004, 0.000, 0.000
1559253054.563;502;0.001;0.000, 0.004, 0.000, 0.000
1559253054.566;502;0.001;0.000, 0.000, 0.000, 0.000
1559253054.571;502;0.004;0.000, 0.000, 0.004, 0.000
1559253054.575;502;0.002;0.000, 0.000, 0.000, 0.000
1559253054.578;502;0.002;0.000, 0.000, 0.000, 0.000
1559253054.583;502;0.005;0.000, 0.004, 0.000, 0.000
1559253054.586;502;0.003;0.000, 0.000, 0.000, 0.000
1559253054.588;502;0.002;0.000, 0.004, 0.000, 0.000
1559253054.589;502;0.001;0.000, 0.000, 0.000, 0.000
1559253054.591;502;0.001;0.000, 0.000, 0.004, 0.000
1559253054.596;502;0.002;0.004, 0.000, 0.000, 0.000
1559253054.598;502;0.001;0.000, 0.000, 0.000, 0.000
1559253054.600;502;0.001;0.000, 0.000, 0.000, 0.000
1559253054.602;502;0.001;0.000, 0.000, 0.000, 0.000
1559253054.607;502;0.004;0.000, 0.000, 0.004, 0.000
1559253054.610;502;0.002;0.000, 0.000, 0.000, 0.000
1559253054.613;502;0.002;0.000, 0.000, 0.000, 0.000
1559253054.615;502;0.001;0.000, 0.000, 0.000, 0.004
1559253054.619;502;0.001;0.000, 0.000, 0.004, 0.000
1559253054.622;502;0.002;0.000, 0.000, 0.000, 0.000
1559253054.625;502;0.002;0.000, 0.000, 0.000, 0.000
1559253054.627;502;0.002;0.000, 0.000, 0.000, 0.000
1559253054.629;502;0.001;0.000, 0.000, 0.000, 0.000
1559253054.631;502;0.001;0.000, 0.000, 0.004, 0.000
1559253054.635;502;0.001;0.000, 0.004, 0.000, 0.000
1559253054.638;502;0.001;0.000, 0.000, 0.000, 0.000
1559253054.643;502;0.004;0.000, 0.000, 0.000, 0.000
1559253054.647;502;0.004;0.000, 0.000, 0.000, 0.000
1559253054.649;502;0.001;0.000, 0.000, 0.000, 0.000
1559253054.651;502;0.001;0.000, 0.000, 0.004, 0.000
1559253054.659;502;0.004;0.000, 0.000, 0.004, 0.000
1559253054.662;502;0.001;0.000, 0.000, 0.000, 0.000
1559253054.667;502;0.004;0.004, 0.000, 0.000, 0.000
1559253054.670;502;0.003;0.000, 0.000, 0.000, 0.000
1559253054.672;502;0.001;0.000, 0.000, 0.000, 0.000
1559253054.674;502;0.001;0.000, 0.000, 0.000, 0.000
1559253054.679;502;0.004;0.004, 0.000, 0.004, 0.000
1559253054.683;502;0.003;0.000, 0.000, 0.000, 0.000
1559253054.685;502;0.002;0.000, 0.000, 0.000, 0.000
1559253054.687;502;0.001;0.000, 0.000, 0.000, 0.004
1559253054.694;502;0.003;0.004, 0.000, 0.000, 0.000
1559253054.696;502;0.002;0.000, 0.004, 0.000, 0.000
1559253054.698;502;0.001;0.000, 0.000, 0.000, 0.000
1559253054.703;502;0.004;0.000, 0.000, 0.000, 0.004
1559253054.706;502;0.003;0.000, 0.000, 0.000, 0.000
1559253054.709;502;0.002;0.000, 0.000, 0.000, 0.000
1559253054.714;502;0.004;0.004, 0.000, 0.000, 0.000
1559253054.716;502;0.002;0.000, 0.004, 0.000, 0.000
1559253054.720;502;0.003;0.004, 0.000, 0.000, 0.000
1559253054.722;502;0.001;0.000, 0.000, 0.000, 0.000
1559253054.726;502;0.003;0.000, 0.000, 0.000, 0.000
1559253054.732;502;0.005;0.000, 0.000, 0.000, 0.004
1559253054.734;502;0.001;0.000, 0.000, 0.000, 0.000
1559253054.738;502;0.003;0.000, 0.000, 0.000, 0.000
1559253054.743;502;0.004;0.000, 0.000, 0.004, 0.000
1559253054.745;502;0.001;0.000, 0.000, 0.000, 0.000
1559253054.748;502;0.002;0.004, 0.000, 0.000, 0.000
1559253054.750;502;0.001;0.000, 0.000, 0.000, 0.000
1559253054.756;502;0.005;0.000, 0.004, 0.000, 0.000
1559253054.758;502;0.001;0.000, 0.000, 0.000, 0.000
1559253054.763;502;0.004;0.000, 0.000, 0.000, 0.000
1559253054.767;502;0.004;0.000, 0.000, 0.000, 0.000
1559253054.769;502;0.001;0.000, 0.000, 0.000, 0.000
1559253054.771;502;0.001;0.000, 0.000, 0.004, 0.000
1559253054.777;502;0.002;0.000, 0.000, 0.000, 0.000
1559253054.780;502;0.002;0.000, 0.000, 0.004, 0.000
1559253054.781;502;0.001;0.000, 0.000, 0.000, 0.000
1559253054.783;502;0.001;0.000, 0.000, 0.004, 0.000
1559253054.788;502;0.002;0.000, 0.004, 0.000, 0.000
1559253054.791;502;0.003;0.000, 0.000, 0.000, 0.004
1559253054.793;502;0.001;0.000, 0.000, 0.000, 0.000
1559253054.795;502;0.001;0.000, 0.000, 0.000, 0.004
1559253054.799;502;0.004;0.000, 0.000, 0.000, 0.000
1559253054.803;502;0.004;0.000, 0.000, 0.000, 0.004
1559253054.805;502;0.001;0.000, 0.000, 0.000, 0.000
1559253054.807;502;0.001;0.000, 0.000, 0.004, 0.000
1559253054.811;502;0.001;0.000, 0.004, 0.000, 0.000
1559253054.815;502;0.002;0.000, 0.000, 0.000, 0.004
1559253054.818;502;0.002;0.000, 0.000, 0.000, 0.000
1559253054.820;502;0.002;0.000, 0.004, 0.000, 0.000
1559253054.826;502;0.003;0.000, 0.000, 0.000, 0.000
1559253054.828;502;0.002;0.000, 0.004, 0.000, 0.000
1559253054.830;502;0.002;0.000, 0.000, 0.000, 0.000
1559253054.831;502;0.001;0.000, 0.000, 0.004, 0.000
1559253054.837;502;0.002;0.000, 0.000, 0.000, 0.000
1559253054.839;502;0.001;0.000, 0.000, 0.004, 0.000
1559253054.841;502;0.001;0.000, 0.000, 0.000, 0.000
1559253054.843;502;0.001;0.000, 0.000, 0.004, 0.000
1559253054.847;502;0.001;0.000, 0.000, 0.000, 0.004
1559253054.851;502;0.004;0.000, 0.000, 0.000, 0.004
1559253054.853;502;0.001;0.000, 0.000, 0.000, 0.000
1559253054.855;502;0.001;0.000, 0.000, 0.004, 0.000
1559253054.865;502;0.002;0.000, 0.000, 0.000, 0.000
1559253054.867;502;0.002;0.000, 0.000, 0.000, 0.000
1559253054.875;502;0.008;0.000, 0.000, 0.008, 0.000
1559253054.878;502;0.002;0.000, 0.000, 0.000, 0.000
1559253054.880;502;0.002;0.004, 0.000, 0.000, 0.000
1559253054.883;502;0.001;0.000, 0.000, 0.000, 0.004
1559253054.888;502;0.001;0.004, 0.000, 0.000, 0.000
1559253054.890;502;0.001;0.000, 0.000, 0.000, 0.000
1559253054.894;502;0.003;0.000, 0.000, 0.000, 0.000
1559253054.899;502;0.004;0.000, 0.000, 0.000, 0.000
1559253054.901;502;0.002;0.000, 0.000, 0.000, 0.000
1559253054.903;502;0.001;0.000, 0.000, 0.000, 0.004
1559253054.911;502;0.008;0.004, 0.000, 0.000, 0.000
1559253054.913;502;0.002;0.000, 0.000, 0.000, 0.000
1559253054.915;502;0.002;0.000, 0.000, 0.000, 0.000
1559253054.924;502;0.009;0.000, 0.008, 0.000, 0.000
1559253054.925;502;0.001;0.000, 0.000, 0.000, 0.000
1559253054.927;502;0.001;0.000, 0.000, 0.000, 0.004
1559253054.931;502;0.002;0.000, 0.000, 0.000, 0.000
1559253054.935;502;0.001;0.000, 0.000, 0.004, 0.000
1559253054.938;502;0.001;0.000, 0.000, 0.000, 0.000
1559253054.947;502;0.008;0.000, 0.004, 0.000, 0.000
1559253054.949;502;0.002;0.000, 0.000, 0.000, 0.000
1559253054.951;502;0.002;0.000, 0.000, 0.000, 0.000
1559253054.955;502;0.004;0.000, 0.000, 0.004, 0.000
1559253054.959;502;0.002;0.000, 0.000, 0.000, 0.004
1559253054.961;502;0.002;0.000, 0.000, 0.000, 0.000
1559253054.962;502;0.001;0.000, 0.000, 0.000, 0.000
1559253054.967;502;0.004;0.000, 0.000, 0.000, 0.000
1559253054.970;502;0.003;0.000, 0.000, 0.000, 0.000
1559253054.973;502;0.002;0.000, 0.000, 0.000, 0.000
1559253054.975;502;0.002;0.000, 0.000, 0.000, 0.000
1559253054.978;502;0.003;0.000, 0.000, 0.000, 0.000
1559253054.982;502;0.003;0.000, 0.000, 0.000, 0.000
1559253054.985;502;0.002;0.000, 0.000, 0.000, 0.000
1559253054.987;502;0.002;0.000, 0.000, 0.000, 0.000
1559253054.990;502;0.003;0.000, 0.000, 0.000, 0.000
1559253054.995;502;0.003;0.000, 0.000, 0.000, 0.004
1559253054.998;502;0.002;0.000, 0.000, 0.000, 0.000
1559253055.003;502;0.004;0.004, 0.000, 0.000, 0.000
1559253055.006;502;0.002;0.000, 0.000, 0.000, 0.000
1559253055.010;502;0.003;0.000, 0.000, 0.000, 0.000
1559253055.015;502;0.004;0.000, 0.000, 0.004, 0.000
1559253055.019;502;0.001;0.000, 0.000, 0.004, 0.000
1559253055.022;502;0.002;0.000, 0.000, 0.000, 0.000
1559253055.026;502;0.004;0.000, 0.004, 0.000, 0.000
1559253055.028;502;0.002;0.000, 0.004, 0.000, 0.000
1559253055.031;502;0.002;0.000, 0.000, 0.000, 0.004
1559253055.034;502;0.002;0.000, 0.000, 0.000, 0.000
1559253055.037;502;0.003;0.000, 0.004, 0.000, 0.000
1559253055.039;502;0.001;0.000, 0.004, 0.000, 0.000
1559253055.043;502;0.002;0.000, 0.000, 0.000, 0.000
1559253055.045;502;0.001;0.000, 0.000, 0.000, 0.000
1559253055.048;502;0.002;0.000, 0.004, 0.000, 0.000
1559253055.053;502;0.002;0.000, 0.000, 0.000, 0.000
1559253055.055;502;0.001;0.000, 0.000, 0.004, 0.000
1559253055.058;502;0.001;0.000, 0.000, 0.000, 0.000
1559253055.063;502;0.004;0.004, 0.000, 0.000, 0.004
1559253055.067;502;0.001;0.000, 0.000, 0.004, 0.000
1559253055.070;502;0.002;0.000, 0.000, 0.000, 0.000
1559253055.076;502;0.002;0.000, 0.004, 0.000, 0.000
1559253055.079;502;0.002;0.000, 0.000, 0.000, 0.000
1559253055.083;502;0.003;0.000, 0.000, 0.000, 0.000
1559253055.088;502;0.004;0.000, 0.004, 0.000, 0.000
1559253055.092;502;0.003;0.004, 0.000, 0.000, 0.000
1559253055.094;502;0.001;0.000, 0.000, 0.000, 0.000
1559253055.098;502;0.003;0.000, 0.000, 0.000, 0.000
1559253055.102;502;0.003;0.000, 0.000, 0.000, 0.000
1559253055.105;502;0.002;0.000, 0.000, 0.000, 0.000
1559253055.107;502;0.001;0.000, 0.000, 0.004, 0.000
1559253055.111;502;0.001;0.000, 0.000, 0.004, 0.000
1559253055.114;502;0.002;0.000, 0.000, 0.000, 0.000
1559253055.118;502;0.003;0.000, 0.000, 0.000, 0.000
1559253055.122;502;0.003;0.004, 0.000, 0.000, 0.000
1559253055.126;502;0.003;0.004, 0.000, 0.000, 0.000
1559253055.128;502;0.002;0.000, 0.004, 0.000, 0.000
1559253055.130;502;0.001;0.000, 0.000, 0.000, 0.000
1559253055.134;502;0.003;0.000, 0.000, 0.000, 0.000
1559253055.138;502;0.003;0.000, 0.000, 0.000, 0.000
1559253055.140;502;0.001;0.000, 0.000, 0.000, 0.000
1559253055.143;502;0.002;0.000, 0.000, 0.000, 0.004
1559253055.147;502;0.002;0.000, 0.000, 0.000, 0.000
1559253055.150;502;0.003;0.000, 0.000, 0.000, 0.000
1559253055.153;502;0.002;0.000, 0.000, 0.000, 0.000
1559253055.157;502;0.003;0.000, 0.004, 0.000, 0.000
1559253055.163;502;0.004;0.000, 0.000, 0.000, 0.000
1559253055.166;502;0.002;0.000, 0.000, 0.000, 0.000
1559253055.175;502;0.008;0.000, 0.000, 0.004, 0.000
1559253055.178;502;0.002;0.000, 0.000, 0.000, 0.000
1559253055.182;502;0.003;0.004, 0.000, 0.000, 0.000
1559253055.186;502;0.003;0.000, 0.000, 0.000, 0.000
1559253055.189;502;0.002;0.000, 0.000, 0.000, 0.000
1559253055.191;502;0.002;0.000, 0.000, 0.000, 0.004
1559253055.197;502;0.005;0.000, 0.004, 0.000, 0.000
1559253055.199;502;0.001;0.000, 0.000, 0.004, 0.000
1559253055.202;502;0.002;0.000, 0.000, 0.000, 0.000
1559253055.206;502;0.003;0.004, 0.000, 0.000, 0.000
1559253055.211;502;0.004;0.000, 0.000, 0.000, 0.000
1559253055.213;502;0.001;0.000, 0.000, 0.000, 0.000
1559253055.218;502;0.003;0.000, 0.000, 0.000, 0.000
1559253055.222;502;0.003;0.000, 0.000, 0.000, 0.000
1559253055.225;502;0.002;0.000, 0.000, 0.000, 0.000
1559253055.227;502;0.001;0.000, 0.000, 0.004, 0.000
1559253055.231;502;0.001;0.000, 0.000, 0.004, 0.000
1559253055.235;502;0.002;0.000, 0.000, 0.000, 0.004
1559253055.238;502;0.002;0.000, 0.000, 0.000, 0.000
1559253055.244;502;0.006;0.000, 0.004, 0.000, 0.004
1559253055.247;502;0.001;0.000, 0.000, 0.004, 0.000
1559253055.250;502;0.001;0.000, 0.000, 0.000, 0.000
1559253055.259;502;0.008;0.000, 0.004, 0.004, 0.000
1559253055.261;502;0.001;0.000, 0.000, 0.000, 0.000
1559253055.263;502;0.001;0.000, 0.000, 0.000, 0.004
1559253055.266;502;0.001;0.000, 0.000, 0.000, 0.000
1559253055.270;502;0.003;0.000, 0.000, 0.000, 0.000
1559253055.272;502;0.001;0.000, 0.000, 0.000, 0.000
1559253055.274;502;0.001;0.000, 0.000, 0.000, 0.000
1559253055.282;502;0.007;0.000, 0.004, 0.000, 0.000
1559253055.284;502;0.001;0.000, 0.000, 0.000, 0.000
1559253055.287;502;0.002;0.000, 0.000, 0.000, 0.000
1559253055.291;502;0.004;0.000, 0.000, 0.000, 0.004
1559253055.295;502;0.002;0.000, 0.004, 0.000, 0.000
1559253055.298;502;0.002;0.000, 0.000, 0.000, 0.000
1559253055.301;502;0.002;0.004, 0.000, 0.000, 0.000
1559253055.303;502;0.001;0.000, 0.000, 0.000, 0.004
1559253055.307;502;0.001;0.000, 0.000, 0.004, 0.000
1559253055.310;502;0.001;0.000, 0.000, 0.000, 0.000
1559253055.314;502;0.003;0.000, 0.000, 0.000, 0.000
1559253055.318;502;0.003;0.000, 0.000, 0.000, 0.000
1559253055.321;502;0.002;0.000, 0.000, 0.000, 0.000
1559253055.323;502;0.001;0.000, 0.000, 0.000, 0.004
1559253055.329;502;0.002;0.000, 0.000, 0.000, 0.000
1559253055.332;502;0.002;0.000, 0.004, 0.000, 0.000
1559253055.334;502;0.001;0.000, 0.000, 0.000, 0.000
1559253055.339;502;0.004;0.000, 0.000, 0.000, 0.000
1559253055.342;502;0.003;0.000, 0.000, 0.000, 0.000
1559253055.345;502;0.002;0.004, 0.000, 0.000, 0.000
1559253055.347;502;0.001;0.000, 0.000, 0.004, 0.000
1559253055.352;502;0.002;0.000, 0.004, 0.000, 0.000
1559253055.354;502;0.002;0.000, 0.000, 0.000, 0.000
1559253055.357;502;0.002;0.004, 0.000, 0.000, 0.000
1559253055.359;502;0.001;0.000, 0.000, 0.004, 0.000
1559253055.364;502;0.002;0.000, 0.004, 0.000, 0.000
1559253055.367;502;0.002;0.000, 0.000, 0.000, 0.000
1559253055.370;502;0.002;0.000, 0.000, 0.000, 0.000
1559253055.375;502;0.004;0.004, 0.000, 0.000, 0.000
1559253055.378;502;0.001;0.000, 0.000, 0.000, 0.000
1559253055.380;502;0.001;0.000, 0.000, 0.000, 0.000
1559253055.391;502;0.002;0.000, 0.000, 0.000, 0.000
1559253055.393;502;0.002;0.000, 0.000, 0.000, 0.000
1559253055.395;502;0.001;0.000, 0.000, 0.000, 0.004
1559253055.399;502;0.002;0.000, 0.000, 0.000, 0.004
1559253055.402;502;0.002;0.000, 0.000, 0.000, 0.000
1559253055.404;502;0.001;0.004, 0.000, 0.000, 0.000
1559253055.407;502;0.002;0.000, 0.000, 0.000, 0.000
1559253055.412;502;0.005;0.000, 0.004, 0.000, 0.000
1559253055.414;502;0.001;0.000, 0.000, 0.000, 0.000
1559253055.417;502;0.002;0.000, 0.000, 0.000, 0.000
1559253055.419;502;0.001;0.000, 0.000, 0.004, 0.000
1559253055.426;502;0.003;0.000, 0.000, 0.000, 0.000
1559253055.429;502;0.002;0.000, 0.000, 0.000, 0.000
1559253055.431;502;0.002;0.000, 0.000, 0.004, 0.000
1559253055.436;502;0.001;0.004, 0.000, 0.000, 0.000
1559253055.439;502;0.002;0.000, 0.004, 0.000, 0.000
1559253055.442;502;0.001;0.000, 0.000, 0.000, 0.000
1559253055.447;502;0.004;0.004, 0.000, 0.000, 0.000
1559253055.450;502;0.002;0.000, 0.000, 0.000, 0.000
1559253055.452;502;0.001;0.000, 0.000, 0.000, 0.000
1559253055.454;502;0.001;0.000, 0.000, 0.000, 0.000
1559253055.458;502;0.003;0.000, 0.000, 0.000, 0.000
1559253055.463;502;0.004;0.004, 0.000, 0.000, 0.000
1559253055.465;502;0.002;0.000, 0.000, 0.000, 0.000
1559253055.467;502;0.001;0.000, 0.000, 0.000, 0.004
1559253055.471;502;0.001;0.000, 0.000, 0.004, 0.000
1559253055.475;502;0.003;0.000, 0.000, 0.000, 0.004
1559253055.477;502;0.001;0.000, 0.000, 0.000, 0.000
1559253055.483;502;0.005;0.000, 0.004, 0.000, 0.000
1559253055.486;502;0.003;0.000, 0.000, 0.000, 0.000
1559253055.489;502;0.002;0.000, 0.000, 0.000, 0.000
1559253055.491;502;0.001;0.000, 0.000, 0.004, 0.000
1559253055.495;502;0.001;0.000, 0.000, 0.000, 0.004
1559253055.499;502;0.001;0.000, 0.000, 0.004, 0.000
1559253055.502;502;0.001;0.000, 0.000, 0.000, 0.000
1559253055.507;502;0.004;0.000, 0.000, 0.000, 0.000
1559253055.510;502;0.003;0.000, 0.000, 0.000, 0.000
1559253055.513;502;0.002;0.000, 0.000, 0.000, 0.000
1559253055.515;502;0.001;0.000, 0.000, 0.004, 0.000
1559253055.522;502;0.003;0.000, 0.000, 0.000, 0.000
1559253055.525;502;0.002;0.000, 0.000, 0.000, 0.000
1559253055.529;502;0.003;0.000, 0.004, 0.000, 0.000
1559253055.534;502;0.003;0.000, 0.000, 0.000, 0.000
1559253055.537;502;0.002;0.000, 0.000, 0.000, 0.000
1559253055.539;502;0.001;0.000, 0.000, 0.000, 0.004
1559253055.546;502;0.003;0.004, 0.000, 0.000, 0.000
1559253055.548;502;0.001;0.004, 0.000, 0.000, 0.000
1559253055.551;502;0.002;0.000, 0.000, 0.000, 0.000
1559253055.556;502;0.005;0.000, 0.004, 0.000, 0.000
1559253055.559;502;0.002;0.000, 0.004, 0.000, 0.000
1559253055.562;502;0.001;0.000, 0.000, 0.000, 0.000
1559253055.566;502;0.003;0.000, 0.000, 0.000, 0.000
1559253055.571;502;0.004;0.000, 0.000, 0.000, 0.000
1559253055.573;502;0.002;0.000, 0.000, 0.000, 0.000
1559253055.575;502;0.001;0.000, 0.000, 0.004, 0.000
1559253055.582;502;0.003;0.000, 0.000, 0.000, 0.000
1559253055.585;502;0.002;0.000, 0.000, 0.000, 0.000
1559253055.587;502;0.002;0.000, 0.000, 0.000, 0.004
1559253055.593;502;0.002;0.004, 0.000, 0.000, 0.000
1559253055.595;502;0.002;0.000, 0.004, 0.000, 0.000
1559253055.598;502;0.002;0.000, 0.000, 0.000, 0.000
1559253055.602;502;0.003;0.000, 0.000, 0.000, 0.000
1559253055.606;502;0.003;0.000, 0.000, 0.000, 0.000
1559253055.609;502;0.002;0.000, 0.000, 0.000, 0.000
1559253055.611;502;0.002;0.000, 0.000, 0.000, 0.004
1559253055.615;502;0.002;0.000, 0.000, 0.000, 0.000
1559253055.619;502;0.004;0.000, 0.000, 0.000, 0.004
1559253055.622;502;0.002;0.000, 0.000, 0.000, 0.000
1559253055.626;502;0.004;0.000, 0.004, 0.000, 0.000
1559253055.630;502;0.003;0.000, 0.000, 0.000, 0.000
1559253055.632;502;0.002;0.000, 0.004, 0.000, 0.000
1559253055.635;502;0.002;0.000, 0.000, 0.000, 0.000
1559253055.640;502;0.005;0.000, 0.004, 0.000, 0.000
1559253055.643;502;0.002;0.000, 0.000, 0.004, 0.000
1559253055.646;502;0.002;0.000, 0.000, 0.000, 0.000
1559253055.651;502;0.004;0.004, 0.000, 0.000, 0.004
1559253055.655;502;0.003;0.000, 0.000, 0.000, 0.000
1559253055.657;502;0.002;0.000, 0.000, 0.000, 0.000
1559253055.659;502;0.001;0.000, 0.000, 0.004, 0.000
1559253055.666;502;0.003;0.000, 0.000, 0.000, 0.000
1559253055.669;502;0.002;0.000, 0.000, 0.000, 0.000
1559253055.671;502;0.002;0.000, 0.000, 0.000, 0.004
1559253055.678;502;0.003;0.000, 0.000, 0.000, 0.000
1559253055.681;502;0.002;0.000, 0.000, 0.000, 0.000
1559253055.683;502;0.001;0.000, 0.000, 0.004, 0.000
1559253055.690;502;0.003;0.000, 0.000, 0.000, 0.000
1559253055.692;502;0.002;0.000, 0.004, 0.000, 0.000
1559253055.694;502;0.001;0.000, 0.000, 0.000, 0.000
1559253055.698;502;0.003;0.000, 0.000, 0.000, 0.000
1559253055.701;502;0.002;0.000, 0.000, 0.000, 0.000
1559253055.704;502;0.002;0.000, 0.004, 0.000, 0.000
1559253055.707;502;0.002;0.000, 0.000, 0.000, 0.004
1559253055.713;502;0.003;0.004, 0.000, 0.000, 0.000
1559253055.715;502;0.002;0.000, 0.000, 0.000, 0.004
1559253055.718;502;0.002;0.000, 0.000, 0.000, 0.000
1559253055.723;502;0.005;0.004, 0.000, 0.000, 0.004
1559253055.727;502;0.003;0.000, 0.000, 0.000, 0.000
1559253055.729;502;0.002;0.000, 0.000, 0.000, 0.000
1559253055.731;502;0.001;0.000, 0.000, 0.004, 0.000
1559253055.740;502;0.002;0.004, 0.000, 0.000, 0.000
1559253055.742;502;0.001;0.000, 0.000, 0.000, 0.000
1559253055.746;502;0.003;0.004, 0.000, 0.000, 0.000
1559253055.749;502;0.002;0.000, 0.000, 0.000, 0.000
1559253055.751;502;0.001;0.000, 0.004, 0.000, 0.000
1559253055.754;502;0.001;0.000, 0.000, 0.000, 0.000
1559253055.759;502;0.004;0.000, 0.000, 0.004, 0.000
1559253055.762;502;0.002;0.000, 0.000, 0.000, 0.000
1559253055.765;502;0.002;0.000, 0.000, 0.000, 0.000
1559253055.767;502;0.002;0.000, 0.000, 0.000, 0.004
1559253055.772;502;0.002;0.000, 0.004, 0.000, 0.000
1559253055.774;502;0.001;0.000, 0.000, 0.000, 0.000
1559253055.777;502;0.002;0.000, 0.000, 0.000, 0.000
1559253055.779;502;0.002;0.000, 0.000, 0.000, 0.004
1559253055.782;502;0.002;0.000, 0.000, 0.000, 0.000
1559253055.786;502;0.003;0.004, 0.000, 0.000, 0.000
1559253055.789;502;0.002;0.000, 0.000, 0.000, 0.000
1559253055.791;502;0.002;0.000, 0.000, 0.000, 0.004
1559253055.795;502;0.001;0.000, 0.000, 0.004, 0.000
1559253055.799;502;0.002;0.000, 0.000, 0.000, 0.000
1559253055.802;502;0.002;0.000, 0.000, 0.000, 0.000
1559253055.806;502;0.004;0.000, 0.004, 0.000, 0.000
1559253055.809;502;0.003;0.004, 0.000, 0.000, 0.000
1559253055.811;502;0.001;0.000, 0.000, 0.004, 0.000
1559253055.814;502;0.001;0.000, 0.000, 0.000, 0.000
1559253055.820;502;0.005;0.000, 0.004, 0.000, 0.000
1559253055.823;502;0.002;0.000, 0.000, 0.004, 0.000
1559253055.827;502;0.003;0.000, 0.000, 0.004, 0.000
1559253055.831;502;0.002;0.000, 0.000, 0.000, 0.004
1559253055.835;502;0.001;0.000, 0.000, 0.004, 0.000
1559253055.838;502;0.002;0.000, 0.000, 0.000, 0.000
1559253055.842;502;0.003;0.004, 0.000, 0.000, 0.000
1559253055.846;502;0.003;0.000, 0.000, 0.000, 0.000
1559253055.849;502;0.002;0.004, 0.000, 0.000, 0.000
1559253055.854;502;0.005;0.000, 0.004, 0.000, 0.000
1559253055.858;502;0.003;0.000, 0.000, 0.000, 0.000
1559253055.861;502;0.002;0.000, 0.000, 0.000, 0.000
1559253055.863;502;0.001;0.000, 0.000, 0.004, 0.000
1559253055.867;502;0.001;0.000, 0.004, 0.000, 0.000
1559253055.870;502;0.001;0.000, 0.000, 0.000, 0.000
1559253055.873;502;0.002;0.000, 0.000, 0.000, 0.000
1559253055.875;502;0.002;0.000, 0.000, 0.000, 0.000
1559253055.882;502;0.003;0.000, 0.000, 0.000, 0.000
1559253055.884;502;0.002;0.000, 0.004, 0.000, 0.000
1559253055.886;502;0.001;0.000, 0.000, 0.000, 0.000
1559253055.889;502;0.002;0.000, 0.000, 0.000, 0.000
1559253055.891;502;0.001;0.000, 0.000, 0.000, 0.004
1559253055.896;502;0.002;0.000, 0.004, 0.000, 0.000
1559253055.899;502;0.002;0.000, 0.000, 0.004, 0.000
1559253055.902;502;0.001;0.000, 0.000, 0.000, 0.000
1559253055.906;502;0.003;0.000, 0.000, 0.000, 0.000
1559253055.909;502;0.002;0.000, 0.000, 0.000, 0.000
1559253055.911;502;0.002;0.000, 0.000, 0.000, 0.004
1559253055.914;502;0.002;0.000, 0.000, 0.000, 0.000
1559253055.918;502;0.004;0.004, 0.000, 0.000, 0.000
1559253055.921;502;0.002;0.000, 0.000, 0.000, 0.000
1559253055.923;502;0.001;0.000, 0.000, 0.004, 0.000
1559253055.931;502;0.004;0.004, 0.000, 0.000, 0.000
1559253055.933;502;0.002;0.000, 0.000, 0.000, 0.000
1559253055.935;502;0.001;0.000, 0.000, 0.000, 0.004
1559253055.942;502;0.002;0.000, 0.000, 0.000, 0.000
1559253055.944;502;0.002;0.000, 0.004, 0.000, 0.000
1559253055.947;502;0.002;0.000, 0.000, 0.004, 0.000
1559253055.954;502;0.003;0.000, 0.000, 0.000, 0.000
1559253055.957;502;0.002;0.000, 0.000, 0.000, 0.000
1559253055.963;502;0.005;0.000, 0.004, 0.000, 0.004
1559253055.967;502;0.002;0.000, 0.000, 0.000, 0.000
1559253055.971;502;0.004;0.000, 0.000, 0.000, 0.004
1559253055.978;502;0.002;0.000, 0.000, 0.000, 0.000
1559253055.980;502;0.002;0.000, 0.004, 0.000, 0.000
1559253055.982;502;0.002;0.000, 0.000, 0.000, 0.000
1559253055.987;502;0.004;0.000, 0.000, 0.004, 0.000
1559253055.992;502;0.003;0.000, 0.004, 0.000, 0.000
1559253055.995;502;0.002;0.000, 0.000, 0.004, 0.000
1559253056.001;502;0.002;0.004, 0.000, 0.000, 0.000
1559253056.003;502;0.001;0.000, 0.000, 0.004, 0.000
1559253056.006;502;0.002;0.000, 0.000, 0.000, 0.000
1559253056.012;502;0.005;0.000, 0.000, 0.004, 0.000
1559253056.015;502;0.002;0.000, 0.000, 0.004, 0.000
1559253056.018;502;0.002;0.000, 0.000, 0.000, 0.000
1559253056.024;502;0.005;0.000, 0.004, 0.000, 0.000
1559253056.026;502;0.002;0.000, 0.000, 0.000, 0.000
1559253056.029;502;0.002;0.000, 0.000, 0.000, 0.000
1559253056.031;502;0.002;0.000, 0.000, 0.000, 0.000
1559253056.037;502;0.006;0.004, 0.000, 0.000, 0.000
1559253056.040;502;0.002;0.000, 0.004, 0.000, 0.000
1559253056.042;502;0.001;0.000, 0.000, 0.000, 0.000
1559253056.046;502;0.003;0.000, 0.000, 0.000, 0.000
1559253056.050;502;0.003;0.000, 0.000, 0.000, 0.000
1559253056.052;502;0.001;0.004, 0.000, 0.000, 0.000
1559253056.055;502;0.002;0.000, 0.000, 0.000, 0.004
1559253056.061;502;0.005;0.000, 0.004, 0.000, 0.000
1559253056.063;502;0.001;0.000, 0.000, 0.004, 0.000
1559253056.066;502;0.002;0.000, 0.000, 0.000, 0.000
1559253056.071;502;0.005;0.000, 0.004, 0.000, 0.004
1559253056.075;502;0.003;0.000, 0.000, 0.000, 0.000
1559253056.077;502;0.002;0.000, 0.000, 0.000, 0.000
1559253056.079;502;0.001;0.000, 0.000, 0.004, 0.000
1559253056.086;502;0.002;0.000, 0.000, 0.000, 0.000
1559253056.087;502;0.001;0.000, 0.004, 0.000, 0.000
1559253056.090;502;0.001;0.000, 0.000, 0.000, 0.000
1559253056.095;502;0.004;0.004, 0.000, 0.000, 0.004
1559253056.098;502;0.002;0.000, 0.000, 0.000, 0.000
1559253056.099;502;0.001;0.000, 0.004, 0.000, 0.000
1559253056.101;502;0.001;0.000, 0.000, 0.000, 0.000
1559253056.103;502;0.001;0.000, 0.000, 0.004, 0.000
1559253056.108;502;0.002;0.000, 0.004, 0.000, 0.000
1559253056.111;502;0.002;0.000, 0.000, 0.000, 0.000
1559253056.113;502;0.001;0.000, 0.000, 0.000, 0.000
1559253056.115;502;0.001;0.000, 0.000, 0.004, 0.000
1559253056.119;502;0.001;0.000, 0.004, 0.000, 0.000
1559253056.123;502;0.002;0.000, 0.000, 0.000, 0.000
1559253056.126;502;0.002;0.000, 0.000, 0.000, 0.000
1559253056.131;502;0.004;0.000, 0.000, 0.000, 0.004
1559253056.133;502;0.001;0.000, 0.000, 0.000, 0.000
1559253056.135;502;0.001;0.000, 0.000, 0.004, 0.000
1559253056.138;502;0.002;0.000, 0.000, 0.000, 0.000
1559253056.142;502;0.004;0.004, 0.000, 0.000, 0.000
1559253056.145;502;0.002;0.004, 0.000, 0.000, 0.000
1559253056.147;502;0.001;0.000, 0.000, 0.004, 0.000
1559253056.150;502;0.001;0.000, 0.000, 0.000, 0.000
1559253056.155;502;0.004;0.004, 0.000, 0.000, 0.004
1559253056.158;502;0.002;0.000, 0.000, 0.000, 0.000
1559253056.160;502;0.001;0.004, 0.000, 0.000, 0.000
1559253056.162;502;0.001;0.000, 0.000, 0.000, 0.000
1559253056.166;502;0.003;0.004, 0.000, 0.000, 0.000
1559253056.170;502;0.003;0.000, 0.000, 0.000, 0.000
1559253056.172;502;0.002;0.000, 0.004, 0.000, 0.000
1559253056.174;502;0.001;0.000, 0.000, 0.000, 0.000
1559253056.182;502;0.007;0.004, 0.000, 0.000, 0.000
1559253056.185;502;0.002;0.000, 0.000, 0.000, 0.000
1559253056.187;502;0.001;0.000, 0.000, 0.004, 0.000
1559253056.194;502;0.002;0.000, 0.000, 0.000, 0.000
1559253056.196;502;0.001;0.004, 0.000, 0.000, 0.000
1559253056.198;502;0.001;0.000, 0.000, 0.000, 0.000
1559253056.203;502;0.004;0.000, 0.000, 0.000, 0.004
1559253056.206;502;0.002;0.000, 0.000, 0.000, 0.000
1559253056.209;502;0.002;0.000, 0.000, 0.000, 0.000
1559253056.211;502;0.002;0.000, 0.000, 0.000, 0.000
1559253056.216;502;0.004;0.004, 0.000, 0.000, 0.000
1559253056.220;502;0.003;0.000, 0.004, 0.000, 0.000
1559253056.222;502;0.002;0.000, 0.000, 0.000, 0.000
1559253056.227;502;0.004;0.000, 0.000, 0.000, 0.000
1559253056.230;502;0.003;0.000, 0.000, 0.000, 0.000
1559253056.232;502;0.001;0.000, 0.000, 0.000, 0.000
1559253056.234;502;0.001;0.000, 0.000, 0.000, 0.000
1559253056.238;502;0.003;0.000, 0.000, 0.000, 0.000
1559253056.242;502;0.003;0.000, 0.000, 0.000, 0.000
1559253056.245;502;0.002;0.000, 0.000, 0.000, 0.000
1559253056.247;502;0.001;0.000, 0.000, 0.000, 0.004
1559253056.252;502;0.002;0.000, 0.004, 0.000, 0.000
1559253056.255;502;0.003;0.000, 0.000, 0.000, 0.000
1559253056.258;502;0.002;0.000, 0.000, 0.000, 0.000
1559253056.260;502;0.002;0.000, 0.004, 0.000, 0.000
1559253056.265;502;0.003;0.004, 0.000, 0.000, 0.000
1559253056.267;502;0.001;0.000, 0.000, 0.004, 0.000
1559253056.271;502;0.002;0.000, 0.000, 0.000, 0.000
1559253056.275;502;0.004;0.000, 0.000, 0.000, 0.000
1559253056.277;502;0.002;0.000, 0.000, 0.000, 0.000
1559253056.279;502;0.001;0.000, 0.000, 0.004, 0.000
1559253056.282;502;0.002;0.000, 0.000, 0.000, 0.000
1559253056.287;502;0.004;0.004, 0.000, 0.000, 0.004
1559253056.290;502;0.002;0.000, 0.000, 0.000, 0.000
1559253056.292;502;0.002;0.000, 0.004, 0.000, 0.000
1559253056.294;502;0.002;0.000, 0.000, 0.000, 0.000
1559253056.299;502;0.005;0.000, 0.004, 0.000, 0.004
1559253056.302;502;0.003;0.000, 0.000, 0.000, 0.000
1559253056.303;502;0.001;0.000, 0.004, 0.000, 0.000
1559253056.306;502;0.002;0.000, 0.000, 0.000, 0.000
1559253056.307;502;0.001;0.000, 0.000, 0.004, 0.000
1559253056.314;502;0.003;0.000, 0.000, 0.000, 0.000
1559253056.316;502;0.001;0.004, 0.000, 0.000, 0.000
1559253056.319;502;0.002;0.000, 0.000, 0.000, 0.000
1559253056.321;502;0.002;0.000, 0.000, 0.000, 0.000
1559253056.323;502;0.001;0.000, 0.000, 0.004, 0.000
1559253056.329;502;0.002;0.000, 0.000, 0.000, 0.000
1559253056.331;502;0.001;0.000, 0.000, 0.000, 0.004
1559253056.337;502;0.002;0.004, 0.000, 0.000, 0.000
1559253056.339;502;0.002;0.000, 0.004, 0.000, 0.000
1559253056.341;502;0.001;0.000, 0.000, 0.000, 0.000
1559253056.346;502;0.004;0.000, 0.004, 0.000, 0.000
1559253056.350;502;0.003;0.000, 0.000, 0.000, 0.000
1559253056.353;502;0.002;0.000, 0.000, 0.000, 0.000
1559253056.355;502;0.001;0.000, 0.000, 0.004, 0.000
1559253056.359;502;0.002;0.000, 0.000, 0.000, 0.000
1559253056.363;502;0.004;0.000, 0.000, 0.000, 0.004
1559253056.365;502;0.001;0.000, 0.000, 0.000, 0.000
1559253056.367;502;0.001;0.000, 0.000, 0.000, 0.004
1559253056.371;502;0.001;0.000, 0.000, 0.004, 0.000
1559253056.375;502;0.002;0.000, 0.000, 0.000, 0.004
1559253056.377;502;0.001;0.000, 0.000, 0.000, 0.000
1559253056.382;502;0.004;0.000, 0.004, 0.000, 0.000
1559253056.391;502;0.001;0.000, 0.000, 0.004, 0.000
1559253056.396;502;0.002;0.000, 0.004, 0.000, 0.000
1559253056.399;502;0.002;0.000, 0.000, 0.000, 0.004
1559253056.402;502;0.002;0.000, 0.000, 0.000, 0.000
1559253056.407;502;0.004;0.000, 0.000, 0.000, 0.004
1559253056.410;502;0.002;0.000, 0.000, 0.000, 0.000
1559253056.412;502;0.001;0.004, 0.000, 0.000, 0.000
1559253056.414;502;0.001;0.000, 0.000, 0.000, 0.000
1559253056.419;502;0.004;0.000, 0.004, 0.000, 0.000
1559253056.423;502;0.003;0.000, 0.000, 0.000, 0.000
1559253056.425;502;0.002;0.000, 0.000, 0.000, 0.000
1559253056.427;502;0.001;0.000, 0.000, 0.004, 0.000
1559253056.435;502;0.003;0.000, 0.004, 0.000, 0.000
1559253056.438;502;0.002;0.000, 0.000, 0.000, 0.000
1559253056.443;502;0.005;0.000, 0.004, 0.000, 0.004
1559253056.447;502;0.004;0.000, 0.000, 0.000, 0.000
1559253056.449;502;0.002;0.000, 0.000, 0.000, 0.000
1559253056.451;502;0.002;0.000, 0.000, 0.000, 0.004
1559253056.455;502;0.003;0.000, 0.000, 0.004, 0.000
1559253056.459;502;0.003;0.000, 0.000, 0.000, 0.000
1559253056.461;502;0.002;0.000, 0.000, 0.000, 0.000
1559253056.463;502;0.001;0.000, 0.000, 0.004, 0.000
1559253056.469;502;0.002;0.004, 0.000, 0.000, 0.000
1559253056.471;502;0.002;0.000, 0.000, 0.000, 0.004
1559253056.474;502;0.002;0.000, 0.000, 0.000, 0.000
1559253056.479;502;0.004;0.000, 0.000, 0.000, 0.004
1559253056.482;502;0.002;0.000, 0.000, 0.000, 0.000
1559253056.484;502;0.002;0.000, 0.004, 0.000, 0.000
1559253056.487;502;0.002;0.000, 0.000, 0.000, 0.000
1559253056.491;502;0.004;0.000, 0.000, 0.004, 0.000
1559253056.495;502;0.002;0.000, 0.004, 0.000, 0.000
1559253056.498;502;0.001;0.000, 0.000, 0.000, 0.000
1559253056.506;502;0.007;0.000, 0.004, 0.000, 0.000
1559253056.508;502;0.002;0.000, 0.004, 0.000, 0.000
1559253056.510;502;0.002;0.000, 0.000, 0.000, 0.000
1559253056.515;502;0.004;0.000, 0.000, 0.000, 0.000
1559253056.517;502;0.002;0.000, 0.000, 0.000, 0.000
1559253056.520;502;0.002;0.000, 0.000, 0.004, 0.000
1559253056.523;502;0.002;0.000, 0.000, 0.000, 0.000
1559253056.529;502;0.006;0.000, 0.004, 0.000, 0.000
1559253056.531;502;0.002;0.000, 0.000, 0.004, 0.000
1559253056.533;502;0.001;0.000, 0.000, 0.000, 0.000
1559253056.536;502;0.002;0.000, 0.004, 0.000, 0.000
1559253056.542;502;0.003;0.000, 0.000, 0.000, 0.000
1559253056.546;502;0.003;0.000, 0.000, 0.000, 0.000
1559253056.551;502;0.004;0.000, 0.000, 0.000, 0.004
1559253056.554;502;0.002;0.000, 0.000, 0.000, 0.000
1559253056.557;502;0.002;0.004, 0.000, 0.000, 0.000
1559253056.559;502;0.002;0.000, 0.000, 0.000, 0.004
1559253056.565;502;0.006;0.000, 0.004, 0.000, 0.000
1559253056.567;502;0.001;0.000, 0.000, 0.004, 0.000
1559253056.570;502;0.001;0.000, 0.000, 0.000, 0.000
1559253056.575;502;0.004;0.000, 0.000, 0.000, 0.000
1559253056.578;502;0.003;0.000, 0.000, 0.000, 0.000
1559253056.581;502;0.002;0.000, 0.000, 0.000, 0.000
1559253056.583;502;0.001;0.000, 0.000, 0.000, 0.004
1559253056.587;502;0.001;0.000, 0.004, 0.000, 0.000
1559253056.590;502;0.002;0.000, 0.000, 0.000, 0.000
1559253056.593;502;0.002;0.000, 0.000, 0.000, 0.000
1559253056.595;502;0.001;0.000, 0.000, 0.000, 0.004
1559253056.599;502;0.001;0.000, 0.004, 0.000, 0.000
1559253056.602;502;0.001;0.000, 0.000, 0.000, 0.000
1559253056.605;502;0.002;0.004, 0.000, 0.000, 0.000
1559253056.607;502;0.002;0.000, 0.000, 0.000, 0.000
1559253056.614;502;0.006;0.004, 0.000, 0.000, 0.000
1559253056.616;502;0.002;0.000, 0.004, 0.000, 0.000
1559253056.619;502;0.002;0.000, 0.000, 0.000, 0.000
1559253056.624;502;0.005;0.000, 0.004, 0.000, 0.000
1559253056.628;502;0.003;0.000, 0.004, 0.000, 0.000
1559253056.630;502;0.001;0.000, 0.000, 0.000, 0.000
1559253056.633;502;0.003;0.004, 0.000, 0.000, 0.000
1559253056.638;502;0.003;0.000, 0.000, 0.000, 0.000
1559253056.641;502;0.002;0.000, 0.000, 0.000, 0.000
1559253056.643;502;0.001;0.000, 0.000, 0.004, 0.000
1559253056.649;502;0.002;0.000, 0.000, 0.000, 0.000
1559253056.651;502;0.002;0.000, 0.000, 0.000, 0.004
1559253056.653;502;0.001;0.000, 0.000, 0.000, 0.000
1559253056.655;502;0.001;0.000, 0.000, 0.000, 0.004
1559253056.658;502;0.001;0.000, 0.000, 0.000, 0.000
1559253056.662;502;0.003;0.000, 0.000, 0.000, 0.000
1559253056.666;502;0.003;0.000, 0.000, 0.000, 0.000
1559253056.668;502;0.002;0.000, 0.004, 0.000, 0.000
1559253056.674;502;0.003;0.004, 0.000, 0.000, 0.000
1559253056.676;502;0.002;0.000, 0.004, 0.000, 0.000
1559253056.678;502;0.001;0.000, 0.000, 0.000, 0.000
1559253056.682;502;0.003;0.000, 0.000, 0.000, 0.000
1559253056.686;502;0.003;0.000, 0.000, 0.000, 0.000
1559253056.688;502;0.002;0.000, 0.004, 0.000, 0.000
1559253056.690;502;0.001;0.000, 0.000, 0.000, 0.000
1559253056.694;502;0.003;0.004, 0.000, 0.000, 0.000
1559253056.699;502;0.005;0.004, 0.000, 0.000, 0.000
1559253056.701;502;0.002;0.000, 0.000, 0.000, 0.000
1559253056.703;502;0.002;0.000, 0.000, 0.000, 0.004
1559253056.711;502;0.007;0.004, 0.000, 0.000, 0.004
1559253056.713;502;0.001;0.000, 0.000, 0.000, 0.000
1559253056.715;502;0.002;0.000, 0.000, 0.000, 0.004
1559253056.717;502;0.002;0.000, 0.000, 0.000, 0.000
1559253056.719;502;0.001;0.000, 0.000, 0.004, 0.000
1559253056.725;502;0.003;0.004, 0.000, 0.000, 0.000
1559253056.727;502;0.002;0.000, 0.000, 0.000, 0.000
1559253056.731;502;0.004;0.000, 0.000, 0.000, 0.004
1559253056.735;502;0.003;0.000, 0.000, 0.000, 0.000
1559253056.737;502;0.002;0.000, 0.000, 0.000, 0.000
1559253056.739;502;0.001;0.000, 0.000, 0.004, 0.000
1559253056.746;502;0.003;0.000, 0.000, 0.000, 0.000
1559253056.748;502;0.001;0.004, 0.000, 0.000, 0.000
1559253056.751;502;0.002;0.000, 0.000, 0.000, 0.000
1559253056.755;502;0.004;0.000, 0.000, 0.000, 0.004
1559253056.758;502;0.002;0.000, 0.000, 0.000, 0.000
1559253056.760;502;0.002;0.000, 0.004, 0.000, 0.000
1559253056.762;502;0.001;0.000, 0.000, 0.000, 0.000
1559253056.767;502;0.004;0.000, 0.000, 0.000, 0.004
1559253056.770;502;0.002;0.000, 0.000, 0.000, 0.000
1559253056.772;502;0.002;0.000, 0.004, 0.000, 0.000
1559253056.775;502;0.002;0.000, 0.000, 0.004, 0.000
1559253056.783;502;0.004;0.000, 0.000, 0.000, 0.004
1559253056.785;502;0.001;0.000, 0.000, 0.000, 0.000
1559253056.787;502;0.001;0.000, 0.000, 0.004, 0.000
1559253056.791;502;0.002;0.000, 0.000, 0.000, 0.000
1559253056.802;502;0.004;0.000, 0.004, 0.000, 0.000
1559253056.806;502;0.003;0.000, 0.000, 0.000, 0.000
1559253056.807;502;0.001;0.000, 0.000, 0.004, 0.000
1559253056.810;502;0.002;0.000, 0.000, 0.000, 0.000
1559253056.812;502;0.002;0.000, 0.000, 0.004, 0.000
1559253056.818;502;0.003;0.004, 0.000, 0.000, 0.000
1559253056.821;502;0.002;0.000, 0.000, 0.000, 0.000
1559253056.826;502;0.004;0.000, 0.004, 0.000, 0.000
1559253056.829;502;0.002;0.004, 0.000, 0.000, 0.000
1559253056.831;502;0.001;0.000, 0.004, 0.000, 0.000
1559253056.835;502;0.002;0.000, 0.000, 0.000, 0.000
1559253056.839;502;0.003;0.000, 0.000, 0.004, 0.000
1559253056.843;502;0.002;0.000, 0.000, 0.000, 0.000
1559253056.846;502;0.002;0.000, 0.000, 0.000, 0.000
1559253056.850;502;0.004;0.000, 0.004, 0.000, 0.000
1559253056.852;502;0.002;0.000, 0.004, 0.000, 0.000
1559253056.855;502;0.002;0.000, 0.000, 0.000, 0.004
1559253056.858;502;0.001;0.000, 0.000, 0.000, 0.000
1559253056.863;502;0.004;0.000, 0.000, 0.000, 0.004
1559253056.866;502;0.002;0.000, 0.000, 0.000, 0.000
1559253056.869;502;0.002;0.000, 0.000, 0.000, 0.000
1559253056.873;502;0.003;0.000, 0.004, 0.000, 0.000
1559253056.877;502;0.003;0.000, 0.000, 0.004, 0.000
1559253056.880;502;0.003;0.004, 0.000, 0.000, 0.000
1559253056.883;502;0.002;0.000, 0.000, 0.000, 0.004
1559253056.889;502;0.005;0.000, 0.004, 0.000, 0.000
1559253056.891;502;0.001;0.000, 0.000, 0.000, 0.004
1559253056.894;502;0.002;0.000, 0.000, 0.000, 0.000
1559253056.898;502;0.003;0.004, 0.000, 0.000, 0.000
1559253056.902;502;0.003;0.000, 0.004, 0.000, 0.000
1559253056.904;502;0.002;0.000, 0.004, 0.000, 0.000
1559253056.907;502;0.002;0.000, 0.000, 0.000, 0.004
1559253056.910;502;0.002;0.000, 0.000, 0.000, 0.000
1559253056.915;502;0.004;0.000, 0.000, 0.000, 0.004
1559253056.917;502;0.001;0.000, 0.000, 0.000, 0.000
1559253056.924;502;0.006;0.000, 0.004, 0.004, 0.000
1559253056.926;502;0.001;0.000, 0.000, 0.000, 0.000
1559253056.929;502;0.002;0.000, 0.000, 0.000, 0.000
1559253056.931;502;0.001;0.000, 0.000, 0.004, 0.000
1559253056.938;502;0.003;0.004, 0.000, 0.000, 0.000
1559253056.940;502;0.001;0.000, 0.000, 0.000, 0.000
1559253056.943;502;0.002;0.000, 0.000, 0.000, 0.000
1559253056.946;502;0.002;0.000, 0.000, 0.000, 0.000
1559253056.950;502;0.003;0.000, 0.000, 0.000, 0.000
1559253056.953;502;0.002;0.000, 0.000, 0.000, 0.000
1559253056.955;502;0.002;0.000, 0.000, 0.000, 0.004
1559253056.960;502;0.002;0.000, 0.004, 0.000, 0.000
1559253056.963;502;0.002;0.000, 0.000, 0.004, 0.000
1559253056.966;502;0.002;0.000, 0.000, 0.000, 0.000
1559253056.970;502;0.003;0.004, 0.000, 0.000, 0.000
1559253056.974;502;0.003;0.000, 0.000, 0.000, 0.000
1559253056.976;502;0.001;0.004, 0.000, 0.000, 0.000
1559253056.979;502;0.002;0.000, 0.000, 0.000, 0.004
1559253056.983;502;0.003;0.000, 0.000, 0.000, 0.004
1559253056.987;502;0.003;0.000, 0.000, 0.000, 0.004
1559253056.989;502;0.001;0.000, 0.000, 0.000, 0.000
1559253056.994;502;0.004;0.000, 0.004, 0.000, 0.000
1559253056.997;502;0.002;0.004, 0.000, 0.000, 0.000
1559253057.000;502;0.002;0.000, 0.004, 0.000, 0.000
1559253057.003;502;0.001;0.000, 0.000, 0.004, 0.000
1559253057.011;502;0.004;0.004, 0.000, 0.000, 0.000
1559253057.013;502;0.002;0.000, 0.000, 0.000, 0.000
1559253057.014;502;0.001;0.000, 0.000, 0.000, 0.000
1559253057.018;502;0.003;0.000, 0.000, 0.000, 0.000
1559253057.023;502;0.004;0.004, 0.000, 0.000, 0.000
1559253057.025;502;0.002;0.000, 0.000, 0.000, 0.000
1559253057.027;502;0.001;0.000, 0.000, 0.004, 0.000
1559253057.034;502;0.002;0.000, 0.000, 0.000, 0.000
1559253057.035;502;0.001;0.000, 0.000, 0.004, 0.000
1559253057.037;502;0.001;0.000, 0.000, 0.000, 0.000
1559253057.039;502;0.001;0.000, 0.000, 0.004, 0.000
1559253057.044;502;0.002;0.000, 0.004, 0.000, 0.000
1559253057.047;502;0.003;0.000, 0.000, 0.000, 0.004
1559253057.050;502;0.002;0.000, 0.000, 0.000, 0.000
1559253057.051;502;0.001;0.000, 0.004, 0.000, 0.000
1559253057.055;502;0.001;0.000, 0.000, 0.004, 0.000
1559253057.059;502;0.003;0.000, 0.000, 0.000, 0.004
1559253057.061;502;0.002;0.000, 0.000, 0.000, 0.000
1559253057.063;502;0.001;0.000, 0.000, 0.004, 0.000
1559253057.069;502;0.003;0.004, 0.000, 0.000, 0.000
1559253057.071;502;0.002;0.000, 0.000, 0.000, 0.004
1559253057.073;502;0.001;0.000, 0.000, 0.000, 0.000
1559253057.075;502;0.001;0.000, 0.000, 0.000, 0.004
1559253057.079;502;0.004;0.000, 0.000, 0.000, 0.004
1559253057.083;502;0.003;0.000, 0.000, 0.000, 0.000
1559253057.085;502;0.002;0.000, 0.000, 0.000, 0.000
1559253057.087;502;0.001;0.000, 0.000, 0.004, 0.000
1559253057.094;502;0.003;0.000, 0.000, 0.000, 0.000
1559253057.096;502;0.002;0.000, 0.004, 0.000, 0.000
1559253057.098;502;0.001;0.000, 0.000, 0.000, 0.000
1559253057.102;502;0.004;0.004, 0.000, 0.000, 0.000
1559253057.106;502;0.004;0.004, 0.000, 0.000, 0.000
1559253057.108;502;0.002;0.000, 0.004, 0.000, 0.000
1559253057.110;502;0.002;0.000, 0.000, 0.000, 0.000
1559253057.111;502;0.001;0.000, 0.000, 0.004, 0.000
1559253057.117;502;0.002;0.000, 0.000, 0.000, 0.000
1559253057.119;502;0.001;0.000, 0.000, 0.000, 0.004
1559253057.122;502;0.002;0.000, 0.000, 0.000, 0.000
1559253057.127;502;0.004;0.000, 0.000, 0.000, 0.000
1559253057.130;502;0.003;0.000, 0.000, 0.000, 0.000
1559253057.133;502;0.002;0.004, 0.000, 0.000, 0.000
1559253057.135;502;0.001;0.000, 0.000, 0.004, 0.000
1559253057.138;502;0.001;0.000, 0.000, 0.000, 0.000
1559253057.142;502;0.003;0.004, 0.000, 0.000, 0.000
1559253057.144;502;0.002;0.000, 0.004, 0.000, 0.000
1559253057.146;502;0.002;0.000, 0.000, 0.000, 0.000
1559253057.148;502;0.001;0.004, 0.000, 0.000, 0.000
1559253057.151;502;0.002;0.000, 0.000, 0.000, 0.000
1559253057.155;502;0.004;0.000, 0.000, 0.000, 0.000
1559253057.157;502;0.002;0.000, 0.000, 0.000, 0.000
1559253057.159;502;0.001;0.000, 0.000, 0.004, 0.000
1559253057.163;502;0.001;0.000, 0.004, 0.000, 0.000
1559253057.166;502;0.002;0.000, 0.000, 0.000, 0.000
1559253057.168;502;0.001;0.000, 0.000, 0.000, 0.000
1559253057.170;502;0.001;0.000, 0.000, 0.000, 0.000
1559253057.174;502;0.003;0.000, 0.000, 0.000, 0.000
1559253057.179;502;0.004;0.000, 0.000, 0.000, 0.000
1559253057.181;502;0.002;0.000, 0.000, 0.000, 0.000
1559253057.183;502;0.001;0.000, 0.000, 0.004, 0.000
1559253057.190;502;0.003;0.000, 0.000, 0.000, 0.000
1559253057.192;502;0.001;0.004, 0.000, 0.000, 0.000
1559253057.194;502;0.001;0.000, 0.000, 0.000, 0.000
1559253057.199;502;0.004;0.000, 0.000, 0.000, 0.004
1559253057.201;502;0.002;0.000, 0.000, 0.000, 0.000
1559253057.203;502;0.001;0.000, 0.000, 0.004, 0.000
1559253057.206;502;0.002;0.000, 0.000, 0.000, 0.000
1559253057.207;502;0.001;0.000, 0.000, 0.004, 0.000
1559253057.211;502;0.002;0.000, 0.000, 0.004, 0.000
1559253057.215;502;0.002;0.000, 0.000, 0.000, 0.000
1559253057.217;502;0.002;0.000, 0.000, 0.000, 0.000
1559253057.219;502;0.001;0.000, 0.000, 0.004, 0.000
1559253057.227;502;0.002;0.000, 0.000, 0.000, 0.000
1559253057.230;502;0.003;0.000, 0.000, 0.000, 0.000
1559253057.235;502;0.005;0.004, 0.000, 0.000, 0.004
1559253057.238;502;0.001;0.000, 0.000, 0.000, 0.000
1559253057.240;502;0.001;0.000, 0.000, 0.000, 0.000
1559253057.242;502;0.001;0.000, 0.000, 0.000, 0.000
1559253057.245;502;0.002;0.004, 0.000, 0.000, 0.000
1559253057.250;502;0.004;0.000, 0.004, 0.000, 0.000
1559253057.252;502;0.002;0.004, 0.000, 0.000, 0.000
1559253057.254;502;0.001;0.000, 0.000, 0.000, 0.000
1559253057.257;502;0.002;0.000, 0.000, 0.000, 0.000
1559253057.259;502;0.001;0.000, 0.000, 0.004, 0.000
1559253057.263;502;0.002;0.000, 0.004, 0.000, 0.000
1559253057.266;502;0.002;0.000, 0.000, 0.000, 0.000
1559253057.268;502;0.002;0.000, 0.004, 0.000, 0.000
1559253057.271;502;0.001;0.000, 0.000, 0.004, 0.000
1559253057.274;502;0.002;0.000, 0.000, 0.000, 0.000
1559253057.276;502;0.002;0.000, 0.004, 0.000, 0.000
1559253057.278;502;0.002;0.000, 0.000, 0.000, 0.000
1559253057.282;502;0.004;0.000, 0.004, 0.000, 0.000
1559253057.285;502;0.003;0.004, 0.000, 0.000, 0.000
1559253057.286;502;0.001;0.000, 0.000, 0.000, 0.000
1559253057.288;502;0.001;0.000, 0.000, 0.000, 0.000
1559253057.290;502;0.001;0.000, 0.000, 0.000, 0.000
1559253057.293;502;0.002;0.004, 0.000, 0.000, 0.000
1559253057.295;502;0.001;0.000, 0.000, 0.000, 0.004
1559253057.299;502;0.004;0.000, 0.004, 0.000, 0.000
1559253057.302;502;0.001;0.000, 0.000, 0.000, 0.000
1559253057.306;502;0.003;0.004, 0.000, 0.000, 0.000
1559253057.309;502;0.002;0.000, 0.000, 0.000, 0.000
1559253057.311;502;0.002;0.000, 0.004, 0.000, 0.000
1559253057.315;502;0.002;0.000, 0.000, 0.000, 0.000
1559253057.319;502;0.004;0.000, 0.000, 0.000, 0.004
1559253057.323;502;0.003;0.000, 0.000, 0.000, 0.000
1559253057.325;502;0.002;0.000, 0.000, 0.000, 0.000
1559253057.327;502;0.001;0.000, 0.000, 0.004, 0.000
1559253057.333;502;0.002;0.004, 0.000, 0.000, 0.000
1559253057.335;502;0.001;0.000, 0.000, 0.004, 0.000
1559253057.337;502;0.001;0.000, 0.000, 0.000, 0.000
1559253057.340;502;0.002;0.000, 0.004, 0.000, 0.000
1559253057.343;502;0.002;0.000, 0.000, 0.000, 0.004
1559253057.346;502;0.001;0.000, 0.000, 0.000, 0.000
1559253057.349;502;0.002;0.000, 0.000, 0.000, 0.000
1559253057.351;502;0.002;0.000, 0.000, 0.000, 0.004
1559253057.355;502;0.003;0.000, 0.000, 0.004, 0.000
1559253057.358;502;0.002;0.000, 0.000, 0.000, 0.000
1559253057.360;502;0.002;0.000, 0.004, 0.000, 0.000
1559253057.362;502;0.001;0.000, 0.000, 0.000, 0.000
1559253057.366;502;0.003;0.000, 0.000, 0.000, 0.000
1559253057.369;502;0.003;0.000, 0.004, 0.000, 0.000
1559253057.371;502;0.002;0.000, 0.004, 0.000, 0.000
1559253057.374;502;0.002;0.000, 0.000, 0.000, 0.000
1559253057.379;502;0.002;0.000, 0.000, 0.004, 0.000
1559253057.383;502;0.002;0.000, 0.000, 0.000, 0.000
1559253057.385;502;0.002;0.000, 0.000, 0.000, 0.000
1559253057.387;502;0.002;0.000, 0.000, 0.000, 0.000
1559253057.390;502;0.003;0.000, 0.000, 0.000, 0.000
1559253057.394;502;0.003;0.004, 0.000, 0.000, 0.000
1559253057.396;502;0.001;0.004, 0.000, 0.000, 0.000
1559253057.398;502;0.001;0.000, 0.000, 0.000, 0.000
1559253057.402;502;0.003;0.000, 0.000, 0.000, 0.000
1559253057.404;502;0.001;0.004, 0.000, 0.000, 0.000
1559253057.407;502;0.002;0.000, 0.000, 0.004, 0.000
1559253057.410;502;0.002;0.000, 0.000, 0.000, 0.000
1559253057.414;502;0.004;0.000, 0.004, 0.000, 0.000
1559253057.416;502;0.001;0.004, 0.000, 0.000, 0.000
1559253057.420;502;0.003;0.004, 0.000, 0.000, 0.000
1559253057.422;502;0.001;0.000, 0.000, 0.000, 0.000
1559253057.427;502;0.004;0.000, 0.000, 0.004, 0.000
1559253057.430;502;0.001;0.000, 0.000, 0.000, 0.000
1559253057.433;502;0.002;0.000, 0.000, 0.000, 0.000
1559253057.435;502;0.001;0.000, 0.000, 0.004, 0.000
1559253057.438;502;0.001;0.000, 0.000, 0.000, 0.000
1559253057.442;502;0.003;0.000, 0.000, 0.000, 0.000
1559253057.444;502;0.001;0.000, 0.000, 0.000, 0.000
1559253057.447;502;0.002;0.000, 0.000, 0.000, 0.000
1559253057.451;502;0.004;0.000, 0.000, 0.004, 0.000
1559253057.454;502;0.002;0.000, 0.000, 0.000, 0.000
1559253057.457;502;0.002;0.000, 0.000, 0.000, 0.000
1559253057.459;502;0.001;0.000, 0.000, 0.000, 0.004
1559253057.465;502;0.003;0.004, 0.000, 0.000, 0.000
1559253057.467;502;0.001;0.000, 0.000, 0.000, 0.004
1559253057.470;502;0.001;0.000, 0.000, 0.000, 0.000
1559253057.475;502;0.004;0.004, 0.000, 0.000, 0.004
1559253057.479;502;0.002;0.000, 0.000, 0.004, 0.000
1559253057.482;502;0.002;0.000, 0.000, 0.000, 0.000
1559253057.483;502;0.001;0.000, 0.004, 0.000, 0.000
1559253057.490;502;0.003;0.000, 0.000, 0.000, 0.000
1559253057.493;502;0.002;0.000, 0.000, 0.000, 0.000
1559253057.495;502;0.002;0.000, 0.000, 0.000, 0.000
1559253057.499;502;0.004;0.000, 0.000, 0.000, 0.004
1559253057.503;502;0.004;0.000, 0.000, 0.000, 0.004
1559253057.506;502;0.002;0.000, 0.000, 0.000, 0.000
1559253057.510;502;0.003;0.004, 0.000, 0.000, 0.000
1559253057.514;502;0.003;0.000, 0.000, 0.000, 0.000
1559253057.516;502;0.001;0.004, 0.000, 0.000, 0.000
1559253057.519;502;0.002;0.000, 0.000, 0.000, 0.000
1559253057.523;502;0.004;0.000, 0.000, 0.000, 0.004
1559253057.526;502;0.003;0.000, 0.000, 0.000, 0.000
1559253057.528;502;0.002;0.000, 0.004, 0.000, 0.000
1559253057.531;502;0.002;0.000, 0.000, 0.000, 0.004
1559253057.535;502;0.003;0.000, 0.000, 0.004, 0.000
1559253057.541;502;0.004;0.004, 0.000, 0.000, 0.000
1559253057.543;502;0.001;0.000, 0.000, 0.004, 0.000
1559253057.549;502;0.002;0.004, 0.000, 0.000, 0.000
1559253057.551;502;0.001;0.000, 0.000, 0.004, 0.000
1559253057.554;502;0.002;0.000, 0.000, 0.000, 0.000
1559253057.558;502;0.003;0.004, 0.000, 0.000, 0.000
1559253057.562;502;0.003;0.000, 0.000, 0.000, 0.000
1559253057.565;502;0.002;0.000, 0.000, 0.000, 0.000
1559253057.567;502;0.002;0.000, 0.000, 0.000, 0.004
1559253057.569;502;0.002;0.000, 0.000, 0.000, 0.000
1559253057.572;502;0.002;0.000, 0.004, 0.000, 0.000
1559253057.577;502;0.002;0.000, 0.000, 0.000, 0.000
1559253057.579;502;0.001;0.000, 0.000, 0.004, 0.000
1559253057.584;502;0.001;0.004, 0.000, 0.000, 0.000
1559253057.588;502;0.003;0.004, 0.000, 0.000, 0.000
1559253057.590;502;0.001;0.000, 0.000, 0.000, 0.000
1559253057.593;502;0.002;0.000, 0.000, 0.000, 0.000
1559253057.595;502;0.001;0.000, 0.000, 0.004, 0.000
1559253057.600;502;0.002;0.000, 0.004, 0.000, 0.000
1559253057.606;502;0.004;0.000, 0.004, 0.000, 0.000
1559253057.610;502;0.004;0.004, 0.000, 0.000, 0.000
1559253057.612;502;0.002;0.000, 0.004, 0.000, 0.000
1559253057.615;502;0.002;0.000, 0.000, 0.000, 0.004
1559253057.618;502;0.002;0.000, 0.000, 0.000, 0.000
1559253057.622;502;0.004;0.000, 0.004, 0.000, 0.000
1559253057.624;502;0.002;0.000, 0.004, 0.000, 0.000
1559253057.626;502;0.001;0.000, 0.000, 0.000, 0.000
1559253057.630;502;0.003;0.004, 0.000, 0.000, 0.000
1559253057.633;502;0.002;0.004, 0.000, 0.000, 0.000
1559253057.637;502;0.003;0.004, 0.000, 0.000, 0.000
1559253057.639;502;0.001;0.000, 0.000, 0.004, 0.000
1559253057.643;502;0.002;0.000, 0.000, 0.000, 0.000
1559253057.646;502;0.003;0.000, 0.000, 0.000, 0.000
1559253057.648;502;0.001;0.004, 0.000, 0.000, 0.000
1559253057.651;502;0.002;0.000, 0.000, 0.000, 0.000
1559253057.654;502;0.003;0.000, 0.000, 0.000, 0.000
1559253057.659;502;0.004;0.004, 0.000, 0.000, 0.000
1559253057.661;502;0.002;0.000, 0.000, 0.000, 0.000
1559253057.663;502;0.002;0.000, 0.000, 0.000, 0.004
1559253057.670;502;0.006;0.004, 0.000, 0.000, 0.000
1559253057.672;502;0.002;0.000, 0.004, 0.000, 0.000
1559253057.675;502;0.002;0.000, 0.000, 0.000, 0.004
1559253057.680;502;0.005;0.000, 0.004, 0.000, 0.000
1559253057.683;502;0.002;0.000, 0.000, 0.000, 0.004
1559253057.686;502;0.001;0.000, 0.000, 0.000, 0.000
1559253057.690;502;0.003;0.004, 0.000, 0.000, 0.000
1559253057.693;502;0.002;0.000, 0.000, 0.000, 0.000
1559253057.695;502;0.002;0.000, 0.000, 0.000, 0.004
1559253057.697;502;0.002;0.000, 0.000, 0.000, 0.000
1559253057.699;502;0.001;0.000, 0.000, 0.000, 0.004
1559253057.703;502;0.002;0.000, 0.000, 0.000, 0.000
1559253057.706;502;0.003;0.000, 0.000, 0.000, 0.000
1559253057.710;502;0.003;0.000, 0.000, 0.000, 0.000
1559253057.713;502;0.003;0.000, 0.004, 0.000, 0.000
1559253057.715;502;0.001;0.000, 0.000, 0.004, 0.000
1559253057.719;502;0.003;0.000, 0.000, 0.000, 0.000
1559253057.721;502;0.002;0.000, 0.000, 0.000, 0.000
1559253057.723;502;0.001;0.000, 0.000, 0.004, 0.000
1559253057.727;502;0.001;0.000, 0.004, 0.000, 0.000
1559253057.730;502;0.002;0.000, 0.000, 0.000, 0.000
1559253057.732;502;0.001;0.000, 0.000, 0.000, 0.000
1559253057.735;502;0.002;0.000, 0.000, 0.000, 0.004
1559253057.740;502;0.004;0.000, 0.004, 0.000, 0.000
1559253057.742;502;0.001;0.000, 0.000, 0.000, 0.000
1559253057.745;502;0.002;0.000, 0.000, 0.000, 0.000
1559253057.747;502;0.002;0.000, 0.000, 0.000, 0.004
1559253057.754;502;0.007;0.004, 0.000, 0.000, 0.000
1559253057.756;502;0.002;0.000, 0.004, 0.000, 0.000
1559253057.758;502;0.002;0.000, 0.000, 0.000, 0.000
1559253057.765;502;0.006;0.004, 0.000, 0.004, 0.000
1559253057.767;502;0.001;0.000, 0.000, 0.004, 0.000
1559253057.770;502;0.002;0.000, 0.000, 0.000, 0.000
1559253057.774;502;0.004;0.004, 0.000, 0.000, 0.000
1559253057.777;502;0.002;0.004, 0.000, 0.000, 0.000
1559253057.779;502;0.002;0.000, 0.004, 0.000, 0.000
1559253057.783;502;0.002;0.000, 0.000, 0.000, 0.004
1559253057.787;502;0.004;0.000, 0.000, 0.000, 0.004
1559253057.791;502;0.002;0.000, 0.000, 0.000, 0.004
1559253057.794;502;0.002;0.000, 0.000, 0.000, 0.000
1559253057.797;502;0.003;0.000, 0.004, 0.000, 0.000
1559253057.799;502;0.002;0.000, 0.000, 0.000, 0.000
1559253057.803;502;0.004;0.000, 0.000, 0.000, 0.004
1559253057.806;502;0.002;0.000, 0.000, 0.000, 0.000
1559253057.811;502;0.005;0.000, 0.004, 0.000, 0.004
1559253057.815;502;0.002;0.000, 0.000, 0.004, 0.000
1559253057.817;502;0.001;0.000, 0.000, 0.000, 0.000
1559253057.819;502;0.001;0.000, 0.000, 0.004, 0.000
1559253057.825;502;0.002;0.004, 0.000, 0.000, 0.000
1559253057.827;502;0.002;0.000, 0.000, 0.000, 0.000
1559253057.830;502;0.003;0.000, 0.000, 0.000, 0.000
1559253057.835;502;0.004;0.000, 0.000, 0.000, 0.004
1559253057.838;502;0.003;0.000, 0.000, 0.000, 0.000
1559253057.841;502;0.002;0.000, 0.000, 0.000, 0.000
1559253057.843;502;0.002;0.000, 0.000, 0.000, 0.004
1559253057.849;502;0.006;0.000, 0.004, 0.000, 0.000
1559253057.851;502;0.002;0.000, 0.000, 0.000, 0.000
1559253057.853;502;0.002;0.000, 0.000, 0.000, 0.000
1559253057.855;502;0.001;0.000, 0.000, 0.000, 0.004
1559253057.858;502;0.001;0.000, 0.000, 0.000, 0.000
1559253057.863;502;0.004;0.004, 0.000, 0.000, 0.000
1559253057.866;502;0.003;0.000, 0.000, 0.000, 0.000
1559253057.868;502;0.002;0.000, 0.004, 0.000, 0.000
1559253057.870;502;0.001;0.000, 0.000, 0.000, 0.000
1559253057.875;502;0.004;0.000, 0.000, 0.000, 0.000
1559253057.878;502;0.003;0.000, 0.000, 0.000, 0.000
1559253057.880;502;0.001;0.004, 0.000, 0.000, 0.000
1559253057.882;502;0.001;0.000, 0.000, 0.000, 0.000
1559253057.887;502;0.004;0.000, 0.000, 0.000, 0.000
1559253057.889;502;0.002;0.000, 0.000, 0.000, 0.000
1559253057.891;502;0.001;0.000, 0.000, 0.004, 0.000
1559253057.897;502;0.003;0.004, 0.000, 0.000, 0.000
1559253057.900;502;0.002;0.000, 0.000, 0.004, 0.000
1559253057.903;502;0.002;0.000, 0.000, 0.004, 0.000
1559253057.907;502;0.002;0.000, 0.000, 0.000, 0.000
1559253057.910;502;0.003;0.000, 0.000, 0.000, 0.000
1559253057.913;502;0.002;0.000, 0.000, 0.000, 0.000
1559253057.915;502;0.002;0.000, 0.000, 0.000, 0.000
1559253057.923;502;0.008;0.000, 0.004, 0.000, 0.000
1559253057.925;502;0.002;0.000, 0.000, 0.000, 0.000
1559253057.927;502;0.001;0.000, 0.000, 0.004, 0.000
1559253057.933;502;0.002;0.000, 0.000, 0.000, 0.000
1559253057.936;502;0.002;0.000, 0.000, 0.004, 0.000
1559253057.945;502;0.002;0.000, 0.000, 0.000, 0.000
1559253057.949;502;0.002;0.000, 0.000, 0.000, 0.000
1559253057.951;502;0.001;0.000, 0.000, 0.004, 0.000
1559253057.955;502;0.002;0.000, 0.000, 0.000, 0.004
1559253057.958;502;0.003;0.000, 0.000, 0.000, 0.000
1559253057.960;502;0.002;0.000, 0.004, 0.000, 0.000
1559253057.962;502;0.001;0.000, 0.000, 0.000, 0.000
1559253057.965;502;0.002;0.004, 0.000, 0.000, 0.000
1559253057.967;502;0.001;0.000, 0.000, 0.004, 0.000
1559253057.970;502;0.001;0.000, 0.000, 0.000, 0.000
1559253057.974;502;0.004;0.004, 0.000, 0.000, 0.000
1559253057.977;502;0.003;0.000, 0.004, 0.000, 0.000
1559253057.979;502;0.001;0.000, 0.000, 0.004, 0.000
1559253057.982;502;0.001;0.000, 0.000, 0.000, 0.000
1559253057.986;502;0.003;0.000, 0.000, 0.000, 0.000
1559253057.990;502;0.003;0.004, 0.000, 0.000, 0.000
1559253057.993;502;0.003;0.004, 0.000, 0.000, 0.000
1559253057.995;502;0.001;0.000, 0.000, 0.000, 0.004
1559253057.998;502;0.001;0.000, 0.000, 0.000, 0.000
1559253058.004;502;0.005;0.000, 0.000, 0.004, 0.000
1559253058.006;502;0.002;0.000, 0.000, 0.000, 0.000
1559253058.008;502;0.002;0.000, 0.004, 0.000, 0.000
1559253058.011;502;0.002;0.000, 0.000, 0.004, 0.000
1559253058.015;502;0.002;0.000, 0.000, 0.000, 0.004
1559253058.019;502;0.004;0.000, 0.000, 0.000, 0.000
1559253058.022;502;0.003;0.000, 0.000, 0.000, 0.000
1559253058.024;502;0.002;0.000, 0.004, 0.000, 0.000
1559253058.026;502;0.001;0.000, 0.000, 0.000, 0.000
1559253058.031;502;0.004;0.000, 0.000, 0.000, 0.000
1559253058.034;502;0.003;0.000, 0.000, 0.000, 0.000
1559253058.037;502;0.003;0.000, 0.004, 0.000, 0.000
1559253058.039;502;0.002;0.000, 0.000, 0.000, 0.004
1559253058.043;502;0.004;0.000, 0.000, 0.004, 0.000
1559253058.046;502;0.002;0.000, 0.000, 0.000, 0.000
1559253058.054;502;0.007;0.000, 0.004, 0.000, 0.000
1559253058.056;502;0.002;0.000, 0.004, 0.000, 0.000
1559253058.058;502;0.002;0.000, 0.000, 0.000, 0.000
1559253058.062;502;0.004;0.000, 0.004, 0.000, 0.000
1559253058.066;502;0.003;0.000, 0.000, 0.000, 0.000
1559253058.068;502;0.002;0.000, 0.004, 0.000, 0.000
1559253058.072;502;0.003;0.000, 0.004, 0.000, 0.000
1559253058.078;502;0.003;0.000, 0.000, 0.000, 0.000
1559253058.080;502;0.001;0.000, 0.000, 0.000, 0.000
1559253058.083;502;0.002;0.000, 0.000, 0.000, 0.004
1559253058.088;502;0.002;0.000, 0.004, 0.000, 0.000
1559253058.091;502;0.003;0.000, 0.000, 0.000, 0.000
1559253058.095;502;0.004;0.000, 0.000, 0.000, 0.000
1559253058.098;502;0.003;0.000, 0.000, 0.000, 0.000
1559253058.102;502;0.003;0.000, 0.000, 0.000, 0.000
1559253058.105;502;0.002;0.000, 0.000, 0.000, 0.000
1559253058.107;502;0.001;0.000, 0.000, 0.004, 0.000
1559253058.114;502;0.003;0.000, 0.000, 0.000, 0.000
1559253058.116;502;0.001;0.000, 0.000, 0.000, 0.000
1559253058.118;502;0.001;0.000, 0.000, 0.000, 0.000
1559253058.123;502;0.004;0.000, 0.000, 0.000, 0.004
1559253058.127;502;0.003;0.000, 0.000, 0.000, 0.004
1559253058.129;502;0.001;0.000, 0.000, 0.000, 0.000
1559253058.134;502;0.004;0.000, 0.004, 0.000, 0.000
1559253058.137;502;0.002;0.004, 0.000, 0.000, 0.000
1559253058.139;502;0.002;0.000, 0.000, 0.000, 0.004
1559253058.143;502;0.002;0.000, 0.000, 0.000, 0.000
1559253058.147;502;0.004;0.000, 0.000, 0.000, 0.004
1559253058.150;502;0.002;0.000, 0.000, 0.000, 0.000
1559253058.153;502;0.002;0.000, 0.000, 0.000, 0.000
1559253058.155;502;0.001;0.000, 0.000, 0.004, 0.000
1559253058.158;502;0.001;0.000, 0.000, 0.000, 0.000
1559253058.162;502;0.003;0.004, 0.000, 0.000, 0.000
1559253058.165;502;0.003;0.000, 0.004, 0.000, 0.000
1559253058.167;502;0.002;0.000, 0.000, 0.004, 0.000
1559253058.175;502;0.004;0.000, 0.000, 0.000, 0.004
1559253058.177;502;0.001;0.000, 0.000, 0.000, 0.000
1559253058.179;502;0.001;0.000, 0.000, 0.004, 0.000
1559253058.186;502;0.003;0.000, 0.000, 0.000, 0.000
1559253058.191;502;0.004;0.000, 0.000, 0.000, 0.004
1559253058.194;502;0.003;0.000, 0.000, 0.000, 0.000
1559253058.199;502;0.004;0.004, 0.000, 0.000, 0.004
1559253058.203;502;0.002;0.000, 0.000, 0.000, 0.004
1559253058.211;502;0.008;0.004, 0.000, 0.000, 0.004
1559253058.213;502;0.002;0.000, 0.000, 0.000, 0.000
1559253058.215;502;0.001;0.000, 0.000, 0.000, 0.004
1559253058.223;502;0.008;0.004, 0.000, 0.000, 0.000
1559253058.226;502;0.003;0.000, 0.000, 0.000, 0.000
1559253058.227;502;0.001;0.000, 0.000, 0.004, 0.000
1559253058.232;502;0.002;0.000, 0.004, 0.000, 0.000
1559253058.237;502;0.003;0.004, 0.000, 0.000, 0.000
1559253058.239;502;0.002;0.000, 0.000, 0.000, 0.000
1559253058.243;502;0.004;0.000, 0.000, 0.004, 0.000
1559253058.247;502;0.002;0.000, 0.000, 0.000, 0.000
1559253058.250;502;0.003;0.000, 0.000, 0.000, 0.000
1559253058.253;502;0.003;0.000, 0.004, 0.000, 0.000
1559253058.256;502;0.002;0.004, 0.000, 0.000, 0.000
1559253058.259;502;0.002;0.000, 0.000, 0.000, 0.004
1559253058.261;502;0.002;0.000, 0.000, 0.000, 0.000
1559253058.263;502;0.001;0.000, 0.000, 0.000, 0.004
1559253058.266;502;0.001;0.000, 0.000, 0.000, 0.000
1559253058.269;502;0.002;0.004, 0.000, 0.000, 0.000
1559253058.271;502;0.001;0.000, 0.004, 0.000, 0.000
1559253058.274;502;0.002;0.000, 0.000, 0.000, 0.000
1559253058.277;502;0.002;0.004, 0.000, 0.000, 0.000
1559253058.278;502;0.001;0.000, 0.000, 0.000, 0.000
1559253058.283;502;0.004;0.000, 0.000, 0.000, 0.000
1559253058.285;502;0.002;0.000, 0.000, 0.000, 0.000
1559253058.287;502;0.001;0.000, 0.000, 0.004, 0.000
1559253058.291;502;0.002;0.000, 0.000, 0.000, 0.000
1559253058.295;502;0.004;0.000, 0.000, 0.000, 0.000
1559253058.298;502;0.003;0.000, 0.000, 0.000, 0.000
1559253058.302;502;0.004;0.004, 0.000, 0.000, 0.000
1559253058.303;502;0.001;0.000, 0.000, 0.004, 0.000
1559253058.307;502;0.001;0.000, 0.000, 0.004, 0.000
1559253058.310;502;0.002;0.000, 0.000, 0.000, 0.000
1559253058.313;502;0.002;0.004, 0.000, 0.000, 0.000
1559253058.315;502;0.001;0.000, 0.000, 0.004, 0.000
1559253058.319;502;0.001;0.000, 0.000, 0.004, 0.000
1559253058.322;502;0.002;0.000, 0.000, 0.000, 0.000
1559253058.325;502;0.003;0.000, 0.004, 0.000, 0.000
1559253058.327;502;0.001;0.000, 0.000, 0.000, 0.004
1559253058.331;502;0.004;0.000, 0.000, 0.000, 0.000
1559253058.333;502;0.002;0.000, 0.000, 0.000, 0.000
1559253058.335;502;0.001;0.000, 0.000, 0.004, 0.000
1559253058.343;502;0.008;0.004, 0.000, 0.000, 0.000
1559253058.345;502;0.002;0.000, 0.000, 0.000, 0.000
1559253058.347;502;0.002;0.000, 0.000, 0.000, 0.004
1559253058.350;502;0.003;0.000, 0.000, 0.000, 0.000
1559253058.354;502;0.003;0.000, 0.000, 0.000, 0.000
1559253058.356;502;0.001;0.004, 0.000, 0.000, 0.000
1559253058.358;502;0.001;0.000, 0.000, 0.000, 0.000
1559253058.361;502;0.002;0.000, 0.000, 0.000, 0.000
1559253058.363;502;0.001;0.000, 0.000, 0.004, 0.000
1559253058.367;502;0.002;0.000, 0.000, 0.004, 0.000
1559253058.369;502;0.001;0.000, 0.000, 0.000, 0.000
1559253058.371;502;0.001;0.000, 0.000, 0.004, 0.000
1559253058.375;502;0.002;0.000, 0.000, 0.000, 0.004
1559253058.378;502;0.003;0.000, 0.000, 0.000, 0.000
1559253058.379;502;0.001;0.000, 0.000, 0.004, 0.000
1559253058.383;502;0.002;0.000, 0.000, 0.000, 0.000
1559253058.390;502;0.006;0.004, 0.000, 0.000, 0.000
1559253058.393;502;0.002;0.000, 0.000, 0.000, 0.000
1559253058.395;502;0.001;0.000, 0.000, 0.000, 0.004
1559253058.402;502;0.004;0.004, 0.000, 0.000, 0.000
1559253058.403;502;0.001;0.000, 0.004, 0.000, 0.000
1559253058.407;502;0.002;0.000, 0.000, 0.000, 0.000
1559253058.413;502;0.006;0.000, 0.004, 0.000, 0.000
1559253058.416;502;0.003;0.000, 0.004, 0.000, 0.000
1559253058.418;502;0.001;0.000, 0.000, 0.000, 0.000
1559253058.422;502;0.004;0.004, 0.000, 0.000, 0.000
1559253058.425;502;0.002;0.000, 0.000, 0.000, 0.000
1559253058.427;502;0.001;0.000, 0.000, 0.004, 0.000
1559253058.430;502;0.002;0.000, 0.000, 0.000, 0.000
1559253058.434;502;0.003;0.004, 0.000, 0.000, 0.000
1559253058.436;502;0.001;0.004, 0.000, 0.000, 0.000
1559253058.440;502;0.003;0.004, 0.000, 0.000, 0.000
1559253058.442;502;0.002;0.000, 0.000, 0.000, 0.000
1559253058.446;502;0.004;0.004, 0.000, 0.000, 0.000
1559253058.448;502;0.001;0.004, 0.000, 0.000, 0.000
1559253058.450;502;0.001;0.000, 0.000, 0.000, 0.000
1559253058.452;502;0.001;0.004, 0.000, 0.000, 0.000
1559253058.455;502;0.002;0.000, 0.000, 0.000, 0.000
1559253058.459;502;0.004;0.000, 0.000, 0.000, 0.000
1559253058.462;502;0.003;0.000, 0.000, 0.000, 0.000
1559253058.464;502;0.001;0.004, 0.000, 0.000, 0.000
1559253058.466;502;0.001;0.000, 0.000, 0.000, 0.000
1559253058.469;502;0.002;0.004, 0.000, 0.000, 0.000
1559253058.472;502;0.002;0.000, 0.004, 0.000, 0.000
1559253058.475;502;0.001;0.000, 0.000, 0.004, 0.000
1559253058.479;502;0.002;0.000, 0.000, 0.000, 0.004
1559253058.484;502;0.005;0.000, 0.004, 0.000, 0.000
1559253058.486;502;0.002;0.000, 0.000, 0.000, 0.000
1559253058.489;502;0.002;0.000, 0.000, 0.000, 0.000
1559253058.491;502;0.002;0.000, 0.000, 0.000, 0.004
1559253058.493;502;0.002;0.000, 0.000, 0.000, 0.000
1559253058.495;502;0.001;0.000, 0.000, 0.004, 0.000
1559253058.499;502;0.002;0.000, 0.000, 0.000, 0.004
1559253058.501;502;0.002;0.000, 0.000, 0.000, 0.000
1559253058.503;502;0.001;0.000, 0.000, 0.004, 0.000
1559253058.508;502;0.002;0.000, 0.004, 0.000, 0.000
1559253058.510;502;0.001;0.000, 0.000, 0.000, 0.000
