[OVERALL], RunTime(ms), 1149104
[OVERALL], Throughput(ops/sec), 1.305364875590025
[TOTAL_GCS_G1_Young_Generation], Count, 6
[TOTAL_GC_TIME_G1_Young_Generation], Time(ms), 92
[TOTAL_GC_TIME_%_G1_Young_Generation], Time(%), 0.00800623790361882
[TOTAL_GCS_G1_Old_Generation], Count, 0
[TOTAL_GC_TIME_G1_Old_Generation], Time(ms), 0
[TOTAL_GC_TIME_%_G1_Old_Generation], Time(%), 0.0
[TOTAL_GCs], Count, 6
[TOTAL_GC_TIME], Time(ms), 92
[TOTAL_GC_TIME_%], Time(%), 0.00800623790361882
[READ], Operations, 1496
[READ], AverageLatency(us), 767546.8663101604
[READ], MinLatency(us), 607232
[READ], MaxLatency(us), 920575
[READ], 95thPercentileLatency(us), 844799
[READ], 99thPercentileLatency(us), 866815
[READ], Return=OK, 1496
[READ], Return=SERVICE_UNAVAILABLE, 4
[CLEANUP], Operations, 1
[CLEANUP], AverageLatency(us), 4.0
[CLEANUP], MinLatency(us), 4
[CLEANUP], MaxLatency(us), 4
[CLEANUP], 95thPercentileLatency(us), 4
[CLEANUP], 99thPercentileLatency(us), 4
[READ-FAILED], Operations, 4
[READ-FAILED], AverageLatency(us), 6548.5
[READ-FAILED], MinLatency(us), 4676
[READ-FAILED], MaxLatency(us), 8231
[READ-FAILED], 95thPercentileLatency(us), 8231
[READ-FAILED], 99thPercentileLatency(us), 8231
