[WARN]  Running against a source checkout. In order to get our runtime dependencies we'll have to invoke Maven. Depending on the state of your system, this may take ~30-45 seconds
[DEBUG]  Running 'mvn -pl com.yahoo.ycsb:rest-binding -am package -DskipTests dependency:build-classpath -DincludeScope=compile -Dmdep.outputFilterFile=true'
WARNING: An illegal reflective access operation has occurred
WARNING: Illegal reflective access by com.google.inject.internal.cglib.core.$ReflectUtils$1 (file:/usr/share/maven/lib/guice.jar) to method java.lang.ClassLoader.defineClass(java.lang.String,byte[],int,int,java.security.ProtectionDomain)
WARNING: Please consider reporting this to the maintainers of com.google.inject.internal.cglib.core.$ReflectUtils$1
WARNING: Use --illegal-access=warn to enable warnings of further illegal reflective access operations
WARNING: All illegal access operations will be denied in a future release
java -cp /home/ubuntu/YCSB/rest/conf:/home/ubuntu/YCSB/rest/target/rest-binding-0.16.0-SNAPSHOT.jar:/home/ubuntu/.m2/repository/org/hdrhistogram/HdrHistogram/2.1.4/HdrHistogram-2.1.4.jar:/home/ubuntu/.m2/repository/org/glassfish/hk2/external/javax.inject/2.2.0/javax.inject-2.2.0.jar:/home/ubuntu/.m2/repository/com/github/stefanbirkner/system-rules/1.16.0/system-rules-1.16.0.jar:/home/ubuntu/.m2/repository/org/codehaus/jackson/jackson-core-asl/1.9.4/jackson-core-asl-1.9.4.jar:/home/ubuntu/.m2/repository/org/glassfish/jersey/core/jersey-server/2.6/jersey-server-2.6.jar:/home/ubuntu/YCSB/core/target/core-0.16.0-SNAPSHOT.jar:/home/ubuntu/.m2/repository/org/glassfish/hk2/hk2-api/2.2.0/hk2-api-2.2.0.jar:/home/ubuntu/.m2/repository/javax/ws/rs/javax.ws.rs-api/2.0/javax.ws.rs-api-2.0.jar:/home/ubuntu/.m2/repository/org/glassfish/hk2/hk2-locator/2.2.0/hk2-locator-2.2.0.jar:/home/ubuntu/.m2/repository/org/eclipse/jdt/core/compiler/ecj/4.4.2/ecj-4.4.2.jar:/home/ubuntu/.m2/repository/org/codehaus/jackson/jackson-mapper-asl/1.9.4/jackson-mapper-asl-1.9.4.jar:/home/ubuntu/.m2/repository/org/glassfish/jersey/bundles/repackaged/jersey-guava/2.6/jersey-guava-2.6.jar:/home/ubuntu/.m2/repository/org/glassfish/hk2/external/aopalliance-repackaged/2.2.0/aopalliance-repackaged-2.2.0.jar:/home/ubuntu/.m2/repository/org/javassist/javassist/3.18.1-GA/javassist-3.18.1-GA.jar:/home/ubuntu/.m2/repository/javax/annotation/javax.annotation-api/1.2/javax.annotation-api-1.2.jar:/home/ubuntu/.m2/repository/org/apache/htrace/htrace-core4/4.1.0-incubating/htrace-core4-4.1.0-incubating.jar:/home/ubuntu/.m2/repository/org/apache/tomcat/embed/tomcat-embed-logging-log4j/8.0.28/tomcat-embed-logging-log4j-8.0.28.jar:/home/ubuntu/.m2/repository/org/apache/tomcat/embed/tomcat-embed-el/8.0.28/tomcat-embed-el-8.0.28.jar:/home/ubuntu/.m2/repository/org/apache/tomcat/embed/tomcat-embed-logging-juli/8.0.28/tomcat-embed-logging-juli-8.0.28.jar:/home/ubuntu/.m2/repository/org/apache/tomcat/embed/tomcat-embed-core/8.0.28/tomcat-embed-core-8.0.28.jar:/home/ubuntu/.m2/repository/org/glassfish/hk2/osgi-resource-locator/1.0.1/osgi-resource-locator-1.0.1.jar:/home/ubuntu/.m2/repository/commons-codec/commons-codec/1.9/commons-codec-1.9.jar:/home/ubuntu/.m2/repository/org/glassfish/jersey/core/jersey-client/2.6/jersey-client-2.6.jar:/home/ubuntu/.m2/repository/org/apache/tomcat/embed/tomcat-embed-websocket/8.0.28/tomcat-embed-websocket-8.0.28.jar:/home/ubuntu/.m2/repository/commons-logging/commons-logging/1.2/commons-logging-1.2.jar:/home/ubuntu/.m2/repository/org/glassfish/hk2/hk2-utils/2.2.0/hk2-utils-2.2.0.jar:/home/ubuntu/.m2/repository/javax/validation/validation-api/1.1.0.Final/validation-api-1.1.0.Final.jar:/home/ubuntu/.m2/repository/org/apache/httpcomponents/httpclient/4.5.1/httpclient-4.5.1.jar:/home/ubuntu/.m2/repository/org/apache/tomcat/tomcat-dbcp/8.0.28/tomcat-dbcp-8.0.28.jar:/home/ubuntu/.m2/repository/org/glassfish/jersey/containers/jersey-container-servlet-core/2.6/jersey-container-servlet-core-2.6.jar:/home/ubuntu/.m2/repository/org/apache/tomcat/embed/tomcat-embed-jasper/8.0.28/tomcat-embed-jasper-8.0.28.jar:/home/ubuntu/.m2/repository/org/glassfish/jersey/core/jersey-common/2.6/jersey-common-2.6.jar:/home/ubuntu/.m2/repository/org/apache/httpcomponents/httpcore/4.4.4/httpcore-4.4.4.jar com.yahoo.ycsb.Client -db com.yahoo.ycsb.webservice.rest.RestClient -s -P workloads/rest_workload -t
Command line: -db com.yahoo.ycsb.webservice.rest.RestClient -s -P workloads/rest_workload -t
YCSB Client 0.16.0-SNAPSHOT

Loading workload...
Starting test.
2019-05-20 20:24:33:269 0 sec: 0 operations; est completion in 0 second 
DBWrapper: report latency for each error is false and specific error codes to track for latency are: []
2019-05-20 20:24:43:205 10 sec: 12 operations; 1.2 current ops/sec; est completion in 27 minutes [READ: Count=12, Max=838655, Min=705024, Avg=774400, 90=836095, 99=838655, 99.9=838655, 99.99=838655] 
2019-05-20 20:24:53:202 20 sec: 25 operations; 1.3 current ops/sec; est completion in 26 minutes [READ: Count=13, Max=819711, Min=723456, Avg=759000.62, 90=816639, 99=819711, 99.9=819711, 99.99=819711] 
2019-05-20 20:25:03:203 30 sec: 38 operations; 1.3 current ops/sec; est completion in 25 minutes [READ: Count=13, Max=848383, Min=690176, Avg=756558.77, 90=834047, 99=848383, 99.9=848383, 99.99=848383] 
2019-05-20 20:25:13:202 40 sec: 52 operations; 1.4 current ops/sec; est completion in 24 minutes [READ: Count=14, Max=817663, Min=709120, Avg=750080, 90=812543, 99=817663, 99.9=817663, 99.99=817663] 
2019-05-20 20:25:23:204 50 sec: 65 operations; 1.3 current ops/sec; est completion in 24 minutes [READ: Count=13, Max=852479, Min=693760, Avg=758724.92, 90=817663, 99=852479, 99.9=852479, 99.99=852479] 
2019-05-20 20:25:33:203 60 sec: 78 operations; 1.3 current ops/sec; est completion in 24 minutes [READ: Count=13, Max=879615, Min=708096, Avg=768571.08, 90=858111, 99=879615, 99.9=879615, 99.99=879615] 
2019-05-20 20:25:43:203 70 sec: 91 operations; 1.3 current ops/sec; est completion in 24 minutes [READ: Count=13, Max=838655, Min=710656, Avg=763451.08, 90=814591, 99=838655, 99.9=838655, 99.99=838655] 
2019-05-20 20:25:53:205 80 sec: 104 operations; 1.3 current ops/sec; est completion in 24 minutes [READ: Count=13, Max=826879, Min=716800, Avg=763844.92, 90=796159, 99=826879, 99.9=826879, 99.99=826879] 
2019-05-20 20:26:03:203 90 sec: 117 operations; 1.3 current ops/sec; est completion in 24 minutes [READ: Count=13, Max=808447, Min=714752, Avg=753526.15, 90=804351, 99=808447, 99.9=808447, 99.99=808447] 
2019-05-20 20:26:13:203 100 sec: 130 operations; 1.3 current ops/sec; est completion in 23 minutes [READ: Count=13, Max=851967, Min=703488, Avg=759670.15, 90=842239, 99=851967, 99.9=851967, 99.99=851967] 
2019-05-20 20:26:23:204 110 sec: 143 operations; 1.3 current ops/sec; est completion in 23 minutes [READ: Count=13, Max=817151, Min=706560, Avg=756243.69, 90=802303, 99=817151, 99.9=817151, 99.99=817151] 
2019-05-20 20:26:33:202 120 sec: 157 operations; 1.4 current ops/sec; est completion in 23 minutes [READ: Count=14, Max=846335, Min=707072, Avg=763684.57, 90=821759, 99=846335, 99.9=846335, 99.99=846335] 
2019-05-20 20:26:43:204 130 sec: 170 operations; 1.3 current ops/sec; est completion in 23 minutes [READ: Count=13, Max=820223, Min=698880, Avg=763293.54, 90=805887, 99=820223, 99.9=820223, 99.99=820223] 
2019-05-20 20:26:53:203 140 sec: 183 operations; 1.3 current ops/sec; est completion in 23 minutes [READ: Count=13, Max=814591, Min=695808, Avg=759473.23, 90=795647, 99=814591, 99.9=814591, 99.99=814591] 
2019-05-20 20:27:03:203 150 sec: 196 operations; 1.3 current ops/sec; est completion in 23 minutes [READ: Count=13, Max=847871, Min=694272, Avg=758764.31, 90=807423, 99=847871, 99.9=847871, 99.99=847871] 
2019-05-20 20:27:13:202 160 sec: 209 operations; 1.3 current ops/sec; est completion in 22 minutes [READ: Count=13, Max=819199, Min=708096, Avg=756007.38, 90=814591, 99=819199, 99.9=819199, 99.99=819199] 
2019-05-20 20:27:23:203 170 sec: 223 operations; 1.4 current ops/sec; est completion in 22 minutes [READ: Count=14, Max=813055, Min=700416, Avg=752091.43, 90=807935, 99=813055, 99.9=813055, 99.99=813055] 
2019-05-20 20:27:33:202 180 sec: 236 operations; 1.3 current ops/sec; est completion in 22 minutes [READ: Count=13, Max=868351, Min=705024, Avg=767901.54, 90=840703, 99=868351, 99.9=868351, 99.99=868351] 
2019-05-20 20:27:43:202 190 sec: 249 operations; 1.3 current ops/sec; est completion in 22 minutes [READ: Count=13, Max=797695, Min=702464, Avg=754235.08, 90=797183, 99=797695, 99.9=797695, 99.99=797695] 
2019-05-20 20:27:53:204 200 sec: 262 operations; 1.3 current ops/sec; est completion in 22 minutes [READ: Count=13, Max=852479, Min=717312, Avg=760654.77, 90=801279, 99=852479, 99.9=852479, 99.99=852479] 
2019-05-20 20:28:03:202 210 sec: 275 operations; 1.3 current ops/sec; est completion in 21 minutes [READ: Count=13, Max=834047, Min=709632, Avg=765499.08, 90=819711, 99=834047, 99.9=834047, 99.99=834047] 
2019-05-20 20:28:13:202 220 sec: 288 operations; 1.3 current ops/sec; est completion in 21 minutes [READ: Count=13, Max=812031, Min=710656, Avg=760379.08, 90=811007, 99=812031, 99.9=812031, 99.99=812031] 
2019-05-20 20:28:23:204 230 sec: 302 operations; 1.4 current ops/sec; est completion in 21 minutes [READ: Count=14, Max=864255, Min=671744, Avg=749312, 90=822783, 99=864255, 99.9=864255, 99.99=864255] 
2019-05-20 20:28:33:202 240 sec: 315 operations; 1.3 current ops/sec; est completion in 21 minutes [READ: Count=13, Max=873983, Min=702976, Avg=766877.54, 90=813567, 99=873983, 99.9=873983, 99.99=873983] 
2019-05-20 20:28:43:203 250 sec: 328 operations; 1.3 current ops/sec; est completion in 21 minutes [READ: Count=13, Max=841727, Min=731136, Avg=767468.31, 90=817663, 99=841727, 99.9=841727, 99.99=841727] 
2019-05-20 20:28:53:204 260 sec: 341 operations; 1.3 current ops/sec; est completion in 21 minutes [READ: Count=13, Max=873983, Min=703488, Avg=757504, 90=839679, 99=873983, 99.9=873983, 99.99=873983] 
2019-05-20 20:29:03:202 270 sec: 354 operations; 1.3 current ops/sec; est completion in 20 minutes [READ: Count=13, Max=848895, Min=639488, Avg=754944, 90=834559, 99=848895, 99.9=848895, 99.99=848895] 
2019-05-20 20:29:13:203 280 sec: 367 operations; 1.3 current ops/sec; est completion in 20 minutes [READ: Count=13, Max=819711, Min=702976, Avg=759079.38, 90=809983, 99=819711, 99.9=819711, 99.99=819711] 
2019-05-20 20:29:23:205 290 sec: 380 operations; 1.3 current ops/sec; est completion in 20 minutes [READ: Count=13, Max=855039, Min=716800, Avg=769476.92, 90=821247, 99=855039, 99.9=855039, 99.99=855039] 
2019-05-20 20:29:33:202 300 sec: 393 operations; 1.3 current ops/sec; est completion in 20 minutes [READ: Count=13, Max=837119, Min=704000, Avg=761284.92, 90=828415, 99=837119, 99.9=837119, 99.99=837119] 
2019-05-20 20:29:43:203 310 sec: 407 operations; 1.4 current ops/sec; est completion in 20 minutes [READ: Count=14, Max=804863, Min=689152, Avg=756224, 90=803839, 99=804863, 99.9=804863, 99.99=804863] 
2019-05-20 20:29:53:204 320 sec: 420 operations; 1.3 current ops/sec; est completion in 20 minutes [READ: Count=13, Max=839679, Min=711680, Avg=767468.31, 90=816639, 99=839679, 99.9=839679, 99.99=839679] 
2019-05-20 20:30:03:202 330 sec: 433 operations; 1.3 current ops/sec; est completion in 19 minutes [READ: Count=13, Max=833535, Min=720384, Avg=766168.62, 90=821247, 99=833535, 99.9=833535, 99.99=833535] 
2019-05-20 20:30:13:204 340 sec: 446 operations; 1.3 current ops/sec; est completion in 19 minutes [READ: Count=13, Max=828415, Min=695808, Avg=750139.08, 90=788991, 99=828415, 99.9=828415, 99.99=828415] 
2019-05-20 20:30:23:204 350 sec: 459 operations; 1.3 current ops/sec; est completion in 19 minutes [READ: Count=13, Max=833023, Min=711680, Avg=765144.62, 90=821759, 99=833023, 99.9=833023, 99.99=833023] 
2019-05-20 20:30:33:202 360 sec: 472 operations; 1.3 current ops/sec; est completion in 19 minutes [READ: Count=13, Max=882687, Min=717312, Avg=772667.08, 90=840703, 99=882687, 99.9=882687, 99.99=882687] 
2019-05-20 20:30:43:202 370 sec: 485 operations; 1.3 current ops/sec; est completion in 19 minutes [READ: Count=13, Max=808447, Min=728576, Avg=765971.69, 90=803839, 99=808447, 99.9=808447, 99.99=808447] 
2019-05-20 20:30:53:203 380 sec: 498 operations; 1.3 current ops/sec; est completion in 19 minutes [READ: Count=13, Max=823295, Min=720384, Avg=758882.46, 90=809471, 99=823295, 99.9=823295, 99.99=823295] 
2019-05-20 20:31:03:203 390 sec: 511 operations; 1.3 current ops/sec; est completion in 18 minutes [READ: Count=13, Max=845823, Min=714752, Avg=769240.62, 90=821759, 99=845823, 99.9=845823, 99.99=845823] 
2019-05-20 20:31:13:202 400 sec: 524 operations; 1.3 current ops/sec; est completion in 18 minutes [READ: Count=13, Max=831999, Min=716288, Avg=766601.85, 90=830975, 99=831999, 99.9=831999, 99.99=831999] 
2019-05-20 20:31:23:204 410 sec: 537 operations; 1.3 current ops/sec; est completion in 18 minutes [READ: Count=13, Max=858623, Min=699904, Avg=766168.62, 90=826879, 99=858623, 99.9=858623, 99.99=858623] 
2019-05-20 20:31:33:203 420 sec: 550 operations; 1.3 current ops/sec; est completion in 18 minutes [READ: Count=13, Max=908799, Min=696832, Avg=759512.62, 90=812031, 99=908799, 99.9=908799, 99.99=908799] 
2019-05-20 20:31:43:203 430 sec: 564 operations; 1.4 current ops/sec; est completion in 18 minutes [READ: Count=14, Max=814079, Min=714240, Avg=761563.43, 90=810495, 99=814079, 99.9=814079, 99.99=814079] 
2019-05-20 20:31:53:204 440 sec: 577 operations; 1.3 current ops/sec; est completion in 18 minutes [READ: Count=13, Max=842239, Min=704000, Avg=758882.46, 90=824319, 99=842239, 99.9=842239, 99.99=842239] 
2019-05-20 20:32:03:202 450 sec: 590 operations; 1.3 current ops/sec; est completion in 17 minutes [READ: Count=13, Max=831999, Min=696832, Avg=756125.54, 90=822271, 99=831999, 99.9=831999, 99.99=831999] 
2019-05-20 20:32:13:202 460 sec: 603 operations; 1.3 current ops/sec; est completion in 17 minutes [READ: Count=13, Max=808959, Min=705536, Avg=759040, 90=800255, 99=808959, 99.9=808959, 99.99=808959] 
2019-05-20 20:32:23:203 470 sec: 616 operations; 1.3 current ops/sec; est completion in 17 minutes [READ: Count=13, Max=835071, Min=736256, Avg=770894.77, 90=830463, 99=835071, 99.9=835071, 99.99=835071] 
2019-05-20 20:32:33:202 480 sec: 629 operations; 1.3 current ops/sec; est completion in 17 minutes [READ: Count=13, Max=842751, Min=700416, Avg=764396.31, 90=836607, 99=842751, 99.9=842751, 99.99=842751] 
2019-05-20 20:32:43:202 490 sec: 642 operations; 1.3 current ops/sec; est completion in 17 minutes [READ: Count=13, Max=818175, Min=707584, Avg=763844.92, 90=812031, 99=818175, 99.9=818175, 99.99=818175] 
2019-05-20 20:32:53:206 500 sec: 655 operations; 1.3 current ops/sec; est completion in 17 minutes [READ: Count=13, Max=850943, Min=696832, Avg=755219.69, 90=821759, 99=850943, 99.9=850943, 99.99=850943] 
2019-05-20 20:33:03:202 510 sec: 668 operations; 1.3 current ops/sec; est completion in 16 minutes [READ: Count=13, Max=840191, Min=709120, Avg=773179.08, 90=822783, 99=840191, 99.9=840191, 99.99=840191] 
2019-05-20 20:33:13:202 520 sec: 681 operations; 1.3 current ops/sec; est completion in 16 minutes [READ: Count=13, Max=855039, Min=715776, Avg=768256, 90=818687, 99=855039, 99.9=855039, 99.99=855039] 
2019-05-20 20:33:23:203 530 sec: 695 operations; 1.4 current ops/sec; est completion in 16 minutes [READ: Count=14, Max=848383, Min=701952, Avg=758710.86, 90=837119, 99=848383, 99.9=848383, 99.99=848383] 
2019-05-20 20:33:33:202 540 sec: 707 operations; 1.2 current ops/sec; est completion in 16 minutes [READ: Count=12, Max=871935, Min=713216, Avg=777728, 90=851455, 99=871935, 99.9=871935, 99.99=871935] 
2019-05-20 20:33:43:202 550 sec: 720 operations; 1.3 current ops/sec; est completion in 16 minutes [READ: Count=13, Max=909823, Min=724480, Avg=793068.31, 90=868351, 99=909823, 99.9=909823, 99.99=909823] 
2019-05-20 20:33:53:203 560 sec: 733 operations; 1.3 current ops/sec; est completion in 16 minutes [READ: Count=13, Max=846335, Min=713728, Avg=764081.23, 90=837119, 99=846335, 99.9=846335, 99.99=846335] 
2019-05-20 20:34:03:204 570 sec: 746 operations; 1.3 current ops/sec; est completion in 15 minutes [READ: Count=13, Max=848383, Min=706048, Avg=754471.38, 90=829439, 99=848383, 99.9=848383, 99.99=848383] 
2019-05-20 20:34:13:202 580 sec: 759 operations; 1.3 current ops/sec; est completion in 15 minutes [READ: Count=13, Max=823807, Min=704000, Avg=763726.77, 90=811519, 99=823807, 99.9=823807, 99.99=823807] 
2019-05-20 20:34:23:204 590 sec: 772 operations; 1.3 current ops/sec; est completion in 15 minutes [READ: Count=13, Max=882687, Min=698368, Avg=772076.31, 90=834559, 99=882687, 99.9=882687, 99.99=882687] 
2019-05-20 20:34:33:202 600 sec: 786 operations; 1.4 current ops/sec; est completion in 15 minutes [READ: Count=14, Max=840703, Min=682496, Avg=746459.43, 90=820735, 99=840703, 99.9=840703, 99.99=840703] 
2019-05-20 20:34:43:203 610 sec: 799 operations; 1.3 current ops/sec; est completion in 15 minutes [READ: Count=13, Max=839167, Min=696832, Avg=762899.69, 90=821247, 99=839167, 99.9=839167, 99.99=839167] 
2019-05-20 20:34:53:204 620 sec: 812 operations; 1.3 current ops/sec; est completion in 15 minutes [READ: Count=13, Max=839679, Min=672768, Avg=766877.54, 90=837631, 99=839679, 99.9=839679, 99.99=839679] 
2019-05-20 20:35:03:202 630 sec: 825 operations; 1.3 current ops/sec; est completion in 14 minutes [READ: Count=13, Max=840191, Min=711168, Avg=764081.23, 90=812031, 99=840191, 99.9=840191, 99.99=840191] 
2019-05-20 20:35:13:202 640 sec: 838 operations; 1.3 current ops/sec; est completion in 14 minutes [READ: Count=13, Max=826879, Min=712704, Avg=759118.77, 90=819199, 99=826879, 99.9=826879, 99.99=826879] 
2019-05-20 20:35:23:203 650 sec: 851 operations; 1.3 current ops/sec; est completion in 14 minutes [READ: Count=13, Max=866303, Min=715776, Avg=766995.69, 90=839679, 99=866303, 99.9=866303, 99.99=866303] 
2019-05-20 20:35:33:202 660 sec: 864 operations; 1.3 current ops/sec; est completion in 14 minutes [READ: Count=13, Max=849407, Min=718336, Avg=762899.69, 90=848895, 99=849407, 99.9=849407, 99.99=849407] 
2019-05-20 20:35:43:202 670 sec: 877 operations; 1.3 current ops/sec; est completion in 14 minutes [READ: Count=13, Max=902143, Min=703488, Avg=765420.31, 90=846847, 99=902143, 99.9=902143, 99.99=902143] 
2019-05-20 20:35:53:203 680 sec: 891 operations; 1.4 current ops/sec; est completion in 14 minutes [READ: Count=14, Max=851455, Min=703488, Avg=764269.71, 90=849407, 99=851455, 99.9=851455, 99.99=851455] 
2019-05-20 20:36:03:203 690 sec: 904 operations; 1.3 current ops/sec; est completion in 13 minutes [READ: Count=13, Max=861695, Min=709632, Avg=766601.85, 90=836607, 99=861695, 99.9=861695, 99.99=861695] 
2019-05-20 20:36:13:202 700 sec: 917 operations; 1.3 current ops/sec; est completion in 13 minutes [READ: Count=13, Max=833535, Min=696320, Avg=762624, 90=796671, 99=833535, 99.9=833535, 99.99=833535] 
2019-05-20 20:36:23:204 710 sec: 930 operations; 1.3 current ops/sec; est completion in 13 minutes [READ: Count=13, Max=848895, Min=683520, Avg=757543.38, 90=843775, 99=848895, 99.9=848895, 99.99=848895] 
2019-05-20 20:36:33:202 720 sec: 943 operations; 1.3 current ops/sec; est completion in 13 minutes [READ: Count=13, Max=848895, Min=695808, Avg=763844.92, 90=839679, 99=848895, 99.9=848895, 99.99=848895] 
2019-05-20 20:36:43:202 730 sec: 956 operations; 1.3 current ops/sec; est completion in 13 minutes [READ: Count=13, Max=858623, Min=704000, Avg=763490.46, 90=841215, 99=858623, 99.9=858623, 99.99=858623] 
2019-05-20 20:36:53:204 740 sec: 969 operations; 1.3 current ops/sec; est completion in 13 minutes [READ: Count=13, Max=836607, Min=717312, Avg=767035.08, 90=823807, 99=836607, 99.9=836607, 99.99=836607] 
2019-05-20 20:37:03:202 750 sec: 982 operations; 1.3 current ops/sec; est completion in 12 minutes [READ: Count=13, Max=889855, Min=667648, Avg=766680.62, 90=847871, 99=889855, 99.9=889855, 99.99=889855] 
2019-05-20 20:37:13:202 760 sec: 995 operations; 1.3 current ops/sec; est completion in 12 minutes [READ: Count=13, Max=829951, Min=688128, Avg=758724.92, 90=820223, 99=829951, 99.9=829951, 99.99=829951] 
2019-05-20 20:37:23:205 770 sec: 1008 operations; 1.3 current ops/sec; est completion in 12 minutes [READ: Count=13, Max=854015, Min=716288, Avg=768689.23, 90=831999, 99=854015, 99.9=854015, 99.99=854015] 
2019-05-20 20:37:33:202 780 sec: 1022 operations; 1.4 current ops/sec; est completion in 12 minutes [READ: Count=14, Max=833535, Min=701952, Avg=752420.57, 90=830463, 99=833535, 99.9=833535, 99.99=833535] 
2019-05-20 20:37:43:202 790 sec: 1035 operations; 1.3 current ops/sec; est completion in 12 minutes [READ: Count=13, Max=888831, Min=729088, Avg=763017.85, 90=811519, 99=888831, 99.9=888831, 99.99=888831] 
2019-05-20 20:37:53:203 800 sec: 1048 operations; 1.3 current ops/sec; est completion in 12 minutes [READ: Count=13, Max=878079, Min=692224, Avg=765892.92, 90=842239, 99=878079, 99.9=878079, 99.99=878079] 
2019-05-20 20:38:03:202 810 sec: 1061 operations; 1.3 current ops/sec; est completion in 11 minutes [READ: Count=13, Max=838655, Min=693760, Avg=751123.69, 90=825855, 99=838655, 99.9=838655, 99.99=838655] 
2019-05-20 20:38:13:202 820 sec: 1074 operations; 1.3 current ops/sec; est completion in 11 minutes [READ: Count=13, Max=836607, Min=691712, Avg=751872, 90=805375, 99=836607, 99.9=836607, 99.99=836607] 
2019-05-20 20:38:23:203 830 sec: 1087 operations; 1.3 current ops/sec; est completion in 11 minutes [READ: Count=13, Max=825855, Min=704512, Avg=758055.38, 90=818687, 99=825855, 99.9=825855, 99.99=825855] 
2019-05-20 20:38:33:202 840 sec: 1100 operations; 1.3 current ops/sec; est completion in 11 minutes [READ: Count=13, Max=867327, Min=714752, Avg=775581.54, 90=845823, 99=867327, 99.9=867327, 99.99=867327] 
2019-05-20 20:38:43:202 850 sec: 1114 operations; 1.4 current ops/sec; est completion in 11 minutes [READ: Count=14, Max=837119, Min=645632, Avg=751433.14, 90=826879, 99=837119, 99.9=837119, 99.99=837119] 
2019-05-20 20:38:53:203 860 sec: 1127 operations; 1.3 current ops/sec; est completion in 11 minutes [READ: Count=13, Max=818687, Min=695296, Avg=751320.62, 90=811007, 99=818687, 99.9=818687, 99.99=818687] 
2019-05-20 20:39:03:202 870 sec: 1140 operations; 1.3 current ops/sec; est completion in 10 minutes [READ: Count=13, Max=854015, Min=704000, Avg=762781.54, 90=844799, 99=854015, 99.9=854015, 99.99=854015] 
2019-05-20 20:39:13:202 880 sec: 1153 operations; 1.3 current ops/sec; est completion in 10 minutes [READ: Count=13, Max=841727, Min=718848, Avg=762230.15, 90=809471, 99=841727, 99.9=841727, 99.99=841727] 
2019-05-20 20:39:23:203 890 sec: 1166 operations; 1.3 current ops/sec; est completion in 10 minutes [READ: Count=13, Max=829951, Min=704512, Avg=763923.69, 90=807423, 99=829951, 99.9=829951, 99.99=829951] 
2019-05-20 20:39:33:202 900 sec: 1179 operations; 1.3 current ops/sec; est completion in 10 minutes [READ: Count=13, Max=859135, Min=693760, Avg=760064, 90=806911, 99=859135, 99.9=859135, 99.99=859135] 
2019-05-20 20:39:43:202 910 sec: 1192 operations; 1.3 current ops/sec; est completion in 10 minutes [READ: Count=13, Max=892927, Min=716288, Avg=770500.92, 90=868863, 99=892927, 99.9=892927, 99.99=892927] 
2019-05-20 20:39:53:203 920 sec: 1206 operations; 1.4 current ops/sec; est completion in 10 minutes [READ: Count=14, Max=844287, Min=676864, Avg=747849.14, 90=836095, 99=844287, 99.9=844287, 99.99=844287] 
2019-05-20 20:40:03:202 930 sec: 1219 operations; 1.3 current ops/sec; est completion in 9 minutes [READ: Count=13, Max=829439, Min=709120, Avg=744979.69, 90=812543, 99=829439, 99.9=829439, 99.99=829439] 
2019-05-20 20:40:13:202 940 sec: 1232 operations; 1.3 current ops/sec; est completion in 9 minutes [READ: Count=13, Max=859135, Min=718848, Avg=778180.92, 90=835583, 99=859135, 99.9=859135, 99.99=859135] 
2019-05-20 20:40:23:203 950 sec: 1245 operations; 1.3 current ops/sec; est completion in 9 minutes [READ: Count=13, Max=828927, Min=697856, Avg=759985.23, 90=827903, 99=828927, 99.9=828927, 99.99=828927] 
2019-05-20 20:40:33:202 960 sec: 1258 operations; 1.3 current ops/sec; est completion in 9 minutes [READ: Count=13, Max=826367, Min=694272, Avg=761678.77, 90=818175, 99=826367, 99.9=826367, 99.99=826367] 
2019-05-20 20:40:43:202 970 sec: 1272 operations; 1.4 current ops/sec; est completion in 9 minutes [READ: Count=14, Max=835071, Min=690176, Avg=759588.57, 90=814079, 99=835071, 99.9=835071, 99.99=835071] 
2019-05-20 20:40:53:204 980 sec: 1285 operations; 1.3 current ops/sec; est completion in 9 minutes [READ: Count=13, Max=821759, Min=713216, Avg=763569.23, 90=817151, 99=821759, 99.9=821759, 99.99=821759] 
2019-05-20 20:41:03:202 990 sec: 1298 operations; 1.3 current ops/sec; est completion in 8 minutes [READ: Count=13, Max=847871, Min=720896, Avg=764750.77, 90=806911, 99=847871, 99.9=847871, 99.99=847871] 
2019-05-20 20:41:13:203 1000 sec: 1311 operations; 1.3 current ops/sec; est completion in 8 minutes [READ: Count=13, Max=829439, Min=738816, Avg=767822.77, 90=796159, 99=829439, 99.9=829439, 99.99=829439] 
2019-05-20 20:41:23:203 1010 sec: 1324 operations; 1.3 current ops/sec; est completion in 8 minutes [READ: Count=13, Max=827391, Min=719872, Avg=769398.15, 90=814591, 99=827391, 99.9=827391, 99.99=827391] 
2019-05-20 20:41:33:202 1020 sec: 1337 operations; 1.3 current ops/sec; est completion in 8 minutes [READ: Count=13, Max=833535, Min=727040, Avg=770028.31, 90=806911, 99=833535, 99.9=833535, 99.99=833535] 
2019-05-20 20:41:43:202 1030 sec: 1350 operations; 1.3 current ops/sec; est completion in 8 minutes [READ: Count=13, Max=814079, Min=710656, Avg=757188.92, 90=810495, 99=814079, 99.9=814079, 99.99=814079] 
2019-05-20 20:41:53:203 1040 sec: 1363 operations; 1.3 current ops/sec; est completion in 8 minutes [READ: Count=13, Max=828415, Min=680960, Avg=754825.85, 90=827391, 99=828415, 99.9=828415, 99.99=828415] 
2019-05-20 20:42:03:202 1050 sec: 1376 operations; 1.3 current ops/sec; est completion in 7 minutes [READ: Count=13, Max=831487, Min=717824, Avg=770658.46, 90=827391, 99=831487, 99.9=831487, 99.99=831487] 
2019-05-20 20:42:13:203 1060 sec: 1389 operations; 1.3 current ops/sec; est completion in 7 minutes [READ: Count=13, Max=805887, Min=730624, Avg=760497.23, 90=799743, 99=805887, 99.9=805887, 99.99=805887] 
2019-05-20 20:42:23:204 1070 sec: 1402 operations; 1.3 current ops/sec; est completion in 7 minutes [READ: Count=13, Max=820735, Min=716800, Avg=760615.38, 90=807935, 99=820735, 99.9=820735, 99.99=820735] 
2019-05-20 20:42:33:202 1080 sec: 1415 operations; 1.3 current ops/sec; est completion in 7 minutes [READ: Count=13, Max=827903, Min=731136, Avg=769161.85, 90=815103, 99=827903, 99.9=827903, 99.99=827903] 
2019-05-20 20:42:43:202 1090 sec: 1429 operations; 1.4 current ops/sec; est completion in 7 minutes [READ: Count=14, Max=826367, Min=708096, Avg=763684.57, 90=808959, 99=826367, 99.9=826367, 99.99=826367] 
2019-05-20 20:42:53:203 1100 sec: 1442 operations; 1.3 current ops/sec; est completion in 7 minutes [READ: Count=13, Max=875519, Min=700928, Avg=764514.46, 90=839679, 99=875519, 99.9=875519, 99.99=875519] 
2019-05-20 20:43:03:202 1110 sec: 1455 operations; 1.3 current ops/sec; est completion in 6 minutes [READ: Count=13, Max=845311, Min=715776, Avg=770816, 90=836095, 99=845311, 99.9=845311, 99.99=845311] 
2019-05-20 20:43:13:201 1120 sec: 1468 operations; 1.3 current ops/sec; est completion in 6 minutes [READ: Count=13, Max=848383, Min=720896, Avg=772155.08, 90=813567, 99=848383, 99.9=848383, 99.99=848383] 
2019-05-20 20:43:23:203 1130 sec: 1481 operations; 1.3 current ops/sec; est completion in 6 minutes [READ: Count=13, Max=839679, Min=707072, Avg=761403.08, 90=818175, 99=839679, 99.9=839679, 99.99=839679] 
2019-05-20 20:43:33:203 1140 sec: 1494 operations; 1.3 current ops/sec; est completion in 6 minutes [READ: Count=13, Max=823295, Min=718336, Avg=767389.54, 90=817663, 99=823295, 99.9=823295, 99.99=823295] 
2019-05-20 20:43:43:202 1150 sec: 1507 operations; 1.3 current ops/sec; est completion in 6 minutes [READ: Count=13, Max=831487, Min=711680, Avg=764278.15, 90=826879, 99=831487, 99.9=831487, 99.99=831487] 
2019-05-20 20:43:53:205 1160 sec: 1520 operations; 1.3 current ops/sec; est completion in 6 minutes [READ: Count=13, Max=898559, Min=720384, Avg=778929.23, 90=825855, 99=898559, 99.9=898559, 99.99=898559] 
2019-05-20 20:44:03:202 1170 sec: 1533 operations; 1.3 current ops/sec; est completion in 5 minutes [READ: Count=13, Max=844287, Min=705536, Avg=754038.15, 90=788991, 99=844287, 99.9=844287, 99.99=844287] 
2019-05-20 20:44:13:202 1180 sec: 1546 operations; 1.3 current ops/sec; est completion in 5 minutes [READ: Count=13, Max=812031, Min=710656, Avg=765853.54, 90=807423, 99=812031, 99.9=812031, 99.99=812031] 
2019-05-20 20:44:23:204 1190 sec: 1559 operations; 1.3 current ops/sec; est completion in 5 minutes [READ: Count=13, Max=817663, Min=701952, Avg=761048.62, 90=808447, 99=817663, 99.9=817663, 99.99=817663] 
2019-05-20 20:44:33:203 1200 sec: 1572 operations; 1.3 current ops/sec; est completion in 5 minutes [READ: Count=13, Max=842239, Min=710656, Avg=778417.23, 90=836095, 99=842239, 99.9=842239, 99.99=842239] 
2019-05-20 20:44:43:203 1210 sec: 1585 operations; 1.3 current ops/sec; est completion in 5 minutes [READ: Count=13, Max=831999, Min=714240, Avg=760497.23, 90=808447, 99=831999, 99.9=831999, 99.99=831999] 
2019-05-20 20:44:53:202 1220 sec: 1598 operations; 1.3 current ops/sec; est completion in 5 minutes [READ: Count=13, Max=842751, Min=690176, Avg=765302.15, 90=819199, 99=842751, 99.9=842751, 99.99=842751] 
2019-05-20 20:45:03:202 1230 sec: 1611 operations; 1.3 current ops/sec; est completion in 4 minutes [READ: Count=13, Max=834047, Min=718848, Avg=765065.85, 90=832511, 99=834047, 99.9=834047, 99.99=834047] 
2019-05-20 20:45:13:202 1240 sec: 1624 operations; 1.3 current ops/sec; est completion in 4 minutes [READ: Count=13, Max=826367, Min=720384, Avg=768295.38, 90=816639, 99=826367, 99.9=826367, 99.99=826367] 
2019-05-20 20:45:23:204 1250 sec: 1637 operations; 1.3 current ops/sec; est completion in 4 minutes [READ: Count=13, Max=838655, Min=704512, Avg=759709.54, 90=823295, 99=838655, 99.9=838655, 99.99=838655] 
2019-05-20 20:45:33:202 1260 sec: 1650 operations; 1.3 current ops/sec; est completion in 4 minutes [READ: Count=13, Max=854527, Min=716800, Avg=766641.23, 90=830463, 99=854527, 99.9=854527, 99.99=854527] 
2019-05-20 20:45:43:202 1270 sec: 1663 operations; 1.3 current ops/sec; est completion in 4 minutes [READ: Count=13, Max=838143, Min=714240, Avg=770067.69, 90=836607, 99=838143, 99.9=838143, 99.99=838143] 
2019-05-20 20:45:53:202 1280 sec: 1676 operations; 1.3 current ops/sec; est completion in 4 minutes [READ: Count=13, Max=841215, Min=690176, Avg=762663.38, 90=828927, 99=841215, 99.9=841215, 99.99=841215] 
2019-05-20 20:46:03:202 1290 sec: 1690 operations; 1.4 current ops/sec; est completion in 3 minutes [READ: Count=14, Max=830975, Min=714752, Avg=756443.43, 90=820223, 99=830975, 99.9=830975, 99.99=830975] 
2019-05-20 20:46:13:202 1300 sec: 1703 operations; 1.3 current ops/sec; est completion in 3 minutes [READ: Count=13, Max=821759, Min=707072, Avg=762860.31, 90=812031, 99=821759, 99.9=821759, 99.99=821759] 
2019-05-20 20:46:23:203 1310 sec: 1716 operations; 1.3 current ops/sec; est completion in 3 minutes [READ: Count=13, Max=816639, Min=706048, Avg=761481.85, 90=813055, 99=816639, 99.9=816639, 99.99=816639] 
2019-05-20 20:46:33:202 1320 sec: 1729 operations; 1.3 current ops/sec; est completion in 3 minutes [READ: Count=13, Max=828415, Min=680448, Avg=757819.08, 90=813567, 99=828415, 99.9=828415, 99.99=828415] 
2019-05-20 20:46:43:214 1330 sec: 1742 operations; 1.3 current ops/sec; est completion in 3 minutes [READ: Count=13, Max=825855, Min=711168, Avg=761166.77, 90=824831, 99=825855, 99.9=825855, 99.99=825855] 
2019-05-20 20:46:53:202 1340 sec: 1755 operations; 1.3 current ops/sec; est completion in 3 minutes [READ: Count=13, Max=850943, Min=716288, Avg=772233.85, 90=827391, 99=850943, 99.9=850943, 99.99=850943] 
2019-05-20 20:47:03:202 1350 sec: 1768 operations; 1.3 current ops/sec; est completion in 2 minutes [READ: Count=13, Max=833023, Min=699392, Avg=771603.69, 90=815103, 99=833023, 99.9=833023, 99.99=833023] 
2019-05-20 20:47:13:203 1360 sec: 1781 operations; 1.3 current ops/sec; est completion in 2 minutes [READ: Count=13, Max=845311, Min=702976, Avg=762939.08, 90=826879, 99=845311, 99.9=845311, 99.99=845311] 
2019-05-20 20:47:23:202 1370 sec: 1794 operations; 1.3 current ops/sec; est completion in 2 minutes [READ: Count=13, Max=824319, Min=692736, Avg=763096.62, 90=816639, 99=824319, 99.9=824319, 99.99=824319] 
2019-05-20 20:47:33:202 1380 sec: 1807 operations; 1.3 current ops/sec; est completion in 2 minutes [READ: Count=13, Max=833023, Min=712704, Avg=766562.46, 90=824831, 99=833023, 99.9=833023, 99.99=833023] 
2019-05-20 20:47:43:202 1390 sec: 1820 operations; 1.3 current ops/sec; est completion in 2 minutes [READ: Count=13, Max=844287, Min=714752, Avg=773848.62, 90=841727, 99=844287, 99.9=844287, 99.99=844287] 
2019-05-20 20:47:53:202 1400 sec: 1834 operations; 1.4 current ops/sec; est completion in 2 minutes [READ: Count=14, Max=833023, Min=708608, Avg=754724.57, 90=819711, 99=833023, 99.9=833023, 99.99=833023] 
2019-05-20 20:48:03:202 1410 sec: 1847 operations; 1.3 current ops/sec; est completion in 1 minute [READ: Count=13, Max=842751, Min=715264, Avg=770619.08, 90=838655, 99=842751, 99.9=842751, 99.99=842751] 
2019-05-20 20:48:13:202 1420 sec: 1859 operations; 1.2 current ops/sec; est completion in 1 minute [READ: Count=12, Max=844287, Min=730112, Avg=774784, 90=828927, 99=844287, 99.9=844287, 99.99=844287] 
2019-05-20 20:48:23:202 1430 sec: 1873 operations; 1.4 current ops/sec; est completion in 1 minute [READ: Count=14, Max=829951, Min=710144, Avg=760466.29, 90=823807, 99=829951, 99.9=829951, 99.99=829951] 
2019-05-20 20:48:33:202 1440 sec: 1886 operations; 1.3 current ops/sec; est completion in 1 minute [READ: Count=13, Max=843775, Min=726016, Avg=774124.31, 90=843263, 99=843775, 99.9=843775, 99.99=843775] 
2019-05-20 20:48:43:202 1450 sec: 1899 operations; 1.3 current ops/sec; est completion in 1 minute [READ: Count=13, Max=833023, Min=700416, Avg=757622.15, 90=803327, 99=833023, 99.9=833023, 99.99=833023] 
2019-05-20 20:48:53:203 1460 sec: 1912 operations; 1.3 current ops/sec; est completion in 1 minute [READ: Count=13, Max=884735, Min=732160, Avg=776487.38, 90=826879, 99=884735, 99.9=884735, 99.99=884735] 
2019-05-20 20:49:03:202 1470 sec: 1925 operations; 1.3 current ops/sec; est completion in 58 seconds [READ: Count=13, Max=811519, Min=716288, Avg=764002.46, 90=797183, 99=811519, 99.9=811519, 99.99=811519] 
2019-05-20 20:49:13:202 1480 sec: 1938 operations; 1.3 current ops/sec; est completion in 48 seconds [READ: Count=13, Max=825855, Min=705536, Avg=759945.85, 90=823807, 99=825855, 99.9=825855, 99.99=825855] 
2019-05-20 20:49:23:203 1490 sec: 1951 operations; 1.3 current ops/sec; est completion in 38 seconds [READ: Count=13, Max=834559, Min=682496, Avg=761521.23, 90=816127, 99=834559, 99.9=834559, 99.99=834559] 
2019-05-20 20:49:33:202 1500 sec: 1964 operations; 1.3 current ops/sec; est completion in 28 seconds [READ: Count=13, Max=851455, Min=702464, Avg=760221.54, 90=815615, 99=851455, 99.9=851455, 99.99=851455] 
2019-05-20 20:49:43:202 1510 sec: 1977 operations; 1.3 current ops/sec; est completion in 18 seconds [READ: Count=13, Max=821247, Min=714240, Avg=758291.69, 90=820223, 99=821247, 99.9=821247, 99.99=821247] 
2019-05-20 20:49:53:203 1520 sec: 1990 operations; 1.3 current ops/sec; est completion in 8 second [READ: Count=13, Max=829439, Min=705536, Avg=764160, 90=814079, 99=829439, 99.9=829439, 99.99=829439] 
2019-05-20 20:50:00:235 1527 sec: 2000 operations; 1.42 current ops/sec; [READ: Count=10, Max=864767, Min=711168, Avg=769433.6, 90=803327, 99=864767, 99.9=864767, 99.99=864767] [CLEANUP: Count=1, Max=4, Min=4, Avg=4, 90=4, 99=4, 99.9=4, 99.99=4] 
