[OVERALL], RunTime(ms), 52314
[OVERALL], Throughput(ops/sec), 1.2233818863019459
[TOTAL_GCS_G1_Young_Generation], Count, 1
[TOTAL_GC_TIME_G1_Young_Generation], Time(ms), 15
[TOTAL_GC_TIME_%_G1_Young_Generation], Time(%), 0.02867301296020186
[TOTAL_GCS_G1_Old_Generation], Count, 0
[TOTAL_GC_TIME_G1_Old_Generation], Time(ms), 0
[TOTAL_GC_TIME_%_G1_Old_Generation], Time(%), 0.0
[TOTAL_GCs], Count, 1
[TOTAL_GC_TIME], Time(ms), 15
[TOTAL_GC_TIME_%], Time(%), 0.02867301296020186
[READ], Operations, 64
[READ], AverageLatency(us), 809984.0
[READ], MinLatency(us), 711680
[READ], MaxLatency(us), 927231
[READ], 95thPercentileLatency(us), 908287
[READ], 99thPercentileLatency(us), 923647
[READ], Return=OK, 64
[CLEANUP], Operations, 1
[CLEANUP], AverageLatency(us), 2.0
[CLEANUP], MinLatency(us), 2
[CLEANUP], MaxLatency(us), 2
[CLEANUP], 95thPercentileLatency(us), 2
[CLEANUP], 99thPercentileLatency(us), 2
