timestamp;status;request_time;upstream_response_time
1558388005.109;200;0.870;0.868
1558388005.945;200;0.784;0.788
1558388006.833;200;0.884;0.884
1558388007.671;200;0.833;0.832
1558388008.416;200;0.740;0.744
1558388009.161;200;0.716;0.716
1558388009.918;200;0.752;0.752
1558388010.797;200;0.875;0.876
1558388011.522;200;0.719;0.720
1558388012.252;200;0.724;0.724
1558388013.011;200;0.753;0.752
1558388013.829;200;0.815;0.816
1558388014.562;200;0.729;0.728
1558388015.312;200;0.747;0.748
1558388016.074;200;0.758;0.760
1558388016.901;200;0.823;0.820
1558388017.634;200;0.730;0.732
1558388018.378;200;0.738;0.740
1558388019.126;200;0.745;0.744
1558388019.981;200;0.851;0.852
1558388020.736;200;0.751;0.752
1558388021.464;200;0.725;0.728
1558388022.357;200;0.885;0.888
1558388023.174;200;0.813;0.812
1558388023.964;200;0.785;0.784
1558388024.667;200;0.698;0.696
1558388025.432;200;0.761;0.764
1558388026.296;200;0.860;0.860
1558388027.065;200;0.765;0.768
1558388027.793;200;0.723;0.724
1558388028.580;200;0.781;0.784
1558388029.394;200;0.810;0.812
1558388030.166;200;0.769;0.768
1558388030.918;200;0.744;0.744
1558388031.669;200;0.743;0.744
1558388032.492;200;0.819;0.824
1558388033.218;200;0.721;0.724
1558388033.944;200;0.722;0.724
1558388034.726;200;0.776;0.776
1558388035.530;200;0.798;0.800
1558388036.265;200;0.731;0.728
1558388036.996;200;0.727;0.732
1558388037.777;200;0.778;0.780
1558388038.573;200;0.792;0.796
1558388039.340;200;0.764;0.768
1558388040.044;200;0.702;0.704
1558388040.808;200;0.761;0.764
1558388041.656;200;0.844;0.844
1558388042.396;200;0.737;0.736
1558388043.128;200;0.728;0.732
1558388043.921;200;0.789;0.792
1558388044.776;200;0.848;0.852
1558388045.529;200;0.749;0.752
1558388046.235;200;0.701;0.700
1558388046.980;200;0.742;0.744
1558388047.814;200;0.831;0.832
1558388048.575;200;0.758;0.756
1558388049.322;200;0.744;0.744
1558388050.084;200;0.759;0.764
1558388050.897;200;0.808;0.812
1558388051.669;200;0.767;0.768
1558388052.414;200;0.741;0.744
1558388053.204;200;0.786;0.788
1558388054.039;200;0.825;0.824
1558388054.788;200;0.736;0.740
1558388055.522;200;0.731;0.732
1558388056.276;200;0.751;0.752
1558388057.134;200;0.854;0.856
1558388057.868;200;0.730;0.732
1558388058.608;200;0.736;0.740
1558388059.422;200;0.812;0.812
1558388060.238;200;0.810;0.812
1558388060.988;200;0.746;0.744
1558388061.726;200;0.733;0.736
1558388062.486;200;0.755;0.756
1558388063.298;200;0.809;0.808
1558388064.057;200;0.753;0.756
1558388064.784;200;0.722;0.724
1558388065.512;200;0.726;0.728
1558388066.330;200;0.815;0.816
1558388067.060;200;0.727;0.728
1558388067.804;200;0.740;0.740
1558388068.566;200;0.757;0.760
1558388069.409;200;0.837;0.840
1558388070.162;200;0.750;0.752
1558388070.884;200;0.718;0.720
1558388071.670;200;0.780;0.780
1558388072.530;200;0.844;0.844
1558388073.266;200;0.732;0.732
1558388073.968;200;0.698;0.700
1558388074.736;200;0.762;0.760
1558388075.565;200;0.825;0.828
1558388076.309;200;0.740;0.744
1558388077.024;200;0.711;0.716
1558388077.826;200;0.800;0.800
1558388078.691;200;0.861;0.864
1558388079.450;200;0.751;0.752
1558388080.200;200;0.747;0.752
1558388080.953;200;0.749;0.752
1558388081.760;200;0.803;0.804
1558388082.528;200;0.758;0.760
1558388083.261;200;0.729;0.732
1558388084.018;200;0.753;0.756
1558388084.838;200;0.814;0.816
1558388085.574;200;0.732;0.732
1558388086.287;200;0.711;0.712
1558388087.064;200;0.774;0.776
1558388087.892;200;0.825;0.824
1558388088.620;200;0.726;0.724
1558388089.328;200;0.705;0.708
1558388090.081;200;0.751;0.752
1558388090.865;200;0.781;0.784
1558388091.608;200;0.740;0.744
1558388092.327;200;0.715;0.716
1558388093.055;200;0.724;0.724
1558388093.890;200;0.828;0.828
1558388094.637;200;0.741;0.744
1558388095.417;200;0.745;0.748
1558388096.135;200;0.712;0.712
1558388096.938;200;0.800;0.800
1558388097.706;200;0.764;0.764
1558388098.429;200;0.718;0.720
1558388099.193;200;0.759;0.760
1558388099.994;200;0.796;0.796
1558388100.755;200;0.758;0.760
1558388101.526;200;0.765;0.764
1558388102.285;200;0.748;0.752
1558388103.117;200;0.822;0.820
1558388103.872;200;0.747;0.748
1558388104.572;200;0.695;0.700
1558388105.258;200;0.682;0.684
1558388106.060;200;0.799;0.804
1558388106.800;200;0.738;0.736
1558388107.539;200;0.735;0.736
1558388108.289;200;0.745;0.748
1558388109.086;200;0.793;0.796
1558388109.843;200;0.755;0.756
1558388110.579;200;0.733;0.736
1558388111.348;200;0.766;0.768
1558388112.151;200;0.801;0.804
1558388112.895;200;0.741;0.740
1558388113.609;200;0.711;0.712
1558388114.408;200;0.794;0.796
1558388115.205;200;0.793;0.796
1558388115.940;200;0.731;0.732
1558388116.676;200;0.733;0.736
1558388117.432;200;0.754;0.752
1558388118.242;200;0.808;0.808
1558388118.982;200;0.737;0.740
1558388119.719;200;0.734;0.736
1558388120.508;200;0.785;0.788
1558388121.322;200;0.811;0.812
1558388122.105;200;0.780;0.776
1558388122.856;200;0.747;0.752
1558388123.623;200;0.751;0.752
1558388124.438;200;0.812;0.812
1558388125.200;200;0.756;0.760
1558388125.953;200;0.751;0.752
1558388126.745;200;0.789;0.792
1558388127.567;200;0.818;0.820
1558388128.327;200;0.757;0.756
1558388129.052;200;0.722;0.725
1558388129.796;200;0.741;0.744
1558388130.637;200;0.838;0.836
1558388131.357;200;0.716;0.720
1558388132.057;200;0.697;0.696
1558388132.832;200;0.771;0.772
1558388133.668;200;0.832;0.836
1558388134.418;200;0.748;0.748
1558388135.150;200;0.728;0.728
1558388135.900;200;0.747;0.744
1558388136.736;200;0.832;0.836
1558388137.498;200;0.758;0.760
1558388138.222;200;0.721;0.720
1558388138.993;200;0.768;0.772
1558388139.836;200;0.839;0.844
1558388140.604;200;0.763;0.768
1558388141.341;200;0.733;0.736
1558388142.103;200;0.759;0.760
1558388142.924;200;0.818;0.820
1558388143.662;200;0.735;0.736
1558388144.384;200;0.719;0.720
1558388145.139;200;0.737;0.740
1558388145.964;200;0.823;0.824
1558388146.651;200;0.685;0.684
1558388147.360;200;0.707;0.712
1558388148.144;200;0.781;0.784
1558388148.964;200;0.817;0.820
1558388149.725;200;0.757;0.760
1558388150.471;200;0.730;0.728
1558388151.231;200;0.758;0.760
1558388152.046;200;0.812;0.812
1558388152.778;200;0.728;0.728
1558388153.517;200;0.736;0.736
1558388154.265;200;0.745;0.744
1558388155.106;200;0.836;0.836
1558388155.832;200;0.724;0.728
1558388156.557;200;0.721;0.724
1558388157.399;200;0.839;0.840
1558388158.210;200;0.808;0.808
1558388158.964;200;0.748;0.752
1558388159.668;200;0.701;0.700
1558388160.428;200;0.756;0.760
1558388161.261;200;0.828;0.832
1558388162.000;200;0.736;0.736
1558388162.716;200;0.713;0.716
1558388163.466;200;0.744;0.744
1558388164.308;200;0.839;0.840
1558388165.077;200;0.758;0.756
1558388165.826;200;0.745;0.748
1558388166.617;200;0.787;0.788
1558388167.409;200;0.789;0.792
1558388168.150;200;0.734;0.736
1558388168.886;200;0.733;0.732
1558388169.632;200;0.742;0.740
1558388170.505;200;0.871;0.872
1558388171.256;200;0.747;0.752
1558388171.991;200;0.733;0.732
1558388172.787;200;0.794;0.792
1558388173.612;200;0.822;0.824
1558388174.373;200;0.758;0.760
1558388175.105;200;0.728;0.728
1558388175.848;200;0.739;0.744
1558388176.708;200;0.858;0.856
1558388177.429;200;0.717;0.720
1558388178.140;200;0.706;0.708
1558388178.910;200;0.768;0.768
1558388179.764;200;0.851;0.852
1558388180.508;200;0.740;0.740
1558388181.244;200;0.733;0.736
1558388181.985;200;0.736;0.740
1558388182.803;200;0.814;0.820
1558388183.534;200;0.728;0.728
1558388184.256;200;0.719;0.724
1558388185.023;200;0.761;0.764
1558388185.834;200;0.806;0.808
1558388186.606;200;0.768;0.768
1558388187.313;200;0.703;0.704
1558388188.070;200;0.754;0.756
1558388188.893;200;0.819;0.820
1558388189.627;200;0.731;0.732
1558388190.342;200;0.713;0.712
1558388191.071;200;0.723;0.724
1558388191.914;200;0.840;0.840
1558388192.666;200;0.747;0.748
1558388193.422;200;0.752;0.752
1558388194.159;200;0.733;0.732
1558388194.965;200;0.800;0.804
1558388195.684;200;0.716;0.720
1558388196.404;200;0.717;0.716
1558388197.156;200;0.749;0.752
1558388197.966;200;0.807;0.808
1558388198.706;200;0.737;0.740
1558388199.436;200;0.727;0.728
1558388200.163;200;0.723;0.724
1558388201.037;200;0.868;0.872
1558388201.753;200;0.713;0.716
1558388202.488;200;0.731;0.732
1558388203.249;200;0.758;0.760
1558388204.075;200;0.823;0.824
1558388204.814;200;0.735;0.736
1558388205.516;200;0.699;0.704
1558388206.337;200;0.817;0.820
1558388207.185;200;0.844;0.848
1558388207.944;200;0.755;0.760
1558388208.624;200;0.675;0.676
1558388209.369;200;0.741;0.744
1558388210.182;200;0.809;0.808
1558388210.897;200;0.711;0.712
1558388211.614;200;0.713;0.716
1558388212.332;200;0.715;0.716
1558388213.144;200;0.808;0.812
1558388213.891;200;0.743;0.744
1558388214.635;200;0.738;0.740
1558388215.380;200;0.743;0.744
1558388216.197;200;0.813;0.816
1558388216.931;200;0.731;0.732
1558388217.635;200;0.701;0.700
1558388218.402;200;0.761;0.764
1558388219.210;200;0.804;0.804
1558388219.957;200;0.745;0.748
1558388220.708;200;0.749;0.752
1558388221.470;200;0.760;0.760
1558388222.279;200;0.806;0.808
1558388223.026;200;0.745;0.748
1558388223.739;200;0.710;0.712
1558388224.496;200;0.755;0.756
1558388225.315;200;0.814;0.816
1558388226.042;200;0.724;0.724
1558388226.774;200;0.729;0.732
1558388227.546;200;0.770;0.772
1558388228.354;200;0.805;0.808
1558388229.130;200;0.772;0.772
1558388229.867;200;0.734;0.736
1558388230.602;200;0.732;0.732
1558388231.421;200;0.816;0.820
1558388232.170;200;0.747;0.748
1558388232.890;200;0.716;0.716
1558388233.665;200;0.772;0.776
1558388234.477;200;0.805;0.804
1558388235.239;200;0.739;0.740
1558388235.960;200;0.718;0.720
1558388236.724;200;0.751;0.752
1558388237.542;200;0.815;0.816
1558388238.289;200;0.744;0.744
1558388239.002;200;0.702;0.704
1558388239.777;200;0.772;0.772
1558388240.586;200;0.806;0.808
1558388241.352;200;0.763;0.768
1558388242.081;200;0.726;0.728
1558388242.853;200;0.768;0.772
1558388243.700;200;0.844;0.840
1558388244.447;200;0.743;0.744
1558388245.189;200;0.736;0.736
1558388245.945;200;0.753;0.756
1558388246.755;200;0.806;0.804
1558388247.491;200;0.734;0.732
1558388248.211;200;0.718;0.716
1558388248.927;200;0.714;0.716
1558388249.730;200;0.800;0.800
1558388250.480;200;0.739;0.744
1558388251.225;200;0.742;0.744
1558388252.024;200;0.795;0.800
1558388252.854;200;0.826;0.828
1558388253.598;200;0.741;0.744
1558388254.315;200;0.715;0.716
1558388255.095;200;0.776;0.776
1558388255.891;200;0.794;0.792
1558388256.653;200;0.760;0.760
1558388257.355;200;0.699;0.700
1558388258.127;200;0.769;0.768
1558388258.965;200;0.834;0.836
1558388259.669;200;0.700;0.704
1558388260.400;200;0.727;0.732
1558388261.172;200;0.768;0.772
1558388261.996;200;0.821;0.824
1558388262.740;200;0.740;0.744
1558388263.456;200;0.712;0.716
1558388264.200;200;0.739;0.740
1558388265.028;200;0.820;0.820
1558388265.769;200;0.737;0.740
1558388266.507;200;0.733;0.732
1558388267.269;200;0.756;0.760
1558388268.071;200;0.798;0.796
1558388268.810;200;0.735;0.736
1558388269.520;200;0.707;0.712
1558388270.291;200;0.769;0.768
1558388271.104;200;0.811;0.808
1558388271.833;200;0.726;0.728
1558388272.560;200;0.725;0.728
1558388273.356;200;0.793;0.796
1558388274.180;200;0.819;0.824
1558388274.933;200;0.749;0.752
1558388275.668;200;0.732;0.732
1558388276.417;200;0.747;0.748
1558388277.240;200;0.820;0.824
1558388277.973;200;0.730;0.732
1558388278.688;200;0.712;0.712
1558388279.469;200;0.777;0.780
1558388280.282;200;0.810;0.812
1558388281.039;200;0.754;0.756
1558388281.762;200;0.720;0.720
1558388282.526;200;0.762;0.764
1558388283.348;200;0.817;0.820
1558388284.083;200;0.733;0.732
1558388284.823;200;0.734;0.732
1558388285.612;200;0.786;0.788
1558388286.406;200;0.791;0.792
1558388287.166;200;0.756;0.756
1558388287.924;200;0.755;0.756
1558388288.680;200;0.754;0.752
1558388289.476;200;0.793;0.796
1558388290.247;200;0.769;0.768
1558388290.964;200;0.715;0.716
1558388291.726;200;0.759;0.760
1558388292.547;200;0.819;0.820
1558388293.303;200;0.752;0.752
1558388294.033;200;0.725;0.728
1558388294.783;200;0.745;0.744
1558388295.589;200;0.804;0.808
1558388296.330;200;0.737;0.740
1558388297.041;200;0.708;0.712
1558388297.769;200;0.724;0.724
1558388298.577;200;0.805;0.808
1558388299.322;200;0.741;0.740
1558388300.067;200;0.742;0.744
1558388300.855;200;0.783;0.784
1558388301.688;200;0.830;0.832
1558388302.431;200;0.740;0.740
1558388303.141;200;0.707;0.708
1558388303.884;200;0.737;0.740
1558388304.683;200;0.794;0.792
1558388305.433;200;0.747;0.748
1558388306.151;200;0.715;0.716
1558388306.926;200;0.772;0.772
1558388307.729;200;0.801;0.804
1558388308.470;200;0.738;0.740
1558388309.201;200;0.727;0.728
1558388309.949;200;0.744;0.748
1558388310.822;200;0.870;0.872
1558388311.548;200;0.716;0.720
1558388312.260;200;0.709;0.712
1558388313.013;200;0.749;0.752
1558388313.802;200;0.786;0.788
1558388314.561;200;0.757;0.760
1558388315.248;200;0.684;0.688
1558388316.021;200;0.771;0.772
1558388316.893;200;0.870;0.872
1558388317.625;200;0.729;0.732
1558388318.336;200;0.707;0.712
1558388319.117;200;0.777;0.780
1558388319.929;200;0.810;0.808
1558388320.658;200;0.726;0.728
1558388321.388;200;0.727;0.732
1558388322.153;200;0.763;0.764
1558388322.973;200;0.817;0.820
1558388323.684;200;0.708;0.708
1558388324.421;200;0.733;0.736
1558388325.181;200;0.756;0.760
1558388326.068;200;0.884;0.888
1558388326.828;200;0.757;0.760
1558388327.550;200;0.718;0.720
1558388328.236;200;0.681;0.684
1558388329.033;200;0.795;0.796
1558388329.785;200;0.749;0.752
1558388330.545;200;0.757;0.760
1558388331.294;200;0.746;0.748
1558388332.112;200;0.816;0.820
1558388332.852;200;0.738;0.740
1558388333.590;200;0.734;0.736
1558388334.357;200;0.765;0.768
1558388335.174;200;0.813;0.816
1558388335.931;200;0.754;0.756
1558388336.689;200;0.756;0.752
1558388337.451;200;0.759;0.760
1558388338.285;200;0.832;0.832
1558388339.056;200;0.768;0.772
1558388339.794;200;0.735;0.736
1558388340.531;200;0.733;0.732
1558388341.390;200;0.856;0.856
1558388342.177;200;0.784;0.788
1558388342.908;200;0.727;0.732
1558388343.680;200;0.768;0.768
1558388344.507;200;0.824;0.824
1558388345.250;200;0.738;0.740
1558388345.980;200;0.727;0.728
1558388346.686;200;0.704;0.704
1558388347.487;200;0.798;0.796
1558388348.228;200;0.738;0.736
1558388348.945;200;0.713;0.716
1558388349.717;200;0.769;0.772
1558388350.527;200;0.809;0.808
1558388351.288;200;0.758;0.760
1558388352.015;200;0.724;0.724
1558388352.744;200;0.727;0.732
1558388353.578;200;0.831;0.832
1558388354.317;200;0.736;0.740
1558388355.033;200;0.712;0.716
1558388355.785;200;0.748;0.752
1558388356.614;200;0.825;0.824
1558388357.373;200;0.756;0.752
1558388358.098;200;0.721;0.724
1558388358.856;200;0.756;0.760
1558388359.681;200;0.822;0.820
1558388360.412;200;0.729;0.732
1558388361.145;200;0.730;0.728
1558388361.847;200;0.699;0.700
1558388362.729;200;0.880;0.884
1558388363.475;200;0.743;0.744
1558388364.251;200;0.768;0.768
1558388364.976;200;0.722;0.720
1558388365.799;200;0.820;0.820
1558388366.545;200;0.743;0.744
1558388367.265;200;0.716;0.720
1558388368.048;200;0.780;0.784
1558388368.853;200;0.802;0.804
1558388369.591;200;0.736;0.736
1558388370.348;200;0.755;0.756
1558388371.093;200;0.742;0.744
1558388371.864;200;0.768;0.772
1558388372.600;200;0.733;0.736
1558388373.279;200;0.676;0.676
1558388374.035;200;0.754;0.752
1558388374.835;200;0.796;0.796
1558388375.572;200;0.735;0.740
1558388376.310;200;0.734;0.736
1558388377.054;200;0.742;0.744
1558388377.844;200;0.788;0.788
1558388378.591;200;0.745;0.744
1558388379.372;200;0.779;0.784
1558388380.115;200;0.741;0.740
1558388380.904;200;0.787;0.788
1558388381.648;200;0.742;0.744
1558388382.395;200;0.743;0.744
1558388383.148;200;0.751;0.756
1558388383.970;200;0.819;0.820
1558388384.704;200;0.731;0.732
1558388385.417;200;0.710;0.712
1558388386.149;200;0.729;0.732
1558388386.967;200;0.815;0.816
1558388387.713;200;0.740;0.744
1558388388.439;200;0.722;0.724
1558388389.136;200;0.695;0.696
1558388389.953;200;0.813;0.816
1558388390.708;200;0.752;0.756
1558388391.452;200;0.739;0.744
1558388392.184;200;0.729;0.732
1558388392.969;200;0.779;0.780
1558388393.723;200;0.750;0.752
1558388394.451;200;0.723;0.724
1558388395.204;200;0.749;0.752
1558388395.996;200;0.786;0.788
1558388396.005;503;0.003;0.000, 0.000, 0.000, 0.000
1558388396.825;200;0.810;0.000, 0.812
1558388397.553;200;0.724;0.724
1558388398.303;200;0.747;0.748
1558388399.102;200;0.797;0.796
1558388399.845;200;0.740;0.744
1558388400.561;200;0.714;0.716
1558388401.318;200;0.753;0.756
1558388402.123;200;0.800;0.800
1558388402.884;200;0.759;0.756
1558388403.605;200;0.718;0.720
1558388404.361;200;0.752;0.756
1558388405.163;200;0.796;0.796
1558388405.910;200;0.745;0.748
1558388406.610;200;0.699;0.700
1558388407.373;200;0.760;0.764
1558388408.148;200;0.771;0.776
1558388408.891;200;0.740;0.740
1558388409.611;200;0.718;0.720
1558388410.398;200;0.786;0.788
1558388411.198;200;0.798;0.800
1558388411.937;200;0.737;0.740
1558388412.667;200;0.727;0.728
1558388413.443;200;0.773;0.772
1558388414.234;200;0.788;0.788
1558388414.974;200;0.737;0.740
1558388415.710;200;0.733;0.732
1558388416.470;200;0.757;0.756
1558388417.264;200;0.792;0.796
1558388418.004;200;0.738;0.736
1558388418.736;200;0.729;0.732
1558388419.501;200;0.762;0.764
1558388420.319;200;0.816;0.816
1558388421.081;200;0.760;0.764
1558388421.800;200;0.713;0.716
1558388422.529;200;0.726;0.728
1558388423.331;200;0.799;0.800
1558388424.097;200;0.764;0.764
1558388424.834;200;0.735;0.736
1558388425.593;200;0.756;0.756
1558388426.389;200;0.793;0.796
1558388427.128;200;0.736;0.740
1558388427.828;200;0.698;0.696
1558388428.582;200;0.751;0.752
1558388429.389;200;0.804;0.808
1558388430.149;200;0.758;0.760
1558388430.905;200;0.752;0.752
1558388431.699;200;0.790;0.792
1558388432.509;200;0.808;0.808
1558388433.227;200;0.715;0.716
1558388433.925;200;0.696;0.700
1558388434.707;200;0.779;0.780
1558388435.510;200;0.799;0.800
1558388436.248;200;0.735;0.736
1558388436.944;200;0.694;0.692
1558388437.692;200;0.745;0.748
1558388438.534;200;0.838;0.840
1558388439.296;200;0.760;0.764
1558388440.032;200;0.734;0.736
1558388440.785;200;0.750;0.752
1558388441.609;200;0.820;0.816
1558388442.337;200;0.726;0.728
1558388443.049;200;0.708;0.708
1558388443.780;200;0.728;0.732
1558388444.581;200;0.797;0.800
1558388445.325;200;0.741;0.740
1558388446.080;200;0.752;0.756
1558388446.836;200;0.753;0.756
1558388447.710;200;0.872;0.872
1558388448.455;200;0.742;0.744
1558388449.187;200;0.730;0.728
1558388449.928;200;0.738;0.736
1558388450.729;200;0.799;0.800
1558388451.491;200;0.760;0.760
1558388452.229;200;0.736;0.740
1558388452.976;200;0.743;0.740
1558388453.824;200;0.846;0.848
1558388454.569;200;0.741;0.744
1558388455.317;200;0.746;0.748
1558388456.064;200;0.743;0.744
1558388456.846;200;0.779;0.780
1558388457.575;200;0.727;0.728
1558388458.280;200;0.703;0.704
1558388459.037;200;0.755;0.756
1558388459.832;200;0.792;0.796
1558388460.566;200;0.731;0.732
1558388461.303;200;0.735;0.736
1558388462.069;200;0.764;0.764
1558388462.891;200;0.816;0.816
1558388463.649;200;0.756;0.756
1558388464.359;200;0.707;0.708
1558388465.119;200;0.755;0.756
1558388465.911;200;0.790;0.788
1558388466.668;200;0.755;0.752
1558388467.389;200;0.718;0.720
1558388468.171;200;0.779;0.780
1558388468.997;200;0.824;0.828
1558388469.739;200;0.739;0.740
1558388470.460;200;0.719;0.720
1558388471.215;200;0.751;0.752
1558388472.011;200;0.794;0.796
1558388472.783;200;0.770;0.772
1558388473.514;200;0.729;0.732
1558388474.287;200;0.770;0.772
1558388475.086;200;0.795;0.796
1558388475.796;200;0.708;0.708
1558388476.491;200;0.690;0.692
1558388477.221;200;0.728;0.732
1558388478.030;200;0.806;0.808
1558388478.769;200;0.736;0.736
1558388479.463;200;0.692;0.692
1558388480.247;200;0.782;0.780
1558388481.035;200;0.783;0.784
1558388481.776;200;0.739;0.740
1558388482.509;200;0.730;0.732
1558388483.273;200;0.761;0.764
1558388484.117;200;0.841;0.844
1558388484.851;200;0.731;0.732
1558388485.589;200;0.737;0.740
1558388486.383;200;0.791;0.792
1558388487.175;200;0.789;0.788
1558388487.909;200;0.732;0.736
1558388488.640;200;0.728;0.728
1558388489.385;200;0.744;0.744
1558388490.182;200;0.794;0.796
1558388490.916;200;0.732;0.736
1558388491.618;200;0.699;0.700
1558388492.401;200;0.780;0.784
1558388493.204;200;0.799;0.804
1558388493.951;200;0.744;0.744
1558388494.717;200;0.764;0.768
1558388495.459;200;0.740;0.740
1558388496.229;200;0.769;0.772
1558388496.954;200;0.723;0.724
1558388497.687;200;0.731;0.732
1558388498.418;200;0.729;0.732
1558388499.252;200;0.832;0.832
1558388499.989;200;0.736;0.732
1558388500.716;200;0.724;0.728
1558388501.411;200;0.692;0.692
1558388502.237;200;0.825;0.828
1558388503.028;200;0.787;0.792
1558388503.769;200;0.737;0.736
1558388504.530;200;0.758;0.760
1558388505.365;200;0.833;0.836
1558388506.106;200;0.738;0.740
1558388506.819;200;0.710;0.712
1558388507.575;200;0.754;0.756
1558388508.372;200;0.795;0.800
1558388509.135;200;0.760;0.760
1558388509.846;200;0.710;0.712
1558388510.613;200;0.765;0.768
1558388511.441;200;0.825;0.828
1558388512.190;200;0.746;0.748
1558388512.915;200;0.722;0.724
1558388513.665;200;0.748;0.748
1558388514.475;200;0.807;0.808
1558388515.224;200;0.746;0.748
1558388515.946;200;0.719;0.720
1558388516.719;200;0.770;0.772
1558388517.545;200;0.824;0.824
1558388518.272;200;0.724;0.728
1558388519.005;200;0.730;0.728
1558388519.755;200;0.746;0.748
1558388520.607;200;0.850;0.848
1558388521.328;200;0.719;0.720
1558388522.044;200;0.714;0.716
1558388522.841;200;0.793;0.796
1558388523.665;200;0.821;0.824
1558388524.457;200;0.790;0.792
1558388525.188;200;0.720;0.724
1558388525.975;200;0.785;0.784
1558388526.788;200;0.810;0.808
1558388527.489;200;0.698;0.700
1558388528.201;200;0.709;0.712
1558388528.985;200;0.781;0.784
1558388529.781;200;0.793;0.796
1558388530.523;200;0.740;0.740
1558388531.261;200;0.736;0.736
1558388532.092;200;0.828;0.832
1558388532.913;200;0.818;0.820
1558388533.679;200;0.763;0.764
1558388534.396;200;0.715;0.716
1558388535.162;200;0.763;0.764
1558388535.995;200;0.828;0.828
1558388536.718;200;0.721;0.724
1558388537.433;200;0.713;0.712
1558388538.196;200;0.761;0.764
1558388538.998;200;0.797;0.800
1558388539.738;200;0.738;0.740
1558388540.449;200;0.709;0.712
1558388541.240;200;0.788;0.792
1558388542.081;200;0.838;0.840
1558388542.830;200;0.746;0.748
1558388543.548;200;0.716;0.716
1558388544.356;200;0.803;0.804
1558388545.190;200;0.830;0.832
1558388545.931;200;0.739;0.740
1558388546.661;200;0.729;0.732
1558388547.490;200;0.826;0.828
1558388548.301;200;0.809;0.812
1558388549.035;200;0.732;0.732
1558388549.748;200;0.712;0.712
1558388550.466;200;0.715;0.716
1558388551.321;200;0.852;0.856
1558388552.078;200;0.755;0.756
1558388552.839;200;0.759;0.760
1558388553.602;200;0.758;0.760
1558388554.417;200;0.813;0.816
1558388555.158;200;0.738;0.740
1558388555.872;200;0.712;0.716
1558388556.662;200;0.787;0.788
1558388557.489;200;0.825;0.828
1558388558.253;200;0.761;0.764
1558388558.989;200;0.734;0.736
1558388559.760;200;0.768;0.768
1558388560.573;200;0.810;0.812
1558388561.323;200;0.747;0.748
1558388562.049;200;0.724;0.724
1558388562.859;200;0.807;0.808
1558388563.694;200;0.833;0.836
1558388564.424;200;0.728;0.732
1558388565.127;200;0.699;0.700
1558388565.881;200;0.752;0.752
1558388566.717;200;0.832;0.836
1558388567.445;200;0.726;0.728
1558388568.162;200;0.715;0.716
1558388568.928;200;0.763;0.764
1558388569.759;200;0.826;0.824
1558388570.493;200;0.732;0.732
1558388571.235;200;0.740;0.740
1558388571.991;200;0.753;0.752
1558388572.836;200;0.843;0.848
1558388573.612;200;0.773;0.772
1558388574.345;200;0.731;0.732
1558388575.149;200;0.799;0.800
1558388575.943;200;0.791;0.792
1558388576.675;200;0.730;0.728
1558388577.362;200;0.685;0.688
1558388578.114;200;0.750;0.752
1558388578.916;200;0.799;0.804
1558388579.657;200;0.738;0.740
1558388580.379;200;0.719;0.720
1558388581.149;200;0.768;0.764
1558388581.958;200;0.807;0.808
1558388582.697;200;0.737;0.736
1558388583.420;200;0.721;0.724
1558388584.176;200;0.753;0.756
1558388585.022;200;0.843;0.844
1558388585.751;200;0.727;0.728
1558388586.471;200;0.718;0.720
1558388587.215;200;0.742;0.744
1558388588.026;200;0.809;0.812
1558388588.780;200;0.752;0.752
1558388589.509;200;0.727;0.728
1558388590.263;200;0.750;0.752
1558388591.077;200;0.810;0.812
1558388591.813;200;0.733;0.736
1558388592.527;200;0.711;0.712
1558388593.259;200;0.730;0.732
1558388594.093;200;0.832;0.832
1558388594.857;200;0.761;0.764
1558388595.560;200;0.701;0.704
1558388596.323;200;0.760;0.760
1558388597.152;200;0.826;0.824
1558388597.888;200;0.733;0.736
1558388598.612;200;0.722;0.720
1558388599.369;200;0.755;0.756
1558388600.210;200;0.839;0.840
1558388600.943;200;0.730;0.732
1558388601.659;200;0.713;0.712
1558388602.416;200;0.755;0.756
1558388603.231;200;0.813;0.812
1558388603.972;200;0.739;0.740
1558388604.695;200;0.720;0.720
1558388605.485;200;0.788;0.792
1558388606.295;200;0.807;0.808
1558388607.033;200;0.736;0.740
1558388607.740;200;0.705;0.704
1558388608.516;200;0.773;0.772
1558388609.317;200;0.798;0.800
1558388610.063;200;0.743;0.744
1558388610.789;200;0.724;0.728
1558388611.545;200;0.752;0.752
1558388612.348;200;0.800;0.800
1558388613.082;200;0.733;0.732
1558388613.792;200;0.708;0.708
1558388614.545;200;0.750;0.752
1558388615.344;200;0.794;0.792
1558388616.114;200;0.767;0.768
1558388616.853;200;0.737;0.736
1558388617.633;200;0.777;0.780
1558388618.445;200;0.810;0.812
1558388619.188;200;0.741;0.740
1558388619.916;200;0.726;0.728
1558388620.687;200;0.767;0.768
1558388621.503;200;0.811;0.812
1558388622.245;200;0.740;0.744
1558388622.968;200;0.720;0.720
1558388623.711;200;0.740;0.740
1558388624.521;200;0.808;0.812
1558388625.251;200;0.727;0.728
1558388625.955;200;0.700;0.700
1558388626.700;200;0.743;0.744
1558388627.516;200;0.814;0.812
1558388628.247;200;0.729;0.728
1558388628.956;200;0.707;0.708
1558388629.695;200;0.737;0.736
1558388630.520;200;0.823;0.820
1558388631.290;200;0.768;0.768
1558388632.057;200;0.765;0.768
1558388632.793;200;0.732;0.736
1558388633.673;200;0.876;0.876
1558388634.412;200;0.737;0.736
1558388635.172;200;0.756;0.756
1558388635.918;200;0.743;0.744
1558388636.743;200;0.823;0.824
1558388637.498;200;0.754;0.756
1558388638.253;200;0.753;0.756
1558388638.973;200;0.717;0.716
1558388639.803;200;0.826;0.828
1558388640.529;200;0.724;0.728
1558388641.239;200;0.707;0.708
1558388642.000;200;0.757;0.756
1558388642.843;200;0.840;0.840
1558388643.595;200;0.750;0.752
1558388644.345;200;0.748;0.744
1558388645.151;200;0.802;0.804
1558388645.981;200;0.826;0.828
1558388646.747;200;0.764;0.764
1558388647.445;200;0.696;0.696
1558388648.257;200;0.809;0.812
1558388649.072;200;0.813;0.812
1558388649.819;200;0.746;0.744
1558388650.555;200;0.733;0.732
1558388651.312;200;0.755;0.756
1558388652.115;200;0.800;0.800
1558388652.902;200;0.785;0.788
1558388653.634;200;0.730;0.732
1558388654.407;200;0.771;0.772
1558388655.212;200;0.802;0.804
1558388655.968;200;0.753;0.752
1558388656.677;200;0.707;0.708
1558388657.451;200;0.771;0.772
1558388658.268;200;0.814;0.812
1558388659.028;200;0.757;0.756
1558388659.784;200;0.754;0.752
1558388660.569;200;0.782;0.784
1558388661.381;200;0.809;0.812
1558388662.131;200;0.748;0.748
1558388662.843;200;0.710;0.708
1558388663.603;200;0.759;0.760
1558388664.411;200;0.806;0.804
1558388665.158;200;0.744;0.744
1558388665.884;200;0.724;0.724
1558388666.719;200;0.830;0.828
1558388667.532;200;0.811;0.816
1558388668.256;200;0.720;0.724
1558388668.973;200;0.714;0.716
1558388669.729;200;0.752;0.756
1558388670.527;200;0.796;0.796
1558388671.262;200;0.733;0.732
1558388671.962;200;0.698;0.700
1558388672.625;200;0.661;0.664
1558388673.459;200;0.828;0.828
1558388674.222;200;0.760;0.760
1558388674.950;200;0.725;0.724
1558388675.720;200;0.767;0.768
1558388676.523;200;0.800;0.800
1558388677.243;200;0.718;0.720
1558388677.947;200;0.702;0.704
1558388678.697;200;0.748;0.752
1558388679.516;200;0.817;0.820
1558388680.275;200;0.756;0.756
1558388681.021;200;0.744;0.744
1558388681.832;200;0.808;0.808
1558388682.651;200;0.814;0.816
1558388683.375;200;0.722;0.724
1558388684.067;200;0.690;0.692
1558388684.857;200;0.787;0.788
1558388685.679;200;0.819;0.820
1558388686.411;200;0.729;0.728
1558388687.140;200;0.726;0.728
1558388687.878;200;0.733;0.736
1558388688.680;200;0.799;0.800
1558388689.410;200;0.727;0.728
1558388690.124;200;0.712;0.712
1558388690.871;200;0.745;0.744
1558388691.674;200;0.798;0.800
1558388692.407;200;0.726;0.728
1558388693.134;200;0.725;0.728
1558388693.876;200;0.740;0.744
1558388694.759;200;0.879;0.880
1558388695.556;200;0.795;0.796
1558388696.278;200;0.719;0.720
1558388697.052;200;0.772;0.772
1558388697.859;200;0.803;0.804
1558388698.586;200;0.726;0.728
1558388699.342;200;0.753;0.756
1558388700.123;200;0.772;0.772
1558388700.971;200;0.846;0.844
1558388701.688;200;0.714;0.712
1558388702.431;200;0.739;0.740
1558388703.239;200;0.805;0.804
1558388704.059;200;0.817;0.816
1558388704.819;200;0.755;0.756
1558388705.539;200;0.718;0.720
1558388706.338;200;0.797;0.796
1558388707.139;200;0.799;0.800
1558388707.888;200;0.747;0.748
1558388708.606;200;0.715;0.716
1558388709.380;200;0.772;0.772
1558388710.165;200;0.784;0.780
1558388710.914;200;0.746;0.748
1558388711.634;200;0.718;0.720
1558388712.421;200;0.784;0.784
1558388713.259;200;0.835;0.836
1558388713.991;200;0.730;0.732
1558388714.706;200;0.712;0.712
1558388715.467;200;0.759;0.760
1558388716.303;200;0.835;0.836
1558388717.055;200;0.750;0.752
1558388717.772;200;0.715;0.716
1558388718.557;200;0.782;0.784
1558388719.374;200;0.814;0.816
1558388720.126;200;0.750;0.752
1558388720.837;200;0.709;0.712
1558388721.555;200;0.715;0.716
1558388722.378;200;0.821;0.824
1558388723.116;200;0.736;0.736
1558388723.851;200;0.732;0.732
1558388724.655;200;0.802;0.800
1558388725.476;200;0.819;0.824
1558388726.244;200;0.765;0.764
1558388726.988;200;0.741;0.740
1558388727.792;200;0.801;0.800
1558388728.618;200;0.824;0.824
1558388729.371;200;0.751;0.752
1558388730.104;200;0.731;0.732
1558388730.852;200;0.745;0.744
1558388731.704;200;0.850;0.848
1558388732.436;200;0.729;0.728
1558388733.160;200;0.721;0.720
1558388733.928;200;0.765;0.765
1558388734.745;200;0.812;0.816
1558388735.489;200;0.742;0.740
1558388736.224;200;0.732;0.732
1558388736.980;200;0.753;0.752
1558388737.806;200;0.823;0.824
1558388738.533;200;0.725;0.728
1558388739.244;200;0.709;0.708
1558388740.034;200;0.787;0.788
1558388740.847;200;0.810;0.812
1558388741.593;200;0.744;0.744
1558388742.305;200;0.709;0.712
1558388743.061;200;0.754;0.756
1558388743.895;200;0.830;0.828
1558388744.625;200;0.727;0.728
1558388745.392;200;0.764;0.764
1558388746.173;200;0.778;0.776
1558388746.975;200;0.795;0.796
1558388747.705;200;0.728;0.732
1558388748.429;200;0.719;0.720
1558388749.166;200;0.734;0.736
1558388749.992;200;0.821;0.820
1558388750.734;200;0.739;0.740
1558388751.458;200;0.722;0.724
1558388752.195;200;0.735;0.736
1558388753.064;200;0.867;0.868
1558388753.798;200;0.732;0.732
1558388754.543;200;0.743;0.744
1558388755.300;200;0.756;0.756
1558388756.115;200;0.812;0.812
1558388756.860;200;0.743;0.744
1558388757.593;200;0.730;0.732
1558388758.346;200;0.750;0.752
1558388759.152;200;0.803;0.804
1558388759.904;200;0.750;0.748
1558388760.655;200;0.747;0.748
1558388761.425;200;0.769;0.772
1558388762.244;200;0.816;0.816
1558388763.001;200;0.753;0.752
1558388763.743;200;0.740;0.740
1558388764.544;200;0.799;0.800
1558388765.362;200;0.815;0.816
1558388766.116;200;0.752;0.752
1558388766.873;200;0.754;0.756
1558388767.664;200;0.789;0.788
1558388768.470;200;0.797;0.800
1558388769.219;200;0.747;0.748
1558388769.922;200;0.702;0.704
1558388770.659;200;0.735;0.736
1558388771.481;200;0.818;0.820
1558388772.277;200;0.793;0.796
1558388772.993;200;0.714;0.712
1558388773.747;200;0.749;0.748
1558388774.580;200;0.831;0.828
1558388775.308;200;0.725;0.728
1558388776.051;200;0.740;0.740
1558388776.814;200;0.761;0.760
1558388777.615;200;0.799;0.800
1558388778.364;200;0.748;0.748
1558388779.106;200;0.739;0.740
1558388779.878;200;0.770;0.772
1558388780.716;200;0.836;0.836
1558388781.449;200;0.732;0.732
1558388782.180;200;0.727;0.732
1558388782.942;200;0.758;0.760
1558388783.765;200;0.821;0.824
1558388784.518;200;0.751;0.752
1558388785.239;200;0.717;0.716
1558388786.064;200;0.820;0.004, 0.816
1558388786.818;200;0.750;0.752
1558388787.643;200;0.823;0.004, 0.000, 0.000, 0.820
1558388788.403;200;0.757;0.756
1558388789.145;200;0.740;0.744
1558388789.943;200;0.795;0.796
1558388790.659;200;0.714;0.716
1558388791.404;200;0.743;0.744
1558388792.139;200;0.733;0.732
1558388792.966;200;0.825;0.824
1558388793.670;200;0.702;0.704
1558388794.416;200;0.744;0.744
1558388795.148;200;0.729;0.728
1558388795.940;200;0.790;0.788
1558388796.653;200;0.712;0.708
1558388797.399;200;0.743;0.744
1558388798.148;200;0.747;0.748
1558388798.971;200;0.820;0.820
1558388799.702;200;0.730;0.732
1558388800.478;200;0.774;0.776
1558388801.198;200;0.718;0.720
1558388802.021;200;0.821;0.824
1558388802.744;200;0.721;0.720
1558388803.499;200;0.753;0.752
1558388804.264;200;0.763;0.764
1558388805.079;200;0.812;0.812
1558388805.782;200;0.702;0.704
1558388806.535;200;0.751;0.752
1558388807.267;200;0.730;0.732
1558388808.063;200;0.794;0.796
1558388808.775;200;0.710;0.712
1558388809.521;200;0.744;0.748
1558388810.253;200;0.729;0.732
1558388811.077;200;0.818;0.820
1558388811.817;200;0.738;0.740
1558388812.617;200;0.798;0.800
1558388813.367;200;0.748;0.748
1558388814.205;200;0.837;0.840
1558388814.909;200;0.702;0.704
1558388815.663;200;0.751;0.752
1558388816.424;200;0.760;0.760
1558388817.275;200;0.849;0.848
1558388818.007;200;0.730;0.732
1558388818.777;200;0.767;0.768
1558388819.522;200;0.743;0.744
1558388820.349;200;0.814;0.816
1558388821.070;200;0.719;0.720
1558388821.840;200;0.768;0.768
1558388822.575;200;0.733;0.732
1558388823.410;200;0.833;0.836
1558388824.159;200;0.747;0.748
1558388824.946;200;0.784;0.784
1558388825.685;200;0.737;0.736
1558388826.489;200;0.801;0.804
1558388827.203;200;0.711;0.712
1558388827.967;200;0.762;0.764
1558388828.696;200;0.727;0.728
1558388829.492;200;0.793;0.792
1558388830.213;200;0.718;0.720
1558388831.019;200;0.803;0.804
1558388831.766;200;0.745;0.748
1558388832.590;200;0.822;0.824
1558388833.320;200;0.727;0.728
1558388834.087;200;0.765;0.764
1558388834.827;200;0.737;0.736
1558388835.610;200;0.780;0.780
1558388836.311;200;0.699;0.700
1558388837.103;200;0.790;0.792
1558388837.835;200;0.730;0.732
1558388838.634;200;0.798;0.800
1558388839.323;200;0.687;0.688
1558388840.115;200;0.790;0.788
1558388840.883;200;0.765;0.764
1558388841.670;200;0.785;0.788
1558388842.369;200;0.697;0.700
1558388843.118;200;0.747;0.748
1558388843.864;200;0.744;0.744
1558388844.661;200;0.787;0.784
1558388845.394;200;0.731;0.732
1558388846.141;200;0.745;0.748
1558388846.908;200;0.764;0.764
1558388847.707;200;0.796;0.796
1558388848.441;200;0.732;0.736
1558388849.258;200;0.815;0.816
1558388849.985;200;0.724;0.724
1558388850.787;200;0.800;0.800
1558388851.501;200;0.712;0.712
1558388852.239;200;0.736;0.736
1558388852.956;200;0.715;0.712
1558388853.768;200;0.809;0.808
1558388854.503;200;0.733;0.732
1558388855.260;200;0.756;0.756
1558388856.012;200;0.750;0.748
1558388856.805;200;0.791;0.792
1558388857.525;200;0.718;0.720
1558388858.255;200;0.729;0.728
1558388858.998;200;0.741;0.744
1558388859.811;200;0.811;0.812
1558388860.513;200;0.700;0.704
1558388861.313;200;0.798;0.800
1558388862.096;200;0.781;0.780
1558388862.894;200;0.797;0.796
1558388863.619;200;0.723;0.724
1558388864.365;200;0.744;0.748
1558388865.107;200;0.739;0.740
1558388865.954;200;0.846;0.848
1558388866.694;200;0.738;0.740
1558388867.448;200;0.752;0.752
1558388868.187;200;0.737;0.736
1558388869.008;200;0.819;0.820
1558388869.718;200;0.708;0.708
1558388870.449;200;0.729;0.728
1558388871.191;200;0.739;0.740
1558388871.992;200;0.800;0.800
1558388872.718;200;0.724;0.724
1558388873.524;200;0.804;0.804
1558388874.269;200;0.743;0.740
1558388875.127;200;0.856;0.856
1558388875.845;200;0.717;0.716
1558388876.572;200;0.726;0.724
1558388877.303;200;0.729;0.728
1558388878.111;200;0.807;0.808
1558388878.838;200;0.726;0.728
1558388879.580;200;0.740;0.740
1558388880.316;200;0.734;0.732
1558388881.139;200;0.819;0.820
1558388881.828;200;0.687;0.688
1558388882.606;200;0.775;0.776
1558388883.367;200;0.759;0.760
1558388884.173;200;0.804;0.804
1558388884.896;200;0.719;0.720
1558388885.623;200;0.725;0.724
1558388886.396;200;0.771;0.772
1558388887.200;200;0.802;0.800
1558388887.920;200;0.718;0.716
1558388888.659;200;0.737;0.736
1558388889.406;200;0.745;0.748
1558388890.252;200;0.845;0.844
1558388891.000;200;0.744;0.744
1558388891.824;200;0.821;0.820
1558388892.604;200;0.778;0.776
1558388893.453;200;0.846;0.844
1558388894.175;200;0.720;0.720
1558388894.952;200;0.775;0.776
1558388895.678;200;0.725;0.724
1558388896.538;200;0.858;0.860
1558388897.271;200;0.731;0.732
1558388898.013;200;0.738;0.740
1558388898.737;200;0.722;0.720
1558388899.581;200;0.840;0.844
1558388900.333;200;0.750;0.748
1558388901.106;200;0.770;0.772
1558388901.851;200;0.743;0.744
1558388902.686;200;0.833;0.836
1558388903.411;200;0.724;0.724
1558388904.131;200;0.719;0.720
1558388904.870;200;0.737;0.736
1558388905.676;200;0.804;0.804
1558388906.394;200;0.717;0.716
1558388907.192;200;0.796;0.796
1558388907.955;200;0.761;0.760
1558388908.783;200;0.827;0.828
1558388909.502;200;0.718;0.720
1558388910.278;200;0.774;0.776
1558388911.019;200;0.739;0.740
1558388911.874;200;0.852;0.852
1558388912.600;200;0.724;0.724
1558388913.348;200;0.745;0.744
1558388914.086;200;0.735;0.736
1558388914.887;200;0.799;0.800
1558388915.590;200;0.702;0.704
1558388916.334;200;0.742;0.744
1558388917.072;200;0.736;0.736
1558388917.859;200;0.783;0.784
1558388918.562;200;0.702;0.704
1558388919.308;200;0.744;0.744
1558388920.048;200;0.737;0.736
1558388920.852;200;0.800;0.800
1558388921.572;200;0.716;0.716
1558388922.347;200;0.772;0.772
1558388923.080;200;0.729;0.728
1558388923.915;200;0.834;0.836
1558388924.627;200;0.708;0.708
1558388925.305;200;0.677;0.676
1558388926.023;200;0.716;0.716
1558388926.835;200;0.809;0.808
1558388927.568;200;0.732;0.732
1558388928.356;200;0.786;0.784
1558388929.092;200;0.734;0.732
1558388929.884;200;0.790;0.788
1558388930.575;200;0.689;0.688
1558388931.323;200;0.746;0.748
1558388932.070;200;0.744;0.744
1558388932.861;200;0.789;0.792
1558388933.584;200;0.721;0.720
1558388934.372;200;0.785;0.784
1558388935.132;200;0.756;0.756
1558388935.912;200;0.777;0.776
1558388936.639;200;0.724;0.724
1558388937.422;200;0.781;0.784
1558388938.134;200;0.710;0.712
1558388938.959;200;0.824;0.824
1558388939.692;200;0.731;0.732
1558388940.481;200;0.786;0.788
1558388941.249;200;0.766;0.768
1558388942.032;200;0.780;0.780
1558388942.802;200;0.767;0.768
1558388943.556;200;0.752;0.752
1558388944.250;200;0.691;0.692
1558388945.076;200;0.824;0.824
1558388945.820;200;0.742;0.740
1558388946.609;200;0.786;0.784
1558388947.346;200;0.735;0.736
1558388948.146;200;0.798;0.800
1558388948.893;200;0.745;0.748
1558388949.708;200;0.812;0.812
1558388950.462;200;0.752;0.752
1558388951.243;200;0.780;0.780
1558388951.951;200;0.706;0.708
1558388952.727;200;0.774;0.772
1558388953.515;200;0.787;0.788
1558388954.332;200;0.815;0.816
1558388955.062;200;0.726;0.728
1558388955.791;200;0.727;0.728
1558388956.518;200;0.725;0.728
1558388957.330;200;0.810;0.812
1558388958.041;200;0.709;0.708
1558388958.799;200;0.756;0.756
1558388959.561;200;0.760;0.760
1558388960.342;200;0.779;0.780
1558388961.055;200;0.712;0.712
1558388961.790;200;0.733;0.736
1558388962.542;200;0.750;0.752
1558388963.364;200;0.820;0.820
1558388964.136;200;0.771;0.772
1558388964.897;200;0.757;0.756
1558388965.645;200;0.746;0.744
1558388966.458;200;0.810;0.812
1558388967.182;200;0.722;0.724
1558388967.955;200;0.771;0.772
1558388968.690;200;0.733;0.736
1558388969.496;200;0.804;0.804
1558388970.232;200;0.735;0.736
1558388971.018;200;0.783;0.784
1558388971.752;200;0.733;0.732
1558388972.605;200;0.851;0.848
1558388973.349;200;0.742;0.744
1558388974.160;200;0.809;0.808
1558388974.890;200;0.727;0.728
1558388975.712;200;0.820;0.820
1558388976.434;200;0.719;0.720
1558388977.188;200;0.752;0.752
1558388977.938;200;0.747;0.748
1558388978.818;200;0.878;0.880
1558388979.548;200;0.728;0.728
1558388980.298;200;0.747;0.748
1558388981.027;200;0.727;0.728
1558388981.832;200;0.802;0.800
1558388982.569;200;0.734;0.732
1558388983.350;200;0.779;0.780
1558388984.104;200;0.752;0.752
1558388984.996;200;0.888;0.888
1558388985.763;200;0.763;0.764
1558388986.472;200;0.705;0.704
1558388987.216;200;0.742;0.740
1558388988.031;200;0.814;0.816
1558388988.762;200;0.729;0.732
1558388989.524;200;0.760;0.760
1558388990.287;200;0.760;0.760
1558388991.135;200;0.845;0.844
1558388991.856;200;0.718;0.716
1558388992.612;200;0.754;0.752
1558388993.355;200;0.740;0.740
1558388994.203;200;0.843;0.844
1558388994.938;200;0.732;0.732
1558388995.680;200;0.741;0.740
1558388996.414;200;0.732;0.732
1558388997.285;200;0.866;0.864
1558388998.004;200;0.717;0.716
1558388998.809;200;0.801;0.800
1558388999.537;200;0.726;0.728
1558389000.352;200;0.813;0.812
1558389001.092;200;0.738;0.736
1558389001.862;200;0.767;0.768
1558389002.592;200;0.728;0.728
1558389003.415;200;0.821;0.820
1558389004.129;200;0.711;0.712
1558389004.918;200;0.786;0.788
1558389005.664;200;0.744;0.744
1558389006.478;200;0.812;0.812
1558389007.218;200;0.738;0.740
1558389007.922;200;0.702;0.704
1558389008.665;200;0.741;0.740
1558389009.494;200;0.827;0.828
1558389010.209;200;0.714;0.716
1558389010.975;200;0.764;0.764
1558389011.750;200;0.774;0.776
1558389012.572;200;0.820;0.820
1558389013.299;200;0.724;0.724
1558389014.091;200;0.790;0.792
1558389014.825;200;0.732;0.736
1558389015.696;200;0.868;0.868
1558389016.407;200;0.708;0.708
1558389017.168;200;0.758;0.756
1558389017.917;200;0.746;0.744
1558389018.743;200;0.823;0.824
1558389019.489;200;0.744;0.740
1558389020.278;200;0.787;0.788
1558389021.012;200;0.732;0.732
1558389021.860;200;0.845;0.844
1558389022.578;200;0.715;0.716
1558389023.323;200;0.743;0.744
1558389024.070;200;0.744;0.744
1558389024.887;200;0.814;0.816
1558389025.617;200;0.728;0.728
1558389026.400;200;0.780;0.780
1558389027.138;200;0.735;0.736
1558389027.993;200;0.853;0.852
1558389028.712;200;0.717;0.716
1558389029.467;200;0.752;0.752
1558389030.202;200;0.733;0.736
1558389031.080;200;0.876;0.876
1558389031.800;200;0.717;0.716
1558389032.547;200;0.744;0.744
1558389033.261;200;0.712;0.712
1558389034.076;200;0.812;0.812
1558389034.805;200;0.725;0.724
1558389035.595;200;0.786;0.788
1558389036.331;200;0.734;0.736
1558389037.150;200;0.817;0.820
1558389037.861;200;0.709;0.708
1558389038.604;200;0.741;0.740
1558389039.340;200;0.735;0.732
1558389040.164;200;0.821;0.820
1558389040.895;200;0.729;0.728
1558389041.639;200;0.743;0.744
1558389042.392;200;0.752;0.752
1558389043.214;200;0.821;0.824
1558389043.938;200;0.723;0.724
1558389044.700;200;0.760;0.760
1558389045.434;200;0.730;0.732
1558389046.264;200;0.828;0.828
1558389046.963;200;0.696;0.696
1558389047.722;200;0.757;0.760
1558389048.460;200;0.736;0.736
1558389049.264;200;0.802;0.800
1558389049.988;200;0.721;0.720
1558389050.787;200;0.796;0.796
1558389051.543;200;0.754;0.756
1558389052.387;200;0.842;0.844
1558389053.083;200;0.694;0.696
1558389053.830;200;0.746;0.748
1558389054.606;200;0.774;0.776
1558389055.431;200;0.823;0.824
1558389056.190;200;0.756;0.756
1558389056.984;200;0.792;0.792
1558389057.708;200;0.721;0.720
1558389058.597;200;0.887;0.888
1558389059.338;200;0.739;0.740
1558389060.076;200;0.736;0.736
1558389060.808;200;0.729;0.728
1558389061.659;200;0.848;0.848
1558389062.406;200;0.745;0.748
1558389063.152;200;0.745;0.744
1558389063.877;200;0.723;0.720
1558389064.693;200;0.813;0.812
1558389065.448;200;0.753;0.752
1558389066.189;200;0.738;0.740
1558389066.918;200;0.727;0.728
1558389067.732;200;0.812;0.812
1558389068.440;200;0.706;0.704
1558389069.146;200;0.703;0.704
1558389069.877;200;0.729;0.732
1558389070.696;200;0.817;0.816
1558389071.409;200;0.710;0.708
1558389072.144;200;0.732;0.732
1558389072.908;200;0.761;0.760
1558389073.743;200;0.830;0.832
1558389074.462;200;0.716;0.716
1558389075.219;200;0.753;0.752
1558389075.919;200;0.696;0.696
1558389076.754;200;0.833;0.836
1558389077.472;200;0.715;0.716
1558389078.227;200;0.753;0.752
1558389078.960;200;0.732;0.732
1558389079.786;200;0.823;0.824
1558389080.498;200;0.711;0.712
1558389081.254;200;0.754;0.756
1558389082.008;200;0.752;0.752
1558389082.837;200;0.826;0.824
1558389083.561;200;0.722;0.720
1558389084.302;200;0.738;0.740
1558389085.044;200;0.739;0.740
1558389085.860;200;0.813;0.812
1558389086.567;200;0.705;0.704
1558389087.341;200;0.773;0.772
1558389088.073;200;0.730;0.728
1558389088.894;200;0.819;0.820
1558389089.594;200;0.699;0.700
1558389090.296;200;0.700;0.700
1558389091.045;200;0.747;0.744
1558389091.870;200;0.823;0.824
1558389092.621;200;0.749;0.752
1558389093.377;200;0.754;0.752
1558389094.112;200;0.732;0.732
1558389094.923;200;0.808;0.808
1558389095.653;200;0.728;0.728
1558389096.426;200;0.772;0.772
1558389097.159;200;0.731;0.732
1558389097.979;200;0.817;0.816
1558389098.695;200;0.715;0.716
1558389099.454;200;0.758;0.760
1558389100.172;200;0.717;0.716
1558389100.987;200;0.812;0.812
1558389101.757;200;0.769;0.768
1558389102.546;200;0.787;0.788
1558389103.293;200;0.745;0.744
1558389104.105;200;0.811;0.808
1558389104.817;200;0.709;0.708
1558389105.517;200;0.697;0.696
1558389106.247;200;0.727;0.728
1558389107.066;200;0.817;0.820
1558389107.796;200;0.729;0.728
1558389108.498;200;0.700;0.700
1558389109.241;200;0.742;0.740
1558389110.073;200;0.830;0.828
1558389110.736;200;0.661;0.660
1558389111.476;200;0.738;0.736
1558389112.214;200;0.736;0.736
1558389113.028;200;0.811;0.812
1558389113.759;200;0.729;0.728
1558389114.494;200;0.733;0.736
1558389115.217;200;0.721;0.720
1558389116.032;200;0.811;0.812
1558389116.756;200;0.721;0.720
1558389117.521;200;0.763;0.760
1558389118.265;200;0.739;0.736
1558389119.169;200;0.849;0.848
1558389119.888;200;0.717;0.716
1558389120.684;200;0.794;0.792
1558389121.416;200;0.729;0.728
1558389122.238;200;0.820;0.820
1558389122.959;200;0.719;0.720
1558389123.630;200;0.670;0.672
1558389124.366;200;0.734;0.737
1558389125.198;200;0.821;0.824
1558389125.916;200;0.716;0.716
1558389126.672;200;0.753;0.752
1558389127.410;200;0.736;0.736
1558389128.204;200;0.792;0.792
1558389128.944;200;0.737;0.736
1558389129.698;200;0.751;0.752
1558389130.425;200;0.725;0.724
1558389131.262;200;0.834;0.836
1558389131.992;200;0.728;0.728
1558389132.755;200;0.760;0.760
1558389133.519;200;0.762;0.764
1558389134.342;200;0.821;0.824
1558389135.037;200;0.683;0.680
1558389135.821;200;0.782;0.780
1558389136.561;200;0.737;0.736
1558389137.379;200;0.817;0.820
1558389138.107;200;0.727;0.728
1558389138.864;200;0.754;0.752
1558389139.616;200;0.750;0.752
1558389140.417;200;0.798;0.796
1558389141.158;200;0.738;0.736
1558389141.901;200;0.741;0.744
1558389142.680;200;0.777;0.776
1558389143.506;200;0.824;0.828
1558389144.243;200;0.736;0.736
1558389145.002;200;0.755;0.756
1558389145.740;200;0.736;0.736
1558389146.568;200;0.826;0.828
1558389147.270;200;0.700;0.700
1558389148.020;200;0.748;0.748
1558389148.766;200;0.744;0.748
1558389149.592;200;0.822;0.820
1558389150.310;200;0.716;0.716
1558389151.126;200;0.814;0.816
1558389151.857;200;0.729;0.728
1558389152.688;200;0.829;0.832
1558389153.396;200;0.706;0.708
1558389154.190;200;0.791;0.792
1558389154.932;200;0.739;0.740
1558389155.756;200;0.820;0.820
1558389156.503;200;0.744;0.744
1558389157.247;200;0.742;0.744
1558389157.977;200;0.728;0.728
1558389158.831;200;0.852;0.852
1558389159.580;200;0.747;0.748
1558389160.319;200;0.737;0.736
1558389161.057;200;0.736;0.736
1558389161.894;200;0.834;0.836
1558389162.644;200;0.749;0.748
1558389163.441;200;0.795;0.796
1558389164.171;200;0.728;0.732
1558389164.979;200;0.805;0.804
1558389165.692;200;0.710;0.708
1558389166.451;200;0.756;0.756
1558389167.183;200;0.731;0.732
1558389168.004;200;0.818;0.812
1558389168.726;200;0.719;0.720
1558389169.516;200;0.788;0.788
1558389170.264;200;0.745;0.744
1558389171.085;200;0.819;0.816
1558389171.843;200;0.756;0.756
1558389172.595;200;0.750;0.752
1558389173.330;200;0.732;0.732
1558389174.163;200;0.831;0.832
1558389174.890;200;0.725;0.728
1558389175.614;200;0.723;0.000, 0.724
1558389176.433;200;0.815;0.812
1558389177.143;200;0.707;0.712
1558389177.919;200;0.774;0.004, 0.772
1558389178.725;200;0.804;0.004, 0.000, 0.800
1558389179.438;200;0.711;0.712
1558389180.187;200;0.747;0.748
1558389180.906;200;0.717;0.720
1558389181.747;200;0.839;0.840
1558389182.489;200;0.740;0.740
1558389183.247;200;0.755;0.756
1558389183.965;200;0.716;0.712
1558389184.820;200;0.851;0.848
1558389185.583;200;0.760;0.760
1558389186.333;200;0.748;0.748
1558389187.074;200;0.738;0.740
1558389187.919;200;0.843;0.844
1558389188.659;200;0.737;0.740
1558389189.414;200;0.753;0.756
1558389190.184;200;0.768;0.768
1558389190.998;200;0.812;0.812
1558389191.753;200;0.751;0.748
1558389192.529;200;0.774;0.772
1558389193.258;200;0.726;0.728
1558389194.096;200;0.836;0.836
1558389194.839;200;0.741;0.740
1558389195.600;200;0.759;0.760
1558389196.304;200;0.702;0.704
1558389197.118;200;0.811;0.812
1558389197.870;200;0.750;0.752
1558389198.621;200;0.750;0.748
1558389199.324;200;0.701;0.700
1558389200.140;200;0.813;0.812
1558389200.878;200;0.735;0.736
1558389201.644;200;0.764;0.764
1558389202.365;200;0.717;0.716
1558389203.206;200;0.838;0.836
1558389203.956;200;0.748;0.752
1558389204.707;200;0.747;0.748
1558389205.441;200;0.732;0.732
1558389206.268;200;0.825;0.828
1558389207.001;200;0.731;0.728
1558389207.771;200;0.768;0.772
1558389208.515;200;0.742;0.744
1558389209.356;200;0.839;0.840
1558389210.088;200;0.730;0.728
1558389210.847;200;0.757;0.756
1558389211.557;200;0.709;0.712
1558389212.387;200;0.828;0.828
1558389213.160;200;0.770;0.772
1558389213.967;200;0.805;0.808
1558389214.690;200;0.721;0.724
1558389215.512;200;0.820;0.820
1558389216.248;200;0.734;0.736
1558389217.014;200;0.764;0.768
1558389217.734;200;0.718;0.720
1558389218.567;200;0.831;0.832
1558389219.296;200;0.726;0.728
1558389220.035;200;0.737;0.740
1558389220.770;200;0.734;0.736
1558389221.597;200;0.824;0.824
1558389222.341;200;0.741;0.740
1558389223.115;200;0.771;0.772
1558389223.855;200;0.737;0.736
1558389224.712;200;0.853;0.852
1558389225.450;200;0.737;0.740
1558389226.169;200;0.710;0.708
1558389226.887;200;0.713;0.716
1558389227.714;200;0.826;0.828
1558389228.455;200;0.739;0.740
1558389229.226;200;0.769;0.772
1558389229.956;200;0.728;0.728
1558389230.799;200;0.839;0.840
1558389231.520;200;0.720;0.720
1558389232.267;200;0.744;0.744
1558389232.988;200;0.718;0.716
1558389233.823;200;0.832;0.836
1558389234.583;200;0.756;0.756
1558389235.328;200;0.743;0.744
1558389236.059;200;0.729;0.728
1558389236.886;200;0.826;0.832
1558389237.602;200;0.714;0.716
1558389238.358;200;0.754;0.752
1558389239.084;200;0.724;0.728
1558389239.923;200;0.837;0.840
1558389240.684;200;0.759;0.756
1558389241.448;200;0.761;0.760
1558389242.208;200;0.757;0.756
1558389243.037;200;0.827;0.828
1558389243.755;200;0.716;0.716
1558389244.523;200;0.766;0.768
1558389245.280;200;0.755;0.756
1558389246.124;200;0.842;0.844
1558389246.846;200;0.719;0.720
1558389247.598;200;0.751;0.752
1558389248.296;200;0.696;0.696
1558389249.128;200;0.829;0.828
1558389249.861;200;0.731;0.732
1558389250.638;200;0.775;0.780
1558389251.365;200;0.725;0.724
1558389252.201;200;0.834;0.836
1558389252.956;200;0.752;0.756
1558389253.741;200;0.783;0.784
1558389254.452;200;0.709;0.712
1558389255.290;200;0.835;0.836
1558389256.073;200;0.782;0.784
1558389256.877;200;0.801;0.804
1558389257.594;200;0.715;0.716
1558389258.434;200;0.838;0.836
1558389259.161;200;0.725;0.728
1558389259.969;200;0.807;0.808
1558389260.686;200;0.714;0.716
1558389261.536;200;0.848;0.852
1558389262.302;200;0.764;0.768
1558389263.051;200;0.747;0.744
1558389263.800;200;0.747;0.752
1558389264.637;200;0.833;0.836
1558389265.381;200;0.743;0.744
1558389266.165;200;0.782;0.784
1558389266.876;200;0.709;0.708
1558389267.716;200;0.838;0.836
1558389268.434;200;0.715;0.716
1558389269.197;200;0.761;0.760
1558389269.932;200;0.732;0.732
1558389270.764;200;0.829;0.828
1558389271.496;200;0.730;0.732
1558389272.247;200;0.748;0.752
1558389272.952;200;0.704;0.704
1558389273.760;200;0.806;0.804
1558389274.510;200;0.747;0.748
1558389275.297;200;0.786;0.788
1558389276.013;200;0.714;0.716
1558389276.866;200;0.851;0.856
1558389277.595;200;0.727;0.728
1558389278.375;200;0.778;0.780
1558389279.102;200;0.725;0.728
1558389279.896;200;0.793;0.792
1558389280.621;200;0.723;0.724
1558389281.414;200;0.791;0.796
1558389282.130;200;0.715;0.712
1558389282.940;200;0.809;0.812
1558389283.698;200;0.757;0.760
1558389284.497;200;0.798;0.796
1558389285.214;200;0.714;0.720
1558389286.022;200;0.806;0.804
1558389286.761;200;0.737;0.740
1558389287.558;200;0.796;0.796
1558389288.274;200;0.715;0.720
1558389289.093;200;0.817;0.816
1558389289.823;200;0.728;0.732
1558389290.578;200;0.752;0.756
1558389291.287;200;0.707;0.708
1558389292.052;200;0.763;0.764
1558389292.804;200;0.748;0.748
1558389293.579;200;0.771;0.772
1558389294.290;200;0.709;0.712
1558389295.114;200;0.821;0.824
1558389295.842;200;0.726;0.728
1558389296.599;200;0.755;0.756
1558389297.311;200;0.709;0.708
1558389298.132;200;0.820;0.820
1558389298.870;200;0.736;0.732
1558389299.614;200;0.743;0.744
1558389300.326;200;0.711;0.716
1558389301.147;200;0.820;0.820
1558389301.870;200;0.721;0.724
1558389302.659;200;0.783;0.788
1558389303.390;200;0.729;0.732
1558389304.247;200;0.855;0.856
1558389305.012;200;0.762;0.764
1558389305.749;200;0.736;0.736
1558389306.459;200;0.708;0.712
1558389307.258;200;0.796;0.800
1558389308.001;200;0.741;0.740
1558389308.767;200;0.764;0.768
1558389309.517;200;0.748;0.748
1558389310.305;200;0.787;0.788
1558389311.054;200;0.747;0.748
1558389311.812;200;0.757;0.760
1558389312.532;200;0.718;0.720
1558389313.327;200;0.792;0.792
1558389314.041;200;0.711;0.712
1558389314.802;200;0.758;0.764
1558389315.528;200;0.724;0.724
1558389316.335;200;0.805;0.808
1558389317.114;200;0.776;0.776
1558389317.930;200;0.814;0.820
1558389318.650;200;0.718;0.720
1558389319.462;200;0.810;0.812
1558389320.198;200;0.734;0.732
1558389320.946;200;0.746;0.752
1558389321.659;200;0.711;0.712
1558389322.465;200;0.804;0.804
1558389323.211;200;0.744;0.744
1558389323.968;200;0.755;0.756
1558389324.702;200;0.731;0.736
1558389325.510;200;0.806;0.808
1558389326.277;200;0.765;0.764
1558389327.090;200;0.812;0.816
1558389327.825;200;0.733;0.732
1558389328.635;200;0.808;0.808
1558389329.361;200;0.725;0.728
1558389330.166;200;0.803;0.808
1558389330.887;200;0.719;0.720
1558389331.680;200;0.791;0.792
1558389332.409;200;0.725;0.728
1558389333.163;200;0.752;0.756
1558389333.884;200;0.719;0.720
1558389334.706;200;0.818;0.824
1558389335.461;200;0.753;0.752
1558389336.228;200;0.765;0.768
1558389336.952;200;0.721;0.724
1558389337.748;200;0.793;0.796
1558389338.488;200;0.738;0.740
1558389339.149;200;0.658;0.660
1558389339.907;200;0.755;0.756
1558389340.736;200;0.827;0.828
1558389341.492;200;0.753;0.756
1558389342.218;200;0.724;0.728
1558389342.939;200;0.718;0.720
1558389343.773;200;0.832;0.828
1558389344.515;200;0.739;0.744
1558389345.265;200;0.748;0.748
1558389345.983;200;0.716;0.720
1558389346.799;200;0.814;0.812
1558389347.519;200;0.719;0.720
1558389348.276;200;0.755;0.756
1558389348.993;200;0.715;0.716
1558389349.809;200;0.814;0.816
1558389350.556;200;0.746;0.748
1558389351.342;200;0.784;0.784
1558389352.057;200;0.714;0.716
1558389352.858;200;0.799;0.804
1558389353.588;200;0.729;0.728
1558389354.355;200;0.765;0.768
1558389355.140;200;0.783;0.780
1558389355.938;200;0.796;0.800
1558389356.707;200;0.767;0.764
1558389357.495;200;0.785;0.788
1558389358.232;200;0.735;0.736
1558389359.016;200;0.781;0.784
1558389359.725;200;0.707;0.708
1558389360.476;200;0.749;0.752
1558389361.191;200;0.712;0.716
1558389361.975;200;0.783;0.784
1558389362.720;200;0.743;0.744
1558389363.482;200;0.759;0.760
1558389364.223;200;0.740;0.744
1558389365.041;200;0.814;0.812
1558389365.772;200;0.727;0.732
1558389366.542;200;0.768;0.772
1558389367.257;200;0.713;0.712
1558389368.067;200;0.807;0.812
1558389368.833;200;0.763;0.760
1558389369.607;200;0.772;0.772
1558389370.353;200;0.745;0.748
1558389371.182;200;0.827;0.828
1558389371.911;200;0.727;0.732
1558389372.671;200;0.758;0.760
1558389373.411;200;0.739;0.740
1558389374.228;200;0.815;0.812
1558389374.969;200;0.738;0.740
1558389375.731;200;0.759;0.756
1558389376.434;200;0.702;0.708
1558389377.242;200;0.806;0.808
1558389377.975;200;0.732;0.732
1558389378.727;200;0.747;0.752
1558389379.465;200;0.736;0.736
1558389380.295;200;0.828;0.832
1558389381.029;200;0.732;0.732
1558389381.791;200;0.760;0.764
1558389382.499;200;0.706;0.708
1558389383.320;200;0.819;0.820
1558389384.074;200;0.751;0.756
1558389384.822;200;0.746;0.744
1558389385.567;200;0.744;0.748
1558389386.379;200;0.810;0.812
1558389387.112;200;0.729;0.732
1558389387.927;200;0.812;0.816
1558389388.640;200;0.712;0.712
1558389389.432;200;0.789;0.788
1558389390.156;200;0.722;0.724
1558389390.900;200;0.742;0.744
1558389391.617;200;0.715;0.716
1558389392.443;200;0.824;0.828
1558389393.170;200;0.724;0.724
1558389393.960;200;0.788;0.792
1558389394.692;200;0.730;0.732
1558389395.502;200;0.808;0.812
1558389396.242;200;0.738;0.736
1558389397.007;200;0.764;0.768
1558389397.715;200;0.706;0.708
1558389398.547;200;0.829;0.832
1558389399.291;200;0.743;0.740
1558389400.095;200;0.802;0.808
1558389400.820;200;0.721;0.724
1558389401.622;200;0.799;0.796
1558389402.370;200;0.747;0.752
1558389403.132;200;0.760;0.760
1558389403.858;200;0.723;0.724
1558389404.640;200;0.780;0.784
1558389405.396;200;0.754;0.756
1558389406.167;200;0.769;0.772
1558389406.881;200;0.712;0.712
1558389407.703;200;0.820;0.820
1558389408.447;200;0.743;0.748
1558389409.246;200;0.795;0.800
1558389409.957;200;0.709;0.708
1558389410.773;200;0.814;0.816
1558389411.510;200;0.734;0.740
1558389412.261;200;0.749;0.748
1558389412.980;200;0.717;0.720
1558389413.830;200;0.848;0.848
1558389414.538;200;0.706;0.708
1558389415.292;200;0.752;0.756
1558389415.998;200;0.704;0.704
1558389416.806;200;0.801;0.804
1558389417.556;200;0.748;0.752
1558389418.333;200;0.775;0.776
1558389419.064;200;0.729;0.728
1558389419.903;200;0.837;0.840
1558389420.658;200;0.754;0.756
1558389421.424;200;0.760;0.764
1558389422.133;200;0.706;0.704
1558389422.969;200;0.833;0.836
1558389423.706;200;0.735;0.736
1558389424.456;200;0.748;0.752
1558389425.184;200;0.724;0.724
1558389425.976;200;0.790;0.792
1558389426.743;200;0.765;0.768
1558389427.500;200;0.756;0.756
1558389428.233;200;0.731;0.732
1558389429.067;200;0.831;0.836
1558389429.810;200;0.742;0.740
1558389430.595;200;0.784;0.788
1558389431.303;200;0.705;0.708
1558389432.124;200;0.819;0.820
1558389432.856;200;0.730;0.728
1558389433.621;200;0.762;0.764
1558389434.370;200;0.741;0.740
1558389435.231;200;0.859;0.860
1558389435.976;200;0.742;0.744
1558389436.748;200;0.767;0.772
1558389437.468;200;0.717;0.720
1558389438.301;200;0.829;0.824
1558389439.056;200;0.753;0.756
1558389439.819;200;0.761;0.764
1558389440.562;200;0.741;0.744
1558389441.368;200;0.804;0.804
1558389442.115;200;0.745;0.748
1558389442.869;200;0.752;0.752
1558389443.595;200;0.724;0.728
1558389444.419;200;0.823;0.824
1558389445.183;200;0.762;0.760
1558389445.954;200;0.769;0.776
1558389446.673;200;0.717;0.716
1558389447.466;200;0.791;0.796
1558389448.220;200;0.752;0.752
1558389448.979;200;0.757;0.760
1558389449.694;200;0.714;0.712
1558389450.527;200;0.832;0.836
1558389451.252;200;0.723;0.720
1558389452.056;200;0.798;0.800
1558389452.772;200;0.713;0.716
1558389453.594;200;0.820;0.820
1558389454.339;200;0.744;0.744
1558389455.099;200;0.755;0.760
1558389455.824;200;0.723;0.724
1558389456.638;200;0.811;0.812
1558389457.359;200;0.719;0.720
1558389458.104;200;0.743;0.744
1558389458.811;200;0.704;0.708
1558389459.659;200;0.847;0.848
1558389460.429;200;0.769;0.768
1558389461.230;200;0.799;0.804
1558389461.946;200;0.714;0.712
1558389462.776;200;0.829;0.832
1558389463.540;200;0.763;0.764
1558389464.304;200;0.759;0.760
1558389465.046;200;0.739;0.740
1558389465.884;200;0.836;0.840
1558389466.648;200;0.761;0.764
1558389467.409;200;0.759;0.760
1558389468.130;200;0.719;0.724
1558389468.992;200;0.860;0.860
1558389469.748;200;0.754;0.756
1558389470.498;200;0.748;0.748
1558389471.228;200;0.728;0.732
1558389472.067;200;0.837;0.840
1558389472.811;200;0.742;0.744
1558389473.608;200;0.794;0.796
1558389474.338;200;0.728;0.728
1558389475.152;200;0.811;0.816
1558389475.892;200;0.738;0.740
1558389476.651;200;0.756;0.756
1558389477.414;200;0.761;0.768
1558389478.207;200;0.791;0.793
1558389478.968;200;0.760;0.760
1558389479.780;200;0.809;0.812
1558389480.542;200;0.759;0.760
1558389481.400;200;0.856;0.860
1558389482.140;200;0.737;0.740
1558389482.884;200;0.741;0.744
1558389483.617;200;0.730;0.732
1558389484.485;200;0.864;0.868
1558389485.228;200;0.740;0.744
1558389485.994;200;0.763;0.764
1558389486.699;200;0.703;0.708
1558389487.560;200;0.859;0.860
1558389488.305;200;0.743;0.744
1558389489.040;200;0.733;0.736
1558389489.800;200;0.758;0.760
1558389490.655;200;0.852;0.852
1558389491.407;200;0.751;0.756
1558389492.189;200;0.779;0.780
1558389492.918;200;0.727;0.728
1558389493.778;200;0.858;0.860
1558389494.557;200;0.777;0.780
1558389495.324;200;0.765;0.764
1558389496.034;200;0.707;0.708
1558389496.880;200;0.844;0.848
1558389497.635;200;0.753;0.756
1558389498.415;200;0.777;0.776
1558389499.111;200;0.695;0.696
1558389499.948;200;0.836;0.836
1558389500.688;200;0.738;0.736
1558389501.403;200;0.712;0.716
1558389502.128;200;0.722;0.724
1558389502.970;200;0.839;0.840
1558389503.706;200;0.733;0.740
1558389504.510;200;0.802;0.800
1558389505.275;200;0.761;0.760
1558389506.102;200;0.826;0.832
1558389506.852;200;0.746;0.748
1558389507.598;200;0.743;0.744
1558389508.294;200;0.694;0.696
1558389509.126;200;0.830;0.832
1558389509.853;200;0.725;0.724
1558389510.650;200;0.795;0.796
1558389511.379;200;0.727;0.732
1558389512.234;200;0.854;0.852
1558389512.973;200;0.737;0.740
1558389513.767;200;0.792;0.792
1558389514.482;200;0.712;0.712
1558389515.331;200;0.847;0.852
1558389516.074;200;0.741;0.740
1558389516.871;200;0.795;0.800
1558389517.571;200;0.698;0.700
1558389518.430;200;0.857;0.856
1558389519.164;200;0.732;0.736
1558389519.936;200;0.769;0.772
1558389520.663;200;0.725;0.728
1558389521.481;200;0.816;0.816
1558389522.227;200;0.744;0.748
1558389523.051;200;0.822;0.824
1558389523.743;200;0.690;0.692
1558389524.585;200;0.839;0.840
1558389525.332;200;0.745;0.748
1558389526.088;200;0.753;0.756
1558389526.784;200;0.694;0.696
1558389527.616;200;0.828;0.832
1558389528.375;200;0.757;0.756
1558389529.147;200;0.769;0.772
1558389529.878;200;0.729;0.728
1558389530.704;200;0.824;0.828
1558389531.433;200;0.727;0.728
