[WARN]  Running against a source checkout. In order to get our runtime dependencies we'll have to invoke Maven. Depending on the state of your system, this may take ~30-45 seconds
[DEBUG]  Running 'mvn -pl com.yahoo.ycsb:rest-binding -am package -DskipTests dependency:build-classpath -DincludeScope=compile -Dmdep.outputFilterFile=true'
WARNING: An illegal reflective access operation has occurred
WARNING: Illegal reflective access by com.google.inject.internal.cglib.core.$ReflectUtils$1 (file:/usr/share/maven/lib/guice.jar) to method java.lang.ClassLoader.defineClass(java.lang.String,byte[],int,int,java.security.ProtectionDomain)
WARNING: Please consider reporting this to the maintainers of com.google.inject.internal.cglib.core.$ReflectUtils$1
WARNING: Use --illegal-access=warn to enable warnings of further illegal reflective access operations
WARNING: All illegal access operations will be denied in a future release
java -cp /home/ubuntu/YCSB/rest/conf:/home/ubuntu/YCSB/rest/target/rest-binding-0.16.0-SNAPSHOT.jar:/home/ubuntu/.m2/repository/org/hdrhistogram/HdrHistogram/2.1.4/HdrHistogram-2.1.4.jar:/home/ubuntu/.m2/repository/org/glassfish/hk2/external/javax.inject/2.2.0/javax.inject-2.2.0.jar:/home/ubuntu/.m2/repository/com/github/stefanbirkner/system-rules/1.16.0/system-rules-1.16.0.jar:/home/ubuntu/.m2/repository/org/codehaus/jackson/jackson-core-asl/1.9.4/jackson-core-asl-1.9.4.jar:/home/ubuntu/.m2/repository/org/glassfish/jersey/core/jersey-server/2.6/jersey-server-2.6.jar:/home/ubuntu/YCSB/core/target/core-0.16.0-SNAPSHOT.jar:/home/ubuntu/.m2/repository/org/glassfish/hk2/hk2-api/2.2.0/hk2-api-2.2.0.jar:/home/ubuntu/.m2/repository/javax/ws/rs/javax.ws.rs-api/2.0/javax.ws.rs-api-2.0.jar:/home/ubuntu/.m2/repository/org/glassfish/hk2/hk2-locator/2.2.0/hk2-locator-2.2.0.jar:/home/ubuntu/.m2/repository/org/eclipse/jdt/core/compiler/ecj/4.4.2/ecj-4.4.2.jar:/home/ubuntu/.m2/repository/org/codehaus/jackson/jackson-mapper-asl/1.9.4/jackson-mapper-asl-1.9.4.jar:/home/ubuntu/.m2/repository/org/glassfish/jersey/bundles/repackaged/jersey-guava/2.6/jersey-guava-2.6.jar:/home/ubuntu/.m2/repository/org/glassfish/hk2/external/aopalliance-repackaged/2.2.0/aopalliance-repackaged-2.2.0.jar:/home/ubuntu/.m2/repository/org/javassist/javassist/3.18.1-GA/javassist-3.18.1-GA.jar:/home/ubuntu/.m2/repository/javax/annotation/javax.annotation-api/1.2/javax.annotation-api-1.2.jar:/home/ubuntu/.m2/repository/org/apache/htrace/htrace-core4/4.1.0-incubating/htrace-core4-4.1.0-incubating.jar:/home/ubuntu/.m2/repository/org/apache/tomcat/embed/tomcat-embed-logging-log4j/8.0.28/tomcat-embed-logging-log4j-8.0.28.jar:/home/ubuntu/.m2/repository/org/apache/tomcat/embed/tomcat-embed-el/8.0.28/tomcat-embed-el-8.0.28.jar:/home/ubuntu/.m2/repository/org/apache/tomcat/embed/tomcat-embed-logging-juli/8.0.28/tomcat-embed-logging-juli-8.0.28.jar:/home/ubuntu/.m2/repository/org/apache/tomcat/embed/tomcat-embed-core/8.0.28/tomcat-embed-core-8.0.28.jar:/home/ubuntu/.m2/repository/org/glassfish/hk2/osgi-resource-locator/1.0.1/osgi-resource-locator-1.0.1.jar:/home/ubuntu/.m2/repository/commons-codec/commons-codec/1.9/commons-codec-1.9.jar:/home/ubuntu/.m2/repository/org/glassfish/jersey/core/jersey-client/2.6/jersey-client-2.6.jar:/home/ubuntu/.m2/repository/org/apache/tomcat/embed/tomcat-embed-websocket/8.0.28/tomcat-embed-websocket-8.0.28.jar:/home/ubuntu/.m2/repository/commons-logging/commons-logging/1.2/commons-logging-1.2.jar:/home/ubuntu/.m2/repository/org/glassfish/hk2/hk2-utils/2.2.0/hk2-utils-2.2.0.jar:/home/ubuntu/.m2/repository/javax/validation/validation-api/1.1.0.Final/validation-api-1.1.0.Final.jar:/home/ubuntu/.m2/repository/org/apache/httpcomponents/httpclient/4.5.1/httpclient-4.5.1.jar:/home/ubuntu/.m2/repository/org/apache/tomcat/tomcat-dbcp/8.0.28/tomcat-dbcp-8.0.28.jar:/home/ubuntu/.m2/repository/org/glassfish/jersey/containers/jersey-container-servlet-core/2.6/jersey-container-servlet-core-2.6.jar:/home/ubuntu/.m2/repository/org/apache/tomcat/embed/tomcat-embed-jasper/8.0.28/tomcat-embed-jasper-8.0.28.jar:/home/ubuntu/.m2/repository/org/glassfish/jersey/core/jersey-common/2.6/jersey-common-2.6.jar:/home/ubuntu/.m2/repository/org/apache/httpcomponents/httpcore/4.4.4/httpcore-4.4.4.jar com.yahoo.ycsb.Client -db com.yahoo.ycsb.webservice.rest.RestClient -s -P workloads/rest_workload -t
Command line: -db com.yahoo.ycsb.webservice.rest.RestClient -s -P workloads/rest_workload -t
YCSB Client 0.16.0-SNAPSHOT

Loading workload...
Starting test.
2019-05-20 21:33:23:824 0 sec: 0 operations; est completion in 0 second 
DBWrapper: report latency for each error is false and specific error codes to track for latency are: []
2019-05-20 21:33:33:751 10 sec: 11 operations; 1.1 current ops/sec; est completion in 30 minutes [READ: Count=11, Max=949247, Min=720384, Avg=797858.91, 90=889343, 99=949247, 99.9=949247, 99.99=949247] 
2019-05-20 21:33:43:750 20 sec: 24 operations; 1.3 current ops/sec; est completion in 27 minutes [READ: Count=13, Max=893439, Min=727040, Avg=781489.23, 90=853503, 99=893439, 99.9=893439, 99.99=893439] 
2019-05-20 21:33:53:748 30 sec: 37 operations; 1.3 current ops/sec; est completion in 26 minutes [READ: Count=13, Max=863743, Min=700416, Avg=772155.08, 90=823295, 99=863743, 99.9=863743, 99.99=863743] 
2019-05-20 21:34:03:748 40 sec: 50 operations; 1.3 current ops/sec; est completion in 26 minutes [READ: Count=13, Max=848383, Min=704000, Avg=761836.31, 90=800255, 99=848383, 99.9=848383, 99.99=848383] 
2019-05-20 21:34:13:748 50 sec: 63 operations; 1.3 current ops/sec; est completion in 25 minutes [READ: Count=13, Max=852479, Min=704512, Avg=774754.46, 90=834559, 99=852479, 99.9=852479, 99.99=852479] 
2019-05-20 21:34:23:748 60 sec: 76 operations; 1.3 current ops/sec; est completion in 25 minutes [READ: Count=13, Max=859647, Min=731648, Avg=775896.62, 90=840703, 99=859647, 99.9=859647, 99.99=859647] 
2019-05-20 21:34:33:751 70 sec: 89 operations; 1.3 current ops/sec; est completion in 25 minutes [READ: Count=13, Max=860671, Min=724480, Avg=766326.15, 90=840703, 99=860671, 99.9=860671, 99.99=860671] 
2019-05-20 21:34:43:748 80 sec: 102 operations; 1.3 current ops/sec; est completion in 24 minutes [READ: Count=13, Max=869887, Min=700928, Avg=768413.54, 90=828927, 99=869887, 99.9=869887, 99.99=869887] 
2019-05-20 21:34:53:748 90 sec: 115 operations; 1.3 current ops/sec; est completion in 24 minutes [READ: Count=13, Max=827391, Min=707072, Avg=753014.15, 90=818687, 99=827391, 99.9=827391, 99.99=827391] 
2019-05-20 21:35:03:748 100 sec: 128 operations; 1.3 current ops/sec; est completion in 24 minutes [READ: Count=13, Max=835071, Min=715776, Avg=773691.08, 90=829951, 99=835071, 99.9=835071, 99.99=835071] 
2019-05-20 21:35:13:750 110 sec: 142 operations; 1.4 current ops/sec; est completion in 24 minutes [READ: Count=14, Max=803839, Min=685056, Avg=748909.71, 90=801791, 99=803839, 99.9=803839, 99.99=803839] 
2019-05-20 21:35:23:748 120 sec: 155 operations; 1.3 current ops/sec; est completion in 23 minutes [READ: Count=13, Max=814591, Min=732672, Avg=769910.15, 90=810495, 99=814591, 99.9=814591, 99.99=814591] 
2019-05-20 21:35:33:748 130 sec: 168 operations; 1.3 current ops/sec; est completion in 23 minutes [READ: Count=13, Max=841215, Min=699392, Avg=772391.38, 90=835583, 99=841215, 99.9=841215, 99.99=841215] 
2019-05-20 21:35:43:750 140 sec: 181 operations; 1.3 current ops/sec; est completion in 23 minutes [READ: Count=13, Max=844287, Min=722944, Avg=768492.31, 90=836095, 99=844287, 99.9=844287, 99.99=844287] 
2019-05-20 21:35:53:748 150 sec: 194 operations; 1.3 current ops/sec; est completion in 23 minutes [READ: Count=13, Max=824319, Min=686592, Avg=757819.08, 90=819711, 99=824319, 99.9=824319, 99.99=824319] 
2019-05-20 21:36:03:749 160 sec: 207 operations; 1.3 current ops/sec; est completion in 23 minutes [READ: Count=13, Max=841727, Min=702976, Avg=764790.15, 90=838143, 99=841727, 99.9=841727, 99.99=841727] 
2019-05-20 21:36:13:748 170 sec: 220 operations; 1.3 current ops/sec; est completion in 22 minutes [READ: Count=13, Max=872959, Min=734720, Avg=779480.62, 90=841215, 99=872959, 99.9=872959, 99.99=872959] 
2019-05-20 21:36:23:747 180 sec: 233 operations; 1.3 current ops/sec; est completion in 22 minutes [READ: Count=13, Max=861183, Min=708096, Avg=763017.85, 90=854015, 99=861183, 99.9=861183, 99.99=861183] 
2019-05-20 21:36:33:749 190 sec: 246 operations; 1.3 current ops/sec; est completion in 22 minutes [READ: Count=13, Max=844287, Min=705536, Avg=760339.69, 90=823295, 99=844287, 99.9=844287, 99.99=844287] 
2019-05-20 21:36:43:747 200 sec: 259 operations; 1.3 current ops/sec; est completion in 22 minutes [READ: Count=13, Max=873471, Min=716800, Avg=755495.38, 90=809471, 99=873471, 99.9=873471, 99.99=873471] 
2019-05-20 21:36:53:748 210 sec: 272 operations; 1.3 current ops/sec; est completion in 22 minutes [READ: Count=13, Max=848383, Min=679424, Avg=760772.92, 90=825855, 99=848383, 99.9=848383, 99.99=848383] 
2019-05-20 21:37:03:747 220 sec: 286 operations; 1.4 current ops/sec; est completion in 21 minutes [READ: Count=14, Max=816639, Min=706560, Avg=756406.86, 90=808447, 99=816639, 99.9=816639, 99.99=816639] 
2019-05-20 21:37:13:747 230 sec: 299 operations; 1.3 current ops/sec; est completion in 21 minutes [READ: Count=13, Max=818687, Min=718848, Avg=763451.08, 90=816639, 99=818687, 99.9=818687, 99.99=818687] 
2019-05-20 21:37:23:748 240 sec: 312 operations; 1.3 current ops/sec; est completion in 21 minutes [READ: Count=13, Max=847871, Min=706560, Avg=770264.62, 90=818687, 99=847871, 99.9=847871, 99.99=847871] 
2019-05-20 21:37:33:748 250 sec: 325 operations; 1.3 current ops/sec; est completion in 21 minutes [READ: Count=13, Max=830463, Min=716288, Avg=760969.85, 90=811519, 99=830463, 99.9=830463, 99.99=830463] 
2019-05-20 21:37:43:750 260 sec: 338 operations; 1.3 current ops/sec; est completion in 21 minutes [READ: Count=13, Max=838655, Min=701952, Avg=758173.54, 90=823807, 99=838655, 99.9=838655, 99.99=838655] 
2019-05-20 21:37:53:748 270 sec: 351 operations; 1.3 current ops/sec; est completion in 21 minutes [READ: Count=13, Max=825855, Min=709120, Avg=761127.38, 90=813055, 99=825855, 99.9=825855, 99.99=825855] 
2019-05-20 21:38:03:748 280 sec: 364 operations; 1.3 current ops/sec; est completion in 20 minutes [READ: Count=13, Max=823295, Min=714240, Avg=768216.62, 90=822271, 99=823295, 99.9=823295, 99.99=823295] 
2019-05-20 21:38:13:749 290 sec: 377 operations; 1.3 current ops/sec; est completion in 20 minutes [READ: Count=13, Max=821759, Min=716288, Avg=765617.23, 90=796159, 99=821759, 99.9=821759, 99.99=821759] 
2019-05-20 21:38:23:748 300 sec: 390 operations; 1.3 current ops/sec; est completion in 20 minutes [READ: Count=13, Max=833023, Min=711680, Avg=756637.54, 90=809471, 99=833023, 99.9=833023, 99.99=833023] 
2019-05-20 21:38:33:748 310 sec: 403 operations; 1.3 current ops/sec; est completion in 20 minutes [READ: Count=13, Max=878079, Min=711680, Avg=758882.46, 90=803327, 99=878079, 99.9=878079, 99.99=878079] 
2019-05-20 21:38:43:748 320 sec: 417 operations; 1.4 current ops/sec; est completion in 20 minutes [READ: Count=14, Max=872959, Min=685056, Avg=762038.86, 90=820223, 99=872959, 99.9=872959, 99.99=872959] 
2019-05-20 21:38:53:747 330 sec: 430 operations; 1.3 current ops/sec; est completion in 20 minutes [READ: Count=13, Max=887295, Min=683520, Avg=761796.92, 90=817151, 99=887295, 99.9=887295, 99.99=887295] 
2019-05-20 21:39:03:748 340 sec: 443 operations; 1.3 current ops/sec; est completion in 19 minutes [READ: Count=13, Max=859135, Min=729600, Avg=775975.38, 90=835583, 99=859135, 99.9=859135, 99.99=859135] 
2019-05-20 21:39:13:748 350 sec: 456 operations; 1.3 current ops/sec; est completion in 19 minutes [READ: Count=13, Max=835071, Min=706560, Avg=761206.15, 90=827903, 99=835071, 99.9=835071, 99.99=835071] 
2019-05-20 21:39:23:748 360 sec: 469 operations; 1.3 current ops/sec; est completion in 19 minutes [READ: Count=13, Max=883199, Min=700928, Avg=761088, 90=828415, 99=883199, 99.9=883199, 99.99=883199] 
2019-05-20 21:39:33:748 370 sec: 482 operations; 1.3 current ops/sec; est completion in 19 minutes [READ: Count=13, Max=823295, Min=678912, Avg=753683.69, 90=804863, 99=823295, 99.9=823295, 99.99=823295] 
2019-05-20 21:39:43:748 380 sec: 495 operations; 1.3 current ops/sec; est completion in 19 minutes [READ: Count=13, Max=799231, Min=736768, Avg=758882.46, 90=790527, 99=799231, 99.9=799231, 99.99=799231] 
2019-05-20 21:39:53:748 390 sec: 509 operations; 1.4 current ops/sec; est completion in 19 minutes [READ: Count=14, Max=822271, Min=697344, Avg=755053.71, 90=819199, 99=822271, 99.9=822271, 99.99=822271] 
2019-05-20 21:40:03:748 400 sec: 523 operations; 1.4 current ops/sec; est completion in 18 minutes [READ: Count=13, Max=813567, Min=717312, Avg=758921.85, 90=802815, 99=813567, 99.9=813567, 99.99=813567] [READ-FAILED: Count=1, Max=5755, Min=5752, Avg=5754, 90=5755, 99=5755, 99.9=5755, 99.99=5755] 
2019-05-20 21:40:13:747 410 sec: 536 operations; 1.3 current ops/sec; est completion in 18 minutes [READ: Count=13, Max=799743, Min=700928, Avg=756401.23, 90=798719, 99=799743, 99.9=799743, 99.99=799743] [READ-FAILED: Count=0, Max=0, Min=9223372036854775807, Avg=NaN, 90=0, 99=0, 99.9=0, 99.99=0] 
2019-05-20 21:40:23:747 420 sec: 549 operations; 1.3 current ops/sec; est completion in 18 minutes [READ: Count=13, Max=817663, Min=717312, Avg=760418.46, 90=801279, 99=817663, 99.9=817663, 99.99=817663] [READ-FAILED: Count=0, Max=0, Min=9223372036854775807, Avg=NaN, 90=0, 99=0, 99.9=0, 99.99=0] 
2019-05-20 21:40:33:748 430 sec: 562 operations; 1.3 current ops/sec; est completion in 18 minutes [READ: Count=13, Max=809983, Min=700416, Avg=760851.69, 90=806399, 99=809983, 99.9=809983, 99.99=809983] [READ-FAILED: Count=0, Max=0, Min=9223372036854775807, Avg=NaN, 90=0, 99=0, 99.9=0, 99.99=0] 
2019-05-20 21:40:43:748 440 sec: 575 operations; 1.3 current ops/sec; est completion in 18 minutes [READ: Count=13, Max=841727, Min=695808, Avg=755219.69, 90=822271, 99=841727, 99.9=841727, 99.99=841727] [READ-FAILED: Count=0, Max=0, Min=9223372036854775807, Avg=NaN, 90=0, 99=0, 99.9=0, 99.99=0] 
2019-05-20 21:40:53:747 450 sec: 588 operations; 1.3 current ops/sec; est completion in 18 minutes [READ: Count=13, Max=874495, Min=730112, Avg=763332.92, 90=801279, 99=874495, 99.9=874495, 99.99=874495] [READ-FAILED: Count=0, Max=0, Min=9223372036854775807, Avg=NaN, 90=0, 99=0, 99.9=0, 99.99=0] 
2019-05-20 21:41:03:748 460 sec: 602 operations; 1.4 current ops/sec; est completion in 17 minutes [READ: Count=14, Max=848383, Min=704512, Avg=762294.86, 90=820735, 99=848383, 99.9=848383, 99.99=848383] [READ-FAILED: Count=0, Max=0, Min=9223372036854775807, Avg=NaN, 90=0, 99=0, 99.9=0, 99.99=0] 
2019-05-20 21:41:13:748 470 sec: 615 operations; 1.3 current ops/sec; est completion in 17 minutes [READ: Count=13, Max=826367, Min=709120, Avg=758646.15, 90=795647, 99=826367, 99.9=826367, 99.99=826367] [READ-FAILED: Count=0, Max=0, Min=9223372036854775807, Avg=NaN, 90=0, 99=0, 99.9=0, 99.99=0] 
2019-05-20 21:41:23:748 480 sec: 628 operations; 1.3 current ops/sec; est completion in 17 minutes [READ: Count=13, Max=809471, Min=693760, Avg=750454.15, 90=797695, 99=809471, 99.9=809471, 99.99=809471] [READ-FAILED: Count=0, Max=0, Min=9223372036854775807, Avg=NaN, 90=0, 99=0, 99.9=0, 99.99=0] 
2019-05-20 21:41:33:747 490 sec: 641 operations; 1.3 current ops/sec; est completion in 17 minutes [READ: Count=13, Max=843263, Min=701952, Avg=763648, 90=801791, 99=843263, 99.9=843263, 99.99=843263] [READ-FAILED: Count=0, Max=0, Min=9223372036854775807, Avg=NaN, 90=0, 99=0, 99.9=0, 99.99=0] 
2019-05-20 21:41:43:747 500 sec: 654 operations; 1.3 current ops/sec; est completion in 17 minutes [READ: Count=13, Max=833023, Min=693760, Avg=755534.77, 90=827903, 99=833023, 99.9=833023, 99.99=833023] [READ-FAILED: Count=0, Max=0, Min=9223372036854775807, Avg=NaN, 90=0, 99=0, 99.9=0, 99.99=0] 
2019-05-20 21:41:53:748 510 sec: 668 operations; 1.4 current ops/sec; est completion in 16 minutes [READ: Count=14, Max=836095, Min=711680, Avg=759552, 90=829439, 99=836095, 99.9=836095, 99.99=836095] [READ-FAILED: Count=0, Max=0, Min=9223372036854775807, Avg=NaN, 90=0, 99=0, 99.9=0, 99.99=0] 
2019-05-20 21:42:03:747 520 sec: 681 operations; 1.3 current ops/sec; est completion in 16 minutes [READ: Count=13, Max=852479, Min=715776, Avg=768964.92, 90=827391, 99=852479, 99.9=852479, 99.99=852479] [READ-FAILED: Count=0, Max=0, Min=9223372036854775807, Avg=NaN, 90=0, 99=0, 99.9=0, 99.99=0] 
2019-05-20 21:42:13:748 530 sec: 694 operations; 1.3 current ops/sec; est completion in 16 minutes [READ: Count=13, Max=830463, Min=700416, Avg=769595.08, 90=821759, 99=830463, 99.9=830463, 99.99=830463] [READ-FAILED: Count=0, Max=0, Min=9223372036854775807, Avg=NaN, 90=0, 99=0, 99.9=0, 99.99=0] 
2019-05-20 21:42:23:748 540 sec: 707 operations; 1.3 current ops/sec; est completion in 16 minutes [READ: Count=13, Max=841215, Min=711168, Avg=758961.23, 90=830975, 99=841215, 99.9=841215, 99.99=841215] [READ-FAILED: Count=0, Max=0, Min=9223372036854775807, Avg=NaN, 90=0, 99=0, 99.9=0, 99.99=0] 
2019-05-20 21:42:33:748 550 sec: 720 operations; 1.3 current ops/sec; est completion in 16 minutes [READ: Count=13, Max=855039, Min=713216, Avg=773100.31, 90=831999, 99=855039, 99.9=855039, 99.99=855039] [READ-FAILED: Count=0, Max=0, Min=9223372036854775807, Avg=NaN, 90=0, 99=0, 99.9=0, 99.99=0] 
2019-05-20 21:42:43:747 560 sec: 733 operations; 1.3 current ops/sec; est completion in 16 minutes [READ: Count=13, Max=835583, Min=714752, Avg=776093.54, 90=827903, 99=835583, 99.9=835583, 99.99=835583] [READ-FAILED: Count=0, Max=0, Min=9223372036854775807, Avg=NaN, 90=0, 99=0, 99.9=0, 99.99=0] 
2019-05-20 21:42:53:747 570 sec: 746 operations; 1.3 current ops/sec; est completion in 15 minutes [READ: Count=13, Max=845311, Min=701440, Avg=762702.77, 90=834559, 99=845311, 99.9=845311, 99.99=845311] [READ-FAILED: Count=0, Max=0, Min=9223372036854775807, Avg=NaN, 90=0, 99=0, 99.9=0, 99.99=0] 
2019-05-20 21:43:03:747 580 sec: 759 operations; 1.3 current ops/sec; est completion in 15 minutes [READ: Count=13, Max=808959, Min=686592, Avg=754274.46, 90=802815, 99=808959, 99.9=808959, 99.99=808959] [READ-FAILED: Count=0, Max=0, Min=9223372036854775807, Avg=NaN, 90=0, 99=0, 99.9=0, 99.99=0] 
2019-05-20 21:43:13:747 590 sec: 772 operations; 1.3 current ops/sec; est completion in 15 minutes [READ: Count=13, Max=844799, Min=712192, Avg=756676.92, 90=813567, 99=844799, 99.9=844799, 99.99=844799] [READ-FAILED: Count=0, Max=0, Min=9223372036854775807, Avg=NaN, 90=0, 99=0, 99.9=0, 99.99=0] 
2019-05-20 21:43:23:748 600 sec: 785 operations; 1.3 current ops/sec; est completion in 15 minutes [READ: Count=13, Max=842239, Min=702976, Avg=766877.54, 90=834559, 99=842239, 99.9=842239, 99.99=842239] [READ-FAILED: Count=0, Max=0, Min=9223372036854775807, Avg=NaN, 90=0, 99=0, 99.9=0, 99.99=0] 
2019-05-20 21:43:33:748 610 sec: 798 operations; 1.3 current ops/sec; est completion in 15 minutes [READ: Count=13, Max=808447, Min=706560, Avg=757543.38, 90=802303, 99=808447, 99.9=808447, 99.99=808447] [READ-FAILED: Count=0, Max=0, Min=9223372036854775807, Avg=NaN, 90=0, 99=0, 99.9=0, 99.99=0] 
2019-05-20 21:43:43:748 620 sec: 812 operations; 1.4 current ops/sec; est completion in 15 minutes [READ: Count=14, Max=815103, Min=709120, Avg=758966.86, 90=812031, 99=815103, 99.9=815103, 99.99=815103] [READ-FAILED: Count=0, Max=0, Min=9223372036854775807, Avg=NaN, 90=0, 99=0, 99.9=0, 99.99=0] 
2019-05-20 21:43:53:748 630 sec: 825 operations; 1.3 current ops/sec; est completion in 14 minutes [READ: Count=13, Max=879103, Min=702976, Avg=766208, 90=824319, 99=879103, 99.9=879103, 99.99=879103] [READ-FAILED: Count=0, Max=0, Min=9223372036854775807, Avg=NaN, 90=0, 99=0, 99.9=0, 99.99=0] 
2019-05-20 21:44:03:748 640 sec: 838 operations; 1.3 current ops/sec; est completion in 14 minutes [READ: Count=13, Max=842751, Min=709632, Avg=762860.31, 90=828927, 99=842751, 99.9=842751, 99.99=842751] [READ-FAILED: Count=0, Max=0, Min=9223372036854775807, Avg=NaN, 90=0, 99=0, 99.9=0, 99.99=0] 
2019-05-20 21:44:13:748 650 sec: 851 operations; 1.3 current ops/sec; est completion in 14 minutes [READ: Count=13, Max=829951, Min=698880, Avg=772036.92, 90=814079, 99=829951, 99.9=829951, 99.99=829951] [READ-FAILED: Count=0, Max=0, Min=9223372036854775807, Avg=NaN, 90=0, 99=0, 99.9=0, 99.99=0] 
2019-05-20 21:44:23:748 660 sec: 864 operations; 1.3 current ops/sec; est completion in 14 minutes [READ: Count=13, Max=817151, Min=709120, Avg=766483.69, 90=810495, 99=817151, 99.9=817151, 99.99=817151] [READ-FAILED: Count=0, Max=0, Min=9223372036854775807, Avg=NaN, 90=0, 99=0, 99.9=0, 99.99=0] 
2019-05-20 21:44:33:748 670 sec: 877 operations; 1.3 current ops/sec; est completion in 14 minutes [READ: Count=13, Max=832511, Min=663040, Avg=757464.62, 90=830463, 99=832511, 99.9=832511, 99.99=832511] [READ-FAILED: Count=0, Max=0, Min=9223372036854775807, Avg=NaN, 90=0, 99=0, 99.9=0, 99.99=0] 
2019-05-20 21:44:43:748 680 sec: 890 operations; 1.3 current ops/sec; est completion in 14 minutes [READ: Count=13, Max=819711, Min=703488, Avg=762545.23, 90=815615, 99=819711, 99.9=819711, 99.99=819711] [READ-FAILED: Count=0, Max=0, Min=9223372036854775807, Avg=NaN, 90=0, 99=0, 99.9=0, 99.99=0] 
2019-05-20 21:44:53:748 690 sec: 903 operations; 1.3 current ops/sec; est completion in 13 minutes [READ: Count=13, Max=821759, Min=692224, Avg=750414.77, 90=804863, 99=821759, 99.9=821759, 99.99=821759] [READ-FAILED: Count=0, Max=0, Min=9223372036854775807, Avg=NaN, 90=0, 99=0, 99.9=0, 99.99=0] 
2019-05-20 21:45:03:747 700 sec: 916 operations; 1.3 current ops/sec; est completion in 13 minutes [READ: Count=13, Max=881151, Min=716800, Avg=776763.08, 90=848383, 99=881151, 99.9=881151, 99.99=881151] [READ-FAILED: Count=0, Max=0, Min=9223372036854775807, Avg=NaN, 90=0, 99=0, 99.9=0, 99.99=0] 
2019-05-20 21:45:13:748 710 sec: 929 operations; 1.3 current ops/sec; est completion in 13 minutes [READ: Count=13, Max=837119, Min=718336, Avg=770579.69, 90=819711, 99=837119, 99.9=837119, 99.99=837119] [READ-FAILED: Count=0, Max=0, Min=9223372036854775807, Avg=NaN, 90=0, 99=0, 99.9=0, 99.99=0] 
2019-05-20 21:45:23:747 720 sec: 942 operations; 1.3 current ops/sec; est completion in 13 minutes [READ: Count=13, Max=836607, Min=711168, Avg=758094.77, 90=823807, 99=836607, 99.9=836607, 99.99=836607] [READ-FAILED: Count=0, Max=0, Min=9223372036854775807, Avg=NaN, 90=0, 99=0, 99.9=0, 99.99=0] 
2019-05-20 21:45:33:748 730 sec: 955 operations; 1.3 current ops/sec; est completion in 13 minutes [READ: Count=13, Max=852479, Min=723968, Avg=772588.31, 90=826367, 99=852479, 99.9=852479, 99.99=852479] [READ-FAILED: Count=0, Max=0, Min=9223372036854775807, Avg=NaN, 90=0, 99=0, 99.9=0, 99.99=0] 
2019-05-20 21:45:43:749 740 sec: 968 operations; 1.3 current ops/sec; est completion in 13 minutes [READ: Count=13, Max=826367, Min=710656, Avg=761324.31, 90=814591, 99=826367, 99.9=826367, 99.99=826367] [READ-FAILED: Count=0, Max=0, Min=9223372036854775807, Avg=NaN, 90=0, 99=0, 99.9=0, 99.99=0] 
2019-05-20 21:45:53:748 750 sec: 981 operations; 1.3 current ops/sec; est completion in 13 minutes [READ: Count=13, Max=869375, Min=722432, Avg=769083.08, 90=831999, 99=869375, 99.9=869375, 99.99=869375] [READ-FAILED: Count=0, Max=0, Min=9223372036854775807, Avg=NaN, 90=0, 99=0, 99.9=0, 99.99=0] 
2019-05-20 21:46:03:747 760 sec: 995 operations; 1.4 current ops/sec; est completion in 12 minutes [READ: Count=14, Max=818175, Min=733184, Avg=762624, 90=815103, 99=818175, 99.9=818175, 99.99=818175] [READ-FAILED: Count=0, Max=0, Min=9223372036854775807, Avg=NaN, 90=0, 99=0, 99.9=0, 99.99=0] 
2019-05-20 21:46:13:748 770 sec: 1007 operations; 1.2 current ops/sec; est completion in 12 minutes [READ: Count=13, Max=822783, Min=703488, Avg=769437.54, 90=816639, 99=822783, 99.9=822783, 99.99=822783] [READ-FAILED: Count=0, Max=0, Min=9223372036854775807, Avg=NaN, 90=0, 99=0, 99.9=0, 99.99=0] 
2019-05-20 21:46:23:748 780 sec: 1020 operations; 1.3 current ops/sec; est completion in 12 minutes [READ: Count=12, Max=837631, Min=727040, Avg=766037.33, 90=832511, 99=837631, 99.9=837631, 99.99=837631] [READ-FAILED: Count=0, Max=0, Min=9223372036854775807, Avg=NaN, 90=0, 99=0, 99.9=0, 99.99=0] 
2019-05-20 21:46:33:748 790 sec: 1034 operations; 1.4 current ops/sec; est completion in 12 minutes [READ: Count=14, Max=827391, Min=702976, Avg=766061.71, 90=825343, 99=827391, 99.9=827391, 99.99=827391] [READ-FAILED: Count=0, Max=0, Min=9223372036854775807, Avg=NaN, 90=0, 99=0, 99.9=0, 99.99=0] 
2019-05-20 21:46:43:747 800 sec: 1047 operations; 1.3 current ops/sec; est completion in 12 minutes [READ: Count=13, Max=823295, Min=714752, Avg=755968, 90=822271, 99=823295, 99.9=823295, 99.99=823295] [READ-FAILED: Count=0, Max=0, Min=9223372036854775807, Avg=NaN, 90=0, 99=0, 99.9=0, 99.99=0] 
2019-05-20 21:46:53:747 810 sec: 1060 operations; 1.3 current ops/sec; est completion in 11 minutes [READ: Count=13, Max=820735, Min=702976, Avg=758843.08, 90=813567, 99=820735, 99.9=820735, 99.99=820735] [READ-FAILED: Count=0, Max=0, Min=9223372036854775807, Avg=NaN, 90=0, 99=0, 99.9=0, 99.99=0] 
2019-05-20 21:47:03:748 820 sec: 1073 operations; 1.3 current ops/sec; est completion in 11 minutes [READ: Count=13, Max=850943, Min=703488, Avg=772470.15, 90=839167, 99=850943, 99.9=850943, 99.99=850943] [READ-FAILED: Count=0, Max=0, Min=9223372036854775807, Avg=NaN, 90=0, 99=0, 99.9=0, 99.99=0] 
2019-05-20 21:47:13:748 830 sec: 1086 operations; 1.3 current ops/sec; est completion in 11 minutes [READ: Count=13, Max=824831, Min=712192, Avg=762190.77, 90=805375, 99=824831, 99.9=824831, 99.99=824831] [READ-FAILED: Count=0, Max=0, Min=9223372036854775807, Avg=NaN, 90=0, 99=0, 99.9=0, 99.99=0] 
2019-05-20 21:47:23:747 840 sec: 1099 operations; 1.3 current ops/sec; est completion in 11 minutes [READ: Count=13, Max=799743, Min=689152, Avg=753683.69, 90=792575, 99=799743, 99.9=799743, 99.99=799743] [READ-FAILED: Count=0, Max=0, Min=9223372036854775807, Avg=NaN, 90=0, 99=0, 99.9=0, 99.99=0] 
2019-05-20 21:47:33:748 850 sec: 1112 operations; 1.3 current ops/sec; est completion in 11 minutes [READ: Count=13, Max=817151, Min=714240, Avg=756164.92, 90=801791, 99=817151, 99.9=817151, 99.99=817151] [READ-FAILED: Count=0, Max=0, Min=9223372036854775807, Avg=NaN, 90=0, 99=0, 99.9=0, 99.99=0] 
2019-05-20 21:47:43:748 860 sec: 1126 operations; 1.4 current ops/sec; est completion in 11 minutes [READ: Count=14, Max=813055, Min=702464, Avg=761563.43, 90=812031, 99=813055, 99.9=813055, 99.99=813055] [READ-FAILED: Count=0, Max=0, Min=9223372036854775807, Avg=NaN, 90=0, 99=0, 99.9=0, 99.99=0] 
2019-05-20 21:47:53:747 870 sec: 1139 operations; 1.3 current ops/sec; est completion in 10 minutes [READ: Count=13, Max=847871, Min=709632, Avg=761718.15, 90=821247, 99=847871, 99.9=847871, 99.99=847871] [READ-FAILED: Count=0, Max=0, Min=9223372036854775807, Avg=NaN, 90=0, 99=0, 99.9=0, 99.99=0] 
2019-05-20 21:48:03:747 880 sec: 1152 operations; 1.3 current ops/sec; est completion in 10 minutes [READ: Count=13, Max=856575, Min=688640, Avg=756992, 90=822783, 99=856575, 99.9=856575, 99.99=856575] [READ-FAILED: Count=0, Max=0, Min=9223372036854775807, Avg=NaN, 90=0, 99=0, 99.9=0, 99.99=0] 
2019-05-20 21:48:13:747 890 sec: 1165 operations; 1.3 current ops/sec; est completion in 10 minutes [READ: Count=13, Max=847359, Min=719872, Avg=775739.08, 90=846847, 99=847359, 99.9=847359, 99.99=847359] [READ-FAILED: Count=0, Max=0, Min=9223372036854775807, Avg=NaN, 90=0, 99=0, 99.9=0, 99.99=0] 
2019-05-20 21:48:23:747 900 sec: 1178 operations; 1.3 current ops/sec; est completion in 10 minutes [READ: Count=13, Max=860159, Min=720896, Avg=765853.54, 90=843263, 99=860159, 99.9=860159, 99.99=860159] [READ-FAILED: Count=0, Max=0, Min=9223372036854775807, Avg=NaN, 90=0, 99=0, 99.9=0, 99.99=0] 
2019-05-20 21:48:33:747 910 sec: 1191 operations; 1.3 current ops/sec; est completion in 10 minutes [READ: Count=13, Max=855039, Min=717824, Avg=764356.92, 90=828415, 99=855039, 99.9=855039, 99.99=855039] [READ-FAILED: Count=0, Max=0, Min=9223372036854775807, Avg=NaN, 90=0, 99=0, 99.9=0, 99.99=0] 
2019-05-20 21:48:43:747 920 sec: 1204 operations; 1.3 current ops/sec; est completion in 10 minutes [READ: Count=13, Max=804351, Min=702976, Avg=748327.38, 90=799743, 99=804351, 99.9=804351, 99.99=804351] [READ-FAILED: Count=0, Max=0, Min=9223372036854775807, Avg=NaN, 90=0, 99=0, 99.9=0, 99.99=0] 
2019-05-20 21:48:53:747 930 sec: 1218 operations; 1.4 current ops/sec; est completion in 9 minutes [READ: Count=14, Max=836095, Min=677888, Avg=750116.57, 90=811519, 99=836095, 99.9=836095, 99.99=836095] [READ-FAILED: Count=0, Max=0, Min=9223372036854775807, Avg=NaN, 90=0, 99=0, 99.9=0, 99.99=0] 
2019-05-20 21:49:03:747 940 sec: 1231 operations; 1.3 current ops/sec; est completion in 9 minutes [READ: Count=13, Max=824831, Min=711680, Avg=766877.54, 90=790015, 99=824831, 99.9=824831, 99.99=824831] [READ-FAILED: Count=0, Max=0, Min=9223372036854775807, Avg=NaN, 90=0, 99=0, 99.9=0, 99.99=0] 
2019-05-20 21:49:13:748 950 sec: 1244 operations; 1.3 current ops/sec; est completion in 9 minutes [READ: Count=13, Max=825343, Min=693248, Avg=765892.92, 90=813567, 99=825343, 99.9=825343, 99.99=825343] [READ-FAILED: Count=0, Max=0, Min=9223372036854775807, Avg=NaN, 90=0, 99=0, 99.9=0, 99.99=0] 
2019-05-20 21:49:23:748 960 sec: 1257 operations; 1.3 current ops/sec; est completion in 9 minutes [READ: Count=13, Max=821759, Min=710656, Avg=757346.46, 90=816639, 99=821759, 99.9=821759, 99.99=821759] [READ-FAILED: Count=0, Max=0, Min=9223372036854775807, Avg=NaN, 90=0, 99=0, 99.9=0, 99.99=0] 
2019-05-20 21:49:33:748 970 sec: 1270 operations; 1.3 current ops/sec; est completion in 9 minutes [READ: Count=13, Max=853503, Min=723456, Avg=768019.69, 90=813055, 99=853503, 99.9=853503, 99.99=853503] [READ-FAILED: Count=0, Max=0, Min=9223372036854775807, Avg=NaN, 90=0, 99=0, 99.9=0, 99.99=0] 
2019-05-20 21:49:43:748 980 sec: 1283 operations; 1.3 current ops/sec; est completion in 9 minutes [READ: Count=13, Max=880127, Min=721920, Avg=769122.46, 90=822271, 99=880127, 99.9=880127, 99.99=880127] [READ-FAILED: Count=0, Max=0, Min=9223372036854775807, Avg=NaN, 90=0, 99=0, 99.9=0, 99.99=0] 
2019-05-20 21:49:53:748 990 sec: 1296 operations; 1.3 current ops/sec; est completion in 8 minutes [READ: Count=13, Max=891903, Min=708608, Avg=769398.15, 90=847871, 99=891903, 99.9=891903, 99.99=891903] [READ-FAILED: Count=0, Max=0, Min=9223372036854775807, Avg=NaN, 90=0, 99=0, 99.9=0, 99.99=0] 
2019-05-20 21:50:03:747 1000 sec: 1309 operations; 1.3 current ops/sec; est completion in 8 minutes [READ: Count=13, Max=870911, Min=718336, Avg=773651.69, 90=847871, 99=870911, 99.9=870911, 99.99=870911] [READ-FAILED: Count=0, Max=0, Min=9223372036854775807, Avg=NaN, 90=0, 99=0, 99.9=0, 99.99=0] 
2019-05-20 21:50:13:747 1010 sec: 1322 operations; 1.3 current ops/sec; est completion in 8 minutes [READ: Count=13, Max=828927, Min=704000, Avg=760260.92, 90=823295, 99=828927, 99.9=828927, 99.99=828927] [READ-FAILED: Count=0, Max=0, Min=9223372036854775807, Avg=NaN, 90=0, 99=0, 99.9=0, 99.99=0] 
2019-05-20 21:50:23:748 1020 sec: 1335 operations; 1.3 current ops/sec; est completion in 8 minutes [READ: Count=13, Max=869887, Min=710656, Avg=770934.15, 90=847359, 99=869887, 99.9=869887, 99.99=869887] [READ-FAILED: Count=0, Max=0, Min=9223372036854775807, Avg=NaN, 90=0, 99=0, 99.9=0, 99.99=0] 
2019-05-20 21:50:33:749 1030 sec: 1348 operations; 1.3 current ops/sec; est completion in 8 minutes [READ: Count=13, Max=877567, Min=714240, Avg=764317.54, 90=855039, 99=877567, 99.9=877567, 99.99=877567] [READ-FAILED: Count=0, Max=0, Min=9223372036854775807, Avg=NaN, 90=0, 99=0, 99.9=0, 99.99=0] 
2019-05-20 21:50:43:747 1040 sec: 1361 operations; 1.3 current ops/sec; est completion in 8 minutes [READ: Count=13, Max=824319, Min=710656, Avg=765341.54, 90=822783, 99=824319, 99.9=824319, 99.99=824319] [READ-FAILED: Count=0, Max=0, Min=9223372036854775807, Avg=NaN, 90=0, 99=0, 99.9=0, 99.99=0] 
2019-05-20 21:50:53:747 1050 sec: 1374 operations; 1.3 current ops/sec; est completion in 7 minutes [READ: Count=13, Max=844287, Min=695296, Avg=759000.62, 90=830463, 99=844287, 99.9=844287, 99.99=844287] [READ-FAILED: Count=0, Max=0, Min=9223372036854775807, Avg=NaN, 90=0, 99=0, 99.9=0, 99.99=0] 
2019-05-20 21:51:03:748 1060 sec: 1387 operations; 1.3 current ops/sec; est completion in 7 minutes [READ: Count=13, Max=889855, Min=722432, Avg=774439.38, 90=851455, 99=889855, 99.9=889855, 99.99=889855] [READ-FAILED: Count=0, Max=0, Min=9223372036854775807, Avg=NaN, 90=0, 99=0, 99.9=0, 99.99=0] 
2019-05-20 21:51:13:748 1070 sec: 1401 operations; 1.4 current ops/sec; est completion in 7 minutes [READ: Count=14, Max=834559, Min=705536, Avg=756370.29, 90=819711, 99=834559, 99.9=834559, 99.99=834559] [READ-FAILED: Count=0, Max=0, Min=9223372036854775807, Avg=NaN, 90=0, 99=0, 99.9=0, 99.99=0] 
2019-05-20 21:51:23:747 1080 sec: 1414 operations; 1.3 current ops/sec; est completion in 7 minutes [READ: Count=13, Max=835583, Min=698880, Avg=755022.77, 90=829439, 99=835583, 99.9=835583, 99.99=835583] [READ-FAILED: Count=0, Max=0, Min=9223372036854775807, Avg=NaN, 90=0, 99=0, 99.9=0, 99.99=0] 
2019-05-20 21:51:33:747 1090 sec: 1427 operations; 1.3 current ops/sec; est completion in 7 minutes [READ: Count=13, Max=825343, Min=699904, Avg=755101.54, 90=820735, 99=825343, 99.9=825343, 99.99=825343] [READ-FAILED: Count=0, Max=0, Min=9223372036854775807, Avg=NaN, 90=0, 99=0, 99.9=0, 99.99=0] 
2019-05-20 21:51:43:748 1100 sec: 1440 operations; 1.3 current ops/sec; est completion in 7 minutes [READ: Count=13, Max=818687, Min=715776, Avg=762466.46, 90=814591, 99=818687, 99.9=818687, 99.99=818687] [READ-FAILED: Count=0, Max=0, Min=9223372036854775807, Avg=NaN, 90=0, 99=0, 99.9=0, 99.99=0] 
2019-05-20 21:51:53:747 1110 sec: 1453 operations; 1.3 current ops/sec; est completion in 6 minutes [READ: Count=13, Max=832511, Min=662016, Avg=748760.62, 90=818687, 99=832511, 99.9=832511, 99.99=832511] [READ-FAILED: Count=0, Max=0, Min=9223372036854775807, Avg=NaN, 90=0, 99=0, 99.9=0, 99.99=0] 
2019-05-20 21:52:03:748 1120 sec: 1467 operations; 1.4 current ops/sec; est completion in 6 minutes [READ: Count=14, Max=902143, Min=670720, Avg=757174.86, 90=822783, 99=902143, 99.9=902143, 99.99=902143] [READ-FAILED: Count=0, Max=0, Min=9223372036854775807, Avg=NaN, 90=0, 99=0, 99.9=0, 99.99=0] 
2019-05-20 21:52:13:748 1130 sec: 1480 operations; 1.3 current ops/sec; est completion in 6 minutes [READ: Count=13, Max=836095, Min=718848, Avg=759867.08, 90=823295, 99=836095, 99.9=836095, 99.99=836095] [READ-FAILED: Count=0, Max=0, Min=9223372036854775807, Avg=NaN, 90=0, 99=0, 99.9=0, 99.99=0] 
2019-05-20 21:52:23:748 1140 sec: 1493 operations; 1.3 current ops/sec; est completion in 6 minutes [READ: Count=13, Max=833023, Min=684032, Avg=768019.69, 90=825855, 99=833023, 99.9=833023, 99.99=833023] [READ-FAILED: Count=0, Max=0, Min=9223372036854775807, Avg=NaN, 90=0, 99=0, 99.9=0, 99.99=0] 
2019-05-20 21:52:33:748 1150 sec: 1506 operations; 1.3 current ops/sec; est completion in 6 minutes [READ: Count=13, Max=830975, Min=701952, Avg=760654.77, 90=828415, 99=830975, 99.9=830975, 99.99=830975] [READ-FAILED: Count=0, Max=0, Min=9223372036854775807, Avg=NaN, 90=0, 99=0, 99.9=0, 99.99=0] 
2019-05-20 21:52:43:748 1160 sec: 1519 operations; 1.3 current ops/sec; est completion in 6 minutes [READ: Count=13, Max=854015, Min=730112, Avg=772509.54, 90=836095, 99=854015, 99.9=854015, 99.99=854015] [READ-FAILED: Count=0, Max=0, Min=9223372036854775807, Avg=NaN, 90=0, 99=0, 99.9=0, 99.99=0] 
2019-05-20 21:52:53:748 1170 sec: 1532 operations; 1.3 current ops/sec; est completion in 5 minutes [READ: Count=13, Max=821759, Min=712704, Avg=760457.85, 90=820735, 99=821759, 99.9=821759, 99.99=821759] [READ-FAILED: Count=0, Max=0, Min=9223372036854775807, Avg=NaN, 90=0, 99=0, 99.9=0, 99.99=0] 
2019-05-20 21:53:03:748 1180 sec: 1545 operations; 1.3 current ops/sec; est completion in 5 minutes [READ: Count=13, Max=840703, Min=708608, Avg=762624, 90=831999, 99=840703, 99.9=840703, 99.99=840703] [READ-FAILED: Count=0, Max=0, Min=9223372036854775807, Avg=NaN, 90=0, 99=0, 99.9=0, 99.99=0] 
2019-05-20 21:53:13:748 1190 sec: 1558 operations; 1.3 current ops/sec; est completion in 5 minutes [READ: Count=13, Max=852991, Min=718848, Avg=769870.77, 90=846335, 99=852991, 99.9=852991, 99.99=852991] [READ-FAILED: Count=0, Max=0, Min=9223372036854775807, Avg=NaN, 90=0, 99=0, 99.9=0, 99.99=0] 
2019-05-20 21:53:23:748 1200 sec: 1571 operations; 1.3 current ops/sec; est completion in 5 minutes [READ: Count=13, Max=840191, Min=704000, Avg=765065.85, 90=837631, 99=840191, 99.9=840191, 99.99=840191] [READ-FAILED: Count=0, Max=0, Min=9223372036854775807, Avg=NaN, 90=0, 99=0, 99.9=0, 99.99=0] 
2019-05-20 21:53:33:748 1210 sec: 1584 operations; 1.3 current ops/sec; est completion in 5 minutes [READ: Count=13, Max=840703, Min=710656, Avg=765420.31, 90=830463, 99=840703, 99.9=840703, 99.99=840703] [READ-FAILED: Count=0, Max=0, Min=9223372036854775807, Avg=NaN, 90=0, 99=0, 99.9=0, 99.99=0] 
2019-05-20 21:53:43:748 1220 sec: 1597 operations; 1.3 current ops/sec; est completion in 5 minutes [READ: Count=13, Max=833023, Min=719872, Avg=765577.85, 90=827391, 99=833023, 99.9=833023, 99.99=833023] [READ-FAILED: Count=0, Max=0, Min=9223372036854775807, Avg=NaN, 90=0, 99=0, 99.9=0, 99.99=0] 
2019-05-20 21:53:53:748 1230 sec: 1610 operations; 1.3 current ops/sec; est completion in 4 minutes [READ: Count=13, Max=854527, Min=714752, Avg=759236.92, 90=841215, 99=854527, 99.9=854527, 99.99=854527] [READ-FAILED: Count=0, Max=0, Min=9223372036854775807, Avg=NaN, 90=0, 99=0, 99.9=0, 99.99=0] 
2019-05-20 21:54:03:748 1240 sec: 1623 operations; 1.3 current ops/sec; est completion in 4 minutes [READ: Count=13, Max=839679, Min=715776, Avg=772864, 90=835071, 99=839679, 99.9=839679, 99.99=839679] [READ-FAILED: Count=0, Max=0, Min=9223372036854775807, Avg=NaN, 90=0, 99=0, 99.9=0, 99.99=0] 
2019-05-20 21:54:13:748 1250 sec: 1637 operations; 1.4 current ops/sec; est completion in 4 minutes [READ: Count=14, Max=844287, Min=697344, Avg=764416, 90=836607, 99=844287, 99.9=844287, 99.99=844287] [READ-FAILED: Count=0, Max=0, Min=9223372036854775807, Avg=NaN, 90=0, 99=0, 99.9=0, 99.99=0] 
2019-05-20 21:54:23:747 1260 sec: 1649 operations; 1.2 current ops/sec; est completion in 4 minutes [READ: Count=12, Max=849919, Min=710144, Avg=775594.67, 90=839679, 99=849919, 99.9=849919, 99.99=849919] [READ-FAILED: Count=0, Max=0, Min=9223372036854775807, Avg=NaN, 90=0, 99=0, 99.9=0, 99.99=0] 
2019-05-20 21:54:33:748 1270 sec: 1662 operations; 1.3 current ops/sec; est completion in 4 minutes [READ: Count=13, Max=842239, Min=704512, Avg=761481.85, 90=835071, 99=842239, 99.9=842239, 99.99=842239] [READ-FAILED: Count=0, Max=0, Min=9223372036854775807, Avg=NaN, 90=0, 99=0, 99.9=0, 99.99=0] 
2019-05-20 21:54:43:747 1280 sec: 1676 operations; 1.4 current ops/sec; est completion in 4 minutes [READ: Count=14, Max=852991, Min=715264, Avg=767488, 90=809983, 99=852991, 99.9=852991, 99.99=852991] [READ-FAILED: Count=0, Max=0, Min=9223372036854775807, Avg=NaN, 90=0, 99=0, 99.9=0, 99.99=0] 
2019-05-20 21:54:53:747 1290 sec: 1689 operations; 1.3 current ops/sec; est completion in 3 minutes [READ: Count=13, Max=819199, Min=708096, Avg=759945.85, 90=808447, 99=819199, 99.9=819199, 99.99=819199] [READ-FAILED: Count=0, Max=0, Min=9223372036854775807, Avg=NaN, 90=0, 99=0, 99.9=0, 99.99=0] 
2019-05-20 21:55:03:747 1300 sec: 1702 operations; 1.3 current ops/sec; est completion in 3 minutes [READ: Count=13, Max=822783, Min=710656, Avg=754628.92, 90=822783, 99=822783, 99.9=822783, 99.99=822783] [READ-FAILED: Count=0, Max=0, Min=9223372036854775807, Avg=NaN, 90=0, 99=0, 99.9=0, 99.99=0] 
2019-05-20 21:55:13:747 1310 sec: 1715 operations; 1.3 current ops/sec; est completion in 3 minutes [READ: Count=13, Max=857087, Min=709632, Avg=764278.15, 90=798719, 99=857087, 99.9=857087, 99.99=857087] [READ-FAILED: Count=0, Max=0, Min=9223372036854775807, Avg=NaN, 90=0, 99=0, 99.9=0, 99.99=0] 
2019-05-20 21:55:23:747 1320 sec: 1728 operations; 1.3 current ops/sec; est completion in 3 minutes [READ: Count=13, Max=816127, Min=712192, Avg=760221.54, 90=812031, 99=816127, 99.9=816127, 99.99=816127] [READ-FAILED: Count=0, Max=0, Min=9223372036854775807, Avg=NaN, 90=0, 99=0, 99.9=0, 99.99=0] 
2019-05-20 21:55:33:748 1330 sec: 1741 operations; 1.3 current ops/sec; est completion in 3 minutes [READ: Count=13, Max=813567, Min=720384, Avg=765380.92, 90=809471, 99=813567, 99.9=813567, 99.99=813567] [READ-FAILED: Count=0, Max=0, Min=9223372036854775807, Avg=NaN, 90=0, 99=0, 99.9=0, 99.99=0] 
2019-05-20 21:55:43:748 1340 sec: 1754 operations; 1.3 current ops/sec; est completion in 3 minutes [READ: Count=13, Max=829951, Min=660992, Avg=751753.85, 90=820735, 99=829951, 99.9=829951, 99.99=829951] [READ-FAILED: Count=0, Max=0, Min=9223372036854775807, Avg=NaN, 90=0, 99=0, 99.9=0, 99.99=0] 
2019-05-20 21:55:53:747 1350 sec: 1768 operations; 1.4 current ops/sec; est completion in 2 minutes [READ: Count=14, Max=835071, Min=715264, Avg=760576, 90=815615, 99=835071, 99.9=835071, 99.99=835071] [READ-FAILED: Count=0, Max=0, Min=9223372036854775807, Avg=NaN, 90=0, 99=0, 99.9=0, 99.99=0] 
2019-05-20 21:56:03:748 1360 sec: 1781 operations; 1.3 current ops/sec; est completion in 2 minutes [READ: Count=13, Max=798719, Min=708608, Avg=760930.46, 90=787967, 99=798719, 99.9=798719, 99.99=798719] [READ-FAILED: Count=0, Max=0, Min=9223372036854775807, Avg=NaN, 90=0, 99=0, 99.9=0, 99.99=0] 
2019-05-20 21:56:13:748 1370 sec: 1794 operations; 1.3 current ops/sec; est completion in 2 minutes [READ: Count=13, Max=829439, Min=715264, Avg=763726.77, 90=819199, 99=829439, 99.9=829439, 99.99=829439] [READ-FAILED: Count=0, Max=0, Min=9223372036854775807, Avg=NaN, 90=0, 99=0, 99.9=0, 99.99=0] 
2019-05-20 21:56:23:747 1380 sec: 1807 operations; 1.3 current ops/sec; est completion in 2 minutes [READ: Count=13, Max=829951, Min=702976, Avg=762190.77, 90=822271, 99=829951, 99.9=829951, 99.99=829951] [READ-FAILED: Count=0, Max=0, Min=9223372036854775807, Avg=NaN, 90=0, 99=0, 99.9=0, 99.99=0] 
2019-05-20 21:56:33:748 1390 sec: 1820 operations; 1.3 current ops/sec; est completion in 2 minutes [READ: Count=13, Max=826367, Min=713216, Avg=757582.77, 90=813567, 99=826367, 99.9=826367, 99.99=826367] [READ-FAILED: Count=0, Max=0, Min=9223372036854775807, Avg=NaN, 90=0, 99=0, 99.9=0, 99.99=0] 
2019-05-20 21:56:43:747 1400 sec: 1833 operations; 1.3 current ops/sec; est completion in 2 minutes [READ: Count=13, Max=831487, Min=708096, Avg=766129.23, 90=809983, 99=831487, 99.9=831487, 99.99=831487] [READ-FAILED: Count=0, Max=0, Min=9223372036854775807, Avg=NaN, 90=0, 99=0, 99.9=0, 99.99=0] 
2019-05-20 21:56:53:748 1410 sec: 1846 operations; 1.3 current ops/sec; est completion in 1 minute [READ: Count=13, Max=820735, Min=710656, Avg=757307.08, 90=816639, 99=820735, 99.9=820735, 99.99=820735] [READ-FAILED: Count=0, Max=0, Min=9223372036854775807, Avg=NaN, 90=0, 99=0, 99.9=0, 99.99=0] 
2019-05-20 21:57:03:748 1420 sec: 1860 operations; 1.4 current ops/sec; est completion in 1 minute [READ: Count=14, Max=850431, Min=707072, Avg=766061.71, 90=839167, 99=850431, 99.9=850431, 99.99=850431] [READ-FAILED: Count=0, Max=0, Min=9223372036854775807, Avg=NaN, 90=0, 99=0, 99.9=0, 99.99=0] 
2019-05-20 21:57:13:748 1430 sec: 1873 operations; 1.3 current ops/sec; est completion in 1 minute [READ: Count=13, Max=833023, Min=707072, Avg=762860.31, 90=822271, 99=833023, 99.9=833023, 99.99=833023] [READ-FAILED: Count=0, Max=0, Min=9223372036854775807, Avg=NaN, 90=0, 99=0, 99.9=0, 99.99=0] 
2019-05-20 21:57:23:747 1440 sec: 1886 operations; 1.3 current ops/sec; est completion in 1 minute [READ: Count=13, Max=861183, Min=718848, Avg=766404.92, 90=833535, 99=861183, 99.9=861183, 99.99=861183] [READ-FAILED: Count=0, Max=0, Min=9223372036854775807, Avg=NaN, 90=0, 99=0, 99.9=0, 99.99=0] 
2019-05-20 21:57:33:747 1450 sec: 1899 operations; 1.3 current ops/sec; est completion in 1 minute [READ: Count=13, Max=833535, Min=714240, Avg=769043.69, 90=824831, 99=833535, 99.9=833535, 99.99=833535] [READ-FAILED: Count=0, Max=0, Min=9223372036854775807, Avg=NaN, 90=0, 99=0, 99.9=0, 99.99=0] 
2019-05-20 21:57:43:747 1460 sec: 1912 operations; 1.3 current ops/sec; est completion in 1 minute [READ: Count=13, Max=848383, Min=705024, Avg=765144.62, 90=829951, 99=848383, 99.9=848383, 99.99=848383] [READ-FAILED: Count=0, Max=0, Min=9223372036854775807, Avg=NaN, 90=0, 99=0, 99.9=0, 99.99=0] 
2019-05-20 21:57:53:747 1470 sec: 1925 operations; 1.3 current ops/sec; est completion in 58 seconds [READ: Count=13, Max=862719, Min=720896, Avg=774124.31, 90=839679, 99=862719, 99.9=862719, 99.99=862719] [READ-FAILED: Count=0, Max=0, Min=9223372036854775807, Avg=NaN, 90=0, 99=0, 99.9=0, 99.99=0] 
2019-05-20 21:58:03:747 1480 sec: 1938 operations; 1.3 current ops/sec; est completion in 48 seconds [READ: Count=13, Max=858111, Min=730112, Avg=769831.38, 90=813055, 99=858111, 99.9=858111, 99.99=858111] [READ-FAILED: Count=0, Max=0, Min=9223372036854775807, Avg=NaN, 90=0, 99=0, 99.9=0, 99.99=0] 
2019-05-20 21:58:13:748 1490 sec: 1950 operations; 1.2 current ops/sec; est completion in 39 seconds [READ: Count=12, Max=866815, Min=704512, Avg=774784, 90=861183, 99=866815, 99.9=866815, 99.99=866815] [READ-FAILED: Count=0, Max=0, Min=9223372036854775807, Avg=NaN, 90=0, 99=0, 99.9=0, 99.99=0] 
2019-05-20 21:58:23:748 1500 sec: 1964 operations; 1.4 current ops/sec; est completion in 28 seconds [READ: Count=14, Max=860159, Min=695296, Avg=770413.71, 90=845823, 99=860159, 99.9=860159, 99.99=860159] [READ-FAILED: Count=0, Max=0, Min=9223372036854775807, Avg=NaN, 90=0, 99=0, 99.9=0, 99.99=0] 
2019-05-20 21:58:33:748 1510 sec: 1976 operations; 1.2 current ops/sec; est completion in 19 seconds [READ: Count=12, Max=856063, Min=695296, Avg=772181.33, 90=833023, 99=856063, 99.9=856063, 99.99=856063] [READ-FAILED: Count=0, Max=0, Min=9223372036854775807, Avg=NaN, 90=0, 99=0, 99.9=0, 99.99=0] 
2019-05-20 21:58:43:747 1520 sec: 1990 operations; 1.4 current ops/sec; est completion in 8 second [READ: Count=14, Max=859135, Min=691200, Avg=769133.71, 90=849407, 99=859135, 99.9=859135, 99.99=859135] [READ-FAILED: Count=0, Max=0, Min=9223372036854775807, Avg=NaN, 90=0, 99=0, 99.9=0, 99.99=0] 
2019-05-20 21:58:51:439 1527 sec: 2000 operations; 1.3 current ops/sec; [READ: Count=10, Max=842239, Min=697856, Avg=768870.4, 90=830463, 99=842239, 99.9=842239, 99.99=842239] [CLEANUP: Count=1, Max=3, Min=3, Avg=3, 90=3, 99=3, 99.9=3, 99.99=3] [READ-FAILED: Count=0, Max=0, Min=9223372036854775807, Avg=NaN, 90=0, 99=0, 99.9=0, 99.99=0] 
