[OVERALL], RunTime(ms), 905
[OVERALL], Throughput(ops/sec), 70.7182320441989
[TOTAL_GCS_G1_Young_Generation], Count, 2
[TOTAL_GC_TIME_G1_Young_Generation], Time(ms), 29
[TOTAL_GC_TIME_%_G1_Young_Generation], Time(%), 3.2044198895027622
[TOTAL_GCS_G1_Old_Generation], Count, 0
[TOTAL_GC_TIME_G1_Old_Generation], Time(ms), 0
[TOTAL_GC_TIME_%_G1_Old_Generation], Time(%), 0.0
[TOTAL_GCs], Count, 2
[TOTAL_GC_TIME], Time(ms), 29
[TOTAL_GC_TIME_%], Time(%), 3.2044198895027622
[READ], Operations, 0
[READ], AverageLatency(us), NaN
[READ], MinLatency(us), 9223372036854775807
[READ], MaxLatency(us), 0
[READ], 95thPercentileLatency(us), 0
[READ], 99thPercentileLatency(us), 0
[READ], Return=ERROR, 64
[CLEANUP], Operations, 1
[CLEANUP], AverageLatency(us), 1.0
[CLEANUP], MinLatency(us), 1
[CLEANUP], MaxLatency(us), 1
[CLEANUP], 95thPercentileLatency(us), 1
[CLEANUP], 99thPercentileLatency(us), 1
[READ-FAILED], Operations, 64
[READ-FAILED], AverageLatency(us), 6822.359375
[READ-FAILED], MinLatency(us), 3064
[READ-FAILED], MaxLatency(us), 81215
[READ-FAILED], 95thPercentileLatency(us), 10895
[READ-FAILED], 99thPercentileLatency(us), 11447
