[OVERALL], RunTime(ms), 52556
[OVERALL], Throughput(ops/sec), 28.540984854250706
[TOTAL_GCS_G1_Young_Generation], Count, 6
[TOTAL_GC_TIME_G1_Young_Generation], Time(ms), 37
[TOTAL_GC_TIME_%_G1_Young_Generation], Time(%), 0.0704010959738184
[TOTAL_GCS_G1_Old_Generation], Count, 0
[TOTAL_GC_TIME_G1_Old_Generation], Time(ms), 0
[TOTAL_GC_TIME_%_G1_Old_Generation], Time(%), 0.0
[TOTAL_GCs], Count, 6
[TOTAL_GC_TIME], Time(ms), 37
[TOTAL_GC_TIME_%], Time(%), 0.0704010959738184
[READ], Operations, 52
[READ], AverageLatency(us), 833565.5384615385
[READ], MinLatency(us), 706560
[READ], MaxLatency(us), 1032191
[READ], 95thPercentileLatency(us), 972799
[READ], 99thPercentileLatency(us), 1005055
[READ], Return=OK, 52
[READ], Return=ERROR, 1448
[CLEANUP], Operations, 1
[CLEANUP], AverageLatency(us), 3.0
[CLEANUP], MinLatency(us), 3
[CLEANUP], MaxLatency(us), 3
[CLEANUP], 95thPercentileLatency(us), 3
[CLEANUP], 99thPercentileLatency(us), 3
[READ-FAILED], Operations, 1448
[READ-FAILED], AverageLatency(us), 6021.3549723756905
[READ-FAILED], MinLatency(us), 1614
[READ-FAILED], MaxLatency(us), 3373055
[READ-FAILED], 95thPercentileLatency(us), 6847
[READ-FAILED], 99thPercentileLatency(us), 8495
