timestamp;status;request_time;upstream_response_time
1558498214.137;200;0.748;0.000, 0.000, 0.748
1558498215.003;200;0.821;0.820
1558498215.746;200;0.739;0.740
1558498216.574;200;0.824;0.000, 0.824
1558498217.280;200;0.702;0.000, 0.700
1558498218.147;200;0.844;0.844
1558498218.912;200;0.761;0.000, 0.764
1558498219.769;200;0.852;0.000, 0.852
1558498220.514;200;0.741;0.744
1558498221.364;200;0.846;0.000, 0.844
1558498222.179;200;0.812;0.000, 0.812
1558498223.031;200;0.846;0.848
1558498223.809;200;0.772;0.004, 0.772
1558498224.647;200;0.833;0.000, 0.832
1558498225.403;200;0.753;0.752
1558498226.246;200;0.837;0.004, 0.836
1558498227.005;200;0.755;0.000, 0.756
1558498227.825;200;0.817;0.820
1558498228.604;200;0.776;0.004, 0.772
1558498229.487;200;0.879;0.004, 0.876
1558498230.244;200;0.753;0.756
1558498231.110;200;0.862;0.004, 0.860
1558498231.850;200;0.735;0.000, 0.736
1558498232.680;200;0.825;0.824
1558498233.436;200;0.753;0.000, 0.752
1558498234.266;200;0.825;0.000, 0.824
1558498235.044;200;0.774;0.776
1558498235.900;200;0.850;0.000, 0.848
1558498236.671;200;0.767;0.004, 0.764
1558498237.478;200;0.804;0.804
1558498238.235;200;0.753;0.000, 0.752
1558498239.044;200;0.803;0.000, 0.804
1558498239.798;200;0.743;0.744
1558498240.630;200;0.827;0.000, 0.828
1558498241.430;200;0.797;0.004, 0.796
1558498242.285;200;0.850;0.848
1558498243.026;200;0.736;0.000, 0.736
1558498243.866;200;0.834;0.000, 0.836
1558498244.616;200;0.746;0.744
1558498245.413;200;0.792;0.004, 0.788
1558498246.152;200;0.735;0.004, 0.736
1558498246.986;200;0.830;0.832
1558498247.729;200;0.740;0.004, 0.740
1558498248.584;200;0.851;0.004, 0.848
1558498249.375;200;0.788;0.788
1558498250.178;200;0.800;0.000, 0.800
1558498251.004;200;0.823;0.000, 0.820
1558498251.819;200;0.812;0.812
1558498252.624;200;0.802;0.000, 0.804
1558498253.454;200;0.827;0.000, 0.828
1558498254.168;200;0.710;0.708
1558498255.008;200;0.838;0.000, 0.836
1558498255.742;200;0.731;0.004, 0.728
1558498256.581;200;0.837;0.840
1558498257.323;200;0.738;0.004, 0.736
1558498258.139;200;0.813;0.000, 0.812
1558498258.866;200;0.724;0.724
1558498259.697;200;0.828;0.004, 0.828
1558498260.462;200;0.763;0.000, 0.764
1558498261.369;200;0.903;0.904
1558498262.135;200;0.760;0.000, 0.760
1558498262.978;200;0.840;0.000, 0.840
1558498263.763;200;0.778;0.776
1558498264.599;200;0.825;0.000, 0.824
1558498265.395;200;0.788;0.000, 0.788
1558498266.225;200;0.823;0.824
1558498266.977;200;0.748;0.004, 0.748
1558498267.786;200;0.805;0.004, 0.804
1558498268.522;200;0.729;0.732
1558498269.342;200;0.813;0.000, 0.812
1558498270.109;200;0.763;0.000, 0.760
1558498270.965;200;0.852;0.852
1558498271.761;200;0.793;0.000, 0.796
1558498272.603;200;0.837;0.000, 0.836
1558498273.333;200;0.727;0.728
1558498274.157;200;0.818;0.000, 0.820
1558498274.860;200;0.699;0.004, 0.696
1558498275.661;200;0.797;0.800
1558498276.394;200;0.730;0.004, 0.728
1558498277.262;200;0.862;0.004, 0.860
1558498278.024;200;0.759;0.760
1558498278.840;200;0.813;0.000, 0.812
1558498279.553;200;0.708;0.000, 0.704
1558498280.377;200;0.815;0.816
1558498281.162;200;0.781;0.000, 0.780
1558498282.003;200;0.838;0.000, 0.836
1558498282.784;200;0.778;0.776
1558498283.616;200;0.829;0.000, 0.828
1558498284.388;200;0.767;0.000, 0.764
1558498285.198;200;0.807;0.808
1558498285.922;200;0.721;0.000, 0.720
1558498286.743;200;0.817;0.000, 0.816
1558498287.485;200;0.739;0.736
1558498288.310;200;0.822;0.000, 0.824
1558498289.133;200;0.820;0.000, 0.820
1558498289.960;200;0.824;0.824
1558498290.673;200;0.711;0.000, 0.712
1558498291.480;200;0.803;0.000, 0.800
1558498292.257;200;0.775;0.776
1558498293.090;200;0.827;0.000, 0.828
1558498293.875;200;0.777;0.000, 0.776
1558498294.704;200;0.826;0.824
1558498295.390;200;0.655;0.004, 0.652
1558498296.195;200;0.802;0.000, 0.800
1558498296.932;200;0.733;0.732
1558498297.757;200;0.822;0.000, 0.824
1558498298.480;200;0.720;0.004, 0.716
1558498299.320;200;0.828;0.828
1558498300.011;200;0.688;0.000, 0.688
1558498300.824;200;0.810;0.000, 0.808
1558498301.604;200;0.778;0.776
1558498302.442;200;0.836;0.000, 0.836
1558498303.183;200;0.738;0.000, 0.736
1558498304.025;200;0.837;0.840
1558498304.736;200;0.708;0.000, 0.708
1558498305.591;200;0.851;0.000, 0.852
1558498306.344;200;0.750;0.748
1558498307.189;200;0.840;0.000, 0.840
1558498307.971;200;0.778;0.004, 0.776
1558498308.767;200;0.793;0.792
1558498309.507;200;0.738;0.004, 0.736
1558498310.334;200;0.824;0.000, 0.824
1558498311.101;200;0.765;0.768
1558498311.911;200;0.807;0.004, 0.804
1558498312.724;200;0.810;0.000, 0.808
1558498313.521;200;0.794;0.796
1558498314.322;200;0.795;0.000, 0.796
1558498315.148;200;0.822;0.000, 0.820
1558498315.930;200;0.779;0.780
1558498316.756;200;0.823;0.004, 0.820
1558498317.534;200;0.776;0.000, 0.776
1558498318.360;200;0.818;0.816
1558498319.125;200;0.761;0.000, 0.764
1558498319.922;200;0.794;0.004, 0.792
1558498320.647;200;0.721;0.720
1558498321.458;200;0.808;0.000, 0.808
1558498322.214;200;0.754;0.000, 0.756
1558498323.140;200;0.922;0.920
1558498323.945;200;0.800;0.000, 0.800
1558498324.750;200;0.800;0.000, 0.800
1558498325.545;200;0.791;0.792
1558498326.365;200;0.816;0.000, 0.816
1558498327.123;200;0.755;0.000, 0.756
1558498327.938;200;0.812;0.812
1558498328.690;200;0.748;0.000, 0.748
1558498329.521;200;0.827;0.000, 0.828
1558498330.290;200;0.765;0.768
1558498331.086;200;0.794;0.000, 0.796
1558498331.856;200;0.766;0.000, 0.764
1558498332.661;200;0.801;0.804
1558498333.410;200;0.746;0.000, 0.748
1558498334.246;200;0.832;0.000, 0.832
1558498334.996;200;0.747;0.748
1558498335.828;200;0.829;0.000, 0.828
1558498336.576;200;0.745;0.000, 0.744
1558498337.394;200;0.816;0.816
1558498338.202;200;0.804;0.000, 0.804
1558498339.016;200;0.806;0.000, 0.804
1558498339.754;200;0.736;0.736
1558498340.567;200;0.811;0.000, 0.812
1558498341.345;200;0.775;0.000, 0.776
1558498342.130;200;0.782;0.784
1558498342.873;200;0.740;0.000, 0.740
1558498343.688;200;0.811;0.000, 0.808
1558498344.443;200;0.749;0.748
1558498345.272;200;0.827;0.000, 0.824
1558498346.025;200;0.751;0.000, 0.752
1558498346.871;200;0.843;0.844
1558498347.604;200;0.730;0.000, 0.728
1558498348.401;200;0.792;0.004, 0.792
1558498349.224;200;0.820;0.820
1558498350.009;200;0.780;0.004, 0.780
1558498350.789;200;0.777;0.000, 0.780
1558498351.626;200;0.834;0.836
1558498352.373;200;0.745;0.000, 0.748
1558498353.205;200;0.829;0.000, 0.832
1558498353.964;200;0.754;0.752
1558498354.773;200;0.805;0.000, 0.808
1558498355.494;200;0.718;0.000, 0.720
1558498356.294;200;0.798;0.800
1558498357.042;200;0.746;0.004, 0.744
1558498357.876;200;0.829;0.000, 0.828
1558498358.652;200;0.774;0.776
1558498359.469;200;0.814;0.000, 0.816
1558498360.260;200;0.788;0.000, 0.788
1558498361.093;200;0.829;0.832
1558498361.878;200;0.784;0.000, 0.784
1558498362.714;200;0.833;0.000, 0.832
1558498363.524;200;0.799;0.800
1558498364.361;200;0.832;0.004, 0.832
1558498365.141;200;0.777;0.000, 0.780
1558498365.957;200;0.812;0.816
1558498366.707;200;0.746;0.000, 0.744
1558498367.532;200;0.821;0.000, 0.820
1558498368.291;200;0.757;0.756
1558498369.117;200;0.823;0.000, 0.824
1558498369.828;200;0.707;0.004, 0.704
1558498370.650;200;0.820;0.820
1558498371.412;200;0.760;0.004, 0.756
1558498372.206;200;0.791;0.000, 0.792
1558498372.971;200;0.761;0.760
1558498373.796;200;0.819;0.004, 0.820
1558498374.548;200;0.749;0.000, 0.752
1558498375.372;200;0.821;0.820
1558498376.111;200;0.737;0.000, 0.736
1558498376.934;200;0.821;0.004, 0.820
1558498377.640;200;0.704;0.704
1558498378.454;200;0.812;0.000, 0.812
1558498379.212;200;0.755;0.004, 0.752
1558498380.052;200;0.836;0.836
1558498380.818;200;0.764;0.000, 0.764
1558498381.608;200;0.786;0.000, 0.788
1558498382.345;200;0.733;0.736
1558498383.228;200;0.879;0.004, 0.876
1558498384.025;200;0.792;0.004, 0.792
1558498384.839;200;0.811;0.812
1558498385.560;200;0.718;0.000, 0.716
1558498386.394;200;0.832;0.000, 0.832
1558498387.185;200;0.788;0.792
1558498387.989;200;0.801;0.004, 0.796
1558498388.702;200;0.711;0.000, 0.712
1558498389.472;200;0.767;0.764
1558498390.237;200;0.763;0.000, 0.764
1558498391.064;200;0.822;0.000, 0.820
1558498391.838;200;0.767;0.768
1558498392.646;200;0.805;0.000, 0.804
1558498393.403;200;0.753;0.000, 0.753
1558498394.238;200;0.830;0.832
1558498395.032;200;0.791;0.004, 0.788
1558498395.852;200;0.817;0.000, 0.820
1558498396.593;200;0.737;0.740
1558498397.436;200;0.840;0.000, 0.844
1558498398.211;200;0.772;0.000, 0.772
1558498399.012;200;0.797;0.800
1558498399.754;200;0.728;0.000, 0.728
1558498400.564;200;0.807;0.004, 0.804
1558498401.361;200;0.793;0.796
1558498402.172;200;0.806;0.000, 0.804
1558498402.960;200;0.786;0.000, 0.784
1558498403.808;200;0.843;0.844
1558498404.609;200;0.798;0.000, 0.800
1558498405.427;200;0.814;0.000, 0.812
1558498406.144;200;0.715;0.712
1558498406.936;200;0.790;0.000, 0.788
1558498407.634;200;0.696;0.000, 0.696
1558498408.498;200;0.861;0.864
1558498409.259;200;0.759;0.004, 0.756
1558498410.067;200;0.806;0.000, 0.804
1558498410.779;200;0.706;0.704
1558498411.644;200;0.862;0.000, 0.864
1558498412.350;200;0.703;0.000, 0.704
1558498413.178;200;0.825;0.828
1558498413.873;200;0.691;0.000, 0.692
1558498414.727;200;0.851;0.000, 0.852
1558498415.483;200;0.754;0.756
1558498416.290;200;0.804;0.000, 0.804
1558498416.298;502;0.005;0.000, 0.000, 0.000, 0.004
1558498416.309;502;0.006;0.004, 0.000, 0.000, 0.004
1558498417.061;200;0.749;0.000, 0.752
1558498417.856;200;0.792;0.792
1558498418.581;200;0.722;0.000, 0.720
1558498419.452;200;0.867;0.004, 0.868
1558498420.208;200;0.753;0.752
1558498421.015;200;0.805;0.000, 0.804
1558498421.814;200;0.797;0.000, 0.796
1558498422.632;200;0.815;0.816
1558498423.387;200;0.744;0.000, 0.744
1558498424.228;200;0.838;0.000, 0.836
1558498424.977;200;0.747;0.748
1558498425.799;200;0.819;0.004, 0.816
1558498426.557;200;0.756;0.004, 0.752
1558498427.406;200;0.846;0.848
1558498428.173;200;0.764;0.000, 0.764
1558498428.986;200;0.809;0.004, 0.808
1558498429.722;200;0.733;0.736
1558498430.569;200;0.845;0.004, 0.840
1558498431.306;200;0.734;0.000, 0.736
1558498432.117;200;0.808;0.812
1558498432.888;200;0.768;0.000, 0.768
1558498433.702;200;0.810;0.000, 0.812
1558498434.452;200;0.746;0.748
1558498435.294;200;0.837;0.000, 0.836
1558498435.988;200;0.691;0.000, 0.688
1558498436.813;200;0.823;0.824
1558498437.568;200;0.752;0.004, 0.748
1558498438.376;200;0.805;0.004, 0.804
1558498439.084;200;0.706;0.704
1558498439.889;200;0.801;0.004, 0.796
1558498440.630;200;0.739;0.000, 0.740
1558498441.488;200;0.855;0.860
1558498442.229;200;0.737;0.000, 0.740
1558498443.096;200;0.865;0.000, 0.864
1558498443.934;200;0.832;0.832
1558498444.813;200;0.875;0.000, 0.876
1558498445.593;200;0.776;0.004, 0.776
1558498446.381;200;0.784;0.788
1558498447.122;200;0.738;0.000, 0.740
1558498447.969;200;0.844;0.004, 0.844
1558498448.702;200;0.730;0.732
1558498449.514;200;0.809;0.000, 0.808
1558498450.252;200;0.734;0.000, 0.732
1558498451.066;200;0.812;0.812
1558498451.832;200;0.764;0.004, 0.760
1558498452.616;200;0.782;0.000, 0.780
1558498453.371;200;0.753;0.752
1558498454.207;200;0.833;0.000, 0.832
1558498454.954;200;0.745;0.000, 0.744
1558498455.756;200;0.796;0.796
1558498456.538;200;0.779;0.000, 0.780
1558498457.374;200;0.832;0.000, 0.832
1558498458.125;200;0.749;0.752
1558498458.968;200;0.840;0.004, 0.836
1558498459.732;200;0.762;0.000, 0.760
1558498460.556;200;0.822;0.820
1558498461.374;200;0.816;0.004, 0.812
1558498462.182;200;0.805;0.004, 0.804
1558498462.967;200;0.783;0.784
1558498463.764;200;0.793;0.004, 0.788
1558498464.510;200;0.744;0.000, 0.744
1558498465.350;200;0.837;0.840
1558498466.074;200;0.720;0.000, 0.720
1558498466.896;200;0.819;0.004, 0.816
1558498467.653;200;0.755;0.756
1558498468.446;200;0.789;0.004, 0.788
1558498469.273;200;0.824;0.004, 0.824
1558498470.069;200;0.793;0.796
1558498470.818;200;0.746;0.000, 0.748
1558498471.669;200;0.847;0.000, 0.848
1558498472.410;200;0.737;0.740
1558498473.233;200;0.821;0.000, 0.824
1558498473.988;200;0.752;0.004, 0.748
1558498474.816;200;0.826;0.824
1558498475.577;200;0.756;0.000, 0.752
1558498476.409;200;0.829;0.004, 0.828
1558498477.154;200;0.742;0.744
1558498477.977;200;0.818;0.000, 0.820
1558498478.716;200;0.736;0.000, 0.736
1558498479.521;200;0.803;0.804
1558498480.272;200;0.747;0.004, 0.744
1558498481.062;200;0.788;0.000, 0.788
1558498481.841;200;0.776;0.780
1558498482.680;200;0.836;0.004, 0.832
1558498483.465;200;0.783;0.000, 0.784
1558498484.275;200;0.806;0.808
1558498485.017;200;0.740;0.000, 0.740
1558498485.830;200;0.809;0.004, 0.808
1558498486.582;200;0.749;0.752
1558498487.413;200;0.829;0.004, 0.828
1558498488.167;200;0.748;0.000, 0.748
1558498488.977;200;0.808;0.804
1558498489.728;200;0.749;0.000, 0.748
1558498490.541;200;0.812;0.000, 0.812
1558498491.314;200;0.770;0.772
1558498492.113;200;0.796;0.004, 0.796
1558498492.881;200;0.765;0.000, 0.764
1558498493.705;200;0.821;0.824
1558498494.465;200;0.756;0.000, 0.756
1558498495.298;200;0.830;0.000, 0.832
1558498496.020;200;0.719;0.720
1558498496.829;200;0.807;0.000, 0.804
1558498497.572;200;0.739;0.004, 0.736
1558498498.381;200;0.806;0.808
1558498499.035;200;0.651;0.004, 0.648
1558498499.865;200;0.827;0.000, 0.824
1558498500.614;200;0.746;0.748
1558498501.461;200;0.845;0.004, 0.844
1558498502.245;200;0.782;0.000, 0.784
1558498503.064;200;0.811;0.808
1558498503.802;200;0.734;0.004, 0.732
1558498504.681;200;0.877;0.004, 0.876
1558498505.493;200;0.809;0.812
1558498506.337;200;0.842;0.000, 0.840
1558498507.113;200;0.774;0.000, 0.776
1558498507.920;200;0.804;0.804
1558498508.661;200;0.739;0.000, 0.740
1558498509.469;200;0.805;0.000, 0.808
1558498510.270;200;0.798;0.800
1558498511.093;200;0.819;0.000, 0.816
1558498511.956;200;0.860;0.004, 0.856
1558498512.790;200;0.830;0.832
1558498513.553;200;0.760;0.000, 0.760
1558498514.384;200;0.824;0.004, 0.820
1558498515.140;200;0.753;0.752
1558498515.936;200;0.792;0.000, 0.792
1558498516.698;200;0.759;0.000, 0.760
1558498517.546;200;0.844;0.844
1558498518.288;200;0.739;0.000, 0.736
1558498519.109;200;0.818;0.000, 0.820
1558498519.856;200;0.743;0.740
1558498520.681;200;0.822;0.000, 0.824
1558498521.489;200;0.805;0.000, 0.804
1558498522.306;200;0.814;0.816
1558498523.086;200;0.777;0.004, 0.776
1558498523.950;200;0.861;0.004, 0.860
1558498524.708;200;0.755;0.756
1558498525.509;200;0.797;0.000, 0.800
1558498526.240;200;0.728;0.000, 0.728
1558498527.042;200;0.799;0.800
1558498527.786;200;0.741;0.004, 0.740
1558498528.612;200;0.822;0.000, 0.820
1558498529.386;200;0.770;0.772
1558498530.220;200;0.831;0.004, 0.828
1558498530.976;200;0.754;0.000, 0.752
1558498531.812;200;0.833;0.832
1558498532.579;200;0.765;0.000, 0.764
1558498533.439;200;0.857;0.000, 0.856
1558498534.204;200;0.761;0.760
1558498535.071;200;0.865;0.000, 0.864
1558498535.828;200;0.754;0.004, 0.748
1558498536.640;200;0.811;0.808
1558498537.329;200;0.687;0.000, 0.684
1558498538.133;200;0.800;0.000, 0.800
1558498538.846;200;0.711;0.712
1558498539.656;200;0.807;0.000, 0.804
1558498540.408;200;0.750;0.000, 0.748
1558498541.274;200;0.862;0.864
1558498542.017;200;0.742;0.000, 0.740
1558498542.848;200;0.827;0.000, 0.824
1558498543.565;200;0.715;0.712
1558498544.406;200;0.836;0.000, 0.836
1558498545.181;200;0.772;0.004, 0.772
1558498546.008;200;0.823;0.824
1558498546.784;200;0.774;0.000, 0.772
1558498547.630;200;0.843;0.000, 0.844
1558498548.363;200;0.730;0.728
1558498549.184;200;0.818;0.000, 0.816
1558498549.964;200;0.777;0.000, 0.776
1558498550.814;200;0.847;0.848
1558498551.577;200;0.760;0.000, 0.756
1558498552.378;200;0.797;0.004, 0.796
1558498553.130;200;0.748;0.748
1558498553.993;200;0.860;0.004, 0.856
1558498554.760;200;0.764;0.000, 0.764
1558498555.576;200;0.812;0.812
1558498556.352;200;0.774;0.000, 0.772
1558498557.188;200;0.834;0.000, 0.832
1558498557.928;200;0.738;0.736
1558498558.757;200;0.825;0.000, 0.828
1558498559.573;200;0.813;0.000, 0.812
1558498560.384;200;0.809;0.808
1558498561.153;200;0.767;0.000, 0.768
1558498561.974;200;0.818;0.004, 0.816
1558498562.741;200;0.764;0.768
1558498563.561;200;0.816;0.000, 0.816
1558498564.346;200;0.780;0.000, 0.780
1558498565.194;200;0.845;0.844
1558498565.962;200;0.764;0.000, 0.764
1558498566.792;200;0.824;0.000, 0.824
1558498567.571;200;0.775;0.776
1558498568.386;200;0.812;0.000, 0.812
1558498569.125;200;0.735;0.000, 0.736
1558498569.972;200;0.843;0.844
1558498570.730;200;0.754;0.000, 0.756
1558498571.573;200;0.840;0.000, 0.836
1558498572.373;200;0.796;0.796
1558498573.194;200;0.818;0.000, 0.820
1558498573.968;200;0.768;0.000, 0.768
1558498574.776;200;0.806;0.804
1558498575.521;200;0.742;0.000, 0.744
1558498576.336;200;0.809;0.000, 0.808
1558498577.077;200;0.738;0.740
1558498577.925;200;0.840;0.004, 0.840
1558498578.578;200;0.651;0.000, 0.652
1558498579.384;200;0.803;0.804
1558498580.134;200;0.747;0.000, 0.748
1558498580.949;200;0.809;0.000, 0.812
1558498581.732;200;0.781;0.780
1558498582.546;200;0.809;0.004, 0.808
1558498583.336;200;0.787;0.004, 0.784
1558498584.161;200;0.821;0.820
1558498584.920;200;0.756;0.000, 0.756
1558498585.743;200;0.820;0.000, 0.820
1558498586.486;200;0.741;0.740
1558498587.296;200;0.806;0.000, 0.804
1558498588.042;200;0.744;0.000, 0.744
1558498588.866;200;0.822;0.824
1558498589.676;200;0.808;0.004, 0.804
1558498590.480;200;0.800;0.000, 0.800
1558498591.244;200;0.762;0.760
1558498592.058;200;0.812;0.000, 0.812
1558498592.849;200;0.788;0.004, 0.788
1558498593.680;200;0.827;0.824
1558498594.480;200;0.795;0.004, 0.792
1558498595.327;200;0.845;0.000, 0.844
1558498596.083;200;0.753;0.752
1558498596.908;200;0.820;0.000, 0.820
1558498597.660;200;0.750;0.000, 0.748
1558498598.458;200;0.796;0.796
1558498599.204;200;0.743;0.004, 0.740
1558498600.037;200;0.830;0.000, 0.828
1558498600.834;200;0.795;0.796
1558498601.648;200;0.811;0.004, 0.808
1558498602.414;200;0.762;0.000, 0.764
1558498603.242;200;0.824;0.824
1558498603.999;200;0.753;0.000, 0.752
1558498604.833;200;0.831;0.000, 0.832
1558498605.591;200;0.753;0.752
1558498606.401;200;0.807;0.000, 0.804
1558498607.166;200;0.762;0.000, 0.764
1558498608.001;200;0.832;0.836
1558498608.727;200;0.721;0.000, 0.720
1558498609.554;200;0.822;0.000, 0.824
1558498610.298;200;0.741;0.740
1558498611.118;200;0.816;0.000, 0.816
1558498611.871;200;0.750;0.000, 0.748
1558498612.685;200;0.802;0.804
1558498613.438;200;0.749;0.004, 0.748
1558498614.249;200;0.804;0.004, 0.804
1558498615.025;200;0.774;0.772
1558498615.837;200;0.810;0.000, 0.812
1558498616.578;200;0.737;0.004, 0.736
1558498617.390;200;0.808;0.808
1558498618.133;200;0.740;0.004, 0.740
1558498618.950;200;0.814;0.000, 0.816
1558498618.956;502;0.004;0.000, 0.004, 0.000, 0.000
1558498619.749;200;0.791;0.000, 0.000, 0.004, 0.784
1558498620.527;200;0.776;0.776
1558498621.339;200;0.810;0.004, 0.808
1558498622.081;200;0.740;0.000, 0.736
1558498622.916;200;0.833;0.832
1558498623.681;200;0.763;0.000, 0.764
1558498624.500;200;0.816;0.004, 0.812
1558498625.253;200;0.751;0.752
1558498626.073;200;0.818;0.000, 0.820
1558498626.837;200;0.760;0.004, 0.760
1558498627.688;200;0.848;0.848
1558498628.446;200;0.756;0.000, 0.756
1558498629.254;200;0.806;0.000, 0.808
1558498630.012;200;0.755;0.752
1558498630.827;200;0.813;0.000, 0.812
1558498631.582;200;0.752;0.000, 0.752
1558498632.410;200;0.824;0.824
1558498633.151;200;0.739;0.004, 0.736
1558498633.966;200;0.812;0.000, 0.812
1558498634.697;200;0.729;0.728
1558498635.508;200;0.808;0.000, 0.808
1558498636.271;200;0.760;0.000, 0.760
1558498637.117;200;0.843;0.844
1558498637.890;200;0.769;0.000, 0.768
1558498638.712;200;0.819;0.004, 0.816
1558498639.450;200;0.736;0.736
1558498640.237;200;0.784;0.004, 0.784
1558498641.061;200;0.821;0.000, 0.820
1558498641.878;200;0.814;0.816
1558498642.640;200;0.759;0.004, 0.756
1558498643.461;200;0.818;0.000, 0.820
1558498644.217;200;0.752;0.756
1558498645.033;200;0.813;0.004, 0.812
1558498645.792;200;0.756;0.000, 0.756
1558498646.624;200;0.830;0.828
1558498647.385;200;0.759;0.000, 0.756
1558498648.198;200;0.809;0.000, 0.808
1558498648.966;200;0.765;0.764
1558498649.788;200;0.819;0.004, 0.816
1558498650.565;200;0.775;0.000, 0.776
1558498651.382;200;0.813;0.816
1558498652.196;200;0.811;0.004, 0.808
1558498653.061;200;0.863;0.000, 0.864
1558498653.844;200;0.779;0.776
1558498654.717;200;0.869;0.000, 0.872
1558498655.508;200;0.787;0.004, 0.784
1558498656.340;200;0.829;0.828
1558498657.149;200;0.806;0.000, 0.804
1558498657.960;200;0.809;0.000, 0.808
1558498658.719;200;0.757;0.756
1558498659.534;200;0.813;0.000, 0.812
1558498660.322;200;0.785;0.000, 0.784
1558498661.130;200;0.805;0.804
1558498661.876;200;0.744;0.000, 0.744
1558498662.690;200;0.811;0.000, 0.812
1558498663.473;200;0.780;0.776
1558498664.296;200;0.819;0.004, 0.816
1558498665.047;200;0.749;0.000, 0.748
1558498665.846;200;0.797;0.800
1558498666.601;200;0.752;0.004, 0.752
1558498667.436;200;0.832;0.000, 0.832
1558498668.211;200;0.772;0.772
1558498669.011;200;0.797;0.000, 0.796
1558498669.658;200;0.644;0.000, 0.644
1558498670.469;200;0.809;0.812
1558498671.208;200;0.737;0.000, 0.736
1558498672.027;200;0.815;0.000, 0.816
1558498672.837;200;0.808;0.808
1558498673.645;200;0.802;0.000, 0.804
1558498674.392;200;0.742;0.000, 0.740
1558498675.206;200;0.812;0.812
1558498675.945;200;0.737;0.000, 0.740
1558498676.758;200;0.810;0.000, 0.812
1558498677.535;200;0.775;0.776
1558498678.353;200;0.815;0.000, 0.816
1558498679.102;200;0.746;0.000, 0.748
1558498679.903;200;0.796;0.796
1558498680.671;200;0.766;0.000, 0.764
1558498681.477;200;0.803;0.000, 0.804
1558498682.213;200;0.732;0.736
1558498683.068;200;0.850;0.000, 0.848
1558498683.831;200;0.759;0.004, 0.756
1558498684.647;200;0.813;0.812
1558498685.407;200;0.757;0.000, 0.756
1558498686.216;200;0.806;0.000, 0.804
1558498686.968;200;0.746;0.744
1558498687.794;200;0.823;0.000, 0.824
1558498688.500;200;0.702;0.000, 0.700
1558498689.340;200;0.837;0.836
1558498690.102;200;0.760;0.000, 0.760
1558498690.914;200;0.810;0.000, 0.812
1558498691.630;200;0.714;0.716
1558498692.430;200;0.797;0.000, 0.796
1558498693.188;200;0.756;0.000, 0.756
1558498693.996;200;0.802;0.800
1558498694.688;200;0.690;0.000, 0.688
1558498695.514;200;0.823;0.000, 0.824
1558498696.269;200;0.753;0.756
1558498697.108;200;0.836;0.004, 0.832
1558498697.843;200;0.733;0.000, 0.732
1558498698.654;200;0.809;0.812
1558498699.396;200;0.739;0.004, 0.736
1558498700.211;200;0.812;0.000, 0.812
1558498701.032;200;0.819;0.820
1558498701.851;200;0.816;0.000, 0.816
1558498702.637;200;0.784;0.000, 0.784
1558498703.438;200;0.798;0.800
1558498704.149;200;0.707;0.000, 0.708
1558498704.960;200;0.809;0.000, 0.808
1558498705.729;200;0.767;0.768
1558498706.574;200;0.842;0.000, 0.844
1558498707.327;200;0.750;0.004, 0.748
1558498708.134;200;0.805;0.808
1558498708.894;200;0.758;0.000, 0.760
1558498709.718;200;0.821;0.004, 0.820
1558498710.500;200;0.779;0.780
1558498711.355;200;0.851;0.000, 0.852
1558498712.145;200;0.788;0.000, 0.784
1558498712.992;200;0.845;0.844
1558498713.772;200;0.776;0.000, 0.776
1558498714.589;200;0.813;0.000, 0.812
1558498715.340;200;0.749;0.748
1558498716.157;200;0.815;0.000, 0.812
1558498716.893;200;0.734;0.000, 0.736
1558498717.702;200;0.805;0.808
1558498718.509;200;0.803;0.000, 0.804
1558498719.358;200;0.836;0.000, 0.836
1558498720.106;200;0.745;0.748
1558498720.923;200;0.814;0.004, 0.812
1558498721.687;200;0.762;0.004, 0.760
1558498722.502;200;0.812;0.812
1558498723.277;200;0.773;0.000, 0.776
1558498724.087;200;0.805;0.000, 0.804
1558498724.825;200;0.735;0.736
1558498725.642;200;0.812;0.000, 0.812
1558498726.406;200;0.762;0.000, 0.764
1558498727.244;200;0.835;0.832
1558498727.958;200;0.712;0.000, 0.712
1558498728.804;200;0.842;0.000, 0.840
1558498729.552;200;0.746;0.744
1558498730.384;200;0.828;0.004, 0.824
1558498731.163;200;0.776;0.000, 0.776
1558498732.030;200;0.860;0.860
1558498732.789;200;0.757;0.004, 0.756
1558498733.622;200;0.829;0.004, 0.828
1558498734.417;200;0.792;0.792
1558498735.254;200;0.835;0.000, 0.836
1558498736.005;200;0.747;0.000, 0.744
1558498736.850;200;0.842;0.844
1558498737.640;200;0.788;0.004, 0.784
1558498738.449;200;0.807;0.000, 0.808
1558498739.201;200;0.749;0.748
1558498740.000;200;0.797;0.000, 0.796
1558498740.740;200;0.738;0.000, 0.736
1558498741.559;200;0.817;0.816
1558498742.328;200;0.767;0.004, 0.764
1558498743.234;200;0.903;0.000, 0.904
1558498744.019;200;0.782;0.784
1558498744.842;200;0.822;0.004, 0.820
1558498745.586;200;0.741;0.004, 0.740
1558498746.392;200;0.804;0.804
1558498747.139;200;0.745;0.000, 0.744
1558498747.975;200;0.834;0.000, 0.832
1558498748.714;200;0.737;0.736
1558498749.534;200;0.816;0.000, 0.816
1558498750.279;200;0.743;0.004, 0.740
1558498751.148;200;0.867;0.864
1558498751.889;200;0.739;0.000, 0.736
1558498752.748;200;0.856;0.000, 0.856
1558498753.494;200;0.744;0.744
1558498754.343;200;0.845;0.000, 0.844
1558498755.112;200;0.767;0.000, 0.764
1558498755.946;200;0.831;0.832
1558498756.732;200;0.783;0.000, 0.780
1558498757.558;200;0.822;0.000, 0.824
1558498758.256;200;0.693;0.692
1558498759.108;200;0.847;0.000, 0.844
1558498759.850;200;0.739;0.000, 0.740
1558498760.672;200;0.820;0.820
1558498761.428;200;0.754;0.000, 0.752
1558498762.255;200;0.824;0.000, 0.824
1558498763.027;200;0.770;0.772
1558498763.840;200;0.810;0.000, 0.808
1558498764.590;200;0.748;0.000, 0.748
1558498765.419;200;0.827;0.828
1558498766.135;200;0.712;0.000, 0.712
1558498766.955;200;0.818;0.004, 0.816
1558498767.691;200;0.734;0.732
1558498768.525;200;0.832;0.000, 0.832
1558498769.322;200;0.794;0.000, 0.796
1558498770.140;200;0.815;0.816
1558498770.890;200;0.746;0.000, 0.748
1558498771.733;200;0.840;0.004, 0.836
1558498772.504;200;0.769;0.768
1558498773.338;200;0.832;0.000, 0.832
1558498774.122;200;0.781;0.004, 0.780
1558498774.956;200;0.830;0.828
1558498775.705;200;0.747;0.000, 0.744
1558498776.511;200;0.803;0.000, 0.804
1558498777.302;200;0.788;0.788
1558498778.149;200;0.843;0.000, 0.844
1558498778.914;200;0.761;0.004, 0.760
1558498779.731;200;0.815;0.816
1558498780.486;200;0.754;0.004, 0.752
1558498781.309;200;0.822;0.000, 0.824
1558498782.078;200;0.766;0.768
1558498782.869;200;0.787;0.000, 0.784
1558498783.607;200;0.736;0.000, 0.736
1558498784.429;200;0.818;0.820
1558498785.169;200;0.737;0.000, 0.736
1558498785.979;200;0.806;0.004, 0.804
1558498786.768;200;0.786;0.784
1558498787.612;200;0.842;0.000, 0.840
1558498788.361;200;0.747;0.000, 0.748
1558498789.187;200;0.822;0.820
1558498789.973;200;0.784;0.000, 0.780
1558498790.796;200;0.819;0.004, 0.816
1558498791.573;200;0.775;0.772
1558498792.376;200;0.800;0.000, 0.800
1558498793.144;200;0.765;0.000, 0.764
1558498793.929;200;0.781;0.780
1558498794.635;200;0.703;0.000, 0.704
1558498795.466;200;0.827;0.000, 0.828
1558498796.221;200;0.753;0.756
1558498797.043;200;0.818;0.000, 0.816
1558498797.703;200;0.657;0.000, 0.656
1558498798.539;200;0.832;0.832
1558498799.303;200;0.762;0.004, 0.760
1558498800.124;200;0.818;0.000, 0.816
1558498800.891;200;0.764;0.764
1558498801.728;200;0.832;0.004, 0.828
1558498802.473;200;0.742;0.000, 0.744
1558498803.315;200;0.838;0.836
1558498804.072;200;0.755;0.000, 0.752
1558498804.884;200;0.808;0.004, 0.804
1558498805.637;200;0.749;0.748
1558498806.433;200;0.789;0.000, 0.788
1558498807.223;200;0.787;0.000, 0.788
1558498808.056;200;0.831;0.832
1558498808.785;200;0.727;0.000, 0.724
1558498809.588;200;0.800;0.000, 0.800
1558498810.420;200;0.830;0.828
1558498811.257;200;0.835;0.000, 0.836
1558498811.969;200;0.707;0.000, 0.708
1558498812.800;200;0.828;0.828
1558498813.588;200;0.786;0.004, 0.780
1558498814.410;200;0.818;0.000, 0.820
1558498815.165;200;0.753;0.752
1558498815.981;200;0.814;0.000, 0.812
1558498816.726;200;0.743;0.000, 0.744
1558498817.601;200;0.873;0.872
1558498818.353;200;0.750;0.000, 0.748
1558498819.206;200;0.850;0.000, 0.852
1558498819.962;200;0.745;0.748
1558498820.816;200;0.851;0.000, 0.848
1558498821.637;200;0.819;0.000, 0.000, 0.816
1558498822.410;200;0.770;0.000, 0.004, 0.768
1558498823.141;200;0.729;0.000, 0.728
1558498823.963;200;0.816;0.816
1558498824.720;200;0.755;0.000, 0.752
1558498825.553;200;0.831;0.000, 0.828
1558498826.286;200;0.730;0.732
1558498827.088;200;0.800;0.000, 0.800
1558498827.839;200;0.749;0.000, 0.748
1558498828.659;200;0.817;0.816
1558498829.446;200;0.784;0.000, 0.784
1558498830.255;200;0.806;0.004, 0.804
1558498831.010;200;0.751;0.752
1558498831.839;200;0.827;0.004, 0.824
1558498832.548;200;0.707;0.004, 0.704
1558498833.391;200;0.841;0.840
1558498834.162;200;0.769;0.000, 0.768
1558498834.969;200;0.805;0.004, 0.800
1558498835.708;200;0.736;0.736
1558498836.507;200;0.796;0.000, 0.796
1558498837.266;200;0.757;0.000, 0.756
1558498838.072;200;0.804;0.804
1558498838.812;200;0.737;0.000, 0.736
1558498839.642;200;0.828;0.000, 0.828
1558498840.388;200;0.743;0.744
1558498841.194;200;0.804;0.000, 0.804
1558498841.948;200;0.753;0.000, 0.752
1558498842.785;200;0.833;0.832
1558498843.550;200;0.763;0.000, 0.764
1558498844.383;200;0.828;0.000, 0.828
1558498845.132;200;0.746;0.744
1558498845.923;200;0.788;0.000, 0.788
1558498846.706;200;0.781;0.000, 0.780
1558498847.517;200;0.807;0.804
1558498848.271;200;0.752;0.000, 0.752
1558498849.084;200;0.810;0.000, 0.808
1558498849.786;200;0.699;0.700
1558498850.590;200;0.800;0.000, 0.800
1558498851.372;200;0.780;0.000, 0.780
1558498852.163;200;0.787;0.788
1558498852.964;200;0.799;0.000, 0.796
1558498853.793;200;0.825;0.000, 0.828
1558498854.540;200;0.744;0.744
1558498855.364;200;0.822;0.000, 0.820
1558498856.120;200;0.754;0.000, 0.752
1558498856.937;200;0.815;0.816
1558498857.620;200;0.680;0.000, 0.680
1558498858.418;200;0.796;0.000, 0.796
1558498859.107;200;0.687;0.688
1558498859.929;200;0.820;0.000, 0.816
1558498860.728;200;0.796;0.000, 0.796
1558498861.532;200;0.802;0.800
1558498862.297;200;0.762;0.000, 0.764
1558498863.120;200;0.821;0.004, 0.816
1558498863.945;200;0.820;0.820
1558498864.751;200;0.804;0.000, 0.804
1558498865.536;200;0.782;0.000, 0.780
1558498866.365;200;0.827;0.824
1558498867.117;200;0.749;0.000, 0.748
1558498867.918;200;0.797;0.004, 0.796
1558498868.652;200;0.731;0.732
1558498869.462;200;0.808;0.000, 0.808
1558498870.272;200;0.808;0.000, 0.808
1558498871.124;200;0.850;0.848
1558498871.915;200;0.787;0.004, 0.784
1558498872.791;200;0.874;0.004, 0.872
1558498873.543;200;0.750;0.752
1558498874.360;200;0.814;0.000, 0.812
1558498875.147;200;0.785;0.000, 0.784
1558498875.941;200;0.792;0.796
1558498876.695;200;0.751;0.000, 0.752
1558498877.501;200;0.804;0.004, 0.804
1558498878.238;200;0.733;0.736
1558498879.041;200;0.801;0.004, 0.796
1558498879.824;200;0.776;0.000, 0.776
1558498880.630;200;0.805;0.804
1558498881.434;200;0.801;0.000, 0.800
1558498882.252;200;0.815;0.000, 0.812
1558498883.027;200;0.772;0.772
1558498883.836;200;0.805;0.000, 0.804
1558498884.596;200;0.758;0.000, 0.756
1558498885.407;200;0.809;0.808
1558498886.176;200;0.767;0.004, 0.764
1558498886.973;200;0.795;0.000, 0.796
1558498887.719;200;0.744;0.744
1558498888.516;200;0.795;0.000, 0.792
1558498889.298;200;0.779;0.000, 0.780
1558498890.145;200;0.845;0.844
1558498890.896;200;0.748;0.000, 0.748
1558498891.718;200;0.819;0.000, 0.820
1558498892.473;200;0.752;0.756
1558498893.309;200;0.833;0.004, 0.832
1558498894.114;200;0.801;0.000, 0.800
1558498894.920;200;0.803;0.804
1558498895.700;200;0.779;0.000, 0.776
1558498896.517;200;0.815;0.000, 0.816
1558498897.281;200;0.762;0.760
1558498898.096;200;0.812;0.000, 0.812
1558498898.845;200;0.748;0.000, 0.748
1558498899.652;200;0.804;0.804
1558498900.483;200;0.828;0.000, 0.828
1558498901.293;200;0.808;0.004, 0.808
1558498902.084;200;0.788;0.788
1558498902.893;200;0.806;0.000, 0.805
1558498903.635;200;0.740;0.000, 0.740
1558498904.443;200;0.804;0.804
1558498905.154;200;0.709;0.004, 0.708
1558498906.003;200;0.847;0.004, 0.844
1558498906.751;200;0.745;0.744
1558498907.588;200;0.835;0.000, 0.832
1558498908.364;200;0.774;0.000, 0.776
1558498909.175;200;0.808;0.808
1558498909.924;200;0.747;0.000, 0.744
1558498910.723;200;0.795;0.000, 0.800
1558498911.476;200;0.751;0.752
1558498912.310;200;0.831;0.000, 0.836
1558498913.019;200;0.706;0.004, 0.700
1558498913.868;200;0.846;0.848
1558498914.553;200;0.682;0.000, 0.684
1558498915.372;200;0.816;0.000, 0.816
1558498916.120;200;0.746;0.748
1558498916.932;200;0.810;0.000, 0.812
1558498917.643;200;0.709;0.000, 0.712
1558498918.462;200;0.817;0.820
1558498919.175;200;0.711;0.000, 0.712
1558498920.009;200;0.821;0.000, 0.824
1558498920.748;200;0.736;0.736
1558498921.593;200;0.842;0.000, 0.844
1558498922.358;200;0.763;0.000, 0.768
1558498923.197;200;0.837;0.836
1558498924.014;200;0.812;0.000, 0.816
1558498924.844;200;0.826;0.000, 0.828
1558498925.544;200;0.698;0.700
1558498926.353;200;0.807;0.000, 0.812
1558498927.115;200;0.758;0.000, 0.760
1558498927.921;200;0.804;0.804
1558498928.664;200;0.740;0.000, 0.744
1558498929.460;200;0.795;0.000, 0.796
1558498930.213;200;0.750;0.748
1558498931.027;200;0.810;0.004, 0.808
1558498931.800;200;0.771;0.004, 0.768
1558498932.665;200;0.862;0.868
1558498933.420;200;0.752;0.000, 0.752
1558498934.239;200;0.816;0.000, 0.820
1558498935.053;200;0.812;0.812
1558498935.865;200;0.810;0.000, 0.812
1558498936.573;200;0.705;0.000, 0.712
1558498937.427;200;0.850;0.852
1558498938.174;200;0.745;0.000, 0.748
1558498938.981;200;0.805;0.000, 0.804
1558498939.738;200;0.755;0.760
1558498940.604;200;0.864;0.000, 0.860
1558498941.435;200;0.829;0.000, 0.832
1558498942.240;200;0.803;0.804
1558498942.999;200;0.756;0.000, 0.760
1558498943.850;200;0.848;0.000, 0.852
1558498944.590;200;0.738;0.740
1558498945.395;200;0.803;0.000, 0.804
1558498946.129;200;0.732;0.000, 0.732
1558498946.916;200;0.785;0.788
1558498947.675;200;0.757;0.000, 0.760
1558498948.509;200;0.832;0.000, 0.832
1558498949.279;200;0.768;0.772
1558498950.108;200;0.827;0.000, 0.828
1558498950.848;200;0.737;0.000, 0.740
1558498951.663;200;0.814;0.816
1558498952.412;200;0.748;0.000, 0.748
1558498953.257;200;0.843;0.000, 0.844
1558498954.051;200;0.790;0.796
1558498954.845;200;0.792;0.000, 0.792
1558498955.541;200;0.693;0.000, 0.700
1558498956.334;200;0.790;0.792
1558498957.138;200;0.801;0.000, 0.804
1558498957.953;200;0.813;0.000, 0.816
1558498958.711;200;0.756;0.756
1558498959.529;200;0.816;0.000, 0.816
1558498960.280;200;0.748;0.000, 0.752
1558498961.074;200;0.792;0.796
1558498961.822;200;0.746;0.000, 0.748
1558498962.634;200;0.810;0.000, 0.812
1558498963.380;200;0.744;0.740
1558498964.187;200;0.804;0.000, 0.808
1558498964.945;200;0.756;0.000, 0.760
1558498965.761;200;0.813;0.816
1558498966.556;200;0.792;0.000, 0.792
1558498967.415;200;0.857;0.000, 0.860
1558498968.195;200;0.778;0.780
1558498969.008;200;0.811;0.000, 0.812
1558498969.793;200;0.782;0.000, 0.784
1558498970.644;200;0.849;0.852
1558498971.363;200;0.716;0.000, 0.720
1558498972.194;200;0.829;0.000, 0.832
1558498972.945;200;0.749;0.744
1558498973.745;200;0.796;0.004, 0.796
1558498974.501;200;0.754;0.000, 0.756
1558498975.329;200;0.826;0.828
1558498976.075;200;0.743;0.000, 0.744
1558498976.907;200;0.829;0.000, 0.828
1558498977.664;200;0.755;0.760
1558498978.470;200;0.804;0.000, 0.808
1558498979.152;200;0.680;0.000, 0.680
1558498979.967;200;0.812;0.816
1558498980.693;200;0.724;0.000, 0.724
1558498981.537;200;0.840;0.004, 0.840
1558498982.335;200;0.795;0.800
1558498983.167;200;0.829;0.000, 0.832
1558498983.928;200;0.759;0.000, 0.756
1558498984.724;200;0.794;0.796
1558498985.508;200;0.782;0.000, 0.784
1558498986.296;200;0.784;0.000, 0.788
1558498987.046;200;0.748;0.752
1558498987.855;200;0.803;0.000, 0.808
1558498988.613;200;0.756;0.000, 0.752
1558498989.429;200;0.813;0.816
1558498990.188;200;0.756;0.000, 0.760
1558498990.983;200;0.793;0.000, 0.796
1558498991.736;200;0.749;0.752
1558498992.633;200;0.895;0.000, 0.896
1558498993.402;200;0.765;0.004, 0.768
1558498994.236;200;0.831;0.832
1558498995.005;200;0.767;0.000, 0.768
1558498995.797;200;0.789;0.000, 0.792
1558498996.554;200;0.755;0.760
1558498997.367;200;0.810;0.000, 0.812
1558498998.092;200;0.723;0.000, 0.724
1558498998.912;200;0.818;0.820
1558498999.663;200;0.749;0.000, 0.752
1558499000.459;200;0.788;0.000, 0.792
1558499001.320;200;0.860;0.860
1558499002.126;200;0.804;0.000, 0.808
1558499002.864;200;0.732;0.000, 0.736
1558499003.670;200;0.804;0.808
1558499004.410;200;0.736;0.000, 0.740
1558499005.224;200;0.812;0.000, 0.812
1558499005.953;200;0.728;0.724
1558499006.747;200;0.792;0.000, 0.796
1558499007.537;200;0.788;0.000, 0.788
1558499008.332;200;0.793;0.796
1558499009.104;200;0.769;0.000, 0.772
1558499009.907;200;0.801;0.000, 0.800
1558499010.620;200;0.711;0.716
1558499011.460;200;0.837;0.000, 0.840
1558499012.169;200;0.707;0.000, 0.708
1558499012.995;200;0.823;0.828
1558499013.773;200;0.775;0.000, 0.776
1558499014.581;200;0.805;0.000, 0.808
1558499015.329;200;0.746;0.748
1558499016.137;200;0.806;0.000, 0.804
1558499016.910;200;0.771;0.000, 0.772
1558499017.715;200;0.803;0.808
1558499018.479;200;0.762;0.000, 0.760
1558499019.275;200;0.794;0.004, 0.796
1558499020.056;200;0.779;0.780
1558499020.880;200;0.812;0.000, 0.816
1558499021.597;200;0.714;0.000, 0.716
1558499022.409;200;0.808;0.812
1558499023.207;200;0.796;0.000, 0.004, 0.000, 0.796
1558499023.964;200;0.743;0.004, 0.000, 0.744
1558499024.723;200;0.757;0.000, 0.760
1558499025.533;200;0.806;0.000, 0.808
1558499026.283;200;0.748;0.752
1558499027.104;200;0.818;0.000, 0.820
1558499027.838;200;0.733;0.000, 0.736
1558499028.669;200;0.829;0.828
1558499029.404;200;0.733;0.000, 0.736
1558499030.204;200;0.795;0.004, 0.796
1558499030.980;200;0.774;0.776
1558499031.772;200;0.789;0.000, 0.792
1558499032.532;200;0.759;0.000, 0.760
1558499033.337;200;0.802;0.804
1558499034.117;200;0.774;0.000, 0.776
1558499034.920;200;0.801;0.000, 0.800
1558499035.666;200;0.745;0.748
1558499036.467;200;0.799;0.000, 0.800
1558499037.219;200;0.750;0.000, 0.752
1558499038.020;200;0.799;0.800
1558499038.795;200;0.773;0.000, 0.776
1558499039.616;200;0.819;0.000, 0.816
1558499040.361;200;0.742;0.744
1558499041.165;200;0.802;0.000, 0.804
1558499041.875;200;0.706;0.000, 0.708
1558499042.697;200;0.820;0.820
1558499043.481;200;0.781;0.000, 0.780
1558499044.290;200;0.806;0.000, 0.812
1558499045.025;200;0.733;0.732
1558499045.831;200;0.803;0.000, 0.804
1558499046.600;200;0.767;0.000, 0.764
1558499047.420;200;0.818;0.820
1558499048.203;200;0.781;0.000, 0.784
1558499049.019;200;0.814;0.000, 0.816
1558499049.755;200;0.734;0.736
1558499050.568;200;0.811;0.000, 0.812
1558499051.364;200;0.794;0.000, 0.796
1558499052.183;200;0.817;0.820
1558499052.924;200;0.739;0.000, 0.736
1558499053.745;200;0.818;0.000, 0.820
1558499054.543;200;0.796;0.800
1558499055.397;200;0.852;0.000, 0.848
1558499056.149;200;0.750;0.000, 0.752
1558499056.982;200;0.830;0.832
1558499057.736;200;0.751;0.004, 0.752
1558499058.564;200;0.826;0.000, 0.828
1558499059.339;200;0.773;0.776
1558499060.144;200;0.803;0.000, 0.804
1558499060.965;200;0.820;0.000, 0.820
1558499061.765;200;0.796;0.796
1558499062.487;200;0.719;0.000, 0.720
1558499063.307;200;0.818;0.000, 0.820
1558499064.100;200;0.791;0.792
1558499064.927;200;0.825;0.000, 0.824
1558499065.640;200;0.711;0.004, 0.712
1558499066.441;200;0.800;0.800
1558499067.239;200;0.795;0.000, 0.800
1558499068.035;200;0.794;0.000, 0.792
1558499068.779;200;0.742;0.748
1558499069.619;200;0.838;0.000, 0.836
1558499070.412;200;0.791;0.004, 0.788
1558499071.228;200;0.813;0.816
1558499071.963;200;0.732;0.000, 0.736
1558499072.794;200;0.829;0.000, 0.828
1558499073.552;200;0.756;0.760
1558499074.388;200;0.830;0.000, 0.828
1558499075.140;200;0.750;0.000, 0.752
1558499075.966;200;0.824;0.828
1558499076.719;200;0.750;0.000, 0.752
1558499077.508;200;0.787;0.000, 0.788
1558499078.263;200;0.753;0.756
1558499079.077;200;0.812;0.000, 0.812
1558499079.848;200;0.769;0.000, 0.772
1558499080.669;200;0.816;0.816
1558499081.432;200;0.758;0.000, 0.756
1558499082.238;200;0.803;0.000, 0.808
1558499083.005;200;0.764;0.764
1558499083.833;200;0.824;0.000, 0.824
1558499084.585;200;0.750;0.000, 0.752
1558499085.393;200;0.802;0.804
1558499086.144;200;0.748;0.000, 0.752
1558499086.987;200;0.841;0.000, 0.844
1558499087.674;200;0.685;0.684
1558499088.519;200;0.843;0.000, 0.848
1558499089.288;200;0.766;0.000, 0.768
1558499090.092;200;0.801;0.804
1558499090.898;200;0.805;0.000, 0.804
1558499091.712;200;0.812;0.000, 0.816
1558499092.465;200;0.750;0.752
1558499093.296;200;0.829;0.000, 0.832
1558499094.040;200;0.740;0.000, 0.744
1558499094.854;200;0.813;0.812
1558499095.660;200;0.803;0.000, 0.804
1558499096.467;200;0.805;0.000, 0.808
1558499097.235;200;0.766;0.768
1558499098.056;200;0.819;0.000, 0.820
1558499098.804;200;0.743;0.004, 0.744
1558499099.621;200;0.815;0.812
1558499100.361;200;0.738;0.000, 0.740
1558499101.177;200;0.812;0.004, 0.812
1558499101.945;200;0.765;0.768
1558499102.764;200;0.813;0.000, 0.816
1558499103.525;200;0.760;0.000, 0.760
1558499104.339;200;0.810;0.816
1558499105.075;200;0.733;0.000, 0.736
1558499105.872;200;0.795;0.000, 0.796
1558499106.649;200;0.775;0.776
1558499107.459;200;0.807;0.000, 0.808
1558499108.248;200;0.787;0.004, 0.788
1558499109.038;200;0.786;0.788
1558499109.817;200;0.777;0.004, 0.776
1558499110.644;200;0.823;0.004, 0.824
1558499111.388;200;0.742;0.744
1558499112.188;200;0.796;0.000, 0.800
1558499112.960;200;0.770;0.000, 0.768
1558499113.769;200;0.805;0.808
1558499114.524;200;0.752;0.000, 0.756
1558499115.391;200;0.865;0.000, 0.864
1558499116.062;200;0.669;0.672
1558499116.881;200;0.817;0.004, 0.816
1558499117.659;200;0.776;0.000, 0.780
1558499118.493;200;0.832;0.828
1558499119.273;200;0.778;0.000, 0.780
1558499120.085;200;0.810;0.000, 0.812
1558499120.909;200;0.822;0.824
1558499121.727;200;0.815;0.000, 0.820
1558499122.489;200;0.760;0.000, 0.760
1558499123.301;200;0.810;0.812
1558499124.059;200;0.755;0.000, 0.760
1558499124.883;200;0.822;0.000, 0.824
1558499125.629;200;0.745;0.740
1558499126.441;200;0.811;0.000, 0.812
1558499127.245;200;0.803;0.000, 0.804
1558499128.088;200;0.840;0.840
1558499128.867;200;0.776;0.000, 0.780
1558499129.675;200;0.806;0.000, 0.808
1558499130.409;200;0.732;0.732
1558499131.235;200;0.823;0.004, 0.824
1558499132.037;200;0.800;0.000, 0.800
1558499132.881;200;0.841;0.844
1558499133.671;200;0.786;0.004, 0.784
1558499134.500;200;0.826;0.000, 0.824
1558499135.243;200;0.741;0.744
1558499136.045;200;0.800;0.000, 0.796
1558499136.816;200;0.768;0.000, 0.772
1558499137.633;200;0.812;0.816
1558499138.331;200;0.694;0.004, 0.696
1558499139.144;200;0.811;0.000, 0.812
1558499139.904;200;0.755;0.760
1558499140.720;200;0.813;0.000, 0.816
1558499141.513;200;0.789;0.000, 0.792
1558499142.336;200;0.820;0.824
1558499143.051;200;0.713;0.000, 0.716
1558499143.872;200;0.818;0.000, 0.820
1558499144.650;200;0.773;0.780
1558499145.470;200;0.818;0.000, 0.820
1558499146.192;200;0.718;0.000, 0.720
1558499147.072;200;0.876;0.880
1558499147.778;200;0.704;0.000, 0.704
1558499148.613;200;0.833;0.000, 0.836
1558499149.356;200;0.741;0.744
1558499150.177;200;0.819;0.000, 0.820
1558499150.905;200;0.724;0.004, 0.724
1558499151.738;200;0.831;0.836
1558499152.514;200;0.774;0.000, 0.772
1558499153.357;200;0.841;0.004, 0.840
1558499154.071;200;0.711;0.716
1558499154.906;200;0.833;0.000, 0.832
1558499155.671;200;0.763;0.004, 0.764
1558499156.496;200;0.823;0.820
1558499157.196;200;0.699;0.000, 0.700
1558499158.019;200;0.821;0.000, 0.824
1558499158.767;200;0.746;0.748
1558499159.580;200;0.811;0.000, 0.812
1558499160.343;200;0.757;0.000, 0.760
1558499161.164;200;0.819;0.820
1558499161.931;200;0.765;0.000, 0.768
1558499162.767;200;0.834;0.000, 0.836
1558499163.503;200;0.734;0.732
1558499164.351;200;0.844;0.000, 0.848
1558499165.117;200;0.764;0.000, 0.764
1558499165.932;200;0.812;0.816
1558499166.714;200;0.780;0.000, 0.784
1558499167.547;200;0.831;0.000, 0.832
1558499168.303;200;0.754;0.756
1558499169.094;200;0.789;0.000, 0.788
1558499169.833;200;0.737;0.000, 0.740
1558499170.660;200;0.825;0.828
1558499171.408;200;0.745;0.000, 0.744
1558499172.224;200;0.815;0.000, 0.816
1558499173.001;200;0.774;0.776
1558499173.829;200;0.824;0.004, 0.824
1558499174.592;200;0.761;0.000, 0.760
1558499175.431;200;0.837;0.840
1558499176.184;200;0.751;0.000, 0.752
1558499177.085;200;0.899;0.000, 0.900
1558499177.879;200;0.791;0.796
1558499178.797;200;0.916;0.000, 0.916
1558499179.496;200;0.696;0.000, 0.696
1558499180.295;200;0.797;0.796
1558499181.097;200;0.800;0.004, 0.796
1558499181.956;200;0.855;0.000, 0.856
1558499182.699;200;0.742;0.744
1558499183.517;200;0.816;0.000, 0.816
1558499184.290;200;0.769;0.004, 0.768
1558499185.100;200;0.807;0.812
1558499185.813;200;0.712;0.000, 0.712
1558499186.636;200;0.819;0.004, 0.816
1558499187.472;200;0.834;0.836
1558499188.300;200;0.825;0.000, 0.828
1558499189.067;200;0.765;0.000, 0.768
1558499189.895;200;0.826;0.828
1558499190.689;200;0.792;0.000, 0.792
1558499191.535;200;0.842;0.000, 0.844
1558499192.320;200;0.784;0.784
1558499193.191;200;0.869;0.000, 0.868
1558499193.978;200;0.785;0.004, 0.784
1558499194.873;200;0.892;0.896
1558499195.657;200;0.781;0.004, 0.780
1558499196.468;200;0.809;0.000, 0.812
1558499197.225;200;0.754;0.756
1558499198.039;200;0.811;0.000, 0.816
1558499198.809;200;0.768;0.000, 0.768
1558499199.669;200;0.857;0.860
1558499200.452;200;0.781;0.000, 0.784
1558499201.328;200;0.874;0.000, 0.876
1558499202.077;200;0.747;0.748
1558499202.928;200;0.849;0.000, 0.848
1558499203.680;200;0.750;0.000, 0.752
1558499204.505;200;0.823;0.824
1558499205.204;200;0.696;0.000, 0.700
1558499206.050;200;0.844;0.000, 0.844
1558499206.856;200;0.805;0.808
1558499207.713;200;0.855;0.000, 0.856
1558499208.503;200;0.786;0.004, 0.788
1558499209.327;200;0.821;0.820
1558499210.168;200;0.839;0.004, 0.840
1558499210.990;200;0.820;0.000, 0.824
1558499211.789;200;0.797;0.796
1558499212.631;200;0.839;0.000, 0.840
1558499213.399;200;0.766;0.004, 0.768
1558499214.216;200;0.813;0.816
1558499214.988;200;0.770;0.000, 0.772
1558499215.804;200;0.814;0.000, 0.812
1558499216.581;200;0.776;0.776
1558499217.423;200;0.839;0.004, 0.836
1558499218.152;200;0.728;0.004, 0.728
1558499219.009;200;0.856;0.856
1558499219.784;200;0.773;0.000, 0.776
1558499220.642;200;0.856;0.000, 0.856
1558499221.387;200;0.743;0.744
1558499222.268;200;0.879;0.000, 0.880
1558499223.035;200;0.765;0.000, 0.768
1558499223.844;200;0.800;0.800
1558499224.604;200;0.757;0.000, 0.760
1558499225.427;200;0.821;0.000, 0.820
1558499226.220;200;0.790;0.000, 0.000, 0.792
1558499226.981;200;0.759;0.000, 0.000, 0.000, 0.760
1558499227.728;200;0.745;0.748
1558499228.540;200;0.811;0.000, 0.812
1558499229.247;200;0.705;0.000, 0.708
1558499230.080;200;0.832;0.832
1558499230.781;200;0.700;0.000, 0.696
1558499231.602;200;0.818;0.000, 0.824
1558499232.378;200;0.774;0.776
1558499233.195;200;0.815;0.000, 0.816
1558499233.866;200;0.669;0.000, 0.668
1558499234.671;200;0.803;0.808
1558499235.421;200;0.748;0.000, 0.744
1558499236.227;200;0.802;0.004, 0.804
1558499236.953;200;0.724;0.720
1558499237.853;200;0.898;0.000, 0.896
1558499238.604;200;0.749;0.000, 0.752
1558499239.456;200;0.850;0.852
1558499240.235;200;0.775;0.004, 0.776
1558499241.039;200;0.802;0.000, 0.800
1558499241.868;200;0.827;0.828
1558499242.710;200;0.840;0.000, 0.840
1558499243.487;200;0.775;0.000, 0.780
1558499244.314;200;0.824;0.824
1558499245.094;200;0.778;0.004, 0.776
1558499245.906;200;0.809;0.000, 0.808
1558499246.635;200;0.726;0.728
1558499247.443;200;0.807;0.004, 0.804
1558499248.151;200;0.706;0.000, 0.708
1558499248.980;200;0.827;0.828
1558499249.832;200;0.851;0.000, 0.852
1558499250.655;200;0.821;0.004, 0.820
1558499251.400;200;0.743;0.744
1558499252.230;200;0.829;0.000, 0.828
1558499252.940;200;0.708;0.000, 0.708
1558499253.765;200;0.821;0.824
1558499254.503;200;0.735;0.000, 0.736
1558499255.287;200;0.782;0.004, 0.784
1558499256.064;200;0.776;0.772
1558499256.865;200;0.798;0.000, 0.800
1558499257.649;200;0.781;0.000, 0.784
1558499258.448;200;0.796;0.800
1558499259.241;200;0.792;0.000, 0.792
1558499260.057;200;0.813;0.008, 0.804
1558499260.813;200;0.754;0.756
1558499261.610;200;0.795;0.000, 0.796
1558499262.365;200;0.753;0.000, 0.756
1558499263.190;200;0.820;0.820
1558499263.953;200;0.760;0.004, 0.760
1558499264.756;200;0.801;0.000, 0.804
1558499265.489;200;0.731;0.732
1558499266.338;200;0.847;0.000, 0.848
1558499267.095;200;0.754;0.004, 0.752
1558499267.934;200;0.837;0.840
1558499268.665;200;0.729;0.000, 0.732
1558499269.472;200;0.804;0.004, 0.804
1558499270.217;200;0.743;0.744
1558499271.058;200;0.839;0.000, 0.840
1558499271.804;200;0.744;0.000, 0.744
1558499272.624;200;0.818;0.820
1558499273.383;200;0.758;0.000, 0.760
1558499274.183;200;0.796;0.000, 0.800
1558499274.913;200;0.729;0.728
1558499275.733;200;0.818;0.000, 0.820
1558499276.482;200;0.747;0.000, 0.748
1558499277.342;200;0.858;0.860
1558499278.116;200;0.772;0.000, 0.772
1558499278.937;200;0.819;0.000, 0.820
1558499279.695;200;0.756;0.760
1558499280.497;200;0.801;0.000, 0.800
1558499281.271;200;0.771;0.000, 0.776
1558499282.061;200;0.789;0.788
1558499282.800;200;0.737;0.000, 0.736
1558499283.624;200;0.821;0.000, 0.820
1558499284.395;200;0.768;0.772
1558499285.210;200;0.814;0.000, 0.812
1558499286.008;200;0.796;0.000, 0.800
1558499286.825;200;0.815;0.816
1558499287.564;200;0.736;0.004, 0.736
1558499288.371;200;0.805;0.000, 0.808
1558499289.132;200;0.759;0.760
1558499289.960;200;0.827;0.000, 0.824
1558499290.760;200;0.799;0.000, 0.800
1558499291.611;200;0.850;0.852
1558499292.363;200;0.748;0.000, 0.752
1558499293.195;200;0.830;0.000, 0.832
1558499293.952;200;0.754;0.752
1558499294.778;200;0.823;0.000, 0.824
1558499295.509;200;0.729;0.000, 0.728
1558499296.334;200;0.822;0.824
1558499297.129;200;0.790;0.000, 0.792
1558499297.999;200;0.867;0.000, 0.872
1558499298.800;200;0.799;0.800
1558499299.630;200;0.826;0.000, 0.828
1558499300.381;200;0.749;0.000, 0.752
1558499301.201;200;0.817;0.820
1558499301.988;200;0.785;0.000, 0.788
1558499302.795;200;0.805;0.000, 0.808
1558499303.590;200;0.793;0.792
1558499304.411;200;0.818;0.004, 0.820
1558499305.198;200;0.785;0.000, 0.784
1558499305.995;200;0.794;0.800
1558499306.730;200;0.734;0.000, 0.732
1558499307.559;200;0.827;0.000, 0.832
1558499308.369;200;0.806;0.808
1558499309.208;200;0.838;0.000, 0.840
1558499310.038;200;0.828;0.000, 0.828
1558499310.863;200;0.823;0.828
1558499311.657;200;0.792;0.000, 0.792
1558499312.494;200;0.833;0.004, 0.832
1558499313.240;200;0.744;0.744
1558499314.051;200;0.807;0.004, 0.804
1558499314.832;200;0.779;0.004, 0.780
1558499315.628;200;0.794;0.792
1558499316.441;200;0.809;0.000, 0.812
1558499317.257;200;0.813;0.000, 0.816
1558499317.984;200;0.725;0.728
1558499318.791;200;0.805;0.000, 0.808
1558499319.560;200;0.763;0.004, 0.764
1558499320.380;200;0.818;0.820
1558499321.151;200;0.770;0.000, 0.772
1558499321.967;200;0.814;0.000, 0.816
1558499322.732;200;0.763;0.765
1558499323.534;200;0.799;0.000, 0.804
1558499324.259;200;0.719;0.000, 0.724
1558499325.057;200;0.797;0.796
1558499325.823;200;0.764;0.000, 0.768
1558499326.655;200;0.830;0.000, 0.832
1558499327.402;200;0.745;0.744
1558499328.218;200;0.814;0.004, 0.812
1558499328.971;200;0.751;0.000, 0.756
1558499329.795;200;0.822;0.824
1558499330.558;200;0.762;0.000, 0.760
1558499331.364;200;0.804;0.000, 0.808
1558499332.154;200;0.770;0.772
1558499332.974;200;0.818;0.000, 0.824
1558499333.769;200;0.792;0.000, 0.792
1558499334.580;200;0.808;0.808
1558499335.368;200;0.786;0.000, 0.788
1558499336.191;200;0.820;0.000, 0.824
1558499336.945;200;0.751;0.748
1558499337.778;200;0.830;0.000, 0.832
1558499338.464;200;0.683;0.004, 0.684
1558499339.261;200;0.796;0.796
1558499340.025;200;0.762;0.000, 0.764
1558499340.839;200;0.812;0.000, 0.816
1558499341.575;200;0.735;0.736
1558499342.439;200;0.862;0.000, 0.860
1558499343.223;200;0.777;0.000, 0.776
1558499344.050;200;0.825;0.828
1558499344.791;200;0.739;0.000, 0.740
1558499345.597;200;0.805;0.000, 0.804
1558499346.371;200;0.772;0.776
1558499347.178;200;0.805;0.000, 0.804
1558499347.948;200;0.768;0.004, 0.764
1558499348.740;200;0.790;0.792
1558499349.501;200;0.759;0.000, 0.756
1558499350.305;200;0.802;0.000, 0.804
1558499351.070;200;0.762;0.768
1558499351.881;200;0.809;0.000, 0.808
1558499352.651;200;0.767;0.000, 0.772
1558499353.452;200;0.799;0.796
1558499354.219;200;0.764;0.000, 0.764
1558499355.039;200;0.818;0.004, 0.820
1558499355.791;200;0.750;0.752
1558499356.590;200;0.797;0.000, 0.796
1558499357.365;200;0.773;0.000, 0.776
1558499358.225;200;0.856;0.856
1558499359.015;200;0.788;0.000, 0.792
1558499359.821;200;0.804;0.000, 0.804
1558499360.573;200;0.749;0.752
1558499361.431;200;0.856;0.000, 0.860
1558499362.277;200;0.845;0.000, 0.844
1558499363.097;200;0.817;0.820
1558499363.892;200;0.793;0.000, 0.796
1558499364.706;200;0.809;0.004, 0.808
1558499365.423;200;0.715;0.716
1558499366.224;200;0.799;0.000, 0.800
1558499366.987;200;0.762;0.000, 0.764
1558499367.824;200;0.835;0.836
1558499368.585;200;0.759;0.000, 0.760
1558499369.407;200;0.819;0.000, 0.824
1558499370.246;200;0.837;0.836
1558499371.076;200;0.828;0.000, 0.828
1558499371.843;200;0.766;0.000, 0.768
1558499372.680;200;0.836;0.836
1558499373.435;200;0.754;0.000, 0.756
1558499374.267;200;0.829;0.000, 0.832
1558499375.008;200;0.740;0.740
1558499375.812;200;0.802;0.000, 0.804
1558499376.640;200;0.827;0.000, 0.828
1558499377.439;200;0.796;0.796
1558499378.263;200;0.822;0.004, 0.824
1558499379.071;200;0.806;0.000, 0.808
1558499379.847;200;0.775;0.776
1558499380.684;200;0.836;0.000, 0.836
1558499381.395;200;0.710;0.000, 0.712
1558499382.213;200;0.816;0.816
1558499382.961;200;0.746;0.000, 0.748
1558499383.767;200;0.803;0.000, 0.808
1558499384.552;200;0.783;0.784
1558499385.357;200;0.803;0.000, 0.804
1558499386.100;200;0.740;0.000, 0.744
1558499386.909;200;0.807;0.808
1558499387.669;200;0.758;0.000, 0.760
1558499388.499;200;0.827;0.000, 0.832
1558499389.249;200;0.749;0.748
1558499390.068;200;0.816;0.004, 0.816
1558499390.804;200;0.735;0.000, 0.736
1558499391.645;200;0.839;0.840
1558499392.423;200;0.776;0.000, 0.780
1558499393.280;200;0.855;0.000, 0.856
1558499394.052;200;0.769;0.768
1558499394.885;200;0.830;0.000, 0.832
1558499395.668;200;0.781;0.000, 0.784
1558499396.496;200;0.825;0.828
1558499397.263;200;0.764;0.000, 0.768
1558499398.090;200;0.822;0.000, 0.824
