[WARN]  Running against a source checkout. In order to get our runtime dependencies we'll have to invoke Maven. Depending on the state of your system, this may take ~30-45 seconds
[DEBUG]  Running 'mvn -pl com.yahoo.ycsb:rest-binding -am package -DskipTests dependency:build-classpath -DincludeScope=compile -Dmdep.outputFilterFile=true'
WARNING: An illegal reflective access operation has occurred
WARNING: Illegal reflective access by com.google.inject.internal.cglib.core.$ReflectUtils$1 (file:/usr/share/maven/lib/guice.jar) to method java.lang.ClassLoader.defineClass(java.lang.String,byte[],int,int,java.security.ProtectionDomain)
WARNING: Please consider reporting this to the maintainers of com.google.inject.internal.cglib.core.$ReflectUtils$1
WARNING: Use --illegal-access=warn to enable warnings of further illegal reflective access operations
WARNING: All illegal access operations will be denied in a future release
java -cp /home/ubuntu/YCSB/rest/conf:/home/ubuntu/YCSB/rest/target/rest-binding-0.16.0-SNAPSHOT.jar:/home/ubuntu/.m2/repository/org/hdrhistogram/HdrHistogram/2.1.4/HdrHistogram-2.1.4.jar:/home/ubuntu/.m2/repository/org/glassfish/hk2/external/javax.inject/2.2.0/javax.inject-2.2.0.jar:/home/ubuntu/.m2/repository/com/github/stefanbirkner/system-rules/1.16.0/system-rules-1.16.0.jar:/home/ubuntu/.m2/repository/org/codehaus/jackson/jackson-core-asl/1.9.4/jackson-core-asl-1.9.4.jar:/home/ubuntu/.m2/repository/org/glassfish/jersey/core/jersey-server/2.6/jersey-server-2.6.jar:/home/ubuntu/YCSB/core/target/core-0.16.0-SNAPSHOT.jar:/home/ubuntu/.m2/repository/org/glassfish/hk2/hk2-api/2.2.0/hk2-api-2.2.0.jar:/home/ubuntu/.m2/repository/javax/ws/rs/javax.ws.rs-api/2.0/javax.ws.rs-api-2.0.jar:/home/ubuntu/.m2/repository/org/glassfish/hk2/hk2-locator/2.2.0/hk2-locator-2.2.0.jar:/home/ubuntu/.m2/repository/org/eclipse/jdt/core/compiler/ecj/4.4.2/ecj-4.4.2.jar:/home/ubuntu/.m2/repository/org/codehaus/jackson/jackson-mapper-asl/1.9.4/jackson-mapper-asl-1.9.4.jar:/home/ubuntu/.m2/repository/org/glassfish/jersey/bundles/repackaged/jersey-guava/2.6/jersey-guava-2.6.jar:/home/ubuntu/.m2/repository/org/glassfish/hk2/external/aopalliance-repackaged/2.2.0/aopalliance-repackaged-2.2.0.jar:/home/ubuntu/.m2/repository/org/javassist/javassist/3.18.1-GA/javassist-3.18.1-GA.jar:/home/ubuntu/.m2/repository/javax/annotation/javax.annotation-api/1.2/javax.annotation-api-1.2.jar:/home/ubuntu/.m2/repository/org/apache/htrace/htrace-core4/4.1.0-incubating/htrace-core4-4.1.0-incubating.jar:/home/ubuntu/.m2/repository/org/apache/tomcat/embed/tomcat-embed-logging-log4j/8.0.28/tomcat-embed-logging-log4j-8.0.28.jar:/home/ubuntu/.m2/repository/org/apache/tomcat/embed/tomcat-embed-el/8.0.28/tomcat-embed-el-8.0.28.jar:/home/ubuntu/.m2/repository/org/apache/tomcat/embed/tomcat-embed-logging-juli/8.0.28/tomcat-embed-logging-juli-8.0.28.jar:/home/ubuntu/.m2/repository/org/apache/tomcat/embed/tomcat-embed-core/8.0.28/tomcat-embed-core-8.0.28.jar:/home/ubuntu/.m2/repository/org/glassfish/hk2/osgi-resource-locator/1.0.1/osgi-resource-locator-1.0.1.jar:/home/ubuntu/.m2/repository/commons-codec/commons-codec/1.9/commons-codec-1.9.jar:/home/ubuntu/.m2/repository/org/glassfish/jersey/core/jersey-client/2.6/jersey-client-2.6.jar:/home/ubuntu/.m2/repository/org/apache/tomcat/embed/tomcat-embed-websocket/8.0.28/tomcat-embed-websocket-8.0.28.jar:/home/ubuntu/.m2/repository/commons-logging/commons-logging/1.2/commons-logging-1.2.jar:/home/ubuntu/.m2/repository/org/glassfish/hk2/hk2-utils/2.2.0/hk2-utils-2.2.0.jar:/home/ubuntu/.m2/repository/javax/validation/validation-api/1.1.0.Final/validation-api-1.1.0.Final.jar:/home/ubuntu/.m2/repository/org/apache/httpcomponents/httpclient/4.5.1/httpclient-4.5.1.jar:/home/ubuntu/.m2/repository/org/apache/tomcat/tomcat-dbcp/8.0.28/tomcat-dbcp-8.0.28.jar:/home/ubuntu/.m2/repository/org/glassfish/jersey/containers/jersey-container-servlet-core/2.6/jersey-container-servlet-core-2.6.jar:/home/ubuntu/.m2/repository/org/apache/tomcat/embed/tomcat-embed-jasper/8.0.28/tomcat-embed-jasper-8.0.28.jar:/home/ubuntu/.m2/repository/org/glassfish/jersey/core/jersey-common/2.6/jersey-common-2.6.jar:/home/ubuntu/.m2/repository/org/apache/httpcomponents/httpcore/4.4.4/httpcore-4.4.4.jar com.yahoo.ycsb.Client -db com.yahoo.ycsb.webservice.rest.RestClient -s -P workloads/rest_workload -t
Command line: -db com.yahoo.ycsb.webservice.rest.RestClient -s -P workloads/rest_workload -t
YCSB Client 0.16.0-SNAPSHOT

Loading workload...
Starting test.
2019-05-22 06:12:35:532 0 sec: 0 operations; est completion in 0 second 
DBWrapper: report latency for each error is false and specific error codes to track for latency are: []
2019-05-22 06:12:45:485 10 sec: 12 operations; 1.2 current ops/sec; est completion in 20 minutes [READ: Count=12, Max=839679, Min=726016, Avg=778154.67, 90=829951, 99=839679, 99.9=839679, 99.99=839679] 
2019-05-22 06:12:55:483 20 sec: 25 operations; 1.3 current ops/sec; est completion in 19 minutes [READ: Count=13, Max=822783, Min=694272, Avg=766680.62, 90=818687, 99=822783, 99.9=822783, 99.99=822783] 
2019-05-22 06:13:05:483 30 sec: 38 operations; 1.3 current ops/sec; est completion in 19 minutes [READ: Count=13, Max=852991, Min=698368, Avg=760379.08, 90=826879, 99=852991, 99.9=852991, 99.99=852991] 
2019-05-22 06:13:15:486 40 sec: 51 operations; 1.3 current ops/sec; est completion in 18 minutes [READ: Count=13, Max=830463, Min=712192, Avg=763805.54, 90=829951, 99=830463, 99.9=830463, 99.99=830463] 
2019-05-22 06:13:25:483 50 sec: 64 operations; 1.3 current ops/sec; est completion in 18 minutes [READ: Count=13, Max=816639, Min=706048, Avg=767901.54, 90=816639, 99=816639, 99.9=816639, 99.99=816639] 
2019-05-22 06:13:35:484 60 sec: 77 operations; 1.3 current ops/sec; est completion in 18 minutes [READ: Count=13, Max=830975, Min=716800, Avg=764317.54, 90=817151, 99=830975, 99.9=830975, 99.99=830975] 
2019-05-22 06:13:45:484 70 sec: 90 operations; 1.3 current ops/sec; est completion in 18 minutes [READ: Count=13, Max=846847, Min=715264, Avg=776132.92, 90=838655, 99=846847, 99.9=846847, 99.99=846847] 
2019-05-22 06:13:55:483 80 sec: 103 operations; 1.3 current ops/sec; est completion in 18 minutes [READ: Count=13, Max=849407, Min=726528, Avg=772352, 90=841727, 99=849407, 99.9=849407, 99.99=849407] 
2019-05-22 06:14:05:484 90 sec: 116 operations; 1.3 current ops/sec; est completion in 17 minutes [READ: Count=13, Max=854527, Min=726528, Avg=776290.46, 90=826367, 99=854527, 99.9=854527, 99.99=854527] 
2019-05-22 06:14:15:484 100 sec: 129 operations; 1.3 current ops/sec; est completion in 17 minutes [READ: Count=13, Max=829951, Min=724992, Avg=768177.23, 90=804863, 99=829951, 99.9=829951, 99.99=829951] 
2019-05-22 06:14:25:484 110 sec: 142 operations; 1.3 current ops/sec; est completion in 17 minutes [READ: Count=13, Max=835071, Min=703488, Avg=760851.69, 90=828927, 99=835071, 99.9=835071, 99.99=835071] 
2019-05-22 06:14:35:483 120 sec: 155 operations; 1.3 current ops/sec; est completion in 17 minutes [READ: Count=13, Max=848383, Min=703488, Avg=762230.15, 90=819199, 99=848383, 99.9=848383, 99.99=848383] 
2019-05-22 06:14:45:483 130 sec: 168 operations; 1.3 current ops/sec; est completion in 17 minutes [READ: Count=13, Max=822271, Min=723456, Avg=769280, 90=821759, 99=822271, 99.9=822271, 99.99=822271] 
2019-05-22 06:14:55:484 140 sec: 181 operations; 1.3 current ops/sec; est completion in 17 minutes [READ: Count=13, Max=848383, Min=720896, Avg=764317.54, 90=842239, 99=848383, 99.9=848383, 99.99=848383] 
2019-05-22 06:15:05:484 150 sec: 194 operations; 1.3 current ops/sec; est completion in 16 minutes [READ: Count=13, Max=863743, Min=705024, Avg=762151.38, 90=851455, 99=863743, 99.9=863743, 99.99=863743] 
2019-05-22 06:15:15:483 160 sec: 207 operations; 1.3 current ops/sec; est completion in 16 minutes [READ: Count=13, Max=841215, Min=688640, Avg=766444.31, 90=823295, 99=841215, 99.9=841215, 99.99=841215] 
2019-05-22 06:15:25:483 170 sec: 220 operations; 1.3 current ops/sec; est completion in 16 minutes [READ: Count=13, Max=844287, Min=697856, Avg=773651.69, 90=830975, 99=844287, 99.9=844287, 99.99=844287] 
2019-05-22 06:15:35:484 180 sec: 233 operations; 1.3 current ops/sec; est completion in 16 minutes [READ: Count=13, Max=838143, Min=711168, Avg=761442.46, 90=824831, 99=838143, 99.9=838143, 99.99=838143] 
2019-05-22 06:15:45:483 190 sec: 247 operations; 1.4 current ops/sec; est completion in 16 minutes [READ: Count=14, Max=829951, Min=703488, Avg=756443.43, 90=817663, 99=829951, 99.9=829951, 99.99=829951] 
2019-05-22 06:15:55:483 200 sec: 259 operations; 1.2 current ops/sec; est completion in 15 minutes [READ: Count=12, Max=847359, Min=674816, Avg=776234.67, 90=827391, 99=847359, 99.9=847359, 99.99=847359] 
2019-05-22 06:16:05:483 210 sec: 272 operations; 1.3 current ops/sec; est completion in 15 minutes [READ: Count=13, Max=889343, Min=720896, Avg=778496, 90=816127, 99=889343, 99.9=889343, 99.99=889343] 
2019-05-22 06:16:15:483 220 sec: 286 operations; 1.4 current ops/sec; est completion in 15 minutes [READ: Count=14, Max=826879, Min=705024, Avg=760210.29, 90=816639, 99=826879, 99.9=826879, 99.99=826879] 
2019-05-22 06:16:25:483 230 sec: 299 operations; 1.3 current ops/sec; est completion in 15 minutes [READ: Count=13, Max=855039, Min=688640, Avg=769516.31, 90=831999, 99=855039, 99.9=855039, 99.99=855039] 
2019-05-22 06:16:35:483 240 sec: 312 operations; 1.3 current ops/sec; est completion in 15 minutes [READ: Count=13, Max=827903, Min=699904, Avg=760260.92, 90=822783, 99=827903, 99.9=827903, 99.99=827903] 
2019-05-22 06:16:45:483 250 sec: 325 operations; 1.3 current ops/sec; est completion in 15 minutes [READ: Count=13, Max=831487, Min=727552, Avg=765184, 90=829951, 99=831487, 99.9=831487, 99.99=831487] 
2019-05-22 06:16:55:483 260 sec: 338 operations; 1.3 current ops/sec; est completion in 14 minutes [READ: Count=13, Max=838655, Min=708096, Avg=760812.31, 90=829439, 99=838655, 99.9=838655, 99.99=838655] 
2019-05-22 06:17:05:483 270 sec: 351 operations; 1.3 current ops/sec; est completion in 14 minutes [READ: Count=13, Max=889855, Min=709632, Avg=764908.31, 90=825855, 99=889855, 99.9=889855, 99.99=889855] 
2019-05-22 06:17:15:483 280 sec: 364 operations; 1.3 current ops/sec; est completion in 14 minutes [READ: Count=13, Max=838655, Min=735232, Avg=773100.31, 90=832511, 99=838655, 99.9=838655, 99.99=838655] 
2019-05-22 06:17:25:483 290 sec: 377 operations; 1.3 current ops/sec; est completion in 14 minutes [READ: Count=13, Max=861183, Min=695808, Avg=767153.23, 90=838655, 99=861183, 99.9=861183, 99.99=861183] 
2019-05-22 06:17:35:483 300 sec: 390 operations; 1.3 current ops/sec; est completion in 14 minutes [READ: Count=13, Max=837119, Min=708608, Avg=764475.08, 90=830463, 99=837119, 99.9=837119, 99.99=837119] 
2019-05-22 06:17:45:485 310 sec: 403 operations; 1.3 current ops/sec; est completion in 14 minutes [READ: Count=13, Max=837119, Min=732160, Avg=772745.85, 90=827903, 99=837119, 99.9=837119, 99.99=837119] 
2019-05-22 06:17:55:483 320 sec: 416 operations; 1.3 current ops/sec; est completion in 13 minutes [READ: Count=13, Max=841215, Min=725504, Avg=775936, 90=836607, 99=841215, 99.9=841215, 99.99=841215] 
2019-05-22 06:18:05:483 330 sec: 429 operations; 1.3 current ops/sec; est completion in 13 minutes [READ: Count=13, Max=853503, Min=726016, Avg=783300.92, 90=843263, 99=853503, 99.9=853503, 99.99=853503] 
2019-05-22 06:18:15:483 340 sec: 442 operations; 1.3 current ops/sec; est completion in 13 minutes [READ: Count=13, Max=838143, Min=704000, Avg=771170.46, 90=814591, 99=838143, 99.9=838143, 99.99=838143] 
2019-05-22 06:18:25:484 350 sec: 455 operations; 1.3 current ops/sec; est completion in 13 minutes [READ: Count=13, Max=817663, Min=678912, Avg=761757.54, 90=817663, 99=817663, 99.9=817663, 99.99=817663] 
2019-05-22 06:18:35:483 360 sec: 468 operations; 1.3 current ops/sec; est completion in 13 minutes [READ: Count=13, Max=846847, Min=724992, Avg=772588.31, 90=805375, 99=846847, 99.9=846847, 99.99=846847] 
2019-05-22 06:18:45:483 370 sec: 481 operations; 1.3 current ops/sec; est completion in 13 minutes [READ: Count=13, Max=827903, Min=717312, Avg=770146.46, 90=827391, 99=827903, 99.9=827903, 99.99=827903] 
2019-05-22 06:18:55:483 380 sec: 494 operations; 1.3 current ops/sec; est completion in 12 minutes [READ: Count=13, Max=842239, Min=713216, Avg=766247.38, 90=822783, 99=842239, 99.9=842239, 99.99=842239] 
2019-05-22 06:19:05:483 390 sec: 507 operations; 1.3 current ops/sec; est completion in 12 minutes [READ: Count=13, Max=904703, Min=718336, Avg=773809.23, 90=848895, 99=904703, 99.9=904703, 99.99=904703] 
2019-05-22 06:19:15:484 400 sec: 520 operations; 1.3 current ops/sec; est completion in 12 minutes [READ: Count=12, Max=827903, Min=718848, Avg=773845.33, 90=823807, 99=827903, 99.9=827903, 99.99=827903] [READ-FAILED: Count=1, Max=8279, Min=8272, Avg=8276, 90=8279, 99=8279, 99.9=8279, 99.99=8279] 
2019-05-22 06:19:25:483 410 sec: 533 operations; 1.3 current ops/sec; est completion in 12 minutes [READ: Count=13, Max=840703, Min=706560, Avg=766916.92, 90=837119, 99=840703, 99.9=840703, 99.99=840703] [READ-FAILED: Count=0, Max=0, Min=9223372036854775807, Avg=NaN, 90=0, 99=0, 99.9=0, 99.99=0] 
2019-05-22 06:19:35:484 420 sec: 546 operations; 1.3 current ops/sec; est completion in 12 minutes [READ: Count=13, Max=833535, Min=666624, Avg=770382.77, 90=830463, 99=833535, 99.9=833535, 99.99=833535] [READ-FAILED: Count=0, Max=0, Min=9223372036854775807, Avg=NaN, 90=0, 99=0, 99.9=0, 99.99=0] 
2019-05-22 06:19:45:483 430 sec: 559 operations; 1.3 current ops/sec; est completion in 12 minutes [READ: Count=13, Max=849407, Min=718848, Avg=770028.31, 90=833023, 99=849407, 99.9=849407, 99.99=849407] [READ-FAILED: Count=0, Max=0, Min=9223372036854775807, Avg=NaN, 90=0, 99=0, 99.9=0, 99.99=0] 
2019-05-22 06:19:55:483 440 sec: 573 operations; 1.4 current ops/sec; est completion in 11 minutes [READ: Count=14, Max=841215, Min=706048, Avg=762477.71, 90=808959, 99=841215, 99.9=841215, 99.99=841215] [READ-FAILED: Count=0, Max=0, Min=9223372036854775807, Avg=NaN, 90=0, 99=0, 99.9=0, 99.99=0] 
2019-05-22 06:20:05:483 450 sec: 586 operations; 1.3 current ops/sec; est completion in 11 minutes [READ: Count=13, Max=859647, Min=722944, Avg=769831.38, 90=852991, 99=859647, 99.9=859647, 99.99=859647] [READ-FAILED: Count=0, Max=0, Min=9223372036854775807, Avg=NaN, 90=0, 99=0, 99.9=0, 99.99=0] 
2019-05-22 06:20:15:483 460 sec: 599 operations; 1.3 current ops/sec; est completion in 11 minutes [READ: Count=13, Max=825343, Min=726528, Avg=764317.54, 90=807935, 99=825343, 99.9=825343, 99.99=825343] [READ-FAILED: Count=0, Max=0, Min=9223372036854775807, Avg=NaN, 90=0, 99=0, 99.9=0, 99.99=0] 
2019-05-22 06:20:25:483 470 sec: 612 operations; 1.3 current ops/sec; est completion in 11 minutes [READ: Count=13, Max=864255, Min=713728, Avg=765971.69, 90=841727, 99=864255, 99.9=864255, 99.99=864255] [READ-FAILED: Count=0, Max=0, Min=9223372036854775807, Avg=NaN, 90=0, 99=0, 99.9=0, 99.99=0] 
2019-05-22 06:20:35:483 480 sec: 625 operations; 1.3 current ops/sec; est completion in 11 minutes [READ: Count=13, Max=841727, Min=704000, Avg=759552, 90=820735, 99=841727, 99.9=841727, 99.99=841727] [READ-FAILED: Count=0, Max=0, Min=9223372036854775807, Avg=NaN, 90=0, 99=0, 99.9=0, 99.99=0] 
2019-05-22 06:20:45:483 490 sec: 638 operations; 1.3 current ops/sec; est completion in 11 minutes [READ: Count=13, Max=819711, Min=718848, Avg=760851.69, 90=815615, 99=819711, 99.9=819711, 99.99=819711] [READ-FAILED: Count=0, Max=0, Min=9223372036854775807, Avg=NaN, 90=0, 99=0, 99.9=0, 99.99=0] 
2019-05-22 06:20:55:483 500 sec: 651 operations; 1.3 current ops/sec; est completion in 10 minutes [READ: Count=13, Max=835583, Min=723456, Avg=762505.85, 90=834047, 99=835583, 99.9=835583, 99.99=835583] [READ-FAILED: Count=0, Max=0, Min=9223372036854775807, Avg=NaN, 90=0, 99=0, 99.9=0, 99.99=0] 
2019-05-22 06:21:05:484 510 sec: 664 operations; 1.3 current ops/sec; est completion in 10 minutes [READ: Count=13, Max=851455, Min=721408, Avg=758173.54, 90=816127, 99=851455, 99.9=851455, 99.99=851455] [READ-FAILED: Count=0, Max=0, Min=9223372036854775807, Avg=NaN, 90=0, 99=0, 99.9=0, 99.99=0] 
2019-05-22 06:21:15:483 520 sec: 677 operations; 1.3 current ops/sec; est completion in 10 minutes [READ: Count=13, Max=823295, Min=714752, Avg=766838.15, 90=810495, 99=823295, 99.9=823295, 99.99=823295] [READ-FAILED: Count=0, Max=0, Min=9223372036854775807, Avg=NaN, 90=0, 99=0, 99.9=0, 99.99=0] 
2019-05-22 06:21:25:483 530 sec: 690 operations; 1.3 current ops/sec; est completion in 10 minutes [READ: Count=13, Max=836607, Min=730112, Avg=768649.85, 90=814079, 99=836607, 99.9=836607, 99.99=836607] [READ-FAILED: Count=0, Max=0, Min=9223372036854775807, Avg=NaN, 90=0, 99=0, 99.9=0, 99.99=0] 
2019-05-22 06:21:35:484 540 sec: 703 operations; 1.3 current ops/sec; est completion in 10 minutes [READ: Count=13, Max=871423, Min=718336, Avg=770343.38, 90=830975, 99=871423, 99.9=871423, 99.99=871423] [READ-FAILED: Count=0, Max=0, Min=9223372036854775807, Avg=NaN, 90=0, 99=0, 99.9=0, 99.99=0] 
2019-05-22 06:21:45:483 550 sec: 717 operations; 1.4 current ops/sec; est completion in 10 minutes [READ: Count=14, Max=825855, Min=687616, Avg=753444.57, 90=808959, 99=825855, 99.9=825855, 99.99=825855] [READ-FAILED: Count=0, Max=0, Min=9223372036854775807, Avg=NaN, 90=0, 99=0, 99.9=0, 99.99=0] 
2019-05-22 06:21:55:483 560 sec: 730 operations; 1.3 current ops/sec; est completion in 9 minutes [READ: Count=13, Max=834559, Min=720896, Avg=771406.77, 90=824319, 99=834559, 99.9=834559, 99.99=834559] [READ-FAILED: Count=0, Max=0, Min=9223372036854775807, Avg=NaN, 90=0, 99=0, 99.9=0, 99.99=0] 
2019-05-22 06:22:05:483 570 sec: 742 operations; 1.2 current ops/sec; est completion in 9 minutes [READ: Count=12, Max=870399, Min=723968, Avg=774741.33, 90=849407, 99=870399, 99.9=870399, 99.99=870399] [READ-FAILED: Count=0, Max=0, Min=9223372036854775807, Avg=NaN, 90=0, 99=0, 99.9=0, 99.99=0] 
2019-05-22 06:22:15:483 580 sec: 756 operations; 1.4 current ops/sec; est completion in 9 minutes [READ: Count=14, Max=860671, Min=714752, Avg=764050.29, 90=815103, 99=860671, 99.9=860671, 99.99=860671] [READ-FAILED: Count=0, Max=0, Min=9223372036854775807, Avg=NaN, 90=0, 99=0, 99.9=0, 99.99=0] 
2019-05-22 06:22:25:483 590 sec: 769 operations; 1.3 current ops/sec; est completion in 9 minutes [READ: Count=13, Max=844799, Min=656896, Avg=754313.85, 90=822783, 99=844799, 99.9=844799, 99.99=844799] [READ-FAILED: Count=0, Max=0, Min=9223372036854775807, Avg=NaN, 90=0, 99=0, 99.9=0, 99.99=0] 
2019-05-22 06:22:35:483 600 sec: 782 operations; 1.3 current ops/sec; est completion in 9 minutes [READ: Count=13, Max=848895, Min=727040, Avg=778377.85, 90=842239, 99=848895, 99.9=848895, 99.99=848895] [READ-FAILED: Count=0, Max=0, Min=9223372036854775807, Avg=NaN, 90=0, 99=0, 99.9=0, 99.99=0] 
2019-05-22 06:22:45:483 610 sec: 795 operations; 1.3 current ops/sec; est completion in 9 minutes [READ: Count=13, Max=828927, Min=658944, Avg=757897.85, 90=819711, 99=828927, 99.9=828927, 99.99=828927] [READ-FAILED: Count=0, Max=0, Min=9223372036854775807, Avg=NaN, 90=0, 99=0, 99.9=0, 99.99=0] 
2019-05-22 06:22:55:483 620 sec: 808 operations; 1.3 current ops/sec; est completion in 8 minutes [READ: Count=13, Max=849919, Min=711680, Avg=758449.23, 90=826367, 99=849919, 99.9=849919, 99.99=849919] [READ-FAILED: Count=0, Max=0, Min=9223372036854775807, Avg=NaN, 90=0, 99=0, 99.9=0, 99.99=0] 
2019-05-22 06:23:05:483 630 sec: 821 operations; 1.3 current ops/sec; est completion in 8 minutes [READ: Count=13, Max=898047, Min=675328, Avg=771367.38, 90=862207, 99=898047, 99.9=898047, 99.99=898047] [READ-FAILED: Count=0, Max=0, Min=9223372036854775807, Avg=NaN, 90=0, 99=0, 99.9=0, 99.99=0] 
2019-05-22 06:23:15:483 640 sec: 834 operations; 1.3 current ops/sec; est completion in 8 minutes [READ: Count=13, Max=852991, Min=717824, Avg=777708.31, 90=848383, 99=852991, 99.9=852991, 99.99=852991] [READ-FAILED: Count=0, Max=0, Min=9223372036854775807, Avg=NaN, 90=0, 99=0, 99.9=0, 99.99=0] 
2019-05-22 06:23:25:483 650 sec: 847 operations; 1.3 current ops/sec; est completion in 8 minutes [READ: Count=13, Max=868863, Min=688640, Avg=765341.54, 90=847871, 99=868863, 99.9=868863, 99.99=868863] [READ-FAILED: Count=0, Max=0, Min=9223372036854775807, Avg=NaN, 90=0, 99=0, 99.9=0, 99.99=0] 
2019-05-22 06:23:35:483 660 sec: 860 operations; 1.3 current ops/sec; est completion in 8 minutes [READ: Count=13, Max=877567, Min=704000, Avg=775463.38, 90=840191, 99=877567, 99.9=877567, 99.99=877567] [READ-FAILED: Count=0, Max=0, Min=9223372036854775807, Avg=NaN, 90=0, 99=0, 99.9=0, 99.99=0] 
2019-05-22 06:23:45:483 670 sec: 873 operations; 1.3 current ops/sec; est completion in 8 minutes [READ: Count=13, Max=857599, Min=705536, Avg=768610.46, 90=838655, 99=857599, 99.9=857599, 99.99=857599] [READ-FAILED: Count=0, Max=0, Min=9223372036854775807, Avg=NaN, 90=0, 99=0, 99.9=0, 99.99=0] 
2019-05-22 06:23:55:483 680 sec: 886 operations; 1.3 current ops/sec; est completion in 7 minutes [READ: Count=13, Max=846847, Min=662528, Avg=763451.08, 90=840703, 99=846847, 99.9=846847, 99.99=846847] [READ-FAILED: Count=0, Max=0, Min=9223372036854775807, Avg=NaN, 90=0, 99=0, 99.9=0, 99.99=0] 
2019-05-22 06:24:05:483 690 sec: 899 operations; 1.3 current ops/sec; est completion in 7 minutes [READ: Count=13, Max=845823, Min=695296, Avg=770422.15, 90=840191, 99=845823, 99.9=845823, 99.99=845823] [READ-FAILED: Count=0, Max=0, Min=9223372036854775807, Avg=NaN, 90=0, 99=0, 99.9=0, 99.99=0] 
2019-05-22 06:24:15:483 700 sec: 912 operations; 1.3 current ops/sec; est completion in 7 minutes [READ: Count=13, Max=856575, Min=707584, Avg=770816, 90=841727, 99=856575, 99.9=856575, 99.99=856575] [READ-FAILED: Count=0, Max=0, Min=9223372036854775807, Avg=NaN, 90=0, 99=0, 99.9=0, 99.99=0] 
2019-05-22 06:24:25:483 710 sec: 925 operations; 1.3 current ops/sec; est completion in 7 minutes [READ: Count=13, Max=863231, Min=709120, Avg=781489.23, 90=855039, 99=863231, 99.9=863231, 99.99=863231] [READ-FAILED: Count=0, Max=0, Min=9223372036854775807, Avg=NaN, 90=0, 99=0, 99.9=0, 99.99=0] 
2019-05-22 06:24:35:483 720 sec: 938 operations; 1.3 current ops/sec; est completion in 7 minutes [READ: Count=13, Max=843775, Min=710656, Avg=771328, 90=831999, 99=843775, 99.9=843775, 99.99=843775] [READ-FAILED: Count=0, Max=0, Min=9223372036854775807, Avg=NaN, 90=0, 99=0, 99.9=0, 99.99=0] 
2019-05-22 06:24:45:483 730 sec: 950 operations; 1.2 current ops/sec; est completion in 7 minutes [READ: Count=12, Max=856575, Min=711168, Avg=773077.33, 90=838143, 99=856575, 99.9=856575, 99.99=856575] [READ-FAILED: Count=0, Max=0, Min=9223372036854775807, Avg=NaN, 90=0, 99=0, 99.9=0, 99.99=0] 
2019-05-22 06:24:55:483 740 sec: 964 operations; 1.4 current ops/sec; est completion in 6 minutes [READ: Count=14, Max=829439, Min=720384, Avg=766537.14, 90=826879, 99=829439, 99.9=829439, 99.99=829439] [READ-FAILED: Count=0, Max=0, Min=9223372036854775807, Avg=NaN, 90=0, 99=0, 99.9=0, 99.99=0] 
2019-05-22 06:25:05:483 750 sec: 976 operations; 1.2 current ops/sec; est completion in 6 minutes [READ: Count=12, Max=876031, Min=724992, Avg=776789.33, 90=849919, 99=876031, 99.9=876031, 99.99=876031] [READ-FAILED: Count=0, Max=0, Min=9223372036854775807, Avg=NaN, 90=0, 99=0, 99.9=0, 99.99=0] 
2019-05-22 06:25:15:483 760 sec: 989 operations; 1.3 current ops/sec; est completion in 6 minutes [READ: Count=13, Max=881151, Min=688640, Avg=788145.23, 90=871423, 99=881151, 99.9=881151, 99.99=881151] [READ-FAILED: Count=0, Max=0, Min=9223372036854775807, Avg=NaN, 90=0, 99=0, 99.9=0, 99.99=0] 
2019-05-22 06:25:25:483 770 sec: 1002 operations; 1.3 current ops/sec; est completion in 6 minutes [READ: Count=13, Max=842239, Min=732160, Avg=777314.46, 90=824831, 99=842239, 99.9=842239, 99.99=842239] [READ-FAILED: Count=0, Max=0, Min=9223372036854775807, Avg=NaN, 90=0, 99=0, 99.9=0, 99.99=0] 
2019-05-22 06:25:35:484 780 sec: 1015 operations; 1.3 current ops/sec; est completion in 6 minutes [READ: Count=13, Max=820223, Min=718336, Avg=760379.08, 90=813567, 99=820223, 99.9=820223, 99.99=820223] [READ-FAILED: Count=0, Max=0, Min=9223372036854775807, Avg=NaN, 90=0, 99=0, 99.9=0, 99.99=0] 
2019-05-22 06:25:45:484 790 sec: 1028 operations; 1.3 current ops/sec; est completion in 6 minutes [READ: Count=13, Max=851967, Min=694784, Avg=774360.62, 90=824319, 99=851967, 99.9=851967, 99.99=851967] [READ-FAILED: Count=0, Max=0, Min=9223372036854775807, Avg=NaN, 90=0, 99=0, 99.9=0, 99.99=0] 
2019-05-22 06:25:55:483 800 sec: 1041 operations; 1.3 current ops/sec; est completion in 5 minutes [READ: Count=13, Max=851967, Min=711168, Avg=772548.92, 90=817663, 99=851967, 99.9=851967, 99.99=851967] [READ-FAILED: Count=0, Max=0, Min=9223372036854775807, Avg=NaN, 90=0, 99=0, 99.9=0, 99.99=0] 
2019-05-22 06:26:05:483 810 sec: 1054 operations; 1.3 current ops/sec; est completion in 5 minutes [READ: Count=13, Max=845311, Min=715264, Avg=767665.23, 90=813055, 99=845311, 99.9=845311, 99.99=845311] [READ-FAILED: Count=0, Max=0, Min=9223372036854775807, Avg=NaN, 90=0, 99=0, 99.9=0, 99.99=0] 
2019-05-22 06:26:15:483 820 sec: 1067 operations; 1.3 current ops/sec; est completion in 5 minutes [READ: Count=13, Max=851455, Min=689664, Avg=762584.62, 90=831487, 99=851455, 99.9=851455, 99.99=851455] [READ-FAILED: Count=0, Max=0, Min=9223372036854775807, Avg=NaN, 90=0, 99=0, 99.9=0, 99.99=0] 
2019-05-22 06:26:25:483 830 sec: 1080 operations; 1.3 current ops/sec; est completion in 5 minutes [READ: Count=13, Max=856575, Min=705024, Avg=773021.54, 90=823807, 99=856575, 99.9=856575, 99.99=856575] [READ-FAILED: Count=0, Max=0, Min=9223372036854775807, Avg=NaN, 90=0, 99=0, 99.9=0, 99.99=0] 
2019-05-22 06:26:35:483 840 sec: 1093 operations; 1.3 current ops/sec; est completion in 5 minutes [READ: Count=13, Max=835583, Min=696832, Avg=759945.85, 90=816127, 99=835583, 99.9=835583, 99.99=835583] [READ-FAILED: Count=0, Max=0, Min=9223372036854775807, Avg=NaN, 90=0, 99=0, 99.9=0, 99.99=0] 
2019-05-22 06:26:45:483 850 sec: 1106 operations; 1.3 current ops/sec; est completion in 5 minutes [READ: Count=13, Max=837119, Min=715776, Avg=764790.15, 90=825855, 99=837119, 99.9=837119, 99.99=837119] [READ-FAILED: Count=0, Max=0, Min=9223372036854775807, Avg=NaN, 90=0, 99=0, 99.9=0, 99.99=0] 
2019-05-22 06:26:55:483 860 sec: 1119 operations; 1.3 current ops/sec; est completion in 4 minutes [READ: Count=13, Max=860671, Min=699904, Avg=757779.69, 90=833023, 99=860671, 99.9=860671, 99.99=860671] [READ-FAILED: Count=0, Max=0, Min=9223372036854775807, Avg=NaN, 90=0, 99=0, 99.9=0, 99.99=0] 
2019-05-22 06:27:05:485 870 sec: 1132 operations; 1.3 current ops/sec; est completion in 4 minutes [READ: Count=13, Max=840191, Min=666112, Avg=775187.69, 90=833023, 99=840191, 99.9=840191, 99.99=840191] [READ-FAILED: Count=0, Max=0, Min=9223372036854775807, Avg=NaN, 90=0, 99=0, 99.9=0, 99.99=0] 
2019-05-22 06:27:15:484 880 sec: 1145 operations; 1.3 current ops/sec; est completion in 4 minutes [READ: Count=13, Max=864767, Min=716288, Avg=767704.62, 90=859135, 99=864767, 99.9=864767, 99.99=864767] [READ-FAILED: Count=0, Max=0, Min=9223372036854775807, Avg=NaN, 90=0, 99=0, 99.9=0, 99.99=0] 
2019-05-22 06:27:25:484 890 sec: 1158 operations; 1.3 current ops/sec; est completion in 4 minutes [READ: Count=13, Max=886271, Min=713728, Avg=777905.23, 90=850431, 99=886271, 99.9=886271, 99.99=886271] [READ-FAILED: Count=0, Max=0, Min=9223372036854775807, Avg=NaN, 90=0, 99=0, 99.9=0, 99.99=0] 
2019-05-22 06:27:35:483 900 sec: 1171 operations; 1.3 current ops/sec; est completion in 4 minutes [READ: Count=13, Max=839679, Min=713216, Avg=766798.77, 90=818175, 99=839679, 99.9=839679, 99.99=839679] [READ-FAILED: Count=0, Max=0, Min=9223372036854775807, Avg=NaN, 90=0, 99=0, 99.9=0, 99.99=0] 
2019-05-22 06:27:45:483 910 sec: 1184 operations; 1.3 current ops/sec; est completion in 4 minutes [READ: Count=13, Max=825343, Min=714752, Avg=762860.31, 90=824831, 99=825343, 99.9=825343, 99.99=825343] [READ-FAILED: Count=0, Max=0, Min=9223372036854775807, Avg=NaN, 90=0, 99=0, 99.9=0, 99.99=0] 
2019-05-22 06:27:55:484 920 sec: 1197 operations; 1.3 current ops/sec; est completion in 3 minutes [READ: Count=13, Max=858623, Min=705024, Avg=772706.46, 90=849919, 99=858623, 99.9=858623, 99.99=858623] [READ-FAILED: Count=0, Max=0, Min=9223372036854775807, Avg=NaN, 90=0, 99=0, 99.9=0, 99.99=0] 
2019-05-22 06:28:05:484 930 sec: 1210 operations; 1.3 current ops/sec; est completion in 3 minutes [READ: Count=13, Max=864255, Min=715776, Avg=767625.85, 90=840191, 99=864255, 99.9=864255, 99.99=864255] [READ-FAILED: Count=0, Max=0, Min=9223372036854775807, Avg=NaN, 90=0, 99=0, 99.9=0, 99.99=0] 
2019-05-22 06:28:15:483 940 sec: 1223 operations; 1.3 current ops/sec; est completion in 3 minutes [READ: Count=13, Max=836095, Min=714240, Avg=766562.46, 90=818687, 99=836095, 99.9=836095, 99.99=836095] [READ-FAILED: Count=0, Max=0, Min=9223372036854775807, Avg=NaN, 90=0, 99=0, 99.9=0, 99.99=0] 
2019-05-22 06:28:25:484 950 sec: 1236 operations; 1.3 current ops/sec; est completion in 3 minutes [READ: Count=13, Max=834559, Min=692736, Avg=769673.85, 90=830463, 99=834559, 99.9=834559, 99.99=834559] [READ-FAILED: Count=0, Max=0, Min=9223372036854775807, Avg=NaN, 90=0, 99=0, 99.9=0, 99.99=0] 
2019-05-22 06:28:35:483 960 sec: 1249 operations; 1.3 current ops/sec; est completion in 3 minutes [READ: Count=13, Max=835583, Min=713216, Avg=771328, 90=831999, 99=835583, 99.9=835583, 99.99=835583] [READ-FAILED: Count=0, Max=0, Min=9223372036854775807, Avg=NaN, 90=0, 99=0, 99.9=0, 99.99=0] 
2019-05-22 06:28:45:483 970 sec: 1262 operations; 1.3 current ops/sec; est completion in 3 minutes [READ: Count=13, Max=852479, Min=708096, Avg=776881.23, 90=824319, 99=852479, 99.9=852479, 99.99=852479] [READ-FAILED: Count=0, Max=0, Min=9223372036854775807, Avg=NaN, 90=0, 99=0, 99.9=0, 99.99=0] 
2019-05-22 06:28:55:484 980 sec: 1275 operations; 1.3 current ops/sec; est completion in 2 minutes [READ: Count=13, Max=840191, Min=700416, Avg=764829.54, 90=834559, 99=840191, 99.9=840191, 99.99=840191] [READ-FAILED: Count=0, Max=0, Min=9223372036854775807, Avg=NaN, 90=0, 99=0, 99.9=0, 99.99=0] 
2019-05-22 06:29:05:484 990 sec: 1288 operations; 1.3 current ops/sec; est completion in 2 minutes [READ: Count=13, Max=839167, Min=720384, Avg=770028.31, 90=838143, 99=839167, 99.9=839167, 99.99=839167] [READ-FAILED: Count=0, Max=0, Min=9223372036854775807, Avg=NaN, 90=0, 99=0, 99.9=0, 99.99=0] 
2019-05-22 06:29:15:483 1000 sec: 1301 operations; 1.3 current ops/sec; est completion in 2 minutes [READ: Count=13, Max=855039, Min=704512, Avg=771485.54, 90=852991, 99=855039, 99.9=855039, 99.99=855039] [READ-FAILED: Count=0, Max=0, Min=9223372036854775807, Avg=NaN, 90=0, 99=0, 99.9=0, 99.99=0] 
2019-05-22 06:29:25:483 1010 sec: 1314 operations; 1.3 current ops/sec; est completion in 2 minutes [READ: Count=13, Max=830975, Min=711680, Avg=771682.46, 90=818175, 99=830975, 99.9=830975, 99.99=830975] [READ-FAILED: Count=0, Max=0, Min=9223372036854775807, Avg=NaN, 90=0, 99=0, 99.9=0, 99.99=0] 
2019-05-22 06:29:35:483 1020 sec: 1327 operations; 1.3 current ops/sec; est completion in 2 minutes [READ: Count=13, Max=836607, Min=709632, Avg=762112, 90=835583, 99=836607, 99.9=836607, 99.99=836607] [READ-FAILED: Count=0, Max=0, Min=9223372036854775807, Avg=NaN, 90=0, 99=0, 99.9=0, 99.99=0] 
2019-05-22 06:29:45:483 1030 sec: 1340 operations; 1.3 current ops/sec; est completion in 2 minutes [READ: Count=13, Max=853503, Min=713216, Avg=771485.54, 90=813567, 99=853503, 99.9=853503, 99.99=853503] [READ-FAILED: Count=0, Max=0, Min=9223372036854775807, Avg=NaN, 90=0, 99=0, 99.9=0, 99.99=0] 
2019-05-22 06:29:55:483 1040 sec: 1353 operations; 1.3 current ops/sec; est completion in 1 minute [READ: Count=13, Max=888319, Min=728064, Avg=764790.15, 90=833023, 99=888319, 99.9=888319, 99.99=888319] [READ-FAILED: Count=0, Max=0, Min=9223372036854775807, Avg=NaN, 90=0, 99=0, 99.9=0, 99.99=0] 
2019-05-22 06:30:05:483 1050 sec: 1366 operations; 1.3 current ops/sec; est completion in 1 minute [READ: Count=13, Max=863743, Min=694272, Avg=771131.08, 90=833023, 99=863743, 99.9=863743, 99.99=863743] [READ-FAILED: Count=0, Max=0, Min=9223372036854775807, Avg=NaN, 90=0, 99=0, 99.9=0, 99.99=0] 
2019-05-22 06:30:15:484 1060 sec: 1379 operations; 1.3 current ops/sec; est completion in 1 minute [READ: Count=13, Max=887295, Min=713216, Avg=770855.38, 90=807935, 99=887295, 99.9=887295, 99.99=887295] [READ-FAILED: Count=0, Max=0, Min=9223372036854775807, Avg=NaN, 90=0, 99=0, 99.9=0, 99.99=0] 
2019-05-22 06:30:25:483 1070 sec: 1392 operations; 1.3 current ops/sec; est completion in 1 minute [READ: Count=13, Max=861695, Min=725504, Avg=779480.62, 90=817663, 99=861695, 99.9=861695, 99.99=861695] [READ-FAILED: Count=0, Max=0, Min=9223372036854775807, Avg=NaN, 90=0, 99=0, 99.9=0, 99.99=0] 
2019-05-22 06:30:35:483 1080 sec: 1405 operations; 1.3 current ops/sec; est completion in 1 minute [READ: Count=13, Max=839167, Min=714240, Avg=771997.54, 90=829439, 99=839167, 99.9=839167, 99.99=839167] [READ-FAILED: Count=0, Max=0, Min=9223372036854775807, Avg=NaN, 90=0, 99=0, 99.9=0, 99.99=0] 
2019-05-22 06:30:45:483 1090 sec: 1418 operations; 1.3 current ops/sec; est completion in 1 minute [READ: Count=13, Max=846847, Min=687104, Avg=763884.31, 90=821247, 99=846847, 99.9=846847, 99.99=846847] [READ-FAILED: Count=0, Max=0, Min=9223372036854775807, Avg=NaN, 90=0, 99=0, 99.9=0, 99.99=0] 
2019-05-22 06:30:55:484 1100 sec: 1431 operations; 1.3 current ops/sec; est completion in 54 seconds [READ: Count=13, Max=835071, Min=713728, Avg=759906.46, 90=819711, 99=835071, 99.9=835071, 99.99=835071] [READ-FAILED: Count=0, Max=0, Min=9223372036854775807, Avg=NaN, 90=0, 99=0, 99.9=0, 99.99=0] 
2019-05-22 06:31:05:485 1110 sec: 1444 operations; 1.3 current ops/sec; est completion in 44 seconds [READ: Count=13, Max=829439, Min=717312, Avg=770067.69, 90=824831, 99=829439, 99.9=829439, 99.99=829439] [READ-FAILED: Count=0, Max=0, Min=9223372036854775807, Avg=NaN, 90=0, 99=0, 99.9=0, 99.99=0] 
2019-05-22 06:31:15:483 1120 sec: 1457 operations; 1.3 current ops/sec; est completion in 34 seconds [READ: Count=13, Max=917503, Min=718336, Avg=777432.62, 90=845311, 99=917503, 99.9=917503, 99.99=917503] [READ-FAILED: Count=0, Max=0, Min=9223372036854775807, Avg=NaN, 90=0, 99=0, 99.9=0, 99.99=0] 
2019-05-22 06:31:25:483 1130 sec: 1470 operations; 1.3 current ops/sec; est completion in 24 seconds [READ: Count=13, Max=836095, Min=726016, Avg=767862.15, 90=811519, 99=836095, 99.9=836095, 99.99=836095] [READ-FAILED: Count=0, Max=0, Min=9223372036854775807, Avg=NaN, 90=0, 99=0, 99.9=0, 99.99=0] 
2019-05-22 06:31:35:483 1140 sec: 1483 operations; 1.3 current ops/sec; est completion in 14 seconds [READ: Count=13, Max=831999, Min=707584, Avg=768177.23, 90=824319, 99=831999, 99.9=831999, 99.99=831999] [READ-FAILED: Count=0, Max=0, Min=9223372036854775807, Avg=NaN, 90=0, 99=0, 99.9=0, 99.99=0] 
2019-05-22 06:31:45:483 1150 sec: 1496 operations; 1.3 current ops/sec; est completion in 4 second [READ: Count=13, Max=814079, Min=706048, Avg=772430.77, 90=807935, 99=814079, 99.9=814079, 99.99=814079] [READ-FAILED: Count=0, Max=0, Min=9223372036854775807, Avg=NaN, 90=0, 99=0, 99.9=0, 99.99=0] 
2019-05-22 06:31:48:128 1152 sec: 1500 operations; 1.51 current ops/sec; [READ: Count=4, Max=817151, Min=706048, Avg=762880, 90=817151, 99=817151, 99.9=817151, 99.99=817151] [CLEANUP: Count=1, Max=4, Min=4, Avg=4, 90=4, 99=4, 99.9=4, 99.99=4] [READ-FAILED: Count=0, Max=0, Min=9223372036854775807, Avg=NaN, 90=0, 99=0, 99.9=0, 99.99=0] 
