timestamp;status;request_time;upstream_response_time
1558375674.264;200;0.756;0.760
1558375675.033;200;0.716;0.720
1558375675.838;200;0.801;0.808
1558375676.657;200;0.814;0.816
1558375677.410;200;0.749;0.756
1558375678.146;200;0.732;0.732
1558375678.944;200;0.768;0.768
1558375679.755;200;0.805;0.808
1558375680.508;200;0.749;0.752
1558375681.239;200;0.728;0.732
1558375681.997;200;0.753;0.756
1558375682.813;200;0.813;0.816
1558375683.581;200;0.764;0.768
1558375684.320;200;0.733;0.736
1558375685.043;200;0.718;0.724
1558375685.804;200;0.758;0.760
1558375686.578;200;0.770;0.772
1558375687.293;200;0.712;0.716
1558375687.995;200;0.698;0.704
1558375688.781;200;0.784;0.784
1558375689.528;200;0.743;0.740
1558375690.262;200;0.731;0.732
1558375691.015;200;0.749;0.752
1558375691.874;200;0.855;0.856
1558375692.614;200;0.732;0.732
1558375693.336;200;0.719;0.716
1558375694.107;200;0.764;0.768
1558375694.932;200;0.821;0.824
1558375695.680;200;0.746;0.748
1558375696.408;200;0.723;0.724
1558375697.174;200;0.760;0.760
1558375697.960;200;0.784;0.784
1558375698.731;200;0.766;0.768
1558375699.473;200;0.738;0.740
1558375700.253;200;0.775;0.776
1558375701.066;200;0.809;0.812
1558375701.788;200;0.720;0.720
1558375702.531;200;0.739;0.744
1558375703.238;200;0.701;0.700
1558375704.039;200;0.796;0.796
1558375704.799;200;0.756;0.760
1558375705.543;200;0.740;0.744
1558375706.358;200;0.812;0.812
1558375707.182;200;0.820;0.824
1558375707.925;200;0.740;0.740
1558375708.644;200;0.716;0.720
1558375709.408;200;0.760;0.764
1558375710.232;200;0.819;0.820
1558375710.995;200;0.758;0.764
1558375711.682;200;0.683;0.684
1558375712.446;200;0.762;0.764
1558375713.230;200;0.780;0.784
1558375713.980;200;0.746;0.744
1558375714.727;200;0.742;0.748
1558375715.518;200;0.787;0.788
1558375716.373;200;0.850;0.852
1558375717.111;200;0.734;0.740
1558375717.830;200;0.715;0.716
1558375718.543;200;0.710;0.712
1558375719.303;200;0.757;0.756
1558375720.065;200;0.759;0.760
1558375720.784;200;0.717;0.720
1558375721.556;200;0.769;0.772
1558375722.376;200;0.817;0.820
1558375723.130;200;0.750;0.752
1558375723.842;200;0.707;0.712
1558375724.603;200;0.757;0.760
1558375725.427;200;0.821;0.824
1558375726.182;200;0.751;0.752
1558375726.898;200;0.711;0.716
1558375727.627;200;0.727;0.728
1558375728.432;200;0.801;0.800
1558375729.183;200;0.748;0.752
1558375729.887;200;0.699;0.704
1558375730.689;200;0.799;0.796
1558375731.514;200;0.822;0.824
1558375732.270;200;0.753;0.756
1558375732.980;200;0.707;0.708
1558375733.674;200;0.692;0.692
1558375734.479;200;0.800;0.804
1558375735.238;200;0.757;0.756
1558375735.957;200;0.717;0.720
1558375736.754;200;0.794;0.800
1558375737.600;200;0.843;0.844
1558375738.335;200;0.730;0.736
1558375739.048;200;0.709;0.712
1558375739.792;200;0.741;0.740
1558375740.598;200;0.802;0.808
1558375741.355;200;0.754;0.756
1558375742.085;200;0.727;0.728
1558375742.850;200;0.762;0.768
1558375743.693;200;0.838;0.840
1558375744.444;200;0.745;0.748
1558375745.174;200;0.727;0.732
1558375745.935;200;0.757;0.760
1558375746.726;200;0.787;0.788
1558375747.480;200;0.750;0.752
1558375748.212;200;0.727;0.732
1558375748.994;200;0.778;0.780
1558375749.807;200;0.809;0.812
1558375750.559;200;0.742;0.748
1558375751.282;200;0.720;0.720
1558375752.102;200;0.818;0.820
1558375752.976;200;0.871;0.876
1558375753.715;200;0.737;0.740
1558375754.479;200;0.759;0.764
1558375755.250;200;0.767;0.768
1558375756.080;200;0.827;0.832
1558375756.829;200;0.746;0.748
1558375757.501;200;0.669;0.672
1558375758.244;200;0.740;0.744
1558375759.039;200;0.792;0.792
1558375759.787;200;0.744;0.748
1558375760.519;200;0.728;0.732
1558375761.326;200;0.767;0.768
1558375762.140;200;0.812;0.816
1558375762.886;200;0.743;0.744
1558375763.621;200;0.733;0.736
1558375764.393;200;0.768;0.764
1558375765.224;200;0.828;0.832
1558375765.966;200;0.739;0.740
1558375766.679;200;0.711;0.716
1558375767.472;200;0.789;0.792
1558375768.304;200;0.829;0.828
1558375769.071;200;0.762;0.764
1558375769.799;200;0.723;0.728
1558375770.575;200;0.773;0.776
1558375771.396;200;0.817;0.816
1558375772.156;200;0.757;0.760
1558375772.882;200;0.720;0.720
1558375773.598;200;0.714;0.716
1558375774.428;200;0.825;0.824
1558375775.219;200;0.789;0.792
1558375775.972;200;0.745;0.748
1558375776.773;200;0.797;0.800
1558375777.608;200;0.832;0.836
1558375778.348;200;0.737;0.736
1558375779.083;200;0.731;0.732
1558375779.857;200;0.771;0.772
1558375780.696;200;0.834;0.836
1558375781.454;200;0.756;0.756
1558375782.163;200;0.705;0.708
1558375782.931;200;0.764;0.769
1558375783.777;200;0.841;0.844
1558375784.543;200;0.761;0.764
1558375785.269;200;0.723;0.724
1558375786.049;200;0.778;0.780
1558375786.862;200;0.810;0.812
1558375787.609;200;0.745;0.748
1558375788.324;200;0.712;0.716
1558375789.074;200;0.747;0.748
1558375789.890;200;0.814;0.816
1558375790.651;200;0.757;0.760
1558375791.383;200;0.727;0.728
1558375792.147;200;0.761;0.764
1558375792.973;200;0.821;0.824
1558375793.724;200;0.749;0.752
1558375794.458;200;0.728;0.728
1558375795.223;200;0.763;0.768
1558375796.011;200;0.786;0.788
1558375796.768;200;0.754;0.756
1558375797.524;200;0.753;0.756
1558375798.326;200;0.798;0.800
1558375799.125;200;0.797;0.800
1558375799.882;200;0.754;0.756
1558375800.634;200;0.749;0.756
1558375801.359;200;0.721;0.724
1558375802.177;200;0.815;0.816
1558375802.955;200;0.775;0.776
1558375803.722;200;0.764;0.764
1558375804.432;200;0.705;0.708
1558375805.258;200;0.822;0.824
1558375805.996;200;0.735;0.740
1558375806.722;200;0.723;0.724
1558375807.441;200;0.715;0.716
1558375808.258;200;0.814;0.816
1558375809.019;200;0.758;0.760
1558375809.749;200;0.727;0.728
1558375810.480;200;0.728;0.732
1558375811.299;200;0.815;0.820
1558375812.059;200;0.756;0.760
1558375812.787;200;0.725;0.728
1558375813.571;200;0.780;0.784
1558375814.422;200;0.846;0.852
1558375815.160;200;0.735;0.736
1558375815.893;200;0.726;0.728
1558375816.651;200;0.755;0.760
1558375817.471;200;0.814;0.820
1558375818.252;200;0.778;0.780
1558375818.975;200;0.720;0.724
1558375819.676;200;0.698;0.700
1558375820.495;200;0.815;0.820
1558375821.251;200;0.750;0.752
1558375822.007;200;0.752;0.756
1558375822.755;200;0.744;0.748
1558375823.594;200;0.836;0.836
1558375824.340;200;0.742;0.740
1558375825.096;200;0.753;0.752
1558375825.859;200;0.761;0.764
1558375826.688;200;0.826;0.824
1558375827.470;200;0.776;0.776
1558375828.199;200;0.725;0.728
1558375828.960;200;0.758;0.756
1558375829.777;200;0.814;0.816
1558375830.523;200;0.743;0.744
1558375831.252;200;0.726;0.728
1558375832.037;200;0.782;0.784
1558375832.840;200;0.800;0.804
1558375833.593;200;0.750;0.752
1558375834.343;200;0.744;0.748
1558375835.104;200;0.759;0.760
1558375835.918;200;0.811;0.812
1558375836.680;200;0.760;0.764
1558375837.420;200;0.736;0.740
1558375838.211;200;0.788;0.792
1558375839.003;200;0.789;0.792
1558375839.762;200;0.757;0.756
1558375840.470;200;0.705;0.708
1558375841.269;200;0.795;0.796
1558375842.104;200;0.832;0.836
1558375842.844;200;0.737;0.740
1558375843.567;200;0.719;0.724
1558375844.348;200;0.776;0.780
1558375845.219;200;0.867;0.872
1558375845.975;200;0.749;0.752
1558375846.716;200;0.737;0.740
1558375847.492;200;0.772;0.776
1558375848.314;200;0.819;0.820
1558375849.079;200;0.761;0.764
1558375849.814;200;0.731;0.732
1558375850.600;200;0.782;0.784
1558375851.447;200;0.844;0.848
1558375852.203;200;0.753;0.756
1558375852.937;200;0.731;0.732
1558375853.693;200;0.752;0.756
1558375854.543;200;0.845;0.848
1558375855.338;200;0.792;0.792
1558375856.062;200;0.720;0.720
1558375856.839;200;0.774;0.776
1558375857.652;200;0.810;0.812
1558375858.403;200;0.747;0.748
1558375859.135;200;0.729;0.732
1558375859.864;200;0.726;0.728
1558375860.696;200;0.828;0.828
1558375861.443;200;0.743;0.748
1558375862.188;200;0.742;0.740
1558375863.004;200;0.813;0.816
1558375863.860;200;0.852;0.856
1558375864.614;200;0.749;0.752
1558375865.361;200;0.744;0.744
1558375866.134;200;0.770;0.772
1558375866.940;200;0.804;0.808
1558375867.678;200;0.735;0.736
1558375868.399;200;0.718;0.720
1558375869.173;200;0.773;0.772
1558375869.980;200;0.804;0.808
1558375870.717;200;0.734;0.736
1558375871.448;200;0.725;0.728
1558375872.217;200;0.761;0.764
1558375873.068;200;0.848;0.852
1558375873.843;200;0.772;0.776
1558375874.611;200;0.763;0.768
1558375875.388;200;0.773;0.776
1558375876.214;200;0.823;0.824
1558375876.937;200;0.719;0.720
1558375877.654;200;0.714;0.716
1558375878.356;200;0.699;0.700
1558375879.152;200;0.793;0.796
1558375879.886;200;0.730;0.732
1558375880.637;200;0.748;0.752
1558375881.358;200;0.718;0.720
1558375882.137;200;0.777;0.780
1558375882.886;200;0.747;0.748
1558375883.614;200;0.726;0.728
1558375884.385;200;0.768;0.772
1558375885.170;200;0.783;0.784
1558375885.885;200;0.713;0.716
1558375886.609;200;0.720;0.724
1558375887.386;200;0.775;0.776
1558375888.190;200;0.802;0.804
1558375888.924;200;0.732;0.736
1558375889.619;200;0.692;0.696
1558375890.376;200;0.753;0.756
1558375891.163;200;0.784;0.788
1558375891.886;200;0.721;0.720
1558375892.595;200;0.706;0.708
1558375893.327;200;0.728;0.732
1558375894.152;200;0.811;0.812
1558375894.874;200;0.719;0.720
1558375895.634;200;0.758;0.760
1558375896.397;200;0.760;0.760
1558375897.203;200;0.804;0.808
1558375897.952;200;0.746;0.744
1558375898.679;200;0.724;0.728
1558375899.408;200;0.726;0.724
1558375900.250;200;0.839;0.840
1558375901.017;200;0.765;0.768
1558375901.751;200;0.732;0.736
1558375902.515;200;0.762;0.764
1558375903.317;200;0.795;0.796
1558375904.056;200;0.732;0.732
1558375904.783;200;0.723;0.728
1558375905.562;200;0.777;0.776
1558375906.394;200;0.829;0.832
1558375907.132;200;0.736;0.740
1558375907.835;200;0.700;0.700
1558375908.557;200;0.720;0.724
1558375909.407;200;0.848;0.848
1558375910.140;200;0.730;0.732
1558375910.874;200;0.731;0.732
1558375911.657;200;0.781;0.784
1558375912.449;200;0.789;0.792
1558375913.208;200;0.757;0.760
1558375913.934;200;0.723;0.724
1558375914.675;200;0.739;0.744
1558375915.500;200;0.817;0.820
1558375916.255;200;0.752;0.756
1558375916.982;200;0.724;0.724
1558375917.772;200;0.788;0.792
1558375918.577;200;0.803;0.804
1558375919.310;200;0.730;0.732
1558375920.027;200;0.715;0.720
1558375920.825;200;0.795;0.792
1558375921.636;200;0.808;0.812
1558375922.387;200;0.749;0.752
1558375923.138;200;0.748;0.748
1558375923.888;200;0.745;0.744
1558375924.662;200;0.771;0.772
1558375925.383;200;0.719;0.724
1558375926.104;200;0.718;0.720
1558375926.751;200;0.642;0.648
1558375927.562;200;0.809;0.808
1558375928.320;200;0.754;0.756
1558375929.053;200;0.730;0.732
1558375929.803;200;0.747;0.752
1558375930.614;200;0.807;0.808
1558375931.352;200;0.735;0.740
1558375932.091;200;0.735;0.740
1558375932.843;200;0.749;0.748
1558375933.719;200;0.873;0.872
1558375934.458;200;0.735;0.736
1558375935.175;200;0.714;0.720
1558375935.938;200;0.759;0.760
1558375936.741;200;0.800;0.804
1558375937.471;200;0.728;0.732
1558375938.213;200;0.739;0.740
1558375938.963;200;0.748;0.748
1558375939.759;200;0.793;0.796
1558375940.503;200;0.740;0.744
1558375941.233;200;0.727;0.728
1558375942.005;200;0.769;0.772
1558375942.815;200;0.807;0.812
1558375943.545;200;0.728;0.724
1558375944.276;200;0.729;0.728
1558375945.015;200;0.737;0.740
1558375945.823;200;0.805;0.808
1558375946.540;200;0.713;0.712
1558375947.244;200;0.701;0.700
1558375948.029;200;0.782;0.784
1558375948.800;200;0.768;0.768
1558375949.513;200;0.711;0.712
1558375950.219;200;0.704;0.708
1558375950.960;200;0.737;0.736
1558375951.804;200;0.841;0.840
1558375952.543;200;0.736;0.736
1558375953.259;200;0.713;0.716
1558375954.032;200;0.767;0.768
1558375954.884;200;0.845;0.844
1558375955.611;200;0.724;0.728
1558375956.359;200;0.745;0.748
1558375957.113;200;0.750;0.752
1558375957.935;200;0.819;0.820
1558375958.721;200;0.783;0.784
1558375959.483;200;0.760;0.764
1558375960.241;200;0.755;0.756
1558375961.058;200;0.814;0.816
1558375961.793;200;0.730;0.732
1558375962.512;200;0.716;0.720
1558375963.295;200;0.780;0.780
1558375964.119;200;0.820;0.824
1558375964.858;200;0.732;0.732
1558375965.617;200;0.749;0.752
1558375966.414;200;0.789;0.792
1558375967.244;200;0.825;0.828
1558375967.972;200;0.722;0.724
1558375968.716;200;0.740;0.740
1558375969.484;200;0.764;0.768
1558375970.316;200;0.828;0.832
1558375971.043;200;0.724;0.724
1558375971.770;200;0.724;0.724
1558375972.576;200;0.804;0.808
1558375973.399;200;0.820;0.820
1558375974.153;200;0.751;0.752
1558375974.904;200;0.749;0.752
1558375975.611;200;0.704;0.708
1558375976.417;200;0.802;0.804
1558375977.134;200;0.715;0.716
1558375977.839;200;0.703;0.704
1558375978.586;200;0.744;0.744
1558375979.419;200;0.831;0.832
1558375980.157;200;0.734;0.736
1558375980.898;200;0.739;0.740
1558375981.681;200;0.779;0.780
1558375982.482;200;0.799;0.800
1558375983.231;200;0.746;0.752
1558375983.962;200;0.727;0.728
1558375984.702;200;0.737;0.740
1558375985.512;200;0.806;0.808
1558375986.242;200;0.728;0.728
1558375987.002;200;0.756;0.756
1558375987.785;200;0.779;0.780
1558375988.599;200;0.811;0.816
1558375989.333;200;0.730;0.732
1558375990.054;200;0.718;0.720
1558375990.748;200;0.691;0.696
1558375991.571;200;0.820;0.824
1558375992.307;200;0.733;0.736
1558375993.030;200;0.715;0.716
1558375993.787;200;0.749;0.748
1558375994.689;200;0.897;0.900
1558375995.435;200;0.744;0.748
1558375996.159;200;0.721;0.724
1558375996.912;200;0.749;0.752
1558375997.738;200;0.823;0.824
1558375998.471;200;0.731;0.732
1558375999.193;200;0.719;0.716
1558375999.995;200;0.800;0.804
1558376000.822;200;0.824;0.824
1558376001.563;200;0.738;0.740
1558376002.303;200;0.738;0.740
1558376003.044;200;0.738;0.740
1558376003.849;200;0.803;0.804
1558376004.589;200;0.737;0.740
1558376005.311;200;0.720;0.724
1558376006.071;200;0.757;0.760
1558376006.886;200;0.811;0.812
1558376007.610;200;0.722;0.724
1558376008.318;200;0.706;0.708
1558376009.044;200;0.724;0.728
1558376009.868;200;0.821;0.824
1558376010.591;200;0.719;0.720
1558376011.299;200;0.704;0.704
1558376012.100;200;0.797;0.800
1558376012.918;200;0.814;0.816
1558376013.653;200;0.732;0.732
1558376014.381;200;0.723;0.724
1558376015.131;200;0.748;0.752
1558376015.963;200;0.828;0.828
1558376016.708;200;0.743;0.740
1558376017.456;200;0.746;0.748
1558376018.175;200;0.716;0.720
1558376019.006;200;0.829;0.828
1558376019.775;200;0.767;0.768
1558376020.511;200;0.732;0.732
1558376021.268;200;0.755;0.756
1558376022.108;200;0.836;0.840
1558376022.853;200;0.741;0.744
1558376023.593;200;0.737;0.740
1558376024.355;200;0.758;0.756
1558376025.179;200;0.817;0.816
1558376025.923;200;0.740;0.744
1558376026.666;200;0.740;0.740
1558376027.398;200;0.728;0.728
1558376028.246;200;0.845;0.844
1558376028.967;200;0.718;0.716
1558376029.702;200;0.732;0.732
1558376030.503;200;0.799;0.800
1558376031.374;200;0.867;0.868
1558376032.125;200;0.749;0.752
1558376032.847;200;0.717;0.716
1558376033.611;200;0.762;0.768
1558376034.428;200;0.813;0.812
1558376035.161;200;0.730;0.732
1558376035.850;200;0.687;0.688
1558376036.651;200;0.799;0.800
1558376037.495;200;0.842;0.844
1558376038.224;200;0.727;0.728
1558376038.946;200;0.719;0.720
1558376039.696;200;0.748;0.752
1558376040.548;200;0.849;0.852
1558376041.268;200;0.717;0.720
1558376041.988;200;0.717;0.720
1558376042.770;200;0.779;0.780
1558376043.598;200;0.826;0.828
1558376044.338;200;0.736;0.736
1558376045.067;200;0.725;0.724
1558376045.862;200;0.793;0.796
1558376046.687;200;0.821;0.824
1558376047.412;200;0.723;0.720
1558376048.134;200;0.719;0.720
1558376048.890;200;0.753;0.756
1558376049.703;200;0.810;0.816
1558376050.486;200;0.780;0.780
1558376051.217;200;0.727;0.728
1558376051.985;200;0.766;0.768
1558376052.822;200;0.835;0.836
1558376053.546;200;0.721;0.724
1558376054.254;200;0.704;0.704
1558376055.019;200;0.761;0.760
1558376055.898;200;0.875;0.876
1558376056.637;200;0.734;0.736
1558376057.374;200;0.734;0.736
1558376058.127;200;0.750;0.756
1558376058.950;200;0.820;0.820
1558376059.682;200;0.729;0.732
1558376060.398;200;0.713;0.716
1558376061.173;200;0.772;0.772
1558376062.002;200;0.824;0.824
1558376062.723;200;0.715;0.716
1558376063.442;200;0.715;0.716
1558376064.199;200;0.752;0.756
1558376065.033;200;0.827;0.828
1558376065.777;200;0.741;0.744
1558376066.490;200;0.710;0.712
1558376067.263;200;0.770;0.776
1558376068.084;200;0.818;0.820
1558376068.819;200;0.733;0.732
1558376069.545;200;0.722;0.724
1558376070.310;200;0.762;0.764
1558376071.128;200;0.816;0.820
1558376071.875;200;0.744;0.748
1558376072.592;200;0.715;0.716
1558376073.328;200;0.733;0.736
1558376074.199;200;0.867;0.872
1558376074.939;200;0.737;0.740
1558376075.687;200;0.744;0.744
1558376076.455;200;0.765;0.764
1558376077.273;200;0.817;0.820
1558376077.985;200;0.710;0.708
1558376078.712;200;0.725;0.728
1558376079.460;200;0.746;0.748
1558376080.311;200;0.849;0.848
1558376081.037;200;0.724;0.728
1558376081.784;200;0.745;0.748
1558376082.555;200;0.768;0.772
1558376083.399;200;0.841;0.840
1558376084.143;200;0.740;0.744
1558376084.876;200;0.729;0.732
1558376085.610;200;0.729;0.728
1558376086.416;200;0.804;0.804
1558376087.131;200;0.713;0.712
1558376087.852;200;0.717;0.720
1558376088.598;200;0.741;0.740
1558376089.446;200;0.845;0.848
1558376090.181;200;0.732;0.732
1558376090.901;200;0.716;0.720
1558376091.659;200;0.756;0.760
1558376092.481;200;0.819;0.820
1558376093.272;200;0.789;0.792
1558376094.000;200;0.725;0.728
1558376094.772;200;0.770;0.772
1558376095.580;200;0.804;0.804
1558376096.323;200;0.741;0.740
1558376097.030;200;0.705;0.704
1558376097.822;200;0.789;0.788
1558376098.647;200;0.821;0.824
1558376099.381;200;0.731;0.732
1558376100.106;200;0.723;0.724
1558376100.873;200;0.765;0.768
1558376101.693;200;0.817;0.820
1558376102.435;200;0.740;0.740
1558376103.168;200;0.730;0.732
1558376103.934;200;0.763;0.764
1558376104.729;200;0.793;0.796
1558376105.457;200;0.726;0.728
1558376106.181;200;0.722;0.724
1558376106.894;200;0.710;0.712
1558376107.702;200;0.804;0.804
1558376108.438;200;0.733;0.732
1558376109.172;200;0.731;0.736
1558376109.928;200;0.754;0.756
1558376110.706;200;0.775;0.776
1558376111.445;200;0.737;0.740
1558376112.191;200;0.743;0.744
1558376112.952;200;0.758;0.760
1558376113.745;200;0.791;0.792
1558376114.504;200;0.753;0.756
1558376115.264;200;0.756;0.760
1558376116.010;200;0.743;0.744
1558376116.918;200;0.905;0.908
1558376117.676;200;0.756;0.760
1558376118.408;200;0.730;0.732
1558376119.182;200;0.771;0.772
1558376120.012;200;0.828;0.832
1558376120.761;200;0.746;0.748
1558376121.499;200;0.735;0.736
1558376122.204;200;0.701;0.704
1558376123.035;200;0.829;0.828
1558376123.800;200;0.762;0.764
1558376124.518;200;0.714;0.716
1558376125.261;200;0.740;0.744
1558376126.083;200;0.820;0.820
1558376126.801;200;0.716;0.716
1558376127.502;200;0.699;0.700
1558376128.255;200;0.749;0.748
1558376129.045;200;0.785;0.788
1558376129.760;200;0.713;0.716
1558376130.502;200;0.736;0.736
1558376131.259;200;0.754;0.752
1558376132.071;200;0.809;0.812
1558376132.801;200;0.724;0.728
1558376133.528;200;0.725;0.728
1558376134.313;200;0.782;0.784
1558376135.113;200;0.796;0.796
1558376135.842;200;0.726;0.728
1558376136.599;200;0.754;0.756
1558376137.354;200;0.752;0.752
1558376138.185;200;0.827;0.828
1558376138.928;200;0.741;0.740
1558376139.631;200;0.701;0.700
1558376140.360;200;0.727;0.732
1558376141.176;200;0.813;0.812
1558376141.903;200;0.725;0.728
1558376142.630;200;0.724;0.724
1558376143.410;200;0.778;0.780
1558376144.216;200;0.803;0.804
1558376144.954;200;0.736;0.736
1558376145.669;200;0.713;0.716
1558376146.435;200;0.764;0.764
1558376147.254;200;0.816;0.816
1558376147.993;200;0.737;0.736
1558376148.746;200;0.751;0.752
1558376149.490;200;0.742;0.744
1558376150.293;200;0.801;0.804
1558376151.036;200;0.741;0.744
1558376151.775;200;0.737;0.740
1558376152.522;200;0.744;0.744
1558376153.334;200;0.808;0.808
1558376154.078;200;0.742;0.744
1558376154.820;200;0.740;0.744
1558376155.634;200;0.811;0.812
1558376156.483;200;0.847;0.848
1558376157.232;200;0.747;0.752
1558376157.966;200;0.731;0.732
1558376158.787;200;0.819;0.820
1558376159.592;200;0.803;0.804
1558376160.342;200;0.748;0.748
1558376161.088;200;0.744;0.748
1558376161.871;200;0.780;0.780
1558376162.671;200;0.797;0.796
1558376163.416;200;0.742;0.740
1558376164.134;200;0.714;0.716
1558376164.866;200;0.730;0.732
1558376165.672;200;0.804;0.808
1558376166.403;200;0.728;0.728
1558376167.135;200;0.729;0.728
1558376167.893;200;0.755;0.756
1558376168.720;200;0.825;0.828
1558376169.456;200;0.733;0.736
1558376170.208;200;0.750;0.752
1558376171.006;200;0.794;0.796
1558376171.806;200;0.799;0.800
1558376172.533;200;0.723;0.724
1558376173.274;200;0.739;0.740
1558376174.024;200;0.747;0.752
1558376174.862;200;0.835;0.836
1558376175.605;200;0.741;0.744
1558376176.360;200;0.753;0.756
1558376177.121;200;0.758;0.760
1558376177.987;200;0.864;0.864
1558376178.716;200;0.726;0.728
1558376179.449;200;0.730;0.732
1558376180.238;200;0.786;0.788
1558376181.115;200;0.875;0.876
1558376181.850;200;0.733;0.736
1558376182.571;200;0.719;0.720
1558376183.347;200;0.774;0.776
1558376184.143;200;0.793;0.796
1558376184.878;200;0.732;0.732
1558376185.627;200;0.745;0.744
1558376186.432;200;0.802;0.800
1558376187.251;200;0.816;0.816
1558376187.995;200;0.741;0.740
1558376188.725;200;0.718;0.720
1558376189.467;200;0.740;0.740
1558376190.295;200;0.826;0.828
1558376191.018;200;0.720;0.720
1558376191.770;200;0.749;0.752
1558376192.555;200;0.784;0.784
1558376193.345;200;0.788;0.788
1558376194.089;200;0.742;0.744
1558376194.810;200;0.719;0.720
1558376195.569;200;0.757;0.756
1558376196.403;200;0.832;0.833
1558376197.143;200;0.737;0.736
1558376197.879;200;0.734;0.736
1558376198.644;200;0.761;0.760
1558376199.491;200;0.845;0.844
1558376200.245;200;0.752;0.752
1558376201.015;200;0.768;0.768
1558376201.757;200;0.739;0.740
1558376202.590;200;0.831;0.832
1558376203.370;200;0.778;0.780
1558376204.090;200;0.717;0.716
1558376204.802;200;0.710;0.712
1558376205.651;200;0.847;0.848
1558376206.386;200;0.732;0.732
1558376207.081;200;0.693;0.696
1558376207.815;200;0.732;0.732
1558376208.654;200;0.836;0.836
1558376209.394;200;0.735;0.736
1558376210.100;200;0.705;0.708
1558376210.904;200;0.801;0.804
1558376211.761;200;0.855;0.856
1558376212.503;200;0.740;0.740
1558376213.250;200;0.745;0.744
1558376214.011;200;0.759;0.760
1558376214.825;200;0.811;0.812
1558376215.569;200;0.741;0.744
1558376216.278;200;0.707;0.708
1558376217.082;200;0.802;0.804
1558376217.892;200;0.807;0.808
1558376218.628;200;0.733;0.736
1558376219.332;200;0.702;0.704
1558376220.073;200;0.739;0.740
1558376220.879;200;0.804;0.804
1558376221.622;200;0.741;0.744
1558376222.350;200;0.726;0.728
1558376223.103;200;0.751;0.752
1558376223.916;200;0.809;0.812
1558376224.647;200;0.728;0.728
1558376225.372;200;0.723;0.724
1558376226.177;200;0.802;0.804
1558376226.989;200;0.809;0.812
1558376227.717;200;0.726;0.728
1558376228.447;200;0.728;0.728
1558376229.191;200;0.740;0.740
1558376230.043;200;0.849;0.848
1558376230.789;200;0.743;0.744
1558376231.520;200;0.729;0.732
1558376232.346;200;0.823;0.824
1558376233.183;200;0.833;0.832
1558376233.932;200;0.744;0.748
1558376234.702;200;0.767;0.768
1558376235.347;200;0.643;0.644
1558376236.185;200;0.836;0.836
1558376236.939;200;0.752;0.752
1558376237.661;200;0.718;0.720
1558376238.407;200;0.744;0.744
1558376239.234;200;0.824;0.824
1558376239.971;200;0.734;0.736
1558376240.702;200;0.728;0.728
1558376241.458;200;0.754;0.756
1558376242.274;200;0.814;0.816
1558376243.041;200;0.764;0.764
1558376243.786;200;0.743;0.744
1558376244.551;200;0.763;0.764
1558376245.396;200;0.841;0.844
1558376246.135;200;0.736;0.736
1558376246.865;200;0.728;0.728
1558376247.632;200;0.765;0.768
1558376248.455;200;0.820;0.820
1558376249.192;200;0.734;0.736
1558376249.948;200;0.752;0.756
1558376250.691;200;0.740;0.740
1558376251.535;200;0.840;0.840
1558376252.251;200;0.714;0.712
1558376252.978;200;0.723;0.724
1558376253.744;200;0.764;0.764
1558376254.555;200;0.808;0.808
1558376255.291;200;0.733;0.732
1558376256.042;200;0.748;0.748
1558376256.814;200;0.770;0.772
1558376257.652;200;0.836;0.840
1558376258.396;200;0.740;0.740
1558376259.119;200;0.720;0.724
1558376259.866;200;0.744;0.744
1558376260.697;200;0.828;0.832
1558376261.459;200;0.758;0.760
1558376262.167;200;0.705;0.704
1558376262.961;200;0.791;0.792
1558376263.823;200;0.860;0.860
1558376264.595;200;0.769;0.768
1558376265.296;200;0.698;0.696
1558376266.059;200;0.759;0.760
1558376266.896;200;0.834;0.832
1558376267.649;200;0.751;0.752
1558376268.366;200;0.714;0.716
1558376269.116;200;0.748;0.752
1558376269.930;200;0.811;0.812
1558376270.677;200;0.745;0.748
1558376271.413;200;0.734;0.736
1558376272.168;200;0.745;0.748
1558376272.999;200;0.829;0.828
1558376273.752;200;0.750;0.748
1558376274.481;200;0.724;0.728
1558376275.282;200;0.798;0.800
1558376276.099;200;0.815;0.816
1558376276.826;200;0.724;0.724
1558376277.567;200;0.739;0.740
1558376278.322;200;0.753;0.756
1558376279.126;200;0.802;0.804
1558376279.919;200;0.791;0.792
1558376280.621;200;0.699;0.696
1558376281.391;200;0.768;0.768
1558376282.235;200;0.841;0.840
1558376282.976;200;0.739;0.736
1558376283.703;200;0.724;0.724
1558376284.471;200;0.763;0.764
1558376285.342;200;0.868;0.868
1558376286.094;200;0.747;0.748
1558376286.830;200;0.734;0.736
1558376287.606;200;0.774;0.776
1558376288.471;200;0.863;0.864
1558376289.197;200;0.723;0.724
1558376289.898;200;0.699;0.700
1558376290.670;200;0.768;0.768
1558376291.515;200;0.844;0.844
1558376292.257;200;0.740;0.740
1558376292.980;200;0.721;0.720
1558376293.739;200;0.756;0.756
1558376294.567;200;0.824;0.824
1558376295.285;200;0.715;0.716
1558376296.020;200;0.733;0.736
1558376296.776;200;0.753;0.756
1558376297.593;200;0.814;0.812
1558376298.342;200;0.747;0.748
1558376299.063;200;0.719;0.720
1558376299.854;200;0.787;0.788
1558376300.688;200;0.832;0.836
1558376301.419;200;0.730;0.728
1558376302.168;200;0.743;0.748
1558376302.944;200;0.769;0.772
1558376303.770;200;0.824;0.824
1558376304.518;200;0.745;0.744
1558376305.243;200;0.723;0.724
1558376306.018;200;0.771;0.772
1558376306.838;200;0.818;0.820
1558376307.602;200;0.762;0.764
1558376308.319;200;0.714;0.716
1558376309.083;200;0.762;0.760
1558376309.889;200;0.803;0.804
1558376310.620;200;0.729;0.732
1558376311.356;200;0.733;0.736
1558376312.106;200;0.747;0.748
1558376312.940;200;0.832;0.836
1558376313.711;200;0.768;0.768
1558376314.435;200;0.721;0.720
1558376315.242;200;0.803;0.804
1558376316.043;200;0.799;0.800
1558376316.766;200;0.721;0.720
1558376317.499;200;0.729;0.728
1558376318.267;200;0.764;0.764
1558376319.099;200;0.830;0.828
1558376319.823;200;0.722;0.724
1558376320.564;200;0.738;0.740
1558376321.344;200;0.778;0.776
1558376322.153;200;0.806;0.808
1558376322.931;200;0.776;0.776
1558376323.669;200;0.734;0.736
1558376324.402;200;0.730;0.732
1558376325.194;200;0.789;0.792
1558376325.924;200;0.728;0.732
1558376326.685;200;0.758;0.760
1558376327.444;200;0.757;0.756
1558376328.266;200;0.820;0.820
1558376329.003;200;0.735;0.736
1558376329.744;200;0.738;0.736
1558376330.542;200;0.793;0.796
1558376331.391;200;0.845;0.844
1558376332.169;200;0.775;0.772
1558376332.952;200;0.777;0.780
1558376333.715;200;0.761;0.760
1558376334.540;200;0.821;0.824
1558376335.280;200;0.738;0.736
1558376336.009;200;0.726;0.728
1558376336.792;200;0.781;0.784
1558376337.626;200;0.830;0.832
1558376338.350;200;0.721;0.724
1558376339.083;200;0.731;0.732
1558376339.802;200;0.717;0.720
1558376340.639;200;0.835;0.836
1558376341.375;200;0.734;0.736
1558376342.098;200;0.720;0.720
1558376342.889;200;0.789;0.792
1558376343.692;200;0.801;0.800
1558376344.409;200;0.713;0.716
1558376345.144;200;0.733;0.736
1558376345.899;200;0.752;0.752
1558376346.696;200;0.793;0.792
1558376347.437;200;0.739;0.740
1558376348.153;200;0.714;0.716
1558376348.907;200;0.752;0.752
1558376349.740;200;0.830;0.832
1558376350.478;200;0.735;0.736
1558376351.199;200;0.718;0.716
1558376351.993;200;0.792;0.792
1558376352.810;200;0.815;0.816
1558376353.535;200;0.722;0.724
1558376354.290;200;0.752;0.752
1558376355.048;200;0.755;0.756
1558376355.884;200;0.833;0.836
1558376356.656;200;0.769;0.772
1558376357.377;200;0.719;0.720
1558376358.162;200;0.782;0.784
1558376358.987;200;0.822;0.824
1558376359.710;200;0.719;0.720
1558376360.432;200;0.719;0.716
1558376361.228;200;0.793;0.796
1558376362.117;200;0.886;0.888
1558376362.864;200;0.741;0.744
1558376363.578;200;0.710;0.712
1558376364.350;200;0.768;0.768
1558376365.194;200;0.842;0.844
1558376365.925;200;0.729;0.732
1558376366.605;200;0.678;0.680
1558376367.411;200;0.804;0.804
1558376368.223;200;0.810;0.812
1558376368.977;200;0.750;0.752
1558376369.689;200;0.709;0.712
1558376370.482;200;0.791;0.792
1558376371.295;200;0.811;0.812
1558376372.029;200;0.732;0.732
1558376372.754;200;0.724;0.724
1558376373.511;200;0.755;0.756
1558376374.323;200;0.808;0.808
1558376375.059;200;0.734;0.736
1558376375.769;200;0.707;0.708
1558376376.526;200;0.755;0.756
1558376377.763;200;1.234;1.236
1558376378.489;200;0.722;0.724
1558376379.206;200;0.715;0.716
1558376379.914;200;0.706;0.708
1558376380.766;200;0.850;0.852
1558376381.509;200;0.740;0.744
1558376382.231;200;0.719;0.720
1558376383.011;200;0.777;0.776
1558376383.831;200;0.817;0.816
1558376384.617;200;0.783;0.784
1558376385.304;200;0.685;0.684
1558376386.133;200;0.827;0.828
1558376386.935;200;0.800;0.800
1558376387.647;200;0.709;0.708
1558376388.378;200;0.730;0.732
1558376389.125;200;0.744;0.748
1558376389.937;200;0.810;0.812
1558376390.691;200;0.752;0.752
1558376391.461;200;0.767;0.764
1558376392.238;200;0.775;0.776
1558376393.065;200;0.824;0.828
1558376393.797;200;0.730;0.732
1558376394.514;200;0.715;0.716
1558376395.299;200;0.782;0.784
1558376396.107;200;0.806;0.804
1558376396.845;200;0.733;0.736
1558376397.569;200;0.722;0.724
1558376398.318;200;0.744;0.744
1558376399.148;200;0.827;0.828
1558376399.887;200;0.737;0.736
1558376400.591;200;0.701;0.700
1558376401.367;200;0.773;0.772
1558376402.223;200;0.853;0.852
1558376402.993;200;0.767;0.764
1558376403.712;200;0.717;0.720
1558376404.491;200;0.776;0.776
1558376405.286;200;0.792;0.792
1558376406.059;200;0.771;0.772
1558376406.819;200;0.757;0.756
1558376407.597;200;0.774;0.776
1558376408.421;200;0.822;0.824
1558376409.163;200;0.740;0.740
1558376409.966;200;0.799;0.800
1558376410.698;200;0.730;0.732
1558376411.503;200;0.804;0.804
1558376412.249;200;0.743;0.744
1558376413.056;200;0.805;0.804
1558376413.818;200;0.760;0.760
1558376414.676;200;0.854;0.852
1558376415.421;200;0.743;0.740
1558376416.155;200;0.732;0.732
1558376416.902;200;0.745;0.744
1558376417.703;200;0.799;0.800
1558376418.461;200;0.756;0.756
1558376419.197;200;0.735;0.736
1558376420.036;200;0.837;0.840
1558376420.866;200;0.828;0.828
1558376421.607;200;0.740;0.740
1558376422.334;200;0.725;0.724
1558376423.081;200;0.745;0.748
1558376423.981;200;0.899;0.900
1558376424.724;200;0.741;0.740
1558376425.450;200;0.725;0.724
1558376426.305;200;0.851;0.852
1558376427.109;200;0.802;0.804
1558376427.834;200;0.723;0.724
1558376428.571;200;0.735;0.736
1558376429.325;200;0.752;0.756
1558376430.168;200;0.841;0.840
1558376430.919;200;0.749;0.748
1558376431.677;200;0.755;0.756
1558376432.472;200;0.793;0.792
1558376433.286;200;0.810;0.812
1558376434.025;200;0.736;0.740
1558376434.721;200;0.694;0.696
1558376435.482;200;0.759;0.760
1558376436.338;200;0.854;0.856
1558376437.078;200;0.738;0.740
1558376437.788;200;0.708;0.708
1558376438.558;200;0.767;0.768
1558376439.361;200;0.801;0.804
1558376440.086;200;0.721;0.720
1558376440.786;200;0.698;0.700
1558376441.600;200;0.811;0.812
1558376442.415;200;0.812;0.812
1558376443.156;200;0.737;0.736
1558376443.879;200;0.720;0.720
1558376444.642;200;0.761;0.760
1558376445.471;200;0.827;0.828
1558376446.228;200;0.755;0.752
1558376446.952;200;0.721;0.720
1558376447.728;200;0.770;0.768
1558376448.576;200;0.846;0.844
1558376449.311;200;0.733;0.732
1558376450.049;200;0.736;0.740
1558376450.818;200;0.767;0.768
1558376451.659;200;0.839;0.840
1558376452.421;200;0.760;0.760
1558376453.158;200;0.735;0.736
1558376453.923;200;0.762;0.760
1558376454.723;200;0.793;0.792
1558376455.464;200;0.738;0.736
1558376456.163;200;0.696;0.696
1558376456.915;200;0.750;0.752
1558376457.763;200;0.844;0.844
1558376458.517;200;0.751;0.752
1558376459.266;200;0.746;0.748
1558376460.025;200;0.756;0.756
1558376460.869;200;0.841;0.840
1558376461.604;200;0.734;0.732
1558376462.359;200;0.751;0.752
1558376463.159;200;0.797;0.796
1558376464.011;200;0.848;0.848
1558376464.758;200;0.745;0.744
1558376465.530;200;0.770;0.772
1558376466.275;200;0.741;0.740
1558376467.081;200;0.804;0.804
1558376467.819;200;0.736;0.736
1558376468.568;200;0.745;0.744
1558376469.349;200;0.778;0.780
1558376470.163;200;0.812;0.812
1558376470.910;200;0.744;0.744
1558376471.652;200;0.739;0.740
1558376472.434;200;0.779;0.780
1558376473.266;200;0.831;0.832
1558376474.015;200;0.745;0.744
1558376474.770;200;0.752;0.752
1558376475.486;200;0.713;0.712
1558376476.284;200;0.796;0.796
1558376477.013;200;0.726;0.724
1558376477.749;200;0.734;0.736
1558376478.449;200;0.699;0.700
1558376479.293;200;0.842;0.840
1558376480.033;200;0.738;0.740
1558376480.805;200;0.770;0.772
1558376481.533;200;0.726;0.728
1558376482.312;200;0.777;0.776
1558376483.049;200;0.735;0.736
1558376483.776;200;0.726;0.724
1558376484.499;200;0.721;0.720
1558376485.322;200;0.821;0.820
1558376486.055;200;0.732;0.732
1558376486.846;200;0.759;0.760
1558376487.653;200;0.806;0.808
1558376488.422;200;0.767;0.768
1558376489.133;200;0.710;0.712
1558376489.869;200;0.734;0.736
1558376490.660;200;0.790;0.788
1558376491.447;200;0.785;0.784
1558376492.181;200;0.731;0.732
1558376492.915;200;0.732;0.732
1558376493.676;200;0.759;0.760
1558376494.466;200;0.788;0.788
1558376495.200;200;0.732;0.736
1558376495.923;200;0.721;0.720
1558376496.730;200;0.804;0.804
1558376497.517;200;0.783;0.784
1558376498.265;200;0.747;0.748
1558376498.990;200;0.724;0.724
1558376499.746;200;0.754;0.756
1558376500.591;200;0.842;0.840
1558376501.329;200;0.735;0.732
1558376502.075;200;0.745;0.744
1558376502.874;200;0.798;0.800
1558376503.667;200;0.790;0.792
1558376504.443;200;0.773;0.772
1558376505.160;200;0.713;0.712
1558376505.926;200;0.761;0.764
1558376506.746;200;0.818;0.820
1558376507.477;200;0.728;0.728
1558376508.215;200;0.736;0.736
1558376508.960;200;0.743;0.744
1558376509.751;200;0.788;0.788
1558376510.471;200;0.718;0.720
1558376511.246;200;0.773;0.772
1558376512.001;200;0.754;0.752
1558376512.829;200;0.827;0.828
1558376513.575;200;0.744;0.744
1558376514.302;200;0.724;0.724
1558376515.024;200;0.720;0.720
1558376515.819;200;0.793;0.792
1558376516.581;200;0.755;0.756
1558376517.295;200;0.712;0.712
1558376518.080;200;0.782;0.780
1558376518.855;200;0.773;0.772
1558376519.583;200;0.727;0.728
1558376520.291;200;0.706;0.704
1558376521.058;200;0.764;0.764
1558376521.857;200;0.797;0.796
1558376522.606;200;0.748;0.748
1558376523.322;200;0.714;0.716
1558376524.172;200;0.848;0.848
1558376524.987;200;0.812;0.812
1558376525.740;200;0.749;0.748
1558376526.451;200;0.709;0.708
1558376527.217;200;0.763;0.764
1558376528.038;200;0.819;0.820
1558376528.782;200;0.743;0.744
1558376529.534;200;0.751;0.752
1558376530.319;200;0.784;0.784
1558376531.090;200;0.769;0.772
1558376531.831;200;0.740;0.740
1558376532.543;200;0.711;0.712
1558376533.329;200;0.784;0.789
1558376534.171;200;0.837;0.836
1558376534.918;200;0.745;0.744
1558376535.679;200;0.758;0.760
1558376536.423;200;0.741;0.740
1558376537.230;200;0.805;0.804
1558376537.997;200;0.765;0.768
1558376538.726;200;0.727;0.728
1558376539.526;200;0.798;0.800
1558376540.339;200;0.811;0.812
1558376541.031;200;0.690;0.692
1558376541.774;200;0.740;0.740
1558376542.570;200;0.794;0.796
1558376543.399;200;0.827;0.828
1558376544.143;200;0.742;0.744
1558376544.880;200;0.734;0.732
1558376545.628;200;0.745;0.744
1558376546.490;200;0.857;0.860
1558376547.217;200;0.725;0.724
1558376547.924;200;0.705;0.704
1558376548.671;200;0.744;0.744
1558376549.497;200;0.824;0.824
1558376550.219;200;0.720;0.720
1558376550.934;200;0.713;0.712
1558376551.683;200;0.747;0.748
1558376552.480;200;0.795;0.792
1558376553.209;200;0.727;0.728
1558376553.914;200;0.703;0.704
1558376554.677;200;0.761;0.764
1558376555.476;200;0.796;0.796
1558376556.190;200;0.712;0.712
1558376556.913;200;0.721;0.724
1558376557.712;200;0.796;0.796
1558376558.578;200;0.863;0.864
1558376559.335;200;0.755;0.756
1558376560.042;200;0.706;0.708
1558376560.823;200;0.779;0.780
1558376561.650;200;0.825;0.828
1558376562.403;200;0.752;0.752
1558376563.150;200;0.744;0.744
1558376563.921;200;0.768;0.772
1558376564.766;200;0.843;0.844
1558376565.505;200;0.737;0.736
1558376566.259;200;0.752;0.752
1558376567.020;200;0.758;0.756
1558376567.845;200;0.823;0.824
1558376568.581;200;0.734;0.736
1558376569.298;200;0.715;0.716
1558376570.047;200;0.745;0.744
1558376570.881;200;0.832;0.836
1558376571.623;200;0.741;0.740
1558376572.386;200;0.760;0.760
1558376573.126;200;0.737;0.740
1558376573.928;200;0.800;0.804
1558376574.660;200;0.729;0.728
1558376575.384;200;0.720;0.720
1558376576.142;200;0.756;0.756
1558376576.950;200;0.806;0.808
1558376577.683;200;0.732;0.732
1558376578.415;200;0.729;0.728
1558376579.175;200;0.758;0.756
1558376580.017;200;0.839;0.836
1558376580.754;200;0.735;0.736
1558376581.452;200;0.696;0.696
1558376582.241;200;0.787;0.788
1558376583.053;200;0.810;0.812
1558376583.798;200;0.744;0.744
1558376584.526;200;0.723;0.724
1558376585.294;200;0.767;0.768
1558376586.102;200;0.806;0.808
1558376586.857;200;0.751;0.748
1558376587.603;200;0.744;0.744
1558376588.390;200;0.784;0.784
1558376589.241;200;0.842;0.844
1558376589.985;200;0.742;0.744
1558376590.698;200;0.711;0.712
1558376591.482;200;0.780;0.780
1558376592.291;200;0.807;0.808
1558376593.042;200;0.744;0.744
1558376593.779;200;0.735;0.736
1558376594.525;200;0.743;0.744
1558376595.371;200;0.845;0.844
1558376596.122;200;0.749;0.748
1558376596.832;200;0.709;0.708
1558376597.593;200;0.758;0.760
1558376598.383;200;0.788;0.788
1558376599.077;200;0.692;0.692
1558376599.800;200;0.720;0.720
1558376600.562;200;0.760;0.760
1558376601.387;200;0.823;0.824
1558376602.133;200;0.744;0.740
1558376602.867;200;0.732;0.732
1558376603.668;200;0.798;0.796
1558376604.491;200;0.817;0.816
1558376605.221;200;0.727;0.728
1558376605.942;200;0.719;0.720
1558376606.712;200;0.766;0.764
1558376607.524;200;0.810;0.808
1558376608.258;200;0.731;0.732
1558376609.002;200;0.741;0.744
1558376609.797;200;0.793;0.792
1558376610.619;200;0.820;0.820
1558376611.349;200;0.727;0.724
1558376612.071;200;0.720;0.720
1558376612.827;200;0.753;0.752
1558376613.659;200;0.829;0.828
1558376614.425;200;0.764;0.768
1558376615.157;200;0.730;0.732
1558376615.913;200;0.754;0.756
1558376616.720;200;0.806;0.804
1558376617.448;200;0.727;0.724
1558376618.167;200;0.717;0.716
1558376618.920;200;0.751;0.752
1558376619.728;200;0.806;0.804
1558376620.506;200;0.775;0.776
1558376621.254;200;0.745;0.748
1558376622.018;200;0.763;0.764
1558376622.840;200;0.820;0.820
1558376623.585;200;0.743;0.740
1558376624.309;200;0.722;0.724
1558376625.083;200;0.773;0.772
1558376625.907;200;0.821;0.820
1558376626.659;200;0.750;0.748
1558376627.392;200;0.730;0.728
1558376628.112;200;0.719;0.716
1558376628.932;200;0.817;0.816
1558376629.675;200;0.738;0.740
1558376630.381;200;0.703;0.704
1558376631.180;200;0.797;0.796
1558376632.023;200;0.840;0.840
1558376632.749;200;0.723;0.724
1558376633.489;200;0.738;0.740
1558376634.246;200;0.755;0.756
1558376635.069;200;0.822;0.824
1558376635.817;200;0.746;0.748
1558376636.557;200;0.739;0.740
1558376637.409;200;0.849;0.852
1558376638.194;200;0.783;0.784
1558376638.922;200;0.727;0.728
1558376639.640;200;0.716;0.716
1558376640.385;200;0.742;0.744
1558376641.192;200;0.804;0.804
1558376641.915;200;0.721;0.720
1558376642.640;200;0.722;0.720
1558376643.442;200;0.800;0.800
1558376644.255;200;0.809;0.808
1558376645.024;200;0.767;0.764
1558376645.774;200;0.748;0.748
1558376646.568;200;0.791;0.792
1558376647.379;200;0.809;0.808
1558376648.123;200;0.742;0.744
1558376648.861;200;0.735;0.736
1558376649.573;200;0.710;0.712
1558376650.342;200;0.767;0.768
1558376651.060;200;0.716;0.716
1558376651.794;200;0.730;0.732
1558376652.568;200;0.773;0.772
1558376653.373;200;0.802;0.804
1558376654.130;200;0.754;0.756
1558376654.846;200;0.714;0.716
1558376655.589;200;0.741;0.744
1558376656.431;200;0.840;0.840
1558376657.161;200;0.728;0.728
1558376657.899;200;0.736;0.736
1558376658.656;200;0.755;0.752
1558376659.474;200;0.816;0.816
1558376660.204;200;0.728;0.728
1558376660.942;200;0.736;0.736
1558376661.687;200;0.744;0.744
1558376662.501;200;0.811;0.808
1558376663.234;200;0.732;0.732
1558376663.951;200;0.714;0.712
1558376664.714;200;0.760;0.760
1558376665.557;200;0.840;0.844
1558376666.279;200;0.721;0.720
1558376666.998;200;0.715;0.716
1558376667.765;200;0.766;0.768
1558376668.592;200;0.825;0.824
1558376669.322;200;0.724;0.724
1558376670.027;200;0.703;0.704
1558376670.746;200;0.717;0.720
1558376671.590;200;0.843;0.844
1558376672.356;200;0.764;0.764
1558376673.074;200;0.716;0.716
1558376673.840;200;0.763;0.764
1558376674.696;200;0.853;0.852
1558376675.434;200;0.736;0.736
1558376676.177;200;0.741;0.740
1558376676.857;200;0.678;0.680
1558376677.637;200;0.778;0.780
1558376678.378;200;0.740;0.740
1558376679.085;200;0.704;0.708
1558376679.850;200;0.764;0.764
1558376680.663;200;0.810;0.808
1558376681.385;200;0.721;0.720
1558376682.094;200;0.707;0.708
1558376682.902;200;0.806;0.808
1558376683.704;200;0.800;0.800
1558376684.447;200;0.740;0.740
1558376685.197;200;0.747;0.748
1558376685.947;200;0.748;0.748
1558376686.784;200;0.835;0.836
1558376687.592;200;0.802;0.800
1558376688.326;200;0.732;0.732
1558376689.072;200;0.745;0.744
1558376689.870;200;0.796;0.796
1558376690.618;200;0.746;0.748
1558376691.356;200;0.736;0.736
1558376692.055;200;0.697;0.696
1558376692.887;200;0.829;0.828
1558376693.648;200;0.759;0.756
1558376694.363;200;0.712;0.712
1558376695.115;200;0.751;0.752
1558376695.932;200;0.816;0.816
1558376696.659;200;0.725;0.724
1558376697.382;200;0.719;0.720
1558376698.132;200;0.749;0.748
1558376698.927;200;0.793;0.792
1558376699.647;200;0.718;0.716
1558376700.363;200;0.712;0.712
1558376701.146;200;0.781;0.784
1558376701.951;200;0.803;0.804
1558376702.711;200;0.757;0.756
1558376703.422;200;0.707;0.708
1558376704.191;200;0.767;0.768
1558376705.010;200;0.817;0.820
1558376705.745;200;0.733;0.732
1558376706.482;200;0.735;0.736
1558376707.241;200;0.758;0.760
1558376708.074;200;0.830;0.832
1558376708.814;200;0.738;0.740
1558376709.546;200;0.730;0.732
1558376710.258;200;0.708;0.708
1558376711.095;200;0.835;0.836
1558376711.845;200;0.746;0.748
1558376712.561;200;0.714;0.716
1558376713.321;200;0.756;0.760
1558376714.138;200;0.812;0.812
1558376714.883;200;0.743;0.744
1558376715.587;200;0.701;0.700
1558376716.342;200;0.753;0.756
1558376717.182;200;0.836;0.836
1558376717.913;200;0.729;0.732
1558376718.647;200;0.732;0.732
1558376719.475;200;0.825;0.824
1558376720.290;200;0.812;0.812
1558376721.047;200;0.755;0.756
1558376721.767;200;0.717;0.716
1558376722.418;200;0.647;0.648
1558376723.245;200;0.825;0.828
1558376724.023;200;0.776;0.776
1558376724.750;200;0.725;0.724
1558376725.478;200;0.723;0.724
1558376726.287;200;0.808;0.808
1558376727.030;200;0.740;0.740
1558376727.766;200;0.735;0.736
1558376728.522;200;0.753;0.756
1558376729.350;200;0.825;0.828
1558376730.091;200;0.740;0.740
1558376730.815;200;0.719;0.720
1558376731.577;200;0.760;0.760
1558376732.421;200;0.842;0.840
1558376733.170;200;0.747;0.748
1558376733.895;200;0.722;0.724
1558376734.683;200;0.785;0.784
1558376735.496;200;0.810;0.808
1558376736.205;200;0.707;0.704
1558376736.942;200;0.735;0.736
1558376737.705;200;0.760;0.764
1558376738.549;200;0.842;0.840
1558376739.295;200;0.744;0.744
1558376740.011;200;0.713;0.712
1558376740.794;200;0.779;0.780
1558376741.627;200;0.832;0.832
1558376742.364;200;0.734;0.732
1558376743.073;200;0.706;0.708
1558376743.823;200;0.748;0.748
1558376744.638;200;0.809;0.808
1558376745.376;200;0.733;0.732
1558376746.104;200;0.726;0.724
1558376746.840;200;0.734;0.732
1558376747.661;200;0.818;0.816
1558376748.454;200;0.792;0.792
1558376749.190;200;0.734;0.736
1558376749.955;200;0.763;0.764
1558376750.746;200;0.788;0.788
1558376751.519;200;0.771;0.772
1558376752.241;200;0.720;0.724
1558376753.001;200;0.758;0.760
1558376753.817;200;0.815;0.812
1558376754.583;200;0.764;0.764
1558376755.307;200;0.722;0.720
1558376755.962;200;0.653;0.656
1558376756.764;200;0.800;0.800
1558376757.557;200;0.791;0.792
1558376758.307;200;0.748;0.748
1558376759.049;200;0.740;0.740
1558376759.850;200;0.799;0.800
1558376760.599;200;0.748;0.748
1558376761.336;200;0.733;0.732
1558376762.095;200;0.757;0.756
1558376762.910;200;0.811;0.812
1558376763.656;200;0.745;0.744
1558376764.425;200;0.764;0.764
1558376765.194;200;0.767;0.768
1558376766.024;200;0.829;0.828
1558376766.752;200;0.726;0.724
1558376767.481;200;0.727;0.728
1558376768.212;200;0.729;0.728
1558376769.026;200;0.812;0.812
1558376769.778;200;0.751;0.752
1558376770.505;200;0.725;0.724
1558376771.266;200;0.759;0.760
1558376772.048;200;0.779;0.780
1558376772.801;200;0.751;0.748
1558376773.530;200;0.727;0.728
1558376774.298;200;0.766;0.768
1558376775.144;200;0.842;0.840
1558376775.911;200;0.765;0.764
1558376776.623;200;0.710;0.712
1558376777.370;200;0.743;0.744
1558376778.179;200;0.808;0.808
1558376778.924;200;0.742;0.740
1558376779.690;200;0.763;0.764
1558376780.471;200;0.780;0.780
1558376781.292;200;0.819;0.820
1558376782.038;200;0.744;0.744
1558376782.768;200;0.729;0.728
1558376783.519;200;0.737;0.736
1558376784.339;200;0.817;0.816
1558376785.084;200;0.743;0.744
1558376785.821;200;0.735;0.732
1558376786.609;200;0.786;0.784
1558376787.442;200;0.832;0.832
1558376788.183;200;0.740;0.740
1558376788.908;200;0.723;0.720
1558376789.686;200;0.776;0.776
1558376790.506;200;0.819;0.820
1558376791.226;200;0.718;0.720
1558376791.979;200;0.751;0.752
1558376792.718;200;0.738;0.740
1558376793.582;200;0.862;0.864
1558376794.331;200;0.745;0.744
1558376795.078;200;0.744;0.744
1558376795.854;200;0.774;0.776
1558376796.701;200;0.845;0.848
1558376797.443;200;0.740;0.740
1558376798.167;200;0.722;0.724
1558376798.914;200;0.744;0.744
1558376799.742;200;0.826;0.828
1558376800.477;200;0.733;0.732
1558376801.193;200;0.714;0.716
1558376802.017;200;0.822;0.820
1558376802.856;200;0.837;0.836
1558376803.603;200;0.744;0.744
1558376804.321;200;0.714;0.716
1558376805.074;200;0.751;0.752
1558376805.926;200;0.850;0.852
1558376806.649;200;0.722;0.720
1558376807.327;200;0.676;0.676
1558376808.080;200;0.751;0.752
1558376808.907;200;0.823;0.824
1558376809.641;200;0.731;0.732
1558376810.360;200;0.716;0.716
1558376811.133;200;0.771;0.772
1558376811.949;200;0.814;0.812
1558376812.679;200;0.729;0.728
1558376813.447;200;0.766;0.764
1558376814.226;200;0.776;0.776
1558376815.047;200;0.819;0.820
1558376815.794;200;0.745;0.744
1558376816.518;200;0.722;0.724
1558376817.280;200;0.759;0.760
1558376818.087;200;0.805;0.804
1558376818.825;200;0.735;0.732
1558376819.566;200;0.739;0.740
1558376820.339;200;0.771;0.772
1558376821.200;200;0.858;0.856
1558376821.945;200;0.738;0.736
1558376822.652;200;0.705;0.704
1558376823.402;200;0.748;0.748
1558376824.198;200;0.794;0.796
1558376824.930;200;0.731;0.732
1558376825.682;200;0.751;0.752
1558376826.486;200;0.803;0.804
1558376827.275;200;0.787;0.788
1558376828.031;200;0.755;0.756
1558376828.758;200;0.726;0.728
1558376829.513;200;0.753;0.752
1558376830.337;200;0.822;0.820
1558376831.069;200;0.730;0.732
1558376831.798;200;0.727;0.728
1558376832.597;200;0.797;0.796
1558376833.416;200;0.817;0.816
1558376834.165;200;0.747;0.748
1558376834.931;200;0.764;0.764
1558376835.683;200;0.749;0.748
1558376836.498;200;0.813;0.812
1558376837.266;200;0.766;0.768
1558376838.001;200;0.732;0.728
1558376838.697;200;0.694;0.696
1558376839.563;200;0.864;0.864
1558376840.299;200;0.733;0.732
1558376841.063;200;0.763;0.764
1558376841.828;200;0.763;0.764
1558376842.637;200;0.807;0.804
1558376843.359;200;0.721;0.720
1558376844.072;200;0.709;0.708
1558376844.814;200;0.740;0.740
1558376845.660;200;0.844;0.845
1558376846.365;200;0.703;0.704
1558376847.084;200;0.717;0.716
1558376847.848;200;0.762;0.760
1558376848.627;200;0.777;0.780
1558376849.386;200;0.757;0.760
1558376850.113;200;0.725;0.724
1558376850.843;200;0.729;0.728
1558376851.662;200;0.817;0.820
1558376852.401;200;0.737;0.736
1558376853.125;200;0.723;0.724
1558376853.901;200;0.775;0.776
1558376854.763;200;0.859;0.864
1558376855.500;200;0.734;0.736
1558376856.224;200;0.722;0.724
1558376856.966;200;0.740;0.744
1558376857.793;200;0.826;0.824
1558376858.516;200;0.721;0.724
1558376859.274;200;0.756;0.760
1558376860.014;200;0.739;0.740
1558376860.817;200;0.799;0.796
1558376861.545;200;0.727;0.728
1558376862.295;200;0.748;0.752
1558376863.061;200;0.764;0.764
1558376863.882;200;0.818;0.820
1558376864.639;200;0.754;0.756
1558376865.350;200;0.710;0.708
1558376866.090;200;0.739;0.744
1558376866.898;200;0.807;0.808
1558376867.657;200;0.758;0.756
1558376868.365;200;0.707;0.704
1558376869.102;200;0.736;0.740
1558376869.907;200;0.803;0.804
1558376870.647;200;0.737;0.740
1558376871.390;200;0.739;0.740
1558376872.174;200;0.782;0.784
1558376873.003;200;0.827;0.828
1558376873.745;200;0.740;0.740
1558376874.447;200;0.699;0.704
1558376875.198;200;0.748;0.752
1558376876.017;200;0.817;0.816
1558376876.746;200;0.727;0.732
1558376877.451;200;0.703;0.700
1558376878.168;200;0.714;0.716
1558376878.977;200;0.807;0.812
1558376879.716;200;0.736;0.736
1558376880.446;200;0.728;0.732
1558376881.198;200;0.750;0.752
1558376882.020;200;0.820;0.820
1558376882.756;200;0.734;0.736
1558376883.521;200;0.763;0.760
1558376884.296;200;0.771;0.772
1558376885.141;200;0.843;0.844
1558376885.865;200;0.722;0.724
1558376886.607;200;0.741;0.744
1558376887.232;200;0.622;0.620
1558376888.040;200;0.805;0.804
1558376888.778;200;0.736;0.740
1558376889.496;200;0.716;0.716
1558376890.285;200;0.787;0.788
1558376891.104;200;0.818;0.820
1558376891.863;200;0.757;0.756
1558376892.586;200;0.721;0.728
1558376893.369;200;0.782;0.784
1558376894.181;200;0.808;0.808
1558376894.931;200;0.749;0.752
1558376895.651;200;0.717;0.720
1558376896.390;200;0.737;0.740
1558376897.203;200;0.812;0.812
1558376897.970;200;0.762;0.768
1558376898.719;200;0.747;0.748
1558376899.507;200;0.785;0.784
1558376900.296;200;0.786;0.788
1558376901.048;200;0.750;0.752
1558376901.801;200;0.750;0.752
1558376902.558;200;0.755;0.760
1558376903.377;200;0.816;0.820
1558376904.128;200;0.748;0.748
1558376904.856;200;0.725;0.728
1558376905.618;200;0.760;0.764
1558376906.410;200;0.788;0.788
1558376907.156;200;0.744;0.744
1558376907.856;200;0.698;0.700
1558376908.602;200;0.743;0.744
1558376909.409;200;0.806;0.808
1558376910.138;200;0.727;0.728
1558376910.861;200;0.722;0.720
1558376911.601;200;0.738;0.740
1558376912.436;200;0.833;0.836
1558376913.208;200;0.770;0.772
1558376913.942;200;0.732;0.736
1558376914.711;200;0.765;0.768
1558376915.585;200;0.871;0.868
1558376916.314;200;0.727;0.732
1558376917.038;200;0.723;0.720
1558376917.804;200;0.762;0.764
1558376918.663;200;0.857;0.860
1558376919.411;200;0.746;0.748
1558376920.126;200;0.713;0.716
1558376920.884;200;0.756;0.756
1558376921.743;200;0.858;0.860
1558376922.496;200;0.746;0.744
1558376923.221;200;0.723;0.724
1558376923.978;200;0.753;0.760
1558376924.824;200;0.845;0.844
1558376925.564;200;0.739;0.740
1558376926.318;200;0.752;0.756
1558376927.051;200;0.732;0.732
1558376927.852;200;0.799;0.800
1558376928.610;200;0.755;0.760
1558376929.321;200;0.709;0.708
1558376930.038;200;0.716;0.716
1558376930.842;200;0.802;0.804
1558376931.589;200;0.746;0.748
1558376932.299;200;0.709;0.712
1558376933.075;200;0.774;0.776
1558376933.907;200;0.829;0.828
1558376934.659;200;0.750;0.752
1558376935.385;200;0.724;0.724
1558376936.109;200;0.722;0.724
1558376936.952;200;0.841;0.844
1558376937.703;200;0.749;0.752
1558376938.430;200;0.724;0.728
1558376939.159;200;0.726;0.728
1558376940.019;200;0.857;0.860
1558376940.748;200;0.726;0.728
1558376941.491;200;0.741;0.744
1558376942.256;200;0.762;0.764
1558376943.048;200;0.789;0.788
1558376943.797;200;0.746;0.744
1558376944.529;200;0.729;0.732
1558376945.277;200;0.746;0.748
1558376946.090;200;0.810;0.816
1558376946.845;200;0.754;0.748
1558376947.564;200;0.718;0.716
1558376948.366;200;0.801;0.804
1558376949.178;200;0.810;0.816
1558376949.967;200;0.787;0.788
1558376950.696;200;0.725;0.724
1558376951.475;200;0.776;0.780
1558376952.302;200;0.824;0.824
1558376953.045;200;0.742;0.744
1558376953.789;200;0.742;0.744
1558376954.595;200;0.804;0.804
1558376955.455;200;0.858;0.860
1558376956.194;200;0.735;0.736
1558376956.922;200;0.725;0.724
1558376957.588;200;0.665;0.668
1558376958.418;200;0.827;0.824
1558376959.163;200;0.743;0.748
1558376959.881;200;0.716;0.716
1558376960.673;200;0.790;0.792
1558376961.499;200;0.825;0.828
1558376962.235;200;0.734;0.736
1558376962.967;200;0.730;0.732
1558376963.714;200;0.745;0.748
1558376964.522;200;0.804;0.804
1558376965.256;200;0.732;0.736
1558376965.985;200;0.726;0.724
1558376966.765;200;0.779;0.780
1558376967.571;200;0.804;0.808
1558376968.318;200;0.743;0.744
1558376969.056;200;0.735;0.736
1558376969.816;200;0.758;0.756
1558376970.656;200;0.836;0.836
1558376971.389;200;0.730;0.732
1558376972.139;200;0.748;0.752
1558376972.875;200;0.733;0.736
1558376973.688;200;0.811;0.812
1558376974.439;200;0.744;0.748
1558376975.176;200;0.733;0.732
1558376975.932;200;0.754;0.756
1558376976.813;200;0.880;0.880
1558376977.569;200;0.754;0.756
1558376978.281;200;0.710;0.712
1558376979.033;200;0.750;0.748
1558376979.868;200;0.833;0.836
1558376980.594;200;0.724;0.728
1558376981.321;200;0.723;0.724
1558376982.095;200;0.772;0.776
1558376982.937;200;0.840;0.840
1558376983.715;200;0.776;0.780
1558376984.450;200;0.732;0.732
1558376985.174;200;0.723;0.724
1558376986.002;200;0.825;0.828
1558376986.739;200;0.735;0.736
1558376987.441;200;0.699;0.700
1558376988.195;200;0.752;0.756
1558376989.007;200;0.808;0.812
1558376989.759;200;0.750;0.752
1558376990.481;200;0.719;0.720
1558376991.221;200;0.738;0.740
1558376992.053;200;0.831;0.832
1558376992.839;200;0.784;0.788
1558376993.560;200;0.718;0.720
1558376994.312;200;0.749;0.752
1558376995.141;200;0.826;0.828
1558376995.890;200;0.747;0.748
1558376996.627;200;0.733;0.732
1558376997.408;200;0.778;0.780
1558376998.257;200;0.847;0.848
1558376999.009;200;0.750;0.752
1558376999.748;200;0.738;0.740
1558377000.509;200;0.759;0.760
1558377001.357;200;0.846;0.844
1558377002.074;200;0.716;0.716
1558377002.833;200;0.758;0.760
1558377003.594;200;0.759;0.764
1558377004.422;200;0.824;0.828
1558377005.167;200;0.743;0.744
1558377005.905;200;0.736;0.736
1558377006.674;200;0.768;0.768
1558377007.496;200;0.820;0.824
1558377008.221;200;0.723;0.724
1558377008.973;200;0.750;0.752
1558377009.755;200;0.781;0.784
1558377010.551;200;0.794;0.796
1558377011.309;200;0.756;0.756
1558377012.045;200;0.734;0.736
1558377012.799;200;0.752;0.756
1558377013.607;200;0.804;0.808
1558377014.349;200;0.739;0.740
1558377015.083;200;0.732;0.736
1558377015.870;200;0.784;0.784
1558377016.675;200;0.804;0.804
1558377017.409;200;0.730;0.728
1558377018.156;200;0.745;0.748
1558377018.921;200;0.763;0.764
1558377019.756;200;0.833;0.836
1558377020.509;200;0.751;0.752
1558377021.264;200;0.753;0.756
1558377022.047;200;0.781;0.780
1558377022.878;200;0.829;0.832
1558377023.609;200;0.729;0.724
1558377024.341;200;0.730;0.732
1558377025.111;200;0.768;0.772
1558377025.925;200;0.810;0.812
1558377026.676;200;0.749;0.752
1558377027.395;200;0.717;0.720
1558377028.139;200;0.740;0.736
1558377028.960;200;0.816;0.816
1558377029.718;200;0.756;0.760
1558377030.463;200;0.737;0.736
1558377031.230;200;0.764;0.768
1558377032.041;200;0.809;0.808
1558377032.774;200;0.731;0.732
1558377033.525;200;0.749;0.752
1558377034.270;200;0.743;0.748
1558377035.085;200;0.813;0.812
1558377035.831;200;0.744;0.744
1558377036.571;200;0.737;0.740
1558377037.330;200;0.757;0.760
1558377038.209;200;0.877;0.876
1558377038.936;200;0.726;0.728
1558377039.675;200;0.737;0.740
1558377040.411;200;0.735;0.736
1558377041.258;200;0.844;0.848
1558377042.010;200;0.749;0.748
1558377042.749;200;0.737;0.740
1558377043.515;200;0.764;0.768
1558377044.340;200;0.820;0.824
1558377045.082;200;0.739;0.740
1558377045.831;200;0.747;0.752
1558377046.600;200;0.767;0.768
1558377047.437;200;0.835;0.836
1558377048.207;200;0.768;0.772
1558377048.930;200;0.720;0.720
1558377049.677;200;0.746;0.748
1558377050.484;200;0.805;0.808
1558377051.249;200;0.759;0.760
1558377051.983;200;0.732;0.736
1558377052.732;200;0.747;0.748
1558377053.576;200;0.842;0.844
1558377054.338;200;0.759;0.760
1558377055.066;200;0.727;0.728
1558377055.842;200;0.774;0.776
1558377056.651;200;0.808;0.812
1558377057.393;200;0.740;0.740
1558377058.139;200;0.744;0.748
1558377058.938;200;0.795;0.800
1558377059.816;200;0.875;0.872
1558377060.543;200;0.724;0.724
1558377061.293;200;0.748;0.748
1558377062.043;200;0.746;0.748
1558377062.860;200;0.815;0.820
1558377063.605;200;0.743;0.744
1558377064.318;200;0.710;0.712
1558377065.079;200;0.753;0.756
1558377065.875;200;0.794;0.796
1558377066.621;200;0.742;0.744
1558377067.346;200;0.723;0.724
1558377068.138;200;0.790;0.796
1558377068.983;200;0.843;0.844
1558377069.724;200;0.739;0.740
1558377070.486;200;0.760;0.764
1558377071.289;200;0.799;0.800
1558377072.120;200;0.829;0.832
1558377072.874;200;0.751;0.752
1558377073.587;200;0.712;0.716
1558377074.346;200;0.758;0.756
1558377075.195;200;0.848;0.852
1558377075.930;200;0.734;0.736
1558377076.654;200;0.721;0.720
1558377077.380;200;0.723;0.728
1558377078.217;200;0.835;0.836
1558377078.970;200;0.751;0.752
1558377079.681;200;0.709;0.712
1558377080.438;200;0.755;0.760
1558377081.264;200;0.821;0.824
1558377082.001;200;0.724;0.724
1558377082.718;200;0.716;0.716
1558377083.494;200;0.760;0.764
1558377084.316;200;0.816;0.820
1558377085.052;200;0.734;0.736
1558377085.756;200;0.700;0.704
1558377086.566;200;0.807;0.808
1558377087.381;200;0.813;0.816
1558377088.141;200;0.758;0.760
1558377088.895;200;0.753;0.756
1558377089.648;200;0.750;0.748
1558377090.505;200;0.855;0.856
1558377091.241;200;0.734;0.736
1558377091.998;200;0.755;0.756
1558377092.813;200;0.813;0.812
1558377093.645;200;0.830;0.832
1558377094.403;200;0.756;0.756
1558377095.143;200;0.738;0.744
1558377095.915;200;0.770;0.772
1558377096.755;200;0.838;0.840
1558377097.493;200;0.735;0.736
1558377098.216;200;0.720;0.724
1558377098.955;200;0.736;0.740
1558377099.800;200;0.843;0.844
1558377100.559;200;0.757;0.756
1558377101.282;200;0.719;0.720
1558377102.071;200;0.786;0.792
1558377102.895;200;0.822;0.824
1558377103.673;200;0.776;0.776
1558377104.378;200;0.702;0.704
1558377105.123;200;0.743;0.748
1558377105.980;200;0.854;0.856
1558377106.705;200;0.720;0.720
1558377107.357;200;0.649;0.652
1558377108.174;200;0.815;0.816
1558377109.002;200;0.826;0.832
1558377109.736;200;0.732;0.728
1558377110.465;200;0.726;0.724
1558377111.187;200;0.720;0.724
1558377112.055;200;0.864;0.868
1558377112.835;200;0.778;0.780
1558377113.563;200;0.725;0.728
1558377114.351;200;0.785;0.784
1558377115.182;200;0.829;0.836
1558377115.901;200;0.718;0.716
1558377116.649;200;0.746;0.748
1558377117.415;200;0.764;0.768
1558377118.259;200;0.841;0.844
1558377119.003;200;0.742;0.744
1558377119.745;200;0.741;0.740
1558377120.489;200;0.742;0.744
1558377121.359;200;0.868;0.868
1558377122.119;200;0.758;0.760
1558377122.835;200;0.709;0.712
1558377123.579;200;0.741;0.744
1558377124.427;200;0.844;0.848
1558377125.202;200;0.773;0.776
1558377125.932;200;0.727;0.728
1558377126.671;200;0.738;0.740
1558377127.463;200;0.791;0.788
1558377128.201;200;0.732;0.732
1558377128.954;200;0.751;0.752
1558377129.710;200;0.754;0.756
1558377130.534;200;0.822;0.824
1558377131.279;200;0.744;0.748
1558377131.979;200;0.697;0.700
1558377132.765;200;0.784;0.784
1558377133.619;200;0.852;0.856
1558377134.367;200;0.743;0.748
1558377135.046;200;0.677;0.676
1558377135.813;200;0.764;0.764
1558377136.646;200;0.831;0.836
1558377137.401;200;0.751;0.752
1558377138.138;200;0.735;0.736
1558377138.933;200;0.791;0.788
1558377139.775;200;0.840;0.844
1558377140.519;200;0.742;0.744
1558377141.254;200;0.733;0.732
1558377142.011;200;0.756;0.760
1558377142.822;200;0.807;0.808
1558377143.573;200;0.750;0.752
1558377144.328;200;0.753;0.756
1558377145.083;200;0.753;0.756
1558377145.924;200;0.838;0.841
1558377146.674;200;0.748;0.748
1558377147.430;200;0.754;0.756
1558377148.208;200;0.776;0.780
1558377149.022;200;0.811;0.812
1558377149.741;200;0.711;0.712
1558377150.490;200;0.747;0.748
1558377151.249;200;0.757;0.760
1558377152.090;200;0.840;0.840
1558377152.830;200;0.739;0.740
1558377153.556;200;0.725;0.728
1558377154.315;200;0.757;0.760
1558377155.166;200;0.849;0.848
1558377155.879;200;0.711;0.712
1558377156.619;200;0.739;0.744
1558377157.395;200;0.773;0.776
1558377158.198;200;0.801;0.804
1558377158.945;200;0.745;0.744
1558377159.662;200;0.715;0.716
1558377160.414;200;0.751;0.756
1558377161.287;200;0.870;0.872
1558377162.043;200;0.753;0.752
1558377162.754;200;0.708;0.708
1558377163.520;200;0.764;0.768
1558377164.338;200;0.815;0.816
1558377165.075;200;0.735;0.740
1558377165.810;200;0.733;0.736
1558377166.538;200;0.724;0.724
1558377167.355;200;0.815;0.816
1558377168.135;200;0.778;0.784
1558377168.862;200;0.725;0.724
1558377169.619;200;0.754;0.760
1558377170.450;200;0.830;0.828
1558377171.206;200;0.753;0.752
1558377171.945;200;0.738;0.740
1558377172.693;200;0.746;0.748
1558377173.499;200;0.804;0.808
1558377174.277;200;0.775;0.776
1558377175.009;200;0.731;0.732
1558377175.759;200;0.748;0.752
1558377176.595;200;0.834;0.836
1558377177.337;200;0.740;0.740
1558377178.050;200;0.711;0.712
1558377178.830;200;0.778;0.780
1558377179.646;200;0.815;0.816
1558377180.393;200;0.746;0.748
1558377181.093;200;0.698;0.700
1558377181.850;200;0.755;0.756
1558377182.714;200;0.862;0.864
1558377183.477;200;0.762;0.760
1558377184.203;200;0.724;0.728
1558377184.976;200;0.770;0.772
1558377185.779;200;0.800;0.804
1558377186.494;200;0.711;0.712
1558377187.214;200;0.718;0.724
1558377187.940;200;0.723;0.724
1558377188.751;200;0.808;0.812
1558377189.486;200;0.733;0.732
1558377190.210;200;0.722;0.724
1558377190.905;200;0.692;0.692
1558377191.748;200;0.841;0.844
1558377192.493;200;0.743;0.744
1558377193.214;200;0.720;0.720
1558377193.975;200;0.758;0.764
1558377194.815;200;0.838;0.836
1558377195.553;200;0.735;0.736
1558377196.270;200;0.715;0.716
1558377197.027;200;0.755;0.760
1558377197.854;200;0.824;0.824
1558377198.606;200;0.749;0.748
1558377199.338;200;0.728;0.728
1558377200.139;200;0.798;0.800
1558377200.978;200;0.836;0.836
1558377201.725;200;0.744;0.748
1558377202.455;200;0.728;0.732
1558377203.189;200;0.732;0.732
1558377204.031;200;0.840;0.844
