[OVERALL], RunTime(ms), 52733
[OVERALL], Throughput(ops/sec), 1.2136612747236075
[TOTAL_GCS_G1_Young_Generation], Count, 1
[TOTAL_GC_TIME_G1_Young_Generation], Time(ms), 15
[TOTAL_GC_TIME_%_G1_Young_Generation], Time(%), 0.028445186126334555
[TOTAL_GCS_G1_Old_Generation], Count, 0
[TOTAL_GC_TIME_G1_Old_Generation], Time(ms), 0
[TOTAL_GC_TIME_%_G1_Old_Generation], Time(%), 0.0
[TOTAL_GCs], Count, 1
[TOTAL_GC_TIME], Time(ms), 15
[TOTAL_GC_TIME_%], Time(%), 0.028445186126334555
[READ], Operations, 64
[READ], AverageLatency(us), 817056.0
[READ], MinLatency(us), 709120
[READ], MaxLatency(us), 969215
[READ], 95thPercentileLatency(us), 939007
[READ], 99thPercentileLatency(us), 969215
[READ], Return=OK, 64
[CLEANUP], Operations, 1
[CLEANUP], AverageLatency(us), 2.0
[CLEANUP], MinLatency(us), 2
[CLEANUP], MaxLatency(us), 2
[CLEANUP], 95thPercentileLatency(us), 2
[CLEANUP], 99thPercentileLatency(us), 2
