[OVERALL], RunTime(ms), 3936339
[OVERALL], Throughput(ops/sec), 1.2702158020434724
[TOTAL_GCS_G1_Young_Generation], Count, 14
[TOTAL_GC_TIME_G1_Young_Generation], Time(ms), 386
[TOTAL_GC_TIME_%_G1_Young_Generation], Time(%), 0.009806065991775607
[TOTAL_GCS_G1_Old_Generation], Count, 0
[TOTAL_GC_TIME_G1_Old_Generation], Time(ms), 0
[TOTAL_GC_TIME_%_G1_Old_Generation], Time(%), 0.0
[TOTAL_GCs], Count, 14
[TOTAL_GC_TIME], Time(ms), 386
[TOTAL_GC_TIME_%], Time(%), 0.009806065991775607
[READ], Operations, 4997
[READ], AverageLatency(us), 787450.5183109866
[READ], MinLatency(us), 624640
[READ], MaxLatency(us), 976895
[READ], 95thPercentileLatency(us), 870399
[READ], 99thPercentileLatency(us), 901631
[READ], Return=OK, 4997
[READ], Return=SERVICE_UNAVAILABLE, 3
[CLEANUP], Operations, 1
[CLEANUP], AverageLatency(us), 4.0
[CLEANUP], MinLatency(us), 4
[CLEANUP], MaxLatency(us), 4
[CLEANUP], 95thPercentileLatency(us), 4
[CLEANUP], 99thPercentileLatency(us), 4
[READ-FAILED], Operations, 3
[READ-FAILED], AverageLatency(us), 6582.666666666667
[READ-FAILED], MinLatency(us), 5392
[READ-FAILED], MaxLatency(us), 8359
[READ-FAILED], 95thPercentileLatency(us), 8359
[READ-FAILED], 99thPercentileLatency(us), 8359
