[OVERALL], RunTime(ms), 1152647
[OVERALL], Throughput(ops/sec), 1.3013524522251825
[TOTAL_GCS_G1_Young_Generation], Count, 6
[TOTAL_GC_TIME_G1_Young_Generation], Time(ms), 78
[TOTAL_GC_TIME_%_G1_Young_Generation], Time(%), 0.00676703275157095
[TOTAL_GCS_G1_Old_Generation], Count, 0
[TOTAL_GC_TIME_G1_Old_Generation], Time(ms), 0
[TOTAL_GC_TIME_%_G1_Old_Generation], Time(%), 0.0
[TOTAL_GCs], Count, 6
[TOTAL_GC_TIME], Time(ms), 78
[TOTAL_GC_TIME_%], Time(%), 0.00676703275157095
[READ], Operations, 1499
[READ], AverageLatency(us), 768431.5623749166
[READ], MinLatency(us), 656896
[READ], MaxLatency(us), 917503
[READ], 95thPercentileLatency(us), 843263
[READ], 99thPercentileLatency(us), 865279
[READ], Return=OK, 1499
[READ], Return=SERVICE_UNAVAILABLE, 1
[CLEANUP], Operations, 1
[CLEANUP], AverageLatency(us), 4.0
[CLEANUP], MinLatency(us), 4
[CLEANUP], MaxLatency(us), 4
[CLEANUP], 95thPercentileLatency(us), 4
[CLEANUP], 99thPercentileLatency(us), 4
[READ-FAILED], Operations, 1
[READ-FAILED], AverageLatency(us), 8276.0
[READ-FAILED], MinLatency(us), 8272
[READ-FAILED], MaxLatency(us), 8279
[READ-FAILED], 95thPercentileLatency(us), 8279
[READ-FAILED], 99thPercentileLatency(us), 8279
