timestamp;status;request_time;upstream_response_time
1558512879.281;200;0.736;0.736
1558512880.022;200;0.702;0.704
1558512880.775;200;0.749;0.748
1558512881.572;200;0.793;0.792
1558512882.326;200;0.751;0.752
1558512883.053;200;0.696;0.700
1558512883.833;200;0.776;0.780
1558512884.661;200;0.823;0.824
1558512885.418;200;0.754;0.756
1558512886.141;200;0.720;0.720
1558512886.898;200;0.753;0.756
1558512887.681;200;0.779;0.780
1558512888.426;200;0.742;0.744
1558512889.160;200;0.730;0.728
1558512889.930;200;0.766;0.768
1558512890.815;200;0.881;0.880
1558512891.588;200;0.770;0.768
1558512892.292;200;0.700;0.700
1558512893.066;200;0.771;0.772
1558512893.881;200;0.811;0.812
1558512894.644;200;0.758;0.756
1558512895.410;200;0.764;0.764
1558512896.193;200;0.779;0.780
1558512897.024;200;0.828;0.828
1558512897.760;200;0.733;0.732
1558512898.485;200;0.720;0.724
1558512899.229;200;0.740;0.740
1558512900.030;200;0.798;0.800
1558512900.791;200;0.758;0.756
1558512901.505;200;0.711;0.712
1558512902.293;200;0.785;0.788
1558512903.108;200;0.800;0.800
1558512903.860;200;0.743;0.740
1558512904.612;200;0.748;0.748
1558512905.375;200;0.759;0.760
1558512906.178;200;0.800;0.800
1558512906.952;200;0.770;0.768
1558512907.656;200;0.699;0.700
1558512908.442;200;0.781;0.784
1558512909.271;200;0.823;0.824
1558512910.003;200;0.729;0.728
1558512910.744;200;0.737;0.736
1558512911.488;200;0.742;0.740
1558512912.326;200;0.834;0.836
1558512913.099;200;0.768;0.768
1558512913.848;200;0.746;0.744
1558512914.624;200;0.773;0.772
1558512915.439;200;0.811;0.812
1558512916.169;200;0.726;0.728
1558512916.901;200;0.726;0.724
1558512917.597;200;0.691;0.692
1558512918.430;200;0.831;0.832
1558512919.169;200;0.736;0.736
1558512919.898;200;0.724;0.724
1558512920.660;200;0.759;0.760
1558512921.480;200;0.817;0.816
1558512922.236;200;0.753;0.752
1558512922.953;200;0.714;0.712
1558512923.732;200;0.776;0.776
1558512924.532;200;0.797;0.796
1558512925.257;200;0.722;0.724
1558512925.981;200;0.721;0.724
1558512926.748;200;0.762;0.760
1558512927.562;200;0.810;0.812
1558512928.337;200;0.772;0.772
1558512929.060;200;0.719;0.720
1558512929.773;200;0.710;0.708
1558512930.590;200;0.814;0.816
1558512931.311;200;0.718;0.720
1558512932.044;200;0.727;0.728
1558512932.768;200;0.722;0.720
1558512933.617;200;0.834;0.836
1558512934.373;200;0.753;0.756
1558512935.094;200;0.718;0.720
1558512935.890;200;0.792;0.792
1558512936.678;200;0.785;0.784
1558512937.414;200;0.733;0.736
1558512938.129;200;0.711;0.712
1558512938.881;200;0.749;0.752
1558512939.698;200;0.810;0.812
1558512940.469;200;0.768;0.768
1558512941.200;200;0.729;0.728
1558512942.028;200;0.796;0.796
1558512942.856;200;0.822;0.820
1558512943.609;200;0.747;0.748
1558512944.338;200;0.724;0.724
1558512945.084;200;0.742;0.740
1558512945.878;200;0.790;0.792
1558512946.655;200;0.772;0.772
1558512947.389;200;0.732;0.732
1558512948.140;200;0.747;0.748
1558512948.964;200;0.821;0.820
1558512949.709;200;0.741;0.740
1558512950.446;200;0.734;0.736
1558512951.243;200;0.790;0.792
1558512952.066;200;0.820;0.820
1558512952.806;200;0.737;0.740
1558512953.530;200;0.719;0.720
1558512954.308;200;0.773;0.772
1558512955.124;200;0.813;0.812
1558512955.913;200;0.780;0.780
1558512956.673;200;0.758;0.756
1558512957.458;200;0.781;0.780
1558512958.263;200;0.802;0.800
1558512959.022;200;0.746;0.748
1558512959.740;200;0.715;0.712
1558512960.481;200;0.739;0.740
1558512961.292;200;0.807;0.808
1558512962.024;200;0.730;0.728
1558512962.735;200;0.707;0.708
1558512963.430;200;0.692;0.692
1558512964.276;200;0.843;0.844
1558512965.046;200;0.766;0.768
1558512965.762;200;0.713;0.712
1558512966.551;200;0.786;0.784
1558512967.367;200;0.813;0.812
1558512968.101;200;0.731;0.732
1558512968.849;200;0.741;0.740
1558512969.604;200;0.749;0.748
1558512970.401;200;0.795;0.796
1558512971.190;200;0.785;0.788
1558512971.928;200;0.734;0.732
1558512972.726;200;0.794;0.796
1558512973.534;200;0.805;0.808
1558512974.291;200;0.754;0.756
1558512975.028;200;0.733;0.732
1558512975.769;200;0.739;0.740
1558512976.583;200;0.810;0.808
1558512977.351;200;0.766;0.764
1558512978.078;200;0.724;0.724
1558512978.845;200;0.764;0.768
1558512979.674;200;0.825;0.828
1558512980.454;200;0.777;0.776
1558512981.201;200;0.740;0.740
1558512982.039;200;0.835;0.836
1558512982.825;200;0.783;0.780
1558512983.568;200;0.740;0.740
1558512984.340;200;0.769;0.768
1558512985.105;200;0.763;0.764
1558512985.917;200;0.807;0.808
1558512986.658;200;0.739;0.740
1558512987.377;200;0.716;0.720
1558512988.144;200;0.762;0.760
1558512989.002;200;0.854;0.856
1558512989.728;200;0.722;0.720
1558512990.457;200;0.727;0.724
1558512991.204;200;0.742;0.740
1558512992.013;200;0.806;0.808
1558512992.745;200;0.729;0.728
1558512993.449;200;0.701;0.700
1558512994.213;200;0.760;0.764
1558512995.026;200;0.809;0.812
1558512995.760;200;0.731;0.728
1558512996.436;200;0.672;0.672
1558512997.201;200;0.761;0.764
1558512997.997;200;0.792;0.792
1558512998.741;200;0.742;0.740
1558512999.450;200;0.705;0.704
1558513000.188;200;0.735;0.732
1558513001.009;200;0.818;0.820
1558513001.750;200;0.738;0.740
1558513002.475;200;0.722;0.724
1558513003.271;200;0.793;0.792
1558513004.098;200;0.824;0.824
1558513004.853;200;0.752;0.756
1558513005.596;200;0.740;0.740
1558513006.370;200;0.771;0.772
1558513007.170;200;0.795;0.796
1558513007.916;200;0.739;0.740
1558513008.646;200;0.725;0.724
1558513009.370;200;0.720;0.720
1558513010.201;200;0.827;0.828
1558513010.905;200;0.700;0.700
1558513011.674;200;0.766;0.768
1558513012.419;200;0.740;0.740
1558513013.229;200;0.804;0.808
1558513013.969;200;0.737;0.740
1558513014.670;200;0.698;0.700
1558513015.444;200;0.771;0.768
1558513016.280;200;0.832;0.832
1558513017.031;200;0.749;0.748
1558513017.744;200;0.710;0.708
1558513018.506;200;0.759;0.760
1558513019.325;200;0.813;0.816
1558513020.088;200;0.758;0.756
1558513020.808;200;0.718;0.716
1558513021.583;200;0.771;0.772
1558513022.442;200;0.856;0.856
1558513023.209;200;0.764;0.764
1558513023.930;200;0.702;0.704
1558513024.696;200;0.762;0.760
1558513025.524;200;0.825;0.824
1558513026.277;200;0.749;0.752
1558513027.002;200;0.721;0.724
1558513027.782;200;0.777;0.780
1558513028.580;200;0.795;0.796
1558513029.315;200;0.730;0.732
1558513030.024;200;0.705;0.704
1558513030.787;200;0.760;0.760
1558513031.605;200;0.816;0.816
1558513032.355;200;0.743;0.744
1558513033.088;200;0.729;0.728
1558513033.834;200;0.742;0.744
1558513034.664;200;0.827;0.824
1558513035.401;200;0.735;0.736
1558513036.128;200;0.723;0.724
1558513036.870;200;0.740;0.740
1558513037.709;200;0.836;0.836
1558513038.482;200;0.770;0.772
1558513039.232;200;0.745;0.744
1558513039.884;200;0.650;0.648
1558513040.731;200;0.845;0.844
1558513041.473;200;0.739;0.736
1558513042.189;200;0.713;0.712
1558513042.971;200;0.778;0.780
1558513043.805;200;0.832;0.828
1558513044.582;200;0.774;0.776
1558513045.294;200;0.709;0.708
1558513046.028;200;0.730;0.728
1558513046.849;200;0.819;0.816
1558513047.599;200;0.747;0.748
1558513048.321;200;0.719;0.720
1558513049.063;200;0.736;0.736
1558513049.894;200;0.828;0.828
1558513050.633;200;0.735;0.732
1558513051.389;200;0.748;0.752
1558513052.177;200;0.784;0.780
1558513053.064;200;0.882;0.880
1558513053.821;200;0.748;0.748
1558513054.545;200;0.721;0.720
1558513055.316;200;0.767;0.768
1558513056.169;200;0.848;0.848
1558513056.926;200;0.752;0.752
1558513057.657;200;0.719;0.720
1558513058.412;200;0.750;0.748
1558513059.215;200;0.798;0.800
1558513059.974;200;0.755;0.756
1558513060.696;200;0.718;0.716
1558513061.466;200;0.766;0.768
1558513062.284;200;0.810;0.808
1558513063.016;200;0.729;0.728
1558513063.748;200;0.729;0.728
1558513064.500;200;0.748;0.748
1558513065.338;200;0.835;0.836
1558513066.132;200;0.791;0.788
1558513066.864;200;0.730;0.728
1558513067.613;200;0.746;0.744
1558513068.454;200;0.838;0.840
1558513069.199;200;0.740;0.740
1558513069.963;200;0.751;0.752
1558513070.754;200;0.788;0.788
1558513071.604;200;0.847;0.848
1558513072.346;200;0.739;0.740
1558513073.069;200;0.719;0.720
1558513073.814;200;0.742;0.744
1558513074.700;200;0.883;0.884
1558513075.477;200;0.773;0.776
1558513076.202;200;0.717;0.720
1558513076.966;200;0.750;0.752
1558513077.808;200;0.839;0.840
1558513078.554;200;0.744;0.744
1558513079.300;200;0.743;0.744
1558513080.016;200;0.715;0.712
1558513080.810;200;0.788;0.788
1558513081.562;200;0.750;0.752
1558513082.322;200;0.757;0.756
1558513083.078;200;0.754;0.756
1558513083.885;200;0.803;0.800
1558513084.623;200;0.735;0.736
1558513085.359;200;0.734;0.732
1558513086.117;200;0.755;0.756
1558513086.945;200;0.824;0.824
1558513087.693;200;0.746;0.744
1558513088.404;200;0.708;0.708
1558513089.107;200;0.698;0.700
1558513089.906;200;0.797;0.796
1558513090.667;200;0.758;0.760
1558513091.384;200;0.715;0.712
1558513092.128;200;0.741;0.740
1558513093.000;200;0.870;0.868
1558513093.716;200;0.712;0.712
1558513094.479;200;0.761;0.760
1558513095.260;200;0.779;0.776
1558513096.081;200;0.818;0.820
1558513096.829;200;0.744;0.748
1558513097.551;200;0.718;0.720
1558513098.249;200;0.696;0.692
1558513099.086;200;0.833;0.836
1558513099.816;200;0.727;0.728
1558513100.540;200;0.722;0.720
1558513101.341;200;0.799;0.800
1558513102.142;200;0.798;0.800
1558513102.920;200;0.774;0.772
1558513103.642;200;0.718;0.720
1558513104.406;200;0.761;0.764
1558513105.229;200;0.819;0.816
1558513106.001;200;0.769;0.772
1558513106.740;200;0.736;0.736
1558513107.501;200;0.756;0.756
1558513108.357;200;0.853;0.856
1558513109.092;200;0.730;0.728
1558513109.826;200;0.731;0.732
1558513110.604;200;0.774;0.772
1558513111.440;200;0.833;0.832
1558513112.176;200;0.734;0.732
1558513112.900;200;0.722;0.720
1558513113.664;200;0.762;0.760
1558513114.490;200;0.822;0.824
1558513115.260;200;0.767;0.764
1558513116.030;200;0.768;0.768
1558513116.832;200;0.797;0.796
1558513117.623;200;0.789;0.788
1558513118.395;200;0.770;0.772
1558513119.122;200;0.722;0.724
1558513119.859;200;0.734;0.736
1558513120.696;200;0.834;0.832
1558513121.456;200;0.758;0.756
1558513122.224;200;0.766;0.764
1558513123.031;200;0.804;0.804
1558513123.900;200;0.866;0.864
1558513124.684;200;0.780;0.780
1558513125.449;200;0.761;0.764
1558513126.208;200;0.756;0.756
1558513127.028;200;0.816;0.816
1558513127.815;200;0.782;0.780
1558513128.543;200;0.725;0.724
1558513129.321;200;0.773;0.776
1558513130.142;200;0.817;0.820
1558513130.908;200;0.764;0.764
1558513131.606;200;0.694;0.696
1558513132.394;200;0.785;0.788
1558513133.214;200;0.817;0.816
1558513133.949;200;0.732;0.732
1558513134.704;200;0.751;0.752
1558513135.493;200;0.787;0.784
1558513136.347;200;0.850;0.852
1558513137.089;200;0.739;0.736
1558513137.840;200;0.748;0.748
1558513138.631;200;0.789;0.788
1558513139.463;200;0.828;0.828
1558513140.206;200;0.741;0.740
1558513140.933;200;0.724;0.728
1558513141.761;200;0.825;0.828
1558513142.611;200;0.847;0.848
1558513143.352;200;0.737;0.736
1558513144.105;200;0.750;0.748
1558513144.916;200;0.807;0.808
1558513145.778;200;0.859;0.860
1558513146.504;200;0.722;0.720
1558513147.221;200;0.709;0.708
1558513147.993;200;0.770;0.768
1558513148.809;200;0.813;0.816
1558513149.566;200;0.753;0.752
1558513150.328;200;0.759;0.756
1558513151.151;200;0.821;0.820
1558513152.025;200;0.871;0.868
1558513152.796;200;0.770;0.768
1558513153.528;200;0.729;0.728
1558513154.328;200;0.798;0.796
1558513155.156;200;0.825;0.824
1558513155.894;200;0.735;0.736
1558513156.656;200;0.759;0.756
1558513157.519;200;0.859;0.860
1558513158.417;200;0.896;0.892
1558513159.197;200;0.776;0.772
1558513159.933;200;0.733;0.732
1558513160.718;200;0.780;0.780
1558513161.536;200;0.815;0.816
1558513162.325;200;0.785;0.784
1558513163.069;200;0.740;0.744
1558513163.876;200;0.803;0.804
1558513164.724;200;0.845;0.844
1558513165.471;200;0.745;0.744
1558513166.190;200;0.716;0.716
1558513166.989;200;0.796;0.800
1558513167.811;200;0.818;0.816
1558513168.608;200;0.794;0.792
1558513169.377;200;0.765;0.764
1558513170.238;200;0.857;0.861
1558513171.109;200;0.868;0.868
1558513171.843;200;0.731;0.732
1558513172.584;200;0.737;0.736
1558513173.382;200;0.796;0.796
1558513174.226;200;0.841;0.844
1558513174.971;200;0.741;0.744
1558513175.709;200;0.735;0.732
1558513176.496;200;0.785;0.788
1558513177.314;200;0.816;0.820
1558513178.027;200;0.711;0.712
1558513178.750;200;0.719;0.724
1558513179.540;200;0.785;0.784
1558513180.361;200;0.817;0.824
1558513181.112;200;0.748;0.748
1558513181.857;200;0.741;0.748
1558513182.597;200;0.736;0.740
1558513183.451;200;0.852;0.852
1558513184.194;200;0.741;0.744
1558513184.955;200;0.759;0.760
1558513185.717;200;0.760;0.760
1558513186.556;200;0.837;0.840
1558513187.304;200;0.742;0.744
1558513188.068;200;0.760;0.764
1558513188.810;200;0.739;0.744
1558513189.637;200;0.822;0.820
1558513190.383;200;0.743;0.748
1558513191.116;200;0.731;0.732
1558513191.934;200;0.815;0.820
1558513192.785;200;0.848;0.848
1558513193.553;200;0.766;0.768
1558513194.282;200;0.727;0.732
1558513195.018;200;0.733;0.736
1558513195.854;200;0.833;0.836
1558513196.602;200;0.746;0.748
1558513197.338;200;0.733;0.736
1558513198.108;200;0.766;0.768
1558513198.927;200;0.814;0.820
1558513199.674;200;0.743;0.748
1558513200.404;200;0.728;0.728
1558513201.142;200;0.735;0.740
1558513201.970;200;0.825;0.824
1558513202.708;200;0.734;0.736
1558513203.442;200;0.731;0.736
1558513204.215;200;0.771;0.772
1558513205.029;200;0.811;0.812
1558513205.780;200;0.748;0.752
1558513206.515;200;0.733;0.736
1558513207.310;200;0.794;0.796
1558513208.147;200;0.834;0.832
1558513208.930;200;0.778;0.784
1558513209.648;200;0.715;0.716
1558513210.407;200;0.754;0.760
1558513211.228;200;0.818;0.816
1558513211.957;200;0.727;0.728
1558513212.688;200;0.727;0.728
1558513213.495;200;0.804;0.808
1558513214.290;200;0.791;0.796
1558513215.048;200;0.756;0.756
1558513215.764;200;0.714;0.716
1558513216.511;200;0.745;0.748
1558513217.340;200;0.826;0.824
1558513218.069;200;0.724;0.732
1558513218.817;200;0.745;0.744
1558513219.582;200;0.761;0.768
1558513220.367;200;0.781;0.784
1558513221.129;200;0.760;0.760
1558513221.849;200;0.717;0.720
1558513222.645;200;0.792;0.792
1558513223.455;200;0.804;0.808
1558513224.214;200;0.757;0.760
1558513224.956;200;0.739;0.740
1558513225.728;200;0.769;0.772
1558513226.541;200;0.810;0.812
1558513227.277;200;0.734;0.736
1558513228.045;200;0.766;0.768
1558513228.799;200;0.748;0.748
1558513229.600;200;0.797;0.800
1558513230.351;200;0.748;0.752
1558513231.083;200;0.730;0.732
1558513231.856;200;0.770;0.772
1558513232.660;200;0.801;0.804
1558513233.396;200;0.734;0.736
1558513234.120;200;0.721;0.724
1558513234.926;200;0.804;0.808
1558513235.729;200;0.800;0.800
1558513236.453;200;0.721;0.724
1558513237.166;200;0.710;0.716
1558513237.924;200;0.755;0.756
1558513238.768;200;0.841;0.844
1558513239.511;200;0.739;0.744
1558513240.223;200;0.709;0.712
1558513240.981;200;0.755;0.756
1558513241.791;200;0.807;0.812
1558513242.534;200;0.741;0.744
1558513243.303;200;0.757;0.760
1558513244.056;200;0.751;0.752
1558513244.884;200;0.826;0.828
1558513245.642;200;0.756;0.756
1558513246.348;200;0.703;0.704
1558513247.092;200;0.742;0.744
1558513247.919;200;0.825;0.828
1558513248.636;200;0.715;0.716
1558513249.356;200;0.715;0.720
1558513250.150;200;0.789;0.792
1558513250.955;200;0.802;0.804
1558513251.727;200;0.769;0.772
1558513252.423;200;0.693;0.696
1558513253.179;200;0.754;0.756
1558513254.014;200;0.832;0.832
1558513254.755;200;0.738;0.740
1558513255.478;200;0.720;0.724
1558513256.256;200;0.775;0.772
1558513257.125;200;0.867;0.868
1558513257.846;200;0.717;0.724
1558513258.594;200;0.745;0.748
1558513259.372;200;0.772;0.776
1558513260.187;200;0.813;0.812
1558513260.938;200;0.750;0.756
1558513261.667;200;0.726;0.728
1558513262.416;200;0.747;0.748
1558513263.266;200;0.847;0.852
1558513264.009;200;0.736;0.740
1558513264.787;200;0.776;0.780
1558513265.566;200;0.777;0.776
1558513266.377;200;0.809;0.812
1558513267.147;200;0.766;0.772
1558513267.866;200;0.716;0.720
1558513268.604;200;0.735;0.736
1558513269.419;200;0.810;0.816
1558513270.202;200;0.781;0.780
1558513270.957;200;0.752;0.752
1558513271.699;200;0.739;0.740
1558513272.509;200;0.806;0.808
1558513272.520;503;0.007;0.004, 0.000, 0.004, 0.000
1558513273.357;200;0.832;0.000, 0.000, 0.000, 0.832
1558513274.176;200;0.816;0.820
1558513274.907;200;0.728;0.732
1558513275.705;200;0.795;0.796
1558513276.504;200;0.796;0.800
1558513277.270;200;0.764;0.768
1558513277.989;200;0.714;0.716
1558513278.724;200;0.731;0.736
1558513279.560;200;0.833;0.836
1558513280.352;200;0.788;0.792
1558513281.062;200;0.706;0.712
1558513281.910;200;0.845;0.848
1558513282.727;200;0.815;0.816
1558513283.474;200;0.745;0.744
1558513284.234;200;0.757;0.764
1558513284.975;200;0.738;0.736
1558513285.781;200;0.804;0.804
1558513286.555;200;0.772;0.776
1558513287.286;200;0.729;0.732
1558513288.033;200;0.745;0.744
1558513288.876;200;0.839;0.840
1558513289.633;200;0.754;0.756
1558513290.365;200;0.729;0.732
1558513291.156;200;0.788;0.792
1558513291.969;200;0.810;0.812
1558513292.720;200;0.747;0.748
1558513293.444;200;0.721;0.724
1558513294.201;200;0.753;0.756
1558513295.023;200;0.818;0.824
1558513295.781;200;0.756;0.756
1558513296.508;200;0.724;0.728
1558513297.293;200;0.782;0.784
1558513298.095;200;0.799;0.804
1558513298.837;200;0.740;0.740
1558513299.560;200;0.719;0.724
1558513300.356;200;0.794;0.796
1558513301.216;200;0.857;0.860
1558513301.970;200;0.752;0.756
1558513302.683;200;0.710;0.712
1558513303.428;200;0.743;0.744
1558513304.245;200;0.813;0.816
1558513304.982;200;0.734;0.736
1558513305.694;200;0.708;0.708
1558513306.456;200;0.759;0.764
1558513307.293;200;0.835;0.832
1558513308.057;200;0.761;0.764
1558513308.766;200;0.706;0.712
1558513309.569;200;0.800;0.800
1558513310.400;200;0.828;0.832
1558513311.146;200;0.742;0.744
1558513311.866;200;0.717;0.724
1558513312.669;200;0.800;0.800
1558513313.484;200;0.813;0.816
1558513314.255;200;0.768;0.772
1558513314.985;200;0.728;0.728
1558513315.737;200;0.749;0.752
1558513316.552;200;0.813;0.816
1558513317.283;200;0.728;0.732
1558513317.980;200;0.694;0.692
1558513318.724;200;0.742;0.744
1558513319.539;200;0.812;0.812
1558513320.278;200;0.737;0.744
1558513321.000;200;0.719;0.720
1558513321.772;200;0.769;0.772
1558513322.587;200;0.812;0.816
1558513323.329;200;0.739;0.736
1558513324.041;200;0.708;0.712
1558513324.849;200;0.805;0.808
1558513325.672;200;0.820;0.824
1558513326.424;200;0.750;0.752
1558513327.159;200;0.732;0.736
1558513327.914;200;0.753;0.756
1558513328.719;200;0.803;0.804
1558513329.464;200;0.742;0.744
1558513330.195;200;0.729;0.732
1558513330.923;200;0.726;0.724
1558513331.758;200;0.833;0.836
1558513332.485;200;0.725;0.728
1558513333.235;200;0.747;0.752
1558513334.027;200;0.789;0.788
1558513334.851;200;0.821;0.824
1558513335.599;200;0.746;0.748
1558513336.315;200;0.714;0.716
1558513337.065;200;0.748;0.748
1558513337.925;200;0.857;0.860
1558513338.631;200;0.703;0.708
1558513339.369;200;0.734;0.736
1558513340.125;200;0.752;0.756
1558513340.932;200;0.804;0.808
1558513341.671;200;0.735;0.736
1558513342.413;200;0.738;0.736
1558513343.207;200;0.792;0.792
1558513344.007;200;0.798;0.804
1558513344.733;200;0.724;0.724
1558513345.472;200;0.736;0.740
1558513346.244;200;0.769;0.772
1558513347.078;200;0.829;0.836
1558513347.825;200;0.744;0.744
1558513348.594;200;0.765;0.768
1558513349.365;200;0.768;0.768
1558513350.175;200;0.806;0.808
1558513350.924;200;0.746;0.748
1558513351.684;200;0.755;0.760
1558513352.460;200;0.772;0.776
1558513353.339;200;0.873;0.872
1558513354.098;200;0.757;0.764
1558513354.850;200;0.749;0.752
1558513355.586;200;0.733;0.732
1558513356.372;200;0.783;0.784
1558513357.162;200;0.788;0.788
1558513357.868;200;0.704;0.708
1558513358.641;200;0.769;0.772
1558513359.463;200;0.818;0.824
1558513360.205;200;0.740;0.740
1558513360.968;200;0.759;0.760
1558513361.741;200;0.771;0.772
1558513362.545;200;0.801;0.804
1558513363.281;200;0.733;0.736
1558513363.991;200;0.707;0.708
1558513364.783;200;0.790;0.796
1558513365.606;200;0.820;0.820
1558513366.390;200;0.761;0.764
1558513367.095;200;0.702;0.708
1558513367.811;200;0.714;0.716
1558513368.643;200;0.830;0.832
1558513369.377;200;0.730;0.732
1558513370.089;200;0.704;0.708
1558513370.844;200;0.751;0.756
1558513371.668;200;0.820;0.820
1558513372.396;200;0.726;0.728
1558513373.125;200;0.727;0.728
1558513373.921;200;0.792;0.796
1558513374.752;200;0.828;0.832
1558513375.482;200;0.728;0.728
1558513376.211;200;0.727;0.728
1558513376.968;200;0.755;0.760
1558513377.829;200;0.860;0.860
1558513378.570;200;0.738;0.740
1558513379.299;200;0.726;0.732
1558513380.038;200;0.737;0.736
1558513380.862;200;0.821;0.828
1558513381.589;200;0.725;0.724
1558513382.307;200;0.715;0.720
1558513383.156;200;0.847;0.848
1558513383.975;200;0.815;0.816
1558513384.713;200;0.736;0.740
1558513385.481;200;0.765;0.768
1558513386.248;200;0.763;0.768
1558513387.059;200;0.809;0.812
1558513387.803;200;0.742;0.740
1558513388.559;200;0.754;0.760
1558513389.281;200;0.719;0.720
1558513390.132;200;0.848;0.852
1558513390.860;200;0.726;0.728
1558513391.612;200;0.748;0.752
1558513392.400;200;0.786;0.784
1558513393.243;200;0.842;0.844
1558513393.983;200;0.738;0.736
1558513394.706;200;0.721;0.720
1558513395.489;200;0.781;0.784
1558513396.300;200;0.808;0.812
1558513397.032;200;0.729;0.728
1558513397.765;200;0.730;0.732
1558513398.514;200;0.746;0.748
1558513399.368;200;0.851;0.852
1558513400.136;200;0.767;0.764
1558513400.844;200;0.705;0.708
1558513401.641;200;0.791;0.792
1558513402.433;200;0.787;0.788
1558513403.179;200;0.744;0.748
1558513403.887;200;0.706;0.708
1558513404.618;200;0.728;0.732
1558513405.458;200;0.838;0.836
1558513406.222;200;0.762;0.764
1558513406.961;200;0.737;0.740
1558513407.712;200;0.749;0.748
1558513408.540;200;0.826;0.824
1558513409.283;200;0.740;0.744
1558513410.015;200;0.730;0.732
1558513410.804;200;0.786;0.788
1558513411.655;200;0.849;0.848
1558513412.414;200;0.756;0.756
1558513413.167;200;0.750;0.752
1558513413.888;200;0.718;0.720
1558513414.700;200;0.809;0.812
1558513415.452;200;0.749;0.752
1558513416.160;200;0.706;0.708
1558513416.919;200;0.754;0.760
1558513417.764;200;0.844;0.844
1558513418.523;200;0.758;0.760
1558513419.293;200;0.764;0.768
1558513420.039;200;0.743;0.744
1558513420.857;200;0.816;0.820
1558513421.609;200;0.750;0.752
1558513422.368;200;0.757;0.760
1558513423.100;200;0.730;0.732
1558513423.940;200;0.837;0.840
1558513424.685;200;0.743;0.744
1558513425.425;200;0.737;0.740
1558513426.185;200;0.757;0.760
1558513427.012;200;0.824;0.828
1558513427.756;200;0.742;0.744
1558513428.464;200;0.706;0.708
1558513429.200;200;0.732;0.736
1558513430.038;200;0.833;0.836
1558513430.816;200;0.776;0.780
1558513431.523;200;0.705;0.708
1558513432.288;200;0.763;0.764
1558513433.145;200;0.853;0.856
1558513433.904;200;0.757;0.760
1558513434.684;200;0.776;0.780
1558513435.396;200;0.708;0.712
1558513436.247;200;0.849;0.848
1558513437.005;200;0.756;0.756
1558513437.724;200;0.717;0.720
1558513438.504;200;0.778;0.780
1558513439.413;200;0.904;0.908
1558513440.152;200;0.731;0.732
1558513440.887;200;0.732;0.736
1558513441.595;200;0.706;0.708
1558513442.429;200;0.831;0.828
1558513443.200;200;0.768;0.772
1558513443.916;200;0.712;0.716
1558513444.729;200;0.811;0.812
1558513445.590;200;0.857;0.864
1558513446.338;200;0.746;0.744
1558513447.055;200;0.715;0.716
1558513447.864;200;0.807;0.812
1558513448.704;200;0.838;0.836
1558513449.451;200;0.743;0.748
1558513450.208;200;0.755;0.756
1558513451.004;200;0.793;0.792
1558513451.813;200;0.808;0.808
1558513452.563;200;0.748;0.752
1558513453.308;200;0.743;0.744
1558513454.041;200;0.732;0.732
1558513454.868;200;0.823;0.828
1558513455.619;200;0.749;0.752
1558513456.342;200;0.721;0.720
1558513457.070;200;0.726;0.732
1558513457.915;200;0.842;0.844
1558513458.666;200;0.749;0.748
1558513459.380;200;0.711;0.712
1558513460.144;200;0.760;0.764
1558513460.981;200;0.835;0.836
1558513461.719;200;0.735;0.740
1558513462.504;200;0.783;0.784
1558513463.245;200;0.738;0.736
1558513464.087;200;0.840;0.844
1558513464.838;200;0.749;0.748
1558513465.579;200;0.739;0.744
1558513466.375;200;0.794;0.796
1558513467.170;200;0.794;0.792
1558513467.913;200;0.741;0.744
1558513468.647;200;0.729;0.728
1558513469.399;200;0.744;0.748
1558513470.295;200;0.892;0.892
1558513471.079;200;0.781;0.784
1558513471.820;200;0.739;0.740
1558513472.592;200;0.770;0.772
1558513473.452;200;0.856;0.860
1558513474.173;200;0.718;0.720
1558513474.911;200;0.736;0.740
1558513475.598;200;0.682;0.684
1558513476.475;200;0.875;0.880
1558513477.226;200;0.748;0.748
1558513477.999;200;0.770;0.772
1558513478.743;200;0.742;0.744
1558513479.596;200;0.850;0.852
1558513480.350;200;0.753;0.756
1558513481.092;200;0.740;0.740
1558513481.849;200;0.754;0.756
1558513482.747;200;0.895;0.900
1558513483.505;200;0.756;0.756
1558513484.237;200;0.729;0.732
1558513484.963;200;0.723;0.728
1558513485.801;200;0.836;0.836
1558513486.519;200;0.715;0.721
1558513487.233;200;0.712;0.708
1558513488.016;200;0.781;0.784
1558513488.854;200;0.835;0.836
1558513489.594;200;0.735;0.740
1558513490.340;200;0.744;0.740
1558513491.087;200;0.744;0.748
1558513491.936;200;0.847;0.848
1558513492.637;200;0.700;0.700
1558513493.305;200;0.665;0.668
1558513494.104;200;0.792;0.796
1558513494.943;200;0.835;0.840
1558513495.674;200;0.729;0.728
1558513496.386;200;0.710;0.716
1558513497.165;200;0.777;0.776
1558513498.036;200;0.868;0.868
1558513498.780;200;0.741;0.740
1558513499.523;200;0.739;0.744
1558513500.233;200;0.707;0.708
1558513501.069;200;0.833;0.836
1558513501.832;200;0.759;0.764
1558513502.557;200;0.722;0.720
1558513503.330;200;0.769;0.772
1558513504.176;200;0.844;0.848
1558513504.918;200;0.738;0.740
1558513505.688;200;0.767;0.768
1558513506.444;200;0.752;0.752
1558513507.265;200;0.817;0.820
1558513508.022;200;0.754;0.760
1558513508.752;200;0.727;0.728
1558513509.563;200;0.808;0.812
1558513510.384;200;0.819;0.816
1558513511.149;200;0.763;0.764
1558513511.937;200;0.785;0.788
1558513512.677;200;0.737;0.740
1558513513.504;200;0.824;0.828
1558513514.280;200;0.773;0.776
1558513515.029;200;0.745;0.744
1558513515.803;200;0.771;0.772
1558513516.609;200;0.803;0.804
1558513517.357;200;0.745;0.744
1558513518.076;200;0.718;0.720
1558513518.816;200;0.739;0.740
1558513519.649;200;0.829;0.832
1558513520.413;200;0.762;0.764
1558513521.097;200;0.682;0.684
1558513521.949;200;0.850;0.852
1558513522.772;200;0.821;0.824
1558513523.553;200;0.779;0.776
1558513524.266;200;0.711;0.712
1558513525.072;200;0.804;0.808
1558513525.915;200;0.840;0.844
1558513526.681;200;0.765;0.764
1558513527.431;200;0.746;0.752
1558513528.210;200;0.775;0.776
1558513529.121;200;0.908;0.904
1558513529.853;200;0.729;0.732
1558513530.584;200;0.727;0.732
1558513531.332;200;0.746;0.748
1558513532.147;200;0.812;0.816
1558513532.900;200;0.751;0.752
1558513533.618;200;0.716;0.716
1558513534.361;200;0.741;0.740
1558513535.199;200;0.835;0.840
1558513535.969;200;0.768;0.768
1558513536.696;200;0.724;0.728
1558513537.502;200;0.803;0.804
1558513538.335;200;0.831;0.836
1558513539.079;200;0.741;0.744
1558513539.829;200;0.748;0.748
1558513540.580;200;0.748;0.752
1558513541.408;200;0.825;0.828
1558513542.173;200;0.763;0.764
1558513542.936;200;0.761;0.764
1558513543.727;200;0.786;0.788
1558513544.543;200;0.814;0.816
1558513545.296;200;0.748;0.752
1558513546.023;200;0.725;0.724
1558513546.716;200;0.691;0.696
1558513547.536;200;0.817;0.820
1558513548.279;200;0.740;0.744
1558513549.009;200;0.726;0.724
1558513549.772;200;0.759;0.764
1558513550.586;200;0.812;0.812
1558513551.339;200;0.751;0.756
1558513552.095;200;0.744;0.748
1558513552.897;200;0.800;0.800
1558513553.693;200;0.792;0.792
1558513554.428;200;0.733;0.732
1558513555.166;200;0.735;0.736
1558513555.925;200;0.757;0.760
1558513556.746;200;0.819;0.820
1558513557.512;200;0.764;0.768
1558513558.251;200;0.736;0.736
1558513558.977;200;0.722;0.724
1558513559.866;200;0.887;0.888
1558513560.568;200;0.700;0.704
1558513561.293;200;0.723;0.724
1558513562.057;200;0.761;0.764
1558513562.871;200;0.812;0.816
1558513563.615;200;0.742;0.744
1558513564.354;200;0.737;0.736
1558513565.144;200;0.788;0.792
1558513565.949;200;0.803;0.804
1558513566.686;200;0.734;0.736
1558513567.420;200;0.732;0.736
1558513568.168;200;0.746;0.744
1558513568.971;200;0.799;0.804
1558513569.711;200;0.738;0.740
1558513570.436;200;0.723;0.720
1558513571.188;200;0.748;0.752
1558513572.017;200;0.827;0.828
1558513572.797;200;0.777;0.780
1558513573.542;200;0.743;0.744
1558513574.304;200;0.760;0.760
1558513575.128;200;0.821;0.824
1558513575.872;200;0.741;0.744
1558513576.639;200;0.764;0.768
1558513577.420;200;0.779;0.776
1558513578.285;200;0.862;0.864
1558513579.023;200;0.734;0.736
1558513579.744;200;0.719;0.720
1558513580.547;200;0.800;0.800
1558513581.376;200;0.828;0.832
1558513582.119;200;0.740;0.744
1558513582.855;200;0.732;0.732
1558513583.611;200;0.755;0.760
1558513584.425;200;0.811;0.812
1558513585.201;200;0.774;0.776
1558513585.928;200;0.724;0.728
1558513586.730;200;0.799;0.800
1558513587.559;200;0.827;0.828
1558513588.296;200;0.735;0.740
1558513589.049;200;0.750;0.748
1558513589.768;200;0.716;0.716
1558513590.615;200;0.845;0.848
1558513591.355;200;0.737;0.740
1558513592.132;200;0.775;0.776
1558513592.934;200;0.799;0.800
1558513593.774;200;0.837;0.840
1558513594.501;200;0.725;0.728
1558513595.247;200;0.743;0.748
1558513596.013;200;0.764;0.760
1558513596.816;200;0.801;0.804
1558513597.554;200;0.734;0.736
1558513598.267;200;0.711;0.712
1558513599.017;200;0.745;0.748
1558513599.864;200;0.844;0.848
1558513600.645;200;0.778;0.780
1558513601.435;200;0.787;0.792
1558513602.219;200;0.782;0.784
1558513603.051;200;0.830;0.828
1558513603.791;200;0.738;0.744
1558513604.566;200;0.773;0.772
1558513605.320;200;0.752;0.756
1558513606.114;200;0.792;0.792
1558513606.884;200;0.768;0.772
1558513607.587;200;0.700;0.704
1558513608.277;200;0.686;0.688
1558513609.127;200;0.846;0.848
1558513609.863;200;0.735;0.740
1558513610.568;200;0.702;0.704
1558513611.325;200;0.754;0.756
1558513612.139;200;0.812;0.816
1558513612.870;200;0.729;0.728
1558513613.591;200;0.719;0.724
1558513614.369;200;0.773;0.772
1558513615.207;200;0.836;0.836
1558513615.960;200;0.751;0.756
1558513616.685;200;0.723;0.724
1558513617.452;200;0.761;0.764
1558513618.237;200;0.782;0.784
1558513618.964;200;0.724;0.728
1558513619.727;200;0.761;0.760
1558513620.415;200;0.684;0.684
1558513621.241;200;0.825;0.828
1558513622.001;200;0.758;0.760
1558513622.734;200;0.730;0.732
1558513623.476;200;0.740;0.744
1558513624.291;200;0.812;0.816
1558513625.023;200;0.730;0.728
1558513625.768;200;0.743;0.748
1558513626.563;200;0.791;0.796
1558513627.375;200;0.810;0.812
1558513628.128;200;0.751;0.752
1558513628.855;200;0.724;0.728
1558513629.627;200;0.768;0.772
1558513630.438;200;0.810;0.808
1558513631.196;200;0.756;0.760
1558513631.984;200;0.785;0.788
1558513632.763;200;0.777;0.780
1558513633.578;200;0.813;0.812
1558513634.315;200;0.735;0.736
1558513635.055;200;0.738;0.740
1558513635.850;200;0.793;0.796
1558513636.671;200;0.819;0.824
1558513637.441;200;0.768;0.768
1558513638.163;200;0.720;0.724
1558513638.926;200;0.761;0.760
1558513639.745;200;0.817;0.816
1558513640.503;200;0.756;0.756
1558513641.232;200;0.728;0.728
1558513642.096;200;0.862;0.864
1558513642.897;200;0.799;0.800
1558513643.671;200;0.771;0.776
1558513644.398;200;0.725;0.724
1558513645.179;200;0.779;0.780
1558513645.989;200;0.809;0.812
1558513646.740;200;0.749;0.752
1558513647.489;200;0.747;0.748
1558513648.245;200;0.751;0.752
1558513649.070;200;0.822;0.824
1558513649.824;200;0.752;0.756
1558513650.559;200;0.733;0.732
1558513651.312;200;0.751;0.756
1558513652.132;200;0.818;0.820
1558513652.902;200;0.768;0.768
1558513653.625;200;0.721;0.724
1558513654.385;200;0.757;0.756
1558513655.201;200;0.814;0.816
1558513655.958;200;0.755;0.756
1558513656.649;200;0.689;0.692
1558513657.440;200;0.788;0.792
1558513658.242;200;0.799;0.800
1558513658.965;200;0.721;0.724
1558513659.693;200;0.725;0.728
1558513660.447;200;0.751;0.752
1558513661.271;200;0.823;0.824
1558513662.040;200;0.761;0.760
1558513662.783;200;0.740;0.744
1558513663.564;200;0.779;0.776
1558513664.392;200;0.826;0.828
1558513665.125;200;0.730;0.000, 0.732
1558513665.868;200;0.740;0.744
1558513666.669;200;0.797;0.800
1558513667.426;200;0.754;0.000, 0.004, 0.000, 0.752
1558513668.150;200;0.722;0.724
1558513668.990;200;0.838;0.840
1558513669.719;200;0.727;0.728
1558513670.468;200;0.747;0.752
1558513671.195;200;0.725;0.724
1558513671.987;200;0.791;0.796
1558513672.773;200;0.784;0.784
1558513673.557;200;0.782;0.784
1558513674.275;200;0.715;0.716
1558513675.109;200;0.832;0.836
1558513675.848;200;0.737;0.740
1558513676.588;200;0.737;0.740
1558513677.335;200;0.745;0.744
1558513678.159;200;0.822;0.824
1558513678.959;200;0.798;0.796
1558513679.689;200;0.728;0.732
1558513680.431;200;0.738;0.744
1558513681.301;200;0.868;0.868
1558513682.083;200;0.780;0.780
1558513682.820;200;0.736;0.740
1558513683.555;200;0.732;0.732
1558513684.414;200;0.857;0.856
1558513685.195;200;0.779;0.784
1558513685.953;200;0.750;0.752
1558513686.683;200;0.727;0.732
1558513687.505;200;0.820;0.820
1558513688.301;200;0.793;0.796
1558513689.059;200;0.753;0.752
1558513689.815;200;0.753;0.752
1558513690.645;200;0.828;0.832
1558513691.490;200;0.841;0.844
1558513692.238;200;0.746;0.748
1558513692.970;200;0.730;0.732
1558513693.784;200;0.812;0.816
1558513694.583;200;0.797;0.800
1558513695.344;200;0.759;0.760
1558513696.050;200;0.704;0.704
1558513696.886;200;0.834;0.836
1558513697.666;200;0.779;0.780
1558513698.412;200;0.744;0.744
1558513699.119;200;0.704;0.704
1558513699.957;200;0.836;0.840
1558513700.694;200;0.733;0.736
1558513701.457;200;0.761;0.764
1558513702.185;200;0.726;0.724
1558513702.982;200;0.794;0.796
1558513703.783;200;0.799;0.800
1558513704.518;200;0.733;0.736
1558513705.252;200;0.730;0.732
1558513706.086;200;0.831;0.832
1558513706.885;200;0.795;0.796
1558513707.632;200;0.743;0.748
1558513708.353;200;0.715;0.712
1558513709.172;200;0.816;0.820
1558513709.979;200;0.804;0.808
1558513710.718;200;0.736;0.736
1558513711.439;200;0.719;0.724
1558513712.244;200;0.803;0.804
1558513713.003;200;0.756;0.756
1558513713.742;200;0.737;0.740
1558513714.492;200;0.748;0.752
1558513715.307;200;0.812;0.812
1558513716.043;200;0.734;0.736
1558513716.782;200;0.738;0.740
1558513717.504;200;0.720;0.724
1558513718.308;200;0.802;0.804
1558513719.054;200;0.743;0.744
1558513719.788;200;0.733;0.736
1558513720.563;200;0.773;0.772
1558513721.428;200;0.863;0.864
1558513722.160;200;0.730;0.732
1558513722.909;200;0.745;0.748
1558513723.640;200;0.729;0.732
1558513724.448;200;0.805;0.808
1558513725.201;200;0.747;0.748
1558513725.941;200;0.737;0.740
1558513726.647;200;0.703;0.704
1558513727.475;200;0.825;0.828
1558513728.222;200;0.745;0.744
1558513728.935;200;0.710;0.712
1558513729.691;200;0.754;0.756
1558513730.496;200;0.800;0.804
1558513731.248;200;0.749;0.752
1558513731.994;200;0.743;0.744
1558513732.724;200;0.727;0.732
1558513733.525;200;0.798;0.800
1558513734.328;200;0.802;0.800
1558513735.070;200;0.739;0.740
1558513735.791;200;0.719;0.720
1558513736.592;200;0.799;0.804
1558513737.347;200;0.754;0.756
1558513738.110;200;0.761;0.760
1558513738.830;200;0.718;0.720
1558513739.669;200;0.837;0.840
1558513740.423;200;0.752;0.752
1558513741.162;200;0.738;0.740
1558513741.887;200;0.723;0.724
1558513742.807;200;0.917;0.916
1558513743.573;200;0.765;0.764
1558513744.322;200;0.747;0.748
1558513745.048;200;0.724;0.728
1558513745.866;200;0.817;0.816
1558513746.621;200;0.753;0.756
1558513747.359;200;0.736;0.740
1558513748.079;200;0.718;0.716
1558513748.851;200;0.769;0.768
1558513749.621;200;0.768;0.772
1558513750.351;200;0.728;0.728
1558513751.082;200;0.730;0.732
1558513751.895;200;0.811;0.816
1558513752.606;200;0.709;0.708
1558513753.393;200;0.786;0.788
1558513754.119;200;0.723;0.724
1558513754.930;200;0.810;0.812
1558513755.695;200;0.763;0.764
1558513756.438;200;0.741;0.744
1558513757.174;200;0.735;0.736
1558513757.984;200;0.809;0.808
1558513758.778;200;0.792;0.792
1558513759.520;200;0.739;0.744
1558513760.250;200;0.728;0.728
1558513761.053;200;0.801;0.804
1558513761.868;200;0.812;0.816
1558513762.614;200;0.743;0.744
1558513763.342;200;0.725;0.728
1558513764.180;200;0.830;0.832
1558513764.929;200;0.744;0.744
1558513765.679;200;0.747;0.748
1558513766.392;200;0.709;0.712
1558513767.242;200;0.848;0.848
1558513767.991;200;0.745;0.748
1558513768.766;200;0.772;0.772
1558513769.530;200;0.761;0.764
1558513770.342;200;0.810;0.812
1558513771.089;200;0.745;0.748
1558513771.824;200;0.732;0.736
1558513772.599;200;0.772;0.776
1558513773.447;200;0.845;0.844
1558513774.209;200;0.760;0.764
1558513774.970;200;0.759;0.760
1558513775.703;200;0.731;0.732
1558513776.492;200;0.787;0.792
1558513777.262;200;0.768;0.768
1558513777.989;200;0.725;0.728
1558513778.744;200;0.749;0.752
1558513779.548;200;0.802;0.804
1558513780.242;200;0.692;0.692
1558513780.983;200;0.739;0.740
1558513781.705;200;0.721;0.724
1558513782.455;200;0.748;0.748
1558513783.205;200;0.749;0.752
1558513783.946;200;0.739;0.740
1558513784.652;200;0.704;0.704
1558513785.466;200;0.811;0.812
1558513786.247;200;0.780;0.780
1558513786.968;200;0.719;0.724
1558513787.732;200;0.761;0.764
1558513788.571;200;0.837;0.836
1558513789.332;200;0.759;0.764
1558513790.068;200;0.735;0.732
1558513790.750;200;0.679;0.680
1558513791.526;200;0.774;0.776
1558513792.318;200;0.791;0.792
1558513793.075;200;0.755;0.756
1558513793.787;200;0.710;0.712
1558513794.613;200;0.825;0.828
1558513795.300;200;0.685;0.688
1558513796.078;200;0.775;0.776
1558513796.810;200;0.730;0.732
1558513797.631;200;0.817;0.817
1558513798.378;200;0.745;0.748
1558513799.110;200;0.730;0.732
1558513799.847;200;0.735;0.736
1558513800.670;200;0.821;0.824
1558513801.426;200;0.751;0.752
1558513802.160;200;0.732;0.736
1558513802.875;200;0.713;0.712
1558513803.716;200;0.838;0.836
1558513804.484;200;0.766;0.768
1558513805.257;200;0.770;0.772
1558513805.944;200;0.685;0.688
1558513806.763;200;0.816;0.816
1558513807.524;200;0.759;0.764
1558513808.256;200;0.730;0.732
1558513809.012;200;0.753;0.756
1558513809.843;200;0.828;0.828
1558513810.617;200;0.770;0.772
1558513811.366;200;0.747;0.748
1558513812.135;200;0.767;0.768
1558513812.932;200;0.793;0.796
1558513813.715;200;0.781;0.780
1558513814.449;200;0.732;0.736
1558513815.183;200;0.732;0.732
1558513816.005;200;0.820;0.824
1558513816.786;200;0.779;0.780
1558513817.511;200;0.723;0.728
1558513818.228;200;0.715;0.716
1558513819.057;200;0.826;0.828
1558513819.841;200;0.781;0.784
1558513820.597;200;0.755;0.756
1558513821.362;200;0.763;0.764
1558513822.174;200;0.810;0.812
1558513822.990;200;0.814;0.816
1558513823.754;200;0.762;0.764
1558513824.464;200;0.708;0.712
1558513825.283;200;0.816;0.816
1558513826.043;200;0.757;0.756
1558513826.780;200;0.736;0.736
1558513827.510;200;0.728;0.728
1558513828.345;200;0.834;0.836
1558513829.104;200;0.756;0.760
1558513829.856;200;0.749;0.752
1558513830.598;200;0.740;0.740
1558513831.440;200;0.841;0.844
1558513832.193;200;0.751;0.752
1558513832.932;200;0.737;0.740
1558513833.673;200;0.738;0.740
1558513834.475;200;0.799;0.804
1558513835.219;200;0.741;0.740
1558513835.956;200;0.735;0.740
1558513836.704;200;0.746;0.744
1558513837.540;200;0.833;0.836
1558513838.291;200;0.748;0.748
1558513839.073;200;0.778;0.780
1558513839.803;200;0.727;0.728
1558513840.609;200;0.804;0.808
1558513841.354;200;0.741;0.744
1558513842.105;200;0.749;0.752
1558513842.841;200;0.734;0.736
1558513843.658;200;0.815;0.816
1558513844.443;200;0.783;0.784
1558513845.202;200;0.757;0.760
1558513845.917;200;0.713;0.716
1558513846.730;200;0.811;0.812
1558513847.487;200;0.755;0.760
1558513848.248;200;0.758;0.760
1558513848.952;200;0.699;0.704
1558513849.748;200;0.794;0.796
1558513850.491;200;0.741;0.740
1558513851.220;200;0.726;0.728
1558513851.927;200;0.704;0.704
1558513852.733;200;0.804;0.808
1558513853.500;200;0.765;0.768
1558513854.299;200;0.797;0.796
1558513855.024;200;0.723;0.724
1558513855.834;200;0.807;0.808
1558513856.502;200;0.667;0.668
1558513857.252;200;0.748;0.752
1558513857.979;200;0.724;0.724
1558513858.772;200;0.791;0.792
1558513859.544;200;0.769;0.772
1558513860.283;200;0.736;0.736
1558513861.014;200;0.728;0.728
1558513861.840;200;0.824;0.828
1558513862.582;200;0.739;0.740
1558513863.339;200;0.755;0.756
1558513864.047;200;0.706;0.708
1558513864.874;200;0.825;0.828
1558513865.638;200;0.763;0.764
1558513866.354;200;0.714;0.716
1558513867.031;200;0.676;0.676
1558513867.883;200;0.850;0.852
1558513868.638;200;0.753;0.756
1558513869.379;200;0.739;0.740
1558513870.122;200;0.741;0.744
1558513870.980;200;0.855;0.860
1558513871.770;200;0.785;0.788
1558513872.522;200;0.750;0.752
1558513873.265;200;0.740;0.744
1558513874.060;200;0.792;0.792
1558513874.834;200;0.773;0.772
1558513875.570;200;0.734;0.736
1558513876.319;200;0.748;0.748
1558513877.148;200;0.827;0.832
1558513877.939;200;0.786;0.784
1558513878.672;200;0.731;0.736
1558513879.419;200;0.743;0.744
1558513880.203;200;0.781;0.780
1558513880.975;200;0.771;0.772
1558513881.710;200;0.732;0.732
1558513882.467;200;0.755;0.756
1558513883.318;200;0.848;0.848
1558513884.078;200;0.759;0.760
1558513884.830;200;0.750;0.752
1558513885.552;200;0.720;0.724
1558513886.359;200;0.804;0.804
1558513887.079;200;0.719;0.720
1558513887.828;200;0.748;0.752
1558513888.556;200;0.724;0.728
1558513889.420;200;0.862;0.864
1558513890.183;200;0.761;0.760
1558513890.922;200;0.738;0.740
1558513891.639;200;0.715;0.716
1558513892.485;200;0.845;0.848
1558513893.287;200;0.800;0.800
1558513894.010;200;0.722;0.724
1558513894.767;200;0.755;0.756
1558513895.574;200;0.805;0.804
1558513896.324;200;0.748;0.748
1558513897.046;200;0.720;0.720
1558513897.758;200;0.710;0.712
1558513898.563;200;0.803;0.804
1558513899.301;200;0.735;0.736
1558513900.051;200;0.747;0.748
1558513900.767;200;0.714;0.716
1558513901.562;200;0.793;0.792
1558513902.317;200;0.754;0.756
1558513903.063;200;0.743;0.744
1558513903.813;200;0.746;0.744
1558513904.626;200;0.810;0.812
1558513905.352;200;0.725;0.724
1558513906.100;200;0.745;0.748
1558513906.817;200;0.715;0.716
1558513907.636;200;0.817;0.816
1558513908.408;200;0.770;0.772
1558513909.142;200;0.730;0.732
1558513909.896;200;0.752;0.756
1558513910.713;200;0.815;0.812
1558513911.441;200;0.726;0.728
1558513912.186;200;0.743;0.744
1558513912.893;200;0.706;0.708
1558513913.687;200;0.792;0.792
1558513914.438;200;0.750;0.752
1558513915.179;200;0.738;0.740
1558513915.905;200;0.724;0.728
1558513916.710;200;0.803;0.804
1558513917.487;200;0.775;0.776
1558513918.242;200;0.753;0.756
1558513918.945;200;0.700;0.700
1558513919.764;200;0.816;0.820
1558513920.508;200;0.741;0.744
1558513921.267;200;0.756;0.756
1558513921.996;200;0.726;0.728
1558513922.794;200;0.795;0.796
1558513923.534;200;0.739;0.740
1558513924.280;200;0.745;0.748
1558513925.046;200;0.764;0.764
1558513925.901;200;0.853;0.856
1558513926.647;200;0.745;0.744
1558513927.396;200;0.747;0.752
1558513928.130;200;0.732;0.732
1558513928.924;200;0.793;0.796
1558513929.640;200;0.714;0.716
1558513930.384;200;0.742;0.740
1558513931.108;200;0.722;0.724
1558513931.919;200;0.809;0.808
1558513932.630;200;0.709;0.712
1558513933.371;200;0.740;0.740
1558513934.130;200;0.758;0.760
1558513934.959;200;0.827;0.828
1558513935.699;200;0.739;0.740
1558513936.499;200;0.797;0.796
1558513937.253;200;0.752;0.756
1558513938.075;200;0.821;0.820
1558513938.880;200;0.801;0.804
1558513939.626;200;0.743;0.744
1558513940.386;200;0.758;0.760
1558513941.231;200;0.843;0.844
1558513942.073;200;0.841;0.840
1558513942.829;200;0.754;0.756
1558513943.550;200;0.719;0.720
1558513944.369;200;0.817;0.820
1558513945.134;200;0.763;0.764
1558513945.879;200;0.743;0.744
1558513946.606;200;0.725;0.728
1558513947.408;200;0.800;0.800
1558513948.149;200;0.738;0.736
1558513948.904;200;0.753;0.756
1558513949.651;200;0.744;0.744
1558513950.480;200;0.827;0.828
1558513951.240;200;0.757;0.760
1558513951.997;200;0.755;0.756
1558513952.724;200;0.725;0.728
1558513953.580;200;0.852;0.856
1558513954.323;200;0.737;0.736
1558513955.070;200;0.745;0.744
1558513955.776;200;0.704;0.704
1558513956.632;200;0.853;0.852
1558513957.446;200;0.811;0.812
1558513958.201;200;0.753;0.756
1558513958.929;200;0.725;0.728
1558513959.772;200;0.841;0.840
1558513960.520;200;0.744;0.748
1558513961.300;200;0.778;0.780
1558513962.123;200;0.753;0.752
1558513962.917;200;0.791;0.792
1558513963.644;200;0.725;0.728
1558513964.411;200;0.761;0.760
1558513965.150;200;0.736;0.736
1558513965.965;200;0.813;0.816
1558513966.680;200;0.713;0.712
1558513967.431;200;0.749;0.748
1558513968.199;200;0.766;0.768
1558513969.063;200;0.862;0.864
1558513969.804;200;0.739;0.736
1558513970.566;200;0.760;0.760
1558513971.256;200;0.689;0.692
1558513972.065;200;0.807;0.808
1558513972.862;200;0.795;0.796
1558513973.619;200;0.755;0.756
1558513974.374;200;0.753;0.756
1558513975.166;200;0.790;0.792
1558513975.891;200;0.724;0.724
1558513976.647;200;0.754;0.752
1558513977.386;200;0.737;0.740
1558513978.203;200;0.816;0.816
1558513978.947;200;0.741;0.740
1558513979.684;200;0.735;0.736
1558513980.418;200;0.732;0.732
1558513981.263;200;0.843;0.844
1558513982.025;200;0.760;0.760
1558513982.767;200;0.740;0.740
1558513983.481;200;0.711;0.712
1558513984.327;200;0.840;0.840
1558513985.084;200;0.755;0.756
1558513985.834;200;0.748;0.748
1558513986.544;200;0.708;0.708
1558513987.355;200;0.809;0.808
1558513988.151;200;0.795;0.796
1558513988.905;200;0.751;0.752
1558513989.646;200;0.739;0.740
1558513990.458;200;0.810;0.812
1558513991.241;200;0.782;0.784
1558513992.028;200;0.785;0.788
1558513992.765;200;0.735;0.732
1558513993.588;200;0.821;0.820
1558513994.391;200;0.801;0.800
1558513995.143;200;0.750;0.752
1558513995.883;200;0.737;0.736
1558513996.694;200;0.808;0.808
1558513997.475;200;0.779;0.780
1558513998.222;200;0.744;0.744
1558513998.956;200;0.731;0.732
1558513999.811;200;0.853;0.852
1558514000.600;200;0.787;0.788
1558514001.368;200;0.766;0.768
1558514002.088;200;0.717;0.720
1558514002.906;200;0.815;0.816
1558514003.682;200;0.774;0.776
1558514004.459;200;0.775;0.776
1558514005.195;200;0.734;0.736
1558514006.019;200;0.821;0.820
1558514006.759;200;0.738;0.740
1558514007.526;200;0.765;0.768
1558514008.280;200;0.752;0.756
1558514009.092;200;0.809;0.812
1558514009.910;200;0.816;0.816
1558514010.674;200;0.762;0.764
1558514011.399;200;0.723;0.724
1558514012.218;200;0.815;0.816
1558514012.978;200;0.758;0.760
1558514013.743;200;0.763;0.764
1558514014.470;200;0.725;0.728
1558514015.281;200;0.809;0.812
1558514016.024;200;0.741;0.740
1558514016.779;200;0.753;0.752
1558514017.496;200;0.715;0.716
1558514018.315;200;0.817;0.816
1558514019.072;200;0.754;0.752
1558514019.816;200;0.740;0.744
1558514020.526;200;0.707;0.708
1558514021.365;200;0.838;0.840
1558514022.171;200;0.803;0.804
1558514022.934;200;0.761;0.764
1558514023.663;200;0.727;0.728
1558514024.471;200;0.806;0.808
1558514025.227;200;0.755;0.756
1558514026.004;200;0.775;0.776
1558514026.727;200;0.721;0.720
1558514027.554;200;0.825;0.824
1558514028.244;200;0.687;0.692
1558514029.015;200;0.767;0.768
1558514029.742;200;0.725;0.728
1558514030.550;200;0.806;0.808
