timestamp;status;request_time;upstream_response_time
1558514098.036;200;0.754;0.752
1558514098.800;200;0.722;0.720
1558514099.583;200;0.779;0.780
1558514100.423;200;0.836;0.836
1558514101.191;200;0.764;0.764
1558514101.942;200;0.727;0.728
1558514102.745;200;0.798;0.796
1558514103.573;200;0.825;0.824
1558514104.315;200;0.739;0.740
1558514105.063;200;0.744;0.744
1558514105.839;200;0.772;0.773
1558514106.687;200;0.840;0.840
1558514107.413;200;0.722;0.724
1558514108.172;200;0.753;0.756
1558514108.978;200;0.800;0.800
1558514109.897;200;0.915;0.916
1558514110.655;200;0.754;0.756
1558514111.405;200;0.744;0.748
1558514112.178;200;0.770;0.772
1558514113.003;200;0.820;0.820
1558514113.754;200;0.746;0.748
1558514114.490;200;0.732;0.732
1558514115.264;200;0.769;0.768
1558514116.060;200;0.790;0.788
1558514116.806;200;0.740;0.740
1558514117.529;200;0.715;0.716
1558514118.267;200;0.735;0.736
1558514119.100;200;0.826;0.824
1558514119.830;200;0.726;0.728
1558514120.564;200;0.728;0.728
1558514121.388;200;0.820;0.820
1558514122.202;200;0.810;0.812
1558514122.957;200;0.751;0.752
1558514123.697;200;0.737;0.740
1558514124.442;200;0.740;0.740
1558514125.246;200;0.800;0.800
1558514125.997;200;0.747;0.748
1558514126.760;200;0.759;0.756
1558514127.553;200;0.785;0.788
1558514128.383;200;0.824;0.824
1558514129.131;200;0.744;0.744
1558514129.867;200;0.732;0.732
1558514130.635;200;0.764;0.764
1558514131.450;200;0.810;0.812
1558514132.194;200;0.740;0.740
1558514132.918;200;0.720;0.720
1558514133.738;200;0.817;0.816
1558514134.546;200;0.805;0.808
1558514135.295;200;0.745;0.744
1558514136.013;200;0.714;0.716
1558514136.773;200;0.757;0.756
1558514137.576;200;0.800;0.800
1558514138.318;200;0.735;0.736
1558514139.048;200;0.727;0.724
1558514139.797;200;0.739;0.736
1558514140.628;200;0.829;0.828
1558514141.393;200;0.762;0.764
1558514142.162;200;0.766;0.768
1558514142.950;200;0.784;0.784
1558514143.744;200;0.789;0.788
1558514144.502;200;0.752;0.752
1558514145.221;200;0.716;0.720
1558514145.989;200;0.765;0.768
1558514146.808;200;0.816;0.816
1558514147.552;200;0.738;0.736
1558514148.298;200;0.743;0.744
1558514148.995;200;0.695;0.696
1558514149.831;200;0.833;0.832
1558514150.590;200;0.756;0.756
1558514151.318;200;0.724;0.724
1558514152.062;200;0.741;0.740
1558514152.872;200;0.807;0.804
1558514153.635;200;0.759;0.760
1558514154.367;200;0.727;0.728
1558514155.117;200;0.747;0.748
1558514155.941;200;0.821;0.824
1558514156.690;200;0.746;0.748
1558514157.416;200;0.723;0.720
1558514158.178;200;0.758;0.760
1558514159.004;200;0.824;0.824
1558514159.747;200;0.739;0.740
1558514160.470;200;0.719;0.720
1558514161.264;200;0.790;0.788
1558514162.109;200;0.842;0.844
1558514162.892;200;0.780;0.780
1558514163.631;200;0.735;0.736
1558514164.387;200;0.753;0.752
1558514165.226;200;0.835;0.836
1558514166.005;200;0.776;0.780
1558514166.764;200;0.756;0.756
1558514167.457;200;0.689;0.688
1558514168.291;200;0.829;0.828
1558514169.048;200;0.753;0.752
1558514169.799;200;0.748;0.748
1558514170.542;200;0.739;0.740
1558514171.374;200;0.828;0.828
1558514172.134;200;0.758;0.760
1558514172.878;200;0.741;0.740
1558514173.675;200;0.791;0.792
1558514174.483;200;0.805;0.804
1558514175.260;200;0.767;0.768
1558514175.984;200;0.721;0.720
1558514176.764;200;0.775;0.776
1558514177.588;200;0.821;0.820
1558514178.329;200;0.734;0.736
1558514179.071;200;0.739;0.740
1558514179.788;200;0.713;0.712
1558514180.609;200;0.817;0.820
1558514181.371;200;0.760;0.760
1558514182.112;200;0.734;0.732
1558514182.883;200;0.768;0.768
1558514183.684;200;0.797;0.796
1558514184.432;200;0.745;0.744
1558514185.182;200;0.747;0.748
1558514185.951;200;0.764;0.764
1558514186.743;200;0.787;0.788
1558514187.518;200;0.766;0.768
1558514188.274;200;0.716;0.716
1558514189.050;200;0.772;0.772
1558514189.850;200;0.798;0.800
1558514190.625;200;0.772;0.776
1558514191.358;200;0.731;0.732
1558514192.137;200;0.776;0.776
1558514192.958;200;0.818;0.820
1558514193.708;200;0.748;0.748
1558514194.431;200;0.720;0.720
1558514195.176;200;0.739;0.740
1558514196.015;200;0.834;0.836
1558514196.763;200;0.745;0.744
1558514197.435;200;0.668;0.668
1558514198.179;200;0.739;0.740
1558514198.994;200;0.810;0.812
1558514199.760;200;0.763;0.760
1558514200.476;200;0.712;0.712
1558514201.278;200;0.798;0.800
1558514202.104;200;0.822;0.820
1558514202.851;200;0.744;0.744
1558514203.576;200;0.723;0.724
1558514204.331;200;0.753;0.752
1558514205.172;200;0.838;0.836
1558514205.906;200;0.731;0.732
1558514206.659;200;0.750;0.752
1558514207.424;200;0.762;0.760
1558514208.285;200;0.854;0.856
1558514209.045;200;0.758;0.756
1558514209.787;200;0.739;0.740
1558514210.551;200;0.761;0.760
1558514211.415;200;0.860;0.860
1558514212.160;200;0.742;0.740
1558514212.923;200;0.760;0.760
1558514213.682;200;0.756;0.756
1558514214.489;200;0.803;0.800
1558514215.257;200;0.765;0.764
1558514215.964;200;0.704;0.704
1558514216.674;200;0.707;0.708
1558514217.505;200;0.827;0.828
1558514218.287;200;0.777;0.776
1558514219.007;200;0.713;0.712
1558514219.724;200;0.713;0.712
1558514220.536;200;0.809;0.808
1558514221.283;200;0.744;0.744
1558514222.014;200;0.724;0.724
1558514222.791;200;0.773;0.772
1558514223.618;200;0.824;0.824
1558514224.362;200;0.740;0.740
1558514225.107;200;0.742;0.744
1558514225.788;200;0.677;0.676
1558514226.593;200;0.802;0.800
1558514227.329;200;0.734;0.736
1558514228.056;200;0.721;0.720
1558514228.824;200;0.765;0.764
1558514229.714;200;0.887;0.888
1558514230.479;200;0.762;0.764
1558514231.223;200;0.741;0.740
1558514231.976;200;0.750;0.748
1558514232.811;200;0.832;0.832
1558514233.504;200;0.689;0.688
1558514234.259;200;0.751;0.752
1558514235.021;200;0.758;0.756
1558514235.820;200;0.796;0.796
1558514236.587;200;0.764;0.764
1558514237.271;200;0.680;0.680
1558514238.030;200;0.755;0.756
1558514238.859;200;0.826;0.824
1558514239.616;200;0.755;0.752
1558514240.373;200;0.754;0.756
1558514241.116;200;0.740;0.740
1558514241.944;200;0.825;0.824
1558514242.702;200;0.756;0.756
1558514243.454;200;0.750;0.752
1558514244.255;200;0.798;0.796
1558514245.131;200;0.872;0.872
1558514245.949;200;0.815;0.816
1558514246.699;200;0.747;0.748
1558514247.434;200;0.732;0.732
1558514248.268;200;0.829;0.828
1558514249.037;200;0.766;0.768
1558514249.786;200;0.745;0.744
1558514250.583;200;0.794;0.796
1558514251.444;200;0.858;0.856
1558514252.216;200;0.766;0.764
1558514252.958;200;0.738;0.740
1558514253.725;200;0.764;0.764
1558514254.571;200;0.843;0.844
1558514255.367;200;0.792;0.792
1558514256.111;200;0.740;0.740
1558514256.927;200;0.812;0.812
1558514257.727;200;0.795;0.796
1558514258.499;200;0.768;0.768
1558514259.218;200;0.716;0.716
1558514259.956;200;0.734;0.732
1558514260.768;200;0.809;0.808
1558514261.531;200;0.761;0.760
1558514262.300;200;0.767;0.764
1558514263.071;200;0.768;0.768
1558514263.898;200;0.825;0.824
1558514264.641;200;0.740;0.744
1558514265.379;200;0.735;0.736
1558514266.135;200;0.753;0.752
1558514266.966;200;0.828;0.828
1558514267.721;200;0.751;0.752
1558514268.422;200;0.698;0.700
1558514269.171;200;0.747;0.748
1558514270.002;200;0.827;0.828
1558514270.746;200;0.734;0.736
1558514271.479;200;0.731;0.732
1558514272.260;200;0.778;0.776
1558514273.078;200;0.814;0.816
1558514273.865;200;0.785;0.784
1558514274.582;200;0.715;0.716
1558514275.357;200;0.772;0.776
1558514276.177;200;0.817;0.820
1558514276.915;200;0.735;0.736
1558514277.675;200;0.754;0.756
1558514278.476;200;0.797;0.796
1558514279.290;200;0.810;0.812
1558514280.020;200;0.728;0.728
1558514280.741;200;0.717;0.720
1558514281.534;200;0.791;0.792
1558514282.353;200;0.816;0.816
1558514283.105;200;0.749;0.748
1558514283.854;200;0.746;0.748
1558514284.662;200;0.805;0.808
1558514285.481;200;0.817;0.816
1558514286.219;200;0.736;0.736
1558514286.933;200;0.711;0.712
1558514287.690;200;0.753;0.756
1558514288.531;200;0.837;0.836
1558514289.294;200;0.759;0.760
1558514290.010;200;0.714;0.716
1558514290.760;200;0.746;0.744
1558514291.609;200;0.846;0.848
1558514292.358;200;0.746;0.748
1558514293.091;200;0.731;0.732
1558514293.872;200;0.777;0.776
1558514294.691;200;0.815;0.816
1558514295.447;200;0.749;0.748
1558514296.173;200;0.722;0.724
1558514296.903;200;0.724;0.724
1558514297.738;200;0.831;0.832
1558514298.463;200;0.721;0.720
1558514299.191;200;0.725;0.724
1558514299.949;200;0.755;0.756
1558514300.728;200;0.777;0.776
1558514301.494;200;0.763;0.764
1558514302.267;200;0.770;0.772
1558514303.060;200;0.789;0.788
1558514303.899;200;0.836;0.836
1558514304.632;200;0.731;0.728
1558514305.364;200;0.729;0.728
1558514306.130;200;0.763;0.764
1558514306.944;200;0.811;0.812
1558514307.675;200;0.728;0.728
1558514308.403;200;0.725;0.724
1558514309.110;200;0.704;0.704
1558514309.942;200;0.829;0.828
1558514310.674;200;0.730;0.732
1558514311.403;200;0.726;0.724
1558514312.166;200;0.760;0.760
1558514313.021;200;0.852;0.856
1558514313.755;200;0.731;0.732
1558514314.515;200;0.757;0.756
1558514315.259;200;0.741;0.740
1558514316.081;200;0.820;0.816
1558514316.824;200;0.741;0.740
1558514317.563;200;0.735;0.736
1558514318.323;200;0.756;0.756
1558514319.135;200;0.809;0.808
1558514319.868;200;0.730;0.728
1558514320.629;200;0.758;0.760
1558514321.434;200;0.802;0.804
1558514322.262;200;0.826;0.828
1558514323.004;200;0.739;0.740
1558514323.731;200;0.724;0.724
1558514324.519;200;0.785;0.784
1558514325.358;200;0.834;0.836
1558514326.086;200;0.725;0.724
1558514326.854;200;0.764;0.764
1558514327.636;200;0.777;0.776
1558514328.459;200;0.820;0.820
1558514329.246;200;0.780;0.780
1558514329.976;200;0.726;0.724
1558514330.765;200;0.778;0.776
1558514331.587;200;0.820;0.820
1558514332.300;200;0.709;0.708
1558514333.027;200;0.724;0.724
1558514333.828;200;0.797;0.796
1558514334.652;200;0.821;0.820
1558514335.385;200;0.730;0.732
1558514336.120;200;0.732;0.732
1558514336.885;200;0.763;0.764
1558514337.715;200;0.825;0.824
1558514338.486;200;0.769;0.772
1558514339.210;200;0.721;0.724
1558514339.957;200;0.745;0.744
1558514340.766;200;0.807;0.808
1558514341.509;200;0.740;0.744
1558514342.276;200;0.764;0.764
1558514343.066;200;0.787;0.788
1558514343.899;200;0.830;0.832
1558514344.649;200;0.746;0.744
1558514345.380;200;0.729;0.728
1558514346.151;200;0.767;0.768
1558514346.978;200;0.823;0.824
1558514347.727;200;0.745;0.744
1558514348.511;200;0.781;0.780
1558514349.306;200;0.791;0.792
1558514350.102;200;0.792;0.792
1558514350.856;200;0.752;0.752
1558514351.609;200;0.751;0.748
1558514352.363;200;0.752;0.752
1558514353.231;200;0.865;0.864
1558514353.990;200;0.756;0.756
1558514354.735;200;0.741;0.740
1558514355.507;200;0.769;0.768
1558514356.315;200;0.804;0.804
1558514357.070;200;0.752;0.752
1558514357.792;200;0.717;0.716
1558514358.576;200;0.782;0.780
1558514359.391;200;0.811;0.812
1558514360.165;200;0.770;0.768
1558514360.899;200;0.731;0.732
1558514361.723;200;0.819;0.820
1558514362.540;200;0.813;0.812
1558514363.305;200;0.762;0.760
1558514364.044;200;0.736;0.736
1558514364.836;200;0.789;0.788
1558514365.642;200;0.803;0.804
1558514366.409;200;0.765;0.768
1558514367.136;200;0.725;0.724
1558514367.889;200;0.749;0.752
1558514368.713;200;0.820;0.816
1558514369.470;200;0.755;0.756
1558514370.194;200;0.719;0.720
1558514370.947;200;0.751;0.752
1558514371.777;200;0.826;0.828
1558514372.537;200;0.757;0.756
1558514373.240;200;0.701;0.700
1558514373.994;200;0.750;0.752
1558514374.858;200;0.859;0.860
1558514375.591;200;0.730;0.732
1558514376.358;200;0.764;0.764
1558514377.166;200;0.805;0.808
1558514377.989;200;0.819;0.816
1558514378.701;200;0.710;0.712
1558514379.430;200;0.726;0.728
1558514380.178;200;0.745;0.748
1558514381.027;200;0.845;0.844
1558514381.810;200;0.781;0.780
1558514382.577;200;0.764;0.764
1558514383.387;200;0.808;0.808
1558514384.199;200;0.809;0.808
1558514384.943;200;0.742;0.740
1558514385.682;200;0.736;0.736
1558514386.446;200;0.759;0.760
1558514387.288;200;0.838;0.836
1558514388.062;200;0.771;0.772
1558514388.791;200;0.725;0.724
1558514389.550;200;0.754;0.756
1558514390.360;200;0.807;0.808
1558514391.141;200;0.779;0.780
1558514391.880;200;0.737;0.736
1558514392.660;200;0.778;0.776
1558514393.465;200;0.802;0.800
1558514394.239;200;0.772;0.772
1558514394.961;200;0.720;0.720
1558514395.748;200;0.785;0.785
1558514396.577;200;0.827;0.828
1558514397.326;200;0.744;0.744
1558514398.086;200;0.757;0.756
1558514398.827;200;0.739;0.740
1558514399.672;200;0.842;0.844
1558514400.393;200;0.718;0.724
1558514401.119;200;0.723;0.720
1558514401.900;200;0.776;0.776
1558514402.710;200;0.807;0.812
1558514403.429;200;0.717;0.716
1558514404.179;200;0.747;0.752
1558514404.972;200;0.788;0.788
1558514405.788;200;0.813;0.812
1558514406.527;200;0.734;0.732
1558514407.260;200;0.729;0.724
1558514408.025;200;0.761;0.764
1558514408.844;200;0.817;0.816
1558514409.591;200;0.744;0.748
1558514410.303;200;0.709;0.708
1558514411.055;200;0.749;0.752
1558514411.917;200;0.860;0.860
1558514412.677;200;0.758;0.760
1558514413.456;200;0.777;0.780
1558514414.157;200;0.699;0.700
1558514414.962;200;0.803;0.808
1558514415.694;200;0.730;0.732
1558514416.410;200;0.713;0.716
1558514417.174;200;0.762;0.764
1558514418.029;200;0.852;0.856
1558514418.775;200;0.743;0.744
1558514419.537;200;0.759;0.760
1558514420.290;200;0.751;0.752
1558514421.109;200;0.815;0.808
1558514421.856;200;0.745;0.748
1558514422.590;200;0.731;0.736
1558514423.343;200;0.750;0.752
1558514424.170;200;0.822;0.824
1558514424.921;200;0.748;0.748
1558514425.694;200;0.771;0.776
1558514426.463;200;0.767;0.768
1558514427.275;200;0.809;0.812
1558514428.022;200;0.744;0.744
1558514428.755;200;0.731;0.732
1558514429.532;200;0.773;0.772
1558514430.367;200;0.832;0.836
1558514431.123;200;0.754;0.756
1558514431.846;200;0.719;0.720
1558514432.615;200;0.766;0.768
1558514433.526;200;0.908;0.912
1558514434.303;200;0.773;0.768
1558514435.055;200;0.749;0.752
1558514435.840;200;0.782;0.784
1558514436.694;200;0.852;0.856
1558514437.466;200;0.768;0.768
1558514438.203;200;0.734;0.736
1558514438.974;200;0.767;0.772
1558514439.806;200;0.829;0.832
1558514440.558;200;0.749;0.752
1558514441.294;200;0.733;0.736
1558514442.023;200;0.726;0.728
1558514442.888;200;0.860;0.860
1558514443.621;200;0.730;0.732
1558514444.343;200;0.719;0.720
1558514445.088;200;0.742;0.744
1558514445.934;200;0.842;0.844
1558514446.661;200;0.724;0.724
1558514447.426;200;0.763;0.768
1558514448.148;200;0.719;0.720
1558514448.968;200;0.817;0.820
1558514449.714;200;0.744;0.748
1558514450.454;200;0.736;0.732
1558514451.187;200;0.731;0.736
1558514452.000;200;0.810;0.812
1558514452.717;200;0.714;0.716
1558514453.442;200;0.723;0.728
1558514454.207;200;0.762;0.764
1558514455.038;200;0.828;0.832
1558514455.784;200;0.744;0.744
1558514456.497;200;0.710;0.712
1558514457.246;200;0.746;0.752
1558514458.077;200;0.828;0.824
1558514458.807;200;0.728;0.732
1558514459.516;200;0.706;0.708
1558514460.266;200;0.740;0.744
1558514461.077;200;0.807;0.808
1558514461.829;200;0.747;0.744
1558514462.581;200;0.750;0.752
1558514463.263;200;0.680;0.684
1558514464.095;200;0.829;0.824
1558514464.819;200;0.722;0.724
1558514465.558;200;0.737;0.740
1558514466.303;200;0.742;0.744
1558514467.105;200;0.798;0.800
1558514467.849;200;0.740;0.744
1558514468.563;200;0.712;0.712
1558514469.396;200;0.830;0.832
1558514470.209;200;0.809;0.812
1558514470.967;200;0.756;0.760
1558514471.710;200;0.740;0.744
1558514472.426;200;0.712;0.712
1558514473.277;200;0.848;0.852
1558514474.044;200;0.765;0.768
1558514474.747;200;0.700;0.704
1558514475.512;200;0.761;0.760
1558514476.336;200;0.821;0.820
1558514477.077;200;0.739;0.736
1558514477.800;200;0.721;0.724
1558514478.561;200;0.758;0.760
1558514479.394;200;0.831;0.832
1558514480.192;200;0.795;0.800
1558514480.923;200;0.728;0.732
1558514481.729;200;0.802;0.804
1558514482.554;200;0.823;0.828
1558514483.287;200;0.729;0.732
1558514484.030;200;0.740;0.740
1558514484.806;200;0.773;0.776
1558514485.677;200;0.867;0.864
1558514486.426;200;0.747;0.748
1558514487.147;200;0.718;0.724
1558514487.911;200;0.760;0.764
1558514488.751;200;0.836;0.840
1558514489.514;200;0.759;0.764
1558514490.255;200;0.738;0.740
1558514491.012;200;0.754;0.756
1558514491.862;200;0.844;0.848
1558514492.602;200;0.735;0.732
1558514493.312;200;0.707;0.712
1558514494.071;200;0.752;0.752
1558514494.929;200;0.855;0.856
1558514495.679;200;0.748;0.752
1558514496.375;200;0.693;0.696
1558514497.182;200;0.803;0.808
1558514498.055;200;0.869;0.872
1558514498.820;200;0.762;0.760
1558514499.534;200;0.710;0.716
1558514500.255;200;0.717;0.720
1558514501.093;200;0.835;0.836
1558514501.868;200;0.773;0.776
1558514502.620;200;0.748;0.748
1558514503.373;200;0.749;0.752
1558514504.217;200;0.841;0.840
1558514504.955;200;0.736;0.740
1558514505.698;200;0.739;0.744
1558514506.455;200;0.754;0.756
1558514507.283;200;0.825;0.828
1558514508.044;200;0.756;0.760
1558514508.757;200;0.711;0.712
1558514509.510;200;0.750;0.752
1558514510.309;200;0.795;0.792
1558514511.047;200;0.736;0.740
1558514511.776;200;0.724;0.724
1558514512.559;200;0.778;0.780
1558514513.358;200;0.796;0.800
1558514514.094;200;0.734;0.736
1558514514.820;200;0.722;0.724
1558514515.563;200;0.741;0.744
1558514516.369;200;0.802;0.800
1558514517.129;200;0.758;0.760
1558514517.851;200;0.720;0.724
1558514518.611;200;0.756;0.756
1558514519.417;200;0.803;0.804
1558514520.169;200;0.750;0.752
1558514520.913;200;0.742;0.744
1558514521.655;200;0.739;0.744
1558514522.473;200;0.814;0.816
1558514523.262;200;0.786;0.792
1558514523.985;200;0.719;0.720
1558514524.778;200;0.783;0.784
1558514525.586;200;0.806;0.812
1558514526.311;200;0.722;0.724
1558514527.033;200;0.719;0.716
1558514527.778;200;0.742;0.748
1558514528.587;200;0.807;0.808
1558514529.316;200;0.727;0.728
1558514530.037;200;0.719;0.720
1558514530.828;200;0.788;0.788
1558514531.651;200;0.821;0.824
1558514532.419;200;0.765;0.768
1558514533.162;200;0.739;0.740
1558514533.909;200;0.745;0.748
1558514534.770;200;0.858;0.860
1558514535.502;200;0.727;0.728
1558514536.237;200;0.731;0.732
1558514536.903;200;0.662;0.668
1558514537.720;200;0.813;0.816
1558514538.465;200;0.743;0.744
1558514539.203;200;0.736;0.740
1558514540.008;200;0.802;0.804
1558514540.841;200;0.829;0.828
1558514541.581;200;0.737;0.740
1558514542.298;200;0.714;0.716
1558514543.063;200;0.762;0.768
1558514543.904;200;0.837;0.836
1558514544.662;200;0.755;0.760
1558514545.403;200;0.737;0.740
1558514546.155;200;0.748;0.752
1558514546.973;200;0.815;0.816
1558514547.697;200;0.720;0.720
1558514548.443;200;0.743;0.744
1558514549.259;200;0.814;0.816
1558514550.096;200;0.835;0.832
1558514550.814;200;0.716;0.720
1558514551.539;200;0.722;0.724
1558514552.285;200;0.743;0.744
1558514553.122;200;0.834;0.836
1558514553.869;200;0.745;0.748
1558514554.623;200;0.751;0.756
1558514555.391;200;0.765;0.768
1558514556.206;200;0.813;0.812
1558514556.940;200;0.731;0.736
1558514557.684;200;0.741;0.744
1558514558.446;200;0.760;0.760
1558514559.267;200;0.818;0.824
1558514560.053;200;0.781;0.784
1558514560.769;200;0.714;0.716
1558514561.550;200;0.779;0.784
1558514562.370;200;0.817;0.816
1558514563.104;200;0.732;0.736
1558514563.866;200;0.760;0.764
1558514564.634;200;0.765;0.764
1558514565.444;200;0.808;0.808
1558514566.152;200;0.705;0.708
1558514566.861;200;0.706;0.708
1558514567.619;200;0.755;0.760
1558514568.463;200;0.842;0.844
1558514569.179;200;0.713;0.716
1558514569.923;200;0.740;0.744
1558514570.726;200;0.799;0.804
1558514571.560;200;0.832;0.832
1558514572.291;200;0.728;0.732
1558514573.007;200;0.714;0.716
1558514573.780;200;0.770;0.768
1558514574.578;200;0.795;0.800
1558514575.325;200;0.743;0.744
1558514576.058;200;0.731;0.736
1558514576.807;200;0.745;0.744
1558514577.626;200;0.816;0.816
1558514578.367;200;0.738;0.740
1558514579.102;200;0.732;0.732
1558514579.851;200;0.746;0.752
1558514580.650;200;0.796;0.796
1558514581.407;200;0.755;0.760
1558514582.147;200;0.736;0.740
1558514582.851;200;0.700;0.704
1558514583.703;200;0.849;0.852
1558514584.441;200;0.734;0.736
1558514585.210;200;0.767;0.768
1558514585.906;200;0.693;0.700
1558514586.722;200;0.814;0.816
1558514587.470;200;0.744;0.744
1558514588.184;200;0.710;0.712
1558514588.932;200;0.745;0.748
1558514589.762;200;0.827;0.832
1558514590.536;200;0.771;0.772
1558514591.282;200;0.743;0.748
1558514592.037;200;0.753;0.752
1558514592.860;200;0.821;0.824
1558514593.599;200;0.738;0.740
1558514594.319;200;0.716;0.720
1558514595.080;200;0.759;0.756
1558514595.966;200;0.884;0.884
1558514596.711;200;0.744;0.748
1558514597.418;200;0.703;0.704
1558514598.182;200;0.760;0.760
1558514599.007;200;0.823;0.828
1558514599.771;200;0.761;0.760
1558514600.491;200;0.718;0.716
1558514601.271;200;0.778;0.780
1558514602.101;200;0.828;0.828
1558514602.841;200;0.738;0.740
1558514603.559;200;0.715;0.720
1558514604.334;200;0.773;0.776
1558514605.152;200;0.813;0.812
1558514605.892;200;0.738;0.736
1558514606.642;200;0.747;0.748
1558514607.401;200;0.750;0.752
1558514608.218;200;0.813;0.820
1558514608.938;200;0.717;0.716
1558514609.649;200;0.708;0.712
1558514610.469;200;0.818;0.820
1558514611.279;200;0.808;0.812
1558514612.015;200;0.732;0.736
1558514612.753;200;0.735;0.736
1558514613.441;200;0.686;0.688
1558514614.283;200;0.839;0.844
1558514615.038;200;0.752;0.753
1558514615.774;200;0.732;0.732
1558514616.491;200;0.715;0.720
1558514617.315;200;0.821;0.824
1558514618.076;200;0.757;0.756
1558514618.815;200;0.736;0.740
1558514619.584;200;0.767;0.768
1558514620.419;200;0.832;0.836
1558514621.204;200;0.782;0.784
1558514621.942;200;0.735;0.736
1558514622.695;200;0.749;0.752
1558514623.557;200;0.858;0.860
1558514624.289;200;0.730;0.732
1558514625.006;200;0.714;0.716
1558514625.766;200;0.758;0.760
1558514626.589;200;0.821;0.824
1558514627.314;200;0.723;0.724
1558514628.035;200;0.711;0.716
1558514628.796;200;0.753;0.752
1558514629.643;200;0.844;0.848
1558514630.378;200;0.732;0.732
1558514631.103;200;0.722;0.724
1558514631.861;200;0.755;0.756
1558514632.684;200;0.822;0.824
1558514633.439;200;0.752;0.756
1558514634.172;200;0.730;0.732
1558514634.912;200;0.738;0.736
1558514635.731;200;0.815;0.820
1558514636.482;200;0.747;0.748
1558514637.244;200;0.758;0.756
1558514638.018;200;0.771;0.772
1558514638.850;200;0.828;0.828
1558514639.607;200;0.756;0.756
1558514640.335;200;0.724;0.728
1558514641.148;200;0.810;0.812
1558514641.978;200;0.827;0.828
1558514642.738;200;0.758;0.760
1558514643.483;200;0.740;0.744
1558514644.271;200;0.786;0.788
1558514645.092;200;0.818;0.816
1558514645.848;200;0.754;0.756
1558514646.547;200;0.696;0.700
1558514647.359;200;0.809;0.808
1558514648.165;200;0.802;0.804
1558514648.902;200;0.735;0.736
1558514649.617;200;0.710;0.712
1558514650.356;200;0.737;0.740
1558514651.148;200;0.790;0.792
1558514651.903;200;0.752;0.756
1558514652.642;200;0.736;0.736
1558514653.396;200;0.752;0.756
1558514654.207;200;0.807;0.812
1558514654.943;200;0.733;0.736
1558514655.650;200;0.704;0.704
1558514656.435;200;0.783;0.788
1558514657.325;200;0.888;0.884
1558514658.070;200;0.742;0.744
1558514658.808;200;0.736;0.740
1558514659.567;200;0.757;0.760
1558514660.368;200;0.798;0.800
1558514661.116;200;0.746;0.744
1558514661.835;200;0.716;0.720
1558514662.635;200;0.798;0.796
1558514663.448;200;0.811;0.812
1558514664.208;200;0.757;0.760
1558514664.926;200;0.716;0.716
1558514665.725;200;0.797;0.800
1558514666.542;200;0.815;0.816
1558514667.252;200;0.708;0.712
1558514668.018;200;0.762;0.764
1558514668.786;200;0.766;0.768
1558514669.617;200;0.827;0.828
1558514670.358;200;0.739;0.740
1558514671.081;200;0.719;0.720
1558514671.871;200;0.787;0.792
1558514672.735;200;0.859;0.864
1558514673.493;200;0.754;0.756
1558514674.200;200;0.705;0.708
1558514675.001;200;0.798;0.800
1558514675.837;200;0.834;0.836
1558514676.606;200;0.766;0.768
1558514677.329;200;0.722;0.724
1558514678.083;200;0.751;0.752
1558514678.921;200;0.836;0.836
1558514679.674;200;0.751;0.752
1558514680.395;200;0.719;0.724
1558514681.174;200;0.776;0.776
1558514682.053;200;0.876;0.880
1558514682.841;200;0.786;0.788
1558514683.549;200;0.706;0.708
1558514684.318;200;0.766;0.768
1558514685.126;200;0.805;0.808
1558514685.881;200;0.751;0.752
1558514686.608;200;0.725;0.728
1558514687.338;200;0.727;0.728
1558514688.197;200;0.851;0.852
1558514688.952;200;0.751;0.748
1558514689.679;200;0.724;0.728
1558514690.457;200;0.774;0.772
1558514691.291;200;0.832;0.832
1558514692.046;200;0.752;0.752
1558514692.758;200;0.710;0.712
1558514693.559;200;0.798;0.804
1558514694.418;200;0.855;0.856
1558514695.145;200;0.725;0.728
1558514695.874;200;0.727;0.728
1558514696.644;200;0.769;0.772
1558514697.464;200;0.818;0.816
1558514698.239;200;0.772;0.776
1558514698.975;200;0.733;0.736
1558514699.686;200;0.708;0.708
1558514700.498;200;0.810;0.812
1558514701.245;200;0.745;0.748
1558514701.973;200;0.726;0.728
1558514702.760;200;0.785;0.788
1558514703.602;200;0.840;0.840
1558514704.371;200;0.767;0.768
1558514705.097;200;0.723;0.724
1558514705.895;200;0.796;0.796
1558514706.716;200;0.818;0.820
1558514707.468;200;0.750;0.748
1558514708.208;200;0.737;0.740
1558514708.969;200;0.758;0.760
1558514709.798;200;0.827;0.828
1558514710.569;200;0.769;0.772
1558514711.299;200;0.728;0.728
1558514712.064;200;0.763;0.764
1558514712.904;200;0.838;0.836
1558514713.644;200;0.735;0.740
1558514714.392;200;0.746;0.748
1558514715.157;200;0.763;0.764
1558514715.969;200;0.809;0.812
1558514716.680;200;0.709;0.712
1558514717.398;200;0.715;0.716
1558514718.207;200;0.805;0.808
1558514719.133;200;0.923;0.924
1558514719.882;200;0.747;0.748
1558514720.625;200;0.741;0.744
1558514721.464;200;0.837;0.836
1558514722.284;200;0.817;0.820
1558514723.027;200;0.740;0.740
1558514723.769;200;0.737;0.740
1558514724.525;200;0.754;0.756
1558514725.347;200;0.819;0.824
1558514726.110;200;0.761;0.760
1558514726.861;200;0.747;0.748
1558514727.634;200;0.769;0.768
1558514728.438;200;0.801;0.804
1558514729.174;200;0.733;0.732
1558514729.903;200;0.723;0.724
1558514730.606;200;0.700;0.700
1558514731.458;200;0.849;0.848
1558514732.218;200;0.757;0.760
1558514732.951;200;0.729;0.732
1558514733.744;200;0.790;0.792
1558514734.554;200;0.805;0.808
1558514735.305;200;0.748;0.752
1558514736.042;200;0.735;0.736
1558514736.814;200;0.770;0.772
1558514737.617;200;0.799;0.796
1558514738.369;200;0.751;0.752
1558514739.075;200;0.704;0.704
1558514739.854;200;0.778;0.780
1558514740.661;200;0.804;0.808
1558514741.435;200;0.772;0.772
1558514742.183;200;0.745;0.748
1558514742.981;200;0.796;0.796
1558514743.817;200;0.834;0.836
1558514744.570;200;0.751;0.752
1558514745.293;200;0.721;0.724
1558514746.068;200;0.773;0.776
1558514746.894;200;0.821;0.824
1558514747.665;200;0.767;0.768
1558514748.390;200;0.722;0.724
1558514749.058;200;0.666;0.668
1558514749.876;200;0.815;0.820
1558514750.644;200;0.766;0.768
1558514751.398;200;0.752;0.752
1558514752.193;200;0.793;0.796
1558514753.003;200;0.808;0.812
1558514753.775;200;0.769;0.772
1558514754.526;200;0.747;0.748
1558514755.277;200;0.747;0.748
1558514756.086;200;0.807;0.808
1558514756.839;200;0.751;0.756
1558514757.570;200;0.728;0.728
1558514758.330;200;0.757;0.760
1558514759.136;200;0.804;0.808
1558514759.853;200;0.715;0.712
1558514760.577;200;0.722;0.724
1558514761.347;200;0.768;0.768
1558514762.173;200;0.824;0.828
1558514762.921;200;0.746;0.748
1558514763.651;200;0.728;0.732
1558514764.416;200;0.762;0.764
1558514765.226;200;0.807;0.808
1558514765.987;200;0.759;0.764
1558514766.719;200;0.729;0.732
1558514767.533;200;0.810;0.812
1558514768.348;200;0.812;0.812
1558514769.111;200;0.760;0.764
1558514769.820;200;0.705;0.708
1558514770.578;200;0.754;0.756
1558514771.389;200;0.809;0.812
1558514772.151;200;0.760;0.760
1558514772.886;200;0.732;0.732
1558514773.674;200;0.784;0.784
1558514774.478;200;0.800;0.800
1558514775.220;200;0.740;0.744
1558514775.950;200;0.728;0.728
1558514776.749;200;0.797;0.800
1558514777.558;200;0.806;0.808
1558514778.315;200;0.754;0.752
1558514779.041;200;0.724;0.724
1558514779.803;200;0.760;0.760
1558514780.616;200;0.810;0.812
1558514781.373;200;0.755;0.752
1558514782.102;200;0.727;0.728
1558514782.890;200;0.785;0.784
1558514783.716;200;0.823;0.828
1558514784.489;200;0.770;0.772
1558514785.201;200;0.710;0.712
1558514785.968;200;0.764;0.768
1558514786.779;200;0.808;0.808
1558514787.531;200;0.749;0.748
1558514788.297;200;0.763;0.764
1558514789.071;200;0.771;0.772
1558514789.910;200;0.836;0.836
1558514790.645;200;0.730;0.732
1558514791.342;200;0.695;0.696
1558514792.120;200;0.775;0.780
1558514792.966;200;0.844;0.844
1558514793.696;200;0.729;0.732
1558514794.441;200;0.743;0.744
1558514795.254;200;0.808;0.808
1558514796.109;200;0.853;0.852
1558514796.894;200;0.784;0.784
1558514797.614;200;0.717;0.720
1558514798.383;200;0.767;0.768
1558514799.208;200;0.822;0.824
1558514799.969;200;0.758;0.760
1558514800.707;200;0.736;0.736
1558514801.493;200;0.784;0.784
1558514802.316;200;0.821;0.824
1558514803.077;200;0.758;0.760
1558514803.798;200;0.719;0.720
1558514804.574;200;0.774;0.776
1558514805.409;200;0.833;0.836
1558514806.164;200;0.753;0.756
1558514806.907;200;0.740;0.740
1558514807.664;200;0.755;0.756
1558514808.523;200;0.856;0.856
1558514809.266;200;0.740;0.740
1558514810.001;200;0.733;0.736
1558514810.760;200;0.757;0.760
1558514811.593;200;0.831;0.832
1558514812.341;200;0.746;0.748
1558514813.062;200;0.718;0.720
1558514813.877;200;0.814;0.816
1558514814.691;200;0.812;0.812
1558514815.422;200;0.729;0.728
1558514816.135;200;0.709;0.712
1558514816.936;200;0.798;0.800
1558514817.770;200;0.831;0.832
1558514818.524;200;0.753;0.752
1558514819.252;200;0.725;0.728
1558514820.000;200;0.746;0.748
1558514820.792;200;0.790;0.788
1558514821.525;200;0.731;0.732
1558514822.286;200;0.759;0.760
1558514823.094;200;0.806;0.808
1558514823.925;200;0.827;0.828
1558514824.679;200;0.751;0.756
1558514825.418;200;0.735;0.736
1558514826.179;200;0.759;0.760
1558514826.983;200;0.800;0.800
1558514827.736;200;0.750;0.752
1558514828.484;200;0.746;0.744
1558514829.283;200;0.797;0.800
1558514830.077;200;0.791;0.792
1558514830.816;200;0.736;0.740
1558514831.555;200;0.737;0.736
1558514832.325;200;0.767;0.768
1558514833.125;200;0.798;0.800
1558514833.899;200;0.772;0.772
1558514834.625;200;0.724;0.728
1558514835.349;200;0.722;0.724
1558514836.143;200;0.792;0.792
1558514836.896;200;0.750;0.752
1558514837.636;200;0.734;0.732
1558514838.433;200;0.795;0.796
1558514839.286;200;0.851;0.852
1558514840.062;200;0.775;0.776
1558514840.784;200;0.719;0.720
1558514841.580;200;0.793;0.796
1558514842.394;200;0.810;0.812
1558514843.145;200;0.748;0.748
1558514843.915;200;0.766;0.764
1558514844.714;200;0.797;0.796
1558514845.531;200;0.813;0.812
1558514846.297;200;0.765;0.768
1558514847.021;200;0.723;0.724
1558514847.739;200;0.715;0.716
1558514848.576;200;0.834;0.832
1558514849.321;200;0.743;0.744
1558514850.110;200;0.787;0.788
1558514850.871;200;0.759;0.764
1558514851.702;200;0.828;0.828
1558514852.443;200;0.738;0.740
1558514853.202;200;0.756;0.756
1558514854.018;200;0.814;0.816
1558514854.855;200;0.834;0.837
1558514855.605;200;0.748;0.748
1558514856.349;200;0.742;0.744
1558514857.127;200;0.775;0.776
1558514857.950;200;0.819;0.820
1558514858.696;200;0.744;0.748
1558514859.426;200;0.728;0.728
1558514860.172;200;0.744;0.748
1558514860.995;200;0.820;0.824
1558514861.767;200;0.769;0.772
1558514862.489;200;0.719;0.720
1558514863.247;200;0.755;0.756
1558514864.088;200;0.839;0.836
1558514864.841;200;0.750;0.752
1558514865.574;200;0.732;0.732
1558514866.327;200;0.751;0.756
1558514867.154;200;0.824;0.824
1558514867.916;200;0.756;0.760
1558514868.643;200;0.725;0.724
1558514869.385;200;0.739;0.736
1558514870.214;200;0.827;0.828
1558514870.953;200;0.737;0.740
1558514871.695;200;0.740;0.740
1558514872.502;200;0.804;0.804
1558514873.362;200;0.857;0.860
1558514874.129;200;0.764;0.768
1558514874.851;200;0.720;0.720
1558514875.599;200;0.745;0.744
1558514876.439;200;0.837;0.836
1558514877.188;200;0.746;0.744
1558514877.959;200;0.768;0.768
1558514878.669;200;0.707;0.708
1558514879.475;200;0.804;0.808
1558514880.225;200;0.747;0.748
1558514880.946;200;0.719;0.720
1558514881.708;200;0.758;0.760
1558514882.549;200;0.838;0.840
1558514883.316;200;0.763;0.764
1558514884.027;200;0.709;0.708
1558514884.804;200;0.775;0.772
1558514885.632;200;0.826;0.824
1558514886.398;200;0.762;0.764
1558514887.153;200;0.753;0.756
1558514887.923;200;0.766;0.764
1558514888.720;200;0.795;0.796
1558514889.458;200;0.736;0.736
1558514890.190;200;0.729;0.732
1558514890.907;200;0.715;0.716
1558514891.727;200;0.818;0.816
1558514892.475;200;0.747;0.748
1558514893.239;200;0.762;0.760
1558514894.032;200;0.789;0.792
1558514894.855;200;0.821;0.820
1558514895.609;200;0.752;0.752
1558514896.326;200;0.715;0.716
1558514897.100;200;0.772;0.772
1558514897.994;200;0.891;0.892
1558514898.748;200;0.752;0.756
1558514899.500;200;0.749;0.752
1558514900.250;200;0.747;0.748
1558514901.100;200;0.848;0.848
1558514901.867;200;0.765;0.764
1558514902.607;200;0.737;0.736
1558514903.408;200;0.799;0.804
1558514904.236;200;0.827;0.824
1558514904.986;200;0.748;0.748
1558514905.710;200;0.723;0.724
1558514906.481;200;0.769;0.768
1558514907.286;200;0.803;0.804
1558514908.043;200;0.755;0.756
1558514908.761;200;0.716;0.720
1558514909.546;200;0.783;0.784
1558514910.346;200;0.797;0.796
1558514911.097;200;0.750;0.752
1558514911.846;200;0.747;0.748
1558514912.564;200;0.717;0.716
1558514913.391;200;0.826;0.828
1558514914.127;200;0.734;0.736
1558514914.846;200;0.717;0.716
1558514915.661;200;0.814;0.816
1558514916.441;200;0.778;0.780
1558514917.195;200;0.753;0.752
1558514917.911;200;0.714;0.712
1558514918.679;200;0.766;0.764
1558514919.504;200;0.823;0.824
1558514920.255;200;0.749;0.748
1558514921.000;200;0.742;0.744
1558514921.821;200;0.819;0.816
1558514922.659;200;0.837;0.836
1558514923.432;200;0.771;0.772
1558514924.165;200;0.731;0.732
1558514924.977;200;0.810;0.812
1558514925.786;200;0.806;0.808
1558514926.524;200;0.735;0.740
1558514927.260;200;0.733;0.736
1558514928.035;200;0.765;0.764
1558514928.873;200;0.835;0.836
1558514929.614;200;0.739;0.740
1558514930.324;200;0.707;0.712
1558514931.086;200;0.761;0.760
1558514931.899;200;0.811;0.812
1558514932.665;200;0.763;0.764
1558514933.394;200;0.728;0.728
1558514934.141;200;0.745;0.748
1558514934.981;200;0.838;0.836
1558514935.741;200;0.758;0.760
1558514936.477;200;0.734;0.736
1558514937.239;200;0.760;0.760
1558514938.061;200;0.818;0.820
1558514938.816;200;0.753;0.752
1558514939.517;200;0.698;0.700
1558514940.246;200;0.728;0.728
1558514941.072;200;0.824;0.828
1558514941.813;200;0.739;0.736
1558514942.585;200;0.771;0.772
1558514943.344;200;0.757;0.756
1558514944.180;200;0.834;0.836
1558514944.909;200;0.724;0.724
1558514945.624;200;0.713;0.712
1558514946.359;200;0.733;0.732
1558514947.154;200;0.794;0.796
1558514947.874;200;0.716;0.716
1558514948.607;200;0.730;0.732
1558514949.378;200;0.767;0.768
1558514950.185;200;0.804;0.800
1558514950.905;200;0.718;0.720
1558514951.623;200;0.714;0.716
1558514952.383;200;0.757;0.756
1558514953.191;200;0.805;0.804
1558514953.957;200;0.764;0.768
1558514954.654;200;0.695;0.696
1558514955.319;200;0.662;0.664
1558514956.154;200;0.833;0.832
1558514956.892;200;0.737;0.736
1558514957.652;200;0.757;0.756
1558514958.420;200;0.766;0.764
1558514959.310;200;0.888;0.888
1558514960.069;200;0.758;0.760
1558514960.785;200;0.714;0.712
1558514961.603;200;0.816;0.816
1558514962.462;200;0.857;0.856
1558514963.193;200;0.730;0.732
1558514963.950;200;0.755;0.756
1558514964.698;200;0.746;0.748
1558514965.503;200;0.803;0.804
1558514966.256;200;0.751;0.756
1558514966.968;200;0.710;0.712
1558514967.745;200;0.774;0.776
1558514968.531;200;0.784;0.784
1558514969.283;200;0.750;0.748
1558514970.011;200;0.725;0.724
1558514970.733;200;0.720;0.720
1558514971.537;200;0.802;0.804
1558514972.282;200;0.743;0.744
1558514973.021;200;0.738;0.740
1558514973.714;200;0.691;0.692
1558514974.506;200;0.789;0.792
1558514975.297;200;0.789;0.792
1558514976.013;200;0.714;0.716
1558514976.779;200;0.764;0.764
1558514977.593;200;0.810;0.812
1558514978.334;200;0.739;0.740
1558514979.074;200;0.738;0.740
1558514979.816;200;0.741;0.740
1558514980.652;200;0.832;0.832
1558514981.384;200;0.731;0.728
1558514982.118;200;0.732;0.732
1558514982.839;200;0.719;0.720
1558514983.635;200;0.794;0.792
1558514984.403;200;0.765;0.764
1558514985.128;200;0.722;0.724
1558514985.878;200;0.748;0.748
1558514986.721;200;0.841;0.844
1558514987.477;200;0.754;0.756
1558514988.205;200;0.725;0.728
1558514988.950;200;0.743;0.744
1558514989.771;200;0.819;0.820
1558514990.523;200;0.750;0.752
1558514991.238;200;0.713;0.712
1558514992.034;200;0.795;0.796
1558514992.876;200;0.839;0.840
1558514993.638;200;0.760;0.760
1558514994.396;200;0.754;0.752
1558514995.153;200;0.755;0.756
1558514995.973;200;0.818;0.820
1558514996.760;200;0.785;0.784
1558514997.506;200;0.744;0.744
1558514998.279;200;0.770;0.772
1558514999.133;200;0.852;0.856
1558514999.852;200;0.716;0.720
1558515000.601;200;0.747;0.748
1558515001.418;200;0.815;0.816
1558515002.244;200;0.824;0.824
1558515002.995;200;0.748;0.748
1558515003.713;200;0.714;0.716
1558515004.524;200;0.807;0.812
1558515005.328;200;0.801;0.800
1558515006.057;200;0.726;0.728
1558515006.808;200;0.749;0.748
1558515007.600;200;0.787;0.788
1558515008.401;200;0.799;0.796
1558515009.142;200;0.739;0.740
1558515009.866;200;0.721;0.724
1558515010.646;200;0.779;0.780
1558515011.467;200;0.820;0.820
1558515012.201;200;0.732;0.736
1558515012.906;200;0.703;0.704
1558515013.686;200;0.777;0.780
1558515014.534;200;0.846;0.848
1558515015.285;200;0.748;0.748
1558515016.017;200;0.730;0.732
1558515016.753;200;0.735;0.736
1558515017.579;200;0.824;0.824
1558515018.341;200;0.758;0.760
1558515019.050;200;0.707;0.708
1558515019.786;200;0.734;0.736
1558515020.603;200;0.815;0.816
1558515021.334;200;0.727;0.728
1558515022.068;200;0.733;0.732
1558515022.873;200;0.802;0.804
1558515023.678;200;0.803;0.804
1558515024.441;200;0.761;0.764
1558515025.139;200;0.696;0.696
1558515025.899;200;0.757;0.756
1558515026.711;200;0.810;0.812
1558515027.452;200;0.739;0.744
1558515028.187;200;0.733;0.732
1558515028.951;200;0.762;0.760
1558515029.758;200;0.805;0.804
1558515030.503;200;0.739;0.740
1558515031.219;200;0.714;0.712
1558515031.938;200;0.712;0.712
1558515032.763;200;0.822;0.820
1558515033.536;200;0.771;0.772
1558515034.288;200;0.749;0.748
1558515034.968;200;0.678;0.676
1558515035.795;200;0.823;0.824
1558515036.574;200;0.775;0.776
1558515037.300;200;0.724;0.728
1558515038.079;200;0.775;0.776
1558515038.901;200;0.819;0.820
1558515039.638;200;0.735;0.736
1558515040.378;200;0.738;0.740
1558515041.123;200;0.741;0.740
1558515041.959;200;0.833;0.832
1558515042.696;200;0.734;0.736
1558515043.462;200;0.764;0.764
1558515044.193;200;0.726;0.728
1558515045.031;200;0.837;0.836
1558515045.785;200;0.751;0.752
1558515046.519;200;0.732;0.732
1558515047.280;200;0.758;0.756
1558515048.134;200;0.850;0.852
1558515048.910;200;0.774;0.776
1558515049.610;200;0.698;0.700
1558515050.301;200;0.689;0.688
1558515051.123;200;0.820;0.820
1558515051.865;200;0.740;0.736
1558515052.561;200;0.695;0.696
1558515053.311;200;0.748;0.748
1558515054.118;200;0.804;0.804
1558515054.902;200;0.782;0.784
1558515055.617;200;0.713;0.716
1558515056.346;200;0.727;0.728
1558515057.175;200;0.827;0.828
1558515057.898;200;0.720;0.720
1558515058.665;200;0.764;0.764
1558515059.438;200;0.772;0.772
1558515060.255;200;0.816;0.816
1558515061.020;200;0.762;0.760
1558515061.746;200;0.723;0.724
1558515062.504;200;0.755;0.756
1558515063.324;200;0.817;0.816
1558515064.172;200;0.845;0.848
1558515064.922;200;0.747;0.748
1558515065.686;200;0.760;0.760
1558515066.554;200;0.865;0.868
1558515067.308;200;0.750;0.748
1558515068.040;200;0.726;0.724
1558515068.805;200;0.762;0.764
1558515069.619;200;0.812;0.812
1558515070.370;200;0.748;0.748
1558515071.097;200;0.725;0.728
1558515071.845;200;0.746;0.748
1558515072.701;200;0.854;0.856
1558515073.502;200;0.799;0.800
1558515074.233;200;0.729;0.732
1558515074.899;200;0.665;0.664
1558515075.726;200;0.825;0.828
1558515076.488;200;0.760;0.760
1558515077.208;200;0.718;0.716
1558515077.975;200;0.764;0.764
1558515078.800;200;0.821;0.824
1558515079.584;200;0.782;0.780
1558515080.316;200;0.729;0.732
1558515081.024;200;0.706;0.704
1558515081.853;200;0.825;0.828
1558515082.613;200;0.756;0.760
1558515083.343;200;0.728;0.728
1558515084.045;200;0.699;0.700
1558515084.899;200;0.852;0.852
1558515085.639;200;0.737;0.736
1558515086.370;200;0.729;0.728
1558515087.120;200;0.748;0.748
1558515087.970;200;0.847;0.848
1558515088.701;200;0.729;0.732
1558515089.465;200;0.762;0.764
1558515090.186;200;0.720;0.720
1558515091.019;200;0.831;0.832
1558515091.781;200;0.759;0.760
1558515092.509;200;0.726;0.728
1558515093.257;200;0.746;0.744
1558515094.086;200;0.827;0.828
1558515094.826;200;0.737;0.740
1558515095.579;200;0.752;0.752
1558515096.355;200;0.772;0.772
1558515097.214;200;0.857;0.856
1558515097.999;200;0.779;0.780
1558515098.717;200;0.717;0.720
1558515099.511;200;0.792;0.792
1558515100.321;200;0.808;0.812
1558515101.087;200;0.764;0.764
1558515101.835;200;0.747;0.748
1558515102.606;200;0.768;0.768
1558515103.425;200;0.817;0.820
1558515104.166;200;0.738;0.740
1558515104.878;200;0.711;0.712
1558515105.621;200;0.739;0.740
1558515106.430;200;0.808;0.808
1558515107.162;200;0.728;0.728
1558515107.884;200;0.719;0.720
1558515108.661;200;0.775;0.776
1558515109.487;200;0.824;0.824
1558515110.259;200;0.768;0.768
1558515111.003;200;0.742;0.741
1558515111.777;200;0.771;0.772
1558515112.589;200;0.810;0.812
1558515113.362;200;0.772;0.772
1558515114.105;200;0.740;0.740
1558515114.871;200;0.764;0.764
1558515115.690;200;0.817;0.820
1558515116.459;200;0.768;0.768
1558515117.215;200;0.753;0.752
1558515117.975;200;0.757;0.756
1558515118.811;200;0.835;0.836
1558515119.539;200;0.726;0.724
1558515120.271;200;0.730;0.732
1558515121.051;200;0.778;0.780
1558515121.879;200;0.826;0.824
1558515122.630;200;0.749;0.752
1558515123.372;200;0.740;0.740
1558515124.118;200;0.745;0.744
1558515124.982;200;0.861;0.864
1558515125.710;200;0.727;0.728
1558515126.426;200;0.714;0.716
1558515127.244;200;0.815;0.812
1558515128.075;200;0.829;0.828
1558515128.795;200;0.717;0.716
1558515129.535;200;0.737;0.736
1558515130.287;200;0.750;0.748
1558515131.096;200;0.807;0.808
1558515131.874;200;0.776;0.776
1558515132.610;200;0.733;0.736
1558515133.403;200;0.791;0.792
1558515134.237;200;0.831;0.832
1558515134.990;200;0.751;0.752
1558515135.699;200;0.706;0.708
1558515136.480;200;0.779;0.780
1558515137.301;200;0.818;0.820
1558515138.029;200;0.726;0.728
1558515138.770;200;0.739;0.740
1558515139.504;200;0.731;0.732
1558515140.342;200;0.836;0.836
1558515141.104;200;0.760;0.760
1558515141.807;200;0.701;0.700
1558515142.577;200;0.767;0.768
1558515143.414;200;0.835;0.836
1558515144.164;200;0.748;0.748
1558515144.910;200;0.744;0.744
1558515145.687;200;0.776;0.776
1558515146.536;200;0.846;0.844
1558515147.261;200;0.723;0.724
1558515147.987;200;0.723;0.724
1558515148.758;200;0.769;0.772
1558515149.587;200;0.827;0.828
1558515150.351;200;0.761;0.760
1558515151.115;200;0.761;0.760
1558515151.882;200;0.764;0.764
1558515152.693;200;0.807;0.808
1558515153.435;200;0.740;0.740
1558515154.177;200;0.740;0.740
1558515154.891;200;0.712;0.712
1558515155.721;200;0.827;0.828
1558515156.470;200;0.747;0.748
1558515157.247;200;0.775;0.776
1558515158.030;200;0.773;0.776
1558515158.843;200;0.811;0.812
1558515159.605;200;0.758;0.760
1558515160.341;200;0.734;0.736
1558515161.121;200;0.779;0.780
1558515161.945;200;0.821;0.820
1558515162.730;200;0.784;0.784
1558515163.465;200;0.733;0.736
1558515164.269;200;0.802;0.804
1558515165.075;200;0.803;0.804
1558515165.833;200;0.755;0.752
1558515166.569;200;0.735;0.736
1558515167.314;200;0.743;0.744
1558515168.171;200;0.853;0.852
1558515168.971;200;0.797;0.796
1558515169.710;200;0.737;0.736
1558515170.447;200;0.735;0.736
1558515171.253;200;0.803;0.804
1558515171.992;200;0.738;0.736
1558515172.729;200;0.735;0.736
1558515173.503;200;0.772;0.772
1558515174.344;200;0.838;0.836
1558515175.086;200;0.736;0.736
1558515175.841;200;0.754;0.756
1558515176.534;200;0.691;0.692
1558515177.346;200;0.809;0.808
1558515178.091;200;0.741;0.740
1558515178.850;200;0.755;0.756
1558515179.582;200;0.728;0.728
1558515180.411;200;0.826;0.828
1558515181.181;200;0.768;0.764
1558515181.943;200;0.760;0.760
1558515182.697;200;0.751;0.752
1558515183.559;200;0.860;0.860
1558515184.321;200;0.759;0.760
1558515185.069;200;0.746;0.744
1558515185.814;200;0.743;0.744
1558515186.603;200;0.787;0.788
1558515187.340;200;0.734;0.732
1558515188.085;200;0.742;0.744
1558515188.817;200;0.730;0.732
1558515189.628;200;0.809;0.808
1558515190.377;200;0.748;0.752
1558515191.165;200;0.787;0.788
1558515191.935;200;0.768;0.768
1558515192.755;200;0.819;0.820
1558515193.501;200;0.744;0.740
1558515194.213;200;0.711;0.712
1558515194.949;200;0.734;0.736
1558515195.778;200;0.827;0.828
1558515196.520;200;0.740;0.740
1558515197.253;200;0.731;0.732
1558515198.007;200;0.752;0.752
1558515198.855;200;0.846;0.848
1558515199.633;200;0.776;0.776
1558515200.382;200;0.747;0.748
1558515201.120;200;0.736;0.736
1558515201.939;200;0.817;0.816
1558515202.697;200;0.755;0.756
1558515203.452;200;0.754;0.752
1558515204.156;200;0.702;0.700
1558515205.018;200;0.858;0.860
1558515205.786;200;0.767;0.768
1558515206.534;200;0.746;0.748
1558515207.334;200;0.797;0.800
1558515208.149;200;0.812;0.812
1558515208.892;200;0.742;0.740
1558515209.619;200;0.725;0.724
1558515210.442;200;0.821;0.824
1558515211.265;200;0.822;0.824
1558515212.025;200;0.758;0.760
1558515212.758;200;0.731;0.732
1558515213.529;200;0.770;0.768
1558515214.326;200;0.795;0.796
1558515215.089;200;0.761;0.764
1558515215.844;200;0.753;0.752
1558515216.633;200;0.787;0.784
1558515217.463;200;0.829;0.828
1558515218.199;200;0.734;0.732
1558515218.972;200;0.771;0.772
1558515219.721;200;0.747;0.748
1558515220.533;200;0.810;0.812
1558515221.285;200;0.751;0.752
1558515222.040;200;0.754;0.752
1558515222.790;200;0.748;0.748
1558515223.614;200;0.822;0.824
1558515224.364;200;0.748;0.748
1558515225.111;200;0.744;0.744
1558515225.893;200;0.772;0.776
1558515226.709;200;0.814;0.812
1558515227.494;200;0.783;0.784
1558515228.224;200;0.727;0.724
1558515228.970;200;0.744;0.744
1558515229.797;200;0.825;0.828
1558515230.542;200;0.743;0.744
1558515231.221;200;0.676;0.680
1558515231.942;200;0.720;0.720
1558515232.754;200;0.810;0.812
1558515233.531;200;0.776;0.776
1558515234.240;200;0.706;0.704
1558515235.025;200;0.783;0.784
1558515235.841;200;0.814;0.816
1558515236.598;200;0.755;0.756
1558515237.369;200;0.769;0.772
1558515238.136;200;0.763;0.764
1558515238.964;200;0.826;0.824
1558515239.733;200;0.768;0.764
1558515240.454;200;0.719;0.720
1558515241.209;200;0.751;0.752
1558515242.033;200;0.822;0.824
1558515242.770;200;0.735;0.736
1558515243.515;200;0.742;0.740
1558515244.286;200;0.769;0.768
1558515245.093;200;0.805;0.808
1558515245.843;200;0.748;0.748
1558515246.581;200;0.736;0.732
1558515247.296;200;0.714;0.712
1558515248.110;200;0.811;0.812
1558515248.867;200;0.756;0.756
1558515249.598;200;0.728;0.728
1558515250.358;200;0.756;0.756
1558515251.170;200;0.808;0.808
