timestamp;status;request_time;upstream_response_time
1558389595.061;200;0.772;0.772
1558389595.845;200;0.741;0.740
1558389596.630;200;0.783;0.784
1558389597.494;200;0.860;0.860
1558389598.244;200;0.745;0.748
1558389598.956;200;0.709;0.712
1558389599.728;200;0.744;0.744
1558389600.573;200;0.841;0.844
1558389601.327;200;0.750;0.756
1558389602.041;200;0.710;0.712
1558389602.844;200;0.797;0.796
1558389603.659;200;0.810;0.816
1558389604.407;200;0.744;0.744
1558389605.108;200;0.695;0.700
1558389605.876;200;0.760;0.764
1558389606.727;200;0.848;0.852
1558389607.483;200;0.751;0.756
1558389608.194;200;0.708;0.708
1558389608.972;200;0.775;0.776
1558389609.791;200;0.815;0.820
1558389610.548;200;0.754;0.756
1558389611.316;200;0.764;0.768
1558389612.120;200;0.800;0.804
1558389612.943;200;0.819;0.824
1558389613.704;200;0.757;0.760
1558389614.431;200;0.722;0.724
1558389615.214;200;0.776;0.776
1558389616.064;200;0.846;0.848
1558389616.808;200;0.740;0.744
1558389617.572;200;0.759;0.760
1558389618.319;200;0.742;0.744
1558389619.184;200;0.858;0.856
1558389619.917;200;0.729;0.732
1558389620.660;200;0.738;0.740
1558389621.413;200;0.748;0.748
1558389622.251;200;0.833;0.832
1558389623.020;200;0.766;0.768
1558389623.738;200;0.712;0.712
1558389624.498;200;0.756;0.756
1558389625.324;200;0.819;0.824
1558389626.082;200;0.755;0.756
1558389626.822;200;0.735;0.736
1558389627.581;200;0.755;0.756
1558389628.403;200;0.819;0.820
1558389629.170;200;0.765;0.764
1558389629.890;200;0.716;0.716
1558389630.674;200;0.781;0.784
1558389631.506;200;0.829;0.832
1558389632.254;200;0.746;0.748
1558389632.994;200;0.737;0.740
1558389633.790;200;0.792;0.792
1558389634.628;200;0.834;0.832
1558389635.379;200;0.747;0.752
1558389636.135;200;0.752;0.752
1558389636.935;200;0.796;0.800
1558389637.762;200;0.824;0.824
1558389638.492;200;0.728;0.732
1558389639.271;200;0.776;0.776
1558389640.027;200;0.754;0.756
1558389640.851;200;0.821;0.824
1558389641.593;200;0.738;0.740
1558389642.315;200;0.719;0.724
1558389643.123;200;0.804;0.808
1558389643.965;200;0.838;0.840
1558389644.693;200;0.723;0.724
1558389645.435;200;0.739;0.744
1558389646.194;200;0.755;0.756
1558389647.066;200;0.868;0.868
1558389647.810;200;0.742;0.744
1558389648.506;200;0.691;0.692
1558389649.270;200;0.760;0.760
1558389650.075;200;0.801;0.800
1558389650.812;200;0.734;0.736
1558389651.534;200;0.717;0.716
1558389652.339;200;0.802;0.804
1558389653.147;200;0.804;0.804
1558389653.883;200;0.733;0.732
1558389654.628;200;0.740;0.744
1558389655.371;200;0.739;0.744
1558389656.204;200;0.829;0.828
1558389656.978;200;0.771;0.772
1558389657.688;200;0.706;0.708
1558389658.462;200;0.770;0.772
1558389659.275;200;0.810;0.816
1558389660.027;200;0.749;0.748
1558389660.760;200;0.730;0.732
1558389661.531;200;0.767;0.768
1558389662.362;200;0.828;0.828
1558389663.118;200;0.755;0.756
1558389663.830;200;0.710;0.712
1558389664.614;200;0.779;0.780
1558389665.427;200;0.809;0.812
1558389666.178;200;0.748;0.748
1558389666.910;200;0.730;0.732
1558389667.665;200;0.752;0.756
1558389668.496;200;0.828;0.832
1558389669.235;200;0.736;0.740
1558389670.019;200;0.781;0.780
1558389670.813;200;0.791;0.792
1558389671.684;200;0.868;0.872
1558389672.414;200;0.723;0.724
1558389673.131;200;0.714;0.720
1558389673.900;200;0.765;0.768
1558389674.753;200;0.848;0.848
1558389675.470;200;0.710;0.712
1558389676.215;200;0.743;0.744
1558389676.998;200;0.778;0.780
1558389677.828;200;0.828;0.828
1558389678.546;200;0.716;0.716
1558389679.259;200;0.710;0.712
1558389680.080;200;0.818;0.816
1558389680.899;200;0.815;0.816
1558389681.631;200;0.729;0.732
1558389682.337;200;0.703;0.704
1558389683.100;200;0.759;0.764
1558389683.956;200;0.853;0.856
1558389684.729;200;0.769;0.772
1558389685.479;200;0.747;0.752
1558389686.316;200;0.794;0.796
1558389687.134;200;0.815;0.816
1558389687.867;200;0.731;0.732
1558389688.626;200;0.755;0.756
1558389689.368;200;0.739;0.740
1558389690.172;200;0.801;0.804
1558389690.910;200;0.735;0.736
1558389691.638;200;0.726;0.728
1558389692.412;200;0.770;0.772
1558389693.221;200;0.805;0.808
1558389693.988;200;0.764;0.768
1558389694.732;200;0.738;0.740
1558389695.519;200;0.783;0.788
1558389696.335;200;0.812;0.816
1558389697.084;200;0.746;0.744
1558389697.812;200;0.724;0.728
1558389698.605;200;0.790;0.792
1558389699.437;200;0.829;0.832
1558389700.168;200;0.729;0.732
1558389700.908;200;0.736;0.740
1558389701.703;200;0.792;0.796
1558389702.521;200;0.814;0.816
1558389703.278;200;0.754;0.756
1558389704.003;200;0.723;0.728
1558389704.806;200;0.798;0.800
1558389705.664;200;0.854;0.856
1558389706.422;200;0.754;0.756
1558389707.143;200;0.719;0.720
1558389707.912;200;0.766;0.768
1558389708.724;200;0.808;0.808
1558389709.453;200;0.727;0.728
1558389710.192;200;0.737;0.740
1558389710.952;200;0.757;0.760
1558389711.806;200;0.850;0.852
1558389712.556;200;0.747;0.752
1558389713.288;200;0.729;0.732
1558389714.030;200;0.729;0.728
1558389714.847;200;0.813;0.812
1558389715.585;200;0.736;0.736
1558389716.336;200;0.748;0.752
1558389717.108;200;0.768;0.772
1558389717.914;200;0.802;0.804
1558389718.665;200;0.749;0.752
1558389719.416;200;0.748;0.752
1558389720.162;200;0.742;0.744
1558389721.033;200;0.869;0.868
1558389721.765;200;0.729;0.732
1558389722.491;200;0.723;0.728
1558389723.255;200;0.761;0.760
1558389724.062;200;0.804;0.804
1558389724.795;200;0.728;0.728
1558389725.531;200;0.732;0.732
1558389726.345;200;0.810;0.812
1558389727.198;200;0.849;0.848
1558389727.933;200;0.733;0.736
1558389728.662;200;0.726;0.728
1558389729.440;200;0.775;0.780
1558389730.239;200;0.796;0.796
1558389730.981;200;0.739;0.740
1558389731.711;200;0.728;0.728
1558389732.515;200;0.801;0.800
1558389733.331;200;0.812;0.812
1558389734.098;200;0.765;0.768
1558389734.831;200;0.728;0.732
1558389735.540;200;0.706;0.708
1558389736.386;200;0.843;0.844
1558389737.126;200;0.738;0.740
1558389737.854;200;0.726;0.728
1558389738.633;200;0.776;0.780
1558389739.459;200;0.824;0.828
1558389740.245;200;0.783;0.784
1558389740.995;200;0.748;0.748
1558389741.768;200;0.770;0.772
1558389742.576;200;0.801;0.804
1558389743.324;200;0.746;0.748
1558389744.070;200;0.743;0.744
1558389744.843;200;0.770;0.768
1558389745.647;200;0.800;0.804
1558389746.395;200;0.745;0.744
1558389747.129;200;0.732;0.736
1558389747.912;200;0.780;0.784
1558389748.753;200;0.838;0.840
1558389749.509;200;0.751;0.752
1558389750.224;200;0.712;0.716
1558389750.934;200;0.707;0.708
1558389751.774;200;0.837;0.840
1558389752.515;200;0.738;0.740
1558389753.232;200;0.713;0.716
1558389753.999;200;0.763;0.768
1558389754.813;200;0.808;0.812
1558389755.526;200;0.710;0.712
1558389756.286;200;0.757;0.760
1558389757.070;200;0.781;0.780
1558389757.886;200;0.811;0.812
1558389758.606;200;0.717;0.720
1558389759.383;200;0.771;0.772
1558389760.127;200;0.741;0.744
1558389760.953;200;0.822;0.824
1558389761.733;200;0.777;0.780
1558389762.454;200;0.718;0.720
1558389763.274;200;0.817;0.820
1558389764.101;200;0.824;0.828
1558389764.827;200;0.723;0.728
1558389765.548;200;0.718;0.720
1558389766.305;200;0.753;0.756
1558389767.121;200;0.813;0.816
1558389767.870;200;0.738;0.740
1558389768.600;200;0.725;0.728
1558389769.362;200;0.759;0.760
1558389770.174;200;0.808;0.808
1558389770.924;200;0.747;0.752
1558389771.668;200;0.740;0.744
1558389772.427;200;0.755;0.756
1558389773.253;200;0.823;0.824
1558389773.971;200;0.715;0.716
1558389774.741;200;0.767;0.764
1558389775.546;200;0.803;0.804
1558389776.362;200;0.813;0.816
1558389777.081;200;0.717;0.716
1558389777.802;200;0.718;0.720
1558389778.566;200;0.762;0.764
1558389779.376;200;0.808;0.812
1558389780.126;200;0.747;0.748
1558389780.886;200;0.757;0.760
1558389781.710;200;0.822;0.824
1558389782.516;200;0.803;0.808
1558389783.287;200;0.768;0.768
1558389784.036;200;0.746;0.748
1558389784.824;200;0.784;0.788
1558389785.642;200;0.816;0.816
1558389786.362;200;0.718;0.720
1558389787.093;200;0.729;0.732
1558389787.832;200;0.736;0.740
1558389788.736;200;0.898;0.896
1558389789.502;200;0.758;0.760
1558389790.244;200;0.740;0.744
1558389790.970;200;0.721;0.724
1558389791.820;200;0.847;0.848
1558389792.566;200;0.742;0.744
1558389793.293;200;0.725;0.728
1558389794.074;200;0.778;0.780
1558389794.929;200;0.851;0.852
1558389795.684;200;0.752;0.756
1558389796.396;200;0.709;0.712
1558389797.179;200;0.779;0.784
1558389798.026;200;0.844;0.844
1558389798.768;200;0.740;0.740
1558389799.562;200;0.791;0.792
1558389800.363;200;0.799;0.800
1558389801.176;200;0.810;0.808
1558389801.920;200;0.741;0.744
1558389802.684;200;0.761;0.764
1558389803.491;200;0.803;0.804
1558389804.311;200;0.817;0.816
1558389805.073;200;0.759;0.760
1558389805.818;200;0.742;0.744
1558389806.608;200;0.787;0.792
1558389807.421;200;0.809;0.812
1558389808.176;200;0.752;0.756
1558389808.918;200;0.739;0.740
1558389809.683;200;0.762;0.764
1558389810.525;200;0.839;0.840
1558389811.262;200;0.734;0.736
1558389812.006;200;0.741;0.744
1558389812.773;200;0.764;0.764
1558389813.635;200;0.856;0.860
1558389814.383;200;0.744;0.744
1558389815.149;200;0.759;0.761
1558389815.897;200;0.746;0.744
1558389816.720;200;0.820;0.820
1558389817.484;200;0.755;0.760
1558389818.221;200;0.734;0.736
1558389818.980;200;0.756;0.760
1558389819.806;200;0.823;0.824
1558389820.549;200;0.741;0.744
1558389821.305;200;0.753;0.756
1558389822.124;200;0.817;0.820
1558389822.933;200;0.805;0.808
1558389823.702;200;0.766;0.768
1558389824.425;200;0.721;0.724
1558389825.262;200;0.832;0.832
1558389826.093;200;0.827;0.828
1558389826.834;200;0.732;0.732
1558389827.551;200;0.715;0.716
1558389828.299;200;0.746;0.748
1558389829.129;200;0.826;0.828
1558389829.872;200;0.741;0.740
1558389830.603;200;0.728;0.728
1558389831.349;200;0.742;0.744
1558389832.179;200;0.826;0.828
1558389832.907;200;0.724;0.724
1558389833.627;200;0.718;0.720
1558389834.411;200;0.781;0.780
1558389835.256;200;0.837;0.840
1558389836.006;200;0.747;0.748
1558389836.714;200;0.705;0.708
1558389837.490;200;0.774;0.776
1558389838.304;200;0.810;0.808
1558389839.032;200;0.725;0.728
1558389839.756;200;0.719;0.720
1558389840.486;200;0.728;0.728
1558389841.325;200;0.837;0.840
1558389842.100;200;0.769;0.768
1558389842.854;200;0.752;0.752
1558389843.619;200;0.763;0.768
1558389844.453;200;0.831;0.832
1558389845.192;200;0.735;0.740
1558389845.924;200;0.726;0.728
1558389846.673;200;0.747;0.748
1558389847.487;200;0.811;0.812
1558389848.226;200;0.736;0.736
1558389848.960;200;0.731;0.732
1558389849.700;200;0.736;0.740
1558389850.570;200;0.867;0.868
1558389851.311;200;0.739;0.740
1558389852.019;200;0.705;0.708
1558389852.797;200;0.769;0.772
1558389853.641;200;0.842;0.844
1558389854.395;200;0.752;0.752
1558389855.166;200;0.767;0.768
1558389855.923;200;0.753;0.752
1558389856.769;200;0.844;0.844
1558389857.504;200;0.733;0.736
1558389858.250;200;0.734;0.736
1558389859.038;200;0.785;0.788
1558389859.883;200;0.841;0.840
1558389860.639;200;0.752;0.752
1558389861.396;200;0.754;0.756
1558389862.195;200;0.796;0.796
1558389863.006;200;0.808;0.808
1558389863.748;200;0.740;0.744
1558389864.489;200;0.739;0.740
1558389865.252;200;0.760;0.764
1558389866.052;200;0.797;0.796
1558389866.834;200;0.779;0.780
1558389867.558;200;0.722;0.724
1558389868.290;200;0.729;0.732
1558389869.120;200;0.828;0.828
1558389869.870;200;0.747;0.748
1558389870.596;200;0.724;0.728
1558389871.332;200;0.730;0.732
1558389872.139;200;0.803;0.804
1558389872.883;200;0.738;0.740
1558389873.598;200;0.711;0.712
1558389874.382;200;0.782;0.784
1558389875.217;200;0.830;0.828
1558389875.981;200;0.761;0.764
1558389876.718;200;0.734;0.736
1558389877.488;200;0.764;0.764
1558389878.307;200;0.816;0.816
1558389879.056;200;0.746;0.744
1558389879.778;200;0.719;0.720
1558389880.560;200;0.779;0.784
1558389881.396;200;0.833;0.836
1558389882.134;200;0.735;0.736
1558389882.875;200;0.739;0.740
1558389883.652;200;0.775;0.780
1558389884.492;200;0.837;0.836
1558389885.227;200;0.731;0.732
1558389885.974;200;0.744;0.744
1558389886.771;200;0.795;0.796
1558389887.611;200;0.837;0.836
1558389888.358;200;0.744;0.744
1558389889.120;200;0.760;0.760
1558389889.868;200;0.745;0.744
1558389890.684;200;0.813;0.816
1558389891.440;200;0.752;0.756
1558389892.166;200;0.722;0.724
1558389892.881;200;0.712;0.708
1558389893.696;200;0.812;0.816
1558389894.452;200;0.754;0.756
1558389895.179;200;0.724;0.724
1558389895.944;200;0.761;0.764
1558389896.769;200;0.822;0.824
1558389897.502;200;0.730;0.732
1558389898.268;200;0.763;0.764
1558389899.015;200;0.745;0.744
1558389899.833;200;0.815;0.816
1558389900.589;200;0.753;0.752
1558389901.294;200;0.703;0.704
1558389902.092;200;0.795;0.796
1558389902.935;200;0.840;0.840
1558389903.653;200;0.712;0.716
1558389904.375;200;0.718;0.720
1558389905.149;200;0.769;0.772
1558389905.968;200;0.816;0.816
1558389906.701;200;0.730;0.732
1558389907.436;200;0.732;0.736
1558389908.134;200;0.695;0.696
1558389908.974;200;0.837;0.840
1558389909.711;200;0.736;0.736
1558389910.442;200;0.727;0.728
1558389911.166;200;0.720;0.720
1558389911.997;200;0.829;0.832
1558389912.742;200;0.743;0.744
1558389913.500;200;0.756;0.760
1558389914.302;200;0.799;0.800
1558389915.119;200;0.813;0.812
1558389915.855;200;0.733;0.732
1558389916.596;200;0.738;0.740
1558389917.336;200;0.737;0.740
1558389918.140;200;0.801;0.804
1558389918.885;200;0.742;0.740
1558389919.626;200;0.739;0.740
1558389920.429;200;0.801;0.804
1558389921.231;200;0.799;0.800
1558389921.978;200;0.744;0.744
1558389922.726;200;0.746;0.748
1558389923.518;200;0.790;0.792
1558389924.371;200;0.839;0.840
1558389925.118;200;0.744;0.744
1558389925.844;200;0.724;0.728
1558389926.653;200;0.806;0.808
1558389927.461;200;0.805;0.808
1558389928.194;200;0.730;0.732
1558389928.934;200;0.737;0.740
1558389929.709;200;0.771;0.772
1558389930.533;200;0.822;0.824
1558389931.306;200;0.770;0.772
1558389932.028;200;0.719;0.720
1558389932.791;200;0.759;0.760
1558389933.598;200;0.803;0.804
1558389934.364;200;0.764;0.768
1558389935.104;200;0.736;0.736
1558389935.846;200;0.739;0.740
1558389936.670;200;0.822;0.824
1558389937.419;200;0.745;0.744
1558389938.155;200;0.732;0.732
1558389938.900;200;0.742;0.744
1558389939.724;200;0.820;0.824
1558389940.470;200;0.742;0.744
1558389941.226;200;0.752;0.752
1558389941.993;200;0.763;0.764
1558389942.802;200;0.804;0.804
1558389943.564;200;0.758;0.760
1558389944.299;200;0.730;0.732
1558389945.062;200;0.759;0.760
1558389945.874;200;0.810;0.812
1558389946.622;200;0.746;0.748
1558389947.371;200;0.747;0.748
1558389948.109;200;0.730;0.732
1558389948.932;200;0.821;0.824
1558389949.676;200;0.741;0.744
1558389950.401;200;0.722;0.724
1558389951.160;200;0.753;0.756
1558389951.993;200;0.830;0.828
1558389952.750;200;0.755;0.756
1558389953.462;200;0.709;0.712
1558389954.198;200;0.734;0.736
1558389955.017;200;0.815;0.816
1558389955.775;200;0.755;0.756
1558389956.505;200;0.726;0.724
1558389957.284;200;0.776;0.780
1558389958.103;200;0.815;0.816
1558389958.848;200;0.741;0.740
1558389959.572;200;0.721;0.724
1558389960.322;200;0.747;0.748
1558389961.176;200;0.851;0.852
1558389961.919;200;0.740;0.740
1558389962.656;200;0.735;0.736
1558389963.420;200;0.760;0.760
1558389964.270;200;0.848;0.848
1558389965.011;200;0.737;0.736
1558389965.755;200;0.742;0.740
1558389966.471;200;0.713;0.712
1558389967.300;200;0.828;0.828
1558389968.038;200;0.735;0.736
1558389968.770;200;0.730;0.732
1558389969.532;200;0.760;0.764
1558389970.347;200;0.811;0.812
1558389971.083;200;0.734;0.736
1558389971.839;200;0.754;0.752
1558389972.613;200;0.772;0.772
1558389973.446;200;0.830;0.832
1558389974.176;200;0.727;0.732
1558389974.917;200;0.735;0.736
1558389975.679;200;0.760;0.760
1558389976.516;200;0.835;0.836
1558389977.189;200;0.670;0.672
1558389977.901;200;0.709;0.712
1558389978.664;200;0.760;0.760
1558389979.478;200;0.810;0.812
1558389980.226;200;0.743;0.744
1558389980.967;200;0.738;0.736
1558389981.754;200;0.783;0.784
1558389982.540;200;0.782;0.780
1558389983.276;200;0.734;0.736
1558389984.020;200;0.741;0.740
1558389984.742;200;0.718;0.720
1558389985.564;200;0.820;0.820
1558389986.320;200;0.753;0.752
1558389987.035;200;0.711;0.712
1558389987.803;200;0.765;0.764
1558389988.619;200;0.809;0.808
1558389989.343;200;0.720;0.720
1558389990.078;200;0.731;0.732
1558389990.852;200;0.771;0.772
1558389991.712;200;0.859;0.856
1558389992.476;200;0.761;0.764
1558389993.239;200;0.759;0.760
1558389994.042;200;0.801;0.800
1558389994.860;200;0.814;0.816
1558389995.580;200;0.718;0.716
1558389996.311;200;0.728;0.728
1558389997.056;200;0.742;0.740
1558389997.863;200;0.804;0.804
1558389998.609;200;0.743;0.744
1558389999.386;200;0.774;0.776
1558390000.136;200;0.748;0.748
1558390000.966;200;0.827;0.828
1558390001.712;200;0.743;0.748
1558390002.440;200;0.724;0.728
1558390003.214;200;0.771;0.772
1558390004.036;200;0.819;0.820
1558390004.792;200;0.750;0.748
1558390005.511;200;0.715;0.716
1558390006.268;200;0.754;0.756
1558390007.097;200;0.826;0.828
1558390007.830;200;0.731;0.732
1558390008.532;200;0.699;0.700
1558390009.297;200;0.760;0.764
1558390010.122;200;0.823;0.824
1558390010.877;200;0.753;0.756
1558390011.625;200;0.743;0.744
1558390012.383;200;0.756;0.756
1558390013.223;200;0.838;0.836
1558390013.985;200;0.759;0.760
1558390014.726;200;0.737;0.740
1558390015.487;200;0.759;0.760
1558390016.315;200;0.826;0.824
1558390017.073;200;0.755;0.756
1558390017.783;200;0.707;0.708
1558390018.574;200;0.789;0.788
1558390019.388;200;0.812;0.812
1558390020.118;200;0.727;0.728
1558390020.822;200;0.702;0.704
1558390021.602;200;0.778;0.780
1558390022.441;200;0.837;0.840
1558390023.195;200;0.752;0.752
1558390023.928;200;0.730;0.728
1558390024.692;200;0.760;0.764
1558390025.490;200;0.795;0.796
1558390026.239;200;0.747;0.748
1558390026.952;200;0.709;0.712
1558390027.714;200;0.759;0.760
1558390028.544;200;0.828;0.828
1558390029.311;200;0.765;0.764
1558390030.057;200;0.744;0.748
1558390030.807;200;0.748;0.748
1558390031.709;200;0.900;0.900
1558390032.430;200;0.718;0.720
1558390033.169;200;0.737;0.740
1558390033.926;200;0.754;0.756
1558390034.747;200;0.817;0.816
1558390035.487;200;0.737;0.736
1558390036.206;200;0.716;0.716
1558390036.979;200;0.769;0.768
1558390037.826;200;0.844;0.844
1558390038.548;200;0.718;0.716
1558390039.254;200;0.703;0.704
1558390040.079;200;0.822;0.824
1558390040.924;200;0.844;0.848
1558390041.663;200;0.736;0.736
1558390042.390;200;0.724;0.724
1558390043.150;200;0.758;0.760
1558390043.994;200;0.842;0.844
1558390044.722;200;0.724;0.724
1558390045.477;200;0.753;0.756
1558390046.269;200;0.789;0.792
1558390047.082;200;0.810;0.812
1558390047.800;200;0.714;0.716
1558390048.530;200;0.726;0.728
1558390049.304;200;0.770;0.772
1558390050.082;200;0.776;0.776
1558390050.816;200;0.732;0.732
1558390051.551;200;0.731;0.732
1558390052.324;200;0.768;0.768
1558390053.162;200;0.834;0.836
1558390053.914;200;0.748;0.748
1558390054.631;200;0.711;0.712
1558390055.382;200;0.748;0.748
1558390056.175;200;0.790;0.788
1558390056.939;200;0.760;0.760
1558390057.654;200;0.712;0.712
1558390058.434;200;0.778;0.780
1558390059.291;200;0.855;0.856
1558390060.037;200;0.744;0.744
1558390060.790;200;0.751;0.752
1558390061.567;200;0.775;0.776
1558390062.379;200;0.809;0.808
1558390063.142;200;0.761;0.760
1558390063.861;200;0.716;0.720
1558390064.648;200;0.784;0.784
1558390065.464;200;0.812;0.812
1558390066.210;200;0.743;0.744
1558390066.927;200;0.715;0.716
1558390067.665;200;0.735;0.736
1558390068.490;200;0.823;0.824
1558390069.250;200;0.758;0.760
1558390069.988;200;0.736;0.740
1558390070.784;200;0.791;0.792
1558390071.577;200;0.790;0.788
1558390072.314;200;0.735;0.736
1558390073.039;200;0.723;0.724
1558390073.827;200;0.785;0.784
1558390074.628;200;0.796;0.796
1558390075.365;200;0.735;0.736
1558390076.124;200;0.756;0.756
1558390076.888;200;0.761;0.760
1558390077.719;200;0.827;0.828
1558390078.486;200;0.765;0.768
1558390079.200;200;0.712;0.712
1558390079.959;200;0.757;0.756
1558390080.805;200;0.843;0.844
1558390081.531;200;0.724;0.724
1558390082.316;200;0.782;0.780
1558390083.086;200;0.767;0.768
1558390083.911;200;0.823;0.824
1558390084.678;200;0.764;0.764
1558390085.435;200;0.753;0.752
1558390086.215;200;0.777;0.776
1558390087.019;200;0.796;0.796
1558390087.781;200;0.753;0.756
1558390088.504;200;0.720;0.720
1558390089.303;200;0.796;0.796
1558390090.115;200;0.810;0.808
1558390090.874;200;0.756;0.756
1558390091.595;200;0.718;0.720
1558390092.376;200;0.777;0.780
1558390093.245;200;0.866;0.868
1558390094.016;200;0.768;0.772
1558390094.731;200;0.711;0.712
1558390095.482;200;0.748;0.748
1558390096.307;200;0.823;0.824
1558390097.038;200;0.728;0.728
1558390097.766;200;0.725;0.728
1558390098.514;200;0.746;0.748
1558390099.323;200;0.807;0.808
1558390100.073;200;0.747;0.748
1558390100.835;200;0.759;0.760
1558390101.589;200;0.751;0.752
1558390102.416;200;0.825;0.824
1558390103.167;200;0.749;0.748
1558390103.935;200;0.765;0.764
1558390104.711;200;0.772;0.772
1558390105.498;200;0.784;0.784
1558390106.235;200;0.735;0.736
1558390106.970;200;0.731;0.732
1558390107.776;200;0.803;0.804
1558390108.590;200;0.811;0.812
1558390109.333;200;0.741;0.744
1558390110.103;200;0.767;0.768
1558390110.858;200;0.752;0.752
1558390111.666;200;0.806;0.808
1558390112.432;200;0.764;0.764
1558390113.188;200;0.753;0.752
1558390113.928;200;0.737;0.736
1558390114.722;200;0.791;0.792
1558390115.468;200;0.744;0.744
1558390116.200;200;0.728;0.728
1558390116.899;200;0.696;0.696
1558390117.748;200;0.846;0.844
1558390118.485;200;0.734;0.736
1558390119.227;200;0.740;0.740
1558390120.007;200;0.777;0.776
1558390120.814;200;0.804;0.804
1558390121.561;200;0.745;0.748
1558390122.276;200;0.712;0.712
1558390123.037;200;0.758;0.760
1558390123.880;200;0.840;0.840
1558390124.637;200;0.743;0.744
1558390125.388;200;0.749;0.748
1558390126.150;200;0.758;0.760
1558390126.954;200;0.801;0.804
1558390127.696;200;0.740;0.740
1558390128.409;200;0.710;0.712
1558390129.208;200;0.797;0.796
1558390130.019;200;0.807;0.808
1558390130.778;200;0.757;0.760
1558390131.484;200;0.705;0.704
1558390132.258;200;0.771;0.772
1558390133.058;200;0.798;0.800
1558390133.802;200;0.739;0.740
1558390134.548;200;0.744;0.744
1558390135.297;200;0.746;0.748
1558390136.080;200;0.778;0.776
1558390136.806;200;0.723;0.724
1558390137.530;200;0.722;0.724
1558390138.344;200;0.812;0.812
1558390139.167;200;0.821;0.820
1558390139.906;200;0.737;0.740
1558390140.616;200;0.708;0.708
1558390141.382;200;0.762;0.764
1558390142.191;200;0.807;0.808
1558390142.922;200;0.728;0.728
1558390143.624;200;0.700;0.701
1558390144.387;200;0.761;0.760
1558390145.199;200;0.809;0.808
1558390145.899;200;0.696;0.696
1558390146.631;200;0.729;0.728
1558390147.399;200;0.766;0.764
1558390148.212;200;0.810;0.808
1558390148.957;200;0.742;0.744
1558390149.694;200;0.734;0.736
1558390150.418;200;0.721;0.724
1558390151.294;200;0.872;0.872
1558390152.049;200;0.752;0.756
1558390152.803;200;0.751;0.752
1558390153.576;200;0.770;0.768
1558390154.401;200;0.821;0.820
1558390155.156;200;0.752;0.752
1558390155.864;200;0.704;0.704
1558390156.667;200;0.801;0.800
1558390157.515;200;0.845;0.844
1558390158.278;200;0.760;0.760
1558390159.008;200;0.726;0.724
1558390159.849;200;0.839;0.840
1558390160.665;200;0.814;0.816
1558390161.415;200;0.748;0.748
1558390162.131;200;0.713;0.712
1558390162.868;200;0.733;0.732
1558390163.715;200;0.845;0.844
1558390164.445;200;0.729;0.732
1558390165.212;200;0.764;0.764
1558390165.928;200;0.714;0.716
1558390166.755;200;0.825;0.824
1558390167.496;200;0.738;0.736
1558390168.216;200;0.717;0.716
1558390169.016;200;0.796;0.796
1558390169.847;200;0.828;0.828
1558390170.594;200;0.744;0.744
1558390171.306;200;0.710;0.712
1558390172.071;200;0.763;0.764
1558390172.887;200;0.813;0.812
1558390173.633;200;0.743;0.740
1558390174.386;200;0.751;0.752
1558390175.144;200;0.754;0.752
1558390175.935;200;0.789;0.788
1558390176.678;200;0.742;0.744
1558390177.425;200;0.745;0.748
1558390178.205;200;0.778;0.780
1558390179.001;200;0.793;0.796
1558390179.730;200;0.727;0.728
1558390180.472;200;0.740;0.740
1558390181.221;200;0.746;0.748
1558390182.071;200;0.847;0.848
1558390182.804;200;0.731;0.728
1558390183.512;200;0.705;0.704
1558390184.309;200;0.795;0.796
1558390185.127;200;0.813;0.812
1558390185.875;200;0.744;0.744
1558390186.578;200;0.699;0.700
1558390187.366;200;0.786;0.788
1558390188.184;200;0.816;0.816
1558390188.918;200;0.731;0.732
1558390189.651;200;0.731;0.732
1558390190.476;200;0.822;0.820
1558390191.286;200;0.806;0.808
1558390192.038;200;0.749;0.752
1558390192.773;200;0.731;0.728
1558390193.553;200;0.778;0.780
1558390194.381;200;0.825;0.828
1558390195.128;200;0.742;0.740
1558390195.874;200;0.744;0.744
1558390196.653;200;0.777;0.780
1558390197.476;200;0.820;0.820
1558390198.222;200;0.744;0.744
1558390198.926;200;0.702;0.704
1558390199.677;200;0.748;0.752
1558390200.488;200;0.809;0.812
1558390201.238;200;0.747;0.748
1558390201.953;200;0.713;0.716
1558390202.754;200;0.800;0.800
1558390203.586;200;0.830;0.832
1558390204.341;200;0.752;0.756
1558390205.084;200;0.740;0.740
1558390205.886;200;0.800;0.800
1558390206.698;200;0.810;0.812
1558390207.418;200;0.718;0.720
1558390208.154;200;0.734;0.736
1558390208.924;200;0.767;0.768
1558390209.770;200;0.843;0.844
1558390210.518;200;0.743;0.744
1558390211.251;200;0.731;0.732
1558390212.026;200;0.772;0.772
1558390212.855;200;0.826;0.828
1558390213.595;200;0.737;0.736
1558390214.304;200;0.706;0.704
1558390215.118;200;0.807;0.808
1558390215.957;200;0.837;0.836
1558390216.674;200;0.714;0.716
1558390217.364;200;0.686;0.684
1558390218.116;200;0.750;0.748
1558390218.923;200;0.802;0.804
1558390219.696;200;0.770;0.768
1558390220.402;200;0.703;0.704
1558390221.155;200;0.750;0.748
1558390221.956;200;0.799;0.800
1558390222.701;200;0.743;0.744
1558390223.439;200;0.736;0.736
1558390224.238;200;0.796;0.796
1558390225.058;200;0.816;0.816
1558390225.790;200;0.730;0.732
1558390226.575;200;0.783;0.784
1558390227.438;200;0.861;0.860
1558390228.246;200;0.805;0.804
1558390228.992;200;0.744;0.744
1558390229.729;200;0.734;0.736
1558390230.509;200;0.777;0.776
1558390231.371;200;0.858;0.856
1558390232.133;200;0.758;0.760
1558390232.833;200;0.698;0.700
1558390233.582;200;0.747;0.748
1558390234.391;200;0.807;0.808
1558390235.163;200;0.769;0.768
1558390235.844;200;0.678;0.676
1558390236.547;200;0.701;0.700
1558390237.351;200;0.802;0.804
1558390238.103;200;0.749;0.748
1558390238.829;200;0.723;0.720
1558390239.582;200;0.751;0.752
1558390240.404;200;0.821;0.820
1558390241.168;200;0.761;0.760
1558390241.878;200;0.708;0.708
1558390242.661;200;0.781;0.784
1558390243.454;200;0.790;0.792
1558390244.197;200;0.741;0.744
1558390244.966;200;0.765;0.768
1558390245.734;200;0.766;0.768
1558390246.563;200;0.827;0.828
1558390247.290;200;0.723;0.724
1558390248.007;200;0.715;0.716
1558390248.798;200;0.788;0.788
1558390249.612;200;0.812;0.812
1558390250.328;200;0.714;0.712
1558390251.064;200;0.733;0.732
1558390251.815;200;0.748;0.748
1558390252.682;200;0.864;0.864
1558390253.448;200;0.764;0.764
1558390254.196;200;0.746;0.744
1558390254.956;200;0.756;0.756
1558390255.758;200;0.800;0.800
1558390256.488;200;0.726;0.724
1558390257.218;200;0.726;0.728
1558390258.016;200;0.796;0.796
1558390258.830;200;0.811;0.812
1558390259.563;200;0.731;0.732
1558390260.280;200;0.714;0.712
1558390261.059;200;0.773;0.772
1558390261.876;200;0.816;0.816
1558390262.628;200;0.749;0.748
1558390263.360;200;0.730;0.728
1558390264.111;200;0.748;0.748
1558390264.935;200;0.820;0.820
1558390265.671;200;0.733;0.732
1558390266.398;200;0.724;0.724
1558390267.190;200;0.789;0.792
1558390268.010;200;0.818;0.820
1558390268.760;200;0.742;0.740
1558390269.511;200;0.749;0.748
1558390270.271;200;0.757;0.756
1558390271.099;200;0.826;0.828
1558390271.825;200;0.723;0.724
1558390272.588;200;0.760;0.760
1558390273.355;200;0.765;0.764
1558390274.193;200;0.836;0.836
1558390274.940;200;0.744;0.744
1558390275.638;200;0.697;0.696
1558390276.372;200;0.732;0.732
1558390277.209;200;0.835;0.836
1558390277.932;200;0.721;0.720
1558390278.652;200;0.717;0.716
1558390279.466;200;0.811;0.812
1558390280.261;200;0.793;0.796
1558390281.016;200;0.753;0.752
1558390281.738;200;0.719;0.720
1558390282.483;200;0.743;0.744
1558390283.312;200;0.822;0.820
1558390284.049;200;0.733;0.736
1558390284.766;200;0.714;0.716
1558390285.514;200;0.746;0.748
1558390286.308;200;0.792;0.792
1558390287.040;200;0.726;0.724
1558390287.822;200;0.779;0.780
1558390288.575;200;0.751;0.752
1558390289.384;200;0.808;0.808
1558390290.123;200;0.737;0.736
1558390290.841;200;0.714;0.716
1558390291.616;200;0.773;0.772
1558390292.449;200;0.831;0.832
1558390293.197;200;0.746;0.744
1558390293.945;200;0.746;0.744
1558390294.707;200;0.760;0.760
1558390295.526;200;0.815;0.816
1558390296.279;200;0.751;0.752
1558390296.996;200;0.715;0.712
1558390297.796;200;0.797;0.796
1558390298.626;200;0.827;0.828
1558390299.414;200;0.786;0.788
1558390300.172;200;0.757;0.756
1558390300.954;200;0.779;0.780
1558390301.798;200;0.842;0.844
1558390302.555;200;0.755;0.756
1558390303.277;200;0.719;0.720
1558390304.070;200;0.791;0.792
1558390304.895;200;0.822;0.820
1558390305.631;200;0.732;0.732
1558390306.334;200;0.700;0.700
1558390307.099;200;0.763;0.764
1558390307.929;200;0.827;0.828
1558390308.663;200;0.732;0.732
1558390309.382;200;0.716;0.716
1558390310.130;200;0.746;0.748
1558390310.975;200;0.843;0.844
1558390311.718;200;0.742;0.744
1558390312.446;200;0.726;0.728
1558390313.249;200;0.801;0.800
1558390314.044;200;0.792;0.792
1558390314.771;200;0.724;0.724
1558390315.490;200;0.717;0.716
1558390316.245;200;0.750;0.748
1558390317.074;200;0.827;0.828
1558390317.824;200;0.748;0.748
1558390318.546;200;0.719;0.720
1558390319.332;200;0.784;0.784
1558390320.139;200;0.803;0.804
1558390320.864;200;0.721;0.720
1558390321.612;200;0.745;0.744
1558390322.339;200;0.723;0.724
1558390323.163;200;0.822;0.820
1558390323.904;200;0.738;0.736
1558390324.630;200;0.722;0.724
1558390325.338;200;0.705;0.708
1558390326.167;200;0.825;0.824
1558390326.912;200;0.743;0.740
1558390327.651;200;0.736;0.736
1558390328.412;200;0.760;0.760
1558390329.262;200;0.846;0.848
1558390330.003;200;0.740;0.740
1558390330.746;200;0.741;0.740
1558390331.511;200;0.764;0.764
1558390332.434;200;0.921;0.924
1558390333.161;200;0.725;0.724
1558390333.879;200;0.716;0.716
1558390334.670;200;0.787;0.788
1558390335.476;200;0.804;0.804
1558390336.213;200;0.734;0.736
1558390336.938;200;0.723;0.724
1558390337.706;200;0.766;0.768
1558390338.516;200;0.808;0.808
1558390339.259;200;0.740;0.740
1558390339.974;200;0.712;0.712
1558390340.776;200;0.800;0.800
1558390341.583;200;0.803;0.804
1558390342.330;200;0.744;0.744
1558390343.059;200;0.727;0.728
1558390343.696;200;0.635;0.632
1558390344.501;200;0.803;0.804
1558390345.244;200;0.741;0.740
1558390345.951;200;0.704;0.704
1558390346.772;200;0.817;0.816
1558390347.579;200;0.804;0.804
1558390348.328;200;0.746;0.744
1558390349.077;200;0.746;0.748
1558390349.848;200;0.769;0.768
1558390350.722;200;0.871;0.872
1558390351.458;200;0.733;0.736
1558390352.154;200;0.694;0.696
1558390352.927;200;0.771;0.772
1558390353.765;200;0.835;0.832
1558390354.521;200;0.754;0.756
1558390355.243;200;0.719;0.720
1558390356.011;200;0.763;0.764
1558390356.820;200;0.807;0.808
1558390357.551;200;0.728;0.728
1558390358.283;200;0.730;0.728
1558390359.032;200;0.744;0.744
1558390359.868;200;0.833;0.832
1558390360.615;200;0.744;0.744
1558390361.354;200;0.736;0.736
1558390362.096;200;0.738;0.736
1558390362.961;200;0.862;0.864
1558390363.722;200;0.755;0.756
1558390364.465;200;0.741;0.744
1558390365.196;200;0.728;0.728
1558390366.002;200;0.802;0.804
1558390366.728;200;0.722;0.720
1558390367.426;200;0.696;0.696
1558390368.214;200;0.786;0.788
1558390369.035;200;0.818;0.820
1558390369.786;200;0.748;0.748
1558390370.493;200;0.705;0.708
1558390371.278;200;0.783;0.784
1558390372.084;200;0.804;0.804
1558390372.837;200;0.750;0.752
1558390373.580;200;0.741;0.740
1558390374.357;200;0.775;0.776
1558390375.184;200;0.824;0.824
1558390375.919;200;0.733;0.732
1558390376.652;200;0.731;0.728
1558390377.467;200;0.813;0.812
1558390378.283;200;0.813;0.812
1558390379.018;200;0.733;0.732
1558390379.737;200;0.718;0.720
1558390380.488;200;0.749;0.748
1558390381.306;200;0.815;0.816
1558390382.049;200;0.740;0.740
1558390382.776;200;0.724;0.724
1558390383.574;200;0.795;0.796
1558390384.419;200;0.843;0.844
1558390385.155;200;0.733;0.732
1558390385.908;200;0.751;0.748
1558390386.656;200;0.745;0.744
1558390387.464;200;0.806;0.804
1558390388.203;200;0.736;0.736
1558390388.927;200;0.721;0.720
1558390389.668;200;0.740;0.740
1558390390.507;200;0.838;0.836
1558390391.244;200;0.734;0.732
1558390392.018;200;0.765;0.764
1558390392.727;200;0.704;0.704
1558390393.622;200;0.893;0.892
1558390394.378;200;0.751;0.752
1558390395.100;200;0.716;0.716
1558390395.830;200;0.727;0.728
1558390396.671;200;0.839;0.840
1558390397.402;200;0.727;0.728
1558390398.138;200;0.734;0.736
1558390398.938;200;0.798;0.800
1558390399.768;200;0.828;0.828
1558390400.498;200;0.729;0.728
1558390401.259;200;0.759;0.760
1558390402.022;200;0.760;0.760
1558390402.844;200;0.820;0.820
1558390403.631;200;0.786;0.788
1558390404.354;200;0.722;0.724
1558390405.134;200;0.775;0.776
1558390405.989;200;0.854;0.852
1558390406.728;200;0.737;0.736
1558390407.442;200;0.711;0.712
1558390408.199;200;0.755;0.756
1558390409.030;200;0.829;0.828
1558390409.763;200;0.731;0.732
1558390410.509;200;0.743;0.744
1558390411.248;200;0.737;0.736
1558390412.136;200;0.884;0.884
1558390412.875;200;0.736;0.736
1558390413.594;200;0.716;0.716
1558390414.356;200;0.760;0.760
1558390415.183;200;0.823;0.824
1558390415.867;200;0.681;0.680
1558390416.610;200;0.740;0.740
1558390417.386;200;0.774;0.776
1558390418.211;200;0.821;0.820
1558390418.988;200;0.775;0.772
1558390419.722;200;0.732;0.732
1558390420.364;200;0.640;0.640
1558390421.188;200;0.820;0.820
1558390421.947;200;0.755;0.756
1558390422.702;200;0.735;0.736
1558390423.456;200;0.752;0.752
1558390424.294;200;0.836;0.836
1558390425.022;200;0.726;0.728
1558390425.743;200;0.720;0.720
1558390426.513;200;0.767;0.768
1558390427.341;200;0.826;0.824
1558390428.092;200;0.749;0.748
1558390428.816;200;0.721;0.720
1558390429.561;200;0.743;0.744
1558390430.368;200;0.804;0.804
1558390431.120;200;0.748;0.748
1558390431.859;200;0.737;0.736
1558390432.670;200;0.808;0.808
1558390433.504;200;0.832;0.832
1558390434.249;200;0.743;0.740
1558390435.014;200;0.762;0.764
1558390435.798;200;0.782;0.784
1558390436.627;200;0.826;0.824
1558390437.363;200;0.733;0.732
1558390438.102;200;0.734;0.736
1558390438.855;200;0.750;0.748
1558390439.684;200;0.825;0.824
1558390440.401;200;0.710;0.712
1558390441.182;200;0.779;0.780
1558390441.927;200;0.743;0.744
1558390442.740;200;0.810;0.808
1558390443.496;200;0.754;0.752
1558390444.239;200;0.741;0.740
1558390445.018;200;0.775;0.776
1558390445.894;200;0.875;0.876
1558390446.624;200;0.728;0.728
1558390447.324;200;0.698;0.696
1558390448.120;200;0.793;0.792
1558390448.931;200;0.808;0.808
1558390449.667;200;0.734;0.736
1558390450.422;200;0.754;0.756
1558390451.167;200;0.743;0.744
1558390452.005;200;0.836;0.836
1558390452.757;200;0.750;0.748
1558390453.484;200;0.725;0.724
1558390454.280;200;0.793;0.792
1558390455.141;200;0.858;0.860
1558390455.880;200;0.737;0.736
1558390456.640;200;0.757;0.756
1558390457.423;200;0.780;0.780
1558390458.220;200;0.794;0.792
1558390458.984;200;0.761;0.760
1558390459.699;200;0.713;0.712
1558390460.500;200;0.798;0.796
1558390461.353;200;0.850;0.852
1558390462.100;200;0.745;0.744
1558390462.824;200;0.722;0.720
1558390463.579;200;0.753;0.752
1558390464.401;200;0.819;0.820
1558390465.167;200;0.764;0.764
1558390465.889;200;0.719;0.720
1558390466.692;200;0.801;0.800
1558390467.502;200;0.806;0.808
1558390468.238;200;0.734;0.736
1558390468.949;200;0.709;0.708
1558390469.713;200;0.762;0.764
1558390470.530;200;0.815;0.817
1558390471.284;200;0.752;0.752
1558390471.996;200;0.709;0.708
1558390472.753;200;0.755;0.756
1558390473.556;200;0.801;0.800
1558390474.310;200;0.752;0.752
1558390475.060;200;0.746;0.744
1558390475.826;200;0.764;0.768
1558390476.636;200;0.807;0.804
1558390477.395;200;0.757;0.756
1558390478.099;200;0.701;0.700
1558390478.860;200;0.760;0.760
1558390479.686;200;0.822;0.824
1558390480.430;200;0.742;0.744
1558390481.180;200;0.747;0.744
1558390481.978;200;0.796;0.800
1558390482.803;200;0.823;0.824
1558390483.563;200;0.759;0.760
1558390484.297;200;0.731;0.728
1558390485.050;200;0.748;0.752
1558390485.896;200;0.844;0.844
1558390486.614;200;0.717;0.720
1558390487.327;200;0.711;0.712
1558390488.108;200;0.778;0.780
1558390488.950;200;0.839;0.844
1558390489.715;200;0.764;0.764
1558390490.477;200;0.761;0.760
1558390491.264;200;0.785;0.784
1558390492.067;200;0.801;0.804
1558390492.810;200;0.742;0.744
1558390493.552;200;0.741;0.740
1558390494.336;200;0.782;0.784
1558390495.152;200;0.812;0.816
1558390495.938;200;0.784;0.788
1558390496.670;200;0.730;0.728
1558390497.548;200;0.876;0.880
1558390498.373;200;0.821;0.828
1558390499.084;200;0.709;0.708
1558390499.820;200;0.734;0.736
1558390500.541;200;0.719;0.724
1558390501.358;200;0.815;0.812
1558390502.103;200;0.744;0.748
1558390502.815;200;0.708;0.708
1558390503.523;200;0.707;0.708
1558390504.358;200;0.832;0.832
1558390505.096;200;0.736;0.736
1558390505.849;200;0.751;0.752
1558390506.599;200;0.748;0.748
1558390507.439;200;0.837;0.832
1558390508.180;200;0.738;0.740
1558390508.907;200;0.725;0.728
1558390509.682;200;0.770;0.772
1558390510.506;200;0.823;0.824
1558390511.242;200;0.734;0.736
1558390511.975;200;0.730;0.732
1558390512.767;200;0.789;0.788
1558390513.595;200;0.826;0.828
1558390514.341;200;0.743;0.740
1558390515.064;200;0.720;0.724
1558390515.830;200;0.760;0.764
1558390516.711;200;0.879;0.876
1558390517.483;200;0.767;0.772
1558390518.203;200;0.718;0.720
1558390518.968;200;0.762;0.764
1558390519.838;200;0.868;0.868
1558390520.583;200;0.743;0.744
1558390521.292;200;0.708;0.712
1558390522.088;200;0.794;0.796
1558390522.899;200;0.809;0.812
1558390523.671;200;0.769;0.768
1558390524.415;200;0.742;0.744
1558390525.213;200;0.795;0.796
1558390526.040;200;0.825;0.824
1558390526.788;200;0.746;0.748
1558390527.521;200;0.730;0.732
1558390528.290;200;0.767;0.772
1558390529.104;200;0.809;0.808
1558390529.895;200;0.788;0.788
1558390530.607;200;0.711;0.712
1558390531.378;200;0.767;0.768
1558390532.223;200;0.844;0.844
1558390532.959;200;0.732;0.732
1558390533.674;200;0.712;0.712
1558390534.459;200;0.783;0.784
1558390535.295;200;0.833;0.836
1558390536.037;200;0.740;0.740
1558390536.756;200;0.717;0.716
1558390537.505;200;0.747;0.748
1558390538.320;200;0.812;0.816
1558390539.086;200;0.763;0.764
1558390539.839;200;0.751;0.752
1558390540.609;200;0.767;0.764
1558390541.449;200;0.838;0.840
1558390542.197;200;0.746;0.748
1558390542.932;200;0.732;0.732
1558390543.651;200;0.717;0.720
1558390544.484;200;0.830;0.832
1558390545.234;200;0.747;0.752
1558390545.947;200;0.711;0.708
1558390546.716;200;0.766;0.768
1558390547.547;200;0.829;0.832
1558390548.314;200;0.763;0.760
1558390549.035;200;0.719;0.724
1558390549.831;200;0.793;0.796
1558390550.659;200;0.826;0.828
1558390551.435;200;0.774;0.776
1558390552.197;200;0.760;0.760
1558390552.965;200;0.766;0.768
1558390553.812;200;0.845;0.848
1558390554.579;200;0.763;0.764
1558390555.297;200;0.713;0.716
1558390556.060;200;0.760;0.764
1558390556.866;200;0.803;0.808
1558390557.628;200;0.760;0.760
1558390558.382;200;0.751;0.752
1558390559.161;200;0.777;0.780
1558390559.998;200;0.835;0.840
1558390560.766;200;0.766;0.764
1558390561.478;200;0.710;0.716
1558390562.257;200;0.777;0.772
1558390563.080;200;0.821;0.824
1558390563.860;200;0.778;0.780
1558390564.579;200;0.716;0.716
1558390565.332;200;0.750;0.752
1558390566.149;200;0.814;0.816
1558390566.907;200;0.756;0.760
1558390567.630;200;0.722;0.724
1558390568.427;200;0.796;0.796
1558390569.265;200;0.837;0.832
1558390570.016;200;0.750;0.752
1558390570.751;200;0.732;0.736
1558390571.524;200;0.770;0.772
1558390572.348;200;0.822;0.820
1558390573.092;200;0.742;0.744
1558390573.813;200;0.718;0.720
1558390574.619;200;0.805;0.808
1558390575.517;200;0.893;0.892
1558390576.268;200;0.749;0.748
1558390576.972;200;0.702;0.704
1558390577.738;200;0.763;0.764
1558390578.501;200;0.762;0.764
1558390579.276;200;0.772;0.776
1558390580.004;200;0.726;0.728
1558390580.831;200;0.824;0.828
1558390581.650;200;0.817;0.820
1558390582.395;200;0.744;0.744
1558390583.111;200;0.715;0.716
1558390583.896;200;0.782;0.780
1558390584.682;200;0.783;0.784
1558390585.455;200;0.772;0.772
1558390586.188;200;0.730;0.732
1558390587.018;200;0.828;0.832
1558390587.857;200;0.837;0.836
1558390588.591;200;0.733;0.736
1558390589.318;200;0.725;0.728
1558390590.093;200;0.773;0.772
1558390590.901;200;0.806;0.808
1558390591.678;200;0.775;0.776
1558390592.401;200;0.722;0.724
1558390593.154;200;0.751;0.756
1558390593.962;200;0.806;0.808
1558390594.751;200;0.783;0.788
1558390595.512;200;0.759;0.760
1558390596.326;200;0.811;0.812
1558390597.139;200;0.812;0.812
1558390597.856;200;0.714;0.716
1558390598.587;200;0.729;0.732
1558390599.347;200;0.759;0.760
1558390600.144;200;0.794;0.796
1558390600.888;200;0.742;0.744
1558390601.599;200;0.709;0.712
1558390602.386;200;0.784;0.784
1558390603.172;200;0.785;0.788
1558390603.921;200;0.747;0.748
1558390604.646;200;0.722;0.728
1558390605.417;200;0.769;0.768
1558390606.209;200;0.791;0.792
1558390606.934;200;0.723;0.724
1558390607.646;200;0.710;0.712
1558390608.405;200;0.758;0.760
1558390609.184;200;0.776;0.780
1558390609.938;200;0.752;0.756
1558390610.632;200;0.692;0.692
1558390611.446;200;0.812;0.816
1558390612.232;200;0.784;0.784
1558390612.943;200;0.708;0.712
1558390613.718;200;0.773;0.776
1558390614.508;200;0.789;0.788
1558390615.339;200;0.827;0.832
1558390616.075;200;0.732;0.736
1558390616.803;200;0.726;0.724
1558390617.608;200;0.803;0.808
1558390618.404;200;0.794;0.792
1558390619.166;200;0.759;0.760
1558390619.888;200;0.720;0.720
1558390620.668;200;0.777;0.776
1558390621.495;200;0.825;0.828
1558390622.239;200;0.742;0.740
1558390622.994;200;0.752;0.752
1558390623.780;200;0.785;0.788
1558390624.603;200;0.821;0.824
1558390625.340;200;0.734;0.736
1558390626.062;200;0.720;0.724
1558390626.831;200;0.767;0.768
1558390627.626;200;0.792;0.796
1558390628.398;200;0.768;0.768
1558390629.167;200;0.767;0.772
1558390629.915;200;0.746;0.748
1558390630.737;200;0.821;0.820
1558390631.498;200;0.759;0.760
1558390632.257;200;0.757;0.756
1558390633.021;200;0.763;0.764
1558390633.819;200;0.796;0.796
1558390634.563;200;0.743;0.748
1558390635.283;200;0.717;0.720
1558390636.049;200;0.765;0.764
1558390636.852;200;0.801;0.804
1558390637.587;200;0.733;0.736
1558390638.299;200;0.710;0.708
1558390639.015;200;0.714;0.720
1558390639.810;200;0.792;0.792
1558390640.527;200;0.716;0.720
1558390641.266;200;0.737;0.736
1558390642.061;200;0.794;0.796
1558390642.861;200;0.799;0.800
1558390643.595;200;0.732;0.732
1558390644.320;200;0.724;0.728
1558390645.099;200;0.776;0.780
1558390645.943;200;0.841;0.844
1558390646.670;200;0.725;0.724
1558390647.413;200;0.742;0.744
1558390648.195;200;0.780;0.784
1558390649.029;200;0.831;0.832
1558390649.795;200;0.764;0.764
1558390650.539;200;0.743;0.748
1558390651.291;200;0.749;0.748
1558390652.119;200;0.824;0.828
1558390652.862;200;0.739;0.740
1558390653.596;200;0.732;0.728
1558390654.380;200;0.780;0.784
1558390655.254;200;0.871;0.872
1558390656.002;200;0.746;0.748
1558390656.785;200;0.781;0.784
1558390657.528;200;0.741;0.744
1558390658.371;200;0.841;0.840
1558390659.112;200;0.740;0.744
1558390659.855;200;0.741;0.740
1558390660.627;200;0.769;0.772
1558390661.464;200;0.836;0.836
1558390662.213;200;0.747;0.748
1558390662.987;200;0.773;0.776
1558390663.731;200;0.741;0.744
1558390664.568;200;0.832;0.832
1558390665.305;200;0.735;0.736
1558390666.030;200;0.723;0.728
1558390666.763;200;0.731;0.728
1558390667.579;200;0.813;0.816
1558390668.299;200;0.719;0.720
1558390669.019;200;0.717;0.720
1558390669.816;200;0.794;0.796
1558390670.624;200;0.806;0.804
1558390671.371;200;0.741;0.740
1558390672.095;200;0.721;0.724
1558390672.849;200;0.751;0.752
1558390673.688;200;0.836;0.840
1558390674.415;200;0.726;0.728
1558390675.161;200;0.742;0.744
1558390675.947;200;0.784;0.788
1558390676.778;200;0.830;0.832
1558390677.521;200;0.741;0.740
1558390678.275;200;0.752;0.756
1558390679.041;200;0.763;0.764
1558390679.893;200;0.851;0.852
1558390680.648;200;0.753;0.756
1558390681.359;200;0.709;0.712
1558390682.168;200;0.808;0.808
1558390683.004;200;0.834;0.836
1558390683.767;200;0.760;0.760
1558390684.532;200;0.762;0.764
1558390685.305;200;0.769;0.772
1558390686.105;200;0.797;0.800
1558390686.843;200;0.737;0.740
1558390687.579;200;0.733;0.736
1558390688.353;200;0.770;0.772
1558390689.158;200;0.803;0.808
1558390689.923;200;0.764;0.760
1558390690.658;200;0.732;0.732
1558390691.450;200;0.790;0.796
1558390692.262;200;0.810;0.808
1558390693.006;200;0.741;0.748
1558390693.718;200;0.710;0.712
1558390694.500;200;0.780;0.780
1558390695.425;200;0.920;0.916
1558390696.166;200;0.739;0.740
1558390696.884;200;0.717;0.720
1558390697.569;200;0.683;0.684
1558390698.380;200;0.809;0.812
1558390699.120;200;0.738;0.740
1558390699.846;200;0.724;0.724
1558390700.627;200;0.780;0.784
1558390701.399;200;0.769;0.772
1558390702.150;200;0.749;0.752
1558390702.875;200;0.724;0.724
1558390703.583;200;0.707;0.708
1558390704.424;200;0.840;0.840
1558390705.205;200;0.778;0.780
1558390705.938;200;0.731;0.732
1558390706.710;200;0.771;0.776
1558390707.518;200;0.806;0.804
1558390708.261;200;0.742;0.744
1558390708.986;200;0.723;0.724
1558390709.758;200;0.771;0.776
1558390710.591;200;0.831;0.832
1558390711.318;200;0.725;0.724
1558390712.026;200;0.707;0.708
1558390712.668;200;0.640;0.644
1558390713.484;200;0.814;0.816
1558390714.202;200;0.716;0.716
1558390714.897;200;0.693;0.696
1558390715.705;200;0.806;0.808
1558390716.515;200;0.808;0.812
1558390717.255;200;0.738;0.740
1558390717.985;200;0.727;0.728
1558390718.744;200;0.757;0.760
1558390719.566;200;0.819;0.824
1558390720.360;200;0.792;0.792
1558390721.101;200;0.739;0.740
1558390721.855;200;0.753;0.756
1558390722.661;200;0.797;0.800
1558390723.434;200;0.771;0.776
1558390724.179;200;0.743;0.744
1558390725.013;200;0.832;0.832
1558390725.843;200;0.828;0.832
1558390726.582;200;0.736;0.736
1558390727.310;200;0.727;0.732
1558390728.074;200;0.762;0.764
1558390728.879;200;0.803;0.804
1558390729.616;200;0.735;0.736
1558390730.335;200;0.717;0.720
1558390731.135;200;0.799;0.796
1558390731.953;200;0.816;0.820
1558390732.666;200;0.711;0.712
1558390733.435;200;0.767;0.772
1558390734.194;200;0.758;0.760
1558390735.018;200;0.818;0.820
1558390735.770;200;0.750;0.752
1558390736.480;200;0.709;0.712
1558390737.267;200;0.785;0.784
1558390738.113;200;0.845;0.848
1558390738.827;200;0.713;0.716
1558390739.558;200;0.729;0.732
1558390740.336;200;0.776;0.776
1558390741.235;200;0.897;0.896
1558390741.993;200;0.756;0.756
1558390742.754;200;0.759;0.764
1558390743.517;200;0.761;0.760
1558390744.311;200;0.792;0.796
1558390745.071;200;0.758;0.760
1558390745.800;200;0.728;0.728
1558390746.555;200;0.753;0.756
1558390747.355;200;0.793;0.792
1558390748.135;200;0.776;0.780
1558390748.868;200;0.731;0.732
1558390749.663;200;0.793;0.796
1558390750.473;200;0.809;0.808
1558390751.202;200;0.728;0.728
1558390751.922;200;0.719;0.720
1558390752.716;200;0.792;0.796
1558390753.518;200;0.800;0.800
1558390754.276;200;0.757;0.756
1558390755.018;200;0.739;0.740
1558390755.810;200;0.791;0.792
1558390756.649;200;0.837;0.840
1558390757.392;200;0.742;0.744
1558390758.126;200;0.731;0.736
1558390758.878;200;0.750;0.748
1558390759.702;200;0.823;0.828
1558390760.437;200;0.732;0.732
1558390761.151;200;0.713;0.716
1558390761.937;200;0.785;0.784
1558390762.751;200;0.812;0.816
1558390763.491;200;0.737;0.740
1558390764.248;200;0.755;0.756
1558390765.010;200;0.760;0.760
1558390765.832;200;0.821;0.824
1558390766.581;200;0.745;0.748
1558390767.308;200;0.725;0.728
1558390768.081;200;0.772;0.772
1558390768.923;200;0.840;0.844
1558390769.653;200;0.727;0.728
1558390770.384;200;0.729;0.728
1558390771.134;200;0.747;0.752
1558390771.966;200;0.830;0.828
1558390772.694;200;0.726;0.728
1558390773.421;200;0.725;0.728
1558390774.160;200;0.737;0.740
1558390774.953;200;0.789;0.788
1558390775.699;200;0.745;0.748
1558390776.460;200;0.758;0.760
1558390777.242;200;0.779;0.780
1558390778.061;200;0.818;0.816
1558390778.790;200;0.727;0.728
1558390779.583;200;0.792;0.796
1558390780.348;200;0.762;0.764
1558390781.176;200;0.825;0.828
1558390781.976;200;0.798;0.796
1558390782.692;200;0.713;0.716
1558390783.465;200;0.771;0.768
1558390784.300;200;0.834;0.836
1558390785.044;200;0.741;0.744
1558390785.780;200;0.734;0.736
1558390786.573;200;0.791;0.792
1558390787.380;200;0.805;0.804
1558390788.124;200;0.742;0.744
1558390788.862;200;0.736;0.740
1558390789.622;200;0.758;0.756
1558390790.445;200;0.822;0.824
1558390791.190;200;0.743;0.744
1558390791.916;200;0.725;0.724
1558390792.668;200;0.749;0.752
1558390793.488;200;0.817;0.820
1558390794.223;200;0.733;0.736
1558390794.952;200;0.726;0.724
1558390795.784;200;0.830;0.832
1558390796.613;200;0.827;0.829
1558390797.359;200;0.745;0.748
1558390798.074;200;0.714;0.712
1558390798.834;200;0.759;0.760
1558390799.670;200;0.835;0.840
1558390800.383;200;0.711;0.712
1558390801.087;200;0.701;0.700
1558390801.866;200;0.776;0.776
1558390802.714;200;0.847;0.848
1558390803.443;200;0.728;0.732
1558390804.159;200;0.714;0.716
1558390804.919;200;0.756;0.760
1558390805.760;200;0.838;0.840
1558390806.490;200;0.727;0.728
1558390807.194;200;0.702;0.704
1558390807.971;200;0.775;0.780
1558390808.787;200;0.814;0.816
1558390809.523;200;0.733;0.736
1558390810.259;200;0.735;0.732
1558390811.015;200;0.755;0.760
1558390811.882;200;0.864;0.864
1558390812.639;200;0.753;0.756
1558390813.378;200;0.736;0.736
1558390814.114;200;0.733;0.736
1558390814.959;200;0.841;0.840
1558390815.695;200;0.733;0.736
1558390816.401;200;0.704;0.704
1558390817.128;200;0.726;0.728
1558390818.012;200;0.878;0.876
1558390818.762;200;0.748;0.748
1558390819.455;200;0.691;0.696
1558390820.238;200;0.780;0.780
1558390821.052;200;0.812;0.816
1558390821.775;200;0.721;0.724
1558390822.494;200;0.717;0.716
1558390823.202;200;0.707;0.708
1558390824.044;200;0.841;0.844
1558390824.793;200;0.741;0.744
1558390825.539;200;0.744;0.748
1558390826.341;200;0.799;0.800
1558390827.140;200;0.797;0.800
1558390827.871;200;0.729;0.732
1558390828.600;200;0.728;0.724
1558390829.360;200;0.758;0.760
1558390830.154;200;0.792;0.792
1558390830.888;200;0.732;0.736
1558390831.609;200;0.719;0.720
1558390832.380;200;0.770;0.772
1558390833.183;200;0.801;0.804
1558390833.912;200;0.724;0.724
1558390834.665;200;0.750;0.752
1558390835.428;200;0.761;0.764
1558390836.206;200;0.775;0.776
1558390836.917;200;0.710;0.712
1558390837.675;200;0.756;0.760
1558390838.416;200;0.739;0.740
1558390839.226;200;0.807;0.812
1558390839.973;200;0.745;0.744
1558390840.731;200;0.756;0.760
1558390841.490;200;0.758;0.756
1558390842.312;200;0.820;0.824
1558390843.053;200;0.739;0.740
1558390843.785;200;0.730;0.732
1558390844.566;200;0.780;0.780
1558390845.395;200;0.826;0.828
1558390846.123;200;0.726;0.724
1558390846.851;200;0.725;0.728
1558390847.605;200;0.752;0.752
1558390848.384;200;0.777;0.780
1558390849.108;200;0.722;0.724
1558390849.816;200;0.706;0.704
1558390850.581;200;0.762;0.764
1558390851.396;200;0.813;0.816
1558390852.136;200;0.738;0.736
1558390852.882;200;0.743;0.744
1558390853.598;200;0.714;0.716
1558390854.400;200;0.800;0.804
1558390855.164;200;0.760;0.764
1558390855.926;200;0.760;0.760
1558390856.679;200;0.751;0.756
1558390857.484;200;0.804;0.804
1558390858.219;200;0.733;0.736
1558390858.946;200;0.726;0.724
1558390859.735;200;0.788;0.792
1558390860.539;200;0.802;0.804
1558390861.302;200;0.761;0.760
1558390862.029;200;0.726;0.728
1558390862.807;200;0.776;0.780
1558390863.609;200;0.801;0.800
1558390864.344;200;0.734;0.736
1558390865.090;200;0.743;0.744
1558390865.864;200;0.773;0.776
1558390866.655;200;0.789;0.792
1558390867.419;200;0.761;0.764
1558390868.167;200;0.746;0.748
1558390868.910;200;0.742;0.740
1558390869.718;200;0.807;0.808
1558390870.459;200;0.739;0.744
1558390871.208;200;0.747;0.748
1558390871.923;200;0.712;0.712
1558390872.739;200;0.813;0.816
1558390873.518;200;0.777;0.776
1558390874.241;200;0.721;0.724
1558390875.033;200;0.789;0.792
1558390875.878;200;0.843;0.844
1558390876.627;200;0.748;0.748
1558390877.355;200;0.726;0.728
1558390878.097;200;0.739;0.736
1558390878.926;200;0.827;0.828
1558390879.666;200;0.738;0.740
1558390880.387;200;0.718;0.724
1558390881.141;200;0.751;0.752
1558390881.960;200;0.817;0.820
1558390882.703;200;0.740;0.744
1558390883.436;200;0.731;0.732
1558390884.187;200;0.749;0.748
1558390885.003;200;0.813;0.812
1558390885.733;200;0.729;0.732
1558390886.460;200;0.726;0.728
1558390887.262;200;0.800;0.800
1558390888.074;200;0.811;0.812
1558390888.824;200;0.748;0.748
1558390889.567;200;0.740;0.744
1558390890.313;200;0.744;0.744
1558390891.123;200;0.804;0.808
1558390891.862;200;0.737;0.736
1558390892.626;200;0.762;0.764
1558390893.427;200;0.799;0.804
1558390894.249;200;0.820;0.820
1558390894.982;200;0.730;0.732
1558390895.739;200;0.756;0.760
1558390896.443;200;0.702;0.704
1558390897.249;200;0.805;0.804
1558390897.966;200;0.715;0.716
1558390898.708;200;0.741;0.744
1558390899.479;200;0.769;0.772
1558390900.310;200;0.829;0.828
1558390901.071;200;0.750;0.752
1558390901.818;200;0.744;0.744
1558390902.646;200;0.827;0.828
1558390903.464;200;0.816;0.820
1558390904.229;200;0.764;0.764
1558390904.975;200;0.743;0.748
1558390905.698;200;0.721;0.720
1558390906.558;200;0.858;0.860
1558390907.286;200;0.726;0.728
1558390908.033;200;0.745;0.748
1558390908.833;200;0.798;0.796
1558390909.657;200;0.822;0.824
1558390910.413;200;0.754;0.752
1558390911.166;200;0.751;0.752
1558390911.962;200;0.794;0.796
1558390912.817;200;0.853;0.852
1558390913.561;200;0.743;0.744
1558390914.294;200;0.731;0.732
1558390915.015;200;0.718;0.716
1558390915.832;200;0.815;0.816
1558390916.559;200;0.725;0.728
1558390917.302;200;0.739;0.740
1558390918.067;200;0.763;0.768
1558390918.887;200;0.817;0.820
1558390919.613;200;0.723;0.724
1558390920.361;200;0.746;0.744
1558390921.114;200;0.752;0.752
1558390921.935;200;0.819;0.824
1558390922.681;200;0.743;0.744
1558390923.392;200;0.709;0.712
1558390924.110;200;0.715;0.716
1558390924.947;200;0.833;0.832
1558390925.694;200;0.744;0.744
1558390926.430;200;0.735;0.736
1558390927.173;200;0.741;0.740
1558390927.993;200;0.818;0.820
1558390928.739;200;0.744;0.748
1558390929.487;200;0.745;0.744
1558390930.183;200;0.695;0.696
1558390931.008;200;0.824;0.828
1558390931.755;200;0.743;0.748
1558390932.506;200;0.750;0.748
1558390933.297;200;0.789;0.788
1558390934.113;200;0.814;0.816
1558390934.862;200;0.747;0.748
1558390935.584;200;0.720;0.724
1558390936.359;200;0.773;0.776
1558390937.207;200;0.844;0.848
1558390937.971;200;0.763;0.764
1558390938.711;200;0.736;0.736
1558390939.525;200;0.809;0.812
1558390940.369;200;0.842;0.844
1558390941.115;200;0.741;0.740
1558390941.848;200;0.730;0.732
1558390942.600;200;0.750;0.752
1558390943.448;200;0.847;0.848
1558390944.208;200;0.757;0.760
1558390944.950;200;0.739;0.740
1558390945.716;200;0.764;0.768
1558390946.521;200;0.803;0.804
1558390947.271;200;0.748;0.748
1558390948.016;200;0.742;0.744
1558390948.759;200;0.741;0.740
1558390949.594;200;0.834;0.836
1558390950.352;200;0.756;0.760
1558390951.076;200;0.721;0.724
1558390951.837;200;0.758;0.760
1558390952.667;200;0.828;0.832
1558390953.419;200;0.749;0.752
1558390954.151;200;0.730;0.732
1558390954.905;200;0.751;0.752
1558390955.733;200;0.826;0.828
1558390956.451;200;0.713;0.716
1558390957.165;200;0.711;0.712
1558390957.934;200;0.767;0.768
1558390958.744;200;0.808;0.812
1558390959.489;200;0.742;0.744
1558390960.211;200;0.720;0.720
1558390960.969;200;0.755;0.756
1558390961.790;200;0.819;0.820
1558390962.562;200;0.771;0.772
1558390963.286;200;0.723;0.724
1558390964.030;200;0.742;0.744
1558390964.833;200;0.801;0.800
1558390965.596;200;0.762;0.764
1558390966.330;200;0.731;0.732
1558390967.139;200;0.807;0.808
1558390967.998;200;0.856;0.856
1558390968.723;200;0.723;0.728
1558390969.435;200;0.709;0.712
1558390970.190;200;0.751;0.752
1558390971.031;200;0.838;0.844
1558390971.792;200;0.757;0.760
1558390972.505;200;0.711;0.712
1558390973.220;200;0.713;0.716
1558390974.060;200;0.838;0.840
1558390974.826;200;0.763;0.764
1558390975.574;200;0.747;0.748
1558390976.290;200;0.714;0.716
1558390977.104;200;0.811;0.816
1558390977.837;200;0.727;0.724
1558390978.550;200;0.711;0.712
1558390979.294;200;0.742;0.744
1558390980.128;200;0.832;0.832
1558390980.873;200;0.742;0.740
1558390981.631;200;0.756;0.760
1558390982.445;200;0.812;0.808
1558390983.240;200;0.793;0.796
1558390983.982;200;0.739;0.740
1558390984.710;200;0.726;0.728
1558390985.495;200;0.783;0.788
1558390986.314;200;0.816;0.816
1558390987.037;200;0.721;0.724
1558390987.798;200;0.759;0.760
1558390988.507;200;0.708;0.708
1558390989.322;200;0.813;0.816
1558390990.039;200;0.715;0.720
1558390990.775;200;0.733;0.736
1558390991.550;200;0.773;0.772
1558390992.370;200;0.818;0.820
1558390993.103;200;0.731;0.732
1558390993.812;200;0.708;0.712
1558390994.589;200;0.775;0.776
1558390995.431;200;0.839;0.840
1558390996.167;200;0.733;0.732
1558390996.849;200;0.680;0.680
1558390997.605;200;0.754;0.756
1558390998.422;200;0.815;0.816
1558390999.149;200;0.726;0.728
1558390999.864;200;0.713;0.716
1558391000.661;200;0.795;0.796
1558391001.524;200;0.862;0.864
1558391002.296;200;0.770;0.768
1558391003.021;200;0.722;0.724
1558391003.813;200;0.790;0.792
1558391004.644;200;0.829;0.828
1558391005.389;200;0.742;0.740
1558391006.116;200;0.725;0.728
1558391006.917;200;0.799;0.800
1558391007.734;200;0.815;0.816
1558391008.477;200;0.741;0.744
1558391009.191;200;0.712;0.716
1558391009.953;200;0.760;0.756
1558391010.758;200;0.803;0.804
1558391011.500;200;0.740;0.744
1558391012.207;200;0.705;0.704
1558391012.961;200;0.752;0.756
1558391013.771;200;0.808;0.808
1558391014.501;200;0.728;0.732
1558391015.223;200;0.719;0.720
1558391015.981;200;0.755;0.756
1558391016.782;200;0.799;0.800
1558391017.527;200;0.744;0.748
1558391018.219;200;0.690;0.688
1558391018.974;200;0.754;0.756
1558391019.814;200;0.828;0.828
1558391020.547;200;0.732;0.732
1558391021.266;200;0.718;0.720
1558391022.031;200;0.764;0.764
1558391022.824;200;0.792;0.796
1558391023.574;200;0.747;0.748
1558391024.290;200;0.714;0.716
1558391025.084;200;0.792;0.796
1558391025.938;200;0.852;0.852
1558391026.666;200;0.727;0.728
1558391027.385;200;0.717;0.716
1558391028.138;200;0.751;0.752
1558391028.946;200;0.807;0.808
1558391029.700;200;0.752;0.756
1558391030.431;200;0.729;0.732
1558391031.190;200;0.756;0.756
1558391032.030;200;0.838;0.840
1558391032.757;200;0.726;0.728
1558391033.507;200;0.748;0.748
1558391034.259;200;0.750;0.752
1558391035.086;200;0.825;0.828
1558391035.832;200;0.744;0.744
1558391036.576;200;0.742;0.744
1558391037.398;200;0.819;0.820
1558391038.210;200;0.810;0.812
1558391038.970;200;0.758;0.760
1558391039.727;200;0.755;0.760
1558391040.524;200;0.795;0.796
1558391041.390;200;0.864;0.864
1558391042.115;200;0.723;0.724
1558391042.846;200;0.730;0.732
1558391043.615;200;0.767;0.768
1558391044.426;200;0.810;0.812
1558391045.166;200;0.738;0.740
1558391045.878;200;0.711;0.712
1558391046.623;200;0.743;0.744
1558391047.429;200;0.805;0.808
1558391048.194;200;0.763;0.764
1558391048.905;200;0.709;0.712
1558391049.696;200;0.789;0.792
1558391050.516;200;0.818;0.820
1558391051.240;200;0.721;0.720
1558391051.970;200;0.728;0.728
1558391052.732;200;0.760;0.764
1558391053.586;200;0.852;0.852
1558391054.324;200;0.734;0.736
1558391055.044;200;0.717;0.720
1558391055.784;200;0.738;0.740
1558391056.618;200;0.831;0.832
1558391057.340;200;0.721;0.724
1558391058.058;200;0.716;0.716
1558391058.841;200;0.781;0.784
1558391059.653;200;0.810;0.812
1558391060.408;200;0.753;0.752
1558391061.141;200;0.731;0.732
1558391061.901;200;0.758;0.760
1558391062.761;200;0.857;0.860
1558391063.493;200;0.730;0.732
1558391064.208;200;0.713;0.716
1558391064.986;200;0.771;0.772
1558391065.815;200;0.827;0.828
1558391066.551;200;0.734;0.736
1558391067.277;200;0.725;0.728
1558391068.047;200;0.768;0.768
1558391068.863;200;0.815;0.816
1558391069.591;200;0.727;0.728
1558391070.310;200;0.718;0.720
1558391071.057;200;0.745;0.748
1558391071.899;200;0.841;0.840
1558391072.623;200;0.723;0.728
1558391073.337;200;0.712;0.712
1558391074.116;200;0.777;0.780
1558391074.962;200;0.843;0.844
1558391075.691;200;0.727;0.732
1558391076.441;200;0.747;0.748
1558391077.199;200;0.756;0.756
1558391078.006;200;0.804;0.804
1558391078.720;200;0.713;0.716
1558391079.468;200;0.746;0.748
1558391080.210;200;0.740;0.740
1558391081.012;200;0.800;0.804
1558391081.756;200;0.742;0.744
1558391082.508;200;0.750;0.752
1558391083.284;200;0.774;0.776
1558391084.118;200;0.831;0.832
1558391084.853;200;0.731;0.732
1558391085.587;200;0.732;0.732
1558391086.340;200;0.751;0.752
1558391087.150;200;0.807;0.808
1558391087.892;200;0.741;0.744
1558391088.629;200;0.735;0.736
1558391089.381;200;0.750;0.752
1558391090.188;200;0.805;0.808
1558391090.924;200;0.733;0.736
1558391091.643;200;0.717;0.716
1558391092.398;200;0.752;0.752
1558391093.214;200;0.815;0.816
1558391093.947;200;0.731;0.732
1558391094.727;200;0.777;0.780
1558391095.478;200;0.747;0.748
1558391096.271;200;0.791;0.792
1558391097.009;200;0.734;0.736
1558391097.721;200;0.710;0.712
1558391098.495;200;0.771;0.772
1558391099.339;200;0.843;0.844
1558391100.067;200;0.725;0.724
1558391100.782;200;0.713;0.716
1558391101.559;200;0.775;0.776
1558391102.403;200;0.842;0.840
1558391103.167;200;0.762;0.760
1558391103.889;200;0.720;0.724
1558391104.649;200;0.757;0.760
1558391105.446;200;0.796;0.796
1558391106.194;200;0.746;0.748
1558391106.913;200;0.717;0.720
1558391107.652;200;0.737;0.736
1558391108.506;200;0.852;0.852
1558391109.254;200;0.746;0.748
1558391109.984;200;0.728;0.728
1558391110.770;200;0.783;0.784
1558391111.602;200;0.828;0.828
1558391112.313;200;0.709;0.708
1558391113.045;200;0.731;0.732
1558391113.850;200;0.803;0.804
1558391114.671;200;0.817;0.816
1558391115.435;200;0.762;0.764
1558391116.151;200;0.715;0.716
1558391116.940;200;0.786;0.788
1558391117.787;200;0.845;0.844
1558391118.506;200;0.717;0.720
1558391119.228;200;0.720;0.724
1558391120.030;200;0.799;0.800
1558391120.866;200;0.834;0.836
1558391121.613;200;0.745;0.748
1558391122.339;200;0.724;0.725
1558391123.108;200;0.767;0.768
1558391123.930;200;0.820;0.820
1558391124.693;200;0.761;0.764
1558391125.422;200;0.727;0.728
1558391126.218;200;0.794;0.796
1558391127.041;200;0.821;0.824
1558391127.802;200;0.760;0.760
1558391128.522;200;0.719;0.720
1558391129.265;200;0.741;0.744
1558391130.084;200;0.817;0.820
