[WARN]  Running against a source checkout. In order to get our runtime dependencies we'll have to invoke Maven. Depending on the state of your system, this may take ~30-45 seconds
[DEBUG]  Running 'mvn -pl com.yahoo.ycsb:rest-binding -am package -DskipTests dependency:build-classpath -DincludeScope=compile -Dmdep.outputFilterFile=true'
WARNING: An illegal reflective access operation has occurred
WARNING: Illegal reflective access by com.google.inject.internal.cglib.core.$ReflectUtils$1 (file:/usr/share/maven/lib/guice.jar) to method java.lang.ClassLoader.defineClass(java.lang.String,byte[],int,int,java.security.ProtectionDomain)
WARNING: Please consider reporting this to the maintainers of com.google.inject.internal.cglib.core.$ReflectUtils$1
WARNING: Use --illegal-access=warn to enable warnings of further illegal reflective access operations
WARNING: All illegal access operations will be denied in a future release
java -cp /home/ubuntu/YCSB/rest/conf:/home/ubuntu/YCSB/rest/target/rest-binding-0.16.0-SNAPSHOT.jar:/home/ubuntu/.m2/repository/org/hdrhistogram/HdrHistogram/2.1.4/HdrHistogram-2.1.4.jar:/home/ubuntu/.m2/repository/org/glassfish/hk2/external/javax.inject/2.2.0/javax.inject-2.2.0.jar:/home/ubuntu/.m2/repository/com/github/stefanbirkner/system-rules/1.16.0/system-rules-1.16.0.jar:/home/ubuntu/.m2/repository/org/codehaus/jackson/jackson-core-asl/1.9.4/jackson-core-asl-1.9.4.jar:/home/ubuntu/.m2/repository/org/glassfish/jersey/core/jersey-server/2.6/jersey-server-2.6.jar:/home/ubuntu/YCSB/core/target/core-0.16.0-SNAPSHOT.jar:/home/ubuntu/.m2/repository/org/glassfish/hk2/hk2-api/2.2.0/hk2-api-2.2.0.jar:/home/ubuntu/.m2/repository/javax/ws/rs/javax.ws.rs-api/2.0/javax.ws.rs-api-2.0.jar:/home/ubuntu/.m2/repository/org/glassfish/hk2/hk2-locator/2.2.0/hk2-locator-2.2.0.jar:/home/ubuntu/.m2/repository/org/eclipse/jdt/core/compiler/ecj/4.4.2/ecj-4.4.2.jar:/home/ubuntu/.m2/repository/org/codehaus/jackson/jackson-mapper-asl/1.9.4/jackson-mapper-asl-1.9.4.jar:/home/ubuntu/.m2/repository/org/glassfish/jersey/bundles/repackaged/jersey-guava/2.6/jersey-guava-2.6.jar:/home/ubuntu/.m2/repository/org/glassfish/hk2/external/aopalliance-repackaged/2.2.0/aopalliance-repackaged-2.2.0.jar:/home/ubuntu/.m2/repository/org/javassist/javassist/3.18.1-GA/javassist-3.18.1-GA.jar:/home/ubuntu/.m2/repository/javax/annotation/javax.annotation-api/1.2/javax.annotation-api-1.2.jar:/home/ubuntu/.m2/repository/org/apache/htrace/htrace-core4/4.1.0-incubating/htrace-core4-4.1.0-incubating.jar:/home/ubuntu/.m2/repository/org/apache/tomcat/embed/tomcat-embed-logging-log4j/8.0.28/tomcat-embed-logging-log4j-8.0.28.jar:/home/ubuntu/.m2/repository/org/apache/tomcat/embed/tomcat-embed-el/8.0.28/tomcat-embed-el-8.0.28.jar:/home/ubuntu/.m2/repository/org/apache/tomcat/embed/tomcat-embed-logging-juli/8.0.28/tomcat-embed-logging-juli-8.0.28.jar:/home/ubuntu/.m2/repository/org/apache/tomcat/embed/tomcat-embed-core/8.0.28/tomcat-embed-core-8.0.28.jar:/home/ubuntu/.m2/repository/org/glassfish/hk2/osgi-resource-locator/1.0.1/osgi-resource-locator-1.0.1.jar:/home/ubuntu/.m2/repository/commons-codec/commons-codec/1.9/commons-codec-1.9.jar:/home/ubuntu/.m2/repository/org/glassfish/jersey/core/jersey-client/2.6/jersey-client-2.6.jar:/home/ubuntu/.m2/repository/org/apache/tomcat/embed/tomcat-embed-websocket/8.0.28/tomcat-embed-websocket-8.0.28.jar:/home/ubuntu/.m2/repository/commons-logging/commons-logging/1.2/commons-logging-1.2.jar:/home/ubuntu/.m2/repository/org/glassfish/hk2/hk2-utils/2.2.0/hk2-utils-2.2.0.jar:/home/ubuntu/.m2/repository/javax/validation/validation-api/1.1.0.Final/validation-api-1.1.0.Final.jar:/home/ubuntu/.m2/repository/org/apache/httpcomponents/httpclient/4.5.1/httpclient-4.5.1.jar:/home/ubuntu/.m2/repository/org/apache/tomcat/tomcat-dbcp/8.0.28/tomcat-dbcp-8.0.28.jar:/home/ubuntu/.m2/repository/org/glassfish/jersey/containers/jersey-container-servlet-core/2.6/jersey-container-servlet-core-2.6.jar:/home/ubuntu/.m2/repository/org/apache/tomcat/embed/tomcat-embed-jasper/8.0.28/tomcat-embed-jasper-8.0.28.jar:/home/ubuntu/.m2/repository/org/glassfish/jersey/core/jersey-common/2.6/jersey-common-2.6.jar:/home/ubuntu/.m2/repository/org/apache/httpcomponents/httpcore/4.4.4/httpcore-4.4.4.jar com.yahoo.ycsb.Client -db com.yahoo.ycsb.webservice.rest.RestClient -s -P workloads/rest_workload -t
Command line: -db com.yahoo.ycsb.webservice.rest.RestClient -s -P workloads/rest_workload -t
YCSB Client 0.16.0-SNAPSHOT

Loading workload...
Starting test.
2019-05-22 08:34:56:863 0 sec: 0 operations; est completion in 0 second 
DBWrapper: report latency for each error is false and specific error codes to track for latency are: []
2019-05-22 08:35:06:812 10 sec: 12 operations; 1.2 current ops/sec; est completion in 20 minutes [READ: Count=12, Max=842751, Min=724992, Avg=785109.33, 90=839167, 99=842751, 99.9=842751, 99.99=842751] 
2019-05-22 08:35:16:800 20 sec: 24 operations; 1.2 current ops/sec; est completion in 20 minutes [READ: Count=12, Max=919039, Min=726016, Avg=780757.33, 90=825343, 99=919039, 99.9=919039, 99.99=919039] 
2019-05-22 08:35:26:799 30 sec: 38 operations; 1.4 current ops/sec; est completion in 19 minutes [READ: Count=14, Max=829439, Min=718848, Avg=763867.43, 90=823807, 99=829439, 99.9=829439, 99.99=829439] 
2019-05-22 08:35:36:800 40 sec: 51 operations; 1.3 current ops/sec; est completion in 18 minutes [READ: Count=13, Max=825855, Min=716288, Avg=769398.15, 90=819711, 99=825855, 99.9=825855, 99.99=825855] 
2019-05-22 08:35:46:800 50 sec: 63 operations; 1.2 current ops/sec; est completion in 19 minutes [READ: Count=12, Max=831487, Min=719360, Avg=767658.67, 90=804863, 99=831487, 99.9=831487, 99.99=831487] 
2019-05-22 08:35:56:799 60 sec: 77 operations; 1.4 current ops/sec; est completion in 18 minutes [READ: Count=14, Max=835583, Min=697344, Avg=763977.14, 90=823807, 99=835583, 99.9=835583, 99.99=835583] 
2019-05-22 08:36:06:800 70 sec: 90 operations; 1.3 current ops/sec; est completion in 18 minutes [READ: Count=13, Max=844799, Min=721408, Avg=774596.92, 90=838143, 99=844799, 99.9=844799, 99.99=844799] 
2019-05-22 08:36:16:799 80 sec: 103 operations; 1.3 current ops/sec; est completion in 18 minutes [READ: Count=13, Max=832511, Min=691200, Avg=768689.23, 90=831487, 99=832511, 99.9=832511, 99.99=832511] 
2019-05-22 08:36:26:799 90 sec: 116 operations; 1.3 current ops/sec; est completion in 17 minutes [READ: Count=13, Max=823295, Min=717824, Avg=767113.85, 90=819711, 99=823295, 99.9=823295, 99.99=823295] 
2019-05-22 08:36:36:799 100 sec: 129 operations; 1.3 current ops/sec; est completion in 17 minutes [READ: Count=13, Max=838143, Min=718336, Avg=767862.15, 90=819711, 99=838143, 99.9=838143, 99.99=838143] 
2019-05-22 08:36:46:799 110 sec: 142 operations; 1.3 current ops/sec; est completion in 17 minutes [READ: Count=13, Max=841215, Min=671232, Avg=760812.31, 90=826879, 99=841215, 99.9=841215, 99.99=841215] 
2019-05-22 08:36:56:799 120 sec: 155 operations; 1.3 current ops/sec; est completion in 17 minutes [READ: Count=13, Max=863231, Min=707072, Avg=770185.85, 90=858623, 99=863231, 99.9=863231, 99.99=863231] 
2019-05-22 08:37:06:799 130 sec: 168 operations; 1.3 current ops/sec; est completion in 17 minutes [READ: Count=13, Max=829439, Min=679936, Avg=762348.31, 90=827903, 99=829439, 99.9=829439, 99.99=829439] 
2019-05-22 08:37:16:799 140 sec: 181 operations; 1.3 current ops/sec; est completion in 17 minutes [READ: Count=13, Max=889343, Min=691712, Avg=768452.92, 90=836095, 99=889343, 99.9=889343, 99.99=889343] 
2019-05-22 08:37:26:799 150 sec: 194 operations; 1.3 current ops/sec; est completion in 16 minutes [READ: Count=13, Max=877055, Min=683008, Avg=777472, 90=828415, 99=877055, 99.9=877055, 99.99=877055] 
2019-05-22 08:37:36:800 160 sec: 206 operations; 1.2 current ops/sec; est completion in 16 minutes [READ: Count=12, Max=862207, Min=735232, Avg=784085.33, 90=846847, 99=862207, 99.9=862207, 99.99=862207] 
2019-05-22 08:37:46:799 170 sec: 219 operations; 1.3 current ops/sec; est completion in 16 minutes [READ: Count=13, Max=827391, Min=718848, Avg=770658.46, 90=815103, 99=827391, 99.9=827391, 99.99=827391] 
2019-05-22 08:37:56:799 180 sec: 232 operations; 1.3 current ops/sec; est completion in 16 minutes [READ: Count=13, Max=838143, Min=699904, Avg=772233.85, 90=830975, 99=838143, 99.9=838143, 99.99=838143] 
2019-05-22 08:38:06:800 190 sec: 245 operations; 1.3 current ops/sec; est completion in 16 minutes [READ: Count=13, Max=819199, Min=719360, Avg=772036.92, 90=819199, 99=819199, 99.9=819199, 99.99=819199] 
2019-05-22 08:38:16:800 200 sec: 258 operations; 1.3 current ops/sec; est completion in 16 minutes [READ: Count=13, Max=849407, Min=713728, Avg=765459.69, 90=842239, 99=849407, 99.9=849407, 99.99=849407] 
2019-05-22 08:38:26:799 210 sec: 271 operations; 1.3 current ops/sec; est completion in 15 minutes [READ: Count=13, Max=838655, Min=722944, Avg=765656.62, 90=835071, 99=838655, 99.9=838655, 99.99=838655] 
2019-05-22 08:38:36:799 220 sec: 284 operations; 1.3 current ops/sec; est completion in 15 minutes [READ: Count=13, Max=855039, Min=706560, Avg=765144.62, 90=831487, 99=855039, 99.9=855039, 99.99=855039] 
2019-05-22 08:38:46:799 230 sec: 297 operations; 1.3 current ops/sec; est completion in 15 minutes [READ: Count=13, Max=837119, Min=726528, Avg=769437.54, 90=828415, 99=837119, 99.9=837119, 99.99=837119] 
2019-05-22 08:38:56:799 240 sec: 310 operations; 1.3 current ops/sec; est completion in 15 minutes [READ: Count=13, Max=824831, Min=711168, Avg=771524.92, 90=824319, 99=824831, 99.9=824831, 99.99=824831] 
2019-05-22 08:39:06:799 250 sec: 323 operations; 1.3 current ops/sec; est completion in 15 minutes [READ: Count=13, Max=835071, Min=723456, Avg=771485.54, 90=828415, 99=835071, 99.9=835071, 99.99=835071] 
2019-05-22 08:39:16:799 260 sec: 336 operations; 1.3 current ops/sec; est completion in 15 minutes [READ: Count=13, Max=867839, Min=743936, Avg=781449.85, 90=825343, 99=867839, 99.9=867839, 99.99=867839] 
2019-05-22 08:39:26:800 270 sec: 349 operations; 1.3 current ops/sec; est completion in 14 minutes [READ: Count=13, Max=823295, Min=719360, Avg=776172.31, 90=816127, 99=823295, 99.9=823295, 99.99=823295] 
2019-05-22 08:39:36:799 280 sec: 362 operations; 1.3 current ops/sec; est completion in 14 minutes [READ: Count=13, Max=863231, Min=704512, Avg=764947.69, 90=828927, 99=863231, 99.9=863231, 99.99=863231] 
2019-05-22 08:39:46:799 290 sec: 375 operations; 1.3 current ops/sec; est completion in 14 minutes [READ: Count=13, Max=848383, Min=712192, Avg=775857.23, 90=822271, 99=848383, 99.9=848383, 99.99=848383] 
2019-05-22 08:39:56:799 300 sec: 388 operations; 1.3 current ops/sec; est completion in 14 minutes [READ: Count=13, Max=841215, Min=721920, Avg=779086.77, 90=829951, 99=841215, 99.9=841215, 99.99=841215] 
2019-05-22 08:40:06:799 310 sec: 401 operations; 1.3 current ops/sec; est completion in 14 minutes [READ: Count=13, Max=845311, Min=719360, Avg=765262.77, 90=816639, 99=845311, 99.9=845311, 99.99=845311] 
2019-05-22 08:40:16:799 320 sec: 414 operations; 1.3 current ops/sec; est completion in 14 minutes [READ: Count=13, Max=862207, Min=700928, Avg=759906.46, 90=819711, 99=862207, 99.9=862207, 99.99=862207] 
2019-05-22 08:40:26:799 330 sec: 427 operations; 1.3 current ops/sec; est completion in 13 minutes [READ: Count=13, Max=855039, Min=733696, Avg=773179.08, 90=824319, 99=855039, 99.9=855039, 99.99=855039] 
2019-05-22 08:40:36:799 340 sec: 440 operations; 1.3 current ops/sec; est completion in 13 minutes [READ: Count=13, Max=911359, Min=722944, Avg=786688, 90=853503, 99=911359, 99.9=911359, 99.99=911359] 
2019-05-22 08:40:46:799 350 sec: 453 operations; 1.3 current ops/sec; est completion in 13 minutes [READ: Count=13, Max=862719, Min=721920, Avg=766483.69, 90=844799, 99=862719, 99.9=862719, 99.99=862719] 
2019-05-22 08:40:56:799 360 sec: 466 operations; 1.3 current ops/sec; est completion in 13 minutes [READ: Count=13, Max=829951, Min=713216, Avg=756401.23, 90=819711, 99=829951, 99.9=829951, 99.99=829951] 
2019-05-22 08:41:06:799 370 sec: 479 operations; 1.3 current ops/sec; est completion in 13 minutes [READ: Count=13, Max=832511, Min=681472, Avg=753998.77, 90=829951, 99=832511, 99.9=832511, 99.99=832511] 
2019-05-22 08:41:16:799 380 sec: 492 operations; 1.3 current ops/sec; est completion in 12 minutes [READ: Count=13, Max=850943, Min=704000, Avg=771524.92, 90=833535, 99=850943, 99.9=850943, 99.99=850943] 
2019-05-22 08:41:26:799 390 sec: 505 operations; 1.3 current ops/sec; est completion in 12 minutes [READ: Count=13, Max=870911, Min=722944, Avg=775896.62, 90=833023, 99=870911, 99.9=870911, 99.99=870911] 
2019-05-22 08:41:36:799 400 sec: 518 operations; 1.3 current ops/sec; est completion in 12 minutes [READ: Count=13, Max=857087, Min=696320, Avg=764790.15, 90=848895, 99=857087, 99.9=857087, 99.99=857087] 
2019-05-22 08:41:46:799 410 sec: 531 operations; 1.3 current ops/sec; est completion in 12 minutes [READ: Count=13, Max=872447, Min=712192, Avg=775069.54, 90=843775, 99=872447, 99.9=872447, 99.99=872447] 
2019-05-22 08:41:56:799 420 sec: 544 operations; 1.3 current ops/sec; est completion in 12 minutes [READ: Count=13, Max=827391, Min=713728, Avg=762230.15, 90=804863, 99=827391, 99.9=827391, 99.99=827391] 
2019-05-22 08:42:06:799 430 sec: 557 operations; 1.3 current ops/sec; est completion in 12 minutes [READ: Count=13, Max=818175, Min=720896, Avg=764750.77, 90=808959, 99=818175, 99.9=818175, 99.99=818175] 
2019-05-22 08:42:16:799 440 sec: 570 operations; 1.3 current ops/sec; est completion in 11 minutes [READ: Count=13, Max=860671, Min=720384, Avg=763214.77, 90=822271, 99=860671, 99.9=860671, 99.99=860671] 
2019-05-22 08:42:26:800 450 sec: 583 operations; 1.3 current ops/sec; est completion in 11 minutes [READ: Count=13, Max=840703, Min=665088, Avg=762545.23, 90=832511, 99=840703, 99.9=840703, 99.99=840703] 
2019-05-22 08:42:36:799 460 sec: 596 operations; 1.3 current ops/sec; est completion in 11 minutes [READ: Count=13, Max=837631, Min=717824, Avg=772942.77, 90=836607, 99=837631, 99.9=837631, 99.99=837631] 
2019-05-22 08:42:46:799 470 sec: 609 operations; 1.3 current ops/sec; est completion in 11 minutes [READ: Count=13, Max=822271, Min=708096, Avg=764947.69, 90=819711, 99=822271, 99.9=822271, 99.99=822271] 
2019-05-22 08:42:56:799 480 sec: 622 operations; 1.3 current ops/sec; est completion in 11 minutes [READ: Count=13, Max=845311, Min=707584, Avg=761796.92, 90=834047, 99=845311, 99.9=845311, 99.99=845311] 
2019-05-22 08:43:06:800 490 sec: 636 operations; 1.4 current ops/sec; est completion in 11 minutes [READ: Count=14, Max=852479, Min=695808, Avg=761417.14, 90=818175, 99=852479, 99.9=852479, 99.99=852479] 
2019-05-22 08:43:16:799 500 sec: 649 operations; 1.3 current ops/sec; est completion in 10 minutes [READ: Count=13, Max=885759, Min=712704, Avg=768177.23, 90=830463, 99=885759, 99.9=885759, 99.99=885759] 
2019-05-22 08:43:26:799 510 sec: 662 operations; 1.3 current ops/sec; est completion in 10 minutes [READ: Count=13, Max=829439, Min=705536, Avg=764199.38, 90=825343, 99=829439, 99.9=829439, 99.99=829439] 
2019-05-22 08:43:36:799 520 sec: 675 operations; 1.3 current ops/sec; est completion in 10 minutes [READ: Count=13, Max=841727, Min=688128, Avg=756952.62, 90=819711, 99=841727, 99.9=841727, 99.99=841727] 
2019-05-22 08:43:46:799 530 sec: 688 operations; 1.3 current ops/sec; est completion in 10 minutes [READ: Count=13, Max=860159, Min=715776, Avg=776487.38, 90=834559, 99=860159, 99.9=860159, 99.99=860159] 
2019-05-22 08:43:56:799 540 sec: 701 operations; 1.3 current ops/sec; est completion in 10 minutes [READ: Count=13, Max=846335, Min=718848, Avg=760221.54, 90=824319, 99=846335, 99.9=846335, 99.99=846335] 
2019-05-22 08:44:06:800 550 sec: 714 operations; 1.3 current ops/sec; est completion in 10 minutes [READ: Count=13, Max=830975, Min=697344, Avg=773966.77, 90=828927, 99=830975, 99.9=830975, 99.99=830975] 
2019-05-22 08:44:16:800 560 sec: 727 operations; 1.3 current ops/sec; est completion in 9 minutes [READ: Count=13, Max=812031, Min=706048, Avg=760300.31, 90=808959, 99=812031, 99.9=812031, 99.99=812031] 
2019-05-22 08:44:26:799 570 sec: 740 operations; 1.3 current ops/sec; est completion in 9 minutes [READ: Count=13, Max=889343, Min=717312, Avg=777235.69, 90=816639, 99=889343, 99.9=889343, 99.99=889343] 
2019-05-22 08:44:36:799 580 sec: 753 operations; 1.3 current ops/sec; est completion in 9 minutes [READ: Count=13, Max=861695, Min=707072, Avg=773848.62, 90=836095, 99=861695, 99.9=861695, 99.99=861695] 
2019-05-22 08:44:46:800 590 sec: 766 operations; 1.3 current ops/sec; est completion in 9 minutes [READ: Count=13, Max=878591, Min=708096, Avg=769280, 90=838143, 99=878591, 99.9=878591, 99.99=878591] 
2019-05-22 08:44:56:799 600 sec: 779 operations; 1.3 current ops/sec; est completion in 9 minutes [READ: Count=13, Max=857599, Min=712192, Avg=771603.69, 90=857087, 99=857599, 99.9=857599, 99.99=857599] 
2019-05-22 08:45:06:799 610 sec: 792 operations; 1.3 current ops/sec; est completion in 9 minutes [READ: Count=13, Max=842239, Min=710144, Avg=774715.08, 90=821247, 99=842239, 99.9=842239, 99.99=842239] 
2019-05-22 08:45:16:799 620 sec: 805 operations; 1.3 current ops/sec; est completion in 8 minutes [READ: Count=13, Max=841215, Min=711680, Avg=766365.54, 90=829951, 99=841215, 99.9=841215, 99.99=841215] 
2019-05-22 08:45:26:799 630 sec: 817 operations; 1.2 current ops/sec; est completion in 8 minutes [READ: Count=12, Max=925183, Min=716800, Avg=785706.67, 90=839167, 99=925183, 99.9=925183, 99.99=925183] 
2019-05-22 08:45:36:800 640 sec: 830 operations; 1.3 current ops/sec; est completion in 8 minutes [READ: Count=13, Max=851455, Min=702976, Avg=763490.46, 90=807935, 99=851455, 99.9=851455, 99.99=851455] 
2019-05-22 08:45:46:799 650 sec: 843 operations; 1.3 current ops/sec; est completion in 8 minutes [READ: Count=13, Max=836607, Min=705024, Avg=771249.23, 90=807423, 99=836607, 99.9=836607, 99.99=836607] 
2019-05-22 08:45:56:799 660 sec: 856 operations; 1.3 current ops/sec; est completion in 8 minutes [READ: Count=13, Max=823807, Min=667648, Avg=770225.23, 90=818687, 99=823807, 99.9=823807, 99.99=823807] 
2019-05-22 08:46:06:799 670 sec: 870 operations; 1.4 current ops/sec; est completion in 8 minutes [READ: Count=14, Max=826367, Min=716288, Avg=759515.43, 90=809471, 99=826367, 99.9=826367, 99.99=826367] 
2019-05-22 08:46:16:799 680 sec: 883 operations; 1.3 current ops/sec; est completion in 7 minutes [READ: Count=13, Max=815103, Min=709632, Avg=771209.85, 90=812543, 99=815103, 99.9=815103, 99.99=815103] 
2019-05-22 08:46:26:799 690 sec: 896 operations; 1.3 current ops/sec; est completion in 7 minutes [READ: Count=13, Max=826367, Min=712192, Avg=771406.77, 90=812543, 99=826367, 99.9=826367, 99.99=826367] 
2019-05-22 08:46:36:800 700 sec: 908 operations; 1.2 current ops/sec; est completion in 7 minutes [READ: Count=12, Max=854527, Min=696320, Avg=777216, 90=845823, 99=854527, 99.9=854527, 99.99=854527] 
2019-05-22 08:46:46:799 710 sec: 921 operations; 1.3 current ops/sec; est completion in 7 minutes [READ: Count=13, Max=835071, Min=718848, Avg=773376, 90=825343, 99=835071, 99.9=835071, 99.99=835071] 
2019-05-22 08:46:56:799 720 sec: 934 operations; 1.3 current ops/sec; est completion in 7 minutes [READ: Count=13, Max=858111, Min=713216, Avg=766956.31, 90=833535, 99=858111, 99.9=858111, 99.99=858111] 
2019-05-22 08:47:06:799 730 sec: 947 operations; 1.3 current ops/sec; est completion in 7 minutes [READ: Count=13, Max=832511, Min=726528, Avg=772430.77, 90=831487, 99=832511, 99.9=832511, 99.99=832511] 
2019-05-22 08:47:16:802 740 sec: 960 operations; 1.3 current ops/sec; est completion in 6 minutes [READ: Count=13, Max=802815, Min=723968, Avg=766208, 90=799743, 99=802815, 99.9=802815, 99.99=802815] 
2019-05-22 08:47:26:799 750 sec: 973 operations; 1.3 current ops/sec; est completion in 6 minutes [READ: Count=13, Max=852991, Min=722432, Avg=780740.92, 90=816127, 99=852991, 99.9=852991, 99.99=852991] 
2019-05-22 08:47:36:799 760 sec: 986 operations; 1.3 current ops/sec; est completion in 6 minutes [READ: Count=13, Max=837631, Min=716288, Avg=773060.92, 90=836607, 99=837631, 99.9=837631, 99.99=837631] 
2019-05-22 08:47:46:800 770 sec: 999 operations; 1.3 current ops/sec; est completion in 6 minutes [READ: Count=13, Max=842239, Min=721408, Avg=767310.77, 90=823807, 99=842239, 99.9=842239, 99.99=842239] 
2019-05-22 08:47:56:800 780 sec: 1012 operations; 1.3 current ops/sec; est completion in 6 minutes [READ: Count=13, Max=859647, Min=722432, Avg=777550.77, 90=839679, 99=859647, 99.9=859647, 99.99=859647] 
2019-05-22 08:48:06:801 790 sec: 1025 operations; 1.3 current ops/sec; est completion in 6 minutes [READ: Count=13, Max=841727, Min=709120, Avg=765774.77, 90=828415, 99=841727, 99.9=841727, 99.99=841727] 
2019-05-22 08:48:16:799 800 sec: 1038 operations; 1.3 current ops/sec; est completion in 5 minutes [READ: Count=13, Max=822271, Min=715776, Avg=763451.08, 90=819711, 99=822271, 99.9=822271, 99.99=822271] 
2019-05-22 08:48:26:799 810 sec: 1051 operations; 1.3 current ops/sec; est completion in 5 minutes [READ: Count=13, Max=892927, Min=724480, Avg=780937.85, 90=850431, 99=892927, 99.9=892927, 99.99=892927] 
2019-05-22 08:48:36:799 820 sec: 1064 operations; 1.3 current ops/sec; est completion in 5 minutes [READ: Count=13, Max=827903, Min=717824, Avg=766011.08, 90=816127, 99=827903, 99.9=827903, 99.99=827903] 
2019-05-22 08:48:46:799 830 sec: 1077 operations; 1.3 current ops/sec; est completion in 5 minutes [READ: Count=13, Max=838655, Min=714752, Avg=775542.15, 90=825343, 99=838655, 99.9=838655, 99.99=838655] 
2019-05-22 08:48:56:799 840 sec: 1090 operations; 1.3 current ops/sec; est completion in 5 minutes [READ: Count=13, Max=840703, Min=709120, Avg=764829.54, 90=839167, 99=840703, 99.9=840703, 99.99=840703] 
2019-05-22 08:49:06:799 850 sec: 1103 operations; 1.3 current ops/sec; est completion in 5 minutes [READ: Count=13, Max=837119, Min=699392, Avg=759945.85, 90=826367, 99=837119, 99.9=837119, 99.99=837119] 
2019-05-22 08:49:16:800 860 sec: 1116 operations; 1.3 current ops/sec; est completion in 4 minutes [READ: Count=13, Max=835071, Min=664064, Avg=753211.08, 90=806911, 99=835071, 99.9=835071, 99.99=835071] 
2019-05-22 08:49:26:799 870 sec: 1129 operations; 1.3 current ops/sec; est completion in 4 minutes [READ: Count=13, Max=889343, Min=715776, Avg=776960, 90=858623, 99=889343, 99.9=889343, 99.99=889343] 
2019-05-22 08:49:36:799 880 sec: 1143 operations; 1.4 current ops/sec; est completion in 4 minutes [READ: Count=14, Max=803839, Min=692736, Avg=751616, 90=792063, 99=803839, 99.9=803839, 99.99=803839] 
2019-05-22 08:49:46:799 890 sec: 1156 operations; 1.3 current ops/sec; est completion in 4 minutes [READ: Count=13, Max=842751, Min=720384, Avg=764475.08, 90=834047, 99=842751, 99.9=842751, 99.99=842751] 
2019-05-22 08:49:56:799 900 sec: 1169 operations; 1.3 current ops/sec; est completion in 4 minutes [READ: Count=13, Max=841727, Min=714752, Avg=772194.46, 90=821247, 99=841727, 99.9=841727, 99.99=841727] 
2019-05-22 08:50:06:801 910 sec: 1181 operations; 1.2 current ops/sec; est completion in 4 minutes [READ: Count=12, Max=855039, Min=718336, Avg=774485.33, 90=827391, 99=855039, 99.9=855039, 99.99=855039] 
2019-05-22 08:50:16:799 920 sec: 1195 operations; 1.4 current ops/sec; est completion in 3 minutes [READ: Count=14, Max=848383, Min=705024, Avg=763867.43, 90=822271, 99=848383, 99.9=848383, 99.99=848383] 
2019-05-22 08:50:26:799 930 sec: 1208 operations; 1.3 current ops/sec; est completion in 3 minutes [READ: Count=13, Max=825855, Min=697344, Avg=765735.38, 90=817663, 99=825855, 99.9=825855, 99.99=825855] 
2019-05-22 08:50:36:800 940 sec: 1221 operations; 1.3 current ops/sec; est completion in 3 minutes [READ: Count=13, Max=824831, Min=681984, Avg=758173.54, 90=824831, 99=824831, 99.9=824831, 99.99=824831] 
2019-05-22 08:50:46:799 950 sec: 1234 operations; 1.3 current ops/sec; est completion in 3 minutes [READ: Count=13, Max=838655, Min=726528, Avg=764908.31, 90=837631, 99=838655, 99.9=838655, 99.99=838655] 
2019-05-22 08:50:56:799 960 sec: 1247 operations; 1.3 current ops/sec; est completion in 3 minutes [READ: Count=13, Max=852479, Min=690688, Avg=755613.54, 90=822783, 99=852479, 99.9=852479, 99.99=852479] 
2019-05-22 08:51:06:801 970 sec: 1260 operations; 1.3 current ops/sec; est completion in 3 minutes [READ: Count=13, Max=868863, Min=721920, Avg=785152, 90=848383, 99=868863, 99.9=868863, 99.99=868863] 
2019-05-22 08:51:16:799 980 sec: 1273 operations; 1.3 current ops/sec; est completion in 2 minutes [READ: Count=13, Max=856575, Min=665600, Avg=764002.46, 90=827903, 99=856575, 99.9=856575, 99.99=856575] 
2019-05-22 08:51:26:799 990 sec: 1286 operations; 1.3 current ops/sec; est completion in 2 minutes [READ: Count=13, Max=853503, Min=701440, Avg=759788.31, 90=828415, 99=853503, 99.9=853503, 99.99=853503] 
2019-05-22 08:51:36:800 1000 sec: 1299 operations; 1.3 current ops/sec; est completion in 2 minutes [READ: Count=13, Max=848383, Min=721408, Avg=767901.54, 90=833023, 99=848383, 99.9=848383, 99.99=848383] 
2019-05-22 08:51:46:800 1010 sec: 1312 operations; 1.3 current ops/sec; est completion in 2 minutes [READ: Count=13, Max=859647, Min=712192, Avg=774754.46, 90=819711, 99=859647, 99.9=859647, 99.99=859647] 
2019-05-22 08:51:56:799 1020 sec: 1325 operations; 1.3 current ops/sec; est completion in 2 minutes [READ: Count=13, Max=825855, Min=720896, Avg=771131.08, 90=819199, 99=825855, 99.9=825855, 99.99=825855] 
2019-05-22 08:52:06:799 1030 sec: 1338 operations; 1.3 current ops/sec; est completion in 2 minutes [READ: Count=13, Max=863743, Min=716288, Avg=766641.23, 90=836095, 99=863743, 99.9=863743, 99.99=863743] 
2019-05-22 08:52:16:799 1040 sec: 1351 operations; 1.3 current ops/sec; est completion in 1 minute [READ: Count=13, Max=833535, Min=708096, Avg=773297.23, 90=831487, 99=833535, 99.9=833535, 99.99=833535] 
2019-05-22 08:52:26:799 1050 sec: 1364 operations; 1.3 current ops/sec; est completion in 1 minute [READ: Count=13, Max=848383, Min=701440, Avg=773376, 90=837631, 99=848383, 99.9=848383, 99.99=848383] 
2019-05-22 08:52:36:799 1060 sec: 1377 operations; 1.3 current ops/sec; est completion in 1 minute [READ: Count=13, Max=829439, Min=714752, Avg=764002.46, 90=829439, 99=829439, 99.9=829439, 99.99=829439] 
2019-05-22 08:52:46:800 1070 sec: 1390 operations; 1.3 current ops/sec; est completion in 1 minute [READ: Count=13, Max=823295, Min=735232, Avg=776251.08, 90=814079, 99=823295, 99.9=823295, 99.99=823295] 
2019-05-22 08:52:56:799 1080 sec: 1403 operations; 1.3 current ops/sec; est completion in 1 minute [READ: Count=13, Max=856063, Min=693248, Avg=766483.69, 90=841215, 99=856063, 99.9=856063, 99.99=856063] 
2019-05-22 08:53:06:799 1090 sec: 1416 operations; 1.3 current ops/sec; est completion in 1 minute [READ: Count=13, Max=863743, Min=731648, Avg=774321.23, 90=828927, 99=863743, 99.9=863743, 99.99=863743] 
2019-05-22 08:53:16:799 1100 sec: 1429 operations; 1.3 current ops/sec; est completion in 55 seconds [READ: Count=13, Max=829439, Min=712192, Avg=762584.62, 90=820735, 99=829439, 99.9=829439, 99.99=829439] 
2019-05-22 08:53:26:799 1110 sec: 1442 operations; 1.3 current ops/sec; est completion in 45 seconds [READ: Count=13, Max=860159, Min=705536, Avg=770225.23, 90=847871, 99=860159, 99.9=860159, 99.99=860159] 
2019-05-22 08:53:36:799 1120 sec: 1455 operations; 1.3 current ops/sec; est completion in 35 seconds [READ: Count=13, Max=823807, Min=726528, Avg=776605.54, 90=822271, 99=823807, 99.9=823807, 99.99=823807] 
2019-05-22 08:53:46:799 1130 sec: 1468 operations; 1.3 current ops/sec; est completion in 25 seconds [READ: Count=13, Max=830463, Min=735232, Avg=774990.77, 90=823807, 99=830463, 99.9=830463, 99.99=830463] 
2019-05-22 08:53:56:799 1140 sec: 1481 operations; 1.3 current ops/sec; est completion in 15 seconds [READ: Count=13, Max=827391, Min=678400, Avg=760576, 90=816127, 99=827391, 99.9=827391, 99.99=827391] 
2019-05-22 08:54:06:799 1150 sec: 1494 operations; 1.3 current ops/sec; est completion in 5 second [READ: Count=13, Max=827391, Min=720896, Avg=767665.23, 90=824831, 99=827391, 99.9=827391, 99.99=827391] 
2019-05-22 08:54:11:174 1154 sec: 1500 operations; 1.37 current ops/sec; [READ: Count=6, Max=812543, Min=716288, Avg=764928, 90=812543, 99=812543, 99.9=812543, 99.99=812543] [CLEANUP: Count=1, Max=4, Min=4, Avg=4, 90=4, 99=4, 99.9=4, 99.99=4] 
