[OVERALL], RunTime(ms), 1531499
[OVERALL], Throughput(ops/sec), 1.3059100920078954
[TOTAL_GCS_G1_Young_Generation], Count, 7
[TOTAL_GC_TIME_G1_Young_Generation], Time(ms), 226
[TOTAL_GC_TIME_%_G1_Young_Generation], Time(%), 0.01475678403968922
[TOTAL_GCS_G1_Old_Generation], Count, 0
[TOTAL_GC_TIME_G1_Old_Generation], Time(ms), 0
[TOTAL_GC_TIME_%_G1_Old_Generation], Time(%), 0.0
[TOTAL_GCs], Count, 7
[TOTAL_GC_TIME], Time(ms), 226
[TOTAL_GC_TIME_%], Time(%), 0.01475678403968922
[READ], Operations, 2000
[READ], AverageLatency(us), 765242.368
[READ], MinLatency(us), 628736
[READ], MaxLatency(us), 958463
[READ], 95thPercentileLatency(us), 845823
[READ], 99thPercentileLatency(us), 871935
[READ], Return=OK, 2000
[CLEANUP], Operations, 1
[CLEANUP], AverageLatency(us), 4.0
[CLEANUP], MinLatency(us), 4
[CLEANUP], MaxLatency(us), 4
[CLEANUP], 95thPercentileLatency(us), 4
[CLEANUP], 99thPercentileLatency(us), 4
