[WARN]  Running against a source checkout. In order to get our runtime dependencies we'll have to invoke Maven. Depending on the state of your system, this may take ~30-45 seconds
[DEBUG]  Running 'mvn -pl com.yahoo.ycsb:rest-binding -am package -DskipTests dependency:build-classpath -DincludeScope=compile -Dmdep.outputFilterFile=true'
WARNING: An illegal reflective access operation has occurred
WARNING: Illegal reflective access by com.google.inject.internal.cglib.core.$ReflectUtils$1 (file:/usr/share/maven/lib/guice.jar) to method java.lang.ClassLoader.defineClass(java.lang.String,byte[],int,int,java.security.ProtectionDomain)
WARNING: Please consider reporting this to the maintainers of com.google.inject.internal.cglib.core.$ReflectUtils$1
WARNING: Use --illegal-access=warn to enable warnings of further illegal reflective access operations
WARNING: All illegal access operations will be denied in a future release
java -cp /home/ubuntu/YCSB/rest/conf:/home/ubuntu/YCSB/rest/target/rest-binding-0.16.0-SNAPSHOT.jar:/home/ubuntu/.m2/repository/org/hdrhistogram/HdrHistogram/2.1.4/HdrHistogram-2.1.4.jar:/home/ubuntu/.m2/repository/org/glassfish/hk2/external/javax.inject/2.2.0/javax.inject-2.2.0.jar:/home/ubuntu/.m2/repository/com/github/stefanbirkner/system-rules/1.16.0/system-rules-1.16.0.jar:/home/ubuntu/.m2/repository/org/codehaus/jackson/jackson-core-asl/1.9.4/jackson-core-asl-1.9.4.jar:/home/ubuntu/.m2/repository/org/glassfish/jersey/core/jersey-server/2.6/jersey-server-2.6.jar:/home/ubuntu/YCSB/core/target/core-0.16.0-SNAPSHOT.jar:/home/ubuntu/.m2/repository/org/glassfish/hk2/hk2-api/2.2.0/hk2-api-2.2.0.jar:/home/ubuntu/.m2/repository/javax/ws/rs/javax.ws.rs-api/2.0/javax.ws.rs-api-2.0.jar:/home/ubuntu/.m2/repository/org/glassfish/hk2/hk2-locator/2.2.0/hk2-locator-2.2.0.jar:/home/ubuntu/.m2/repository/org/eclipse/jdt/core/compiler/ecj/4.4.2/ecj-4.4.2.jar:/home/ubuntu/.m2/repository/org/codehaus/jackson/jackson-mapper-asl/1.9.4/jackson-mapper-asl-1.9.4.jar:/home/ubuntu/.m2/repository/org/glassfish/jersey/bundles/repackaged/jersey-guava/2.6/jersey-guava-2.6.jar:/home/ubuntu/.m2/repository/org/glassfish/hk2/external/aopalliance-repackaged/2.2.0/aopalliance-repackaged-2.2.0.jar:/home/ubuntu/.m2/repository/org/javassist/javassist/3.18.1-GA/javassist-3.18.1-GA.jar:/home/ubuntu/.m2/repository/javax/annotation/javax.annotation-api/1.2/javax.annotation-api-1.2.jar:/home/ubuntu/.m2/repository/org/apache/htrace/htrace-core4/4.1.0-incubating/htrace-core4-4.1.0-incubating.jar:/home/ubuntu/.m2/repository/org/apache/tomcat/embed/tomcat-embed-logging-log4j/8.0.28/tomcat-embed-logging-log4j-8.0.28.jar:/home/ubuntu/.m2/repository/org/apache/tomcat/embed/tomcat-embed-el/8.0.28/tomcat-embed-el-8.0.28.jar:/home/ubuntu/.m2/repository/org/apache/tomcat/embed/tomcat-embed-logging-juli/8.0.28/tomcat-embed-logging-juli-8.0.28.jar:/home/ubuntu/.m2/repository/org/apache/tomcat/embed/tomcat-embed-core/8.0.28/tomcat-embed-core-8.0.28.jar:/home/ubuntu/.m2/repository/org/glassfish/hk2/osgi-resource-locator/1.0.1/osgi-resource-locator-1.0.1.jar:/home/ubuntu/.m2/repository/commons-codec/commons-codec/1.9/commons-codec-1.9.jar:/home/ubuntu/.m2/repository/org/glassfish/jersey/core/jersey-client/2.6/jersey-client-2.6.jar:/home/ubuntu/.m2/repository/org/apache/tomcat/embed/tomcat-embed-websocket/8.0.28/tomcat-embed-websocket-8.0.28.jar:/home/ubuntu/.m2/repository/commons-logging/commons-logging/1.2/commons-logging-1.2.jar:/home/ubuntu/.m2/repository/org/glassfish/hk2/hk2-utils/2.2.0/hk2-utils-2.2.0.jar:/home/ubuntu/.m2/repository/javax/validation/validation-api/1.1.0.Final/validation-api-1.1.0.Final.jar:/home/ubuntu/.m2/repository/org/apache/httpcomponents/httpclient/4.5.1/httpclient-4.5.1.jar:/home/ubuntu/.m2/repository/org/apache/tomcat/tomcat-dbcp/8.0.28/tomcat-dbcp-8.0.28.jar:/home/ubuntu/.m2/repository/org/glassfish/jersey/containers/jersey-container-servlet-core/2.6/jersey-container-servlet-core-2.6.jar:/home/ubuntu/.m2/repository/org/apache/tomcat/embed/tomcat-embed-jasper/8.0.28/tomcat-embed-jasper-8.0.28.jar:/home/ubuntu/.m2/repository/org/glassfish/jersey/core/jersey-common/2.6/jersey-common-2.6.jar:/home/ubuntu/.m2/repository/org/apache/httpcomponents/httpcore/4.4.4/httpcore-4.4.4.jar com.yahoo.ycsb.Client -db com.yahoo.ycsb.webservice.rest.RestClient -s -P workloads/rest_workload -t
Command line: -db com.yahoo.ycsb.webservice.rest.RestClient -s -P workloads/rest_workload -t
YCSB Client 0.16.0-SNAPSHOT

Loading workload...
Starting test.
2019-05-20 19:31:24:217 0 sec: 0 operations; est completion in 0 second 
DBWrapper: report latency for each error is false and specific error codes to track for latency are: []
2019-05-20 19:31:34:165 10 sec: 11 operations; 1.1 current ops/sec; est completion in 30 minutes [READ: Count=11, Max=909823, Min=723456, Avg=796090.18, 90=851967, 99=909823, 99.9=909823, 99.99=909823] 
2019-05-20 19:31:44:160 20 sec: 24 operations; 1.3 current ops/sec; est completion in 27 minutes [READ: Count=13, Max=874495, Min=729088, Avg=777747.69, 90=856063, 99=874495, 99.9=874495, 99.99=874495] 
2019-05-20 19:31:54:160 30 sec: 37 operations; 1.3 current ops/sec; est completion in 26 minutes [READ: Count=13, Max=847359, Min=716800, Avg=769004.31, 90=842239, 99=847359, 99.9=847359, 99.99=847359] 
2019-05-20 19:32:04:161 40 sec: 50 operations; 1.3 current ops/sec; est completion in 26 minutes [READ: Count=13, Max=870911, Min=698368, Avg=768177.23, 90=836607, 99=870911, 99.9=870911, 99.99=870911] 
2019-05-20 19:32:14:160 50 sec: 63 operations; 1.3 current ops/sec; est completion in 25 minutes [READ: Count=13, Max=838143, Min=722432, Avg=778811.08, 90=834559, 99=838143, 99.9=838143, 99.99=838143] 
2019-05-20 19:32:24:160 60 sec: 76 operations; 1.3 current ops/sec; est completion in 25 minutes [READ: Count=13, Max=883711, Min=720384, Avg=782749.54, 90=879103, 99=883711, 99.9=883711, 99.99=883711] 
2019-05-20 19:32:34:161 70 sec: 89 operations; 1.3 current ops/sec; est completion in 25 minutes [READ: Count=13, Max=851967, Min=707072, Avg=763136, 90=844287, 99=851967, 99.9=851967, 99.99=851967] 
2019-05-20 19:32:44:161 80 sec: 102 operations; 1.3 current ops/sec; est completion in 24 minutes [READ: Count=13, Max=864255, Min=707584, Avg=778180.92, 90=838143, 99=864255, 99.9=864255, 99.99=864255] 
2019-05-20 19:32:54:160 90 sec: 115 operations; 1.3 current ops/sec; est completion in 24 minutes [READ: Count=13, Max=867839, Min=727040, Avg=773100.31, 90=846847, 99=867839, 99.9=867839, 99.99=867839] 
2019-05-20 19:33:04:160 100 sec: 128 operations; 1.3 current ops/sec; est completion in 24 minutes [READ: Count=13, Max=883199, Min=673280, Avg=767192.62, 90=856063, 99=883199, 99.9=883199, 99.99=883199] 
2019-05-20 19:33:14:160 110 sec: 141 operations; 1.3 current ops/sec; est completion in 24 minutes [READ: Count=13, Max=858623, Min=718336, Avg=769319.38, 90=831999, 99=858623, 99.9=858623, 99.99=858623] 
2019-05-20 19:33:24:160 120 sec: 154 operations; 1.3 current ops/sec; est completion in 23 minutes [READ: Count=13, Max=868351, Min=691712, Avg=765971.69, 90=847359, 99=868351, 99.9=868351, 99.99=868351] 
2019-05-20 19:33:34:163 130 sec: 167 operations; 1.3 current ops/sec; est completion in 23 minutes [READ: Count=13, Max=835583, Min=700416, Avg=770304, 90=827903, 99=835583, 99.9=835583, 99.99=835583] 
2019-05-20 19:33:44:160 140 sec: 180 operations; 1.3 current ops/sec; est completion in 23 minutes [READ: Count=13, Max=836607, Min=718336, Avg=772942.77, 90=830975, 99=836607, 99.9=836607, 99.99=836607] 
2019-05-20 19:33:54:162 150 sec: 193 operations; 1.3 current ops/sec; est completion in 23 minutes [READ: Count=13, Max=868351, Min=707072, Avg=763057.23, 90=817151, 99=868351, 99.9=868351, 99.99=868351] 
2019-05-20 19:34:04:161 160 sec: 206 operations; 1.3 current ops/sec; est completion in 23 minutes [READ: Count=13, Max=848383, Min=716288, Avg=763963.08, 90=834047, 99=848383, 99.9=848383, 99.99=848383] 
2019-05-20 19:34:14:160 170 sec: 219 operations; 1.3 current ops/sec; est completion in 23 minutes [READ: Count=13, Max=837631, Min=710656, Avg=759473.23, 90=828927, 99=837631, 99.9=837631, 99.99=837631] 
2019-05-20 19:34:24:161 180 sec: 232 operations; 1.3 current ops/sec; est completion in 22 minutes [READ: Count=13, Max=833535, Min=723968, Avg=772588.31, 90=831999, 99=833535, 99.9=833535, 99.99=833535] 
2019-05-20 19:34:34:160 190 sec: 245 operations; 1.3 current ops/sec; est completion in 22 minutes [READ: Count=13, Max=845311, Min=715776, Avg=771800.62, 90=829439, 99=845311, 99.9=845311, 99.99=845311] 
2019-05-20 19:34:44:160 200 sec: 258 operations; 1.3 current ops/sec; est completion in 22 minutes [READ: Count=13, Max=849919, Min=713216, Avg=765538.46, 90=842751, 99=849919, 99.9=849919, 99.99=849919] 
2019-05-20 19:34:54:161 210 sec: 271 operations; 1.3 current ops/sec; est completion in 22 minutes [READ: Count=13, Max=843775, Min=716800, Avg=764317.54, 90=835583, 99=843775, 99.9=843775, 99.99=843775] 
2019-05-20 19:35:04:161 220 sec: 284 operations; 1.3 current ops/sec; est completion in 22 minutes [READ: Count=13, Max=843775, Min=716800, Avg=778102.15, 90=827903, 99=843775, 99.9=843775, 99.99=843775] 
2019-05-20 19:35:14:160 230 sec: 297 operations; 1.3 current ops/sec; est completion in 21 minutes [READ: Count=13, Max=856063, Min=722944, Avg=768846.77, 90=830463, 99=856063, 99.9=856063, 99.99=856063] 
2019-05-20 19:35:24:160 240 sec: 310 operations; 1.3 current ops/sec; est completion in 21 minutes [READ: Count=13, Max=840191, Min=712704, Avg=775030.15, 90=834047, 99=840191, 99.9=840191, 99.99=840191] 
2019-05-20 19:35:34:160 250 sec: 323 operations; 1.3 current ops/sec; est completion in 21 minutes [READ: Count=13, Max=869887, Min=731648, Avg=773651.69, 90=842239, 99=869887, 99.9=869887, 99.99=869887] 
2019-05-20 19:35:44:161 260 sec: 336 operations; 1.3 current ops/sec; est completion in 21 minutes [READ: Count=13, Max=858623, Min=725504, Avg=774990.77, 90=858111, 99=858623, 99.9=858623, 99.99=858623] 
2019-05-20 19:35:54:160 270 sec: 349 operations; 1.3 current ops/sec; est completion in 21 minutes [READ: Count=13, Max=850431, Min=719872, Avg=778692.92, 90=837119, 99=850431, 99.9=850431, 99.99=850431] 
2019-05-20 19:36:04:160 280 sec: 362 operations; 1.3 current ops/sec; est completion in 21 minutes [READ: Count=13, Max=824319, Min=708096, Avg=765065.85, 90=820735, 99=824319, 99.9=824319, 99.99=824319] 
2019-05-20 19:36:14:160 290 sec: 375 operations; 1.3 current ops/sec; est completion in 20 minutes [READ: Count=13, Max=843263, Min=718336, Avg=772076.31, 90=836607, 99=843263, 99.9=843263, 99.99=843263] 
2019-05-20 19:36:24:160 300 sec: 387 operations; 1.2 current ops/sec; est completion in 20 minutes [READ: Count=12, Max=848895, Min=709120, Avg=772821.33, 90=838143, 99=848895, 99.9=848895, 99.99=848895] 
2019-05-20 19:36:34:160 310 sec: 400 operations; 1.3 current ops/sec; est completion in 20 minutes [READ: Count=13, Max=866303, Min=702464, Avg=774754.46, 90=832511, 99=866303, 99.9=866303, 99.99=866303] 
2019-05-20 19:36:44:161 320 sec: 413 operations; 1.3 current ops/sec; est completion in 20 minutes [READ: Count=13, Max=862207, Min=724992, Avg=774518.15, 90=844287, 99=862207, 99.9=862207, 99.99=862207] 
2019-05-20 19:36:54:160 330 sec: 426 operations; 1.3 current ops/sec; est completion in 20 minutes [READ: Count=13, Max=892415, Min=711680, Avg=772115.69, 90=848895, 99=892415, 99.9=892415, 99.99=892415] 
2019-05-20 19:37:04:161 340 sec: 439 operations; 1.3 current ops/sec; est completion in 20 minutes [READ: Count=13, Max=884223, Min=717312, Avg=777078.15, 90=844287, 99=884223, 99.9=884223, 99.99=884223] 
2019-05-20 19:37:14:160 350 sec: 452 operations; 1.3 current ops/sec; est completion in 19 minutes [READ: Count=13, Max=853503, Min=710144, Avg=777511.38, 90=840703, 99=853503, 99.9=853503, 99.99=853503] 
2019-05-20 19:37:24:160 360 sec: 465 operations; 1.3 current ops/sec; est completion in 19 minutes [READ: Count=13, Max=843775, Min=687104, Avg=768019.69, 90=830975, 99=843775, 99.9=843775, 99.99=843775] 
2019-05-20 19:37:34:160 370 sec: 478 operations; 1.3 current ops/sec; est completion in 19 minutes [READ: Count=13, Max=836095, Min=715264, Avg=758409.85, 90=830463, 99=836095, 99.9=836095, 99.99=836095] 
2019-05-20 19:37:44:161 380 sec: 491 operations; 1.3 current ops/sec; est completion in 19 minutes [READ: Count=13, Max=856063, Min=708096, Avg=767940.92, 90=839167, 99=856063, 99.9=856063, 99.99=856063] 
2019-05-20 19:37:54:161 390 sec: 504 operations; 1.3 current ops/sec; est completion in 19 minutes [READ: Count=13, Max=852991, Min=705536, Avg=779401.85, 90=851967, 99=852991, 99.9=852991, 99.99=852991] 
2019-05-20 19:38:04:161 400 sec: 517 operations; 1.3 current ops/sec; est completion in 19 minutes [READ: Count=13, Max=838143, Min=709120, Avg=767468.31, 90=829951, 99=838143, 99.9=838143, 99.99=838143] 
2019-05-20 19:38:14:160 410 sec: 530 operations; 1.3 current ops/sec; est completion in 18 minutes [READ: Count=13, Max=830975, Min=720384, Avg=768334.77, 90=822271, 99=830975, 99.9=830975, 99.99=830975] 
2019-05-20 19:38:24:160 420 sec: 543 operations; 1.3 current ops/sec; est completion in 18 minutes [READ: Count=13, Max=846847, Min=712192, Avg=772864, 90=831999, 99=846847, 99.9=846847, 99.99=846847] 
2019-05-20 19:38:34:160 430 sec: 556 operations; 1.3 current ops/sec; est completion in 18 minutes [READ: Count=13, Max=847871, Min=714752, Avg=773769.85, 90=833023, 99=847871, 99.9=847871, 99.99=847871] 
2019-05-20 19:38:44:163 440 sec: 569 operations; 1.3 current ops/sec; est completion in 18 minutes [READ: Count=13, Max=858111, Min=709632, Avg=767625.85, 90=844287, 99=858111, 99.9=858111, 99.99=858111] 
2019-05-20 19:38:54:160 450 sec: 582 operations; 1.3 current ops/sec; est completion in 18 minutes [READ: Count=13, Max=858623, Min=724992, Avg=766798.77, 90=832511, 99=858623, 99.9=858623, 99.99=858623] 
2019-05-20 19:39:04:160 460 sec: 595 operations; 1.3 current ops/sec; est completion in 18 minutes [READ: Count=13, Max=849919, Min=717312, Avg=772903.38, 90=819711, 99=849919, 99.9=849919, 99.99=849919] 
2019-05-20 19:39:14:160 470 sec: 608 operations; 1.3 current ops/sec; est completion in 17 minutes [READ: Count=13, Max=842239, Min=705536, Avg=772588.31, 90=837119, 99=842239, 99.9=842239, 99.99=842239] 
2019-05-20 19:39:24:160 480 sec: 621 operations; 1.3 current ops/sec; est completion in 17 minutes [READ: Count=13, Max=851455, Min=714752, Avg=764868.92, 90=813567, 99=851455, 99.9=851455, 99.99=851455] 
2019-05-20 19:39:34:162 490 sec: 634 operations; 1.3 current ops/sec; est completion in 17 minutes [READ: Count=13, Max=834559, Min=701952, Avg=765420.31, 90=827903, 99=834559, 99.9=834559, 99.99=834559] 
2019-05-20 19:39:44:170 500 sec: 647 operations; 1.3 current ops/sec; est completion in 17 minutes [READ: Count=13, Max=848383, Min=724480, Avg=771367.38, 90=847871, 99=848383, 99.9=848383, 99.99=848383] 
2019-05-20 19:39:54:160 510 sec: 660 operations; 1.3 current ops/sec; est completion in 17 minutes [READ: Count=13, Max=889855, Min=724992, Avg=775660.31, 90=837119, 99=889855, 99.9=889855, 99.99=889855] 
2019-05-20 19:40:04:161 520 sec: 673 operations; 1.3 current ops/sec; est completion in 17 minutes [READ: Count=13, Max=869375, Min=708096, Avg=760379.08, 90=826879, 99=869375, 99.9=869375, 99.99=869375] 
2019-05-20 19:40:14:160 530 sec: 686 operations; 1.3 current ops/sec; est completion in 16 minutes [READ: Count=13, Max=844799, Min=707584, Avg=764002.46, 90=829439, 99=844799, 99.9=844799, 99.99=844799] 
2019-05-20 19:40:24:160 540 sec: 699 operations; 1.3 current ops/sec; est completion in 16 minutes [READ: Count=13, Max=847871, Min=714240, Avg=756204.31, 90=815103, 99=847871, 99.9=847871, 99.99=847871] 
2019-05-20 19:40:34:160 550 sec: 712 operations; 1.3 current ops/sec; est completion in 16 minutes [READ: Count=13, Max=870399, Min=726528, Avg=791611.08, 90=860671, 99=870399, 99.9=870399, 99.99=870399] 
2019-05-20 19:40:44:159 560 sec: 725 operations; 1.3 current ops/sec; est completion in 16 minutes [READ: Count=13, Max=821759, Min=726528, Avg=772903.38, 90=808959, 99=821759, 99.9=821759, 99.99=821759] 
2019-05-20 19:40:54:160 570 sec: 738 operations; 1.3 current ops/sec; est completion in 16 minutes [READ: Count=13, Max=846847, Min=714752, Avg=763136, 90=840703, 99=846847, 99.9=846847, 99.99=846847] 
2019-05-20 19:41:04:160 580 sec: 751 operations; 1.3 current ops/sec; est completion in 16 minutes [READ: Count=13, Max=857087, Min=714752, Avg=771288.62, 90=847871, 99=857087, 99.9=857087, 99.99=857087] 
2019-05-20 19:41:14:160 590 sec: 764 operations; 1.3 current ops/sec; est completion in 15 minutes [READ: Count=13, Max=861695, Min=723456, Avg=779244.31, 90=837119, 99=861695, 99.9=861695, 99.99=861695] 
2019-05-20 19:41:24:160 600 sec: 777 operations; 1.3 current ops/sec; est completion in 15 minutes [READ: Count=13, Max=864767, Min=729600, Avg=772903.38, 90=835071, 99=864767, 99.9=864767, 99.99=864767] 
2019-05-20 19:41:34:159 610 sec: 790 operations; 1.3 current ops/sec; est completion in 15 minutes [READ: Count=13, Max=807423, Min=721920, Avg=761442.46, 90=806911, 99=807423, 99.9=807423, 99.99=807423] 
2019-05-20 19:41:44:160 620 sec: 803 operations; 1.3 current ops/sec; est completion in 15 minutes [READ: Count=13, Max=855039, Min=723456, Avg=774872.62, 90=852991, 99=855039, 99.9=855039, 99.99=855039] 
2019-05-20 19:41:54:161 630 sec: 816 operations; 1.3 current ops/sec; est completion in 15 minutes [READ: Count=13, Max=883199, Min=685056, Avg=765026.46, 90=833023, 99=883199, 99.9=883199, 99.99=883199] 
2019-05-20 19:42:04:161 640 sec: 829 operations; 1.3 current ops/sec; est completion in 15 minutes [READ: Count=13, Max=831999, Min=715776, Avg=763411.69, 90=824319, 99=831999, 99.9=831999, 99.99=831999] 
2019-05-20 19:42:14:159 650 sec: 842 operations; 1.3 current ops/sec; est completion in 14 minutes [READ: Count=13, Max=828927, Min=728064, Avg=771446.15, 90=820735, 99=828927, 99.9=828927, 99.99=828927] 
2019-05-20 19:42:24:159 660 sec: 855 operations; 1.3 current ops/sec; est completion in 14 minutes [READ: Count=13, Max=871423, Min=722944, Avg=769634.46, 90=824319, 99=871423, 99.9=871423, 99.99=871423] 
2019-05-20 19:42:34:160 670 sec: 868 operations; 1.3 current ops/sec; est completion in 14 minutes [READ: Count=13, Max=894975, Min=695808, Avg=766798.77, 90=834047, 99=894975, 99.9=894975, 99.99=894975] 
2019-05-20 19:42:44:161 680 sec: 881 operations; 1.3 current ops/sec; est completion in 14 minutes [READ: Count=13, Max=843775, Min=717312, Avg=769555.69, 90=839167, 99=843775, 99.9=843775, 99.99=843775] 
2019-05-20 19:42:54:160 690 sec: 894 operations; 1.3 current ops/sec; est completion in 14 minutes [READ: Count=13, Max=850943, Min=680448, Avg=760497.23, 90=824319, 99=850943, 99.9=850943, 99.99=850943] 
2019-05-20 19:43:04:161 700 sec: 907 operations; 1.3 current ops/sec; est completion in 14 minutes [READ: Count=13, Max=829951, Min=720896, Avg=763923.69, 90=824319, 99=829951, 99.9=829951, 99.99=829951] 
2019-05-20 19:43:14:161 710 sec: 920 operations; 1.3 current ops/sec; est completion in 13 minutes [READ: Count=13, Max=841215, Min=726016, Avg=771367.38, 90=828927, 99=841215, 99.9=841215, 99.99=841215] 
2019-05-20 19:43:24:160 720 sec: 933 operations; 1.3 current ops/sec; est completion in 13 minutes [READ: Count=13, Max=855039, Min=711680, Avg=769043.69, 90=835071, 99=855039, 99.9=855039, 99.99=855039] 
2019-05-20 19:43:34:159 730 sec: 946 operations; 1.3 current ops/sec; est completion in 13 minutes [READ: Count=13, Max=834559, Min=727040, Avg=766089.85, 90=828927, 99=834559, 99.9=834559, 99.99=834559] 
2019-05-20 19:43:44:160 740 sec: 959 operations; 1.3 current ops/sec; est completion in 13 minutes [READ: Count=13, Max=843775, Min=683520, Avg=766247.38, 90=837119, 99=843775, 99.9=843775, 99.99=843775] 
2019-05-20 19:43:54:165 750 sec: 972 operations; 1.3 current ops/sec; est completion in 13 minutes [READ: Count=13, Max=918015, Min=714240, Avg=782592, 90=867327, 99=918015, 99.9=918015, 99.99=918015] 
2019-05-20 19:44:04:161 760 sec: 985 operations; 1.3 current ops/sec; est completion in 13 minutes [READ: Count=13, Max=847359, Min=693248, Avg=761481.85, 90=837631, 99=847359, 99.9=847359, 99.99=847359] 
2019-05-20 19:44:14:161 770 sec: 998 operations; 1.3 current ops/sec; est completion in 12 minutes [READ: Count=13, Max=860159, Min=713728, Avg=775975.38, 90=841215, 99=860159, 99.9=860159, 99.99=860159] 
2019-05-20 19:44:24:159 780 sec: 1011 operations; 1.3 current ops/sec; est completion in 12 minutes [READ: Count=13, Max=868351, Min=716288, Avg=777550.77, 90=840191, 99=868351, 99.9=868351, 99.99=868351] 
2019-05-20 19:44:34:161 790 sec: 1023 operations; 1.2 current ops/sec; est completion in 12 minutes [READ: Count=12, Max=863743, Min=700416, Avg=776234.67, 90=838143, 99=863743, 99.9=863743, 99.99=863743] 
2019-05-20 19:44:44:160 800 sec: 1037 operations; 1.4 current ops/sec; est completion in 12 minutes [READ: Count=14, Max=838143, Min=704000, Avg=772790.86, 90=837631, 99=838143, 99.9=838143, 99.99=838143] 
2019-05-20 19:44:54:159 810 sec: 1050 operations; 1.3 current ops/sec; est completion in 12 minutes [READ: Count=13, Max=872959, Min=665088, Avg=759158.15, 90=856575, 99=872959, 99.9=872959, 99.99=872959] 
2019-05-20 19:45:04:160 820 sec: 1063 operations; 1.3 current ops/sec; est completion in 12 minutes [READ: Count=13, Max=838655, Min=702976, Avg=772273.23, 90=837631, 99=838655, 99.9=838655, 99.99=838655] 
2019-05-20 19:45:14:160 830 sec: 1076 operations; 1.3 current ops/sec; est completion in 11 minutes [READ: Count=13, Max=861183, Min=693248, Avg=767428.92, 90=846335, 99=861183, 99.9=861183, 99.99=861183] 
2019-05-20 19:45:24:159 840 sec: 1089 operations; 1.3 current ops/sec; est completion in 11 minutes [READ: Count=13, Max=850431, Min=709632, Avg=763372.31, 90=837119, 99=850431, 99.9=850431, 99.99=850431] 
2019-05-20 19:45:34:161 850 sec: 1102 operations; 1.3 current ops/sec; est completion in 11 minutes [READ: Count=13, Max=847359, Min=714240, Avg=762269.54, 90=827391, 99=847359, 99.9=847359, 99.99=847359] 
2019-05-20 19:45:44:161 860 sec: 1115 operations; 1.3 current ops/sec; est completion in 11 minutes [READ: Count=13, Max=823807, Min=729088, Avg=777472, 90=820735, 99=823807, 99.9=823807, 99.99=823807] 
2019-05-20 19:45:54:159 870 sec: 1128 operations; 1.3 current ops/sec; est completion in 11 minutes [READ: Count=13, Max=858111, Min=702976, Avg=773454.77, 90=836607, 99=858111, 99.9=858111, 99.99=858111] 
2019-05-20 19:46:04:160 880 sec: 1141 operations; 1.3 current ops/sec; est completion in 11 minutes [READ: Count=13, Max=841727, Min=716800, Avg=769988.92, 90=826367, 99=841727, 99.9=841727, 99.99=841727] 
2019-05-20 19:46:14:161 890 sec: 1154 operations; 1.3 current ops/sec; est completion in 10 minutes [READ: Count=13, Max=833535, Min=691200, Avg=759158.15, 90=826879, 99=833535, 99.9=833535, 99.99=833535] 
2019-05-20 19:46:24:160 900 sec: 1167 operations; 1.3 current ops/sec; est completion in 10 minutes [READ: Count=13, Max=900095, Min=711168, Avg=774833.23, 90=848383, 99=900095, 99.9=900095, 99.99=900095] 
2019-05-20 19:46:34:159 910 sec: 1180 operations; 1.3 current ops/sec; est completion in 10 minutes [READ: Count=13, Max=843263, Min=706560, Avg=776960, 90=828927, 99=843263, 99.9=843263, 99.99=843263] 
2019-05-20 19:46:44:160 920 sec: 1193 operations; 1.3 current ops/sec; est completion in 10 minutes [READ: Count=13, Max=832511, Min=696832, Avg=765853.54, 90=827903, 99=832511, 99.9=832511, 99.99=832511] 
2019-05-20 19:46:54:159 930 sec: 1206 operations; 1.3 current ops/sec; est completion in 10 minutes [READ: Count=13, Max=831999, Min=709632, Avg=752541.54, 90=831487, 99=831999, 99.9=831999, 99.99=831999] 
2019-05-20 19:47:04:160 940 sec: 1219 operations; 1.3 current ops/sec; est completion in 10 minutes [READ: Count=13, Max=890367, Min=698880, Avg=781174.15, 90=842239, 99=890367, 99.9=890367, 99.99=890367] 
2019-05-20 19:47:14:160 950 sec: 1232 operations; 1.3 current ops/sec; est completion in 9 minutes [READ: Count=13, Max=812543, Min=732672, Avg=764553.85, 90=804351, 99=812543, 99.9=812543, 99.99=812543] 
2019-05-20 19:47:24:160 960 sec: 1245 operations; 1.3 current ops/sec; est completion in 9 minutes [READ: Count=13, Max=812543, Min=698368, Avg=752462.77, 90=800255, 99=812543, 99.9=812543, 99.99=812543] 
2019-05-20 19:47:34:160 970 sec: 1258 operations; 1.3 current ops/sec; est completion in 9 minutes [READ: Count=13, Max=809471, Min=722944, Avg=757819.08, 90=805887, 99=809471, 99.9=809471, 99.99=809471] 
2019-05-20 19:47:44:159 980 sec: 1271 operations; 1.3 current ops/sec; est completion in 9 minutes [READ: Count=13, Max=833023, Min=716288, Avg=767783.38, 90=821247, 99=833023, 99.9=833023, 99.99=833023] 
2019-05-20 19:47:54:159 990 sec: 1284 operations; 1.3 current ops/sec; est completion in 9 minutes [READ: Count=13, Max=833023, Min=694784, Avg=771997.54, 90=821759, 99=833023, 99.9=833023, 99.99=833023] 
2019-05-20 19:48:04:161 1000 sec: 1297 operations; 1.3 current ops/sec; est completion in 9 minutes [READ: Count=13, Max=880639, Min=715264, Avg=767547.08, 90=817151, 99=880639, 99.9=880639, 99.99=880639] 
2019-05-20 19:48:14:161 1010 sec: 1310 operations; 1.3 current ops/sec; est completion in 8 minutes [READ: Count=13, Max=820223, Min=700928, Avg=762505.85, 90=817151, 99=820223, 99.9=820223, 99.99=820223] 
2019-05-20 19:48:24:159 1020 sec: 1324 operations; 1.4 current ops/sec; est completion in 8 minutes [READ: Count=14, Max=841215, Min=697344, Avg=759259.43, 90=807935, 99=841215, 99.9=841215, 99.99=841215] 
2019-05-20 19:48:34:160 1030 sec: 1336 operations; 1.2 current ops/sec; est completion in 8 minutes [READ: Count=12, Max=830975, Min=703488, Avg=775168, 90=829439, 99=830975, 99.9=830975, 99.99=830975] 
2019-05-20 19:48:44:160 1040 sec: 1349 operations; 1.3 current ops/sec; est completion in 8 minutes [READ: Count=13, Max=839167, Min=710656, Avg=772982.15, 90=833023, 99=839167, 99.9=839167, 99.99=839167] 
2019-05-20 19:48:54:160 1050 sec: 1362 operations; 1.3 current ops/sec; est completion in 8 minutes [READ: Count=13, Max=862719, Min=684032, Avg=765105.23, 90=837119, 99=862719, 99.9=862719, 99.99=862719] 
2019-05-20 19:49:04:160 1060 sec: 1375 operations; 1.3 current ops/sec; est completion in 8 minutes [READ: Count=13, Max=857087, Min=717312, Avg=769201.23, 90=828415, 99=857087, 99.9=857087, 99.99=857087] 
2019-05-20 19:49:14:161 1070 sec: 1388 operations; 1.3 current ops/sec; est completion in 7 minutes [READ: Count=13, Max=862719, Min=715264, Avg=775305.85, 90=839167, 99=862719, 99.9=862719, 99.99=862719] 
2019-05-20 19:49:24:160 1080 sec: 1401 operations; 1.3 current ops/sec; est completion in 7 minutes [READ: Count=13, Max=879103, Min=720384, Avg=775227.08, 90=850431, 99=879103, 99.9=879103, 99.99=879103] 
2019-05-20 19:49:34:160 1090 sec: 1414 operations; 1.3 current ops/sec; est completion in 7 minutes [READ: Count=13, Max=870399, Min=726528, Avg=766798.77, 90=824319, 99=870399, 99.9=870399, 99.99=870399] 
2019-05-20 19:49:44:160 1100 sec: 1427 operations; 1.3 current ops/sec; est completion in 7 minutes [READ: Count=13, Max=835583, Min=714752, Avg=764002.46, 90=809471, 99=835583, 99.9=835583, 99.99=835583] 
2019-05-20 19:49:54:161 1110 sec: 1440 operations; 1.3 current ops/sec; est completion in 7 minutes [READ: Count=13, Max=845311, Min=692736, Avg=765853.54, 90=842751, 99=845311, 99.9=845311, 99.99=845311] 
2019-05-20 19:50:04:159 1120 sec: 1454 operations; 1.4 current ops/sec; est completion in 7 minutes [READ: Count=14, Max=924159, Min=703488, Avg=753993.14, 90=824319, 99=924159, 99.9=924159, 99.99=924159] 
2019-05-20 19:50:14:160 1130 sec: 1467 operations; 1.3 current ops/sec; est completion in 6 minutes [READ: Count=13, Max=838655, Min=691200, Avg=758606.77, 90=831999, 99=838655, 99.9=838655, 99.99=838655] 
2019-05-20 19:50:24:160 1140 sec: 1480 operations; 1.3 current ops/sec; est completion in 6 minutes [READ: Count=13, Max=829439, Min=615936, Avg=768571.08, 90=824831, 99=829439, 99.9=829439, 99.99=829439] 
2019-05-20 19:50:34:161 1150 sec: 1493 operations; 1.3 current ops/sec; est completion in 6 minutes [READ: Count=13, Max=832511, Min=700928, Avg=762584.62, 90=819711, 99=832511, 99.9=832511, 99.99=832511] 
2019-05-20 19:50:44:159 1160 sec: 1506 operations; 1.3 current ops/sec; est completion in 6 minutes [READ: Count=13, Max=827903, Min=713728, Avg=759118.77, 90=813567, 99=827903, 99.9=827903, 99.99=827903] 
2019-05-20 19:50:54:160 1170 sec: 1519 operations; 1.3 current ops/sec; est completion in 6 minutes [READ: Count=13, Max=844287, Min=704000, Avg=763254.15, 90=827903, 99=844287, 99.9=844287, 99.99=844287] 
2019-05-20 19:51:04:160 1180 sec: 1532 operations; 1.3 current ops/sec; est completion in 6 minutes [READ: Count=13, Max=964607, Min=711680, Avg=782395.08, 90=849919, 99=964607, 99.9=964607, 99.99=964607] 
2019-05-20 19:51:14:160 1190 sec: 1545 operations; 1.3 current ops/sec; est completion in 5 minutes [READ: Count=13, Max=824319, Min=709120, Avg=763214.77, 90=813055, 99=824319, 99.9=824319, 99.99=824319] 
2019-05-20 19:51:24:159 1200 sec: 1558 operations; 1.3 current ops/sec; est completion in 5 minutes [READ: Count=13, Max=857599, Min=696320, Avg=758843.08, 90=843775, 99=857599, 99.9=857599, 99.99=857599] 
2019-05-20 19:51:34:161 1210 sec: 1571 operations; 1.3 current ops/sec; est completion in 5 minutes [READ: Count=13, Max=864255, Min=674304, Avg=754510.77, 90=798207, 99=864255, 99.9=864255, 99.99=864255] 
2019-05-20 19:51:44:160 1220 sec: 1585 operations; 1.4 current ops/sec; est completion in 5 minutes [READ: Count=14, Max=836095, Min=710656, Avg=765952, 90=818687, 99=836095, 99.9=836095, 99.99=836095] 
2019-05-20 19:51:54:160 1230 sec: 1598 operations; 1.3 current ops/sec; est completion in 5 minutes [READ: Count=13, Max=821759, Min=712704, Avg=763884.31, 90=814591, 99=821759, 99.9=821759, 99.99=821759] 
2019-05-20 19:52:04:161 1240 sec: 1611 operations; 1.3 current ops/sec; est completion in 5 minutes [READ: Count=13, Max=883711, Min=732160, Avg=772982.15, 90=829439, 99=883711, 99.9=883711, 99.99=883711] 
2019-05-20 19:52:14:160 1250 sec: 1624 operations; 1.3 current ops/sec; est completion in 4 minutes [READ: Count=13, Max=831487, Min=705536, Avg=769752.62, 90=827903, 99=831487, 99.9=831487, 99.99=831487] 
2019-05-20 19:52:24:160 1260 sec: 1637 operations; 1.3 current ops/sec; est completion in 4 minutes [READ: Count=13, Max=841215, Min=701952, Avg=766877.54, 90=826367, 99=841215, 99.9=841215, 99.99=841215] 
2019-05-20 19:52:34:160 1270 sec: 1650 operations; 1.3 current ops/sec; est completion in 4 minutes [READ: Count=13, Max=827391, Min=699392, Avg=751872, 90=816127, 99=827391, 99.9=827391, 99.99=827391] 
2019-05-20 19:52:44:160 1280 sec: 1663 operations; 1.3 current ops/sec; est completion in 4 minutes [READ: Count=13, Max=836607, Min=711168, Avg=765341.54, 90=814079, 99=836607, 99.9=836607, 99.99=836607] 
2019-05-20 19:52:54:161 1290 sec: 1676 operations; 1.3 current ops/sec; est completion in 4 minutes [READ: Count=13, Max=824319, Min=703488, Avg=768886.15, 90=815103, 99=824319, 99.9=824319, 99.99=824319] 
2019-05-20 19:53:04:160 1300 sec: 1689 operations; 1.3 current ops/sec; est completion in 4 minutes [READ: Count=13, Max=902655, Min=709120, Avg=770697.85, 90=811519, 99=902655, 99.9=902655, 99.99=902655] 
2019-05-20 19:53:14:160 1310 sec: 1702 operations; 1.3 current ops/sec; est completion in 3 minutes [READ: Count=13, Max=823295, Min=667648, Avg=763569.23, 90=823295, 99=823295, 99.9=823295, 99.99=823295] 
2019-05-20 19:53:24:160 1320 sec: 1715 operations; 1.3 current ops/sec; est completion in 3 minutes [READ: Count=13, Max=828927, Min=711168, Avg=763529.85, 90=818175, 99=828927, 99.9=828927, 99.99=828927] 
2019-05-20 19:53:34:161 1330 sec: 1728 operations; 1.3 current ops/sec; est completion in 3 minutes [READ: Count=13, Max=857599, Min=701440, Avg=781056, 90=841727, 99=857599, 99.9=857599, 99.99=857599] 
2019-05-20 19:53:44:159 1340 sec: 1741 operations; 1.3 current ops/sec; est completion in 3 minutes [READ: Count=13, Max=845311, Min=714240, Avg=769280, 90=838655, 99=845311, 99.9=845311, 99.99=845311] 
2019-05-20 19:53:54:160 1350 sec: 1754 operations; 1.3 current ops/sec; est completion in 3 minutes [READ: Count=13, Max=857087, Min=721920, Avg=766877.54, 90=850943, 99=857087, 99.9=857087, 99.99=857087] 
2019-05-20 19:54:04:160 1360 sec: 1767 operations; 1.3 current ops/sec; est completion in 3 minutes [READ: Count=13, Max=860671, Min=718848, Avg=766641.23, 90=852479, 99=860671, 99.9=860671, 99.99=860671] 
2019-05-20 19:54:14:160 1370 sec: 1780 operations; 1.3 current ops/sec; est completion in 2 minutes [READ: Count=13, Max=866815, Min=711680, Avg=772942.77, 90=835071, 99=866815, 99.9=866815, 99.99=866815] 
2019-05-20 19:54:24:160 1380 sec: 1793 operations; 1.3 current ops/sec; est completion in 2 minutes [READ: Count=13, Max=837631, Min=728064, Avg=771328, 90=827903, 99=837631, 99.9=837631, 99.99=837631] 
2019-05-20 19:54:34:160 1390 sec: 1806 operations; 1.3 current ops/sec; est completion in 2 minutes [READ: Count=13, Max=832511, Min=713216, Avg=756243.69, 90=825343, 99=832511, 99.9=832511, 99.99=832511] 
2019-05-20 19:54:44:160 1400 sec: 1819 operations; 1.3 current ops/sec; est completion in 2 minutes [READ: Count=13, Max=849407, Min=711680, Avg=771406.77, 90=833535, 99=849407, 99.9=849407, 99.99=849407] 
2019-05-20 19:54:54:160 1410 sec: 1832 operations; 1.3 current ops/sec; est completion in 2 minutes [READ: Count=13, Max=867327, Min=652288, Avg=768374.15, 90=838655, 99=867327, 99.9=867327, 99.99=867327] 
2019-05-20 19:55:04:161 1420 sec: 1845 operations; 1.3 current ops/sec; est completion in 2 minutes [READ: Count=13, Max=830463, Min=698368, Avg=753959.38, 90=826879, 99=830463, 99.9=830463, 99.99=830463] 
2019-05-20 19:55:14:160 1430 sec: 1858 operations; 1.3 current ops/sec; est completion in 1 minute [READ: Count=13, Max=876543, Min=724992, Avg=774045.54, 90=831487, 99=876543, 99.9=876543, 99.99=876543] 
2019-05-20 19:55:24:160 1440 sec: 1871 operations; 1.3 current ops/sec; est completion in 1 minute [READ: Count=13, Max=855039, Min=677376, Avg=759985.23, 90=835583, 99=855039, 99.9=855039, 99.99=855039] 
2019-05-20 19:55:34:161 1450 sec: 1884 operations; 1.3 current ops/sec; est completion in 1 minute [READ: Count=13, Max=862719, Min=716800, Avg=777432.62, 90=836095, 99=862719, 99.9=862719, 99.99=862719] 
2019-05-20 19:55:44:159 1460 sec: 1897 operations; 1.3 current ops/sec; est completion in 1 minute [READ: Count=13, Max=838655, Min=706048, Avg=765184, 90=830463, 99=838655, 99.9=838655, 99.99=838655] 
2019-05-20 19:55:54:160 1470 sec: 1910 operations; 1.3 current ops/sec; est completion in 1 minute [READ: Count=13, Max=841215, Min=694272, Avg=764593.23, 90=836607, 99=841215, 99.9=841215, 99.99=841215] 
2019-05-20 19:56:04:160 1480 sec: 1923 operations; 1.3 current ops/sec; est completion in 1 minute [READ: Count=13, Max=899583, Min=731648, Avg=786018.46, 90=862207, 99=899583, 99.9=899583, 99.99=899583] 
2019-05-20 19:56:14:160 1490 sec: 1936 operations; 1.3 current ops/sec; est completion in 50 seconds [READ: Count=13, Max=859135, Min=707072, Avg=770619.08, 90=845311, 99=859135, 99.9=859135, 99.99=859135] 
2019-05-20 19:56:24:160 1500 sec: 1949 operations; 1.3 current ops/sec; est completion in 40 seconds [READ: Count=13, Max=842751, Min=721920, Avg=772706.46, 90=838655, 99=842751, 99.9=842751, 99.99=842751] 
2019-05-20 19:56:34:161 1510 sec: 1962 operations; 1.3 current ops/sec; est completion in 30 seconds [READ: Count=13, Max=863231, Min=715776, Avg=765577.85, 90=821759, 99=863231, 99.9=863231, 99.99=863231] 
2019-05-20 19:56:44:160 1520 sec: 1975 operations; 1.3 current ops/sec; est completion in 20 seconds [READ: Count=13, Max=854015, Min=713728, Avg=772706.46, 90=840191, 99=854015, 99.9=854015, 99.99=854015] 
2019-05-20 19:56:54:160 1530 sec: 1988 operations; 1.3 current ops/sec; est completion in 10 seconds [READ: Count=13, Max=845823, Min=726528, Avg=772509.54, 90=837119, 99=845823, 99.9=845823, 99.99=845823] 
2019-05-20 19:57:02:964 1538 sec: 2000 operations; 1.36 current ops/sec; [READ: Count=12, Max=836095, Min=710144, Avg=763904, 90=797695, 99=836095, 99.9=836095, 99.99=836095] [CLEANUP: Count=1, Max=3, Min=3, Avg=3, 90=3, 99=3, 99.9=3, 99.99=3] 
