[WARN]  Running against a source checkout. In order to get our runtime dependencies we'll have to invoke Maven. Depending on the state of your system, this may take ~30-45 seconds
[DEBUG]  Running 'mvn -pl com.yahoo.ycsb:rest-binding -am package -DskipTests dependency:build-classpath -DincludeScope=compile -Dmdep.outputFilterFile=true'
WARNING: An illegal reflective access operation has occurred
WARNING: Illegal reflective access by com.google.inject.internal.cglib.core.$ReflectUtils$1 (file:/usr/share/maven/lib/guice.jar) to method java.lang.ClassLoader.defineClass(java.lang.String,byte[],int,int,java.security.ProtectionDomain)
WARNING: Please consider reporting this to the maintainers of com.google.inject.internal.cglib.core.$ReflectUtils$1
WARNING: Use --illegal-access=warn to enable warnings of further illegal reflective access operations
WARNING: All illegal access operations will be denied in a future release
java -cp /home/ubuntu/YCSB/rest/conf:/home/ubuntu/YCSB/rest/target/rest-binding-0.16.0-SNAPSHOT.jar:/home/ubuntu/.m2/repository/org/hdrhistogram/HdrHistogram/2.1.4/HdrHistogram-2.1.4.jar:/home/ubuntu/.m2/repository/org/glassfish/hk2/external/javax.inject/2.2.0/javax.inject-2.2.0.jar:/home/ubuntu/.m2/repository/com/github/stefanbirkner/system-rules/1.16.0/system-rules-1.16.0.jar:/home/ubuntu/.m2/repository/org/codehaus/jackson/jackson-core-asl/1.9.4/jackson-core-asl-1.9.4.jar:/home/ubuntu/.m2/repository/org/glassfish/jersey/core/jersey-server/2.6/jersey-server-2.6.jar:/home/ubuntu/YCSB/core/target/core-0.16.0-SNAPSHOT.jar:/home/ubuntu/.m2/repository/org/glassfish/hk2/hk2-api/2.2.0/hk2-api-2.2.0.jar:/home/ubuntu/.m2/repository/javax/ws/rs/javax.ws.rs-api/2.0/javax.ws.rs-api-2.0.jar:/home/ubuntu/.m2/repository/org/glassfish/hk2/hk2-locator/2.2.0/hk2-locator-2.2.0.jar:/home/ubuntu/.m2/repository/org/eclipse/jdt/core/compiler/ecj/4.4.2/ecj-4.4.2.jar:/home/ubuntu/.m2/repository/org/codehaus/jackson/jackson-mapper-asl/1.9.4/jackson-mapper-asl-1.9.4.jar:/home/ubuntu/.m2/repository/org/glassfish/jersey/bundles/repackaged/jersey-guava/2.6/jersey-guava-2.6.jar:/home/ubuntu/.m2/repository/org/glassfish/hk2/external/aopalliance-repackaged/2.2.0/aopalliance-repackaged-2.2.0.jar:/home/ubuntu/.m2/repository/org/javassist/javassist/3.18.1-GA/javassist-3.18.1-GA.jar:/home/ubuntu/.m2/repository/javax/annotation/javax.annotation-api/1.2/javax.annotation-api-1.2.jar:/home/ubuntu/.m2/repository/org/apache/htrace/htrace-core4/4.1.0-incubating/htrace-core4-4.1.0-incubating.jar:/home/ubuntu/.m2/repository/org/apache/tomcat/embed/tomcat-embed-logging-log4j/8.0.28/tomcat-embed-logging-log4j-8.0.28.jar:/home/ubuntu/.m2/repository/org/apache/tomcat/embed/tomcat-embed-el/8.0.28/tomcat-embed-el-8.0.28.jar:/home/ubuntu/.m2/repository/org/apache/tomcat/embed/tomcat-embed-logging-juli/8.0.28/tomcat-embed-logging-juli-8.0.28.jar:/home/ubuntu/.m2/repository/org/apache/tomcat/embed/tomcat-embed-core/8.0.28/tomcat-embed-core-8.0.28.jar:/home/ubuntu/.m2/repository/org/glassfish/hk2/osgi-resource-locator/1.0.1/osgi-resource-locator-1.0.1.jar:/home/ubuntu/.m2/repository/commons-codec/commons-codec/1.9/commons-codec-1.9.jar:/home/ubuntu/.m2/repository/org/glassfish/jersey/core/jersey-client/2.6/jersey-client-2.6.jar:/home/ubuntu/.m2/repository/org/apache/tomcat/embed/tomcat-embed-websocket/8.0.28/tomcat-embed-websocket-8.0.28.jar:/home/ubuntu/.m2/repository/commons-logging/commons-logging/1.2/commons-logging-1.2.jar:/home/ubuntu/.m2/repository/org/glassfish/hk2/hk2-utils/2.2.0/hk2-utils-2.2.0.jar:/home/ubuntu/.m2/repository/javax/validation/validation-api/1.1.0.Final/validation-api-1.1.0.Final.jar:/home/ubuntu/.m2/repository/org/apache/httpcomponents/httpclient/4.5.1/httpclient-4.5.1.jar:/home/ubuntu/.m2/repository/org/apache/tomcat/tomcat-dbcp/8.0.28/tomcat-dbcp-8.0.28.jar:/home/ubuntu/.m2/repository/org/glassfish/jersey/containers/jersey-container-servlet-core/2.6/jersey-container-servlet-core-2.6.jar:/home/ubuntu/.m2/repository/org/apache/tomcat/embed/tomcat-embed-jasper/8.0.28/tomcat-embed-jasper-8.0.28.jar:/home/ubuntu/.m2/repository/org/glassfish/jersey/core/jersey-common/2.6/jersey-common-2.6.jar:/home/ubuntu/.m2/repository/org/apache/httpcomponents/httpcore/4.4.4/httpcore-4.4.4.jar com.yahoo.ycsb.Client -db com.yahoo.ycsb.webservice.rest.RestClient -s -P workloads/rest_workload -t
Command line: -db com.yahoo.ycsb.webservice.rest.RestClient -s -P workloads/rest_workload -t
YCSB Client 0.16.0-SNAPSHOT

Loading workload...
Starting test.
2019-05-30 21:28:23:598 0 sec: 0 operations; est completion in 0 second 
DBWrapper: report latency for each error is false and specific error codes to track for latency are: []
2019-05-30 21:28:33:505 10 sec: 11 operations; 1.1 current ops/sec; est completion in 22 minutes [READ: Count=11, Max=907263, Min=731136, Avg=820386.91, 90=904703, 99=907263, 99.9=907263, 99.99=907263] 
2019-05-30 21:28:43:502 20 sec: 23 operations; 1.2 current ops/sec; est completion in 21 minutes [READ: Count=12, Max=929791, Min=714240, Avg=815360, 90=861183, 99=929791, 99.9=929791, 99.99=929791] 
2019-05-30 21:28:53:502 30 sec: 36 operations; 1.3 current ops/sec; est completion in 20 minutes [READ: Count=13, Max=942591, Min=709120, Avg=813430.15, 90=916991, 99=942591, 99.9=942591, 99.99=942591] 
2019-05-30 21:29:03:507 40 sec: 48 operations; 1.2 current ops/sec; est completion in 20 minutes [READ: Count=12, Max=968703, Min=735744, Avg=828586.67, 90=884735, 99=968703, 99.9=968703, 99.99=968703] 
2019-05-30 21:29:13:502 50 sec: 60 operations; 1.2 current ops/sec; est completion in 20 minutes [READ: Count=12, Max=898559, Min=696832, Avg=797610.67, 90=861695, 99=898559, 99.9=898559, 99.99=898559] 
2019-05-30 21:29:23:502 60 sec: 72 operations; 1.2 current ops/sec; est completion in 19 minutes [READ: Count=12, Max=931839, Min=747008, Avg=825941.33, 90=879103, 99=931839, 99.9=931839, 99.99=931839] 
2019-05-30 21:29:33:502 70 sec: 85 operations; 1.3 current ops/sec; est completion in 19 minutes [READ: Count=13, Max=892415, Min=717312, Avg=817250.46, 90=889343, 99=892415, 99.9=892415, 99.99=892415] 
2019-05-30 21:29:43:502 80 sec: 97 operations; 1.2 current ops/sec; est completion in 19 minutes [READ: Count=12, Max=920063, Min=718336, Avg=818986.67, 90=886783, 99=920063, 99.9=920063, 99.99=920063] 
2019-05-30 21:29:53:502 90 sec: 109 operations; 1.2 current ops/sec; est completion in 19 minutes [READ: Count=12, Max=972799, Min=714240, Avg=829525.33, 90=908799, 99=972799, 99.9=972799, 99.99=972799] 
2019-05-30 21:30:03:502 100 sec: 121 operations; 1.2 current ops/sec; est completion in 19 minutes [READ: Count=12, Max=979455, Min=718848, Avg=803029.33, 90=844287, 99=979455, 99.9=979455, 99.99=979455] 
2019-05-30 21:30:13:502 110 sec: 134 operations; 1.3 current ops/sec; est completion in 18 minutes [READ: Count=13, Max=1031679, Min=702464, Avg=804844.31, 90=869375, 99=1031679, 99.9=1031679, 99.99=1031679] 
2019-05-30 21:30:23:502 120 sec: 146 operations; 1.2 current ops/sec; est completion in 18 minutes [READ: Count=12, Max=994303, Min=740864, Avg=818304, 90=913407, 99=994303, 99.9=994303, 99.99=994303] 
2019-05-30 21:30:33:502 130 sec: 158 operations; 1.2 current ops/sec; est completion in 18 minutes [READ: Count=12, Max=933887, Min=739840, Avg=838400, 90=883199, 99=933887, 99.9=933887, 99.99=933887] 
2019-05-30 21:30:43:502 140 sec: 170 operations; 1.2 current ops/sec; est completion in 18 minutes [READ: Count=12, Max=918015, Min=728064, Avg=829269.33, 90=910335, 99=918015, 99.9=918015, 99.99=918015] 
2019-05-30 21:30:53:502 150 sec: 182 operations; 1.2 current ops/sec; est completion in 18 minutes [READ: Count=13, Max=924159, Min=713216, Avg=788460.31, 90=840703, 99=924159, 99.9=924159, 99.99=924159] 
2019-05-30 21:31:03:502 160 sec: 195 operations; 1.3 current ops/sec; est completion in 17 minutes [READ: Count=12, Max=1025023, Min=694272, Avg=797098.67, 90=919039, 99=1025023, 99.9=1025023, 99.99=1025023] 
2019-05-30 21:31:13:502 170 sec: 207 operations; 1.2 current ops/sec; est completion in 17 minutes [READ: Count=12, Max=908799, Min=748032, Avg=828928, 90=886271, 99=908799, 99.9=908799, 99.99=908799] 
2019-05-30 21:31:23:502 180 sec: 220 operations; 1.3 current ops/sec; est completion in 17 minutes [READ: Count=13, Max=907263, Min=730112, Avg=798818.46, 90=866815, 99=907263, 99.9=907263, 99.99=907263] 
2019-05-30 21:31:33:502 190 sec: 232 operations; 1.2 current ops/sec; est completion in 17 minutes [READ: Count=12, Max=923647, Min=754176, Avg=821888, 90=915967, 99=923647, 99.9=923647, 99.99=923647] 
2019-05-30 21:31:43:502 200 sec: 244 operations; 1.2 current ops/sec; est completion in 17 minutes [READ: Count=12, Max=906239, Min=717824, Avg=789418.67, 90=864255, 99=906239, 99.9=906239, 99.99=906239] 
2019-05-30 21:31:53:502 210 sec: 257 operations; 1.3 current ops/sec; est completion in 16 minutes [READ: Count=13, Max=937983, Min=696320, Avg=790784, 90=869887, 99=937983, 99.9=937983, 99.99=937983] 
2019-05-30 21:32:03:502 220 sec: 269 operations; 1.2 current ops/sec; est completion in 16 minutes [READ: Count=12, Max=915967, Min=759808, Avg=816640, 90=896511, 99=915967, 99.9=915967, 99.99=915967] 
2019-05-30 21:32:13:502 230 sec: 282 operations; 1.3 current ops/sec; est completion in 16 minutes [READ: Count=13, Max=858623, Min=726016, Avg=806183.38, 90=849407, 99=858623, 99.9=858623, 99.99=858623] 
2019-05-30 21:32:23:503 240 sec: 294 operations; 1.2 current ops/sec; est completion in 16 minutes [READ: Count=12, Max=944127, Min=744448, Avg=825088, 90=886271, 99=944127, 99.9=944127, 99.99=944127] 
2019-05-30 21:32:33:502 250 sec: 306 operations; 1.2 current ops/sec; est completion in 16 minutes [READ: Count=12, Max=936959, Min=719360, Avg=824405.33, 90=892927, 99=936959, 99.9=936959, 99.99=936959] 
2019-05-30 21:32:43:502 260 sec: 318 operations; 1.2 current ops/sec; est completion in 16 minutes [READ: Count=12, Max=915967, Min=734208, Avg=818602.67, 90=866815, 99=915967, 99.9=915967, 99.99=915967] 
2019-05-30 21:32:53:502 270 sec: 330 operations; 1.2 current ops/sec; est completion in 15 minutes [READ: Count=12, Max=925695, Min=720896, Avg=819200, 90=864255, 99=925695, 99.9=925695, 99.99=925695] 
2019-05-30 21:33:03:502 280 sec: 343 operations; 1.3 current ops/sec; est completion in 15 minutes [READ: Count=13, Max=916479, Min=711168, Avg=807089.23, 90=877567, 99=916479, 99.9=916479, 99.99=916479] 
2019-05-30 21:33:13:502 290 sec: 355 operations; 1.2 current ops/sec; est completion in 15 minutes [READ: Count=12, Max=953343, Min=729600, Avg=811221.33, 90=857087, 99=953343, 99.9=953343, 99.99=953343] 
2019-05-30 21:33:23:502 300 sec: 367 operations; 1.2 current ops/sec; est completion in 15 minutes [READ: Count=12, Max=893439, Min=734208, Avg=808960, 90=871423, 99=893439, 99.9=893439, 99.99=893439] 
2019-05-30 21:33:33:502 310 sec: 380 operations; 1.3 current ops/sec; est completion in 15 minutes [READ: Count=13, Max=993791, Min=730112, Avg=820164.92, 90=902655, 99=993791, 99.9=993791, 99.99=993791] 
2019-05-30 21:33:43:502 320 sec: 392 operations; 1.2 current ops/sec; est completion in 15 minutes [READ: Count=12, Max=983039, Min=703488, Avg=797994.67, 90=834047, 99=983039, 99.9=983039, 99.99=983039] 
2019-05-30 21:33:53:502 330 sec: 404 operations; 1.2 current ops/sec; est completion in 14 minutes [READ: Count=12, Max=910847, Min=758272, Avg=836096, 90=903679, 99=910847, 99.9=910847, 99.99=910847] 
2019-05-30 21:34:03:503 340 sec: 417 operations; 1.3 current ops/sec; est completion in 14 minutes [READ: Count=13, Max=880639, Min=721920, Avg=806262.15, 90=872447, 99=880639, 99.9=880639, 99.99=880639] 
2019-05-30 21:34:13:502 350 sec: 429 operations; 1.2 current ops/sec; est completion in 14 minutes [READ: Count=12, Max=974335, Min=716288, Avg=815616, 90=914943, 99=974335, 99.9=974335, 99.99=974335] 
2019-05-30 21:34:23:503 360 sec: 441 operations; 1.2 current ops/sec; est completion in 14 minutes [READ: Count=12, Max=887295, Min=729088, Avg=786688, 90=843775, 99=887295, 99.9=887295, 99.99=887295] 
2019-05-30 21:34:33:505 370 sec: 454 operations; 1.3 current ops/sec; est completion in 14 minutes [READ: Count=13, Max=858623, Min=734208, Avg=792713.85, 90=857599, 99=858623, 99.9=858623, 99.99=858623] 
2019-05-30 21:34:43:502 380 sec: 466 operations; 1.2 current ops/sec; est completion in 14 minutes [READ: Count=12, Max=948223, Min=741888, Avg=810240, 90=874495, 99=948223, 99.9=948223, 99.99=948223] 
2019-05-30 21:34:53:502 390 sec: 478 operations; 1.2 current ops/sec; est completion in 13 minutes [READ: Count=12, Max=936959, Min=735232, Avg=830378.67, 90=901631, 99=936959, 99.9=936959, 99.99=936959] 
2019-05-30 21:35:03:502 400 sec: 491 operations; 1.3 current ops/sec; est completion in 13 minutes [READ: Count=13, Max=955903, Min=726528, Avg=812839.38, 90=881151, 99=955903, 99.9=955903, 99.99=955903] 
2019-05-30 21:35:13:503 410 sec: 503 operations; 1.2 current ops/sec; est completion in 13 minutes [READ: Count=12, Max=902655, Min=742912, Avg=831360, 90=893951, 99=902655, 99.9=902655, 99.99=902655] 
2019-05-30 21:35:23:502 420 sec: 515 operations; 1.2 current ops/sec; est completion in 13 minutes [READ: Count=12, Max=876031, Min=706048, Avg=791594.67, 90=868351, 99=876031, 99.9=876031, 99.99=876031] 
2019-05-30 21:35:33:504 430 sec: 527 operations; 1.2 current ops/sec; est completion in 13 minutes [READ: Count=12, Max=943103, Min=748544, Avg=836736, 90=917503, 99=943103, 99.9=943103, 99.99=943103] 
2019-05-30 21:35:43:502 440 sec: 540 operations; 1.3 current ops/sec; est completion in 13 minutes [READ: Count=13, Max=930815, Min=713216, Avg=817447.38, 90=872959, 99=930815, 99.9=930815, 99.99=930815] 
2019-05-30 21:35:53:503 450 sec: 552 operations; 1.2 current ops/sec; est completion in 12 minutes [READ: Count=12, Max=903679, Min=770560, Avg=823040, 90=878079, 99=903679, 99.9=903679, 99.99=903679] 
2019-05-30 21:36:03:502 460 sec: 564 operations; 1.2 current ops/sec; est completion in 12 minutes [READ: Count=12, Max=909311, Min=715264, Avg=814506.67, 90=877055, 99=909311, 99.9=909311, 99.99=909311] 
2019-05-30 21:36:13:502 470 sec: 576 operations; 1.2 current ops/sec; est completion in 12 minutes [READ: Count=12, Max=909311, Min=705024, Avg=800554.67, 90=890367, 99=909311, 99.9=909311, 99.99=909311] 
2019-05-30 21:36:23:502 480 sec: 589 operations; 1.3 current ops/sec; est completion in 12 minutes [READ: Count=13, Max=868351, Min=735744, Avg=796258.46, 90=865279, 99=868351, 99.9=868351, 99.99=868351] 
2019-05-30 21:36:33:502 490 sec: 602 operations; 1.3 current ops/sec; est completion in 12 minutes [READ: Count=13, Max=879615, Min=715264, Avg=788499.69, 90=864255, 99=879615, 99.9=879615, 99.99=879615] 
2019-05-30 21:36:43:502 500 sec: 615 operations; 1.3 current ops/sec; est completion in 12 minutes [READ: Count=13, Max=844287, Min=739840, Avg=782513.23, 90=830975, 99=844287, 99.9=844287, 99.99=844287] 
2019-05-30 21:36:53:502 510 sec: 627 operations; 1.2 current ops/sec; est completion in 11 minutes [READ: Count=12, Max=937471, Min=717312, Avg=802560, 90=895487, 99=937471, 99.9=937471, 99.99=937471] 
2019-05-30 21:37:03:502 520 sec: 640 operations; 1.3 current ops/sec; est completion in 11 minutes [READ: Count=13, Max=920575, Min=705536, Avg=793225.85, 90=875519, 99=920575, 99.9=920575, 99.99=920575] 
2019-05-30 21:37:13:502 530 sec: 652 operations; 1.2 current ops/sec; est completion in 11 minutes [READ: Count=12, Max=845311, Min=726528, Avg=774314.67, 90=817663, 99=845311, 99.9=845311, 99.99=845311] 
2019-05-30 21:37:23:502 540 sec: 665 operations; 1.3 current ops/sec; est completion in 11 minutes [READ: Count=13, Max=991743, Min=745472, Avg=819219.69, 90=868351, 99=991743, 99.9=991743, 99.99=991743] 
2019-05-30 21:37:33:502 550 sec: 677 operations; 1.2 current ops/sec; est completion in 11 minutes [READ: Count=12, Max=935423, Min=720896, Avg=814933.33, 90=869887, 99=935423, 99.9=935423, 99.99=935423] 
2019-05-30 21:37:43:502 560 sec: 689 operations; 1.2 current ops/sec; est completion in 11 minutes [READ: Count=12, Max=920063, Min=707584, Avg=813269.33, 90=912383, 99=920063, 99.9=920063, 99.99=920063] 
2019-05-30 21:37:53:502 570 sec: 702 operations; 1.3 current ops/sec; est completion in 10 minutes [READ: Count=13, Max=928255, Min=726528, Avg=805553.23, 90=900607, 99=928255, 99.9=928255, 99.99=928255] 
2019-05-30 21:38:03:502 580 sec: 714 operations; 1.2 current ops/sec; est completion in 10 minutes [READ: Count=12, Max=932351, Min=740352, Avg=839253.33, 90=892415, 99=932351, 99.9=932351, 99.99=932351] 
2019-05-30 21:38:13:502 590 sec: 726 operations; 1.2 current ops/sec; est completion in 10 minutes [READ: Count=12, Max=883199, Min=731136, Avg=809856, 90=880639, 99=883199, 99.9=883199, 99.99=883199] 
2019-05-30 21:38:23:502 600 sec: 738 operations; 1.2 current ops/sec; est completion in 10 minutes [READ: Count=12, Max=963583, Min=709632, Avg=828288, 90=898047, 99=963583, 99.9=963583, 99.99=963583] 
2019-05-30 21:38:33:503 610 sec: 750 operations; 1.2 current ops/sec; est completion in 10 minutes [READ: Count=12, Max=861183, Min=726016, Avg=815317.33, 90=851967, 99=861183, 99.9=861183, 99.99=861183] 
2019-05-30 21:38:43:502 620 sec: 762 operations; 1.2 current ops/sec; est completion in 10 minutes [READ: Count=12, Max=910335, Min=697344, Avg=828288, 90=901119, 99=910335, 99.9=910335, 99.99=910335] 
2019-05-30 21:38:53:502 630 sec: 774 operations; 1.2 current ops/sec; est completion in 9 minutes [READ: Count=12, Max=907263, Min=706048, Avg=820010.67, 90=895999, 99=907263, 99.9=907263, 99.99=907263] 
2019-05-30 21:39:03:502 640 sec: 787 operations; 1.3 current ops/sec; est completion in 9 minutes [READ: Count=13, Max=950271, Min=734720, Avg=825245.54, 90=925695, 99=950271, 99.9=950271, 99.99=950271] 
2019-05-30 21:39:13:502 650 sec: 799 operations; 1.2 current ops/sec; est completion in 9 minutes [READ: Count=12, Max=912895, Min=734208, Avg=822485.33, 90=868863, 99=912895, 99.9=912895, 99.99=912895] 
2019-05-30 21:39:23:502 660 sec: 811 operations; 1.2 current ops/sec; est completion in 9 minutes [READ: Count=12, Max=918015, Min=718336, Avg=825728, 90=893951, 99=918015, 99.9=918015, 99.99=918015] 
2019-05-30 21:39:33:502 670 sec: 823 operations; 1.2 current ops/sec; est completion in 9 minutes [READ: Count=12, Max=894463, Min=737280, Avg=826538.67, 90=880127, 99=894463, 99.9=894463, 99.99=894463] 
2019-05-30 21:39:43:502 680 sec: 835 operations; 1.2 current ops/sec; est completion in 9 minutes [READ: Count=12, Max=943103, Min=718848, Avg=814762.67, 90=925695, 99=943103, 99.9=943103, 99.99=943103] 
2019-05-30 21:39:53:502 690 sec: 847 operations; 1.2 current ops/sec; est completion in 8 minutes [READ: Count=12, Max=935935, Min=715264, Avg=816725.33, 90=915967, 99=935935, 99.9=935935, 99.99=935935] 
2019-05-30 21:40:03:502 700 sec: 860 operations; 1.3 current ops/sec; est completion in 8 minutes [READ: Count=13, Max=928767, Min=728064, Avg=814769.23, 90=925695, 99=928767, 99.9=928767, 99.99=928767] 
2019-05-30 21:40:13:502 710 sec: 872 operations; 1.2 current ops/sec; est completion in 8 minutes [READ: Count=12, Max=945663, Min=722944, Avg=819797.33, 90=929791, 99=945663, 99.9=945663, 99.99=945663] 
2019-05-30 21:40:23:502 720 sec: 885 operations; 1.3 current ops/sec; est completion in 8 minutes [READ: Count=13, Max=927231, Min=697344, Avg=794525.54, 90=865279, 99=927231, 99.9=927231, 99.99=927231] 
2019-05-30 21:40:33:502 730 sec: 897 operations; 1.2 current ops/sec; est completion in 8 minutes [READ: Count=12, Max=858623, Min=730624, Avg=787882.67, 90=853503, 99=858623, 99.9=858623, 99.99=858623] 
2019-05-30 21:40:43:503 740 sec: 910 operations; 1.3 current ops/sec; est completion in 8 minutes [READ: Count=13, Max=910335, Min=708096, Avg=802126.77, 90=900095, 99=910335, 99.9=910335, 99.99=910335] 
2019-05-30 21:40:53:502 750 sec: 922 operations; 1.2 current ops/sec; est completion in 7 minutes [READ: Count=12, Max=950783, Min=713728, Avg=806144, 90=922623, 99=950783, 99.9=950783, 99.99=950783] 
2019-05-30 21:41:03:502 760 sec: 934 operations; 1.2 current ops/sec; est completion in 7 minutes [READ: Count=12, Max=946175, Min=735232, Avg=817194.67, 90=910847, 99=946175, 99.9=946175, 99.99=946175] 
2019-05-30 21:41:13:502 770 sec: 947 operations; 1.3 current ops/sec; est completion in 7 minutes [READ: Count=13, Max=933375, Min=703488, Avg=812051.69, 90=894463, 99=933375, 99.9=933375, 99.99=933375] 
2019-05-30 21:41:23:502 780 sec: 959 operations; 1.2 current ops/sec; est completion in 7 minutes [READ: Count=12, Max=980479, Min=721920, Avg=810965.33, 90=879103, 99=980479, 99.9=980479, 99.99=980479] 
2019-05-30 21:41:33:502 790 sec: 971 operations; 1.2 current ops/sec; est completion in 7 minutes [READ: Count=12, Max=904703, Min=735232, Avg=811904, 90=901631, 99=904703, 99.9=904703, 99.99=904703] 
2019-05-30 21:41:43:502 800 sec: 983 operations; 1.2 current ops/sec; est completion in 7 minutes [READ: Count=12, Max=979455, Min=727552, Avg=822826.67, 90=948735, 99=979455, 99.9=979455, 99.99=979455] 
2019-05-30 21:41:53:502 810 sec: 995 operations; 1.2 current ops/sec; est completion in 6 minutes [READ: Count=12, Max=960511, Min=711168, Avg=826453.33, 90=936959, 99=960511, 99.9=960511, 99.99=960511] 
2019-05-30 21:42:03:502 820 sec: 1007 operations; 1.2 current ops/sec; est completion in 6 minutes [READ: Count=12, Max=1017343, Min=743936, Avg=835498.67, 90=886783, 99=1017343, 99.9=1017343, 99.99=1017343] 
2019-05-30 21:42:13:503 830 sec: 1020 operations; 1.3 current ops/sec; est completion in 6 minutes [READ: Count=13, Max=898559, Min=736768, Avg=809176.62, 90=884735, 99=898559, 99.9=898559, 99.99=898559] 
2019-05-30 21:42:23:502 840 sec: 1032 operations; 1.2 current ops/sec; est completion in 6 minutes [READ: Count=12, Max=901119, Min=732672, Avg=804693.33, 90=860671, 99=901119, 99.9=901119, 99.99=901119] 
2019-05-30 21:42:33:502 850 sec: 1044 operations; 1.2 current ops/sec; est completion in 6 minutes [READ: Count=12, Max=937983, Min=721920, Avg=824277.33, 90=907775, 99=937983, 99.9=937983, 99.99=937983] 
2019-05-30 21:42:43:502 860 sec: 1057 operations; 1.3 current ops/sec; est completion in 6 minutes [READ: Count=13, Max=959999, Min=723968, Avg=809885.54, 90=885759, 99=959999, 99.9=959999, 99.99=959999] 
2019-05-30 21:42:53:503 870 sec: 1069 operations; 1.2 current ops/sec; est completion in 5 minutes [READ: Count=12, Max=929279, Min=734208, Avg=819285.33, 90=901119, 99=929279, 99.9=929279, 99.99=929279] 
2019-05-30 21:43:03:502 880 sec: 1081 operations; 1.2 current ops/sec; est completion in 5 minutes [READ: Count=12, Max=975871, Min=746496, Avg=835328, 90=889855, 99=975871, 99.9=975871, 99.99=975871] 
2019-05-30 21:43:13:502 890 sec: 1093 operations; 1.2 current ops/sec; est completion in 5 minutes [READ: Count=12, Max=988671, Min=705536, Avg=816725.33, 90=933887, 99=988671, 99.9=988671, 99.99=988671] 
2019-05-30 21:43:23:502 900 sec: 1105 operations; 1.2 current ops/sec; est completion in 5 minutes [READ: Count=12, Max=943615, Min=752128, Avg=822528, 90=899071, 99=943615, 99.9=943615, 99.99=943615] 
2019-05-30 21:43:33:502 910 sec: 1118 operations; 1.3 current ops/sec; est completion in 5 minutes [READ: Count=13, Max=945151, Min=721920, Avg=810712.62, 90=915967, 99=945151, 99.9=945151, 99.99=945151] 
2019-05-30 21:43:43:502 920 sec: 1129 operations; 1.1 current ops/sec; est completion in 5 minutes [READ: Count=11, Max=967167, Min=754688, Avg=849477.82, 90=946687, 99=967167, 99.9=967167, 99.99=967167] 
2019-05-30 21:43:53:502 930 sec: 1142 operations; 1.3 current ops/sec; est completion in 4 minutes [READ: Count=13, Max=943615, Min=754688, Avg=828002.46, 90=923647, 99=943615, 99.9=943615, 99.99=943615] 
2019-05-30 21:44:03:502 940 sec: 1154 operations; 1.2 current ops/sec; est completion in 4 minutes [READ: Count=12, Max=947199, Min=745472, Avg=821504, 90=897535, 99=947199, 99.9=947199, 99.99=947199] 
2019-05-30 21:44:13:502 950 sec: 1166 operations; 1.2 current ops/sec; est completion in 4 minutes [READ: Count=12, Max=918527, Min=697856, Avg=803626.67, 90=855039, 99=918527, 99.9=918527, 99.99=918527] 
2019-05-30 21:44:23:502 960 sec: 1178 operations; 1.2 current ops/sec; est completion in 4 minutes [READ: Count=12, Max=876031, Min=763392, Avg=827776, 90=867839, 99=876031, 99.9=876031, 99.99=876031] 
2019-05-30 21:44:33:502 970 sec: 1190 operations; 1.2 current ops/sec; est completion in 4 minutes [READ: Count=12, Max=943615, Min=701440, Avg=819797.33, 90=927743, 99=943615, 99.9=943615, 99.99=943615] 
2019-05-30 21:44:43:502 980 sec: 1203 operations; 1.3 current ops/sec; est completion in 4 minutes [READ: Count=13, Max=876031, Min=717824, Avg=808192, 90=872959, 99=876031, 99.9=876031, 99.99=876031] 
2019-05-30 21:44:53:502 990 sec: 1215 operations; 1.2 current ops/sec; est completion in 3 minutes [READ: Count=12, Max=926719, Min=765440, Avg=827818.67, 90=908799, 99=926719, 99.9=926719, 99.99=926719] 
2019-05-30 21:45:03:502 1000 sec: 1227 operations; 1.2 current ops/sec; est completion in 3 minutes [READ: Count=12, Max=948735, Min=708608, Avg=803925.33, 90=873471, 99=948735, 99.9=948735, 99.99=948735] 
2019-05-30 21:45:13:502 1010 sec: 1239 operations; 1.2 current ops/sec; est completion in 3 minutes [READ: Count=12, Max=907775, Min=721408, Avg=837973.33, 90=895999, 99=907775, 99.9=907775, 99.99=907775] 
2019-05-30 21:45:23:502 1020 sec: 1251 operations; 1.2 current ops/sec; est completion in 3 minutes [READ: Count=12, Max=892927, Min=726528, Avg=806613.33, 90=858111, 99=892927, 99.9=892927, 99.99=892927] 
2019-05-30 21:45:33:502 1030 sec: 1264 operations; 1.3 current ops/sec; est completion in 3 minutes [READ: Count=13, Max=953343, Min=741888, Avg=837297.23, 90=922623, 99=953343, 99.9=953343, 99.99=953343] 
2019-05-30 21:45:43:502 1040 sec: 1276 operations; 1.2 current ops/sec; est completion in 3 minutes [READ: Count=12, Max=911359, Min=696320, Avg=813013.33, 90=889343, 99=911359, 99.9=911359, 99.99=911359] 
2019-05-30 21:45:53:502 1050 sec: 1288 operations; 1.2 current ops/sec; est completion in 2 minutes [READ: Count=12, Max=890367, Min=727552, Avg=818986.67, 90=888319, 99=890367, 99.9=890367, 99.99=890367] 
2019-05-30 21:46:03:502 1060 sec: 1300 operations; 1.2 current ops/sec; est completion in 2 minutes [READ: Count=12, Max=966143, Min=723968, Avg=816426.67, 90=927231, 99=966143, 99.9=966143, 99.99=966143] 
2019-05-30 21:46:13:502 1070 sec: 1312 operations; 1.2 current ops/sec; est completion in 2 minutes [READ: Count=12, Max=898559, Min=716800, Avg=824661.33, 90=878079, 99=898559, 99.9=898559, 99.99=898559] 
2019-05-30 21:46:23:502 1080 sec: 1325 operations; 1.3 current ops/sec; est completion in 2 minutes [READ: Count=13, Max=890879, Min=715776, Avg=813627.08, 90=883199, 99=890879, 99.9=890879, 99.99=890879] 
2019-05-30 21:46:33:502 1090 sec: 1337 operations; 1.2 current ops/sec; est completion in 2 minutes [READ: Count=12, Max=884223, Min=755200, Avg=816853.33, 90=879103, 99=884223, 99.9=884223, 99.99=884223] 
2019-05-30 21:46:43:502 1100 sec: 1349 operations; 1.2 current ops/sec; est completion in 2 minutes [READ: Count=12, Max=909823, Min=739840, Avg=817237.33, 90=870911, 99=909823, 99.9=909823, 99.99=909823] 
2019-05-30 21:46:53:502 1110 sec: 1362 operations; 1.3 current ops/sec; est completion in 1 minute [READ: Count=13, Max=871423, Min=729088, Avg=799133.54, 90=846335, 99=871423, 99.9=871423, 99.99=871423] 
2019-05-30 21:47:03:502 1120 sec: 1374 operations; 1.2 current ops/sec; est completion in 1 minute [READ: Count=12, Max=882175, Min=741376, Avg=806229.33, 90=875007, 99=882175, 99.9=882175, 99.99=882175] 
2019-05-30 21:47:13:502 1130 sec: 1387 operations; 1.3 current ops/sec; est completion in 1 minute [READ: Count=13, Max=956927, Min=685568, Avg=801890.46, 90=909311, 99=956927, 99.9=956927, 99.99=956927] 
2019-05-30 21:47:23:502 1140 sec: 1399 operations; 1.2 current ops/sec; est completion in 1 minute [READ: Count=12, Max=932863, Min=713728, Avg=808533.33, 90=867839, 99=932863, 99.9=932863, 99.99=932863] 
2019-05-30 21:47:33:502 1150 sec: 1411 operations; 1.2 current ops/sec; est completion in 1 minute [READ: Count=12, Max=907775, Min=735232, Avg=809856, 90=886783, 99=907775, 99.9=907775, 99.99=907775] 
2019-05-30 21:47:43:502 1160 sec: 1424 operations; 1.3 current ops/sec; est completion in 1 minute [READ: Count=13, Max=939519, Min=705536, Avg=791177.85, 90=847871, 99=939519, 99.9=939519, 99.99=939519] 
2019-05-30 21:47:53:502 1170 sec: 1436 operations; 1.2 current ops/sec; est completion in 53 seconds [READ: Count=12, Max=967679, Min=714752, Avg=815488, 90=885759, 99=967679, 99.9=967679, 99.99=967679] 
2019-05-30 21:48:03:502 1180 sec: 1448 operations; 1.2 current ops/sec; est completion in 43 seconds [READ: Count=12, Max=902143, Min=740352, Avg=812928, 90=888831, 99=902143, 99.9=902143, 99.99=902143] 
2019-05-30 21:48:13:502 1190 sec: 1460 operations; 1.2 current ops/sec; est completion in 33 seconds [READ: Count=12, Max=928255, Min=726016, Avg=844970.67, 90=893951, 99=928255, 99.9=928255, 99.99=928255] 
2019-05-30 21:48:23:502 1200 sec: 1473 operations; 1.3 current ops/sec; est completion in 22 seconds [READ: Count=13, Max=937983, Min=733696, Avg=808270.77, 90=873983, 99=937983, 99.9=937983, 99.99=937983] 
2019-05-30 21:48:33:502 1210 sec: 1484 operations; 1.1 current ops/sec; est completion in 14 seconds [READ: Count=11, Max=976895, Min=737792, Avg=847150.55, 90=920063, 99=976895, 99.9=976895, 99.99=976895] 
2019-05-30 21:48:43:502 1220 sec: 1497 operations; 1.3 current ops/sec; est completion in 3 second [READ: Count=13, Max=934399, Min=713728, Avg=811106.46, 90=870399, 99=934399, 99.9=934399, 99.99=934399] 
2019-05-30 21:48:45:658 1222 sec: 1500 operations; 1.39 current ops/sec; [READ: Count=3, Max=922111, Min=722432, Avg=818432, 90=922111, 99=922111, 99.9=922111, 99.99=922111] [CLEANUP: Count=1, Max=3, Min=3, Avg=3, 90=3, 99=3, 99.9=3, 99.99=3] 
