[OVERALL], RunTime(ms), 52836
[OVERALL], Throughput(ops/sec), 1.2112953289423878
[TOTAL_GCS_G1_Young_Generation], Count, 1
[TOTAL_GC_TIME_G1_Young_Generation], Time(ms), 14
[TOTAL_GC_TIME_%_G1_Young_Generation], Time(%), 0.026497085320614733
[TOTAL_GCS_G1_Old_Generation], Count, 0
[TOTAL_GC_TIME_G1_Old_Generation], Time(ms), 0
[TOTAL_GC_TIME_%_G1_Old_Generation], Time(%), 0.0
[TOTAL_GCs], Count, 1
[TOTAL_GC_TIME], Time(ms), 14
[TOTAL_GC_TIME_%], Time(%), 0.026497085320614733
[READ], Operations, 64
[READ], AverageLatency(us), 818680.0
[READ], MinLatency(us), 685568
[READ], MaxLatency(us), 965119
[READ], 95thPercentileLatency(us), 924671
[READ], 99thPercentileLatency(us), 940543
[READ], Return=OK, 64
[CLEANUP], Operations, 1
[CLEANUP], AverageLatency(us), 2.0
[CLEANUP], MinLatency(us), 2
[CLEANUP], MaxLatency(us), 2
[CLEANUP], 95thPercentileLatency(us), 2
[CLEANUP], 99thPercentileLatency(us), 2
