[WARN]  Running against a source checkout. In order to get our runtime dependencies we'll have to invoke Maven. Depending on the state of your system, this may take ~30-45 seconds
[DEBUG]  Running 'mvn -pl com.yahoo.ycsb:rest-binding -am package -DskipTests dependency:build-classpath -DincludeScope=compile -Dmdep.outputFilterFile=true'
WARNING: An illegal reflective access operation has occurred
WARNING: Illegal reflective access by com.google.inject.internal.cglib.core.$ReflectUtils$1 (file:/usr/share/maven/lib/guice.jar) to method java.lang.ClassLoader.defineClass(java.lang.String,byte[],int,int,java.security.ProtectionDomain)
WARNING: Please consider reporting this to the maintainers of com.google.inject.internal.cglib.core.$ReflectUtils$1
WARNING: Use --illegal-access=warn to enable warnings of further illegal reflective access operations
WARNING: All illegal access operations will be denied in a future release
java -cp /home/ubuntu/YCSB/rest/conf:/home/ubuntu/YCSB/rest/target/rest-binding-0.16.0-SNAPSHOT.jar:/home/ubuntu/.m2/repository/org/hdrhistogram/HdrHistogram/2.1.4/HdrHistogram-2.1.4.jar:/home/ubuntu/.m2/repository/org/glassfish/hk2/external/javax.inject/2.2.0/javax.inject-2.2.0.jar:/home/ubuntu/.m2/repository/com/github/stefanbirkner/system-rules/1.16.0/system-rules-1.16.0.jar:/home/ubuntu/.m2/repository/org/codehaus/jackson/jackson-core-asl/1.9.4/jackson-core-asl-1.9.4.jar:/home/ubuntu/.m2/repository/org/glassfish/jersey/core/jersey-server/2.6/jersey-server-2.6.jar:/home/ubuntu/YCSB/core/target/core-0.16.0-SNAPSHOT.jar:/home/ubuntu/.m2/repository/org/glassfish/hk2/hk2-api/2.2.0/hk2-api-2.2.0.jar:/home/ubuntu/.m2/repository/javax/ws/rs/javax.ws.rs-api/2.0/javax.ws.rs-api-2.0.jar:/home/ubuntu/.m2/repository/org/glassfish/hk2/hk2-locator/2.2.0/hk2-locator-2.2.0.jar:/home/ubuntu/.m2/repository/org/eclipse/jdt/core/compiler/ecj/4.4.2/ecj-4.4.2.jar:/home/ubuntu/.m2/repository/org/codehaus/jackson/jackson-mapper-asl/1.9.4/jackson-mapper-asl-1.9.4.jar:/home/ubuntu/.m2/repository/org/glassfish/jersey/bundles/repackaged/jersey-guava/2.6/jersey-guava-2.6.jar:/home/ubuntu/.m2/repository/org/glassfish/hk2/external/aopalliance-repackaged/2.2.0/aopalliance-repackaged-2.2.0.jar:/home/ubuntu/.m2/repository/org/javassist/javassist/3.18.1-GA/javassist-3.18.1-GA.jar:/home/ubuntu/.m2/repository/javax/annotation/javax.annotation-api/1.2/javax.annotation-api-1.2.jar:/home/ubuntu/.m2/repository/org/apache/htrace/htrace-core4/4.1.0-incubating/htrace-core4-4.1.0-incubating.jar:/home/ubuntu/.m2/repository/org/apache/tomcat/embed/tomcat-embed-logging-log4j/8.0.28/tomcat-embed-logging-log4j-8.0.28.jar:/home/ubuntu/.m2/repository/org/apache/tomcat/embed/tomcat-embed-el/8.0.28/tomcat-embed-el-8.0.28.jar:/home/ubuntu/.m2/repository/org/apache/tomcat/embed/tomcat-embed-logging-juli/8.0.28/tomcat-embed-logging-juli-8.0.28.jar:/home/ubuntu/.m2/repository/org/apache/tomcat/embed/tomcat-embed-core/8.0.28/tomcat-embed-core-8.0.28.jar:/home/ubuntu/.m2/repository/org/glassfish/hk2/osgi-resource-locator/1.0.1/osgi-resource-locator-1.0.1.jar:/home/ubuntu/.m2/repository/commons-codec/commons-codec/1.9/commons-codec-1.9.jar:/home/ubuntu/.m2/repository/org/glassfish/jersey/core/jersey-client/2.6/jersey-client-2.6.jar:/home/ubuntu/.m2/repository/org/apache/tomcat/embed/tomcat-embed-websocket/8.0.28/tomcat-embed-websocket-8.0.28.jar:/home/ubuntu/.m2/repository/commons-logging/commons-logging/1.2/commons-logging-1.2.jar:/home/ubuntu/.m2/repository/org/glassfish/hk2/hk2-utils/2.2.0/hk2-utils-2.2.0.jar:/home/ubuntu/.m2/repository/javax/validation/validation-api/1.1.0.Final/validation-api-1.1.0.Final.jar:/home/ubuntu/.m2/repository/org/apache/httpcomponents/httpclient/4.5.1/httpclient-4.5.1.jar:/home/ubuntu/.m2/repository/org/apache/tomcat/tomcat-dbcp/8.0.28/tomcat-dbcp-8.0.28.jar:/home/ubuntu/.m2/repository/org/glassfish/jersey/containers/jersey-container-servlet-core/2.6/jersey-container-servlet-core-2.6.jar:/home/ubuntu/.m2/repository/org/apache/tomcat/embed/tomcat-embed-jasper/8.0.28/tomcat-embed-jasper-8.0.28.jar:/home/ubuntu/.m2/repository/org/glassfish/jersey/core/jersey-common/2.6/jersey-common-2.6.jar:/home/ubuntu/.m2/repository/org/apache/httpcomponents/httpcore/4.4.4/httpcore-4.4.4.jar com.yahoo.ycsb.Client -db com.yahoo.ycsb.webservice.rest.RestClient -s -P workloads/rest_workload -t
Command line: -db com.yahoo.ycsb.webservice.rest.RestClient -s -P workloads/rest_workload -t
YCSB Client 0.16.0-SNAPSHOT

Loading workload...
Starting test.
2019-05-30 21:54:27:825 0 sec: 0 operations; est completion in 0 second 
DBWrapper: report latency for each error is false and specific error codes to track for latency are: []
2019-05-30 21:54:37:768 10 sec: 11 operations; 1.1 current ops/sec; est completion in 22 minutes [READ: Count=11, Max=923647, Min=720384, Avg=815872, 90=892927, 99=923647, 99.9=923647, 99.99=923647] 
2019-05-30 21:54:47:766 20 sec: 23 operations; 1.2 current ops/sec; est completion in 21 minutes [READ: Count=12, Max=924159, Min=717312, Avg=822186.67, 90=922623, 99=924159, 99.9=924159, 99.99=924159] 
2019-05-30 21:54:57:766 30 sec: 36 operations; 1.3 current ops/sec; est completion in 20 minutes [READ: Count=13, Max=945663, Min=728576, Avg=825993.85, 90=912895, 99=945663, 99.9=945663, 99.99=945663] 
2019-05-30 21:55:07:766 40 sec: 48 operations; 1.2 current ops/sec; est completion in 20 minutes [READ: Count=12, Max=841215, Min=741376, Avg=792960, 90=836095, 99=841215, 99.9=841215, 99.99=841215] 
2019-05-30 21:55:17:767 50 sec: 60 operations; 1.2 current ops/sec; est completion in 20 minutes [READ: Count=12, Max=1004031, Min=724992, Avg=837802.67, 90=917503, 99=1004031, 99.9=1004031, 99.99=1004031] 
2019-05-30 21:55:27:766 60 sec: 72 operations; 1.2 current ops/sec; est completion in 19 minutes [READ: Count=12, Max=885247, Min=740864, Avg=812629.33, 90=868351, 99=885247, 99.9=885247, 99.99=885247] 
2019-05-30 21:55:37:766 70 sec: 85 operations; 1.3 current ops/sec; est completion in 19 minutes [READ: Count=13, Max=881663, Min=735232, Avg=801299.69, 90=863743, 99=881663, 99.9=881663, 99.99=881663] 
2019-05-30 21:55:47:766 80 sec: 97 operations; 1.2 current ops/sec; est completion in 19 minutes [READ: Count=12, Max=932863, Min=721408, Avg=816469.33, 90=881663, 99=932863, 99.9=932863, 99.99=932863] 
2019-05-30 21:55:57:766 90 sec: 110 operations; 1.3 current ops/sec; est completion in 18 minutes [READ: Count=13, Max=905215, Min=743936, Avg=802796.31, 90=842239, 99=905215, 99.9=905215, 99.99=905215] 
2019-05-30 21:56:07:766 100 sec: 122 operations; 1.2 current ops/sec; est completion in 18 minutes [READ: Count=12, Max=952319, Min=698880, Avg=794666.67, 90=850943, 99=952319, 99.9=952319, 99.99=952319] 
2019-05-30 21:56:17:766 110 sec: 135 operations; 1.3 current ops/sec; est completion in 18 minutes [READ: Count=13, Max=930303, Min=711168, Avg=803820.31, 90=903167, 99=930303, 99.9=930303, 99.99=930303] 
2019-05-30 21:56:27:766 120 sec: 147 operations; 1.2 current ops/sec; est completion in 18 minutes [READ: Count=12, Max=914943, Min=726528, Avg=830549.33, 90=903167, 99=914943, 99.9=914943, 99.99=914943] 
2019-05-30 21:56:37:766 130 sec: 159 operations; 1.2 current ops/sec; est completion in 18 minutes [READ: Count=12, Max=884223, Min=740864, Avg=804522.67, 90=863743, 99=884223, 99.9=884223, 99.99=884223] 
2019-05-30 21:56:47:766 140 sec: 171 operations; 1.2 current ops/sec; est completion in 18 minutes [READ: Count=12, Max=922623, Min=725504, Avg=825130.67, 90=900607, 99=922623, 99.9=922623, 99.99=922623] 
2019-05-30 21:56:57:766 150 sec: 183 operations; 1.2 current ops/sec; est completion in 18 minutes [READ: Count=12, Max=967167, Min=741376, Avg=810496, 90=850431, 99=967167, 99.9=967167, 99.99=967167] 
2019-05-30 21:57:07:766 160 sec: 196 operations; 1.3 current ops/sec; est completion in 17 minutes [READ: Count=13, Max=881663, Min=728576, Avg=818038.15, 90=881151, 99=881663, 99.9=881663, 99.99=881663] 
2019-05-30 21:57:17:766 170 sec: 208 operations; 1.2 current ops/sec; est completion in 17 minutes [READ: Count=12, Max=906751, Min=744448, Avg=817834.67, 90=882687, 99=906751, 99.9=906751, 99.99=906751] 
2019-05-30 21:57:27:767 180 sec: 220 operations; 1.2 current ops/sec; est completion in 17 minutes [READ: Count=12, Max=878079, Min=791040, Avg=819669.33, 90=869375, 99=878079, 99.9=878079, 99.99=878079] 
2019-05-30 21:57:37:766 190 sec: 233 operations; 1.3 current ops/sec; est completion in 17 minutes [READ: Count=13, Max=952319, Min=742400, Avg=799842.46, 90=865791, 99=952319, 99.9=952319, 99.99=952319] 
2019-05-30 21:57:47:766 200 sec: 245 operations; 1.2 current ops/sec; est completion in 17 minutes [READ: Count=12, Max=865791, Min=777216, Avg=825600, 90=861183, 99=865791, 99.9=865791, 99.99=865791] 
2019-05-30 21:57:57:766 210 sec: 257 operations; 1.2 current ops/sec; est completion in 16 minutes [READ: Count=12, Max=937983, Min=721920, Avg=811434.67, 90=888319, 99=937983, 99.9=937983, 99.99=937983] 
2019-05-30 21:58:07:766 220 sec: 269 operations; 1.2 current ops/sec; est completion in 16 minutes [READ: Count=12, Max=919039, Min=760832, Avg=835626.67, 90=878591, 99=919039, 99.9=919039, 99.99=919039] 
2019-05-30 21:58:17:766 230 sec: 281 operations; 1.2 current ops/sec; est completion in 16 minutes [READ: Count=12, Max=937471, Min=717824, Avg=822826.67, 90=916479, 99=937471, 99.9=937471, 99.99=937471] 
2019-05-30 21:58:27:768 240 sec: 293 operations; 1.2 current ops/sec; est completion in 16 minutes [READ: Count=12, Max=940543, Min=720896, Avg=822912, 90=918527, 99=940543, 99.9=940543, 99.99=940543] 
2019-05-30 21:58:37:766 250 sec: 306 operations; 1.3 current ops/sec; est completion in 16 minutes [READ: Count=13, Max=946687, Min=711680, Avg=809294.77, 90=863743, 99=946687, 99.9=946687, 99.99=946687] 
2019-05-30 21:58:47:766 260 sec: 318 operations; 1.2 current ops/sec; est completion in 16 minutes [READ: Count=12, Max=934911, Min=736256, Avg=815957.33, 90=900607, 99=934911, 99.9=934911, 99.99=934911] 
2019-05-30 21:58:57:766 270 sec: 330 operations; 1.2 current ops/sec; est completion in 15 minutes [READ: Count=12, Max=927231, Min=723968, Avg=813824, 90=871935, 99=927231, 99.9=927231, 99.99=927231] 
2019-05-30 21:59:07:766 280 sec: 342 operations; 1.2 current ops/sec; est completion in 15 minutes [READ: Count=12, Max=945663, Min=751104, Avg=829397.33, 90=883199, 99=945663, 99.9=945663, 99.99=945663] 
2019-05-30 21:59:17:767 290 sec: 355 operations; 1.3 current ops/sec; est completion in 15 minutes [READ: Count=13, Max=893439, Min=751616, Avg=803268.92, 90=870911, 99=893439, 99.9=893439, 99.99=893439] 
2019-05-30 21:59:27:766 300 sec: 367 operations; 1.2 current ops/sec; est completion in 15 minutes [READ: Count=12, Max=950783, Min=721408, Avg=809685.33, 90=879615, 99=950783, 99.9=950783, 99.99=950783] 
2019-05-30 21:59:37:767 310 sec: 379 operations; 1.2 current ops/sec; est completion in 15 minutes [READ: Count=12, Max=938495, Min=719872, Avg=838784, 90=903167, 99=938495, 99.9=938495, 99.99=938495] 
2019-05-30 21:59:47:767 320 sec: 391 operations; 1.2 current ops/sec; est completion in 15 minutes [READ: Count=12, Max=867327, Min=762880, Avg=812544, 90=864255, 99=867327, 99.9=867327, 99.99=867327] 
2019-05-30 21:59:57:766 330 sec: 404 operations; 1.3 current ops/sec; est completion in 14 minutes [READ: Count=13, Max=901119, Min=745984, Avg=812878.77, 90=890367, 99=901119, 99.9=901119, 99.99=901119] 
2019-05-30 22:00:07:766 340 sec: 416 operations; 1.2 current ops/sec; est completion in 14 minutes [READ: Count=12, Max=878591, Min=724480, Avg=805034.67, 90=855551, 99=878591, 99.9=878591, 99.99=878591] 
2019-05-30 22:00:17:766 350 sec: 428 operations; 1.2 current ops/sec; est completion in 14 minutes [READ: Count=12, Max=869375, Min=722944, Avg=808405.33, 90=865279, 99=869375, 99.9=869375, 99.99=869375] 
2019-05-30 22:00:27:768 360 sec: 441 operations; 1.3 current ops/sec; est completion in 14 minutes [READ: Count=13, Max=896511, Min=764416, Avg=802717.54, 90=870911, 99=896511, 99.9=896511, 99.99=896511] 
2019-05-30 22:00:37:767 370 sec: 453 operations; 1.2 current ops/sec; est completion in 14 minutes [READ: Count=12, Max=952831, Min=725504, Avg=836352, 90=909311, 99=952831, 99.9=952831, 99.99=952831] 
2019-05-30 22:00:47:766 380 sec: 465 operations; 1.2 current ops/sec; est completion in 14 minutes [READ: Count=12, Max=895487, Min=769024, Avg=820309.33, 90=870399, 99=895487, 99.9=895487, 99.99=895487] 
2019-05-30 22:00:57:767 390 sec: 477 operations; 1.2 current ops/sec; est completion in 13 minutes [READ: Count=12, Max=904191, Min=739328, Avg=817066.67, 90=880127, 99=904191, 99.9=904191, 99.99=904191] 
2019-05-30 22:01:07:766 400 sec: 490 operations; 1.3 current ops/sec; est completion in 13 minutes [READ: Count=13, Max=876031, Min=714240, Avg=805316.92, 90=867839, 99=876031, 99.9=876031, 99.99=876031] 
2019-05-30 22:01:17:767 410 sec: 502 operations; 1.2 current ops/sec; est completion in 13 minutes [READ: Count=12, Max=871423, Min=738816, Avg=805674.67, 90=850431, 99=871423, 99.9=871423, 99.99=871423] 
2019-05-30 22:01:27:767 420 sec: 514 operations; 1.2 current ops/sec; est completion in 13 minutes [READ: Count=12, Max=882687, Min=717312, Avg=799573.33, 90=879615, 99=882687, 99.9=882687, 99.99=882687] 
2019-05-30 22:01:37:766 430 sec: 527 operations; 1.3 current ops/sec; est completion in 13 minutes [READ: Count=13, Max=941055, Min=725504, Avg=823512.62, 90=897023, 99=941055, 99.9=941055, 99.99=941055] 
2019-05-30 22:01:47:766 440 sec: 539 operations; 1.2 current ops/sec; est completion in 13 minutes [READ: Count=12, Max=931839, Min=723456, Avg=801877.33, 90=878591, 99=931839, 99.9=931839, 99.99=931839] 
2019-05-30 22:01:57:766 450 sec: 551 operations; 1.2 current ops/sec; est completion in 12 minutes [READ: Count=12, Max=947711, Min=742400, Avg=839296, 90=927231, 99=947711, 99.9=947711, 99.99=947711] 
2019-05-30 22:02:07:766 460 sec: 563 operations; 1.2 current ops/sec; est completion in 12 minutes [READ: Count=12, Max=898559, Min=696320, Avg=802304, 90=863231, 99=898559, 99.9=898559, 99.99=898559] 
2019-05-30 22:02:17:766 470 sec: 576 operations; 1.3 current ops/sec; est completion in 12 minutes [READ: Count=13, Max=966143, Min=749568, Avg=829105.23, 90=900607, 99=966143, 99.9=966143, 99.99=966143] 
2019-05-30 22:02:27:766 480 sec: 588 operations; 1.2 current ops/sec; est completion in 12 minutes [READ: Count=12, Max=985087, Min=735232, Avg=824832, 90=946687, 99=985087, 99.9=985087, 99.99=985087] 
2019-05-30 22:02:37:766 490 sec: 600 operations; 1.2 current ops/sec; est completion in 12 minutes [READ: Count=12, Max=909311, Min=726528, Avg=815658.67, 90=868351, 99=909311, 99.9=909311, 99.99=909311] 
2019-05-30 22:02:47:766 500 sec: 612 operations; 1.2 current ops/sec; est completion in 12 minutes [READ: Count=12, Max=929791, Min=736768, Avg=816042.67, 90=895999, 99=929791, 99.9=929791, 99.99=929791] 
2019-05-30 22:02:57:768 510 sec: 624 operations; 1.2 current ops/sec; est completion in 11 minutes [READ: Count=12, Max=964095, Min=736768, Avg=825642.67, 90=903679, 99=964095, 99.9=964095, 99.99=964095] 
2019-05-30 22:03:07:766 520 sec: 636 operations; 1.2 current ops/sec; est completion in 11 minutes [READ: Count=12, Max=931839, Min=733696, Avg=825728, 90=896511, 99=931839, 99.9=931839, 99.99=931839] 
2019-05-30 22:03:17:766 530 sec: 649 operations; 1.3 current ops/sec; est completion in 11 minutes [READ: Count=13, Max=956415, Min=720896, Avg=808231.38, 90=860671, 99=956415, 99.9=956415, 99.99=956415] 
2019-05-30 22:03:27:766 540 sec: 661 operations; 1.2 current ops/sec; est completion in 11 minutes [READ: Count=12, Max=932863, Min=729088, Avg=831104, 90=871935, 99=932863, 99.9=932863, 99.99=932863] 
2019-05-30 22:03:37:766 550 sec: 673 operations; 1.2 current ops/sec; est completion in 11 minutes [READ: Count=12, Max=998399, Min=727552, Avg=819541.33, 90=893951, 99=998399, 99.9=998399, 99.99=998399] 
2019-05-30 22:03:47:766 560 sec: 685 operations; 1.2 current ops/sec; est completion in 11 minutes [READ: Count=12, Max=954879, Min=711168, Avg=814805.33, 90=898559, 99=954879, 99.9=954879, 99.99=954879] 
2019-05-30 22:03:57:766 570 sec: 697 operations; 1.2 current ops/sec; est completion in 10 minutes [READ: Count=12, Max=898559, Min=772096, Avg=825045.33, 90=878079, 99=898559, 99.9=898559, 99.99=898559] 
2019-05-30 22:04:07:766 580 sec: 709 operations; 1.2 current ops/sec; est completion in 10 minutes [READ: Count=12, Max=904703, Min=726016, Avg=827776, 90=871423, 99=904703, 99.9=904703, 99.99=904703] 
2019-05-30 22:04:17:767 590 sec: 722 operations; 1.3 current ops/sec; est completion in 10 minutes [READ: Count=13, Max=929791, Min=708608, Avg=814217.85, 90=907775, 99=929791, 99.9=929791, 99.99=929791] 
2019-05-30 22:04:27:766 600 sec: 734 operations; 1.2 current ops/sec; est completion in 10 minutes [READ: Count=12, Max=892927, Min=712192, Avg=823338.67, 90=868351, 99=892927, 99.9=892927, 99.99=892927] 
2019-05-30 22:04:37:766 610 sec: 746 operations; 1.2 current ops/sec; est completion in 10 minutes [READ: Count=12, Max=919551, Min=736256, Avg=813312, 90=865279, 99=919551, 99.9=919551, 99.99=919551] 
2019-05-30 22:04:47:766 620 sec: 758 operations; 1.2 current ops/sec; est completion in 10 minutes [READ: Count=12, Max=1040383, Min=729600, Avg=829525.33, 90=900095, 99=1040383, 99.9=1040383, 99.99=1040383] 
2019-05-30 22:04:57:766 630 sec: 771 operations; 1.3 current ops/sec; est completion in 9 minutes [READ: Count=13, Max=894463, Min=708096, Avg=802678.15, 90=866303, 99=894463, 99.9=894463, 99.99=894463] 
2019-05-30 22:05:07:766 640 sec: 782 operations; 1.1 current ops/sec; est completion in 9 minutes [READ: Count=11, Max=943103, Min=739328, Avg=842496, 90=909823, 99=943103, 99.9=943103, 99.99=943103] 
2019-05-30 22:05:17:766 650 sec: 795 operations; 1.3 current ops/sec; est completion in 9 minutes [READ: Count=13, Max=936447, Min=733184, Avg=804765.54, 90=882687, 99=936447, 99.9=936447, 99.99=936447] 
2019-05-30 22:05:27:766 660 sec: 807 operations; 1.2 current ops/sec; est completion in 9 minutes [READ: Count=12, Max=1016319, Min=746496, Avg=842282.67, 90=944639, 99=1016319, 99.9=1016319, 99.99=1016319] 
2019-05-30 22:05:37:766 670 sec: 819 operations; 1.2 current ops/sec; est completion in 9 minutes [READ: Count=12, Max=912383, Min=724992, Avg=808704, 90=895487, 99=912383, 99.9=912383, 99.99=912383] 
2019-05-30 22:05:47:766 680 sec: 832 operations; 1.3 current ops/sec; est completion in 9 minutes [READ: Count=13, Max=937471, Min=718848, Avg=808979.69, 90=904191, 99=937471, 99.9=937471, 99.99=937471] 
2019-05-30 22:05:57:766 690 sec: 844 operations; 1.2 current ops/sec; est completion in 8 minutes [READ: Count=12, Max=886783, Min=707072, Avg=801493.33, 90=859647, 99=886783, 99.9=886783, 99.99=886783] 
2019-05-30 22:06:07:766 700 sec: 856 operations; 1.2 current ops/sec; est completion in 8 minutes [READ: Count=12, Max=881663, Min=726016, Avg=820138.67, 90=880639, 99=881663, 99.9=881663, 99.99=881663] 
2019-05-30 22:06:17:766 710 sec: 869 operations; 1.3 current ops/sec; est completion in 8 minutes [READ: Count=13, Max=900607, Min=690176, Avg=812169.85, 90=858111, 99=900607, 99.9=900607, 99.99=900607] 
2019-05-30 22:06:27:766 720 sec: 880 operations; 1.1 current ops/sec; est completion in 8 minutes [READ: Count=11, Max=937471, Min=743936, Avg=837003.64, 90=891903, 99=937471, 99.9=937471, 99.99=937471] 
2019-05-30 22:06:37:766 730 sec: 893 operations; 1.3 current ops/sec; est completion in 8 minutes [READ: Count=13, Max=945663, Min=749056, Avg=814257.23, 90=856063, 99=945663, 99.9=945663, 99.99=945663] 
2019-05-30 22:06:47:766 740 sec: 905 operations; 1.2 current ops/sec; est completion in 8 minutes [READ: Count=12, Max=913919, Min=717824, Avg=812501.33, 90=873983, 99=913919, 99.9=913919, 99.99=913919] 
2019-05-30 22:06:57:766 750 sec: 917 operations; 1.2 current ops/sec; est completion in 7 minutes [READ: Count=12, Max=954879, Min=733696, Avg=810666.67, 90=911359, 99=954879, 99.9=954879, 99.99=954879] 
2019-05-30 22:07:07:766 760 sec: 930 operations; 1.3 current ops/sec; est completion in 7 minutes [READ: Count=13, Max=932863, Min=741376, Avg=818510.77, 90=926719, 99=932863, 99.9=932863, 99.99=932863] 
2019-05-30 22:07:17:766 770 sec: 942 operations; 1.2 current ops/sec; est completion in 7 minutes [READ: Count=12, Max=914431, Min=758272, Avg=821845.33, 90=883199, 99=914431, 99.9=914431, 99.99=914431] 
2019-05-30 22:07:27:766 780 sec: 954 operations; 1.2 current ops/sec; est completion in 7 minutes [READ: Count=12, Max=1029119, Min=736256, Avg=847872, 90=922623, 99=1029119, 99.9=1029119, 99.99=1029119] 
2019-05-30 22:07:37:766 790 sec: 966 operations; 1.2 current ops/sec; est completion in 7 minutes [READ: Count=12, Max=898559, Min=720896, Avg=827776, 90=890879, 99=898559, 99.9=898559, 99.99=898559] 
2019-05-30 22:07:47:766 800 sec: 977 operations; 1.1 current ops/sec; est completion in 7 minutes [READ: Count=11, Max=960511, Min=751616, Avg=845707.64, 90=914431, 99=960511, 99.9=960511, 99.99=960511] 
2019-05-30 22:07:57:766 810 sec: 989 operations; 1.2 current ops/sec; est completion in 6 minutes [READ: Count=12, Max=930815, Min=742400, Avg=844586.67, 90=916991, 99=930815, 99.9=930815, 99.99=930815] 
2019-05-30 22:08:07:766 820 sec: 1002 operations; 1.3 current ops/sec; est completion in 6 minutes [READ: Count=13, Max=947711, Min=741888, Avg=801693.54, 90=867327, 99=947711, 99.9=947711, 99.99=947711] 
2019-05-30 22:08:17:766 830 sec: 1014 operations; 1.2 current ops/sec; est completion in 6 minutes [READ: Count=12, Max=972287, Min=718848, Avg=820480, 90=947711, 99=972287, 99.9=972287, 99.99=972287] 
2019-05-30 22:08:27:766 840 sec: 1026 operations; 1.2 current ops/sec; est completion in 6 minutes [READ: Count=12, Max=967679, Min=731648, Avg=824576, 90=913407, 99=967679, 99.9=967679, 99.99=967679] 
2019-05-30 22:08:37:766 850 sec: 1039 operations; 1.3 current ops/sec; est completion in 6 minutes [READ: Count=13, Max=866303, Min=741376, Avg=808979.69, 90=862719, 99=866303, 99.9=866303, 99.99=866303] 
2019-05-30 22:08:47:766 860 sec: 1051 operations; 1.2 current ops/sec; est completion in 6 minutes [READ: Count=12, Max=908287, Min=747008, Avg=822357.33, 90=878591, 99=908287, 99.9=908287, 99.99=908287] 
2019-05-30 22:08:57:766 870 sec: 1063 operations; 1.2 current ops/sec; est completion in 5 minutes [READ: Count=12, Max=901119, Min=734720, Avg=807552, 90=880639, 99=901119, 99.9=901119, 99.99=901119] 
2019-05-30 22:09:07:766 880 sec: 1075 operations; 1.2 current ops/sec; est completion in 5 minutes [READ: Count=12, Max=906751, Min=727552, Avg=817024, 90=886271, 99=906751, 99.9=906751, 99.99=906751] 
2019-05-30 22:09:17:766 890 sec: 1088 operations; 1.3 current ops/sec; est completion in 5 minutes [READ: Count=13, Max=944127, Min=703488, Avg=806025.85, 90=881151, 99=944127, 99.9=944127, 99.99=944127] 
2019-05-30 22:09:27:766 900 sec: 1100 operations; 1.2 current ops/sec; est completion in 5 minutes [READ: Count=12, Max=934911, Min=732160, Avg=838741.33, 90=934399, 99=934911, 99.9=934911, 99.99=934911] 
2019-05-30 22:09:37:766 910 sec: 1112 operations; 1.2 current ops/sec; est completion in 5 minutes [READ: Count=12, Max=935935, Min=741376, Avg=828757.33, 90=914431, 99=935935, 99.9=935935, 99.99=935935] 
2019-05-30 22:09:47:766 920 sec: 1124 operations; 1.2 current ops/sec; est completion in 5 minutes [READ: Count=12, Max=963071, Min=739840, Avg=820266.67, 90=898047, 99=963071, 99.9=963071, 99.99=963071] 
2019-05-30 22:09:57:766 930 sec: 1136 operations; 1.2 current ops/sec; est completion in 4 minutes [READ: Count=12, Max=940031, Min=713728, Avg=802688, 90=851967, 99=940031, 99.9=940031, 99.99=940031] 
2019-05-30 22:10:07:766 940 sec: 1148 operations; 1.2 current ops/sec; est completion in 4 minutes [READ: Count=12, Max=921087, Min=725504, Avg=836522.67, 90=914943, 99=921087, 99.9=921087, 99.99=921087] 
2019-05-30 22:10:17:767 950 sec: 1161 operations; 1.3 current ops/sec; est completion in 4 minutes [READ: Count=13, Max=941055, Min=726528, Avg=812957.54, 90=907775, 99=941055, 99.9=941055, 99.99=941055] 
2019-05-30 22:10:27:766 960 sec: 1173 operations; 1.2 current ops/sec; est completion in 4 minutes [READ: Count=12, Max=997887, Min=721408, Avg=834389.33, 90=941567, 99=997887, 99.9=997887, 99.99=997887] 
2019-05-30 22:10:37:766 970 sec: 1185 operations; 1.2 current ops/sec; est completion in 4 minutes [READ: Count=12, Max=902143, Min=716800, Avg=793728, 90=878079, 99=902143, 99.9=902143, 99.99=902143] 
2019-05-30 22:10:47:766 980 sec: 1197 operations; 1.2 current ops/sec; est completion in 4 minutes [READ: Count=12, Max=936447, Min=719360, Avg=828928, 90=910847, 99=936447, 99.9=936447, 99.99=936447] 
2019-05-30 22:10:57:766 990 sec: 1210 operations; 1.3 current ops/sec; est completion in 3 minutes [READ: Count=13, Max=855551, Min=710656, Avg=802363.08, 90=836095, 99=855551, 99.9=855551, 99.99=855551] 
2019-05-30 22:11:07:767 1000 sec: 1222 operations; 1.2 current ops/sec; est completion in 3 minutes [READ: Count=12, Max=929791, Min=709632, Avg=828501.33, 90=910335, 99=929791, 99.9=929791, 99.99=929791] 
2019-05-30 22:11:17:766 1010 sec: 1234 operations; 1.2 current ops/sec; est completion in 3 minutes [READ: Count=12, Max=906239, Min=736768, Avg=804096, 90=891391, 99=906239, 99.9=906239, 99.99=906239] 
2019-05-30 22:11:27:766 1020 sec: 1246 operations; 1.2 current ops/sec; est completion in 3 minutes [READ: Count=12, Max=924159, Min=709632, Avg=815061.33, 90=911871, 99=924159, 99.9=924159, 99.99=924159] 
2019-05-30 22:11:37:766 1030 sec: 1259 operations; 1.3 current ops/sec; est completion in 3 minutes [READ: Count=13, Max=913407, Min=741376, Avg=825206.15, 90=891903, 99=913407, 99.9=913407, 99.99=913407] 
2019-05-30 22:11:47:766 1040 sec: 1271 operations; 1.2 current ops/sec; est completion in 3 minutes [READ: Count=12, Max=895999, Min=728064, Avg=812160, 90=882687, 99=895999, 99.9=895999, 99.99=895999] 
2019-05-30 22:11:57:774 1050 sec: 1283 operations; 1.2 current ops/sec; est completion in 2 minutes [READ: Count=12, Max=916991, Min=729600, Avg=834901.33, 90=902655, 99=916991, 99.9=916991, 99.99=916991] 
2019-05-30 22:12:07:766 1060 sec: 1295 operations; 1.2 current ops/sec; est completion in 2 minutes [READ: Count=12, Max=950783, Min=786432, Avg=848810.67, 90=941055, 99=950783, 99.9=950783, 99.99=950783] 
2019-05-30 22:12:17:766 1070 sec: 1307 operations; 1.2 current ops/sec; est completion in 2 minutes [READ: Count=12, Max=909311, Min=716800, Avg=816256, 90=903167, 99=909311, 99.9=909311, 99.99=909311] 
2019-05-30 22:12:27:766 1080 sec: 1319 operations; 1.2 current ops/sec; est completion in 2 minutes [READ: Count=12, Max=972799, Min=704000, Avg=816085.33, 90=954367, 99=972799, 99.9=972799, 99.99=972799] 
2019-05-30 22:12:37:766 1090 sec: 1331 operations; 1.2 current ops/sec; est completion in 2 minutes [READ: Count=12, Max=965631, Min=747008, Avg=819669.33, 90=958975, 99=965631, 99.9=965631, 99.99=965631] 
2019-05-30 22:12:47:766 1100 sec: 1344 operations; 1.3 current ops/sec; est completion in 2 minutes [READ: Count=13, Max=942591, Min=720896, Avg=806971.08, 90=868351, 99=942591, 99.9=942591, 99.99=942591] 
2019-05-30 22:12:57:766 1110 sec: 1356 operations; 1.2 current ops/sec; est completion in 1 minute [READ: Count=12, Max=970751, Min=735744, Avg=839040, 90=945663, 99=970751, 99.9=970751, 99.99=970751] 
2019-05-30 22:13:07:768 1120 sec: 1368 operations; 1.2 current ops/sec; est completion in 1 minute [READ: Count=12, Max=927743, Min=758784, Avg=835669.33, 90=881663, 99=927743, 99.9=927743, 99.99=927743] 
2019-05-30 22:13:17:766 1130 sec: 1380 operations; 1.2 current ops/sec; est completion in 1 minute [READ: Count=12, Max=924671, Min=727040, Avg=805802.67, 90=911871, 99=924671, 99.9=924671, 99.99=924671] 
2019-05-30 22:13:27:769 1140 sec: 1392 operations; 1.2 current ops/sec; est completion in 1 minute [READ: Count=12, Max=957439, Min=740352, Avg=814208, 90=872959, 99=957439, 99.9=957439, 99.99=957439] 
2019-05-30 22:13:37:766 1150 sec: 1404 operations; 1.2 current ops/sec; est completion in 1 minute [READ: Count=12, Max=972287, Min=727040, Avg=842624, 90=933887, 99=972287, 99.9=972287, 99.99=972287] 
2019-05-30 22:13:47:766 1160 sec: 1416 operations; 1.2 current ops/sec; est completion in 1 minute [READ: Count=12, Max=901119, Min=699904, Avg=819840, 90=893951, 99=901119, 99.9=901119, 99.99=901119] 
2019-05-30 22:13:57:770 1170 sec: 1429 operations; 1.3 current ops/sec; est completion in 59 seconds [READ: Count=13, Max=926719, Min=735232, Avg=810791.38, 90=883199, 99=926719, 99.9=926719, 99.99=926719] 
2019-05-30 22:14:07:766 1180 sec: 1441 operations; 1.2 current ops/sec; est completion in 49 seconds [READ: Count=12, Max=963071, Min=732672, Avg=838314.67, 90=909823, 99=963071, 99.9=963071, 99.99=963071] 
2019-05-30 22:14:17:766 1190 sec: 1453 operations; 1.2 current ops/sec; est completion in 39 seconds [READ: Count=12, Max=930815, Min=742400, Avg=821674.67, 90=869887, 99=930815, 99.9=930815, 99.99=930815] 
2019-05-30 22:14:27:766 1200 sec: 1465 operations; 1.2 current ops/sec; est completion in 29 seconds [READ: Count=12, Max=965631, Min=731136, Avg=841002.67, 90=956927, 99=965631, 99.9=965631, 99.99=965631] 
2019-05-30 22:14:37:766 1210 sec: 1477 operations; 1.2 current ops/sec; est completion in 19 seconds [READ: Count=12, Max=992767, Min=740352, Avg=833749.33, 90=912383, 99=992767, 99.9=992767, 99.99=992767] 
2019-05-30 22:14:47:766 1220 sec: 1489 operations; 1.2 current ops/sec; est completion in 10 seconds [READ: Count=12, Max=924671, Min=745984, Avg=828757.33, 90=923135, 99=924671, 99.9=924671, 99.99=924671] 
2019-05-30 22:14:56:778 1229 sec: 1500 operations; 1.22 current ops/sec; [READ: Count=11, Max=914431, Min=729088, Avg=834024.73, 90=887295, 99=914431, 99.9=914431, 99.99=914431] [CLEANUP: Count=1, Max=3, Min=3, Avg=3, 90=3, 99=3, 99.9=3, 99.99=3] 
