[OVERALL], RunTime(ms), 1163290
[OVERALL], Throughput(ops/sec), 1.289446311753733
[TOTAL_GCS_G1_Young_Generation], Count, 6
[TOTAL_GC_TIME_G1_Young_Generation], Time(ms), 117
[TOTAL_GC_TIME_%_G1_Young_Generation], Time(%), 0.010057681231679116
[TOTAL_GCS_G1_Old_Generation], Count, 0
[TOTAL_GC_TIME_G1_Old_Generation], Time(ms), 0
[TOTAL_GC_TIME_%_G1_Old_Generation], Time(%), 0.0
[TOTAL_GCs], Count, 6
[TOTAL_GC_TIME], Time(ms), 117
[TOTAL_GC_TIME_%], Time(%), 0.010057681231679116
[READ], Operations, 1500
[READ], AverageLatency(us), 775008.256
[READ], MinLatency(us), 658432
[READ], MaxLatency(us), 964095
[READ], 95thPercentileLatency(us), 855551
[READ], 99thPercentileLatency(us), 884223
[READ], Return=OK, 1500
[CLEANUP], Operations, 1
[CLEANUP], AverageLatency(us), 3.0
[CLEANUP], MinLatency(us), 3
[CLEANUP], MaxLatency(us), 3
[CLEANUP], 95thPercentileLatency(us), 3
[CLEANUP], 99thPercentileLatency(us), 3
