timestamp;status;request_time;upstream_response_time
1559251704.822;200;0.804;0.808
1559251705.727;200;0.809;0.812
1559251706.521;200;0.787;0.792
1559251707.321;200;0.796;0.800
1559251708.216;200;0.893;0.892
1559251709.030;200;0.811;0.808
1559251709.856;200;0.822;0.824
1559251710.761;200;0.886;0.884
1559251711.533;200;0.769;0.772
1559251712.265;200;0.729;0.732
1559251713.035;200;0.768;0.768
1559251713.889;200;0.851;0.856
1559251714.751;200;0.858;0.860
1559251715.564;200;0.809;0.808
1559251716.420;200;0.846;0.848
1559251717.271;200;0.848;0.848
1559251717.984;200;0.710;0.712
1559251718.729;200;0.739;0.744
1559251719.514;200;0.783;0.784
1559251720.290;200;0.773;0.772
1559251721.098;200;0.805;0.808
1559251721.894;200;0.793;0.796
1559251722.825;200;0.927;0.932
1559251723.676;200;0.849;0.848
1559251724.436;200;0.757;0.756
1559251725.168;200;0.729;0.728
1559251725.939;200;0.769;0.772
1559251726.884;200;0.940;0.940
1559251727.750;200;0.860;0.864
1559251728.562;200;0.809;0.812
1559251729.357;200;0.792;0.796
1559251730.165;200;0.806;0.804
1559251730.874;200;0.707;0.704
1559251731.636;200;0.759;0.760
1559251732.466;200;0.828;0.828
1559251733.405;200;0.914;0.920
1559251734.201;200;0.794;0.796
1559251735.082;200;0.877;0.880
1559251736.049;200;0.962;0.964
1559251736.871;200;0.816;0.812
1559251737.730;200;0.849;0.852
1559251738.507;200;0.773;0.776
1559251739.243;200;0.733;0.736
1559251740.050;200;0.804;0.808
1559251740.832;200;0.780;0.780
1559251741.667;200;0.833;0.836
1559251742.469;200;0.800;0.804
1559251743.354;200;0.883;0.880
1559251744.118;200;0.762;0.760
1559251744.835;200;0.713;0.716
1559251745.625;200;0.788;0.788
1559251746.418;200;0.791;0.796
1559251747.242;200;0.822;0.824
1559251748.053;200;0.808;0.812
1559251748.903;200;0.847;0.848
1559251749.765;200;0.860;0.860
1559251750.516;200;0.750;0.752
1559251751.213;200;0.695;0.700
1559251752.031;200;0.816;0.816
1559251752.928;200;0.895;0.896
1559251753.772;200;0.841;0.840
1559251754.541;200;0.765;0.768
1559251755.365;200;0.822;0.820
1559251756.297;200;0.929;0.928
1559251757.126;200;0.824;0.828
1559251757.874;200;0.744;0.744
1559251758.653;200;0.777;0.780
1559251759.521;200;0.866;0.868
1559251760.400;200;0.877;0.876
1559251761.221;200;0.818;0.824
1559251762.035;200;0.812;0.812
1559251762.844;200;0.805;0.804
1559251763.652;200;0.806;0.808
1559251764.379;200;0.724;0.724
1559251765.157;200;0.775;0.780
1559251766.046;200;0.888;0.884
1559251766.819;200;0.771;0.772
1559251767.681;200;0.859;0.864
1559251768.565;200;0.882;0.884
1559251769.451;200;0.884;0.884
1559251770.210;200;0.757;0.760
1559251770.974;200;0.761;0.764
1559251771.691;200;0.715;0.716
1559251772.583;200;0.889;0.892
1559251773.473;200;0.887;0.892
1559251774.293;200;0.818;0.816
1559251775.214;200;0.917;0.920
1559251776.021;200;0.804;0.808
1559251776.737;200;0.715;0.716
1559251777.464;200;0.717;0.716
1559251778.251;200;0.785;0.788
1559251779.126;200;0.860;0.864
1559251779.917;200;0.780;0.780
1559251780.736;200;0.817;0.816
1559251781.618;200;0.880;0.884
1559251782.491;200;0.865;0.868
1559251783.303;200;0.809;0.812
1559251784.103;200;0.797;0.800
1559251784.854;200;0.747;0.752
1559251785.727;200;0.868;0.872
1559251786.636;200;0.906;0.908
1559251787.418;200;0.780;0.784
1559251788.303;200;0.882;0.884
1559251789.205;200;0.892;0.892
1559251789.920;200;0.713;0.712
1559251790.718;200;0.796;0.800
1559251791.486;200;0.766;0.768
1559251792.459;200;0.971;0.972
1559251793.262;200;0.800;0.804
1559251794.040;200;0.775;0.776
1559251794.905;200;0.824;0.824
1559251795.749;200;0.843;0.848
1559251796.467;200;0.717;0.716
1559251797.195;200;0.725;0.728
1559251797.979;200;0.781;0.784
1559251798.959;200;0.977;0.980
1559251799.741;200;0.779;0.784
1559251800.558;200;0.815;0.812
1559251801.357;200;0.796;0.800
1559251802.194;200;0.835;0.836
1559251802.941;200;0.745;0.744
1559251803.643;200;0.700;0.704
1559251804.389;200;0.742;0.748
1559251805.235;200;0.835;0.836
1559251806.011;200;0.773;0.776
1559251806.762;200;0.748;0.752
1559251807.606;200;0.841;0.844
1559251808.429;200;0.819;0.824
1559251809.179;200;0.747;0.744
1559251809.919;200;0.738;0.736
1559251810.729;200;0.808;0.812
1559251811.599;200;0.868;0.868
1559251812.630;200;1.029;1.028
1559251813.408;200;0.775;0.776
1559251814.205;200;0.795;0.800
1559251815.119;200;0.910;0.913
1559251815.861;200;0.740;0.744
1559251816.645;200;0.783;0.780
1559251817.425;200;0.778;0.784
1559251818.419;200;0.992;0.992
1559251819.207;200;0.786;0.788
1559251820.082;200;0.872;0.872
1559251820.879;200;0.794;0.796
1559251821.705;200;0.823;0.828
1559251822.483;200;0.776;0.776
1559251823.231;200;0.746;0.748
1559251823.997;200;0.764;0.764
1559251824.871;200;0.871;0.872
1559251825.729;200;0.857;0.856
1559251826.556;200;0.825;0.824
1559251827.370;200;0.811;0.816
1559251828.302;200;0.929;0.928
1559251829.043;200;0.737;0.740
1559251829.919;200;0.873;0.876
1559251830.758;200;0.836;0.840
1559251831.641;200;0.880;0.880
1559251832.429;200;0.786;0.784
1559251833.294;200;0.863;0.864
1559251834.177;200;0.880;0.880
1559251835.096;200;0.915;0.916
1559251835.906;200;0.808;0.812
1559251836.701;200;0.792;0.796
1559251837.562;200;0.859;0.860
1559251838.473;200;0.908;0.908
1559251839.222;200;0.747;0.748
1559251840.018;200;0.794;0.796
1559251840.802;200;0.782;0.784
1559251841.691;200;0.887;0.888
1559251842.421;200;0.726;0.732
1559251843.248;200;0.825;0.824
1559251844.024;200;0.773;0.776
1559251844.950;200;0.921;0.920
1559251845.680;200;0.728;0.728
1559251846.398;200;0.716;0.720
1559251847.161;200;0.761;0.760
1559251847.997;200;0.834;0.836
1559251848.746;200;0.747;0.752
1559251849.460;200;0.710;0.712
1559251850.247;200;0.785;0.788
1559251851.077;200;0.827;0.828
1559251851.885;200;0.807;0.808
1559251852.661;200;0.773;0.776
1559251853.500;200;0.837;0.836
1559251854.421;200;0.917;0.916
1559251855.145;200;0.719;0.720
1559251855.858;200;0.711;0.712
1559251856.580;200;0.720;0.720
1559251857.605;200;1.023;1.024
1559251858.369;200;0.763;0.764
1559251859.154;200;0.784;0.788
1559251860.006;200;0.840;0.844
1559251860.915;200;0.907;0.908
1559251861.645;200;0.728;0.728
1559251862.377;200;0.730;0.736
1559251863.071;200;0.692;0.692
1559251863.981;200;0.907;0.908
1559251864.858;200;0.875;0.872
1559251865.665;200;0.805;0.804
1559251866.504;200;0.838;0.840
1559251867.323;200;0.817;0.820
1559251868.072;200;0.745;0.748
1559251868.843;200;0.768;0.768
1559251869.612;200;0.767;0.768
1559251870.470;200;0.856;0.860
1559251871.294;200;0.821;0.824
1559251872.135;200;0.839;0.840
1559251873.022;200;0.884;0.888
1559251873.887;200;0.861;0.864
1559251874.652;200;0.761;0.760
1559251875.453;200;0.798;0.796
1559251876.212;200;0.750;0.752
1559251877.077;200;0.863;0.864
1559251877.862;200;0.783;0.784
1559251878.617;200;0.752;0.752
1559251879.429;200;0.810;0.816
1559251880.250;200;0.819;0.820
1559251880.981;200;0.728;0.728
1559251881.722;200;0.739;0.744
1559251882.502;200;0.778;0.780
1559251883.410;200;0.905;0.908
1559251884.213;200;0.802;0.800
1559251884.987;200;0.772;0.772
1559251885.813;200;0.824;0.828
1559251886.721;200;0.906;0.908
1559251887.491;200;0.760;0.756
1559251888.246;200;0.753;0.756
1559251889.019;200;0.771;0.772
1559251889.917;200;0.894;0.896
1559251890.696;200;0.777;0.776
1559251891.539;200;0.841;0.844
1559251892.350;200;0.808;0.808
1559251893.274;200;0.920;0.924
1559251894.138;200;0.861;0.864
1559251894.893;200;0.751;0.752
1559251895.658;200;0.763;0.764
1559251896.455;200;0.795;0.796
1559251897.230;200;0.773;0.772
1559251898.015;200;0.783;0.784
1559251898.802;200;0.785;0.788
1559251899.708;200;0.904;0.904
1559251900.442;200;0.731;0.728
1559251901.159;200;0.714;0.716
1559251901.947;200;0.785;0.788
1559251902.750;200;0.799;0.796
1559251903.519;200;0.766;0.768
1559251904.311;200;0.789;0.788
1559251905.007;200;0.693;0.696
1559251905.946;200;0.936;0.940
1559251906.722;200;0.775;0.776
1559251907.429;200;0.703;0.704
1559251908.211;200;0.780;0.780
1559251909.025;200;0.812;0.812
1559251909.811;200;0.784;0.788
1559251910.539;200;0.726;0.728
1559251911.350;200;0.809;0.812
1559251912.220;200;0.865;0.864
1559251913.036;200;0.814;0.816
1559251913.812;200;0.774;0.776
1559251914.602;200;0.785;0.788
1559251915.498;200;0.894;0.896
1559251916.294;200;0.794;0.796
1559251917.168;200;0.870;0.872
1559251917.935;200;0.765;0.768
1559251918.847;200;0.909;0.912
1559251919.667;200;0.813;0.816
1559251920.459;200;0.790;0.792
1559251921.242;200;0.781;0.780
1559251922.076;200;0.831;0.832
1559251922.837;200;0.758;0.760
1559251923.564;200;0.725;0.724
1559251924.336;200;0.769;0.772
1559251925.133;200;0.795;0.800
1559251925.952;200;0.817;0.816
1559251926.746;200;0.792;0.796
1559251927.595;200;0.848;0.848
1559251928.453;200;0.856;0.856
1559251929.198;200;0.743;0.744
1559251930.040;200;0.840;0.840
1559251930.843;200;0.801;0.804
1559251931.654;200;0.809;0.808
1559251932.495;200;0.838;0.840
1559251933.321;200;0.823;0.824
1559251934.166;200;0.843;0.844
1559251934.986;200;0.816;0.820
1559251935.742;200;0.755;0.756
1559251936.513;200;0.769;0.768
1559251937.341;200;0.826;0.828
1559251938.206;200;0.864;0.868
1559251939.019;200;0.810;0.812
1559251939.867;200;0.845;0.844
1559251940.749;200;0.880;0.880
1559251941.695;200;0.934;0.936
1559251942.442;200;0.743;0.744
1559251943.225;200;0.781;0.780
1559251944.036;200;0.809;0.808
1559251944.974;200;0.933;0.932
1559251945.869;200;0.891;0.892
1559251946.697;200;0.827;0.828
1559251947.499;200;0.800;0.804
1559251948.346;200;0.844;0.848
1559251949.070;200;0.720;0.724
1559251949.790;200;0.718;0.716
1559251950.642;200;0.851;0.852
1559251951.534;200;0.891;0.892
1559251952.311;200;0.775;0.776
1559251953.121;200;0.808;0.808
1559251954.037;200;0.915;0.916
1559251954.883;200;0.844;0.844
1559251955.618;200;0.733;0.736
1559251956.452;200;0.832;0.832
1559251957.226;200;0.771;0.772
1559251958.093;200;0.865;0.864
1559251958.907;200;0.812;0.816
1559251959.766;200;0.857;0.860
1559251960.589;200;0.820;0.820
1559251961.414;200;0.823;0.828
1559251962.182;200;0.765;0.768
1559251962.946;200;0.761;0.764
1559251963.710;200;0.761;0.760
1559251964.503;200;0.789;0.792
1559251965.313;200;0.800;0.800
1559251966.132;200;0.817;0.816
1559251966.949;200;0.813;0.812
1559251967.810;200;0.859;0.860
1559251968.534;200;0.720;0.724
1559251969.362;200;0.825;0.828
1559251970.147;200;0.782;0.784
1559251971.074;200;0.923;0.924
1559251971.937;200;0.859;0.860
1559251972.779;200;0.840;0.840
1559251973.648;200;0.866;0.868
1559251974.491;200;0.840;0.840
1559251975.290;200;0.797;0.800
1559251976.002;200;0.711;0.708
1559251976.819;200;0.816;0.812
1559251977.735;200;0.914;0.916
1559251978.535;200;0.797;0.800
1559251979.353;200;0.816;0.816
1559251980.142;200;0.788;0.788
1559251981.019;200;0.875;0.876
1559251981.754;200;0.733;0.732
1559251982.527;200;0.771;0.772
1559251983.273;200;0.744;0.744
1559251984.227;200;0.951;0.952
1559251985.022;200;0.792;0.792
1559251985.802;200;0.777;0.780
1559251986.626;200;0.821;0.824
1559251987.466;200;0.837;0.840
1559251988.223;200;0.756;0.756
1559251988.954;200;0.728;0.728
1559251989.725;200;0.770;0.768
1559251990.586;200;0.855;0.856
1559251991.439;200;0.851;0.852
1559251992.223;200;0.781;0.784
1559251993.011;200;0.785;0.788
1559251993.804;200;0.791;0.792
1559251994.676;200;0.869;0.868
1559251995.411;200;0.733;0.736
1559251996.179;200;0.766;0.768
1559251997.001;200;0.819;0.820
1559251997.797;200;0.794;0.796
1559251998.597;200;0.798;0.800
1559251999.490;200;0.892;0.896
1559252000.308;200;0.816;0.816
1559252001.111;200;0.801;0.804
1559252001.926;200;0.812;0.812
1559252002.722;200;0.794;0.792
1559252003.578;200;0.854;0.856
1559252004.481;200;0.900;0.900
1559252005.242;200;0.759;0.760
1559252006.078;200;0.834;0.832
1559252006.930;200;0.849;0.848
1559252007.674;200;0.741;0.744
1559252008.404;200;0.728;0.728
1559252009.142;200;0.736;0.740
1559252009.969;200;0.825;0.824
1559252010.791;200;0.821;0.824
1559252011.577;200;0.784;0.784
1559252012.391;200;0.809;0.812
1559252013.387;200;0.992;0.996
1559252014.182;200;0.792;0.792
1559252014.911;200;0.727;0.728
1559252015.616;200;0.702;0.704
1559252016.450;200;0.829;0.828
1559252017.258;200;0.806;0.804
1559252018.033;200;0.773;0.772
1559252018.774;200;0.739;0.740
1559252019.756;200;0.980;0.980
1559252020.517;200;0.758;0.760
1559252021.345;200;0.826;0.828
1559252022.136;200;0.789;0.788
1559252022.964;200;0.826;0.828
1559252023.799;200;0.832;0.836
1559252024.613;200;0.811;0.812
1559252025.481;200;0.867;0.868
1559252026.375;200;0.892;0.892
1559252027.133;200;0.756;0.756
1559252027.907;200;0.772;0.772
1559252028.751;200;0.841;0.844
1559252029.574;200;0.821;0.820
1559252030.371;200;0.795;0.796
1559252031.186;200;0.811;0.813
1559252032.097;200;0.908;0.908
1559252033.000;200;0.901;0.904
1559252033.826;200;0.824;0.824
1559252034.548;200;0.720;0.720
1559252035.310;200;0.759;0.764
1559252036.107;200;0.795;0.796
1559252036.903;200;0.794;0.792
1559252037.775;200;0.870;0.872
1559252038.573;200;0.796;0.796
1559252039.454;200;0.879;0.880
1559252040.209;200;0.753;0.752
1559252041.038;200;0.827;0.828
1559252041.827;200;0.786;0.788
1559252042.662;200;0.832;0.832
1559252043.483;200;0.819;0.820
1559252044.287;200;0.801;0.804
1559252045.263;200;0.972;0.972
1559252046.084;200;0.818;0.820
1559252046.822;200;0.735;0.736
1559252047.615;200;0.792;0.792
1559252048.332;200;0.714;0.716
1559252049.145;200;0.811;0.812
1559252049.930;200;0.783;0.780
1559252050.791;200;0.859;0.860
1559252051.706;200;0.913;0.912
1559252052.540;200;0.833;0.832
1559252053.273;200;0.732;0.732
1559252054.012;200;0.738;0.740
1559252054.855;200;0.840;0.844
1559252055.682;200;0.824;0.828
1559252056.476;200;0.792;0.792
1559252057.255;200;0.777;0.780
1559252058.018;200;0.761;0.760
1559252058.904;200;0.884;0.884
1559252059.643;200;0.737;0.740
1559252060.425;200;0.780;0.780
1559252061.155;200;0.728;0.728
1559252061.949;200;0.792;0.792
1559252062.714;200;0.763;0.768
1559252063.522;200;0.805;0.804
1559252064.261;200;0.737;0.736
1559252065.080;200;0.818;0.820
1559252065.817;200;0.735;0.736
1559252066.562;200;0.743;0.748
1559252067.297;200;0.733;0.732
1559252068.155;200;0.857;0.860
1559252069.011;200;0.854;0.856
1559252069.833;200;0.818;0.820
1559252070.655;200;0.820;0.824
1559252071.469;200;0.812;0.812
1559252072.251;200;0.781;0.784
1559252073.022;200;0.768;0.768
1559252073.865;200;0.842;0.840
1559252074.741;200;0.872;0.872
1559252075.484;200;0.741;0.744
1559252076.250;200;0.763;0.764
1559252077.037;200;0.785;0.784
1559252077.840;200;0.801;0.800
1559252078.619;200;0.777;0.780
1559252079.467;200;0.846;0.848
1559252080.281;200;0.812;0.812
1559252081.229;200;0.947;0.948
1559252081.971;200;0.741;0.744
1559252082.746;200;0.771;0.772
1559252083.557;200;0.809;0.808
1559252084.372;200;0.813;0.812
1559252085.265;200;0.891;0.892
1559252086.067;200;0.796;0.796
1559252086.896;200;0.821;0.820
1559252087.769;200;0.871;0.872
1559252088.504;200;0.734;0.736
1559252089.355;200;0.849;0.852
1559252090.126;200;0.770;0.768
1559252091.063;200;0.935;0.936
1559252091.964;200;0.897;0.896
1559252092.713;200;0.747;0.748
1559252093.568;200;0.853;0.852
1559252094.525;200;0.954;0.956
1559252095.266;200;0.740;0.740
1559252096.038;200;0.770;0.768
1559252096.853;200;0.812;0.812
1559252097.681;200;0.826;0.824
1559252098.530;200;0.847;0.848
1559252099.362;200;0.829;0.828
1559252100.159;200;0.796;0.796
1559252101.041;200;0.879;0.880
1559252101.778;200;0.735;0.740
1559252102.505;200;0.724;0.724
1559252103.282;200;0.775;0.776
1559252104.131;200;0.846;0.848
1559252104.943;200;0.809;0.812
1559252105.749;200;0.804;0.804
1559252106.642;200;0.889;0.888
1559252107.518;200;0.863;0.860
1559252108.260;200;0.741;0.740
1559252109.029;200;0.766;0.768
1559252109.864;200;0.834;0.836
1559252110.756;200;0.890;0.892
1559252111.615;200;0.855;0.856
1559252112.438;200;0.821;0.820
1559252113.261;200;0.822;0.820
1559252114.121;200;0.858;0.860
1559252114.829;200;0.706;0.704
1559252115.574;200;0.743;0.740
1559252116.307;200;0.731;0.728
1559252117.175;200;0.864;0.864
1559252117.955;200;0.776;0.776
1559252118.749;200;0.790;0.788
1559252119.555;200;0.805;0.808
1559252120.410;200;0.852;0.856
1559252121.162;200;0.749;0.748
1559252121.888;200;0.723;0.724
1559252122.764;200;0.875;0.876
1559252123.655;200;0.890;0.888
1559252124.497;200;0.840;0.840
1559252125.357;200;0.858;0.856
1559252126.177;200;0.818;0.816
1559252127.120;200;0.941;0.940
1559252127.895;200;0.773;0.776
1559252128.643;200;0.746;0.748
1559252129.413;200;0.767;0.768
1559252130.194;200;0.779;0.776
1559252131.021;200;0.826;0.824
1559252131.888;200;0.865;0.868
1559252132.807;200;0.916;0.916
1559252133.635;200;0.826;0.824
1559252134.348;200;0.710;0.712
1559252135.158;200;0.808;0.808
1559252135.930;200;0.771;0.768
1559252136.733;200;0.801;0.800
1559252137.548;200;0.813;0.816
1559252138.382;200;0.832;0.832
1559252139.206;200;0.822;0.820
1559252140.137;200;0.929;0.928
1559252141.010;200;0.872;0.872
1559252141.831;200;0.820;0.820
1559252142.589;200;0.756;0.756
1559252143.435;200;0.844;0.848
1559252144.226;200;0.789;0.788
1559252145.104;200;0.875;0.876
1559252145.947;200;0.841;0.844
1559252146.813;200;0.863;0.864
1559252147.699;200;0.876;0.880
1559252148.469;200;0.769;0.768
1559252149.242;200;0.771;0.768
1559252150.050;200;0.806;0.804
1559252150.839;200;0.787;0.788
1559252151.635;200;0.794;0.796
1559252152.410;200;0.774;0.772
1559252153.314;200;0.903;0.900
1559252154.059;200;0.744;0.744
1559252154.865;200;0.803;0.804
1559252155.606;200;0.739;0.740
1559252156.456;200;0.849;0.848
1559252157.315;200;0.857;0.860
1559252158.193;200;0.876;0.876
1559252159.062;200;0.868;0.868
1559252159.971;200;0.908;0.908
1559252160.799;200;0.827;0.828
1559252161.514;200;0.713;0.716
1559252162.279;200;0.760;0.764
1559252163.087;200;0.806;0.808
1559252163.818;200;0.727;0.724
1559252164.641;200;0.820;0.820
1559252165.491;200;0.848;0.848
1559252166.332;200;0.837;0.840
1559252167.083;200;0.749;0.752
1559252167.788;200;0.703;0.704
1559252168.511;200;0.721;0.724
1559252169.318;200;0.804;0.804
1559252170.227;200;0.907;0.908
1559252171.011;200;0.782;0.780
1559252171.807;200;0.795;0.796
1559252172.697;200;0.887;0.888
1559252173.511;200;0.812;0.816
1559252174.277;200;0.764;0.764
1559252175.014;200;0.735;0.732
1559252175.790;200;0.775;0.772
1559252176.659;200;0.867;0.864
1559252177.449;200;0.788;0.788
1559252178.263;200;0.812;0.816
1559252179.128;200;0.862;0.864
1559252179.871;200;0.742;0.744
1559252180.606;200;0.732;0.732
1559252181.378;200;0.766;0.764
1559252182.197;200;0.818;0.816
1559252183.050;200;0.852;0.852
1559252183.817;200;0.765;0.764
1559252184.662;200;0.843;0.840
1559252185.514;200;0.850;0.848
1559252186.297;200;0.781;0.780
1559252187.038;200;0.740;0.740
1559252187.802;200;0.762;0.760
1559252188.590;200;0.787;0.784
1559252189.382;200;0.791;0.788
1559252190.098;200;0.714;0.712
1559252190.819;200;0.720;0.716
1559252191.698;200;0.877;0.876
1559252192.562;200;0.861;0.860
1559252193.302;200;0.738;0.736
1559252194.063;200;0.758;0.756
1559252194.860;200;0.795;0.796
1559252195.618;200;0.756;0.756
1559252196.421;200;0.802;0.800
1559252197.161;200;0.739;0.740
1559252197.936;200;0.773;0.776
1559252198.754;200;0.816;0.816
1559252199.521;200;0.766;0.764
1559252200.352;200;0.829;0.832
1559252201.196;200;0.843;0.844
1559252201.977;200;0.779;0.780
1559252202.727;200;0.748;0.752
1559252203.477;200;0.748;0.748
1559252204.415;200;0.936;0.936
1559252205.171;200;0.753;0.756
1559252205.954;200;0.781;0.780
1559252206.726;200;0.770;0.768
1559252207.622;200;0.894;0.892
1559252208.384;200;0.761;0.760
1559252209.102;200;0.717;0.716
1559252209.865;200;0.762;0.760
1559252210.686;200;0.820;0.820
1559252211.465;200;0.777;0.776
1559252212.233;200;0.766;0.768
1559252213.109;200;0.875;0.876
1559252213.984;200;0.874;0.876
1559252214.811;200;0.824;0.824
1559252215.516;200;0.703;0.704
1559252216.279;200;0.761;0.764
1559252217.095;200;0.814;0.816
1559252217.866;200;0.769;0.768
1559252218.595;200;0.727;0.724
1559252219.515;200;0.919;0.920
1559252220.347;200;0.830;0.828
1559252221.085;200;0.734;0.732
1559252221.809;200;0.722;0.720
1559252222.606;200;0.795;0.792
1559252223.422;200;0.814;0.812
1559252224.149;200;0.723;0.724
1559252224.937;200;0.786;0.784
1559252225.718;200;0.780;0.780
1559252226.506;200;0.787;0.784
1559252227.351;200;0.844;0.844
1559252228.115;200;0.762;0.764
1559252228.859;200;0.743;0.744
1559252229.626;200;0.764;0.764
1559252230.383;200;0.756;0.756
1559252231.120;200;0.735;0.736
1559252231.899;200;0.778;0.776
1559252232.716;200;0.815;0.816
1559252233.579;200;0.861;0.864
1559252234.359;200;0.777;0.780
1559252235.168;200;0.807;0.808
1559252236.036;200;0.866;0.868
1559252236.782;200;0.744;0.744
1559252237.557;200;0.773;0.772
1559252238.355;200;0.796;0.800
1559252239.158;200;0.801;0.800
1559252239.947;200;0.788;0.788
1559252240.739;200;0.790;0.788
1559252241.581;200;0.840;0.840
1559252242.572;200;0.990;0.992
1559252243.369;200;0.796;0.796
1559252244.088;200;0.718;0.720
1559252244.916;200;0.825;0.824
1559252245.764;200;0.846;0.848
1559252246.632;200;0.866;0.868
1559252247.480;200;0.844;0.844
1559252248.304;200;0.822;0.824
1559252249.138;200;0.832;0.832
1559252249.889;200;0.749;0.748
1559252250.612;200;0.722;0.724
1559252251.357;200;0.743;0.744
1559252252.214;200;0.856;0.856
1559252253.149;200;0.934;0.932
1559252254.018;200;0.817;0.816
1559252254.930;200;0.910;0.908
1559252255.786;200;0.854;0.852
1559252256.533;200;0.745;0.744
1559252257.283;200;0.748;0.748
1559252258.071;200;0.786;0.784
1559252258.990;200;0.917;0.916
1559252259.772;200;0.780;0.780
1559252260.561;200;0.787;0.788
1559252261.350;200;0.787;0.788
1559252262.202;200;0.851;0.848
1559252262.909;200;0.705;0.704
1559252263.738;200;0.827;0.824
1559252264.517;200;0.777;0.776
1559252265.309;200;0.791;0.792
1559252266.081;200;0.770;0.768
1559252266.885;200;0.802;0.800
1559252267.813;200;0.926;0.928
1559252268.713;200;0.898;0.896
1559252269.441;200;0.726;0.724
1559252270.188;200;0.746;0.748
1559252270.956;200;0.766;0.768
1559252271.794;200;0.836;0.836
1559252272.596;200;0.798;0.800
1559252273.383;200;0.785;0.788
1559252274.315;200;0.929;0.932
1559252275.209;200;0.890;0.893
1559252276.078;200;0.867;0.868
1559252276.837;200;0.758;0.756
1559252277.634;200;0.795;0.792
1559252278.486;200;0.851;0.852
1559252279.320;200;0.832;0.836
1559252280.142;200;0.820;0.820
1559252280.978;200;0.834;0.836
1559252281.867;200;0.888;0.888
1559252282.716;200;0.847;0.852
1559252283.457;200;0.739;0.740
1559252284.230;200;0.772;0.772
1559252285.042;200;0.808;0.812
1559252285.814;200;0.770;0.772
1559252286.695;200;0.879;0.880
1559252287.563;200;0.866;0.868
1559252288.446;200;0.880;0.884
1559252289.214;200;0.767;0.764
1559252289.946;200;0.731;0.728
1559252290.685;200;0.738;0.740
1559252291.484;200;0.798;0.800
1559252292.313;200;0.827;0.828
1559252293.177;200;0.863;0.860
1559252293.995;200;0.817;0.820
1559252294.958;200;0.961;0.964
1559252295.775;200;0.815;0.820
1559252296.485;200;0.708;0.708
1559252297.333;200;0.846;0.844
1559252298.154;200;0.820;0.824
1559252299.023;200;0.867;0.868
1559252299.819;200;0.792;0.796
1559252300.717;200;0.896;0.900
1559252301.603;200;0.885;0.888
1559252302.389;200;0.783;0.784
1559252303.119;200;0.729;0.724
1559252303.847;200;0.726;0.732
1559252304.674;200;0.824;0.820
1559252305.535;200;0.858;0.864
1559252306.378;200;0.841;0.840
1559252307.209;200;0.830;0.832
1559252308.051;200;0.840;0.844
1559252308.879;200;0.825;0.828
1559252309.606;200;0.725;0.724
1559252310.444;200;0.836;0.840
1559252311.266;200;0.820;0.820
1559252312.118;200;0.850;0.848
1559252312.903;200;0.783;0.788
1559252313.813;200;0.908;0.904
1559252314.714;200;0.897;0.896
1559252315.499;200;0.783;0.784
1559252316.279;200;0.779;0.784
1559252316.977;200;0.696;0.696
1559252317.851;200;0.873;0.868
1559252318.747;200;0.893;0.896
1559252319.569;200;0.820;0.824
1559252320.384;200;0.813;0.816
1559252321.285;200;0.899;0.900
1559252322.088;200;0.802;0.804
1559252322.845;200;0.755;0.756
1559252323.650;200;0.804;0.804
1559252324.453;200;0.801;0.804
1559252325.315;200;0.861;0.860
1559252326.109;200;0.790;0.788
1559252326.952;200;0.841;0.848
1559252327.835;200;0.880;0.880
1559252328.571;200;0.732;0.732
1559252329.278;200;0.705;0.708
1559252330.066;200;0.787;0.788
1559252330.962;200;0.895;0.896
1559252331.869;200;0.906;0.904
1559252332.687;200;0.817;0.820
1559252333.516;200;0.827;0.828
1559252334.467;200;0.949;0.956
1559252335.283;200;0.814;0.816
1559252336.021;200;0.735;0.732
1559252336.822;200;0.800;0.800
1559252337.656;200;0.833;0.836
1559252338.582;200;0.924;0.924
1559252339.357;200;0.774;0.772
1559252340.235;200;0.876;0.880
1559252341.099;200;0.862;0.864
1559252341.898;200;0.797;0.800
1559252342.633;200;0.734;0.732
1559252343.417;200;0.783;0.788
1559252344.224;200;0.805;0.804
1559252345.025;200;0.799;0.800
1559252345.795;200;0.768;0.768
1559252346.653;200;0.853;0.856
1559252347.565;200;0.910;0.912
1559252348.375;200;0.808;0.808
1559252349.110;200;0.733;0.732
1559252349.936;200;0.825;0.824
1559252350.762;200;0.825;0.828
1559252351.631;200;0.867;0.868
1559252352.432;200;0.799;0.804
1559252353.288;200;0.854;0.856
1559252354.206;200;0.916;0.916
1559252354.989;200;0.780;0.784
1559252355.761;200;0.771;0.772
1559252356.516;200;0.753;0.756
1559252357.410;200;0.892;0.892
1559252358.227;200;0.816;0.812
1559252359.067;200;0.838;0.844
1559252359.896;200;0.827;0.828
1559252360.766;200;0.868;0.868
1559252361.594;200;0.825;0.828
1559252362.313;200;0.717;0.720
1559252363.199;200;0.885;0.884
1559252364.010;200;0.810;0.812
1559252364.815;200;0.803;0.800
1559252365.625;200;0.808;0.812
1559252366.505;200;0.879;0.880
1559252367.373;200;0.867;0.868
1559252368.216;200;0.842;0.844
1559252368.954;200;0.736;0.732
1559252369.722;200;0.766;0.768
1559252370.563;200;0.839;0.844
1559252371.458;200;0.893;0.892
1559252372.258;200;0.799;0.796
1559252373.118;200;0.859;0.856
1559252374.061;200;0.941;0.944
1559252374.902;200;0.839;0.836
1559252375.686;200;0.782;0.780
1559252376.517;200;0.829;0.832
1559252377.322;200;0.804;0.804
1559252378.066;200;0.743;0.744
1559252378.896;200;0.828;0.832
1559252379.673;200;0.775;0.772
1559252380.599;200;0.924;0.924
1559252381.390;200;0.789;0.792
1559252382.110;200;0.718;0.716
1559252382.897;200;0.786;0.788
1559252383.813;200;0.914;0.912
1559252384.549;200;0.734;0.736
1559252385.351;200;0.798;0.796
1559252386.199;200;0.845;0.848
1559252387.134;200;0.932;0.936
1559252387.876;200;0.740;0.740
1559252388.596;200;0.717;0.716
1559252389.422;200;0.824;0.828
1559252390.246;200;0.821;0.820
1559252390.961;200;0.714;0.712
1559252391.787;200;0.825;0.828
1559252392.701;200;0.912;0.916
1559252393.630;200;0.928;0.928
1559252394.400;200;0.769;0.772
1559252395.259;200;0.856;0.856
1559252396.006;200;0.745;0.748
1559252396.818;200;0.811;0.808
1559252397.547;200;0.727;0.728
1559252398.315;200;0.766;0.772
1559252399.105;200;0.788;0.788
1559252400.029;200;0.922;0.920
1559252400.820;200;0.789;0.792
1559252401.606;200;0.783;0.788
1559252402.370;200;0.763;0.764
1559252403.295;200;0.924;0.924
1559252404.043;200;0.746;0.744
1559252404.846;200;0.799;0.800
1559252405.688;200;0.840;0.844
1559252406.633;200;0.944;0.944
1559252407.376;200;0.741;0.740
1559252408.102;200;0.722;0.724
1559252408.854;200;0.751;0.752
1559252409.692;200;0.836;0.840
1559252410.469;200;0.776;0.776
1559252411.305;200;0.835;0.832
1559252412.204;200;0.897;0.904
1559252413.133;200;0.928;0.928
1559252413.874;200;0.739;0.740
1559252414.627;200;0.751;0.752
1559252415.325;200;0.695;0.700
1559252416.110;200;0.783;0.784
1559252416.895;200;0.784;0.784
1559252417.691;200;0.794;0.800
1559252418.619;200;0.925;0.924
1559252419.484;200;0.863;0.868
1559252420.216;200;0.730;0.732
1559252421.049;200;0.831;0.828
1559252421.835;200;0.784;0.784
1559252422.634;200;0.797;0.800
1559252423.466;200;0.831;0.832
1559252424.299;200;0.831;0.832
1559252425.112;200;0.810;0.816
1559252425.965;200;0.852;0.848
1559252426.711;200;0.745;0.748
1559252427.442;200;0.730;0.732
1559252428.203;200;0.760;0.760
1559252429.018;200;0.813;0.816
1559252429.795;200;0.775;0.776
1559252430.567;200;0.771;0.772
1559252431.327;200;0.757;0.760
1559252432.185;200;0.856;0.860
1559252432.922;200;0.735;0.736
1559252433.654;200;0.729;0.732
1559252434.422;200;0.765;0.768
1559252435.315;200;0.891;0.892
1559252436.106;200;0.789;0.792
1559252436.849;200;0.742;0.744
1559252437.633;200;0.783;0.784
1559252438.434;200;0.799;0.800
1559252439.181;200;0.746;0.748
1559252439.890;200;0.707;0.704
1559252440.800;200;0.909;0.908
1559252441.700;200;0.898;0.904
1559252442.522;200;0.820;0.820
1559252443.351;200;0.828;0.828
1559252444.093;200;0.740;0.744
1559252444.971;200;0.876;0.876
1559252445.726;200;0.753;0.756
1559252446.440;200;0.713;0.716
1559252447.303;200;0.861;0.860
1559252448.225;200;0.920;0.924
1559252449.007;200;0.781;0.780
1559252449.957;200;0.948;0.948
1559252450.725;200;0.766;0.768
1559252451.562;200;0.835;0.836
1559252452.289;200;0.726;0.728
1559252453.026;200;0.735;0.736
1559252453.761;200;0.734;0.736
1559252454.672;200;0.909;0.912
1559252455.532;200;0.859;0.860
1559252456.279;200;0.746;0.740
1559252457.138;200;0.857;0.860
1559252457.969;200;0.829;0.828
1559252458.724;200;0.752;0.752
1559252459.566;200;0.841;0.844
1559252460.374;200;0.806;0.804
1559252461.321;200;0.945;0.948
1559252462.096;200;0.774;0.776
1559252462.834;200;0.737;0.732
1559252463.538;200;0.703;0.704
1559252464.365;200;0.826;0.824
1559252465.087;200;0.720;0.720
1559252465.887;200;0.798;0.800
1559252466.819;200;0.930;0.932
1559252467.711;200;0.889;0.888
1559252468.501;200;0.787;0.792
1559252469.242;200;0.739;0.740
1559252470.029;200;0.783;0.788
1559252470.863;200;0.833;0.832
1559252471.626;200;0.762;0.764
1559252472.497;200;0.870;0.868
1559252473.391;200;0.893;0.896
1559252474.370;200;0.977;0.980
1559252475.189;200;0.816;0.820
1559252475.911;200;0.721;0.720
1559252476.702;200;0.789;0.792
1559252477.581;200;0.878;0.880
1559252478.307;200;0.725;0.724
1559252479.070;200;0.762;0.764
1559252479.928;200;0.857;0.856
1559252480.772;200;0.842;0.848
1559252481.550;200;0.776;0.776
1559252482.323;200;0.772;0.772
1559252483.125;200;0.799;0.800
1559252483.952;200;0.826;0.832
1559252484.688;200;0.734;0.736
1559252485.500;200;0.810;0.812
1559252486.401;200;0.900;0.900
1559252487.306;200;0.904;0.904
1559252488.109;200;0.802;0.804
1559252488.855;200;0.745;0.744
1559252489.624;200;0.768;0.772
1559252490.451;200;0.826;0.824
1559252491.276;200;0.823;0.828
1559252492.069;200;0.792;0.788
1559252492.869;200;0.799;0.804
1559252493.849;200;0.978;0.976
1559252494.608;200;0.758;0.764
1559252495.436;200;0.826;0.824
1559252496.233;200;0.796;0.796
1559252497.040;200;0.806;0.812
1559252497.802;200;0.761;0.756
1559252498.626;200;0.823;0.824
1559252499.470;200;0.842;0.844
1559252500.418;200;0.947;0.948
1559252501.222;200;0.803;0.804
1559252501.950;200;0.727;0.724
1559252502.743;200;0.792;0.792
1559252503.571;200;0.826;0.828
1559252504.372;200;0.799;0.800
1559252505.169;200;0.796;0.800
1559252505.961;200;0.791;0.792
1559252506.921;200;0.959;0.960
1559252507.696;200;0.774;0.776
1559252508.407;200;0.710;0.704
1559252509.240;200;0.809;0.812
1559252510.067;200;0.825;0.824
1559252511.003;200;0.934;0.936
1559252511.865;200;0.860;0.860
1559252512.663;200;0.797;0.800
1559252513.680;200;1.016;1.016
1559252514.466;200;0.784;0.788
1559252515.210;200;0.743;0.744
1559252516.039;200;0.828;0.828
1559252516.924;200;0.883;0.884
1559252517.709;200;0.783;0.788
1559252518.490;200;0.780;0.780
1559252519.331;200;0.840;0.840
1559252520.208;200;0.875;0.876
1559252521.033;200;0.822;0.828
1559252521.803;200;0.769;0.768
1559252522.689;200;0.884;0.888
1559252523.588;200;0.897;0.896
1559252524.326;200;0.736;0.740
1559252525.088;200;0.761;0.760
1559252525.948;200;0.859;0.860
1559252526.718;200;0.769;0.772
1559252527.520;200;0.800;0.804
1559252528.258;200;0.736;0.736
1559252529.066;200;0.807;0.804
1559252529.951;200;0.884;0.880
1559252530.730;200;0.778;0.780
1559252531.515;200;0.784;0.784
1559252532.347;200;0.830;0.832
1559252533.211;200;0.862;0.864
1559252534.019;200;0.806;0.808
1559252534.853;200;0.831;0.836
1559252535.645;200;0.791;0.792
1559252536.477;200;0.830;0.832
1559252537.210;200;0.731;0.732
1559252538.067;200;0.856;0.856
1559252538.821;200;0.751;0.752
1559252539.722;200;0.900;0.904
1559252540.513;200;0.790;0.792
1559252541.275;200;0.761;0.760
1559252542.009;200;0.732;0.736
1559252542.870;200;0.859;0.860
1559252543.682;200;0.811;0.808
1559252544.483;200;0.799;0.800
1559252545.327;200;0.842;0.845
1559252546.234;200;0.905;0.904
1559252546.996;200;0.760;0.764
1559252547.719;200;0.722;0.720
1559252548.538;200;0.818;0.820
1559252549.348;200;0.808;0.808
1559252550.173;200;0.823;0.828
1559252550.987;200;0.812;0.812
1559252551.826;200;0.835;0.836
1559252552.763;200;0.936;0.936
1559252553.583;200;0.818;0.820
1559252554.335;200;0.749;0.752
1559252555.118;200;0.781;0.784
1559252555.972;200;0.852;0.852
1559252556.696;200;0.723;0.728
1559252557.485;200;0.787;0.784
1559252558.277;200;0.790;0.792
1559252559.236;200;0.958;0.956
1559252560.049;200;0.811;0.816
1559252560.831;200;0.780;0.776
1559252561.581;200;0.748;0.752
1559252562.467;200;0.885;0.884
1559252563.292;200;0.823;0.824
1559252564.062;200;0.768;0.768
1559252564.848;200;0.785;0.784
1559252565.707;200;0.858;0.860
1559252566.455;200;0.746;0.748
1559252567.242;200;0.784;0.784
1559252568.049;200;0.806;0.808
1559252568.862;200;0.811;0.812
1559252569.597;200;0.734;0.736
1559252570.417;200;0.819;0.820
1559252571.346;200;0.845;0.848
1559252572.247;200;0.900;0.896
1559252573.124;200;0.875;0.876
1559252573.920;200;0.794;0.800
1559252574.807;200;0.884;0.884
1559252575.668;200;0.855;0.856
1559252576.473;200;0.803;0.808
1559252577.274;200;0.799;0.800
1559252578.077;200;0.802;0.800
1559252579.052;200;0.969;0.968
1559252579.895;200;0.841;0.844
1559252580.644;200;0.747;0.752
1559252581.517;200;0.871;0.868
1559252582.403;200;0.885;0.884
1559252583.149;200;0.745;0.744
1559252583.869;200;0.719;0.724
1559252584.691;200;0.821;0.820
1559252585.624;200;0.931;0.936
1559252586.414;200;0.788;0.788
1559252587.233;200;0.817;0.816
1559252588.110;200;0.876;0.880
1559252588.995;200;0.884;0.884
1559252589.753;200;0.757;0.760
1559252590.460;200;0.706;0.704
1559252591.165;200;0.704;0.708
1559252592.154;200;0.987;0.984
1559252592.950;200;0.795;0.792
1559252593.733;200;0.782;0.784
1559252594.543;200;0.809;0.808
1559252595.369;200;0.823;0.828
1559252596.156;200;0.786;0.784
1559252596.945;200;0.788;0.792
1559252597.699;200;0.752;0.752
1559252598.643;200;0.942;0.944
1559252599.519;200;0.874;0.876
1559252600.346;200;0.825;0.828
1559252601.169;200;0.822;0.824
1559252602.069;200;0.898;0.896
1559252602.821;200;0.751;0.752
1559252603.545;200;0.723;0.728
1559252604.338;200;0.792;0.792
1559252605.254;200;0.914;0.916
1559252606.079;200;0.824;0.824
1559252606.844;200;0.764;0.764
1559252607.605;200;0.755;0.760
1559252608.457;200;0.851;0.848
1559252609.179;200;0.721;0.724
1559252609.979;200;0.799;0.800
1559252610.761;200;0.779;0.784
1559252611.706;200;0.944;0.944
1559252612.546;200;0.839;0.840
1559252613.361;200;0.814;0.816
1559252614.197;200;0.835;0.836
1559252615.081;200;0.882;0.884
1559252615.835;200;0.753;0.752
1559252616.696;200;0.858;0.860
1559252617.481;200;0.783;0.788
1559252618.427;200;0.945;0.944
1559252619.210;200;0.780;0.784
1559252620.016;200;0.804;0.804
1559252620.887;200;0.870;0.872
1559252621.739;200;0.850;0.852
1559252622.706;200;0.965;0.968
1559252623.533;200;0.826;0.828
1559252624.288;200;0.754;0.752
1559252625.211;200;0.921;0.924
1559252626.021;200;0.808;0.812
1559252626.787;200;0.765;0.764
1559252627.663;200;0.873;0.876
1559252628.588;200;0.914;0.916
1559252629.369;200;0.779;0.780
1559252630.124;200;0.754;0.756
1559252630.901;200;0.775;0.776
1559252631.844;200;0.942;0.944
1559252632.611;200;0.765;0.768
1559252633.470;200;0.857;0.860
1559252634.300;200;0.828;0.832
1559252635.198;200;0.896;0.896
1559252635.944;200;0.745;0.744
1559252636.717;200;0.772;0.776
1559252637.464;200;0.745;0.744
1559252638.412;200;0.947;0.948
1559252639.201;200;0.788;0.792
1559252640.078;200;0.876;0.872
1559252640.893;200;0.814;0.816
1559252641.790;200;0.895;0.896
1559252642.570;200;0.778;0.780
1559252643.329;200;0.758;0.760
1559252644.083;200;0.753;0.752
1559252645.002;200;0.917;0.920
1559252645.754;200;0.751;0.752
1559252646.575;200;0.820;0.820
1559252647.429;200;0.853;0.856
1559252648.265;200;0.835;0.836
1559252649.077;200;0.811;0.808
1559252649.813;200;0.735;0.740
1559252650.511;200;0.697;0.696
1559252651.366;200;0.853;0.856
1559252652.166;200;0.799;0.800
1559252652.975;200;0.808;0.808
1559252653.738;200;0.760;0.764
1559252654.578;200;0.837;0.840
1559252655.414;200;0.835;0.832
1559252656.207;200;0.792;0.792
1559252657.059;200;0.851;0.852
1559252657.921;200;0.861;0.864
1559252658.709;200;0.787;0.788
1559252659.562;200;0.852;0.852
1559252660.429;200;0.866;0.868
1559252661.304;200;0.873;0.872
1559252662.105;200;0.798;0.804
1559252662.910;200;0.804;0.800
1559252663.683;200;0.772;0.772
1559252664.627;200;0.942;0.944
1559252665.329;200;0.700;0.704
1559252666.168;200;0.838;0.836
1559252667.001;200;0.831;0.832
1559252667.858;200;0.856;0.860
1559252668.603;200;0.744;0.744
1559252669.398;200;0.792;0.796
1559252670.229;200;0.830;0.832
1559252671.156;200;0.926;0.924
1559252671.916;200;0.759;0.760
1559252672.750;200;0.833;0.836
1559252673.591;200;0.840;0.840
1559252674.469;200;0.874;0.876
1559252675.271;200;0.801;0.800
1559252675.990;200;0.717;0.720
1559252676.749;200;0.758;0.760
1559252677.622;200;0.872;0.872
1559252678.429;200;0.806;0.804
1559252679.247;200;0.816;0.820
1559252680.054;200;0.805;0.808
1559252680.863;200;0.808;0.804
1559252681.691;200;0.825;0.828
1559252682.431;200;0.737;0.740
1559252683.258;200;0.825;0.824
1559252684.109;200;0.848;0.852
1559252684.922;200;0.811;0.808
1559252685.769;200;0.846;0.848
1559252686.553;200;0.782;0.784
1559252687.379;200;0.825;0.824
1559252688.144;200;0.762;0.768
1559252688.915;200;0.769;0.764
1559252689.682;200;0.764;0.768
1559252690.609;200;0.925;0.928
1559252691.437;200;0.827;0.828
1559252692.285;200;0.847;0.848
1559252693.192;200;0.906;0.904
1559252694.066;200;0.871;0.876
1559252694.881;200;0.812;0.816
1559252695.622;200;0.739;0.736
1559252696.386;200;0.762;0.764
1559252697.335;200;0.947;0.948
1559252698.129;200;0.793;0.796
1559252698.919;200;0.788;0.788
1559252699.737;200;0.816;0.820
1559252700.583;200;0.845;0.844
1559252701.357;200;0.772;0.776
1559252702.066;200;0.707;0.708
1559252702.842;200;0.774;0.772
1559252703.729;200;0.886;0.888
1559252704.590;200;0.860;0.860
1559252705.486;200;0.895;0.896
1559252706.372;200;0.885;0.884
1559252707.251;200;0.878;0.876
1559252708.012;200;0.760;0.760
1559252708.733;200;0.720;0.724
1559252709.497;200;0.762;0.764
1559252710.404;200;0.906;0.904
1559252711.209;200;0.804;0.808
1559252712.036;200;0.826;0.824
1559252712.899;200;0.861;0.864
1559252713.757;200;0.856;0.860
1559252714.538;200;0.779;0.780
1559252715.265;200;0.726;0.724
1559252715.997;200;0.731;0.736
1559252716.888;200;0.890;0.888
1559252717.694;200;0.803;0.804
1559252718.538;200;0.843;0.844
1559252719.342;200;0.803;0.804
1559252720.158;200;0.814;0.812
1559252720.889;200;0.730;0.728
1559252721.730;200;0.840;0.844
1559252722.580;200;0.848;0.848
1559252723.503;200;0.922;0.920
1559252724.307;200;0.803;0.804
1559252725.185;200;0.873;0.872
1559252725.990;200;0.803;0.808
1559252726.863;200;0.872;0.872
1559252727.631;200;0.766;0.768
1559252728.439;200;0.806;0.808
1559252729.181;200;0.741;0.744
1559252730.134;200;0.952;0.952
1559252730.909;200;0.774;0.776
1559252731.761;200;0.851;0.848
1559252732.610;200;0.848;0.852
1559252733.467;200;0.856;0.856
1559252734.280;200;0.812;0.812
1559252735.127;200;0.845;0.848
1559252735.927;200;0.798;0.800
1559252736.838;200;0.910;0.908
1559252737.572;200;0.732;0.732
1559252738.358;200;0.783;0.788
1559252739.180;200;0.821;0.820
1559252740.070;200;0.888;0.892
1559252740.766;200;0.695;0.696
1559252741.574;200;0.807;0.808
1559252742.347;200;0.772;0.772
1559252743.223;200;0.874;0.876
1559252744.034;200;0.808;0.808
1559252744.793;200;0.756;0.760
1559252745.579;200;0.785;0.784
1559252746.469;200;0.888;0.892
1559252747.197;200;0.727;0.728
1559252748.012;200;0.813;0.812
1559252748.825;200;0.812;0.816
1559252749.713;200;0.887;0.888
1559252750.532;200;0.817;0.816
1559252751.366;200;0.833;0.836
1559252752.192;200;0.825;0.824
1559252753.053;200;0.859;0.864
1559252753.885;200;0.831;0.832
1559252754.690;200;0.804;0.800
1559252755.442;200;0.750;0.748
1559252756.318;200;0.875;0.876
1559252757.102;200;0.783;0.784
1559252757.954;200;0.851;0.852
1559252758.749;200;0.794;0.792
1559252759.715;200;0.965;0.968
1559252760.439;200;0.722;0.724
1559252761.171;200;0.731;0.732
1559252761.925;200;0.752;0.756
1559252762.852;200;0.926;0.924
1559252763.726;200;0.872;0.876
1559252764.507;200;0.779;0.780
1559252765.386;200;0.877;0.880
1559252766.284;200;0.897;0.896
1559252767.044;200;0.758;0.760
1559252767.761;200;0.715;0.720
1559252768.529;200;0.766;0.764
1559252769.366;200;0.835;0.840
1559252770.210;200;0.843;0.844
1559252771.033;200;0.822;0.820
1559252771.883;200;0.849;0.852
1559252772.750;200;0.865;0.864
1559252773.506;200;0.754;0.752
1559252774.303;200;0.795;0.796
1559252775.102;200;0.797;0.800
1559252775.986;200;0.882;0.880
1559252776.859;200;0.872;0.876
1559252777.629;200;0.769;0.772
1559252778.466;200;0.836;0.836
1559252779.356;200;0.889;0.888
1559252780.125;200;0.768;0.772
1559252780.841;200;0.715;0.712
1559252781.629;200;0.787;0.788
1559252782.466;200;0.836;0.840
1559252783.328;200;0.861;0.860
1559252784.128;200;0.799;0.800
1559252785.014;200;0.883;0.888
1559252785.842;200;0.827;0.824
1559252786.601;200;0.758;0.760
1559252787.398;200;0.795;0.796
1559252788.255;200;0.855;0.856
1559252789.135;200;0.878;0.880
1559252789.933;200;0.797;0.796
1559252790.726;200;0.792;0.796
1559252791.543;200;0.813;0.816
1559252792.375;200;0.830;0.832
1559252793.131;200;0.754;0.756
1559252793.889;200;0.756;0.760
1559252794.760;200;0.869;0.868
1559252795.593;200;0.832;0.832
1559252796.420;200;0.826;0.828
1559252797.225;200;0.804;0.808
1559252797.968;200;0.741;0.740
1559252798.791;200;0.822;0.824
1559252799.702;200;0.909;0.908
1559252800.442;200;0.739;0.736
1559252801.283;200;0.840;0.844
1559252802.122;200;0.836;0.836
1559252802.941;200;0.818;0.816
1559252803.670;200;0.728;0.732
1559252804.447;200;0.775;0.776
1559252805.271;200;0.823;0.824
1559252806.077;200;0.804;0.808
1559252806.872;200;0.794;0.792
1559252807.650;200;0.777;0.780
1559252808.443;200;0.791;0.792
1559252809.289;200;0.845;0.848
1559252810.161;200;0.870;0.868
1559252810.975;200;0.813;0.816
1559252811.752;200;0.767;0.768
1559252812.592;200;0.838;0.840
1559252813.331;200;0.737;0.740
1559252814.073;200;0.741;0.740
1559252814.947;200;0.872;0.872
1559252815.830;200;0.880;0.880
1559252816.621;200;0.789;0.788
1559252817.461;200;0.839;0.840
1559252818.301;200;0.839;0.844
1559252819.070;200;0.768;0.768
1559252819.835;200;0.764;0.764
1559252820.578;200;0.741;0.744
1559252821.369;200;0.790;0.788
1559252822.214;200;0.844;0.848
1559252823.006;200;0.790;0.788
1559252823.834;200;0.827;0.828
1559252824.692;200;0.855;0.856
1559252825.473;200;0.780;0.784
1559252826.200;200;0.726;0.724
1559252827.109;200;0.908;0.912
1559252827.914;200;0.804;0.804
1559252828.708;200;0.793;0.792
1559252829.415;200;0.705;0.708
1559252830.100;200;0.684;0.684
1559252831.057;200;0.955;0.960
1559252831.877;200;0.819;0.816
1559252832.603;200;0.725;0.728
1559252833.433;200;0.828;0.829
1559252834.292;200;0.858;0.860
1559252835.150;200;0.856;0.856
1559252835.883;200;0.731;0.732
1559252836.649;200;0.764;0.764
1559252837.581;200;0.931;0.936
1559252838.381;200;0.799;0.796
1559252839.095;200;0.713;0.716
1559252839.962;200;0.865;0.868
1559252840.790;200;0.826;0.828
1559252841.635;200;0.843;0.844
1559252842.372;200;0.736;0.736
1559252843.136;200;0.762;0.764
1559252843.980;200;0.843;0.844
1559252844.778;200;0.795;0.796
1559252845.593;200;0.814;0.816
1559252846.351;200;0.757;0.756
1559252847.138;200;0.786;0.788
1559252848.024;200;0.886;0.884
1559252848.818;200;0.793;0.796
1559252849.623;200;0.804;0.804
1559252850.531;200;0.906;0.908
1559252851.327;200;0.795;0.796
1559252852.059;200;0.730;0.732
1559252852.855;200;0.791;0.792
1559252853.694;200;0.838;0.840
1559252854.462;200;0.767;0.764
1559252855.227;200;0.764;0.764
1559252856.075;200;0.847;0.848
1559252857.014;200;0.937;0.940
1559252857.762;200;0.747;0.748
1559252858.469;200;0.706;0.708
1559252859.191;200;0.721;0.716
1559252860.029;200;0.836;0.836
1559252860.793;200;0.763;0.764
1559252861.498;200;0.703;0.704
1559252862.342;200;0.843;0.844
1559252863.142;200;0.798;0.800
1559252863.857;200;0.714;0.712
1559252864.742;200;0.884;0.888
1559252865.569;200;0.825;0.824
1559252866.536;200;0.966;0.968
1559252867.269;200;0.732;0.732
1559252867.991;200;0.721;0.724
1559252868.842;200;0.849;0.848
1559252869.683;200;0.840;0.840
1559252870.402;200;0.716;0.720
1559252871.233;200;0.827;0.828
1559252872.055;200;0.821;0.824
1559252872.928;200;0.871;0.872
1559252873.690;200;0.760;0.760
1559252874.465;200;0.770;0.772
1559252875.270;200;0.803;0.804
1559252876.096;200;0.825;0.824
1559252876.931;200;0.834;0.836
1559252877.715;200;0.782;0.784
1559252878.617;200;0.900;0.900
1559252879.506;200;0.888;0.892
1559252880.297;200;0.790;0.788
1559252881.037;200;0.739;0.740
1559252881.840;200;0.801;0.804
1559252882.684;200;0.842;0.844
1559252883.554;200;0.869;0.868
1559252884.386;200;0.830;0.832
1559252885.250;200;0.863;0.860
1559252886.131;200;0.879;0.880
1559252886.966;200;0.833;0.836
1559252887.693;200;0.726;0.724
1559252888.561;200;0.867;0.868
1559252889.455;200;0.893;0.896
1559252890.303;200;0.847;0.844
1559252891.110;200;0.787;0.788
1559252891.897;200;0.786;0.784
1559252892.825;200;0.927;0.932
1559252893.607;200;0.781;0.780
1559252894.343;200;0.733;0.736
1559252895.147;200;0.802;0.804
1559252895.980;200;0.830;0.832
1559252896.794;200;0.811;0.816
1559252897.605;200;0.809;0.812
1559252898.479;200;0.867;0.868
1559252899.417;200;0.936;0.936
1559252900.224;200;0.806;0.808
1559252900.959;200;0.733;0.732
1559252901.750;200;0.789;0.792
1559252902.559;200;0.805;0.808
1559252903.333;200;0.772;0.776
1559252904.141;200;0.806;0.804
1559252904.958;200;0.816;0.816
1559252905.878;200;0.919;0.920
1559252906.676;200;0.797;0.796
1559252907.414;200;0.737;0.736
1559252908.280;200;0.865;0.864
1559252909.156;200;0.875;0.876
1559252909.976;200;0.819;0.820
1559252910.834;200;0.857;0.860
1559252911.677;200;0.842;0.840
1559252912.653;200;0.975;0.980
1559252913.518;200;0.864;0.860
1559252914.271;200;0.751;0.752
1559252915.026;200;0.753;0.756
1559252915.857;200;0.829;0.832
1559252916.680;200;0.822;0.820
1559252917.394;200;0.713;0.716
1559252918.263;200;0.868;0.868
1559252919.198;200;0.932;0.932
1559252920.038;200;0.838;0.836
1559252920.772;200;0.733;0.736
1559252921.530;200;0.757;0.760
1559252922.357;200;0.826;0.828
1559252923.200;200;0.842;0.840
1559252923.923;200;0.722;0.724
1559252924.733;200;0.809;0.808
1559252925.656;200;0.920;0.920
