[OVERALL], RunTime(ms), 1152654
[OVERALL], Throughput(ops/sec), 1.3013445491882212
[TOTAL_GCS_G1_Young_Generation], Count, 6
[TOTAL_GC_TIME_G1_Young_Generation], Time(ms), 161
[TOTAL_GC_TIME_%_G1_Young_Generation], Time(%), 0.013967764827953574
[TOTAL_GCS_G1_Old_Generation], Count, 0
[TOTAL_GC_TIME_G1_Old_Generation], Time(ms), 0
[TOTAL_GC_TIME_%_G1_Old_Generation], Time(%), 0.0
[TOTAL_GCs], Count, 6
[TOTAL_GC_TIME], Time(ms), 161
[TOTAL_GC_TIME_%], Time(%), 0.013967764827953574
[READ], Operations, 1500
[READ], AverageLatency(us), 767866.88
[READ], MinLatency(us), 628224
[READ], MaxLatency(us), 923135
[READ], 95thPercentileLatency(us), 842751
[READ], 99thPercentileLatency(us), 863743
[READ], Return=OK, 1500
[CLEANUP], Operations, 1
[CLEANUP], AverageLatency(us), 6.0
[CLEANUP], MinLatency(us), 6
[CLEANUP], MaxLatency(us), 6
[CLEANUP], 95thPercentileLatency(us), 6
[CLEANUP], 99thPercentileLatency(us), 6
