timestamp;status;request_time;upstream_response_time
1558507994.819;200;0.741;0.740
1558507995.599;200;0.740;0.740
1558507996.345;200;0.742;0.744
1558507997.196;200;0.843;0.844
1558507997.933;200;0.733;0.732
1558507998.690;200;0.734;0.736
1558507999.421;200;0.727;0.724
1558508000.210;200;0.784;0.784
1558508000.976;200;0.763;0.764
1558508001.712;200;0.727;0.728
1558508002.521;200;0.805;0.808
1558508003.314;200;0.788;0.788
1558508004.077;200;0.760;0.760
1558508004.813;200;0.729;0.728
1558508005.518;200;0.701;0.704
1558508006.336;200;0.812;0.813
1558508007.118;200;0.780;0.784
1558508007.840;200;0.719;0.720
1558508008.625;200;0.782;0.780
1558508009.426;200;0.797;0.796
1558508010.170;200;0.739;0.744
1558508010.905;200;0.732;0.736
1558508011.662;200;0.753;0.756
1558508012.521;200;0.855;0.856
1558508013.247;200;0.723;0.728
1558508013.969;200;0.719;0.720
1558508014.699;200;0.725;0.728
1558508015.524;200;0.820;0.824
1558508016.279;200;0.751;0.756
1558508016.999;200;0.717;0.720
1558508017.785;200;0.782;0.784
1558508018.582;200;0.791;0.792
1558508019.322;200;0.729;0.736
1558508020.048;200;0.722;0.724
1558508020.798;200;0.744;0.748
1558508021.577;200;0.775;0.776
1558508022.318;200;0.738;0.744
1558508023.040;200;0.718;0.720
1558508023.897;200;0.851;0.852
1558508024.721;200;0.819;0.816
1558508025.476;200;0.750;0.752
1558508026.238;200;0.757;0.764
1558508027.010;200;0.769;0.772
1558508027.895;200;0.873;0.876
1558508028.622;200;0.722;0.724
1558508029.332;200;0.706;0.708
1558508030.094;200;0.759;0.760
1558508030.938;200;0.840;0.844
1558508031.675;200;0.734;0.736
1558508032.414;200;0.736;0.740
1558508033.160;200;0.742;0.744
1558508033.961;200;0.798;0.800
1558508034.696;200;0.730;0.732
1558508035.424;200;0.725;0.728
1558508036.164;200;0.737;0.740
1558508036.976;200;0.809;0.812
1558508037.756;200;0.778;0.780
1558508038.469;200;0.708;0.712
1558508039.190;200;0.719;0.720
1558508039.996;200;0.801;0.800
1558508040.727;200;0.728;0.732
1558508041.448;200;0.718;0.720
1558508042.169;200;0.718;0.720
1558508043.004;200;0.831;0.836
1558508043.741;200;0.735;0.736
1558508044.446;200;0.700;0.704
1558508045.206;200;0.756;0.756
1558508045.976;200;0.767;0.772
1558508046.695;200;0.717;0.716
1558508047.385;200;0.685;0.688
1558508048.157;200;0.768;0.772
1558508048.958;200;0.797;0.800
1558508049.723;200;0.763;0.764
1558508050.421;200;0.693;0.696
1558508051.159;200;0.735;0.740
1558508051.980;200;0.819;0.820
1558508052.722;200;0.738;0.744
1558508053.421;200;0.695;0.696
1558508054.200;200;0.776;0.776
1558508054.997;200;0.788;0.792
1558508055.725;200;0.725;0.728
1558508056.436;200;0.707;0.712
1558508057.217;200;0.777;0.780
1558508058.110;200;0.890;0.896
1558508058.850;200;0.737;0.740
1558508059.618;200;0.764;0.764
1558508060.393;200;0.772;0.772
1558508061.187;200;0.790;0.796
1558508061.949;200;0.756;0.756
1558508062.700;200;0.740;0.740
1558508063.415;200;0.710;0.716
1558508064.227;200;0.808;0.812
1558508064.954;200;0.722;0.724
1558508065.677;200;0.717;0.720
1558508066.469;200;0.757;0.760
1558508067.324;200;0.852;0.856
1558508068.098;200;0.772;0.772
1558508068.817;200;0.715;0.716
1558508069.591;200;0.770;0.772
1558508070.399;200;0.805;0.808
1558508071.152;200;0.746;0.748
1558508071.889;200;0.734;0.736
1558508072.650;200;0.758;0.764
1558508073.497;200;0.844;0.844
1558508074.264;200;0.764;0.768
1558508074.998;200;0.730;0.736
1558508075.744;200;0.743;0.744
1558508076.537;200;0.790;0.792
1558508077.270;200;0.729;0.732
1558508078.025;200;0.751;0.752
1558508078.765;200;0.736;0.740
1558508079.573;200;0.804;0.804
1558508080.307;200;0.731;0.736
1558508081.084;200;0.764;0.768
1558508081.896;200;0.809;0.812
1558508082.710;200;0.808;0.808
1558508083.445;200;0.731;0.732
1558508084.207;200;0.758;0.760
1558508084.992;200;0.779;0.784
1558508085.815;200;0.821;0.824
1558508086.563;200;0.745;0.748
1558508087.282;200;0.715;0.720
1558508088.018;200;0.733;0.736
1558508088.841;200;0.819;0.820
1558508089.586;200;0.742;0.744
1558508090.307;200;0.717;0.720
1558508091.050;200;0.740;0.744
1558508091.856;200;0.802;0.804
1558508092.612;200;0.752;0.756
1558508093.364;200;0.747;0.752
1558508094.109;200;0.741;0.740
1558508094.913;200;0.798;0.800
1558508095.660;200;0.743;0.748
1558508096.382;200;0.715;0.720
1558508097.113;200;0.728;0.728
1558508097.945;200;0.826;0.824
1558508098.681;200;0.733;0.736
1558508099.412;200;0.728;0.732
1558508100.206;200;0.791;0.792
1558508101.009;200;0.800;0.804
1558508101.739;200;0.727;0.728
1558508102.473;200;0.731;0.732
1558508103.232;200;0.756;0.760
1558508104.055;200;0.819;0.824
1558508104.820;200;0.761;0.764
1558508105.517;200;0.695;0.696
1558508106.274;200;0.753;0.760
1558508107.069;200;0.791;0.792
1558508107.808;200;0.737;0.736
1558508108.546;200;0.734;0.740
1558508109.294;200;0.745;0.748
1558508110.100;200;0.802;0.800
1558508110.859;200;0.756;0.760
1558508111.608;200;0.747;0.748
1558508112.365;200;0.741;0.744
1558508113.173;200;0.805;0.808
1558508113.958;200;0.783;0.784
1558508114.708;200;0.746;0.748
1558508115.442;200;0.731;0.736
1558508116.263;200;0.817;0.820
1558508116.997;200;0.732;0.732
1558508117.705;200;0.704;0.708
1558508118.453;200;0.743;0.744
1558508119.266;200;0.810;0.816
1558508120.062;200;0.793;0.796
1558508120.788;200;0.722;0.724
1558508121.621;200;0.831;0.832
1558508122.424;200;0.800;0.804
1558508123.175;200;0.748;0.748
1558508123.925;200;0.745;0.748
1558508124.677;200;0.739;0.740
1558508125.507;200;0.826;0.828
1558508126.260;200;0.750;0.752
1558508126.984;200;0.720;0.724
1558508127.728;200;0.740;0.744
1558508128.566;200;0.833;0.836
1558508129.308;200;0.739;0.740
1558508130.026;200;0.716;0.720
1558508130.784;200;0.755;0.756
1558508131.609;200;0.823;0.820
1558508132.353;200;0.739;0.740
1558508133.053;200;0.698;0.700
1558508133.853;200;0.795;0.796
1558508134.698;200;0.838;0.844
1558508135.464;200;0.762;0.764
1558508136.169;200;0.703;0.704
1558508136.934;200;0.761;0.764
1558508137.734;200;0.796;0.800
1558508138.526;200;0.789;0.792
1558508139.287;200;0.757;0.760
1558508139.954;200;0.665;0.664
1558508140.790;200;0.833;0.832
1558508141.539;200;0.746;0.748
1558508142.265;200;0.723;0.724
1558508143.025;200;0.758;0.760
1558508143.828;200;0.800;0.804
1558508144.567;200;0.736;0.736
1558508145.286;200;0.716;0.720
1558508146.054;200;0.765;0.764
1558508146.882;200;0.825;0.832
1558508147.649;200;0.761;0.764
1558508148.356;200;0.704;0.704
1558508149.109;200;0.750;0.748
1558508149.913;200;0.802;0.804
1558508150.669;200;0.753;0.756
1558508151.384;200;0.712;0.712
1558508152.144;200;0.757;0.760
1558508152.956;200;0.808;0.808
1558508153.681;200;0.723;0.724
1558508154.393;200;0.705;0.708
1558508155.163;200;0.766;0.772
1558508155.985;200;0.819;0.820
1558508156.741;200;0.754;0.756
1558508157.503;200;0.759;0.764
1558508158.250;200;0.744;0.748
1558508159.076;200;0.822;0.824
1558508159.817;200;0.739;0.740
1558508160.525;200;0.705;0.704
1558508161.233;200;0.705;0.708
1558508162.056;200;0.820;0.824
1558508162.789;200;0.731;0.732
1558508163.500;200;0.710;0.712
1558508164.270;200;0.767;0.772
1558508165.094;200;0.820;0.824
1558508165.838;200;0.737;0.744
1558508166.556;200;0.711;0.716
1558508167.365;200;0.807;0.808
1558508168.187;200;0.820;0.824
1558508168.919;200;0.730;0.732
1558508169.671;200;0.749;0.752
1558508170.407;200;0.733;0.736
1558508171.231;200;0.820;0.824
1558508171.954;200;0.720;0.720
1558508172.692;200;0.735;0.740
1558508173.436;200;0.740;0.744
1558508174.240;200;0.801;0.804
1558508174.995;200;0.750;0.752
1558508175.709;200;0.711;0.712
1558508176.424;200;0.710;0.712
1558508177.239;200;0.811;0.812
1558508177.996;200;0.754;0.756
1558508178.707;200;0.708;0.712
1558508179.447;200;0.737;0.740
1558508180.234;200;0.784;0.788
1558508180.970;200;0.733;0.732
1558508181.705;200;0.729;0.728
1558508182.493;200;0.785;0.788
1558508183.306;200;0.809;0.812
1558508184.034;200;0.725;0.724
1558508184.765;200;0.727;0.728
1558508185.539;200;0.771;0.776
1558508186.344;200;0.802;0.804
1558508187.127;200;0.729;0.732
1558508187.866;200;0.735;0.740
1558508188.556;200;0.687;0.688
1558508189.350;200;0.790;0.796
1558508190.097;200;0.743;0.744
1558508190.812;200;0.712;0.712
1558508191.548;200;0.733;0.736
1558508192.379;200;0.829;0.832
1558508193.153;200;0.771;0.772
1558508193.878;200;0.721;0.728
1558508194.654;200;0.772;0.776
1558508195.458;200;0.800;0.804
1558508196.206;200;0.745;0.744
1558508196.967;200;0.758;0.760
1558508197.672;200;0.702;0.704
1558508198.500;200;0.826;0.824
1558508199.231;200;0.728;0.732
1558508199.954;200;0.721;0.724
1558508200.598;200;0.641;0.644
1558508201.418;200;0.817;0.816
1558508202.132;200;0.712;0.716
1558508202.862;200;0.727;0.728
1558508203.645;200;0.779;0.780
1558508204.466;200;0.817;0.820
1558508205.205;200;0.736;0.732
1558508205.941;200;0.734;0.736
1558508206.705;200;0.760;0.764
1558508207.525;200;0.818;0.820
1558508208.267;200;0.739;0.744
1558508208.975;200;0.703;0.708
1558508209.686;200;0.709;0.712
1558508210.488;200;0.798;0.800
1558508211.235;200;0.745;0.748
1558508211.974;200;0.734;0.736
1558508212.688;200;0.712;0.716
1558508213.504;200;0.814;0.816
1558508214.252;200;0.746;0.748
1558508214.969;200;0.713;0.716
1558508215.719;200;0.746;0.752
1558508216.558;200;0.837;0.836
1558508217.308;200;0.748;0.752
1558508218.013;200;0.701;0.704
1558508218.709;200;0.693;0.696
1558508219.543;200;0.830;0.828
1558508220.284;200;0.739;0.736
1558508221.005;200;0.719;0.720
1558508221.741;200;0.732;0.736
1558508222.550;200;0.806;0.812
1558508223.300;200;0.744;0.748
1558508224.022;200;0.719;0.720
1558508224.817;200;0.792;0.792
1558508225.632;200;0.811;0.808
1558508226.352;200;0.717;0.720
1558508227.107;200;0.754;0.756
1558508227.849;200;0.739;0.740
1558508228.656;200;0.805;0.808
1558508229.398;200;0.740;0.740
1558508230.127;200;0.727;0.728
1558508230.832;200;0.703;0.704
1558508231.688;200;0.854;0.856
1558508232.424;200;0.734;0.732
1558508233.161;200;0.735;0.736
1558508233.912;200;0.748;0.752
1558508234.724;200;0.808;0.812
1558508235.476;200;0.749;0.752
1558508236.190;200;0.712;0.712
1558508236.937;200;0.743;0.744
1558508237.761;200;0.822;0.824
1558508238.554;200;0.784;0.788
1558508239.278;200;0.721;0.720
1558508240.014;200;0.732;0.732
1558508240.849;200;0.832;0.836
1558508241.617;200;0.765;0.768
1558508242.349;200;0.728;0.732
1558508243.106;200;0.752;0.752
1558508243.941;200;0.831;0.832
1558508244.680;200;0.736;0.740
1558508245.408;200;0.726;0.728
1558508246.155;200;0.745;0.748
1558508246.954;200;0.796;0.796
1558508247.708;200;0.752;0.756
1558508248.444;200;0.733;0.736
1558508249.260;200;0.814;0.816
1558508250.082;200;0.820;0.820
1558508250.836;200;0.752;0.756
1558508251.548;200;0.710;0.712
1558508252.331;200;0.781;0.784
1558508253.172;200;0.838;0.840
1558508253.942;200;0.768;0.772
1558508254.695;200;0.746;0.752
1558508255.465;200;0.765;0.768
1558508256.278;200;0.809;0.812
1558508257.033;200;0.753;0.756
1558508257.765;200;0.728;0.728
1558508258.530;200;0.763;0.764
1558508259.352;200;0.820;0.824
1558508260.090;200;0.736;0.740
1558508260.815;200;0.721;0.720
1558508261.590;200;0.772;0.772
1558508262.382;200;0.790;0.792
1558508263.120;200;0.735;0.740
1558508263.865;200;0.741;0.744
1558508264.631;200;0.762;0.760
1558508265.442;200;0.809;0.808
1558508266.213;200;0.769;0.772
1558508266.943;200;0.727;0.732
1558508267.724;200;0.778;0.780
1558508268.556;200;0.830;0.832
1558508269.283;200;0.725;0.728
1558508270.034;200;0.748;0.748
1558508270.805;200;0.768;0.772
1558508271.625;200;0.816;0.820
1558508272.354;200;0.726;0.728
1558508273.079;200;0.722;0.728
1558508273.846;200;0.764;0.764
1558508274.676;200;0.826;0.828
1558508275.460;200;0.782;0.784
1558508276.191;200;0.728;0.728
1558508277.033;200;0.839;0.840
1558508277.875;200;0.839;0.844
1558508278.626;200;0.749;0.752
1558508279.388;200;0.758;0.760
1558508280.158;200;0.768;0.768
1558508280.988;200;0.827;0.828
1558508281.729;200;0.739;0.740
1558508282.476;200;0.744;0.748
1558508283.240;200;0.760;0.764
1558508284.072;200;0.829;0.832
1558508284.817;200;0.741;0.744
1558508285.589;200;0.767;0.768
1558508286.358;200;0.767;0.768
1558508287.172;200;0.811;0.812
1558508287.950;200;0.775;0.776
1558508288.668;200;0.716;0.720
1558508289.430;200;0.759;0.760
1558508290.274;200;0.841;0.844
1558508291.037;200;0.759;0.760
1558508291.799;200;0.759;0.764
1558508292.566;200;0.764;0.764
1558508293.417;200;0.849;0.852
1558508294.192;200;0.772;0.776
1558508294.913;200;0.718;0.720
1558508295.671;200;0.756;0.760
1558508296.514;200;0.840;0.844
1558508297.276;200;0.758;0.756
1558508297.982;200;0.703;0.704
1558508298.729;200;0.744;0.748
1558508299.560;200;0.828;0.828
1558508300.305;200;0.741;0.744
1558508301.012;200;0.703;0.704
1558508301.906;200;0.891;0.896
1558508302.735;200;0.827;0.824
1558508303.480;200;0.743;0.740
1558508304.218;200;0.735;0.736
1558508305.014;200;0.791;0.796
1558508305.813;200;0.795;0.792
1558508306.550;200;0.735;0.736
1558508307.301;200;0.747;0.748
1558508308.076;200;0.772;0.776
1558508308.897;200;0.819;0.820
1558508309.677;200;0.777;0.780
1558508310.409;200;0.729;0.732
1558508311.161;200;0.750;0.748
1558508311.990;200;0.826;0.828
1558508312.733;200;0.741;0.744
1558508313.455;200;0.719;0.724
1558508314.218;200;0.761;0.760
1558508315.114;200;0.892;0.892
1558508315.899;200;0.783;0.788
1558508316.630;200;0.729;0.728
1558508317.377;200;0.743;0.744
1558508318.210;200;0.830;0.832
1558508319.004;200;0.791;0.796
1558508319.739;200;0.731;0.736
1558508320.495;200;0.753;0.756
1558508321.302;200;0.804;0.804
1558508322.052;200;0.747;0.752
1558508322.782;200;0.728;0.732
1558508323.550;200;0.764;0.764
1558508324.373;200;0.821;0.824
1558508325.097;200;0.720;0.724
1558508325.824;200;0.725;0.728
1558508326.620;200;0.792;0.796
1558508327.444;200;0.822;0.824
1558508328.198;200;0.752;0.756
1558508328.925;200;0.721;0.724
1558508329.730;200;0.803;0.804
1558508330.544;200;0.810;0.812
1558508331.260;200;0.714;0.716
1558508331.972;200;0.710;0.708
1558508332.768;200;0.793;0.796
1558508333.604;200;0.834;0.836
1558508334.349;200;0.742;0.744
1558508335.089;200;0.735;0.736
1558508335.830;200;0.739;0.740
1558508336.613;200;0.779;0.780
1558508337.332;200;0.716;0.720
1558508338.078;200;0.744;0.744
1558508338.812;200;0.732;0.736
1558508339.646;200;0.831;0.832
1558508340.383;200;0.729;0.732
1558508341.102;200;0.716;0.716
1558508341.865;200;0.756;0.756
1558508342.701;200;0.832;0.836
1558508343.441;200;0.738;0.740
1558508344.179;200;0.734;0.740
1558508344.923;200;0.733;0.736
1558508345.736;200;0.811;0.812
1558508346.456;200;0.717;0.720
1558508347.168;200;0.709;0.712
1558508347.946;200;0.776;0.780
1558508348.780;200;0.831;0.832
1558508349.512;200;0.730;0.732
1558508350.260;200;0.746;0.748
1558508351.031;200;0.769;0.772
1558508351.837;200;0.804;0.800
1558508352.552;200;0.713;0.712
1558508353.274;200;0.720;0.720
1558508354.056;200;0.771;0.776
1558508354.895;200;0.833;0.836
1558508355.637;200;0.739;0.740
1558508356.356;200;0.716;0.720
1558508357.118;200;0.760;0.760
1558508357.957;200;0.836;0.836
1558508358.713;200;0.752;0.756
1558508359.407;200;0.691;0.696
1558508360.206;200;0.796;0.796
1558508361.004;200;0.796;0.800
1558508361.728;200;0.719;0.724
1558508362.470;200;0.740;0.744
1558508363.252;200;0.778;0.780
1558508364.075;200;0.821;0.824
1558508364.822;200;0.740;0.744
1558508365.566;200;0.741;0.740
1558508366.290;200;0.720;0.720
1558508367.094;200;0.801;0.804
1558508367.866;200;0.770;0.772
1558508368.602;200;0.734;0.736
1558508369.355;200;0.750;0.752
1558508370.184;200;0.826;0.824
1558508370.919;200;0.733;0.736
1558508371.645;200;0.723;0.724
1558508372.400;200;0.751;0.756
1558508373.268;200;0.866;0.868
1558508374.016;200;0.745;0.748
1558508374.748;200;0.728;0.732
1558508375.536;200;0.786;0.788
1558508376.363;200;0.824;0.828
1558508377.130;200;0.762;0.768
1558508377.894;200;0.761;0.760
1558508378.570;200;0.673;0.676
1558508379.395;200;0.822;0.828
1558508380.124;200;0.726;0.724
1558508380.857;200;0.730;0.732
1558508381.639;200;0.780;0.780
1558508382.480;200;0.839;0.844
1558508383.200;200;0.718;0.720
1558508383.914;200;0.712;0.712
1558508384.677;200;0.759;0.760
1558508385.546;200;0.864;0.864
1558508386.275;200;0.725;0.728
1558508387.044;200;0.766;0.764
1558508387.704;200;0.658;0.660
1558508388.563;200;0.857;0.860
1558508389.326;200;0.761;0.764
1558508390.061;200;0.731;0.732
1558508390.900;200;0.835;0.840
1558508391.706;200;0.804;0.804
1558508392.429;200;0.721;0.724
1558508393.204;200;0.772;0.776
1558508393.954;200;0.748;0.752
1558508394.777;200;0.820;0.820
1558508395.517;200;0.738;0.740
1558508396.267;200;0.747;0.752
1558508397.020;200;0.751;0.752
1558508397.866;200;0.843;0.848
1558508398.597;200;0.728;0.728
1558508399.328;200;0.728;0.732
1558508400.082;200;0.752;0.756
1558508400.954;200;0.866;0.868
1558508401.711;200;0.754;0.760
1558508402.438;200;0.724;0.724
1558508403.248;200;0.808;0.812
1558508404.076;200;0.826;0.828
1558508404.803;200;0.724;0.728
1558508405.498;200;0.693;0.692
1558508406.254;200;0.750;0.752
1558508407.105;200;0.849;0.848
1558508407.839;200;0.731;0.732
1558508408.566;200;0.725;0.724
1558508409.305;200;0.736;0.740
1558508410.124;200;0.817;0.820
1558508410.909;200;0.783;0.784
1558508411.662;200;0.750;0.752
1558508412.449;200;0.785;0.788
1558508413.280;200;0.828;0.828
1558508414.053;200;0.772;0.772
1558508414.784;200;0.727;0.732
1558508415.522;200;0.735;0.736
1558508416.349;200;0.824;0.824
1558508417.108;200;0.756;0.760
1558508417.838;200;0.727;0.728
1558508418.651;200;0.809;0.808
1558508419.511;200;0.857;0.860
1558508420.258;200;0.744;0.748
1558508420.943;200;0.683;0.684
1558508421.784;200;0.839;0.840
1558508422.618;200;0.831;0.832
1558508423.386;200;0.766;0.768
1558508424.105;200;0.715;0.716
1558508424.881;200;0.772;0.776
1558508425.726;200;0.843;0.844
1558508426.464;200;0.736;0.740
1558508427.206;200;0.740;0.740
1558508428.021;200;0.811;0.812
1558508428.846;200;0.823;0.824
1558508429.554;200;0.705;0.708
1558508430.274;200;0.718;0.720
1558508431.025;200;0.748;0.748
1558508431.854;200;0.825;0.828
1558508432.593;200;0.736;0.736
1558508433.322;200;0.727;0.728
1558508434.079;200;0.754;0.760
1558508434.904;200;0.822;0.824
1558508435.634;200;0.726;0.728
1558508436.393;200;0.757;0.760
1558508437.140;200;0.744;0.744
1558508437.988;200;0.846;0.848
1558508438.764;200;0.774;0.776
1558508439.489;200;0.723;0.724
1558508440.287;200;0.795;0.800
1558508441.128;200;0.838;0.840
1558508441.865;200;0.735;0.736
1558508442.637;200;0.769;0.772
1558508443.382;200;0.741;0.744
1558508444.221;200;0.836;0.840
1558508444.966;200;0.742;0.744
1558508445.667;200;0.698;0.700
1558508446.379;200;0.709;0.712
1558508447.232;200;0.850;0.852
1558508447.964;200;0.730;0.732
1558508448.718;200;0.752;0.752
1558508449.444;200;0.723;0.728
1558508450.281;200;0.835;0.836
1558508451.032;200;0.748;0.748
1558508451.748;200;0.710;0.712
1558508452.538;200;0.788;0.792
1558508453.373;200;0.832;0.832
1558508454.130;200;0.754;0.756
1558508454.861;200;0.724;0.724
1558508455.647;200;0.784;0.788
1558508456.485;200;0.836;0.832
1558508457.236;200;0.749;0.752
1558508457.956;200;0.718;0.720
1558508458.688;200;0.729;0.732
1558508459.529;200;0.837;0.840
1558508460.276;200;0.745;0.748
1558508460.998;200;0.719;0.724
1558508461.758;200;0.757;0.756
1558508462.622;200;0.860;0.864
1558508463.359;200;0.733;0.736
1558508464.084;200;0.723;0.724
1558508464.822;200;0.733;0.732
1558508465.652;200;0.827;0.824
1558508466.416;200;0.761;0.764
1558508467.146;200;0.727;0.728
1558508467.912;200;0.762;0.764
1558508468.725;200;0.809;0.812
1558508469.476;200;0.748;0.752
1558508470.216;200;0.738;0.736
1558508470.896;200;0.678;0.680
1558508471.721;200;0.823;0.824
1558508472.475;200;0.751;0.756
1558508473.230;200;0.752;0.752
1558508473.979;200;0.746;0.744
1558508474.808;200;0.824;0.828
1558508475.573;200;0.762;0.760
1558508476.267;200;0.692;0.696
1558508476.998;200;0.729;0.728
1558508477.817;200;0.816;0.816
1558508478.493;200;0.674;0.676
1558508479.203;200;0.706;0.712
1558508479.963;200;0.758;0.760
1558508480.794;200;0.828;0.828
1558508481.526;200;0.729;0.728
1558508482.278;200;0.749;0.752
1558508483.049;200;0.727;0.728
1558508483.871;200;0.817;0.820
1558508484.614;200;0.739;0.740
1558508485.332;200;0.715;0.720
1558508486.025;200;0.691;0.692
1558508486.829;200;0.801;0.800
1558508487.609;200;0.778;0.780
1558508488.358;200;0.747;0.748
1558508489.116;200;0.755;0.760
1558508489.952;200;0.832;0.836
1558508490.700;200;0.746;0.748
1558508491.410;200;0.706;0.708
1558508492.125;200;0.711;0.708
1558508492.975;200;0.848;0.852
1558508493.711;200;0.735;0.736
1558508494.427;200;0.714;0.712
1558508495.170;200;0.741;0.740
1558508496.000;200;0.828;0.832
1558508496.749;200;0.745;0.748
1558508497.448;200;0.696;0.700
1558508498.202;200;0.752;0.752
1558508499.053;200;0.847;0.848
1558508499.844;200;0.787;0.792
1558508500.556;200;0.710;0.712
1558508501.328;200;0.770;0.772
1558508502.151;200;0.821;0.824
1558508502.911;200;0.757;0.760
1558508503.643;200;0.730;0.728
1558508504.384;200;0.738;0.740
1558508505.276;200;0.890;0.888
1558508506.024;200;0.746;0.748
1558508506.750;200;0.724;0.724
1558508507.440;200;0.687;0.692
1558508508.286;200;0.844;0.844
1558508509.024;200;0.736;0.740
1558508509.764;200;0.735;0.740
1558508510.463;200;0.697;0.700
1558508511.305;200;0.840;0.840
1558508512.056;200;0.747;0.752
1558508512.775;200;0.716;0.716
1558508513.552;200;0.774;0.776
1558508514.368;200;0.814;0.817
1558508515.141;200;0.769;0.772
1558508515.872;200;0.728;0.732
1558508516.614;200;0.740;0.740
1558508517.450;200;0.833;0.836
1558508518.167;200;0.715;0.716
1558508518.902;200;0.732;0.732
1558508519.706;200;0.800;0.800
1558508520.528;200;0.820;0.824
1558508521.305;200;0.775;0.776
1558508522.026;200;0.717;0.720
1558508522.824;200;0.796;0.796
1558508523.676;200;0.848;0.848
1558508524.408;200;0.728;0.732
1558508525.129;200;0.719;0.720
1558508525.931;200;0.798;0.800
1558508526.777;200;0.844;0.844
1558508527.522;200;0.743;0.744
1558508528.266;200;0.742;0.744
1558508529.039;200;0.771;0.776
1558508529.864;200;0.822;0.824
1558508530.639;200;0.771;0.772
1558508531.405;200;0.764;0.768
1558508532.193;200;0.785;0.788
1558508533.020;200;0.824;0.828
1558508533.756;200;0.734;0.736
1558508534.474;200;0.716;0.716
1558508535.208;200;0.731;0.736
1558508536.009;200;0.799;0.800
1558508536.739;200;0.727;0.732
1558508537.459;200;0.718;0.720
1558508538.204;200;0.743;0.740
1558508539.058;200;0.852;0.852
1558508539.798;200;0.738;0.740
1558508540.494;200;0.694;0.696
1558508541.339;200;0.842;0.844
1558508542.168;200;0.827;0.824
1558508542.901;200;0.731;0.732
1558508543.626;200;0.721;0.724
1558508544.365;200;0.736;0.740
1558508545.205;200;0.834;0.836
1558508545.972;200;0.764;0.768
1558508546.712;200;0.738;0.740
1558508547.453;200;0.739;0.740
1558508548.304;200;0.849;0.852
1558508549.057;200;0.751;0.752
1558508549.812;200;0.750;0.752
1558508550.553;200;0.737;0.740
1558508551.376;200;0.820;0.820
1558508552.109;200;0.730;0.732
1558508552.832;200;0.720;0.720
1558508553.611;200;0.776;0.776
1558508554.453;200;0.840;0.840
1558508555.248;200;0.792;0.796
1558508555.975;200;0.724;0.728
1558508556.786;200;0.809;0.808
1558508557.628;200;0.840;0.844
1558508558.314;200;0.684;0.684
1558508559.054;200;0.738;0.740
1558508559.780;200;0.721;0.724
1558508560.651;200;0.867;0.872
1558508561.397;200;0.744;0.744
1558508562.142;200;0.743;0.744
1558508562.957;200;0.811;0.812
1558508563.793;200;0.834;0.836
1558508564.525;200;0.729;0.732
1558508565.256;200;0.727;0.728
1558508566.009;200;0.751;0.752
1558508566.847;200;0.835;0.836
1558508567.576;200;0.727;0.732
1558508568.308;200;0.729;0.732
1558508569.059;200;0.749;0.752
1558508569.916;200;0.855;0.856
1558508570.662;200;0.743;0.744
1558508571.412;200;0.748;0.752
1558508572.204;200;0.790;0.792
1558508573.012;200;0.802;0.804
1558508573.757;200;0.742;0.744
1558508574.512;200;0.751;0.756
1558508575.249;200;0.735;0.736
1558508576.053;200;0.801;0.804
1558508576.843;200;0.788;0.788
1558508577.595;200;0.750;0.752
1558508578.376;200;0.779;0.780
1558508579.178;200;0.800;0.800
1558508579.927;200;0.746;0.748
1558508580.671;200;0.741;0.740
1558508581.431;200;0.757;0.760
1558508582.247;200;0.813;0.812
1558508582.995;200;0.745;0.744
1558508583.725;200;0.727;0.728
1558508584.520;200;0.792;0.796
1558508585.331;200;0.807;0.812
1558508586.079;200;0.747;0.748
1558508586.807;200;0.726;0.728
1558508587.584;200;0.775;0.772
1558508588.380;200;0.794;0.792
1558508589.116;200;0.734;0.736
1558508589.872;200;0.753;0.756
1558508590.636;200;0.762;0.764
1558508591.483;200;0.845;0.848
1558508592.215;200;0.730;0.732
1558508592.967;200;0.750;0.752
1558508593.757;200;0.787;0.788
1558508594.579;200;0.818;0.824
1558508595.326;200;0.745;0.744
1558508596.058;200;0.730;0.732
1558508596.794;200;0.733;0.736
1558508597.595;200;0.798;0.800
1558508598.339;200;0.742;0.744
1558508599.105;200;0.763;0.764
1558508599.928;200;0.820;0.824
1558508600.731;200;0.800;0.804
1558508601.468;200;0.735;0.736
1558508602.211;200;0.740;0.740
1558508603.009;200;0.796;0.796
1558508603.817;200;0.805;0.808
1558508604.575;200;0.755;0.760
1558508605.315;200;0.737;0.740
1558508606.099;200;0.781;0.784
1558508606.934;200;0.833;0.832
1558508607.680;200;0.742;0.744
1558508608.421;200;0.739;0.740
1558508609.197;200;0.773;0.776
1558508610.024;200;0.824;0.828
1558508610.755;200;0.728;0.732
1558508611.471;200;0.715;0.712
1558508612.250;200;0.777;0.780
1558508613.116;200;0.861;0.864
1558508613.844;200;0.724;0.728
1558508614.577;200;0.729;0.732
1558508615.349;200;0.769;0.772
1558508616.135;200;0.784;0.784
1558508616.878;200;0.741;0.744
1558508617.596;200;0.716;0.720
1558508618.321;200;0.723;0.720
1558508619.182;200;0.858;0.860
1558508619.953;200;0.769;0.772
1558508620.688;200;0.732;0.736
1558508621.457;200;0.768;0.768
1558508622.273;200;0.813;0.816
1558508623.031;200;0.756;0.760
1558508623.770;200;0.737;0.736
1558508624.577;200;0.802;0.804
1558508625.415;200;0.835;0.840
1558508626.196;200;0.779;0.780
1558508626.904;200;0.705;0.708
1558508627.697;200;0.791;0.788
1558508628.530;200;0.830;0.832
1558508629.265;200;0.733;0.736
1558508629.981;200;0.713;0.716
1558508630.717;200;0.734;0.736
1558508631.546;200;0.826;0.828
1558508632.321;200;0.772;0.768
1558508633.061;200;0.728;0.728
1558508633.906;200;0.841;0.840
1558508634.740;200;0.828;0.828
1558508635.503;200;0.762;0.764
1558508636.260;200;0.754;0.752
1558508637.020;200;0.759;0.760
1558508637.832;200;0.811;0.812
1558508638.571;200;0.735;0.740
1558508639.308;200;0.735;0.736
1558508640.065;200;0.753;0.756
1558508640.862;200;0.794;0.796
1558508641.615;200;0.750;0.756
1558508642.344;200;0.727;0.728
1558508643.129;200;0.781;0.784
1558508643.996;200;0.863;0.864
1558508644.729;200;0.729;0.732
1558508645.505;200;0.774;0.776
1558508646.263;200;0.754;0.760
1558508647.098;200;0.832;0.832
1558508647.855;200;0.754;0.756
1558508648.594;200;0.737;0.740
1558508649.361;200;0.765;0.768
1558508650.192;200;0.829;0.832
1558508650.918;200;0.723;0.724
1558508651.656;200;0.736;0.740
1558508652.393;200;0.735;0.736
1558508653.215;200;0.818;0.820
1558508653.929;200;0.711;0.712
1558508654.662;200;0.729;0.728
1558508655.438;200;0.774;0.776
1558508656.256;200;0.816;0.820
1558508657.008;200;0.750;0.748
1558508657.745;200;0.734;0.736
1558508658.492;200;0.745;0.748
1558508659.309;200;0.814;0.816
1558508660.050;200;0.739;0.740
1558508660.788;200;0.735;0.740
1558508661.620;200;0.828;0.828
1558508662.423;200;0.800;0.804
1558508663.193;200;0.767;0.764
1558508663.923;200;0.727;0.732
1558508664.669;200;0.743;0.744
1558508665.499;200;0.828;0.832
1558508666.282;200;0.781;0.780
1558508667.066;200;0.782;0.784
1558508667.844;200;0.775;0.772
1558508668.653;200;0.805;0.808
1558508669.418;200;0.762;0.764
1558508670.127;200;0.706;0.712
1558508670.901;200;0.771;0.772
1558508671.727;200;0.823;0.824
1558508672.468;200;0.737;0.740
1558508673.206;200;0.735;0.736
1558508673.957;200;0.749;0.752
1558508674.758;200;0.798;0.800
1558508675.491;200;0.730;0.736
1558508676.236;200;0.743;0.744
1558508677.049;200;0.809;0.812
1558508677.867;200;0.815;0.820
1558508678.583;200;0.713;0.712
1558508679.308;200;0.723;0.728
1558508680.054;200;0.743;0.744
1558508680.921;200;0.863;0.864
1558508681.659;200;0.735;0.740
1558508682.410;200;0.749;0.748
1558508683.204;200;0.791;0.796
1558508684.024;200;0.817;0.820
1558508684.800;200;0.769;0.772
1558508685.524;200;0.722;0.724
1558508686.301;200;0.776;0.772
1558508687.116;200;0.813;0.816
1558508687.872;200;0.754;0.752
1558508688.617;200;0.742;0.740
1558508689.391;200;0.770;0.776
1558508690.201;200;0.807;0.808
1558508690.949;200;0.745;0.748
1558508691.640;200;0.689;0.692
1558508692.387;200;0.743;0.748
1558508693.233;200;0.843;0.844
1558508693.992;200;0.756;0.760
1558508694.741;200;0.746;0.748
1558508695.509;200;0.767;0.768
1558508696.294;200;0.783;0.784
1558508697.048;200;0.752;0.752
1558508697.771;200;0.721;0.720
1558508698.560;200;0.787;0.792
1558508699.368;200;0.805;0.808
1558508700.121;200;0.750;0.752
1558508700.852;200;0.728;0.732
1558508701.582;200;0.728;0.728
1558508702.418;200;0.833;0.836
1558508703.159;200;0.737;0.740
1558508703.866;200;0.705;0.704
1558508704.653;200;0.783;0.784
1558508705.456;200;0.800;0.804
1558508706.211;200;0.752;0.756
1558508706.923;200;0.710;0.712
1558508707.727;200;0.802;0.804
1558508708.536;200;0.807;0.808
1558508709.263;200;0.726;0.728
1558508710.019;200;0.754;0.752
1558508710.773;200;0.752;0.752
1558508711.570;200;0.794;0.796
1558508712.341;200;0.768;0.772
1558508713.088;200;0.743;0.744
1558508713.855;200;0.764;0.764
1558508714.668;200;0.809;0.812
1558508715.418;200;0.747;0.748
1558508716.145;200;0.725;0.728
1558508716.857;200;0.707;0.708
1558508717.679;200;0.820;0.820
1558508718.428;200;0.747;0.744
1558508719.159;200;0.729;0.728
1558508719.948;200;0.786;0.788
1558508720.728;200;0.778;0.780
1558508721.488;200;0.758;0.760
1558508722.204;200;0.714;0.716
1558508722.985;200;0.778;0.780
1558508723.793;200;0.805;0.808
1558508724.545;200;0.746;0.748
1558508725.272;200;0.725;0.728
1558508725.981;200;0.706;0.708
1558508726.799;200;0.816;0.816
1558508727.560;200;0.759;0.764
1558508728.281;200;0.720;0.720
1558508729.041;200;0.758;0.756
1558508729.856;200;0.813;0.812
1558508730.624;200;0.766;0.764
1558508731.367;200;0.740;0.740
1558508732.139;200;0.770;0.776
1558508732.953;200;0.812;0.812
1558508733.699;200;0.744;0.748
1558508734.408;200;0.707;0.708
1558508735.111;200;0.701;0.704
1558508735.911;200;0.798;0.800
1558508736.653;200;0.740;0.740
1558508737.380;200;0.724;0.724
1558508738.108;200;0.725;0.728
1558508738.925;200;0.814;0.816
1558508739.667;200;0.740;0.740
1558508740.453;200;0.783;0.784
1558508741.212;200;0.757;0.760
1558508742.024;200;0.811;0.808
1558508742.805;200;0.779;0.780
1558508743.530;200;0.723;0.724
1558508744.265;200;0.733;0.732
1558508745.088;200;0.820;0.824
1558508745.838;200;0.747;0.748
1558508746.559;200;0.720;0.724
1558508747.335;200;0.774;0.776
1558508748.167;200;0.829;0.832
1558508748.905;200;0.736;0.736
1558508749.632;200;0.724;0.724
1558508750.408;200;0.773;0.776
1558508751.236;200;0.824;0.828
1558508751.945;200;0.707;0.708
1558508752.660;200;0.713;0.716
1558508753.420;200;0.757;0.760
1558508754.224;200;0.802;0.804
1558508754.987;200;0.758;0.764
1558508755.727;200;0.738;0.740
1558508756.498;200;0.769;0.768
1558508757.317;200;0.817;0.820
1558508758.051;200;0.731;0.736
1558508758.771;200;0.718;0.720
1558508759.496;200;0.723;0.724
1558508760.321;200;0.823;0.824
1558508761.048;200;0.723;0.728
1558508761.779;200;0.728;0.728
1558508762.516;200;0.735;0.740
1558508763.341;200;0.822;0.824
1558508764.113;200;0.770;0.772
1558508764.833;200;0.717;0.720
1558508765.579;200;0.744;0.744
1558508766.387;200;0.806;0.812
1558508767.060;200;0.671;0.672
1558508767.792;200;0.730;0.732
1558508768.535;200;0.739;0.744
1558508769.350;200;0.813;0.812
1558508770.085;200;0.732;0.736
1558508770.812;200;0.724;0.728
1558508771.557;200;0.744;0.744
1558508772.348;200;0.789;0.792
1558508773.100;200;0.750;0.752
1558508773.823;200;0.720;0.724
1558508774.523;200;0.697;0.696
1558508775.352;200;0.828;0.832
1558508776.083;200;0.729;0.732
1558508776.823;200;0.737;0.736
1558508777.574;200;0.749;0.748
1558508778.413;200;0.821;0.824
1558508779.191;200;0.773;0.772
1558508779.895;200;0.702;0.708
1558508780.624;200;0.726;0.724
1558508781.428;200;0.801;0.804
1558508782.186;200;0.755;0.756
1558508782.916;200;0.728;0.732
1558508783.675;200;0.745;0.748
1558508784.466;200;0.788;0.788
1558508785.196;200;0.728;0.728
1558508785.918;200;0.720;0.720
1558508786.663;200;0.743;0.744
1558508787.459;200;0.793;0.792
1558508788.237;200;0.777;0.780
1558508788.970;200;0.730;0.732
1558508789.755;200;0.783;0.784
1558508790.598;200;0.840;0.840
1558508791.348;200;0.748;0.752
1558508792.077;200;0.727;0.728
1558508792.843;200;0.764;0.768
1558508793.688;200;0.843;0.840
1558508794.456;200;0.764;0.768
1558508795.177;200;0.717;0.720
1558508795.873;200;0.690;0.692
1558508796.680;200;0.805;0.804
1558508797.434;200;0.752;0.752
1558508798.170;200;0.723;0.724
1558508798.929;200;0.757;0.760
1558508799.737;200;0.806;0.808
1558508800.504;200;0.765;0.764
1558508801.224;200;0.719;0.724
1558508801.977;200;0.752;0.752
1558508802.905;200;0.926;0.928
1558508803.673;200;0.765;0.768
1558508804.384;200;0.707;0.712
1558508805.139;200;0.752;0.756
1558508805.952;200;0.811;0.812
1558508806.689;200;0.734;0.736
1558508807.419;200;0.728;0.732
1558508808.176;200;0.755;0.756
1558508808.972;200;0.793;0.796
1558508809.753;200;0.780;0.780
1558508810.468;200;0.713;0.716
1558508811.161;200;0.690;0.692
1558508811.975;200;0.810;0.816
1558508812.709;200;0.733;0.732
1558508813.500;200;0.787;0.788
1558508814.268;200;0.765;0.764
1558508815.086;200;0.814;0.816
1558508815.819;200;0.730;0.736
1558508816.559;200;0.738;0.736
1558508817.275;200;0.715;0.716
1558508818.067;200;0.790;0.792
1558508818.811;200;0.742;0.748
1558508819.516;200;0.703;0.704
1558508820.219;200;0.702;0.704
1558508821.074;200;0.853;0.852
1558508821.808;200;0.732;0.736
1558508822.521;200;0.711;0.712
1558508823.294;200;0.770;0.772
1558508824.102;200;0.806;0.808
1558508824.851;200;0.746;0.748
1558508825.565;200;0.713;0.716
1558508826.269;200;0.701;0.704
1558508827.104;200;0.831;0.836
1558508827.844;200;0.737;0.740
1558508828.567;200;0.721;0.720
1558508829.373;200;0.804;0.804
1558508830.171;200;0.796;0.796
1558508830.903;200;0.730;0.736
1558508831.632;200;0.727;0.728
1558508832.397;200;0.762;0.764
1558508833.227;200;0.828;0.828
1558508833.965;200;0.736;0.736
1558508834.665;200;0.696;0.700
1558508835.408;200;0.740;0.744
1558508836.205;200;0.794;0.796
1558508836.941;200;0.731;0.732
1558508837.666;200;0.722;0.724
1558508838.411;200;0.743;0.744
1558508839.211;200;0.798;0.800
1558508839.979;200;0.766;0.764
1558508840.707;200;0.727;0.728
1558508841.517;200;0.808;0.812
1558508842.329;200;0.810;0.812
1558508843.054;200;0.722;0.724
1558508843.795;200;0.739;0.744
1558508844.602;200;0.798;0.800
1558508845.391;200;0.788;0.792
1558508846.143;200;0.750;0.752
1558508846.875;200;0.730;0.728
1558508847.619;200;0.743;0.744
1558508848.443;200;0.822;0.828
1558508849.171;200;0.726;0.724
1558508849.883;200;0.710;0.712
1558508850.649;200;0.764;0.768
1558508851.481;200;0.829;0.832
1558508852.214;200;0.731;0.732
1558508852.918;200;0.702;0.704
1558508853.663;200;0.743;0.744
1558508854.478;200;0.813;0.816
1558508855.225;200;0.745;0.748
1558508855.951;200;0.723;0.724
1558508856.765;200;0.813;0.812
1558508857.595;200;0.828;0.828
1558508858.333;200;0.737;0.740
1558508859.089;200;0.753;0.756
1558508859.846;200;0.754;0.756
1558508860.661;200;0.813;0.816
1558508861.415;200;0.752;0.752
1558508862.129;200;0.712;0.716
1558508862.912;200;0.779;0.784
1558508863.772;200;0.858;0.860
1558508864.483;200;0.708;0.708
1558508865.224;200;0.739;0.744
1558508865.952;200;0.725;0.728
1558508866.767;200;0.812;0.816
1558508867.540;200;0.771;0.772
1558508868.253;200;0.711;0.712
1558508868.988;200;0.732;0.736
1558508869.809;200;0.819;0.820
1558508870.549;200;0.737;0.740
1558508871.291;200;0.738;0.740
1558508872.053;200;0.760;0.760
1558508872.883;200;0.828;0.832
1558508873.620;200;0.735;0.736
1558508874.383;200;0.761;0.760
1558508875.121;200;0.735;0.736
1558508875.930;200;0.805;0.808
1558508876.691;200;0.759;0.760
1558508877.416;200;0.724;0.728
1558508878.169;200;0.750;0.752
1558508878.996;200;0.824;0.828
1558508879.725;200;0.728;0.728
1558508880.496;200;0.767;0.772
1558508881.263;200;0.764;0.764
1558508882.088;200;0.824;0.828
1558508882.845;200;0.755;0.756
1558508883.592;200;0.745;0.744
1558508884.336;200;0.743;0.744
1558508885.128;200;0.789;0.792
1558508885.866;200;0.735;0.736
1558508886.571;200;0.703;0.708
1558508887.339;200;0.766;0.764
1558508888.133;200;0.792;0.796
1558508888.865;200;0.729;0.732
1558508889.603;200;0.733;0.732
1558508890.291;200;0.686;0.688
1558508891.101;200;0.809;0.812
1558508891.857;200;0.754;0.756
1558508892.576;200;0.717;0.720
1558508893.295;200;0.717;0.720
1558508894.110;200;0.813;0.812
1558508894.846;200;0.733;0.732
1558508895.573;200;0.724;0.728
1558508896.325;200;0.750;0.752
1558508897.120;200;0.794;0.796
1558508897.858;200;0.736;0.736
1558508898.574;200;0.713;0.716
1558508899.314;200;0.738;0.740
1558508900.096;200;0.780;0.784
1558508900.843;200;0.746;0.744
1558508901.579;200;0.733;0.736
1558508902.355;200;0.774;0.776
1558508903.179;200;0.822;0.824
1558508903.913;200;0.732;0.732
1558508904.656;200;0.740;0.740
1558508905.397;200;0.738;0.740
1558508906.206;200;0.807;0.808
1558508906.947;200;0.739;0.744
1558508907.673;200;0.724;0.724
1558508908.421;200;0.745;0.748
1558508909.265;200;0.842;0.844
1558508910.005;200;0.738;0.740
1558508910.744;200;0.736;0.740
1558508911.471;200;0.724;0.728
1558508912.304;200;0.831;0.832
1558508913.074;200;0.765;0.768
1558508913.776;200;0.700;0.704
1558508914.479;200;0.701;0.704
1558508915.291;200;0.810;0.808
1558508916.035;200;0.742;0.744
1558508916.744;200;0.707;0.708
1558508917.529;200;0.783;0.784
1558508918.344;200;0.812;0.812
1558508919.083;200;0.735;0.736
1558508919.804;200;0.719;0.720
1558508920.565;200;0.760;0.760
1558508921.381;200;0.814;0.816
1558508922.111;200;0.728;0.732
1558508922.848;200;0.735;0.732
1558508923.607;200;0.757;0.756
1558508924.474;200;0.866;0.868
1558508925.244;200;0.768;0.772
1558508925.972;200;0.725;0.728
1558508926.720;200;0.746;0.748
1558508927.546;200;0.824;0.824
1558508928.295;200;0.747;0.748
1558508929.005;200;0.708;0.712
1558508929.745;200;0.738;0.736
1558508930.574;200;0.826;0.828
1558508931.313;200;0.735;0.736
1558508932.050;200;0.734;0.736
1558508932.848;200;0.796;0.800
1558508933.686;200;0.836;0.836
1558508934.447;200;0.758;0.760
1558508935.228;200;0.779;0.780
1558508936.004;200;0.772;0.772
1558508936.820;200;0.814;0.816
1558508937.567;200;0.744;0.744
1558508938.273;200;0.704;0.704
1558508939.043;200;0.767;0.772
1558508939.859;200;0.814;0.816
1558508940.589;200;0.728;0.728
1558508941.346;200;0.755;0.756
1558508942.083;200;0.734;0.736
1558508942.895;200;0.809;0.808
1558508943.623;200;0.726;0.728
1558508944.364;200;0.737;0.740
1558508945.131;200;0.762;0.764
1558508945.932;200;0.798;0.800
1558508946.661;200;0.726;0.724
1558508947.371;200;0.708;0.708
1558508948.176;200;0.803;0.804
1558508948.970;200;0.793;0.792
1558508949.719;200;0.747;0.748
1558508950.433;200;0.712;0.716
1558508951.175;200;0.739;0.740
1558508951.967;200;0.790;0.788
1558508952.717;200;0.748;0.752
1558508953.505;200;0.785;0.788
1558508954.223;200;0.715;0.716
1558508955.087;200;0.862;0.860
1558508955.852;200;0.763;0.764
1558508956.588;200;0.734;0.736
1558508957.284;200;0.694;0.692
1558508958.089;200;0.801;0.804
1558508958.841;200;0.749;0.752
1558508959.603;200;0.760;0.760
1558508960.351;200;0.747;0.748
1558508961.180;200;0.827;0.832
1558508961.920;200;0.737;0.740
1558508962.648;200;0.726;0.724
1558508963.412;200;0.760;0.764
1558508964.232;200;0.818;0.816
1558508964.999;200;0.762;0.768
1558508965.695;200;0.694;0.692
1558508966.456;200;0.759;0.764
1558508967.278;200;0.819;0.820
1558508968.001;200;0.720;0.724
1558508968.723;200;0.719;0.724
1558508969.498;200;0.773;0.772
1558508970.325;200;0.826;0.828
1558508971.097;200;0.770;0.772
1558508971.841;200;0.741;0.744
1558508972.589;200;0.741;0.744
1558508973.528;200;0.936;0.940
1558508974.243;200;0.712;0.712
1558508974.964;200;0.719;0.720
1558508975.791;200;0.825;0.824
1558508976.627;200;0.834;0.840
1558508977.363;200;0.734;0.732
1558508978.068;200;0.703;0.704
1558508978.835;200;0.763;0.764
1558508979.654;200;0.815;0.816
1558508980.413;200;0.757;0.760
1558508981.176;200;0.759;0.764
1558508981.949;200;0.771;0.772
1558508982.800;200;0.847;0.848
1558508983.536;200;0.735;0.732
1558508984.253;200;0.714;0.716
1558508985.044;200;0.789;0.792
1558508985.920;200;0.875;0.872
1558508986.669;200;0.746;0.744
1558508987.391;200;0.720;0.724
1558508988.180;200;0.787;0.784
1558508989.027;200;0.846;0.848
1558508989.783;200;0.751;0.752
1558508990.505;200;0.721;0.724
1558508991.300;200;0.793;0.796
1558508992.147;200;0.844;0.848
1558508992.931;200;0.781;0.780
1558508993.674;200;0.741;0.744
1558508994.416;200;0.740;0.744
1558508995.233;200;0.814;0.816
1558508995.999;200;0.764;0.769
1558508996.743;200;0.742;0.740
1558508997.501;200;0.757;0.760
1558508998.326;200;0.823;0.824
1558508999.066;200;0.738;0.740
1558508999.785;200;0.718;0.720
1558509000.553;200;0.766;0.768
1558509001.375;200;0.819;0.820
1558509002.109;200;0.732;0.736
1558509002.816;200;0.704;0.708
1558509003.584;200;0.767;0.768
1558509004.425;200;0.839;0.840
1558509005.173;200;0.746;0.748
1558509005.898;200;0.722;0.724
1558509006.685;200;0.784;0.788
1558509007.536;200;0.849;0.852
1558509008.293;200;0.756;0.756
1558509009.016;200;0.721;0.724
1558509009.685;200;0.667;0.668
1558509010.500;200;0.812;0.816
1558509011.249;200;0.747;0.748
1558509011.977;200;0.723;0.724
1558509012.739;200;0.760;0.760
1558509013.596;200;0.854;0.856
1558509014.389;200;0.791;0.792
1558509015.093;200;0.701;0.704
1558509015.828;200;0.732;0.736
1558509016.649;200;0.818;0.820
1558509017.396;200;0.744;0.744
1558509018.112;200;0.714;0.716
1558509018.926;200;0.813;0.812
1558509019.815;200;0.887;0.888
1558509020.568;200;0.752;0.752
1558509021.303;200;0.732;0.732
1558509022.127;200;0.823;0.828
1558509022.967;200;0.837;0.836
1558509023.727;200;0.756;0.756
1558509024.456;200;0.726;0.728
1558509025.231;200;0.772;0.772
1558509026.078;200;0.844;0.844
1558509026.788;200;0.708;0.712
1558509027.518;200;0.725;0.728
1558509028.237;200;0.717;0.720
1558509029.052;200;0.813;0.816
1558509029.823;200;0.769;0.772
1558509030.543;200;0.718;0.716
1558509031.244;200;0.699;0.700
1558509032.063;200;0.816;0.816
1558509032.806;200;0.741;0.744
1558509033.541;200;0.733;0.736
1558509034.295;200;0.751;0.752
1558509035.102;200;0.804;0.804
1558509035.851;200;0.747;0.752
1558509036.565;200;0.711;0.712
1558509037.301;200;0.734;0.736
1558509038.157;200;0.852;0.856
1558509038.907;200;0.747;0.748
1558509039.631;200;0.722;0.724
1558509040.400;200;0.767;0.768
1558509041.206;200;0.805;0.804
1558509041.960;200;0.752;0.752
1558509042.663;200;0.701;0.700
1558509043.437;200;0.772;0.776
1558509044.265;200;0.826;0.828
1558509045.007;200;0.739;0.740
1558509045.720;200;0.712;0.716
1558509046.504;200;0.782;0.784
1558509047.360;200;0.851;0.856
1558509048.094;200;0.732;0.732
1558509048.820;200;0.724;0.728
1558509049.555;200;0.733;0.732
1558509050.374;200;0.817;0.820
1558509051.143;200;0.767;0.768
1558509051.893;200;0.749;0.752
1558509052.627;200;0.731;0.732
1558509053.438;200;0.809;0.812
1558509054.172;200;0.732;0.736
1558509054.879;200;0.703;0.704
1558509055.647;200;0.766;0.764
1558509056.448;200;0.799;0.804
1558509057.229;200;0.779;0.780
1558509057.998;200;0.767;0.768
1558509058.746;200;0.746;0.748
1558509059.567;200;0.819;0.820
1558509060.300;200;0.732;0.732
1558509061.024;200;0.722;0.724
1558509061.823;200;0.796;0.796
1558509062.674;200;0.849;0.852
1558509063.427;200;0.751;0.752
1558509064.159;200;0.730;0.732
1558509064.895;200;0.733;0.732
1558509065.699;200;0.803;0.804
1558509066.449;200;0.745;0.748
1558509067.161;200;0.710;0.712
1558509067.938;200;0.775;0.776
1558509068.755;200;0.814;0.816
1558509069.488;200;0.731;0.736
1558509070.226;200;0.736;0.736
1558509070.971;200;0.743;0.744
1558509071.773;200;0.801;0.804
1558509072.536;200;0.761;0.764
1558509073.344;200;0.805;0.808
1558509074.100;200;0.754;0.756
1558509074.915;200;0.811;0.812
1558509075.680;200;0.763;0.764
1558509076.391;200;0.708;0.708
1558509077.152;200;0.760;0.764
1558509077.967;200;0.813;0.812
1558509078.709;200;0.740;0.744
1558509079.439;200;0.727;0.728
1558509080.167;200;0.726;0.728
1558509080.978;200;0.810;0.812
1558509081.732;200;0.752;0.756
1558509082.478;200;0.726;0.728
1558509083.268;200;0.788;0.792
1558509084.065;200;0.796;0.796
1558509084.806;200;0.738;0.740
1558509085.501;200;0.693;0.696
1558509086.279;200;0.775;0.776
1558509087.105;200;0.824;0.828
1558509087.844;200;0.737;0.740
1558509088.549;200;0.704;0.704
1558509089.320;200;0.768;0.772
1558509090.136;200;0.815;0.816
1558509090.911;200;0.773;0.772
1558509091.643;200;0.730;0.728
1558509092.336;200;0.691;0.696
1558509093.173;200;0.836;0.836
1558509093.931;200;0.756;0.756
1558509094.677;200;0.742;0.740
1558509095.463;200;0.783;0.784
1558509096.281;200;0.816;0.820
1558509097.037;200;0.754;0.756
1558509097.735;200;0.695;0.696
1558509098.428;200;0.691;0.692
1558509099.244;200;0.814;0.816
1558509099.974;200;0.729;0.728
1558509100.706;200;0.730;0.732
1558509101.462;200;0.754;0.756
1558509102.304;200;0.840;0.844
1558509103.060;200;0.755;0.756
1558509103.780;200;0.718;0.720
1558509104.558;200;0.774;0.776
1558509105.385;200;0.825;0.828
1558509106.108;200;0.721;0.724
1558509106.808;200;0.699;0.700
1558509107.564;200;0.754;0.756
1558509108.421;200;0.856;0.856
1558509109.171;200;0.748;0.748
1558509109.915;200;0.743;0.744
1558509110.679;200;0.762;0.764
1558509111.500;200;0.819;0.820
1558509112.236;200;0.735;0.736
1558509112.960;200;0.721;0.724
1558509113.663;200;0.702;0.700
1558509114.464;200;0.799;0.804
1558509115.221;200;0.755;0.756
1558509115.964;200;0.741;0.744
1558509116.716;200;0.750;0.748
1558509117.533;200;0.814;0.816
1558509118.253;200;0.718;0.716
1558509118.963;200;0.708;0.708
1558509119.745;200;0.780;0.784
1558509120.558;200;0.811;0.812
1558509121.289;200;0.729;0.732
1558509121.996;200;0.704;0.704
1558509122.782;200;0.785;0.784
1558509123.627;200;0.843;0.844
1558509124.361;200;0.733;0.736
1558509125.111;200;0.744;0.744
1558509125.869;200;0.756;0.760
1558509126.681;200;0.810;0.812
1558509127.390;200;0.707;0.708
1558509128.114;200;0.722;0.724
1558509128.802;200;0.686;0.688
1558509129.608;200;0.804;0.808
1558509130.359;200;0.748;0.748
1558509131.098;200;0.738;0.740
1558509131.744;200;0.644;0.648
1558509132.578;200;0.832;0.832
1558509133.330;200;0.751;0.752
1558509134.047;200;0.715;0.716
1558509134.828;200;0.778;0.780
1558509135.633;200;0.804;0.800
1558509136.380;200;0.745;0.748
1558509137.083;200;0.701;0.700
1558509137.814;200;0.729;0.732
1558509138.628;200;0.811;0.812
1558509139.362;200;0.733;0.736
1558509140.088;200;0.724;0.724
1558509140.888;200;0.797;0.800
1558509141.746;200;0.856;0.856
