[OVERALL], RunTime(ms), 1151276
[OVERALL], Throughput(ops/sec), 1.3029021711561781
[TOTAL_GCS_G1_Young_Generation], Count, 6
[TOTAL_GC_TIME_G1_Young_Generation], Time(ms), 122
[TOTAL_GC_TIME_%_G1_Young_Generation], Time(%), 0.010596937658736915
[TOTAL_GCS_G1_Old_Generation], Count, 0
[TOTAL_GC_TIME_G1_Old_Generation], Time(ms), 0
[TOTAL_GC_TIME_%_G1_Old_Generation], Time(%), 0.0
[TOTAL_GCs], Count, 6
[TOTAL_GC_TIME], Time(ms), 122
[TOTAL_GC_TIME_%], Time(%), 0.010596937658736915
[READ], Operations, 1500
[READ], AverageLatency(us), 766931.2853333333
[READ], MinLatency(us), 636416
[READ], MaxLatency(us), 934399
[READ], 95thPercentileLatency(us), 850943
[READ], 99thPercentileLatency(us), 877567
[READ], Return=OK, 1500
[CLEANUP], Operations, 1
[CLEANUP], AverageLatency(us), 3.0
[CLEANUP], MinLatency(us), 3
[CLEANUP], MaxLatency(us), 3
[CLEANUP], 95thPercentileLatency(us), 3
[CLEANUP], 99thPercentileLatency(us), 3
