[WARN]  Running against a source checkout. In order to get our runtime dependencies we'll have to invoke Maven. Depending on the state of your system, this may take ~30-45 seconds
[DEBUG]  Running 'mvn -pl com.yahoo.ycsb:rest-binding -am package -DskipTests dependency:build-classpath -DincludeScope=compile -Dmdep.outputFilterFile=true'
WARNING: An illegal reflective access operation has occurred
WARNING: Illegal reflective access by com.google.inject.internal.cglib.core.$ReflectUtils$1 (file:/usr/share/maven/lib/guice.jar) to method java.lang.ClassLoader.defineClass(java.lang.String,byte[],int,int,java.security.ProtectionDomain)
WARNING: Please consider reporting this to the maintainers of com.google.inject.internal.cglib.core.$ReflectUtils$1
WARNING: Use --illegal-access=warn to enable warnings of further illegal reflective access operations
WARNING: All illegal access operations will be denied in a future release
java -cp /home/ubuntu/YCSB/rest/conf:/home/ubuntu/YCSB/rest/target/rest-binding-0.16.0-SNAPSHOT.jar:/home/ubuntu/.m2/repository/org/hdrhistogram/HdrHistogram/2.1.4/HdrHistogram-2.1.4.jar:/home/ubuntu/.m2/repository/org/glassfish/hk2/external/javax.inject/2.2.0/javax.inject-2.2.0.jar:/home/ubuntu/.m2/repository/com/github/stefanbirkner/system-rules/1.16.0/system-rules-1.16.0.jar:/home/ubuntu/.m2/repository/org/codehaus/jackson/jackson-core-asl/1.9.4/jackson-core-asl-1.9.4.jar:/home/ubuntu/.m2/repository/org/glassfish/jersey/core/jersey-server/2.6/jersey-server-2.6.jar:/home/ubuntu/YCSB/core/target/core-0.16.0-SNAPSHOT.jar:/home/ubuntu/.m2/repository/org/glassfish/hk2/hk2-api/2.2.0/hk2-api-2.2.0.jar:/home/ubuntu/.m2/repository/javax/ws/rs/javax.ws.rs-api/2.0/javax.ws.rs-api-2.0.jar:/home/ubuntu/.m2/repository/org/glassfish/hk2/hk2-locator/2.2.0/hk2-locator-2.2.0.jar:/home/ubuntu/.m2/repository/org/eclipse/jdt/core/compiler/ecj/4.4.2/ecj-4.4.2.jar:/home/ubuntu/.m2/repository/org/codehaus/jackson/jackson-mapper-asl/1.9.4/jackson-mapper-asl-1.9.4.jar:/home/ubuntu/.m2/repository/org/glassfish/jersey/bundles/repackaged/jersey-guava/2.6/jersey-guava-2.6.jar:/home/ubuntu/.m2/repository/org/glassfish/hk2/external/aopalliance-repackaged/2.2.0/aopalliance-repackaged-2.2.0.jar:/home/ubuntu/.m2/repository/org/javassist/javassist/3.18.1-GA/javassist-3.18.1-GA.jar:/home/ubuntu/.m2/repository/javax/annotation/javax.annotation-api/1.2/javax.annotation-api-1.2.jar:/home/ubuntu/.m2/repository/org/apache/htrace/htrace-core4/4.1.0-incubating/htrace-core4-4.1.0-incubating.jar:/home/ubuntu/.m2/repository/org/apache/tomcat/embed/tomcat-embed-logging-log4j/8.0.28/tomcat-embed-logging-log4j-8.0.28.jar:/home/ubuntu/.m2/repository/org/apache/tomcat/embed/tomcat-embed-el/8.0.28/tomcat-embed-el-8.0.28.jar:/home/ubuntu/.m2/repository/org/apache/tomcat/embed/tomcat-embed-logging-juli/8.0.28/tomcat-embed-logging-juli-8.0.28.jar:/home/ubuntu/.m2/repository/org/apache/tomcat/embed/tomcat-embed-core/8.0.28/tomcat-embed-core-8.0.28.jar:/home/ubuntu/.m2/repository/org/glassfish/hk2/osgi-resource-locator/1.0.1/osgi-resource-locator-1.0.1.jar:/home/ubuntu/.m2/repository/commons-codec/commons-codec/1.9/commons-codec-1.9.jar:/home/ubuntu/.m2/repository/org/glassfish/jersey/core/jersey-client/2.6/jersey-client-2.6.jar:/home/ubuntu/.m2/repository/org/apache/tomcat/embed/tomcat-embed-websocket/8.0.28/tomcat-embed-websocket-8.0.28.jar:/home/ubuntu/.m2/repository/commons-logging/commons-logging/1.2/commons-logging-1.2.jar:/home/ubuntu/.m2/repository/org/glassfish/hk2/hk2-utils/2.2.0/hk2-utils-2.2.0.jar:/home/ubuntu/.m2/repository/javax/validation/validation-api/1.1.0.Final/validation-api-1.1.0.Final.jar:/home/ubuntu/.m2/repository/org/apache/httpcomponents/httpclient/4.5.1/httpclient-4.5.1.jar:/home/ubuntu/.m2/repository/org/apache/tomcat/tomcat-dbcp/8.0.28/tomcat-dbcp-8.0.28.jar:/home/ubuntu/.m2/repository/org/glassfish/jersey/containers/jersey-container-servlet-core/2.6/jersey-container-servlet-core-2.6.jar:/home/ubuntu/.m2/repository/org/apache/tomcat/embed/tomcat-embed-jasper/8.0.28/tomcat-embed-jasper-8.0.28.jar:/home/ubuntu/.m2/repository/org/glassfish/jersey/core/jersey-common/2.6/jersey-common-2.6.jar:/home/ubuntu/.m2/repository/org/apache/httpcomponents/httpcore/4.4.4/httpcore-4.4.4.jar com.yahoo.ycsb.Client -db com.yahoo.ycsb.webservice.rest.RestClient -s -P workloads/rest_workload -t
Command line: -db com.yahoo.ycsb.webservice.rest.RestClient -s -P workloads/rest_workload -t
YCSB Client 0.16.0-SNAPSHOT

Loading workload...
Starting test.
2019-05-24 19:07:20:227 0 sec: 0 operations; est completion in 0 second 
DBWrapper: report latency for each error is false and specific error codes to track for latency are: []
2019-05-24 19:07:30:188 10 sec: 11 operations; 1.1 current ops/sec; est completion in 22 minutes [READ: Count=11, Max=912383, Min=755712, Avg=819735.27, 90=899071, 99=912383, 99.9=912383, 99.99=912383] 
2019-05-24 19:07:40:187 20 sec: 24 operations; 1.3 current ops/sec; est completion in 20 minutes [READ: Count=13, Max=915455, Min=734720, Avg=808979.69, 90=882687, 99=915455, 99.9=915455, 99.99=915455] 
2019-05-24 19:07:50:185 30 sec: 36 operations; 1.2 current ops/sec; est completion in 20 minutes [READ: Count=12, Max=885247, Min=734720, Avg=806144, 90=847359, 99=885247, 99.9=885247, 99.99=885247] 
2019-05-24 19:08:00:185 40 sec: 48 operations; 1.2 current ops/sec; est completion in 20 minutes [READ: Count=12, Max=946687, Min=739328, Avg=828458.67, 90=913919, 99=946687, 99.9=946687, 99.99=946687] 
2019-05-24 19:08:10:186 50 sec: 60 operations; 1.2 current ops/sec; est completion in 20 minutes [READ: Count=12, Max=906239, Min=707072, Avg=824874.67, 90=882687, 99=906239, 99.9=906239, 99.99=906239] 
2019-05-24 19:08:20:186 60 sec: 72 operations; 1.2 current ops/sec; est completion in 19 minutes [READ: Count=12, Max=936447, Min=745472, Avg=832170.67, 90=909823, 99=936447, 99.9=936447, 99.99=936447] 
2019-05-24 19:08:30:186 70 sec: 84 operations; 1.2 current ops/sec; est completion in 19 minutes [READ: Count=12, Max=1071103, Min=727040, Avg=827797.33, 90=880127, 99=1071103, 99.9=1071103, 99.99=1071103] 
2019-05-24 19:08:40:185 80 sec: 96 operations; 1.2 current ops/sec; est completion in 19 minutes [READ: Count=12, Max=933887, Min=728064, Avg=824618.67, 90=906239, 99=933887, 99.9=933887, 99.99=933887] 
2019-05-24 19:08:50:186 90 sec: 108 operations; 1.2 current ops/sec; est completion in 19 minutes [READ: Count=12, Max=901119, Min=720384, Avg=822826.67, 90=898047, 99=901119, 99.9=901119, 99.99=901119] 
2019-05-24 19:09:00:186 100 sec: 120 operations; 1.2 current ops/sec; est completion in 19 minutes [READ: Count=12, Max=1001983, Min=717824, Avg=840405.33, 90=973823, 99=1001983, 99.9=1001983, 99.99=1001983] 
2019-05-24 19:09:10:186 110 sec: 132 operations; 1.2 current ops/sec; est completion in 19 minutes [READ: Count=12, Max=976383, Min=733696, Avg=828800, 90=918015, 99=976383, 99.9=976383, 99.99=976383] 
2019-05-24 19:09:20:185 120 sec: 145 operations; 1.3 current ops/sec; est completion in 18 minutes [READ: Count=13, Max=904703, Min=739328, Avg=819140.92, 90=898047, 99=904703, 99.9=904703, 99.99=904703] 
2019-05-24 19:09:30:186 130 sec: 157 operations; 1.2 current ops/sec; est completion in 18 minutes [READ: Count=12, Max=923135, Min=733696, Avg=822784, 90=918527, 99=923135, 99.9=923135, 99.99=923135] 
2019-05-24 19:09:40:187 140 sec: 169 operations; 1.2 current ops/sec; est completion in 18 minutes [READ: Count=12, Max=899071, Min=706560, Avg=801664, 90=888319, 99=899071, 99.9=899071, 99.99=899071] 
2019-05-24 19:09:50:185 150 sec: 181 operations; 1.2 current ops/sec; est completion in 18 minutes [READ: Count=12, Max=932351, Min=700928, Avg=824490.67, 90=900095, 99=932351, 99.9=932351, 99.99=932351] 
2019-05-24 19:10:00:186 160 sec: 194 operations; 1.3 current ops/sec; est completion in 17 minutes [READ: Count=13, Max=896511, Min=731136, Avg=804726.15, 90=866303, 99=896511, 99.9=896511, 99.99=896511] 
2019-05-24 19:10:10:186 170 sec: 206 operations; 1.2 current ops/sec; est completion in 17 minutes [READ: Count=12, Max=949247, Min=698880, Avg=801109.33, 90=878079, 99=949247, 99.9=949247, 99.99=949247] 
2019-05-24 19:10:20:186 180 sec: 219 operations; 1.3 current ops/sec; est completion in 17 minutes [READ: Count=13, Max=948223, Min=728064, Avg=803387.08, 90=844287, 99=948223, 99.9=948223, 99.99=948223] 
2019-05-24 19:10:30:186 190 sec: 231 operations; 1.2 current ops/sec; est completion in 17 minutes [READ: Count=12, Max=979455, Min=724480, Avg=843349.33, 90=887295, 99=979455, 99.9=979455, 99.99=979455] 
2019-05-24 19:10:40:187 200 sec: 242 operations; 1.1 current ops/sec; est completion in 17 minutes [READ: Count=11, Max=945151, Min=764928, Avg=847383.27, 90=917503, 99=945151, 99.9=945151, 99.99=945151] 
2019-05-24 19:10:50:186 210 sec: 255 operations; 1.3 current ops/sec; est completion in 17 minutes [READ: Count=13, Max=908287, Min=708096, Avg=817368.62, 90=870399, 99=908287, 99.9=908287, 99.99=908287] 
2019-05-24 19:11:00:185 220 sec: 267 operations; 1.2 current ops/sec; est completion in 16 minutes [READ: Count=12, Max=901631, Min=759296, Avg=822741.33, 90=894975, 99=901631, 99.9=901631, 99.99=901631] 
2019-05-24 19:11:10:185 230 sec: 279 operations; 1.2 current ops/sec; est completion in 16 minutes [READ: Count=12, Max=932863, Min=732160, Avg=819242.67, 90=897535, 99=932863, 99.9=932863, 99.99=932863] 
2019-05-24 19:11:20:185 240 sec: 291 operations; 1.2 current ops/sec; est completion in 16 minutes [READ: Count=12, Max=989183, Min=719872, Avg=822528, 90=888831, 99=989183, 99.9=989183, 99.99=989183] 
2019-05-24 19:11:30:186 250 sec: 303 operations; 1.2 current ops/sec; est completion in 16 minutes [READ: Count=12, Max=935423, Min=748544, Avg=828885.33, 90=916991, 99=935423, 99.9=935423, 99.99=935423] 
2019-05-24 19:11:40:186 260 sec: 315 operations; 1.2 current ops/sec; est completion in 16 minutes [READ: Count=12, Max=1031167, Min=734720, Avg=809002.67, 90=897023, 99=1031167, 99.9=1031167, 99.99=1031167] 
2019-05-24 19:11:50:186 270 sec: 328 operations; 1.3 current ops/sec; est completion in 16 minutes [READ: Count=13, Max=914431, Min=752128, Avg=826781.54, 90=882175, 99=914431, 99.9=914431, 99.99=914431] 
2019-05-24 19:12:00:186 280 sec: 340 operations; 1.2 current ops/sec; est completion in 15 minutes [READ: Count=12, Max=887295, Min=731136, Avg=817664, 90=885759, 99=887295, 99.9=887295, 99.99=887295] 
2019-05-24 19:12:10:186 290 sec: 352 operations; 1.2 current ops/sec; est completion in 15 minutes [READ: Count=12, Max=887807, Min=701440, Avg=795008, 90=858623, 99=887807, 99.9=887807, 99.99=887807] 
2019-05-24 19:12:20:185 300 sec: 364 operations; 1.2 current ops/sec; est completion in 15 minutes [READ: Count=12, Max=999935, Min=714240, Avg=833749.33, 90=929791, 99=999935, 99.9=999935, 99.99=999935] 
2019-05-24 19:12:30:186 310 sec: 377 operations; 1.3 current ops/sec; est completion in 15 minutes [READ: Count=13, Max=920063, Min=705536, Avg=797873.23, 90=895999, 99=920063, 99.9=920063, 99.99=920063] 
2019-05-24 19:12:40:186 320 sec: 389 operations; 1.2 current ops/sec; est completion in 15 minutes [READ: Count=12, Max=909823, Min=737280, Avg=802176, 90=826367, 99=909823, 99.9=909823, 99.99=909823] 
2019-05-24 19:12:50:186 330 sec: 401 operations; 1.2 current ops/sec; est completion in 15 minutes [READ: Count=12, Max=933887, Min=687616, Avg=834517.33, 90=922623, 99=933887, 99.9=933887, 99.99=933887] 
2019-05-24 19:13:00:185 340 sec: 414 operations; 1.3 current ops/sec; est completion in 14 minutes [READ: Count=13, Max=916479, Min=727552, Avg=818392.62, 90=906239, 99=916479, 99.9=916479, 99.99=916479] 
2019-05-24 19:13:10:186 350 sec: 426 operations; 1.2 current ops/sec; est completion in 14 minutes [READ: Count=12, Max=918527, Min=694784, Avg=808234.67, 90=903679, 99=918527, 99.9=918527, 99.99=918527] 
2019-05-24 19:13:20:186 360 sec: 438 operations; 1.2 current ops/sec; est completion in 14 minutes [READ: Count=12, Max=946687, Min=740352, Avg=816981.33, 90=868351, 99=946687, 99.9=946687, 99.99=946687] 
2019-05-24 19:13:30:186 370 sec: 450 operations; 1.2 current ops/sec; est completion in 14 minutes [READ: Count=12, Max=1010687, Min=698880, Avg=823210.67, 90=878079, 99=1010687, 99.9=1010687, 99.99=1010687] 
2019-05-24 19:13:40:186 380 sec: 462 operations; 1.2 current ops/sec; est completion in 14 minutes [READ: Count=12, Max=921087, Min=746496, Avg=825856, 90=902143, 99=921087, 99.9=921087, 99.99=921087] 
2019-05-24 19:13:50:185 390 sec: 474 operations; 1.2 current ops/sec; est completion in 14 minutes [READ: Count=12, Max=954367, Min=725504, Avg=828032, 90=881663, 99=954367, 99.9=954367, 99.99=954367] 
2019-05-24 19:14:00:185 400 sec: 486 operations; 1.2 current ops/sec; est completion in 13 minutes [READ: Count=12, Max=922623, Min=737280, Avg=825898.67, 90=916479, 99=922623, 99.9=922623, 99.99=922623] 
2019-05-24 19:14:10:187 410 sec: 498 operations; 1.2 current ops/sec; est completion in 13 minutes [READ: Count=12, Max=1004031, Min=740352, Avg=846933.33, 90=951807, 99=1004031, 99.9=1004031, 99.99=1004031] 
2019-05-24 19:14:20:186 420 sec: 510 operations; 1.2 current ops/sec; est completion in 13 minutes [READ: Count=12, Max=970751, Min=743424, Avg=846976, 90=960511, 99=970751, 99.9=970751, 99.99=970751] 
2019-05-24 19:14:30:186 430 sec: 522 operations; 1.2 current ops/sec; est completion in 13 minutes [READ: Count=12, Max=932351, Min=748032, Avg=818986.67, 90=908799, 99=932351, 99.9=932351, 99.99=932351] 
2019-05-24 19:14:40:186 440 sec: 534 operations; 1.2 current ops/sec; est completion in 13 minutes [READ: Count=12, Max=910847, Min=752128, Avg=832384, 90=883711, 99=910847, 99.9=910847, 99.99=910847] 
2019-05-24 19:14:50:185 450 sec: 547 operations; 1.3 current ops/sec; est completion in 13 minutes [READ: Count=13, Max=893951, Min=738304, Avg=804096, 90=862207, 99=893951, 99.9=893951, 99.99=893951] 
2019-05-24 19:15:00:185 460 sec: 559 operations; 1.2 current ops/sec; est completion in 12 minutes [READ: Count=12, Max=998911, Min=727040, Avg=819072, 90=920575, 99=998911, 99.9=998911, 99.99=998911] 
2019-05-24 19:15:10:186 470 sec: 571 operations; 1.2 current ops/sec; est completion in 12 minutes [READ: Count=12, Max=957951, Min=726528, Avg=844928, 90=942079, 99=957951, 99.9=957951, 99.99=957951] 
2019-05-24 19:15:20:185 480 sec: 583 operations; 1.2 current ops/sec; est completion in 12 minutes [READ: Count=12, Max=1028607, Min=713728, Avg=840448, 90=923647, 99=1028607, 99.9=1028607, 99.99=1028607] 
2019-05-24 19:15:30:185 490 sec: 595 operations; 1.2 current ops/sec; est completion in 12 minutes [READ: Count=12, Max=843775, Min=742400, Avg=787029.33, 90=837631, 99=843775, 99.9=843775, 99.99=843775] 
2019-05-24 19:15:40:188 500 sec: 607 operations; 1.2 current ops/sec; est completion in 12 minutes [READ: Count=12, Max=913407, Min=751616, Avg=833450.67, 90=911871, 99=913407, 99.9=913407, 99.99=913407] 
2019-05-24 19:15:50:186 510 sec: 619 operations; 1.2 current ops/sec; est completion in 12 minutes [READ: Count=12, Max=982527, Min=739328, Avg=847274.67, 90=919551, 99=982527, 99.9=982527, 99.99=982527] 
2019-05-24 19:16:00:186 520 sec: 632 operations; 1.3 current ops/sec; est completion in 11 minutes [READ: Count=13, Max=900095, Min=720896, Avg=802323.69, 90=845311, 99=900095, 99.9=900095, 99.99=900095] 
2019-05-24 19:16:10:187 530 sec: 644 operations; 1.2 current ops/sec; est completion in 11 minutes [READ: Count=12, Max=897023, Min=753152, Avg=816128, 90=885759, 99=897023, 99.9=897023, 99.99=897023] 
2019-05-24 19:16:20:186 540 sec: 656 operations; 1.2 current ops/sec; est completion in 11 minutes [READ: Count=12, Max=961023, Min=721408, Avg=821162.67, 90=914943, 99=961023, 99.9=961023, 99.99=961023] 
2019-05-24 19:16:30:185 550 sec: 668 operations; 1.2 current ops/sec; est completion in 11 minutes [READ: Count=12, Max=903679, Min=700416, Avg=822997.33, 90=900607, 99=903679, 99.9=903679, 99.99=903679] 
2019-05-24 19:16:40:186 560 sec: 680 operations; 1.2 current ops/sec; est completion in 11 minutes [READ: Count=12, Max=1027071, Min=732160, Avg=842069.33, 90=906239, 99=1027071, 99.9=1027071, 99.99=1027071] 
2019-05-24 19:16:50:186 570 sec: 692 operations; 1.2 current ops/sec; est completion in 11 minutes [READ: Count=12, Max=938495, Min=728576, Avg=820608, 90=882687, 99=938495, 99.9=938495, 99.99=938495] 
2019-05-24 19:17:00:185 580 sec: 704 operations; 1.2 current ops/sec; est completion in 10 minutes [READ: Count=12, Max=918015, Min=720896, Avg=831914.67, 90=912383, 99=918015, 99.9=918015, 99.99=918015] 
2019-05-24 19:17:10:185 590 sec: 716 operations; 1.2 current ops/sec; est completion in 10 minutes [READ: Count=12, Max=970239, Min=743424, Avg=821504, 90=890367, 99=970239, 99.9=970239, 99.99=970239] 
2019-05-24 19:17:20:186 600 sec: 728 operations; 1.2 current ops/sec; est completion in 10 minutes [READ: Count=12, Max=963583, Min=733184, Avg=838826.67, 90=941055, 99=963583, 99.9=963583, 99.99=963583] 
2019-05-24 19:17:30:185 610 sec: 741 operations; 1.3 current ops/sec; est completion in 10 minutes [READ: Count=13, Max=950271, Min=702976, Avg=801536, 90=911359, 99=950271, 99.9=950271, 99.99=950271] 
2019-05-24 19:17:40:186 620 sec: 753 operations; 1.2 current ops/sec; est completion in 10 minutes [READ: Count=12, Max=931839, Min=750592, Avg=819072, 90=904703, 99=931839, 99.9=931839, 99.99=931839] 
2019-05-24 19:17:50:186 630 sec: 765 operations; 1.2 current ops/sec; est completion in 10 minutes [READ: Count=12, Max=1024511, Min=712704, Avg=850090.67, 90=987135, 99=1024511, 99.9=1024511, 99.99=1024511] 
2019-05-24 19:18:00:188 640 sec: 777 operations; 1.2 current ops/sec; est completion in 9 minutes [READ: Count=12, Max=942079, Min=699392, Avg=803242.67, 90=887807, 99=942079, 99.9=942079, 99.99=942079] 
2019-05-24 19:18:10:186 650 sec: 789 operations; 1.2 current ops/sec; est completion in 9 minutes [READ: Count=12, Max=963071, Min=742400, Avg=834688, 90=888319, 99=963071, 99.9=963071, 99.99=963071] 
2019-05-24 19:18:20:187 660 sec: 801 operations; 1.2 current ops/sec; est completion in 9 minutes [READ: Count=12, Max=948223, Min=736768, Avg=829269.33, 90=918527, 99=948223, 99.9=948223, 99.99=948223] 
2019-05-24 19:18:30:186 670 sec: 813 operations; 1.2 current ops/sec; est completion in 9 minutes [READ: Count=12, Max=947199, Min=712192, Avg=833706.67, 90=921087, 99=947199, 99.9=947199, 99.99=947199] 
2019-05-24 19:18:40:185 680 sec: 826 operations; 1.3 current ops/sec; est completion in 9 minutes [READ: Count=13, Max=940543, Min=713728, Avg=814336, 90=887295, 99=940543, 99.9=940543, 99.99=940543] 
2019-05-24 19:18:50:185 690 sec: 837 operations; 1.1 current ops/sec; est completion in 9 minutes [READ: Count=11, Max=918015, Min=716288, Avg=842868.36, 90=915455, 99=918015, 99.9=918015, 99.99=918015] 
2019-05-24 19:19:00:185 700 sec: 850 operations; 1.3 current ops/sec; est completion in 8 minutes [READ: Count=13, Max=974847, Min=692736, Avg=822212.92, 90=876031, 99=974847, 99.9=974847, 99.99=974847] 
2019-05-24 19:19:10:185 710 sec: 862 operations; 1.2 current ops/sec; est completion in 8 minutes [READ: Count=12, Max=962047, Min=722944, Avg=837845.33, 90=897023, 99=962047, 99.9=962047, 99.99=962047] 
2019-05-24 19:19:20:186 720 sec: 873 operations; 1.1 current ops/sec; est completion in 8 minutes [READ: Count=11, Max=968703, Min=735744, Avg=853294.55, 90=905215, 99=968703, 99.9=968703, 99.99=968703] 
2019-05-24 19:19:30:186 730 sec: 886 operations; 1.3 current ops/sec; est completion in 8 minutes [READ: Count=13, Max=885247, Min=725504, Avg=802717.54, 90=880127, 99=885247, 99.9=885247, 99.99=885247] 
2019-05-24 19:19:40:187 740 sec: 898 operations; 1.2 current ops/sec; est completion in 8 minutes [READ: Count=12, Max=960511, Min=740352, Avg=829824, 90=952319, 99=960511, 99.9=960511, 99.99=960511] 
2019-05-24 19:19:50:185 750 sec: 910 operations; 1.2 current ops/sec; est completion in 8 minutes [READ: Count=12, Max=965631, Min=716288, Avg=801749.33, 90=892927, 99=965631, 99.9=965631, 99.99=965631] 
2019-05-24 19:20:00:190 760 sec: 922 operations; 1.2 current ops/sec; est completion in 7 minutes [READ: Count=13, Max=922111, Min=724480, Avg=816817.23, 90=892415, 99=922111, 99.9=922111, 99.99=922111] 
2019-05-24 19:20:10:185 770 sec: 935 operations; 1.3 current ops/sec; est completion in 7 minutes [READ: Count=12, Max=864767, Min=732160, Avg=800256, 90=851967, 99=864767, 99.9=864767, 99.99=864767] 
2019-05-24 19:20:20:186 780 sec: 947 operations; 1.2 current ops/sec; est completion in 7 minutes [READ: Count=12, Max=905727, Min=733184, Avg=809984, 90=863743, 99=905727, 99.9=905727, 99.99=905727] 
2019-05-24 19:20:30:185 790 sec: 960 operations; 1.3 current ops/sec; est completion in 7 minutes [READ: Count=13, Max=920575, Min=752640, Avg=818944, 90=910335, 99=920575, 99.9=920575, 99.99=920575] 
2019-05-24 19:20:40:186 800 sec: 972 operations; 1.2 current ops/sec; est completion in 7 minutes [READ: Count=12, Max=997375, Min=761856, Avg=827050.67, 90=880127, 99=997375, 99.9=997375, 99.99=997375] 
2019-05-24 19:20:50:185 810 sec: 984 operations; 1.2 current ops/sec; est completion in 7 minutes [READ: Count=12, Max=923647, Min=729600, Avg=830165.33, 90=906239, 99=923647, 99.9=923647, 99.99=923647] 
2019-05-24 19:21:00:186 820 sec: 996 operations; 1.2 current ops/sec; est completion in 6 minutes [READ: Count=12, Max=919551, Min=729088, Avg=825728, 90=903679, 99=919551, 99.9=919551, 99.99=919551] 
2019-05-24 19:21:10:185 830 sec: 1008 operations; 1.2 current ops/sec; est completion in 6 minutes [READ: Count=12, Max=907263, Min=726528, Avg=797610.67, 90=828927, 99=907263, 99.9=907263, 99.99=907263] 
2019-05-24 19:21:20:185 840 sec: 1021 operations; 1.3 current ops/sec; est completion in 6 minutes [READ: Count=13, Max=957439, Min=714240, Avg=808704, 90=883199, 99=957439, 99.9=957439, 99.99=957439] 
2019-05-24 19:21:30:185 850 sec: 1033 operations; 1.2 current ops/sec; est completion in 6 minutes [READ: Count=12, Max=942079, Min=712192, Avg=836394.67, 90=908799, 99=942079, 99.9=942079, 99.99=942079] 
2019-05-24 19:21:40:186 860 sec: 1045 operations; 1.2 current ops/sec; est completion in 6 minutes [READ: Count=12, Max=964607, Min=707072, Avg=833706.67, 90=904703, 99=964607, 99.9=964607, 99.99=964607] 
2019-05-24 19:21:50:185 870 sec: 1057 operations; 1.2 current ops/sec; est completion in 6 minutes [READ: Count=12, Max=961535, Min=750592, Avg=829013.33, 90=876543, 99=961535, 99.9=961535, 99.99=961535] 
2019-05-24 19:22:00:185 880 sec: 1069 operations; 1.2 current ops/sec; est completion in 5 minutes [READ: Count=12, Max=1017855, Min=753664, Avg=834133.33, 90=956415, 99=1017855, 99.9=1017855, 99.99=1017855] 
2019-05-24 19:22:10:185 890 sec: 1081 operations; 1.2 current ops/sec; est completion in 5 minutes [READ: Count=12, Max=928767, Min=729088, Avg=811349.33, 90=900607, 99=928767, 99.9=928767, 99.99=928767] 
2019-05-24 19:22:20:185 900 sec: 1093 operations; 1.2 current ops/sec; est completion in 5 minutes [READ: Count=12, Max=955903, Min=793088, Avg=851200, 90=905215, 99=955903, 99.9=955903, 99.99=955903] 
2019-05-24 19:22:30:185 910 sec: 1105 operations; 1.2 current ops/sec; est completion in 5 minutes [READ: Count=12, Max=967679, Min=706560, Avg=831872, 90=944127, 99=967679, 99.9=967679, 99.99=967679] 
2019-05-24 19:22:40:185 920 sec: 1116 operations; 1.1 current ops/sec; est completion in 5 minutes [READ: Count=11, Max=1011199, Min=702976, Avg=848267.64, 90=967167, 99=1011199, 99.9=1011199, 99.99=1011199] 
2019-05-24 19:22:50:186 930 sec: 1129 operations; 1.3 current ops/sec; est completion in 5 minutes [READ: Count=13, Max=1008639, Min=713728, Avg=820755.69, 90=902143, 99=1008639, 99.9=1008639, 99.99=1008639] 
2019-05-24 19:23:00:186 940 sec: 1141 operations; 1.2 current ops/sec; est completion in 4 minutes [READ: Count=12, Max=924159, Min=736768, Avg=824106.67, 90=920575, 99=924159, 99.9=924159, 99.99=924159] 
2019-05-24 19:23:10:185 950 sec: 1153 operations; 1.2 current ops/sec; est completion in 4 minutes [READ: Count=12, Max=990719, Min=739328, Avg=812373.33, 90=872959, 99=990719, 99.9=990719, 99.99=990719] 
2019-05-24 19:23:20:185 960 sec: 1166 operations; 1.3 current ops/sec; est completion in 4 minutes [READ: Count=13, Max=879615, Min=732160, Avg=803229.54, 90=863743, 99=879615, 99.9=879615, 99.99=879615] 
2019-05-24 19:23:30:185 970 sec: 1178 operations; 1.2 current ops/sec; est completion in 4 minutes [READ: Count=12, Max=959487, Min=734208, Avg=839637.33, 90=940543, 99=959487, 99.9=959487, 99.99=959487] 
2019-05-24 19:23:40:185 980 sec: 1190 operations; 1.2 current ops/sec; est completion in 4 minutes [READ: Count=12, Max=897023, Min=748544, Avg=829354.67, 90=889855, 99=897023, 99.9=897023, 99.99=897023] 
2019-05-24 19:23:50:185 990 sec: 1202 operations; 1.2 current ops/sec; est completion in 4 minutes [READ: Count=12, Max=929279, Min=716288, Avg=822186.67, 90=913919, 99=929279, 99.9=929279, 99.99=929279] 
2019-05-24 19:24:00:186 1000 sec: 1214 operations; 1.2 current ops/sec; est completion in 3 minutes [READ: Count=12, Max=899583, Min=730624, Avg=832981.33, 90=888319, 99=899583, 99.9=899583, 99.99=899583] 
2019-05-24 19:24:10:185 1010 sec: 1226 operations; 1.2 current ops/sec; est completion in 3 minutes [READ: Count=12, Max=977407, Min=710144, Avg=815616, 90=895487, 99=977407, 99.9=977407, 99.99=977407] 
2019-05-24 19:24:20:185 1020 sec: 1238 operations; 1.2 current ops/sec; est completion in 3 minutes [READ: Count=12, Max=889855, Min=716288, Avg=822528, 90=878079, 99=889855, 99.9=889855, 99.99=889855] 
2019-05-24 19:24:30:185 1030 sec: 1250 operations; 1.2 current ops/sec; est completion in 3 minutes [READ: Count=12, Max=931839, Min=743424, Avg=827904, 90=892415, 99=931839, 99.9=931839, 99.99=931839] 
2019-05-24 19:24:40:185 1040 sec: 1262 operations; 1.2 current ops/sec; est completion in 3 minutes [READ: Count=12, Max=1017343, Min=704000, Avg=829994.67, 90=888319, 99=1017343, 99.9=1017343, 99.99=1017343] 
2019-05-24 19:24:50:185 1050 sec: 1274 operations; 1.2 current ops/sec; est completion in 3 minutes [READ: Count=12, Max=979967, Min=740352, Avg=836010.67, 90=956415, 99=979967, 99.9=979967, 99.99=979967] 
2019-05-24 19:25:00:185 1060 sec: 1286 operations; 1.2 current ops/sec; est completion in 2 minutes [READ: Count=12, Max=930815, Min=716800, Avg=819754.67, 90=900095, 99=930815, 99.9=930815, 99.99=930815] 
2019-05-24 19:25:10:185 1070 sec: 1299 operations; 1.3 current ops/sec; est completion in 2 minutes [READ: Count=13, Max=963071, Min=741376, Avg=825088, 90=925183, 99=963071, 99.9=963071, 99.99=963071] 
2019-05-24 19:25:20:185 1080 sec: 1311 operations; 1.2 current ops/sec; est completion in 2 minutes [READ: Count=12, Max=950271, Min=728064, Avg=824576, 90=937471, 99=950271, 99.9=950271, 99.99=950271] 
2019-05-24 19:25:30:186 1090 sec: 1323 operations; 1.2 current ops/sec; est completion in 2 minutes [READ: Count=12, Max=1043455, Min=711168, Avg=827136, 90=933887, 99=1043455, 99.9=1043455, 99.99=1043455] 
2019-05-24 19:25:40:186 1100 sec: 1335 operations; 1.2 current ops/sec; est completion in 2 minutes [READ: Count=12, Max=1015295, Min=707072, Avg=817194.67, 90=871935, 99=1015295, 99.9=1015295, 99.99=1015295] 
2019-05-24 19:25:50:185 1110 sec: 1347 operations; 1.2 current ops/sec; est completion in 2 minutes [READ: Count=12, Max=948223, Min=706048, Avg=833962.67, 90=908799, 99=948223, 99.9=948223, 99.99=948223] 
2019-05-24 19:26:00:185 1120 sec: 1359 operations; 1.2 current ops/sec; est completion in 1 minute [READ: Count=12, Max=901631, Min=734208, Avg=811093.33, 90=876543, 99=901631, 99.9=901631, 99.99=901631] 
2019-05-24 19:26:10:186 1130 sec: 1371 operations; 1.2 current ops/sec; est completion in 1 minute [READ: Count=12, Max=959487, Min=725504, Avg=838400, 90=953343, 99=959487, 99.9=959487, 99.99=959487] 
2019-05-24 19:26:20:185 1140 sec: 1383 operations; 1.2 current ops/sec; est completion in 1 minute [READ: Count=12, Max=965631, Min=708096, Avg=828672, 90=956927, 99=965631, 99.9=965631, 99.99=965631] 
2019-05-24 19:26:30:185 1150 sec: 1395 operations; 1.2 current ops/sec; est completion in 1 minute [READ: Count=12, Max=948223, Min=736256, Avg=819456, 90=921599, 99=948223, 99.9=948223, 99.99=948223] 
2019-05-24 19:26:40:185 1160 sec: 1408 operations; 1.3 current ops/sec; est completion in 1 minute [READ: Count=13, Max=966655, Min=724992, Avg=823670.15, 90=907775, 99=966655, 99.9=966655, 99.99=966655] 
2019-05-24 19:26:50:185 1170 sec: 1420 operations; 1.2 current ops/sec; est completion in 1 minute [READ: Count=12, Max=881151, Min=741888, Avg=818218.67, 90=880127, 99=881151, 99.9=881151, 99.99=881151] 
2019-05-24 19:27:00:185 1180 sec: 1431 operations; 1.1 current ops/sec; est completion in 57 seconds [READ: Count=11, Max=1127423, Min=682496, Avg=850594.91, 90=1072127, 99=1127423, 99.9=1127423, 99.99=1127423] 
2019-05-24 19:27:10:186 1190 sec: 1444 operations; 1.3 current ops/sec; est completion in 47 seconds [READ: Count=13, Max=931327, Min=761344, Avg=832768, 90=925695, 99=931327, 99.9=931327, 99.99=931327] 
2019-05-24 19:27:20:185 1200 sec: 1456 operations; 1.2 current ops/sec; est completion in 37 seconds [READ: Count=12, Max=931839, Min=697856, Avg=804181.33, 90=923647, 99=931839, 99.9=931839, 99.99=931839] 
2019-05-24 19:27:30:185 1210 sec: 1468 operations; 1.2 current ops/sec; est completion in 27 seconds [READ: Count=12, Max=896511, Min=706048, Avg=796757.33, 90=885759, 99=896511, 99.9=896511, 99.99=896511] 
2019-05-24 19:27:40:185 1220 sec: 1480 operations; 1.2 current ops/sec; est completion in 17 seconds [READ: Count=12, Max=1077247, Min=758784, Avg=840768, 90=907775, 99=1077247, 99.9=1077247, 99.99=1077247] 
2019-05-24 19:27:50:185 1230 sec: 1492 operations; 1.2 current ops/sec; est completion in 7 second [READ: Count=12, Max=995327, Min=743424, Avg=836309.33, 90=924671, 99=995327, 99.9=995327, 99.99=995327] 
2019-05-24 19:27:55:806 1235 sec: 1500 operations; 1.42 current ops/sec; [READ: Count=8, Max=886783, Min=738816, Avg=795008, 90=811007, 99=886783, 99.9=886783, 99.99=886783] [CLEANUP: Count=1, Max=3, Min=3, Avg=3, 90=3, 99=3, 99.9=3, 99.99=3] 
