[WARN]  Running against a source checkout. In order to get our runtime dependencies we'll have to invoke Maven. Depending on the state of your system, this may take ~30-45 seconds
[DEBUG]  Running 'mvn -pl com.yahoo.ycsb:rest-binding -am package -DskipTests dependency:build-classpath -DincludeScope=compile -Dmdep.outputFilterFile=true'
WARNING: An illegal reflective access operation has occurred
WARNING: Illegal reflective access by com.google.inject.internal.cglib.core.$ReflectUtils$1 (file:/usr/share/maven/lib/guice.jar) to method java.lang.ClassLoader.defineClass(java.lang.String,byte[],int,int,java.security.ProtectionDomain)
WARNING: Please consider reporting this to the maintainers of com.google.inject.internal.cglib.core.$ReflectUtils$1
WARNING: Use --illegal-access=warn to enable warnings of further illegal reflective access operations
WARNING: All illegal access operations will be denied in a future release
java -cp /home/ubuntu/YCSB/rest/conf:/home/ubuntu/YCSB/rest/target/rest-binding-0.16.0-SNAPSHOT.jar:/home/ubuntu/.m2/repository/org/hdrhistogram/HdrHistogram/2.1.4/HdrHistogram-2.1.4.jar:/home/ubuntu/.m2/repository/org/glassfish/hk2/external/javax.inject/2.2.0/javax.inject-2.2.0.jar:/home/ubuntu/.m2/repository/com/github/stefanbirkner/system-rules/1.16.0/system-rules-1.16.0.jar:/home/ubuntu/.m2/repository/org/codehaus/jackson/jackson-core-asl/1.9.4/jackson-core-asl-1.9.4.jar:/home/ubuntu/.m2/repository/org/glassfish/jersey/core/jersey-server/2.6/jersey-server-2.6.jar:/home/ubuntu/YCSB/core/target/core-0.16.0-SNAPSHOT.jar:/home/ubuntu/.m2/repository/org/glassfish/hk2/hk2-api/2.2.0/hk2-api-2.2.0.jar:/home/ubuntu/.m2/repository/javax/ws/rs/javax.ws.rs-api/2.0/javax.ws.rs-api-2.0.jar:/home/ubuntu/.m2/repository/org/glassfish/hk2/hk2-locator/2.2.0/hk2-locator-2.2.0.jar:/home/ubuntu/.m2/repository/org/eclipse/jdt/core/compiler/ecj/4.4.2/ecj-4.4.2.jar:/home/ubuntu/.m2/repository/org/codehaus/jackson/jackson-mapper-asl/1.9.4/jackson-mapper-asl-1.9.4.jar:/home/ubuntu/.m2/repository/org/glassfish/jersey/bundles/repackaged/jersey-guava/2.6/jersey-guava-2.6.jar:/home/ubuntu/.m2/repository/org/glassfish/hk2/external/aopalliance-repackaged/2.2.0/aopalliance-repackaged-2.2.0.jar:/home/ubuntu/.m2/repository/org/javassist/javassist/3.18.1-GA/javassist-3.18.1-GA.jar:/home/ubuntu/.m2/repository/javax/annotation/javax.annotation-api/1.2/javax.annotation-api-1.2.jar:/home/ubuntu/.m2/repository/org/apache/htrace/htrace-core4/4.1.0-incubating/htrace-core4-4.1.0-incubating.jar:/home/ubuntu/.m2/repository/org/apache/tomcat/embed/tomcat-embed-logging-log4j/8.0.28/tomcat-embed-logging-log4j-8.0.28.jar:/home/ubuntu/.m2/repository/org/apache/tomcat/embed/tomcat-embed-el/8.0.28/tomcat-embed-el-8.0.28.jar:/home/ubuntu/.m2/repository/org/apache/tomcat/embed/tomcat-embed-logging-juli/8.0.28/tomcat-embed-logging-juli-8.0.28.jar:/home/ubuntu/.m2/repository/org/apache/tomcat/embed/tomcat-embed-core/8.0.28/tomcat-embed-core-8.0.28.jar:/home/ubuntu/.m2/repository/org/glassfish/hk2/osgi-resource-locator/1.0.1/osgi-resource-locator-1.0.1.jar:/home/ubuntu/.m2/repository/commons-codec/commons-codec/1.9/commons-codec-1.9.jar:/home/ubuntu/.m2/repository/org/glassfish/jersey/core/jersey-client/2.6/jersey-client-2.6.jar:/home/ubuntu/.m2/repository/org/apache/tomcat/embed/tomcat-embed-websocket/8.0.28/tomcat-embed-websocket-8.0.28.jar:/home/ubuntu/.m2/repository/commons-logging/commons-logging/1.2/commons-logging-1.2.jar:/home/ubuntu/.m2/repository/org/glassfish/hk2/hk2-utils/2.2.0/hk2-utils-2.2.0.jar:/home/ubuntu/.m2/repository/javax/validation/validation-api/1.1.0.Final/validation-api-1.1.0.Final.jar:/home/ubuntu/.m2/repository/org/apache/httpcomponents/httpclient/4.5.1/httpclient-4.5.1.jar:/home/ubuntu/.m2/repository/org/apache/tomcat/tomcat-dbcp/8.0.28/tomcat-dbcp-8.0.28.jar:/home/ubuntu/.m2/repository/org/glassfish/jersey/containers/jersey-container-servlet-core/2.6/jersey-container-servlet-core-2.6.jar:/home/ubuntu/.m2/repository/org/apache/tomcat/embed/tomcat-embed-jasper/8.0.28/tomcat-embed-jasper-8.0.28.jar:/home/ubuntu/.m2/repository/org/glassfish/jersey/core/jersey-common/2.6/jersey-common-2.6.jar:/home/ubuntu/.m2/repository/org/apache/httpcomponents/httpcore/4.4.4/httpcore-4.4.4.jar com.yahoo.ycsb.Client -db com.yahoo.ycsb.webservice.rest.RestClient -s -P workloads/rest_workload -t
Command line: -db com.yahoo.ycsb.webservice.rest.RestClient -s -P workloads/rest_workload -t
YCSB Client 0.16.0-SNAPSHOT

Loading workload...
Starting test.
2019-05-24 17:47:15:427 0 sec: 0 operations; est completion in 0 second 
DBWrapper: report latency for each error is false and specific error codes to track for latency are: []
2019-05-24 17:47:25:376 10 sec: 11 operations; 1.1 current ops/sec; est completion in 22 minutes [READ: Count=11, Max=945663, Min=709632, Avg=811031.27, 90=864767, 99=945663, 99.9=945663, 99.99=945663] 
2019-05-24 17:47:35:374 20 sec: 23 operations; 1.2 current ops/sec; est completion in 21 minutes [READ: Count=12, Max=943615, Min=721408, Avg=824405.33, 90=877055, 99=943615, 99.9=943615, 99.99=943615] 
2019-05-24 17:47:45:374 30 sec: 35 operations; 1.2 current ops/sec; est completion in 20 minutes [READ: Count=12, Max=940543, Min=752128, Avg=840149.33, 90=922623, 99=940543, 99.9=940543, 99.99=940543] 
2019-05-24 17:47:55:374 40 sec: 47 operations; 1.2 current ops/sec; est completion in 20 minutes [READ: Count=12, Max=1005567, Min=747520, Avg=819072, 90=866303, 99=1005567, 99.9=1005567, 99.99=1005567] 
2019-05-24 17:48:05:373 50 sec: 60 operations; 1.3 current ops/sec; est completion in 20 minutes [READ: Count=13, Max=964095, Min=726016, Avg=832846.77, 90=951807, 99=964095, 99.9=964095, 99.99=964095] 
2019-05-24 17:48:15:373 60 sec: 72 operations; 1.2 current ops/sec; est completion in 19 minutes [READ: Count=12, Max=978943, Min=747008, Avg=827605.33, 90=931327, 99=978943, 99.9=978943, 99.99=978943] 
2019-05-24 17:48:25:373 70 sec: 84 operations; 1.2 current ops/sec; est completion in 19 minutes [READ: Count=12, Max=989183, Min=705024, Avg=830122.67, 90=906239, 99=989183, 99.9=989183, 99.99=989183] 
2019-05-24 17:48:35:374 80 sec: 96 operations; 1.2 current ops/sec; est completion in 19 minutes [READ: Count=12, Max=922623, Min=720384, Avg=824490.67, 90=898559, 99=922623, 99.9=922623, 99.99=922623] 
2019-05-24 17:48:45:374 90 sec: 108 operations; 1.2 current ops/sec; est completion in 19 minutes [READ: Count=12, Max=902143, Min=736256, Avg=804693.33, 90=888319, 99=902143, 99.9=902143, 99.99=902143] 
2019-05-24 17:48:55:374 100 sec: 120 operations; 1.2 current ops/sec; est completion in 19 minutes [READ: Count=12, Max=912383, Min=746496, Avg=821120, 90=890367, 99=912383, 99.9=912383, 99.99=912383] 
2019-05-24 17:49:05:374 110 sec: 132 operations; 1.2 current ops/sec; est completion in 19 minutes [READ: Count=12, Max=906751, Min=705536, Avg=833834.67, 90=902143, 99=906751, 99.9=906751, 99.99=906751] 
2019-05-24 17:49:15:373 120 sec: 145 operations; 1.3 current ops/sec; est completion in 18 minutes [READ: Count=13, Max=923647, Min=751616, Avg=819062.15, 90=880639, 99=923647, 99.9=923647, 99.99=923647] 
2019-05-24 17:49:25:373 130 sec: 157 operations; 1.2 current ops/sec; est completion in 18 minutes [READ: Count=12, Max=880127, Min=736768, Avg=799701.33, 90=863743, 99=880127, 99.9=880127, 99.99=880127] 
2019-05-24 17:49:35:374 140 sec: 169 operations; 1.2 current ops/sec; est completion in 18 minutes [READ: Count=12, Max=870911, Min=722944, Avg=796928, 90=852991, 99=870911, 99.9=870911, 99.99=870911] 
2019-05-24 17:49:45:373 150 sec: 181 operations; 1.2 current ops/sec; est completion in 18 minutes [READ: Count=12, Max=1007615, Min=760320, Avg=829738.67, 90=936959, 99=1007615, 99.9=1007615, 99.99=1007615] 
2019-05-24 17:49:55:373 160 sec: 194 operations; 1.3 current ops/sec; est completion in 17 minutes [READ: Count=13, Max=937471, Min=734720, Avg=821858.46, 90=925183, 99=937471, 99.9=937471, 99.99=937471] 
2019-05-24 17:50:05:374 170 sec: 206 operations; 1.2 current ops/sec; est completion in 17 minutes [READ: Count=12, Max=925183, Min=735744, Avg=804565.33, 90=839679, 99=925183, 99.9=925183, 99.99=925183] 
2019-05-24 17:50:15:374 180 sec: 219 operations; 1.3 current ops/sec; est completion in 17 minutes [READ: Count=13, Max=899583, Min=715776, Avg=800630.15, 90=848383, 99=899583, 99.9=899583, 99.99=899583] 
2019-05-24 17:50:25:373 190 sec: 231 operations; 1.2 current ops/sec; est completion in 17 minutes [READ: Count=12, Max=990207, Min=710144, Avg=809130.67, 90=917503, 99=990207, 99.9=990207, 99.99=990207] 
2019-05-24 17:50:35:374 200 sec: 243 operations; 1.2 current ops/sec; est completion in 17 minutes [READ: Count=12, Max=957951, Min=724992, Avg=803669.33, 90=904703, 99=957951, 99.9=957951, 99.99=957951] 
2019-05-24 17:50:45:374 210 sec: 255 operations; 1.2 current ops/sec; est completion in 17 minutes [READ: Count=12, Max=911359, Min=723456, Avg=821845.33, 90=908799, 99=911359, 99.9=911359, 99.99=911359] 
2019-05-24 17:50:55:373 220 sec: 268 operations; 1.3 current ops/sec; est completion in 16 minutes [READ: Count=13, Max=959999, Min=712192, Avg=817723.08, 90=919039, 99=959999, 99.9=959999, 99.99=959999] 
2019-05-24 17:51:05:374 230 sec: 280 operations; 1.2 current ops/sec; est completion in 16 minutes [READ: Count=12, Max=1000447, Min=738304, Avg=818816, 90=900095, 99=1000447, 99.9=1000447, 99.99=1000447] 
2019-05-24 17:51:15:374 240 sec: 292 operations; 1.2 current ops/sec; est completion in 16 minutes [READ: Count=12, Max=861695, Min=723968, Avg=801877.33, 90=858623, 99=861695, 99.9=861695, 99.99=861695] 
2019-05-24 17:51:25:373 250 sec: 305 operations; 1.3 current ops/sec; est completion in 16 minutes [READ: Count=13, Max=886783, Min=683008, Avg=811815.38, 90=878591, 99=886783, 99.9=886783, 99.99=886783] 
2019-05-24 17:51:35:373 260 sec: 317 operations; 1.2 current ops/sec; est completion in 16 minutes [READ: Count=12, Max=941567, Min=708096, Avg=822784, 90=911871, 99=941567, 99.9=941567, 99.99=941567] 
2019-05-24 17:51:45:374 270 sec: 329 operations; 1.2 current ops/sec; est completion in 16 minutes [READ: Count=12, Max=979967, Min=749056, Avg=823253.33, 90=857599, 99=979967, 99.9=979967, 99.99=979967] 
2019-05-24 17:51:55:373 280 sec: 341 operations; 1.2 current ops/sec; est completion in 15 minutes [READ: Count=12, Max=936959, Min=727552, Avg=817194.67, 90=912895, 99=936959, 99.9=936959, 99.99=936959] 
2019-05-24 17:52:05:373 290 sec: 353 operations; 1.2 current ops/sec; est completion in 15 minutes [READ: Count=12, Max=943103, Min=782848, Avg=836608, 90=893439, 99=943103, 99.9=943103, 99.99=943103] 
2019-05-24 17:52:15:373 300 sec: 365 operations; 1.2 current ops/sec; est completion in 15 minutes [READ: Count=12, Max=903679, Min=711168, Avg=823509.33, 90=884223, 99=903679, 99.9=903679, 99.99=903679] 
2019-05-24 17:52:25:375 310 sec: 378 operations; 1.3 current ops/sec; est completion in 15 minutes [READ: Count=13, Max=909823, Min=713216, Avg=800866.46, 90=883711, 99=909823, 99.9=909823, 99.99=909823] 
2019-05-24 17:52:35:374 320 sec: 390 operations; 1.2 current ops/sec; est completion in 15 minutes [READ: Count=12, Max=993279, Min=729600, Avg=823296, 90=897535, 99=993279, 99.9=993279, 99.99=993279] 
2019-05-24 17:52:45:374 330 sec: 402 operations; 1.2 current ops/sec; est completion in 15 minutes [READ: Count=12, Max=921087, Min=741376, Avg=829141.33, 90=911871, 99=921087, 99.9=921087, 99.99=921087] 
2019-05-24 17:52:55:374 340 sec: 414 operations; 1.2 current ops/sec; est completion in 14 minutes [READ: Count=12, Max=1039359, Min=751616, Avg=840661.33, 90=905215, 99=1039359, 99.9=1039359, 99.99=1039359] 
2019-05-24 17:53:05:375 350 sec: 427 operations; 1.3 current ops/sec; est completion in 14 minutes [READ: Count=13, Max=873983, Min=714752, Avg=798976, 90=850431, 99=873983, 99.9=873983, 99.99=873983] 
2019-05-24 17:53:15:378 360 sec: 438 operations; 1.1 current ops/sec; est completion in 14 minutes [READ: Count=11, Max=1102847, Min=747520, Avg=856669.09, 90=927231, 99=1102847, 99.9=1102847, 99.99=1102847] 
2019-05-24 17:53:25:373 370 sec: 450 operations; 1.2 current ops/sec; est completion in 14 minutes [READ: Count=13, Max=1060863, Min=721408, Avg=814158.77, 90=879615, 99=1060863, 99.9=1060863, 99.99=1060863] 
2019-05-24 17:53:35:374 380 sec: 462 operations; 1.2 current ops/sec; est completion in 14 minutes [READ: Count=11, Max=928767, Min=780800, Avg=841658.18, 90=877567, 99=928767, 99.9=928767, 99.99=928767] 
2019-05-24 17:53:45:373 390 sec: 474 operations; 1.2 current ops/sec; est completion in 14 minutes [READ: Count=12, Max=949247, Min=743424, Avg=829909.33, 90=911359, 99=949247, 99.9=949247, 99.99=949247] 
2019-05-24 17:53:55:374 400 sec: 487 operations; 1.3 current ops/sec; est completion in 13 minutes [READ: Count=13, Max=870911, Min=745472, Avg=814454.15, 90=868351, 99=870911, 99.9=870911, 99.99=870911] 
2019-05-24 17:54:05:374 410 sec: 499 operations; 1.2 current ops/sec; est completion in 13 minutes [READ: Count=12, Max=906239, Min=737792, Avg=821205.33, 90=886271, 99=906239, 99.9=906239, 99.99=906239] 
2019-05-24 17:54:15:376 420 sec: 511 operations; 1.2 current ops/sec; est completion in 13 minutes [READ: Count=12, Max=910335, Min=721920, Avg=825173.33, 90=888831, 99=910335, 99.9=910335, 99.99=910335] 
2019-05-24 17:54:25:373 430 sec: 523 operations; 1.2 current ops/sec; est completion in 13 minutes [READ: Count=12, Max=901119, Min=728576, Avg=825130.67, 90=901119, 99=901119, 99.9=901119, 99.99=901119] 
2019-05-24 17:54:35:373 440 sec: 536 operations; 1.3 current ops/sec; est completion in 13 minutes [READ: Count=13, Max=950271, Min=740864, Avg=806498.46, 90=906239, 99=950271, 99.9=950271, 99.99=950271] 
2019-05-24 17:54:45:373 450 sec: 548 operations; 1.2 current ops/sec; est completion in 13 minutes [READ: Count=12, Max=933375, Min=755712, Avg=835157.33, 90=927743, 99=933375, 99.9=933375, 99.99=933375] 
2019-05-24 17:54:55:373 460 sec: 560 operations; 1.2 current ops/sec; est completion in 12 minutes [READ: Count=12, Max=957951, Min=769024, Avg=829440, 90=913407, 99=957951, 99.9=957951, 99.99=957951] 
2019-05-24 17:55:05:373 470 sec: 572 operations; 1.2 current ops/sec; est completion in 12 minutes [READ: Count=12, Max=918015, Min=720384, Avg=827648, 90=902143, 99=918015, 99.9=918015, 99.99=918015] 
2019-05-24 17:55:15:373 480 sec: 584 operations; 1.2 current ops/sec; est completion in 12 minutes [READ: Count=12, Max=867839, Min=743936, Avg=807637.33, 90=864255, 99=867839, 99.9=867839, 99.99=867839] 
2019-05-24 17:55:25:374 490 sec: 597 operations; 1.3 current ops/sec; est completion in 12 minutes [READ: Count=13, Max=886783, Min=640000, Avg=796534.15, 90=875007, 99=886783, 99.9=886783, 99.99=886783] 
2019-05-24 17:55:35:374 500 sec: 609 operations; 1.2 current ops/sec; est completion in 12 minutes [READ: Count=12, Max=898559, Min=684032, Avg=810112, 90=887807, 99=898559, 99.9=898559, 99.99=898559] 
2019-05-24 17:55:45:374 510 sec: 621 operations; 1.2 current ops/sec; est completion in 12 minutes [READ: Count=12, Max=979455, Min=759296, Avg=821077.33, 90=851967, 99=979455, 99.9=979455, 99.99=979455] 
2019-05-24 17:55:55:374 520 sec: 633 operations; 1.2 current ops/sec; est completion in 11 minutes [READ: Count=12, Max=871423, Min=735232, Avg=809600, 90=868351, 99=871423, 99.9=871423, 99.99=871423] 
2019-05-24 17:56:05:373 530 sec: 646 operations; 1.3 current ops/sec; est completion in 11 minutes [READ: Count=13, Max=911871, Min=743936, Avg=821346.46, 90=879103, 99=911871, 99.9=911871, 99.99=911871] 
2019-05-24 17:56:15:374 540 sec: 658 operations; 1.2 current ops/sec; est completion in 11 minutes [READ: Count=12, Max=872447, Min=768512, Avg=819498.67, 90=869375, 99=872447, 99.9=872447, 99.99=872447] 
2019-05-24 17:56:25:373 550 sec: 670 operations; 1.2 current ops/sec; est completion in 11 minutes [READ: Count=12, Max=899583, Min=723968, Avg=806016, 90=836607, 99=899583, 99.9=899583, 99.99=899583] 
2019-05-24 17:56:35:373 560 sec: 682 operations; 1.2 current ops/sec; est completion in 11 minutes [READ: Count=12, Max=970751, Min=734720, Avg=822912, 90=894463, 99=970751, 99.9=970751, 99.99=970751] 
2019-05-24 17:56:45:373 570 sec: 695 operations; 1.3 current ops/sec; est completion in 11 minutes [READ: Count=13, Max=977407, Min=699904, Avg=813587.69, 90=900095, 99=977407, 99.9=977407, 99.99=977407] 
2019-05-24 17:56:55:373 580 sec: 707 operations; 1.2 current ops/sec; est completion in 10 minutes [READ: Count=12, Max=950271, Min=737280, Avg=822400, 90=933887, 99=950271, 99.9=950271, 99.99=950271] 
2019-05-24 17:57:05:373 590 sec: 719 operations; 1.2 current ops/sec; est completion in 10 minutes [READ: Count=12, Max=952319, Min=715264, Avg=822698.67, 90=904191, 99=952319, 99.9=952319, 99.99=952319] 
2019-05-24 17:57:15:374 600 sec: 731 operations; 1.2 current ops/sec; est completion in 10 minutes [READ: Count=12, Max=953343, Min=705536, Avg=823637.33, 90=928255, 99=953343, 99.9=953343, 99.99=953343] 
2019-05-24 17:57:25:374 610 sec: 743 operations; 1.2 current ops/sec; est completion in 10 minutes [READ: Count=12, Max=930815, Min=705024, Avg=802858.67, 90=907775, 99=930815, 99.9=930815, 99.99=930815] 
2019-05-24 17:57:35:373 620 sec: 756 operations; 1.3 current ops/sec; est completion in 10 minutes [READ: Count=13, Max=876031, Min=737280, Avg=819574.15, 90=873471, 99=876031, 99.9=876031, 99.99=876031] 
2019-05-24 17:57:45:373 630 sec: 768 operations; 1.2 current ops/sec; est completion in 10 minutes [READ: Count=12, Max=916479, Min=696320, Avg=785792, 90=873983, 99=916479, 99.9=916479, 99.99=916479] 
2019-05-24 17:57:55:374 640 sec: 780 operations; 1.2 current ops/sec; est completion in 9 minutes [READ: Count=12, Max=975871, Min=722944, Avg=841301.33, 90=959487, 99=975871, 99.9=975871, 99.99=975871] 
2019-05-24 17:58:05:374 650 sec: 793 operations; 1.3 current ops/sec; est completion in 9 minutes [READ: Count=13, Max=983039, Min=735744, Avg=812681.85, 90=874495, 99=983039, 99.9=983039, 99.99=983039] 
2019-05-24 17:58:15:373 660 sec: 805 operations; 1.2 current ops/sec; est completion in 9 minutes [READ: Count=12, Max=939007, Min=727040, Avg=828330.67, 90=911871, 99=939007, 99.9=939007, 99.99=939007] 
2019-05-24 17:58:25:374 670 sec: 817 operations; 1.2 current ops/sec; est completion in 9 minutes [READ: Count=12, Max=919039, Min=714752, Avg=815658.67, 90=896511, 99=919039, 99.9=919039, 99.99=919039] 
2019-05-24 17:58:35:374 680 sec: 829 operations; 1.2 current ops/sec; est completion in 9 minutes [READ: Count=12, Max=976895, Min=727552, Avg=832042.67, 90=914943, 99=976895, 99.9=976895, 99.99=976895] 
2019-05-24 17:58:45:374 690 sec: 841 operations; 1.2 current ops/sec; est completion in 9 minutes [READ: Count=12, Max=893439, Min=722432, Avg=815232, 90=885247, 99=893439, 99.9=893439, 99.99=893439] 
2019-05-24 17:58:55:374 700 sec: 854 operations; 1.3 current ops/sec; est completion in 8 minutes [READ: Count=13, Max=898047, Min=700416, Avg=805907.69, 90=876031, 99=898047, 99.9=898047, 99.99=898047] 
2019-05-24 17:59:05:375 710 sec: 866 operations; 1.2 current ops/sec; est completion in 8 minutes [READ: Count=12, Max=923135, Min=740352, Avg=821760, 90=908799, 99=923135, 99.9=923135, 99.99=923135] 
2019-05-24 17:59:15:373 720 sec: 878 operations; 1.2 current ops/sec; est completion in 8 minutes [READ: Count=12, Max=893951, Min=740864, Avg=807509.33, 90=887807, 99=893951, 99.9=893951, 99.99=893951] 
2019-05-24 17:59:25:375 730 sec: 890 operations; 1.2 current ops/sec; est completion in 8 minutes [READ: Count=12, Max=989183, Min=711680, Avg=833365.33, 90=879103, 99=989183, 99.9=989183, 99.99=989183] 
2019-05-24 17:59:35:374 740 sec: 902 operations; 1.2 current ops/sec; est completion in 8 minutes [READ: Count=12, Max=980479, Min=687104, Avg=835882.67, 90=950783, 99=980479, 99.9=980479, 99.99=980479] 
2019-05-24 17:59:45:374 750 sec: 914 operations; 1.2 current ops/sec; est completion in 8 minutes [READ: Count=12, Max=918527, Min=758272, Avg=835114.67, 90=883711, 99=918527, 99.9=918527, 99.99=918527] 
2019-05-24 17:59:55:374 760 sec: 927 operations; 1.3 current ops/sec; est completion in 7 minutes [READ: Count=13, Max=873471, Min=733184, Avg=805159.38, 90=864767, 99=873471, 99.9=873471, 99.99=873471] 
2019-05-24 18:00:05:374 770 sec: 939 operations; 1.2 current ops/sec; est completion in 7 minutes [READ: Count=12, Max=923647, Min=733184, Avg=801792, 90=902655, 99=923647, 99.9=923647, 99.99=923647] 
2019-05-24 18:00:15:374 780 sec: 951 operations; 1.2 current ops/sec; est completion in 7 minutes [READ: Count=12, Max=932351, Min=735232, Avg=813056, 90=877567, 99=932351, 99.9=932351, 99.99=932351] 
2019-05-24 18:00:25:373 790 sec: 964 operations; 1.3 current ops/sec; est completion in 7 minutes [READ: Count=13, Max=929791, Min=714240, Avg=807758.77, 90=885759, 99=929791, 99.9=929791, 99.99=929791] 
2019-05-24 18:00:35:374 800 sec: 976 operations; 1.2 current ops/sec; est completion in 7 minutes [READ: Count=12, Max=950271, Min=729088, Avg=825728, 90=927743, 99=950271, 99.9=950271, 99.99=950271] 
2019-05-24 18:00:45:373 810 sec: 988 operations; 1.2 current ops/sec; est completion in 7 minutes [READ: Count=12, Max=908287, Min=712192, Avg=790101.33, 90=859135, 99=908287, 99.9=908287, 99.99=908287] 
2019-05-24 18:00:55:373 820 sec: 1001 operations; 1.3 current ops/sec; est completion in 6 minutes [READ: Count=13, Max=910847, Min=706048, Avg=799054.77, 90=899583, 99=910847, 99.9=910847, 99.99=910847] 
2019-05-24 18:01:05:373 830 sec: 1013 operations; 1.2 current ops/sec; est completion in 6 minutes [READ: Count=12, Max=930303, Min=732672, Avg=836736, 90=900607, 99=930303, 99.9=930303, 99.99=930303] 
2019-05-24 18:01:15:374 840 sec: 1025 operations; 1.2 current ops/sec; est completion in 6 minutes [READ: Count=12, Max=954879, Min=699392, Avg=831829.33, 90=913407, 99=954879, 99.9=954879, 99.99=954879] 
2019-05-24 18:01:25:374 850 sec: 1037 operations; 1.2 current ops/sec; est completion in 6 minutes [READ: Count=12, Max=927231, Min=711680, Avg=826368, 90=910335, 99=927231, 99.9=927231, 99.99=927231] 
2019-05-24 18:01:35:373 860 sec: 1049 operations; 1.2 current ops/sec; est completion in 6 minutes [READ: Count=12, Max=908799, Min=709632, Avg=821333.33, 90=906239, 99=908799, 99.9=908799, 99.99=908799] 
2019-05-24 18:01:45:373 870 sec: 1061 operations; 1.2 current ops/sec; est completion in 6 minutes [READ: Count=12, Max=944127, Min=768512, Avg=831701.33, 90=873983, 99=944127, 99.9=944127, 99.99=944127] 
2019-05-24 18:01:55:374 880 sec: 1073 operations; 1.2 current ops/sec; est completion in 5 minutes [READ: Count=12, Max=928255, Min=730624, Avg=819840, 90=916479, 99=928255, 99.9=928255, 99.99=928255] 
2019-05-24 18:02:05:374 890 sec: 1085 operations; 1.2 current ops/sec; est completion in 5 minutes [READ: Count=12, Max=927743, Min=723456, Avg=832725.33, 90=917503, 99=927743, 99.9=927743, 99.99=927743] 
2019-05-24 18:02:15:373 900 sec: 1098 operations; 1.3 current ops/sec; est completion in 5 minutes [READ: Count=13, Max=894975, Min=718336, Avg=817171.69, 90=886783, 99=894975, 99.9=894975, 99.99=894975] 
2019-05-24 18:02:25:373 910 sec: 1110 operations; 1.2 current ops/sec; est completion in 5 minutes [READ: Count=12, Max=976895, Min=758784, Avg=837845.33, 90=929279, 99=976895, 99.9=976895, 99.99=976895] 
2019-05-24 18:02:35:375 920 sec: 1122 operations; 1.2 current ops/sec; est completion in 5 minutes [READ: Count=12, Max=906751, Min=723968, Avg=813269.33, 90=890367, 99=906751, 99.9=906751, 99.99=906751] 
2019-05-24 18:02:45:374 930 sec: 1134 operations; 1.2 current ops/sec; est completion in 5 minutes [READ: Count=12, Max=945663, Min=738816, Avg=815018.67, 90=865791, 99=945663, 99.9=945663, 99.99=945663] 
2019-05-24 18:02:55:375 940 sec: 1146 operations; 1.2 current ops/sec; est completion in 4 minutes [READ: Count=12, Max=914943, Min=719872, Avg=812672, 90=904703, 99=914943, 99.9=914943, 99.99=914943] 
2019-05-24 18:03:05:373 950 sec: 1158 operations; 1.2 current ops/sec; est completion in 4 minutes [READ: Count=12, Max=984575, Min=729088, Avg=836864, 90=927743, 99=984575, 99.9=984575, 99.99=984575] 
2019-05-24 18:03:15:374 960 sec: 1171 operations; 1.3 current ops/sec; est completion in 4 minutes [READ: Count=13, Max=944639, Min=739328, Avg=819574.15, 90=888319, 99=944639, 99.9=944639, 99.99=944639] 
2019-05-24 18:03:25:374 970 sec: 1183 operations; 1.2 current ops/sec; est completion in 4 minutes [READ: Count=12, Max=996863, Min=694784, Avg=828458.67, 90=959487, 99=996863, 99.9=996863, 99.99=996863] 
2019-05-24 18:03:35:374 980 sec: 1195 operations; 1.2 current ops/sec; est completion in 4 minutes [READ: Count=12, Max=959487, Min=739328, Avg=815232, 90=895999, 99=959487, 99.9=959487, 99.99=959487] 
2019-05-24 18:03:45:373 990 sec: 1207 operations; 1.2 current ops/sec; est completion in 4 minutes [READ: Count=12, Max=936959, Min=720384, Avg=819925.33, 90=907263, 99=936959, 99.9=936959, 99.99=936959] 
2019-05-24 18:03:55:373 1000 sec: 1219 operations; 1.2 current ops/sec; est completion in 3 minutes [READ: Count=12, Max=944639, Min=709120, Avg=856277.33, 90=907775, 99=944639, 99.9=944639, 99.99=944639] 
2019-05-24 18:04:05:374 1010 sec: 1231 operations; 1.2 current ops/sec; est completion in 3 minutes [READ: Count=12, Max=915455, Min=704000, Avg=811306.67, 90=900607, 99=915455, 99.9=915455, 99.99=915455] 
2019-05-24 18:04:15:374 1020 sec: 1243 operations; 1.2 current ops/sec; est completion in 3 minutes [READ: Count=12, Max=915967, Min=752640, Avg=820565.33, 90=885247, 99=915967, 99.9=915967, 99.99=915967] 
2019-05-24 18:04:25:373 1030 sec: 1255 operations; 1.2 current ops/sec; est completion in 3 minutes [READ: Count=12, Max=887295, Min=731648, Avg=821461.33, 90=884223, 99=887295, 99.9=887295, 99.99=887295] 
2019-05-24 18:04:35:373 1040 sec: 1267 operations; 1.2 current ops/sec; est completion in 3 minutes [READ: Count=12, Max=935935, Min=738304, Avg=847317.33, 90=928767, 99=935935, 99.9=935935, 99.99=935935] 
2019-05-24 18:04:45:373 1050 sec: 1279 operations; 1.2 current ops/sec; est completion in 3 minutes [READ: Count=12, Max=929791, Min=751104, Avg=836864, 90=903679, 99=929791, 99.9=929791, 99.99=929791] 
2019-05-24 18:04:55:373 1060 sec: 1292 operations; 1.3 current ops/sec; est completion in 2 minutes [READ: Count=13, Max=936447, Min=691712, Avg=800630.15, 90=859647, 99=936447, 99.9=936447, 99.99=936447] 
2019-05-24 18:05:05:373 1070 sec: 1304 operations; 1.2 current ops/sec; est completion in 2 minutes [READ: Count=12, Max=1080319, Min=740352, Avg=825322.67, 90=868863, 99=1080319, 99.9=1080319, 99.99=1080319] 
2019-05-24 18:05:15:374 1080 sec: 1316 operations; 1.2 current ops/sec; est completion in 2 minutes [READ: Count=12, Max=920575, Min=778240, Avg=838101.33, 90=918015, 99=920575, 99.9=920575, 99.99=920575] 
2019-05-24 18:05:25:374 1090 sec: 1328 operations; 1.2 current ops/sec; est completion in 2 minutes [READ: Count=12, Max=962047, Min=707072, Avg=823210.67, 90=894463, 99=962047, 99.9=962047, 99.99=962047] 
2019-05-24 18:05:35:374 1100 sec: 1340 operations; 1.2 current ops/sec; est completion in 2 minutes [READ: Count=12, Max=990207, Min=758272, Avg=834645.33, 90=905215, 99=990207, 99.9=990207, 99.99=990207] 
2019-05-24 18:05:45:373 1110 sec: 1352 operations; 1.2 current ops/sec; est completion in 2 minutes [READ: Count=12, Max=993279, Min=718848, Avg=823424, 90=914943, 99=993279, 99.9=993279, 99.99=993279] 
2019-05-24 18:05:55:375 1120 sec: 1364 operations; 1.2 current ops/sec; est completion in 1 minute [READ: Count=12, Max=928255, Min=730112, Avg=820266.67, 90=915455, 99=928255, 99.9=928255, 99.99=928255] 
2019-05-24 18:06:05:374 1130 sec: 1376 operations; 1.2 current ops/sec; est completion in 1 minute [READ: Count=12, Max=927743, Min=720896, Avg=826965.33, 90=901631, 99=927743, 99.9=927743, 99.99=927743] 
2019-05-24 18:06:15:374 1140 sec: 1389 operations; 1.3 current ops/sec; est completion in 1 minute [READ: Count=13, Max=956927, Min=748544, Avg=809609.85, 90=902143, 99=956927, 99.9=956927, 99.99=956927] 
2019-05-24 18:06:25:374 1150 sec: 1401 operations; 1.2 current ops/sec; est completion in 1 minute [READ: Count=12, Max=871423, Min=719872, Avg=800896, 90=843263, 99=871423, 99.9=871423, 99.99=871423] 
2019-05-24 18:06:35:373 1160 sec: 1413 operations; 1.2 current ops/sec; est completion in 1 minute [READ: Count=12, Max=954879, Min=713728, Avg=815317.33, 90=917503, 99=954879, 99.9=954879, 99.99=954879] 
2019-05-24 18:06:45:374 1170 sec: 1425 operations; 1.2 current ops/sec; est completion in 1 minute [READ: Count=12, Max=924671, Min=678912, Avg=838272, 90=896511, 99=924671, 99.9=924671, 99.99=924671] 
2019-05-24 18:06:55:374 1180 sec: 1437 operations; 1.2 current ops/sec; est completion in 52 seconds [READ: Count=12, Max=1009663, Min=702976, Avg=830421.33, 90=921599, 99=1009663, 99.9=1009663, 99.99=1009663] 
2019-05-24 18:07:05:374 1190 sec: 1450 operations; 1.3 current ops/sec; est completion in 42 seconds [READ: Count=13, Max=979455, Min=707072, Avg=805277.54, 90=943103, 99=979455, 99.9=979455, 99.99=979455] 
2019-05-24 18:07:15:373 1200 sec: 1462 operations; 1.2 current ops/sec; est completion in 32 seconds [READ: Count=12, Max=892415, Min=720896, Avg=813226.67, 90=888831, 99=892415, 99.9=892415, 99.99=892415] 
2019-05-24 18:07:25:373 1210 sec: 1474 operations; 1.2 current ops/sec; est completion in 22 seconds [READ: Count=12, Max=943103, Min=686080, Avg=825856, 90=922111, 99=943103, 99.9=943103, 99.99=943103] 
2019-05-24 18:07:35:373 1220 sec: 1486 operations; 1.2 current ops/sec; est completion in 12 seconds [READ: Count=12, Max=920575, Min=746496, Avg=830464, 90=900607, 99=920575, 99.9=920575, 99.99=920575] 
2019-05-24 18:07:45:373 1230 sec: 1498 operations; 1.2 current ops/sec; est completion in 2 second [READ: Count=12, Max=945151, Min=748032, Avg=814464, 90=876543, 99=945151, 99.9=945151, 99.99=945151] 
2019-05-24 18:07:46:323 1230 sec: 1500 operations; 2.11 current ops/sec; [READ: Count=2, Max=870399, Min=823808, Avg=847104, 90=870399, 99=870399, 99.9=870399, 99.99=870399] [CLEANUP: Count=1, Max=4, Min=4, Avg=4, 90=4, 99=4, 99.9=4, 99.99=4] 
