[OVERALL], RunTime(ms), 1148117
[OVERALL], Throughput(ops/sec), 1.30648705663273
[TOTAL_GCS_G1_Young_Generation], Count, 6
[TOTAL_GC_TIME_G1_Young_Generation], Time(ms), 165
[TOTAL_GC_TIME_%_G1_Young_Generation], Time(%), 0.014371357622960029
[TOTAL_GCS_G1_Old_Generation], Count, 0
[TOTAL_GC_TIME_G1_Old_Generation], Time(ms), 0
[TOTAL_GC_TIME_%_G1_Old_Generation], Time(%), 0.0
[TOTAL_GCs], Count, 6
[TOTAL_GC_TIME], Time(ms), 165
[TOTAL_GC_TIME_%], Time(%), 0.014371357622960029
[READ], Operations, 1500
[READ], AverageLatency(us), 764893.184
[READ], MinLatency(us), 643584
[READ], MaxLatency(us), 939519
[READ], 95thPercentileLatency(us), 841215
[READ], 99thPercentileLatency(us), 865279
[READ], Return=OK, 1500
[CLEANUP], Operations, 1
[CLEANUP], AverageLatency(us), 4.0
[CLEANUP], MinLatency(us), 4
[CLEANUP], MaxLatency(us), 4
[CLEANUP], 95thPercentileLatency(us), 4
[CLEANUP], 99thPercentileLatency(us), 4
