[OVERALL], RunTime(ms), 1151265
[OVERALL], Throughput(ops/sec), 1.302914620004951
[TOTAL_GCS_G1_Young_Generation], Count, 6
[TOTAL_GC_TIME_G1_Young_Generation], Time(ms), 119
[TOTAL_GC_TIME_%_G1_Young_Generation], Time(%), 0.010336455985372611
[TOTAL_GCS_G1_Old_Generation], Count, 0
[TOTAL_GC_TIME_G1_Old_Generation], Time(ms), 0
[TOTAL_GC_TIME_%_G1_Old_Generation], Time(%), 0.0
[TOTAL_GCs], Count, 6
[TOTAL_GC_TIME], Time(ms), 119
[TOTAL_GC_TIME_%], Time(%), 0.010336455985372611
[READ], Operations, 1500
[READ], AverageLatency(us), 766988.9706666666
[READ], MinLatency(us), 639488
[READ], MaxLatency(us), 927231
[READ], 95thPercentileLatency(us), 846847
[READ], 99thPercentileLatency(us), 879615
[READ], Return=OK, 1500
[CLEANUP], Operations, 1
[CLEANUP], AverageLatency(us), 4.0
[CLEANUP], MinLatency(us), 4
[CLEANUP], MaxLatency(us), 4
[CLEANUP], 95thPercentileLatency(us), 4
[CLEANUP], 99thPercentileLatency(us), 4
