[WARN]  Running against a source checkout. In order to get our runtime dependencies we'll have to invoke Maven. Depending on the state of your system, this may take ~30-45 seconds
[DEBUG]  Running 'mvn -pl com.yahoo.ycsb:rest-binding -am package -DskipTests dependency:build-classpath -DincludeScope=compile -Dmdep.outputFilterFile=true'
WARNING: An illegal reflective access operation has occurred
WARNING: Illegal reflective access by com.google.inject.internal.cglib.core.$ReflectUtils$1 (file:/usr/share/maven/lib/guice.jar) to method java.lang.ClassLoader.defineClass(java.lang.String,byte[],int,int,java.security.ProtectionDomain)
WARNING: Please consider reporting this to the maintainers of com.google.inject.internal.cglib.core.$ReflectUtils$1
WARNING: Use --illegal-access=warn to enable warnings of further illegal reflective access operations
WARNING: All illegal access operations will be denied in a future release
java -cp /home/ubuntu/YCSB/rest/conf:/home/ubuntu/YCSB/rest/target/rest-binding-0.16.0-SNAPSHOT.jar:/home/ubuntu/.m2/repository/org/hdrhistogram/HdrHistogram/2.1.4/HdrHistogram-2.1.4.jar:/home/ubuntu/.m2/repository/org/glassfish/hk2/external/javax.inject/2.2.0/javax.inject-2.2.0.jar:/home/ubuntu/.m2/repository/com/github/stefanbirkner/system-rules/1.16.0/system-rules-1.16.0.jar:/home/ubuntu/.m2/repository/org/codehaus/jackson/jackson-core-asl/1.9.4/jackson-core-asl-1.9.4.jar:/home/ubuntu/.m2/repository/org/glassfish/jersey/core/jersey-server/2.6/jersey-server-2.6.jar:/home/ubuntu/YCSB/core/target/core-0.16.0-SNAPSHOT.jar:/home/ubuntu/.m2/repository/org/glassfish/hk2/hk2-api/2.2.0/hk2-api-2.2.0.jar:/home/ubuntu/.m2/repository/javax/ws/rs/javax.ws.rs-api/2.0/javax.ws.rs-api-2.0.jar:/home/ubuntu/.m2/repository/org/glassfish/hk2/hk2-locator/2.2.0/hk2-locator-2.2.0.jar:/home/ubuntu/.m2/repository/org/eclipse/jdt/core/compiler/ecj/4.4.2/ecj-4.4.2.jar:/home/ubuntu/.m2/repository/org/codehaus/jackson/jackson-mapper-asl/1.9.4/jackson-mapper-asl-1.9.4.jar:/home/ubuntu/.m2/repository/org/glassfish/jersey/bundles/repackaged/jersey-guava/2.6/jersey-guava-2.6.jar:/home/ubuntu/.m2/repository/org/glassfish/hk2/external/aopalliance-repackaged/2.2.0/aopalliance-repackaged-2.2.0.jar:/home/ubuntu/.m2/repository/org/javassist/javassist/3.18.1-GA/javassist-3.18.1-GA.jar:/home/ubuntu/.m2/repository/javax/annotation/javax.annotation-api/1.2/javax.annotation-api-1.2.jar:/home/ubuntu/.m2/repository/org/apache/htrace/htrace-core4/4.1.0-incubating/htrace-core4-4.1.0-incubating.jar:/home/ubuntu/.m2/repository/org/apache/tomcat/embed/tomcat-embed-logging-log4j/8.0.28/tomcat-embed-logging-log4j-8.0.28.jar:/home/ubuntu/.m2/repository/org/apache/tomcat/embed/tomcat-embed-el/8.0.28/tomcat-embed-el-8.0.28.jar:/home/ubuntu/.m2/repository/org/apache/tomcat/embed/tomcat-embed-logging-juli/8.0.28/tomcat-embed-logging-juli-8.0.28.jar:/home/ubuntu/.m2/repository/org/apache/tomcat/embed/tomcat-embed-core/8.0.28/tomcat-embed-core-8.0.28.jar:/home/ubuntu/.m2/repository/org/glassfish/hk2/osgi-resource-locator/1.0.1/osgi-resource-locator-1.0.1.jar:/home/ubuntu/.m2/repository/commons-codec/commons-codec/1.9/commons-codec-1.9.jar:/home/ubuntu/.m2/repository/org/glassfish/jersey/core/jersey-client/2.6/jersey-client-2.6.jar:/home/ubuntu/.m2/repository/org/apache/tomcat/embed/tomcat-embed-websocket/8.0.28/tomcat-embed-websocket-8.0.28.jar:/home/ubuntu/.m2/repository/commons-logging/commons-logging/1.2/commons-logging-1.2.jar:/home/ubuntu/.m2/repository/org/glassfish/hk2/hk2-utils/2.2.0/hk2-utils-2.2.0.jar:/home/ubuntu/.m2/repository/javax/validation/validation-api/1.1.0.Final/validation-api-1.1.0.Final.jar:/home/ubuntu/.m2/repository/org/apache/httpcomponents/httpclient/4.5.1/httpclient-4.5.1.jar:/home/ubuntu/.m2/repository/org/apache/tomcat/tomcat-dbcp/8.0.28/tomcat-dbcp-8.0.28.jar:/home/ubuntu/.m2/repository/org/glassfish/jersey/containers/jersey-container-servlet-core/2.6/jersey-container-servlet-core-2.6.jar:/home/ubuntu/.m2/repository/org/apache/tomcat/embed/tomcat-embed-jasper/8.0.28/tomcat-embed-jasper-8.0.28.jar:/home/ubuntu/.m2/repository/org/glassfish/jersey/core/jersey-common/2.6/jersey-common-2.6.jar:/home/ubuntu/.m2/repository/org/apache/httpcomponents/httpcore/4.4.4/httpcore-4.4.4.jar com.yahoo.ycsb.Client -db com.yahoo.ycsb.webservice.rest.RestClient -s -P workloads/rest_workload -t
Command line: -db com.yahoo.ycsb.webservice.rest.RestClient -s -P workloads/rest_workload -t
YCSB Client 0.16.0-SNAPSHOT

Loading workload...
Starting test.
2019-05-22 07:54:20:056 0 sec: 0 operations; est completion in 0 second 
DBWrapper: report latency for each error is false and specific error codes to track for latency are: []
2019-05-22 07:54:29:995 10 sec: 12 operations; 1.2 current ops/sec; est completion in 20 minutes [READ: Count=12, Max=897535, Min=706048, Avg=783104, 90=856063, 99=897535, 99.9=897535, 99.99=897535] 
2019-05-22 07:54:39:993 20 sec: 25 operations; 1.3 current ops/sec; est completion in 19 minutes [READ: Count=13, Max=872959, Min=726016, Avg=771524.92, 90=853503, 99=872959, 99.9=872959, 99.99=872959] 
2019-05-22 07:54:49:992 30 sec: 38 operations; 1.3 current ops/sec; est completion in 19 minutes [READ: Count=13, Max=845311, Min=716288, Avg=773376, 90=845311, 99=845311, 99.9=845311, 99.99=845311] 
2019-05-22 07:54:59:992 40 sec: 51 operations; 1.3 current ops/sec; est completion in 18 minutes [READ: Count=13, Max=870911, Min=692736, Avg=764278.15, 90=828927, 99=870911, 99.9=870911, 99.99=870911] 
2019-05-22 07:55:09:991 50 sec: 64 operations; 1.3 current ops/sec; est completion in 18 minutes [READ: Count=13, Max=845311, Min=737280, Avg=778102.15, 90=829439, 99=845311, 99.9=845311, 99.99=845311] 
2019-05-22 07:55:19:992 60 sec: 77 operations; 1.3 current ops/sec; est completion in 18 minutes [READ: Count=13, Max=854527, Min=702464, Avg=753604.92, 90=846847, 99=854527, 99.9=854527, 99.99=854527] 
2019-05-22 07:55:29:992 70 sec: 90 operations; 1.3 current ops/sec; est completion in 18 minutes [READ: Count=13, Max=888831, Min=716800, Avg=774872.62, 90=852479, 99=888831, 99.9=888831, 99.99=888831] 
2019-05-22 07:55:39:992 80 sec: 103 operations; 1.3 current ops/sec; est completion in 18 minutes [READ: Count=13, Max=884735, Min=721920, Avg=771052.31, 90=827903, 99=884735, 99.9=884735, 99.99=884735] 
2019-05-22 07:55:49:991 90 sec: 116 operations; 1.3 current ops/sec; est completion in 17 minutes [READ: Count=13, Max=868351, Min=714240, Avg=780071.38, 90=841727, 99=868351, 99.9=868351, 99.99=868351] 
2019-05-22 07:55:59:992 100 sec: 129 operations; 1.3 current ops/sec; est completion in 17 minutes [READ: Count=13, Max=828927, Min=705024, Avg=750966.15, 90=816127, 99=828927, 99.9=828927, 99.99=828927] 
2019-05-22 07:56:09:991 110 sec: 142 operations; 1.3 current ops/sec; est completion in 17 minutes [READ: Count=13, Max=837119, Min=710144, Avg=763411.69, 90=828927, 99=837119, 99.9=837119, 99.99=837119] 
2019-05-22 07:56:19:992 120 sec: 155 operations; 1.3 current ops/sec; est completion in 17 minutes [READ: Count=13, Max=857599, Min=700416, Avg=758212.92, 90=837631, 99=857599, 99.9=857599, 99.99=857599] 
2019-05-22 07:56:29:991 130 sec: 168 operations; 1.3 current ops/sec; est completion in 17 minutes [READ: Count=13, Max=874495, Min=719360, Avg=780937.85, 90=824831, 99=874495, 99.9=874495, 99.99=874495] 
2019-05-22 07:56:39:991 140 sec: 181 operations; 1.3 current ops/sec; est completion in 17 minutes [READ: Count=13, Max=879615, Min=712192, Avg=765892.92, 90=832511, 99=879615, 99.9=879615, 99.99=879615] 
2019-05-22 07:56:49:992 150 sec: 194 operations; 1.3 current ops/sec; est completion in 16 minutes [READ: Count=13, Max=859647, Min=702976, Avg=763490.46, 90=856063, 99=859647, 99.9=859647, 99.99=859647] 
2019-05-22 07:56:59:992 160 sec: 207 operations; 1.3 current ops/sec; est completion in 16 minutes [READ: Count=13, Max=846847, Min=712192, Avg=766011.08, 90=840703, 99=846847, 99.9=846847, 99.99=846847] 
2019-05-22 07:57:09:992 170 sec: 220 operations; 1.3 current ops/sec; est completion in 16 minutes [READ: Count=13, Max=880639, Min=728064, Avg=775975.38, 90=839679, 99=880639, 99.9=880639, 99.99=880639] 
2019-05-22 07:57:19:992 180 sec: 233 operations; 1.3 current ops/sec; est completion in 16 minutes [READ: Count=13, Max=859647, Min=714752, Avg=772903.38, 90=845311, 99=859647, 99.9=859647, 99.99=859647] 
2019-05-22 07:57:29:992 190 sec: 246 operations; 1.3 current ops/sec; est completion in 16 minutes [READ: Count=13, Max=844287, Min=714752, Avg=765892.92, 90=838143, 99=844287, 99.9=844287, 99.99=844287] 
2019-05-22 07:57:39:992 200 sec: 259 operations; 1.3 current ops/sec; est completion in 15 minutes [READ: Count=13, Max=901119, Min=689152, Avg=761954.46, 90=827903, 99=901119, 99.9=901119, 99.99=901119] 
2019-05-22 07:57:49:992 210 sec: 272 operations; 1.3 current ops/sec; est completion in 15 minutes [READ: Count=13, Max=854527, Min=708096, Avg=774124.31, 90=842751, 99=854527, 99.9=854527, 99.99=854527] 
2019-05-22 07:57:59:992 220 sec: 285 operations; 1.3 current ops/sec; est completion in 15 minutes [READ: Count=13, Max=837119, Min=714240, Avg=758882.46, 90=821247, 99=837119, 99.9=837119, 99.99=837119] 
2019-05-22 07:58:09:992 230 sec: 298 operations; 1.3 current ops/sec; est completion in 15 minutes [READ: Count=13, Max=809471, Min=696320, Avg=758094.77, 90=808447, 99=809471, 99.9=809471, 99.99=809471] 
2019-05-22 07:58:19:992 240 sec: 311 operations; 1.3 current ops/sec; est completion in 15 minutes [READ: Count=13, Max=826879, Min=729600, Avg=772470.15, 90=826367, 99=826879, 99.9=826879, 99.99=826879] 
2019-05-22 07:58:29:992 250 sec: 324 operations; 1.3 current ops/sec; est completion in 15 minutes [READ: Count=13, Max=835583, Min=733184, Avg=787515.08, 90=823295, 99=835583, 99.9=835583, 99.99=835583] 
2019-05-22 07:58:39:992 260 sec: 337 operations; 1.3 current ops/sec; est completion in 14 minutes [READ: Count=13, Max=927231, Min=705536, Avg=764081.23, 90=822783, 99=927231, 99.9=927231, 99.99=927231] 
2019-05-22 07:58:49:992 270 sec: 350 operations; 1.3 current ops/sec; est completion in 14 minutes [READ: Count=13, Max=885759, Min=717312, Avg=774518.15, 90=828415, 99=885759, 99.9=885759, 99.99=885759] 
2019-05-22 07:58:59:992 280 sec: 363 operations; 1.3 current ops/sec; est completion in 14 minutes [READ: Count=13, Max=843775, Min=707072, Avg=773730.46, 90=830463, 99=843775, 99.9=843775, 99.99=843775] 
2019-05-22 07:59:09:992 290 sec: 376 operations; 1.3 current ops/sec; est completion in 14 minutes [READ: Count=13, Max=848383, Min=707584, Avg=771485.54, 90=835071, 99=848383, 99.9=848383, 99.99=848383] 
2019-05-22 07:59:19:992 300 sec: 389 operations; 1.3 current ops/sec; est completion in 14 minutes [READ: Count=13, Max=836607, Min=712704, Avg=765656.62, 90=823295, 99=836607, 99.9=836607, 99.99=836607] 
2019-05-22 07:59:29:992 310 sec: 402 operations; 1.3 current ops/sec; est completion in 14 minutes [READ: Count=13, Max=858111, Min=704000, Avg=758646.15, 90=816639, 99=858111, 99.9=858111, 99.99=858111] 
2019-05-22 07:59:39:995 320 sec: 415 operations; 1.3 current ops/sec; est completion in 13 minutes [READ: Count=13, Max=859647, Min=736256, Avg=774242.46, 90=829951, 99=859647, 99.9=859647, 99.99=859647] 
2019-05-22 07:59:49:992 330 sec: 428 operations; 1.3 current ops/sec; est completion in 13 minutes [READ: Count=13, Max=871423, Min=724992, Avg=784167.38, 90=871423, 99=871423, 99.9=871423, 99.99=871423] 
2019-05-22 07:59:59:992 340 sec: 441 operations; 1.3 current ops/sec; est completion in 13 minutes [READ: Count=13, Max=840703, Min=733184, Avg=771840, 90=818175, 99=840703, 99.9=840703, 99.99=840703] 
2019-05-22 08:00:09:992 350 sec: 454 operations; 1.3 current ops/sec; est completion in 13 minutes [READ: Count=13, Max=862207, Min=713728, Avg=765499.08, 90=816639, 99=862207, 99.9=862207, 99.99=862207] 
2019-05-22 08:00:19:992 360 sec: 467 operations; 1.3 current ops/sec; est completion in 13 minutes [READ: Count=13, Max=864767, Min=726528, Avg=769713.23, 90=824319, 99=864767, 99.9=864767, 99.99=864767] 
2019-05-22 08:00:29:992 370 sec: 480 operations; 1.3 current ops/sec; est completion in 13 minutes [READ: Count=13, Max=827391, Min=727040, Avg=769122.46, 90=821759, 99=827391, 99.9=827391, 99.99=827391] 
2019-05-22 08:00:39:992 380 sec: 493 operations; 1.3 current ops/sec; est completion in 12 minutes [READ: Count=13, Max=871423, Min=714240, Avg=767980.31, 90=855039, 99=871423, 99.9=871423, 99.99=871423] 
2019-05-22 08:00:49:992 390 sec: 506 operations; 1.3 current ops/sec; est completion in 12 minutes [READ: Count=13, Max=863743, Min=724480, Avg=771170.46, 90=825855, 99=863743, 99.9=863743, 99.99=863743] 
2019-05-22 08:00:59:992 400 sec: 519 operations; 1.3 current ops/sec; est completion in 12 minutes [READ: Count=13, Max=834559, Min=707072, Avg=764514.46, 90=822271, 99=834559, 99.9=834559, 99.99=834559] 
2019-05-22 08:01:09:992 410 sec: 532 operations; 1.3 current ops/sec; est completion in 12 minutes [READ: Count=13, Max=832511, Min=709632, Avg=761993.85, 90=832511, 99=832511, 99.9=832511, 99.99=832511] 
2019-05-22 08:01:19:992 420 sec: 545 operations; 1.3 current ops/sec; est completion in 12 minutes [READ: Count=13, Max=854015, Min=695808, Avg=766916.92, 90=823295, 99=854015, 99.9=854015, 99.99=854015] 
2019-05-22 08:01:29:992 430 sec: 558 operations; 1.3 current ops/sec; est completion in 12 minutes [READ: Count=13, Max=828415, Min=710144, Avg=761284.92, 90=821759, 99=828415, 99.9=828415, 99.99=828415] 
2019-05-22 08:01:39:992 440 sec: 571 operations; 1.3 current ops/sec; est completion in 11 minutes [READ: Count=13, Max=861183, Min=690176, Avg=758961.23, 90=826367, 99=861183, 99.9=861183, 99.99=861183] 
2019-05-22 08:01:49:992 450 sec: 584 operations; 1.3 current ops/sec; est completion in 11 minutes [READ: Count=13, Max=833023, Min=669184, Avg=767625.85, 90=817663, 99=833023, 99.9=833023, 99.99=833023] 
2019-05-22 08:01:59:992 460 sec: 597 operations; 1.3 current ops/sec; est completion in 11 minutes [READ: Count=13, Max=833535, Min=727040, Avg=775778.46, 90=827903, 99=833535, 99.9=833535, 99.99=833535] 
2019-05-22 08:02:09:992 470 sec: 610 operations; 1.3 current ops/sec; est completion in 11 minutes [READ: Count=13, Max=849919, Min=725504, Avg=773179.08, 90=810495, 99=849919, 99.9=849919, 99.99=849919] 
2019-05-22 08:02:19:992 480 sec: 623 operations; 1.3 current ops/sec; est completion in 11 minutes [READ: Count=13, Max=830463, Min=705024, Avg=751753.85, 90=808447, 99=830463, 99.9=830463, 99.99=830463] 
2019-05-22 08:02:29:992 490 sec: 636 operations; 1.3 current ops/sec; est completion in 11 minutes [READ: Count=13, Max=852991, Min=727552, Avg=777984, 90=839679, 99=852991, 99.9=852991, 99.99=852991] 
2019-05-22 08:02:39:992 500 sec: 649 operations; 1.3 current ops/sec; est completion in 10 minutes [READ: Count=13, Max=886783, Min=646144, Avg=758961.23, 90=831999, 99=886783, 99.9=886783, 99.99=886783] 
2019-05-22 08:02:49:992 510 sec: 662 operations; 1.3 current ops/sec; est completion in 10 minutes [READ: Count=13, Max=861695, Min=721920, Avg=778456.62, 90=844799, 99=861695, 99.9=861695, 99.99=861695] 
2019-05-22 08:02:59:992 520 sec: 675 operations; 1.3 current ops/sec; est completion in 10 minutes [READ: Count=13, Max=864767, Min=728576, Avg=771958.15, 90=857599, 99=864767, 99.9=864767, 99.99=864767] 
2019-05-22 08:03:09:992 530 sec: 688 operations; 1.3 current ops/sec; est completion in 10 minutes [READ: Count=13, Max=847871, Min=715776, Avg=778023.38, 90=820223, 99=847871, 99.9=847871, 99.99=847871] 
2019-05-22 08:03:19:992 540 sec: 701 operations; 1.3 current ops/sec; est completion in 10 minutes [READ: Count=13, Max=836607, Min=726016, Avg=774754.46, 90=831999, 99=836607, 99.9=836607, 99.99=836607] 
2019-05-22 08:03:29:992 550 sec: 714 operations; 1.3 current ops/sec; est completion in 10 minutes [READ: Count=13, Max=843775, Min=730624, Avg=767074.46, 90=818687, 99=843775, 99.9=843775, 99.99=843775] 
2019-05-22 08:03:39:992 560 sec: 727 operations; 1.3 current ops/sec; est completion in 9 minutes [READ: Count=13, Max=851455, Min=705024, Avg=774242.46, 90=829951, 99=851455, 99.9=851455, 99.99=851455] 
2019-05-22 08:03:49:991 570 sec: 740 operations; 1.3 current ops/sec; est completion in 9 minutes [READ: Count=13, Max=861695, Min=715776, Avg=781213.54, 90=847871, 99=861695, 99.9=861695, 99.99=861695] 
2019-05-22 08:03:59:991 580 sec: 753 operations; 1.3 current ops/sec; est completion in 9 minutes [READ: Count=13, Max=881151, Min=702976, Avg=766483.69, 90=842239, 99=881151, 99.9=881151, 99.99=881151] 
2019-05-22 08:04:09:992 590 sec: 766 operations; 1.3 current ops/sec; est completion in 9 minutes [READ: Count=13, Max=818687, Min=704512, Avg=767153.23, 90=803327, 99=818687, 99.9=818687, 99.99=818687] 
2019-05-22 08:04:19:993 600 sec: 779 operations; 1.3 current ops/sec; est completion in 9 minutes [READ: Count=13, Max=851967, Min=731136, Avg=776960, 90=847871, 99=851967, 99.9=851967, 99.99=851967] 
2019-05-22 08:04:29:991 610 sec: 791 operations; 1.2 current ops/sec; est completion in 9 minutes [READ: Count=12, Max=837631, Min=735232, Avg=772309.33, 90=835071, 99=837631, 99.9=837631, 99.99=837631] 
2019-05-22 08:04:39:991 620 sec: 804 operations; 1.3 current ops/sec; est completion in 8 minutes [READ: Count=13, Max=903167, Min=720384, Avg=771918.77, 90=832511, 99=903167, 99.9=903167, 99.99=903167] 
2019-05-22 08:04:49:992 630 sec: 817 operations; 1.3 current ops/sec; est completion in 8 minutes [READ: Count=13, Max=849919, Min=712704, Avg=768649.85, 90=845311, 99=849919, 99.9=849919, 99.99=849919] 
2019-05-22 08:04:59:992 640 sec: 830 operations; 1.3 current ops/sec; est completion in 8 minutes [READ: Count=13, Max=858111, Min=724480, Avg=767153.23, 90=848895, 99=858111, 99.9=858111, 99.99=858111] 
2019-05-22 08:05:09:992 650 sec: 843 operations; 1.3 current ops/sec; est completion in 8 minutes [READ: Count=13, Max=835071, Min=722432, Avg=769752.62, 90=813055, 99=835071, 99.9=835071, 99.99=835071] 
2019-05-22 08:05:19:992 660 sec: 856 operations; 1.3 current ops/sec; est completion in 8 minutes [READ: Count=13, Max=876031, Min=721408, Avg=778653.54, 90=841215, 99=876031, 99.9=876031, 99.99=876031] 
2019-05-22 08:05:29:992 670 sec: 869 operations; 1.3 current ops/sec; est completion in 8 minutes [READ: Count=13, Max=863743, Min=719360, Avg=761796.92, 90=833023, 99=863743, 99.9=863743, 99.99=863743] 
2019-05-22 08:05:39:992 680 sec: 883 operations; 1.4 current ops/sec; est completion in 7 minutes [READ: Count=14, Max=843263, Min=696832, Avg=755529.14, 90=831487, 99=843263, 99.9=843263, 99.99=843263] 
2019-05-22 08:05:49:991 690 sec: 896 operations; 1.3 current ops/sec; est completion in 7 minutes [READ: Count=13, Max=883711, Min=722432, Avg=773060.92, 90=828415, 99=883711, 99.9=883711, 99.99=883711] 
2019-05-22 08:05:59:992 700 sec: 909 operations; 1.3 current ops/sec; est completion in 7 minutes [READ: Count=13, Max=825855, Min=702464, Avg=761757.54, 90=817663, 99=825855, 99.9=825855, 99.99=825855] 
2019-05-22 08:06:09:992 710 sec: 922 operations; 1.3 current ops/sec; est completion in 7 minutes [READ: Count=13, Max=844799, Min=719872, Avg=767153.23, 90=823295, 99=844799, 99.9=844799, 99.99=844799] 
2019-05-22 08:06:19:991 720 sec: 935 operations; 1.3 current ops/sec; est completion in 7 minutes [READ: Count=13, Max=824319, Min=717312, Avg=761993.85, 90=808959, 99=824319, 99.9=824319, 99.99=824319] 
2019-05-22 08:06:29:992 730 sec: 948 operations; 1.3 current ops/sec; est completion in 7 minutes [READ: Count=13, Max=801791, Min=728576, Avg=755574.15, 90=800255, 99=801791, 99.9=801791, 99.99=801791] 
2019-05-22 08:06:39:992 740 sec: 961 operations; 1.3 current ops/sec; est completion in 6 minutes [READ: Count=13, Max=810495, Min=717824, Avg=750532.92, 90=804351, 99=810495, 99.9=810495, 99.99=810495] 
2019-05-22 08:06:49:992 750 sec: 974 operations; 1.3 current ops/sec; est completion in 6 minutes [READ: Count=13, Max=871423, Min=722432, Avg=762742.15, 90=816127, 99=871423, 99.9=871423, 99.99=871423] 
2019-05-22 08:06:59:991 760 sec: 988 operations; 1.4 current ops/sec; est completion in 6 minutes [READ: Count=14, Max=846335, Min=701440, Avg=766244.57, 90=807935, 99=846335, 99.9=846335, 99.99=846335] 
2019-05-22 08:07:09:992 770 sec: 1001 operations; 1.3 current ops/sec; est completion in 6 minutes [READ: Count=13, Max=844287, Min=696832, Avg=758488.62, 90=813567, 99=844287, 99.9=844287, 99.99=844287] 
2019-05-22 08:07:19:994 780 sec: 1014 operations; 1.3 current ops/sec; est completion in 6 minutes [READ: Count=13, Max=816639, Min=710656, Avg=751950.77, 90=815103, 99=816639, 99.9=816639, 99.99=816639] 
2019-05-22 08:07:29:992 790 sec: 1027 operations; 1.3 current ops/sec; est completion in 6 minutes [READ: Count=13, Max=817151, Min=706048, Avg=759473.23, 90=808959, 99=817151, 99.9=817151, 99.99=817151] 
2019-05-22 08:07:39:993 800 sec: 1040 operations; 1.3 current ops/sec; est completion in 5 minutes [READ: Count=13, Max=840191, Min=713728, Avg=766720, 90=820735, 99=840191, 99.9=840191, 99.99=840191] 
2019-05-22 08:07:49:992 810 sec: 1054 operations; 1.4 current ops/sec; est completion in 5 minutes [READ: Count=14, Max=831487, Min=639488, Avg=750701.71, 90=799743, 99=831487, 99.9=831487, 99.99=831487] 
2019-05-22 08:07:59:993 820 sec: 1067 operations; 1.3 current ops/sec; est completion in 5 minutes [READ: Count=13, Max=828415, Min=712192, Avg=767665.23, 90=820223, 99=828415, 99.9=828415, 99.99=828415] 
2019-05-22 08:08:09:993 830 sec: 1080 operations; 1.3 current ops/sec; est completion in 5 minutes [READ: Count=13, Max=833535, Min=678400, Avg=764553.85, 90=817151, 99=833535, 99.9=833535, 99.99=833535] 
2019-05-22 08:08:19:991 840 sec: 1093 operations; 1.3 current ops/sec; est completion in 5 minutes [READ: Count=13, Max=875519, Min=706560, Avg=775739.08, 90=855039, 99=875519, 99.9=875519, 99.99=875519] 
2019-05-22 08:08:29:991 850 sec: 1106 operations; 1.3 current ops/sec; est completion in 5 minutes [READ: Count=13, Max=816127, Min=713728, Avg=766247.38, 90=812031, 99=816127, 99.9=816127, 99.99=816127] 
2019-05-22 08:08:39:992 860 sec: 1119 operations; 1.3 current ops/sec; est completion in 4 minutes [READ: Count=13, Max=847871, Min=715776, Avg=769831.38, 90=831487, 99=847871, 99.9=847871, 99.99=847871] 
2019-05-22 08:08:49:993 870 sec: 1131 operations; 1.2 current ops/sec; est completion in 4 minutes [READ: Count=12, Max=836095, Min=732672, Avg=773290.67, 90=831999, 99=836095, 99.9=836095, 99.99=836095] 
2019-05-22 08:08:59:991 880 sec: 1144 operations; 1.3 current ops/sec; est completion in 4 minutes [READ: Count=13, Max=831487, Min=719872, Avg=769910.15, 90=815615, 99=831487, 99.9=831487, 99.99=831487] 
2019-05-22 08:09:09:992 890 sec: 1158 operations; 1.4 current ops/sec; est completion in 4 minutes [READ: Count=14, Max=808959, Min=710656, Avg=757211.43, 90=804863, 99=808959, 99.9=808959, 99.99=808959] 
2019-05-22 08:09:19:992 900 sec: 1171 operations; 1.3 current ops/sec; est completion in 4 minutes [READ: Count=13, Max=858111, Min=718848, Avg=763490.46, 90=826879, 99=858111, 99.9=858111, 99.99=858111] 
2019-05-22 08:09:29:992 910 sec: 1184 operations; 1.3 current ops/sec; est completion in 4 minutes [READ: Count=13, Max=830463, Min=701952, Avg=765184, 90=829951, 99=830463, 99.9=830463, 99.99=830463] 
2019-05-22 08:09:39:991 920 sec: 1197 operations; 1.3 current ops/sec; est completion in 3 minutes [READ: Count=13, Max=836095, Min=712704, Avg=763293.54, 90=820223, 99=836095, 99.9=836095, 99.99=836095] 
2019-05-22 08:09:49:991 930 sec: 1210 operations; 1.3 current ops/sec; est completion in 3 minutes [READ: Count=13, Max=848383, Min=685568, Avg=764711.38, 90=824319, 99=848383, 99.9=848383, 99.99=848383] 
2019-05-22 08:09:59:992 940 sec: 1223 operations; 1.3 current ops/sec; est completion in 3 minutes [READ: Count=13, Max=832511, Min=736256, Avg=778338.46, 90=827903, 99=832511, 99.9=832511, 99.99=832511] 
2019-05-22 08:10:09:992 950 sec: 1236 operations; 1.3 current ops/sec; est completion in 3 minutes [READ: Count=13, Max=877055, Min=702464, Avg=775030.15, 90=852991, 99=877055, 99.9=877055, 99.99=877055] 
2019-05-22 08:10:19:992 960 sec: 1249 operations; 1.3 current ops/sec; est completion in 3 minutes [READ: Count=13, Max=847359, Min=711168, Avg=762860.31, 90=838655, 99=847359, 99.9=847359, 99.99=847359] 
2019-05-22 08:10:29:991 970 sec: 1262 operations; 1.3 current ops/sec; est completion in 3 minutes [READ: Count=13, Max=822271, Min=710656, Avg=768256, 90=817151, 99=822271, 99.9=822271, 99.99=822271] 
2019-05-22 08:10:39:991 980 sec: 1275 operations; 1.3 current ops/sec; est completion in 2 minutes [READ: Count=13, Max=836095, Min=691712, Avg=762584.62, 90=825855, 99=836095, 99.9=836095, 99.99=836095] 
2019-05-22 08:10:49:994 990 sec: 1288 operations; 1.3 current ops/sec; est completion in 2 minutes [READ: Count=13, Max=870399, Min=714752, Avg=775542.15, 90=865791, 99=870399, 99.9=870399, 99.99=870399] 
2019-05-22 08:10:59:991 1000 sec: 1301 operations; 1.3 current ops/sec; est completion in 2 minutes [READ: Count=13, Max=808959, Min=666624, Avg=743404.31, 90=806399, 99=808959, 99.9=808959, 99.99=808959] 
2019-05-22 08:11:09:992 1010 sec: 1315 operations; 1.4 current ops/sec; est completion in 2 minutes [READ: Count=14, Max=851967, Min=696320, Avg=749385.14, 90=817663, 99=851967, 99.9=851967, 99.99=851967] 
2019-05-22 08:11:19:992 1020 sec: 1328 operations; 1.3 current ops/sec; est completion in 2 minutes [READ: Count=13, Max=882175, Min=699392, Avg=766877.54, 90=846847, 99=882175, 99.9=882175, 99.99=882175] 
2019-05-22 08:11:29:993 1030 sec: 1341 operations; 1.3 current ops/sec; est completion in 2 minutes [READ: Count=13, Max=825343, Min=711168, Avg=765577.85, 90=818175, 99=825343, 99.9=825343, 99.99=825343] 
2019-05-22 08:11:39:992 1040 sec: 1354 operations; 1.3 current ops/sec; est completion in 1 minute [READ: Count=13, Max=816639, Min=705536, Avg=755928.62, 90=814079, 99=816639, 99.9=816639, 99.99=816639] 
2019-05-22 08:11:49:991 1050 sec: 1367 operations; 1.3 current ops/sec; est completion in 1 minute [READ: Count=13, Max=903167, Min=701440, Avg=765302.15, 90=836607, 99=903167, 99.9=903167, 99.99=903167] 
2019-05-22 08:11:59:991 1060 sec: 1380 operations; 1.3 current ops/sec; est completion in 1 minute [READ: Count=13, Max=842239, Min=698880, Avg=767547.08, 90=829439, 99=842239, 99.9=842239, 99.99=842239] 
2019-05-22 08:12:09:992 1070 sec: 1393 operations; 1.3 current ops/sec; est completion in 1 minute [READ: Count=13, Max=824831, Min=723968, Avg=770107.08, 90=820223, 99=824831, 99.9=824831, 99.99=824831] 
2019-05-22 08:12:19:992 1080 sec: 1406 operations; 1.3 current ops/sec; est completion in 1 minute [READ: Count=13, Max=840191, Min=699904, Avg=759079.38, 90=800767, 99=840191, 99.9=840191, 99.99=840191] 
2019-05-22 08:12:29:994 1090 sec: 1419 operations; 1.3 current ops/sec; est completion in 1 minute [READ: Count=13, Max=870911, Min=695808, Avg=762663.38, 90=806911, 99=870911, 99.9=870911, 99.99=870911] 
2019-05-22 08:12:39:995 1100 sec: 1432 operations; 1.3 current ops/sec; est completion in 53 seconds [READ: Count=13, Max=837119, Min=707072, Avg=763726.77, 90=834559, 99=837119, 99.9=837119, 99.99=837119] 
2019-05-22 08:12:49:992 1110 sec: 1445 operations; 1.3 current ops/sec; est completion in 43 seconds [READ: Count=13, Max=916991, Min=719360, Avg=769831.38, 90=842751, 99=916991, 99.9=916991, 99.99=916991] 
2019-05-22 08:12:59:993 1120 sec: 1459 operations; 1.4 current ops/sec; est completion in 32 seconds [READ: Count=14, Max=822271, Min=714240, Avg=754541.71, 90=816639, 99=822271, 99.9=822271, 99.99=822271] 
2019-05-22 08:13:09:992 1130 sec: 1472 operations; 1.3 current ops/sec; est completion in 22 seconds [READ: Count=13, Max=895999, Min=706048, Avg=774675.69, 90=850943, 99=895999, 99.9=895999, 99.99=895999] 
2019-05-22 08:13:19:992 1140 sec: 1485 operations; 1.3 current ops/sec; est completion in 12 seconds [READ: Count=13, Max=833535, Min=701952, Avg=759000.62, 90=832511, 99=833535, 99.9=833535, 99.99=833535] 
2019-05-22 08:13:29:994 1150 sec: 1498 operations; 1.3 current ops/sec; est completion in 2 second [READ: Count=13, Max=825855, Min=679424, Avg=762230.15, 90=818687, 99=825855, 99.9=825855, 99.99=825855] 
2019-05-22 08:13:31:254 1151 sec: 1500 operations; 1.58 current ops/sec; [READ: Count=2, Max=821759, Min=731648, Avg=776704, 90=821759, 99=821759, 99.9=821759, 99.99=821759] [CLEANUP: Count=1, Max=4, Min=4, Avg=4, 90=4, 99=4, 99.9=4, 99.99=4] 
