[OVERALL], RunTime(ms), 53282
[OVERALL], Throughput(ops/sec), 1.2011561127585302
[TOTAL_GCS_G1_Young_Generation], Count, 1
[TOTAL_GC_TIME_G1_Young_Generation], Time(ms), 16
[TOTAL_GC_TIME_%_G1_Young_Generation], Time(%), 0.03002890281896325
[TOTAL_GCS_G1_Old_Generation], Count, 0
[TOTAL_GC_TIME_G1_Old_Generation], Time(ms), 0
[TOTAL_GC_TIME_%_G1_Old_Generation], Time(%), 0.0
[TOTAL_GCs], Count, 1
[TOTAL_GC_TIME], Time(ms), 16
[TOTAL_GC_TIME_%], Time(%), 0.03002890281896325
[READ], Operations, 64
[READ], AverageLatency(us), 825464.0
[READ], MinLatency(us), 737280
[READ], MaxLatency(us), 958463
[READ], 95thPercentileLatency(us), 933375
[READ], 99thPercentileLatency(us), 950271
[READ], Return=OK, 64
[CLEANUP], Operations, 1
[CLEANUP], AverageLatency(us), 2.0
[CLEANUP], MinLatency(us), 2
[CLEANUP], MaxLatency(us), 2
[CLEANUP], 95thPercentileLatency(us), 2
[CLEANUP], 99thPercentileLatency(us), 2
