timestamp;status;request_time;upstream_response_time
1559256282.522;200;0.867;0.868
1559256283.330;200;0.776;0.780
1559256284.253;200;0.918;0.916
1559256285.150;200;0.893;0.896
1559256285.915;200;0.761;0.764
1559256286.644;200;0.726;0.728
1559256287.485;200;0.838;0.836
1559256288.349;200;0.850;0.852
1559256289.124;200;0.772;0.772
1559256289.958;200;0.829;0.832
1559256290.744;200;0.779;0.780
1559256291.604;200;0.856;0.856
1559256292.346;200;0.737;0.741
1559256293.148;200;0.798;0.800
1559256293.953;200;0.802;0.800
1559256294.777;200;0.821;0.820
1559256295.537;200;0.756;0.756
1559256296.263;200;0.722;0.724
1559256297.026;200;0.756;0.760
1559256297.901;200;0.873;0.876
1559256298.665;200;0.755;0.756
1559256299.411;200;0.741;0.744
1559256300.202;200;0.785;0.788
1559256301.022;200;0.817;0.820
1559256301.823;200;0.798;0.800
1559256302.658;200;0.831;0.828
1559256303.485;200;0.824;0.828
1559256304.446;200;0.954;0.952
1559256305.186;200;0.736;0.736
1559256305.933;200;0.743;0.744
1559256306.848;200;0.912;0.912
1559256307.679;200;0.828;0.832
1559256308.520;200;0.838;0.840
1559256309.258;200;0.736;0.740
1559256310.044;200;0.782;0.784
1559256310.895;200;0.849;0.852
1559256311.658;200;0.759;0.756
1559256312.453;200;0.788;0.788
1559256313.249;200;0.793;0.796
1559256314.059;200;0.807;0.808
1559256314.861;200;0.796;0.800
1559256315.597;200;0.731;0.736
1559256316.421;200;0.819;0.820
1559256317.277;200;0.852;0.856
1559256318.040;200;0.760;0.760
1559256318.886;200;0.842;0.844
1559256319.978;200;1.089;1.092
1559256320.882;200;0.897;0.900
1559256321.716;200;0.831;0.832
1559256322.521;200;0.802;0.800
1559256323.283;200;0.760;0.760
1559256324.234;200;0.949;0.952
1559256325.104;200;0.868;0.868
1559256325.986;200;0.880;0.884
1559256327.178;200;1.188;0.372, 0.820
1559256327.208;502;0.024;0.020, 0.000, 0.004, 0.000, 0.000
1559256327.216;502;0.003;0.000, 0.000, 0.000, 0.004
1559256327.218;502;0.001;0.000, 0.000, 0.000, 0.000
1559256327.220;502;0.001;0.000, 0.000, 0.000, 0.000
1559256327.225;502;0.004;0.000, 0.000, 0.000, 0.004
1559256327.230;502;0.004;0.004, 0.000, 0.000, 0.000
1559256327.232;502;0.001;0.004, 0.000, 0.000, 0.000
1559256327.234;502;0.001;0.000, 0.000, 0.000, 0.000
1559256327.240;502;0.003;0.000, 0.000, 0.000, 0.004
1559256327.242;502;0.001;0.000, 0.000, 0.000, 0.000
1559256327.244;502;0.001;0.000, 0.000, 0.000, 0.000
1559256327.246;502;0.001;0.000, 0.000, 0.000, 0.000
1559256327.252;502;0.002;0.000, 0.000, 0.004, 0.000
1559256327.254;502;0.001;0.000, 0.000, 0.000, 0.000
1559256327.257;502;0.001;0.000, 0.000, 0.000, 0.000
1559256327.278;502;0.001;0.000, 0.000, 0.000, 0.000
1559256327.281;502;0.001;0.000, 0.000, 0.000, 0.000
1559256327.286;502;0.001;0.000, 0.000, 0.000, 0.000
1559256327.290;502;0.002;0.000, 0.000, 0.000, 0.000
1559256327.293;502;0.002;0.000, 0.000, 0.000, 0.000
1559256327.301;502;0.007;0.004, 0.000, 0.000, 0.004
1559256327.305;502;0.002;0.000, 0.000, 0.000, 0.000
1559256327.312;502;0.002;0.000, 0.004, 0.000, 0.000
1559256327.315;502;0.002;0.000, 0.000, 0.000, 0.000
1559256327.318;502;0.002;0.000, 0.000, 0.000, 0.000
1559256327.323;502;0.001;0.000, 0.000, 0.000, 0.000
1559256327.326;502;0.001;0.000, 0.000, 0.000, 0.000
1559256327.329;502;0.002;0.000, 0.000, 0.000, 0.000
1559256327.334;502;0.004;0.000, 0.004, 0.000, 0.000
1559256327.337;502;0.001;0.000, 0.000, 0.000, 0.000
1559256327.340;502;0.002;0.000, 0.004, 0.000, 0.000
1559256327.342;502;0.001;0.000, 0.000, 0.000, 0.000
1559256327.349;502;0.003;0.000, 0.000, 0.000, 0.000
1559256327.353;502;0.003;0.004, 0.000, 0.000, 0.000
1559256327.357;502;0.003;0.004, 0.000, 0.000, 0.000
1559256327.362;502;0.004;0.000, 0.000, 0.004, 0.000
1559256327.364;502;0.001;0.000, 0.000, 0.000, 0.000
1559256327.366;502;0.001;0.000, 0.000, 0.000, 0.000
1559256327.370;502;0.001;0.000, 0.000, 0.000, 0.000
1559256327.375;502;0.001;0.000, 0.000, 0.000, 0.000
1559256327.378;502;0.002;0.000, 0.000, 0.000, 0.000
1559256327.383;502;0.002;0.000, 0.000, 0.000, 0.004
1559256327.386;502;0.002;0.000, 0.000, 0.000, 0.000
1559256327.389;502;0.001;0.000, 0.000, 0.000, 0.000
1559256327.393;502;0.003;0.000, 0.000, 0.004, 0.000
1559256327.398;502;0.002;0.000, 0.000, 0.000, 0.000
1559256327.401;502;0.002;0.000, 0.000, 0.000, 0.000
1559256327.406;502;0.004;0.000, 0.008, 0.000, 0.000
1559256327.410;502;0.002;0.000, 0.000, 0.000, 0.000
1559256327.413;502;0.001;0.000, 0.000, 0.000, 0.000
1559256327.420;502;0.006;0.000, 0.004, 0.004, 0.000
1559256327.423;502;0.002;0.000, 0.000, 0.000, 0.004
1559256327.426;502;0.002;0.000, 0.000, 0.000, 0.000
1559256327.442;502;0.001;0.000, 0.000, 0.000, 0.000
1559256327.446;502;0.001;0.000, 0.000, 0.000, 0.000
1559256327.450;502;0.001;0.000, 0.000, 0.000, 0.000
1559256327.457;502;0.002;0.000, 0.000, 0.000, 0.000
1559256327.460;502;0.001;0.000, 0.000, 0.000, 0.000
1559256327.465;502;0.003;0.000, 0.000, 0.000, 0.004
1559256327.467;502;0.001;0.000, 0.000, 0.004, 0.000
1559256327.470;502;0.002;0.000, 0.000, 0.000, 0.000
1559256327.473;502;0.001;0.000, 0.000, 0.000, 0.000
1559256327.481;502;0.007;0.000, 0.008, 0.000, 0.000
1559256327.483;502;0.001;0.000, 0.000, 0.000, 0.004
1559256327.485;502;0.001;0.000, 0.000, 0.000, 0.000
1559256327.490;502;0.004;0.000, 0.004, 0.000, 0.000
1559256327.493;502;0.002;0.000, 0.000, 0.000, 0.000
1559256327.496;502;0.002;0.000, 0.004, 0.000, 0.000
1559256327.498;502;0.001;0.000, 0.000, 0.000, 0.000
1559256327.503;502;0.002;0.000, 0.000, 0.004, 0.000
1559256327.506;502;0.001;0.000, 0.000, 0.000, 0.000
1559256327.509;502;0.001;0.000, 0.000, 0.000, 0.000
1559256327.516;502;0.003;0.000, 0.000, 0.000, 0.000
1559256327.519;502;0.002;0.000, 0.000, 0.004, 0.000
1559256327.521;502;0.001;0.000, 0.000, 0.000, 0.000
1559256327.526;502;0.004;0.004, 0.000, 0.000, 0.000
1559256327.530;502;0.002;0.000, 0.000, 0.000, 0.000
1559256327.533;502;0.002;0.004, 0.000, 0.000, 0.000
1559256327.537;502;0.003;0.000, 0.004, 0.000, 0.000
1559256327.541;502;0.003;0.000, 0.004, 0.000, 0.000
1559256327.545;502;0.002;0.000, 0.000, 0.000, 0.000
1559256327.551;502;0.005;0.004, 0.000, 0.004, 0.000
1559256327.554;502;0.002;0.000, 0.000, 0.000, 0.000
1559256327.557;502;0.002;0.000, 0.000, 0.000, 0.000
1559256327.560;502;0.002;0.000, 0.004, 0.000, 0.000
1559256327.564;502;0.003;0.000, 0.000, 0.000, 0.004
1559256327.567;502;0.002;0.000, 0.000, 0.000, 0.004
1559256327.570;502;0.002;0.000, 0.000, 0.000, 0.000
1559256327.574;502;0.001;0.000, 0.000, 0.000, 0.000
1559256327.577;502;0.001;0.000, 0.000, 0.000, 0.000
1559256327.579;502;0.001;0.000, 0.004, 0.000, 0.000
1559256327.582;502;0.002;0.000, 0.000, 0.000, 0.000
1559256327.589;502;0.004;0.000, 0.000, 0.000, 0.004
1559256327.593;502;0.003;0.004, 0.000, 0.000, 0.000
1559256327.597;502;0.003;0.000, 0.004, 0.000, 0.000
1559256327.602;502;0.003;0.000, 0.000, 0.000, 0.000
1559256327.605;502;0.002;0.000, 0.000, 0.000, 0.000
1559256327.610;502;0.004;0.000, 0.008, 0.000, 0.000
1559256327.613;502;0.001;0.000, 0.000, 0.000, 0.000
1559256327.616;502;0.002;0.004, 0.000, 0.000, 0.000
1559256327.621;502;0.004;0.000, 0.000, 0.000, 0.004
1559256327.626;502;0.003;0.004, 0.000, 0.000, 0.000
1559256327.629;502;0.002;0.000, 0.000, 0.000, 0.000
1559256327.635;502;0.005;0.008, 0.000, 0.000, 0.000
1559256327.639;502;0.003;0.000, 0.000, 0.000, 0.004
1559256327.641;502;0.001;0.000, 0.000, 0.000, 0.000
1559256327.649;502;0.007;0.004, 0.000, 0.004, 0.000
1559256327.652;502;0.003;0.000, 0.000, 0.004, 0.000
1559256327.654;502;0.001;0.000, 0.000, 0.000, 0.000
1559256327.660;502;0.002;0.000, 0.000, 0.004, 0.000
1559256327.662;502;0.001;0.000, 0.000, 0.000, 0.000
1559256327.665;502;0.001;0.000, 0.000, 0.000, 0.000
1559256327.670;502;0.004;0.000, 0.004, 0.000, 0.000
1559256327.674;502;0.002;0.000, 0.000, 0.000, 0.000
1559256327.677;502;0.002;0.000, 0.000, 0.000, 0.000
1559256327.681;502;0.003;0.004, 0.000, 0.000, 0.000
1559256327.684;502;0.002;0.000, 0.004, 0.000, 0.000
1559256327.687;502;0.002;0.000, 0.000, 0.000, 0.004
1559256327.689;502;0.001;0.000, 0.000, 0.000, 0.000
1559256327.694;502;0.002;0.000, 0.000, 0.000, 0.000
1559256327.699;502;0.003;0.000, 0.000, 0.004, 0.000
1559256327.702;502;0.002;0.000, 0.000, 0.000, 0.000
1559256327.705;502;0.002;0.004, 0.000, 0.000, 0.000
1559256327.710;502;0.004;0.000, 0.004, 0.000, 0.000
1559256327.713;502;0.002;0.000, 0.000, 0.000, 0.000
1559256327.716;502;0.002;0.000, 0.004, 0.000, 0.000
1559256327.721;502;0.004;0.000, 0.000, 0.000, 0.004
1559256327.724;502;0.002;0.000, 0.004, 0.000, 0.000
1559256327.726;502;0.001;0.000, 0.000, 0.000, 0.000
1559256327.731;502;0.002;0.000, 0.000, 0.004, 0.000
1559256327.734;502;0.002;0.000, 0.000, 0.000, 0.000
1559256327.736;502;0.001;0.000, 0.000, 0.000, 0.000
1559256327.741;502;0.004;0.000, 0.000, 0.000, 0.004
1559256327.746;502;0.002;0.000, 0.000, 0.000, 0.000
1559256327.749;502;0.002;0.000, 0.000, 0.000, 0.000
1559256327.754;502;0.004;0.000, 0.000, 0.004, 0.000
1559256327.758;502;0.001;0.000, 0.000, 0.000, 0.000
1559256327.761;502;0.001;0.000, 0.000, 0.000, 0.000
1559256327.768;502;0.001;0.004, 0.000, 0.000, 0.000
1559256327.771;502;0.002;0.000, 0.000, 0.000, 0.004
1559256327.774;502;0.002;0.000, 0.000, 0.000, 0.000
1559256327.782;502;0.004;0.004, 0.000, 0.000, 0.000
1559256327.785;502;0.002;0.000, 0.000, 0.000, 0.000
1559256327.789;502;0.003;0.000, 0.000, 0.004, 0.000
1559256327.792;502;0.002;0.004, 0.000, 0.000, 0.000
1559256327.796;502;0.002;0.004, 0.000, 0.000, 0.000
1559256327.798;502;0.001;0.000, 0.000, 0.000, 0.000
1559256327.806;502;0.004;0.000, 0.004, 0.000, 0.000
1559256327.808;502;0.001;0.000, 0.000, 0.000, 0.000
1559256327.813;502;0.004;0.000, 0.000, 0.000, 0.004
1559256327.817;502;0.003;0.000, 0.000, 0.004, 0.000
1559256327.819;502;0.001;0.000, 0.004, 0.000, 0.000
1559256327.822;502;0.002;0.000, 0.000, 0.000, 0.000
1559256327.828;502;0.003;0.000, 0.000, 0.000, 0.004
1559256327.831;502;0.002;0.000, 0.000, 0.000, 0.004
1559256327.833;502;0.001;0.000, 0.000, 0.000, 0.000
1559256327.838;502;0.004;0.004, 0.000, 0.000, 0.000
1559256327.842;502;0.002;0.000, 0.000, 0.000, 0.000
1559256327.846;502;0.003;0.000, 0.000, 0.000, 0.000
1559256327.851;502;0.002;0.000, 0.000, 0.004, 0.000
1559256327.854;502;0.002;0.000, 0.000, 0.000, 0.000
1559256327.857;502;0.001;0.000, 0.000, 0.000, 0.000
1559256327.862;502;0.004;0.004, 0.000, 0.000, 0.000
1559256327.866;502;0.003;0.000, 0.000, 0.000, 0.000
1559256327.869;502;0.001;0.000, 0.000, 0.000, 0.000
1559256327.872;502;0.002;0.000, 0.004, 0.000, 0.000
1559256327.874;502;0.001;0.000, 0.000, 0.000, 0.000
1559256327.878;502;0.001;0.000, 0.000, 0.000, 0.000
1559256327.881;502;0.001;0.000, 0.000, 0.000, 0.000
1559256327.885;502;0.003;0.004, 0.000, 0.000, 0.000
1559256327.889;502;0.003;0.000, 0.000, 0.004, 0.000
1559256327.891;502;0.001;0.000, 0.000, 0.004, 0.000
1559256327.894;502;0.002;0.000, 0.000, 0.000, 0.000
1559256327.902;502;0.003;0.000, 0.000, 0.000, 0.000
1559256327.906;502;0.002;0.000, 0.000, 0.000, 0.000
1559256327.912;502;0.002;0.000, 0.004, 0.000, 0.000
1559256327.914;502;0.001;0.000, 0.000, 0.000, 0.000
1559256327.917;502;0.001;0.000, 0.000, 0.000, 0.000
1559256327.921;502;0.003;0.000, 0.004, 0.000, 0.000
1559256327.926;502;0.004;0.000, 0.004, 0.000, 0.000
1559256327.930;502;0.001;0.000, 0.000, 0.000, 0.000
1559256327.933;502;0.001;0.000, 0.000, 0.000, 0.000
1559256327.939;502;0.003;0.000, 0.000, 0.000, 0.004
1559256327.941;502;0.001;0.000, 0.000, 0.000, 0.000
1559256327.948;502;0.003;0.000, 0.000, 0.004, 0.000
1559256327.950;502;0.001;0.000, 0.000, 0.000, 0.000
1559256327.953;502;0.001;0.000, 0.000, 0.000, 0.000
1559256327.958;502;0.004;0.004, 0.000, 0.000, 0.000
1559256327.962;502;0.002;0.000, 0.000, 0.000, 0.000
1559256327.966;502;0.002;0.000, 0.000, 0.000, 0.000
1559256327.972;502;0.002;0.000, 0.000, 0.000, 0.000
1559256327.974;502;0.001;0.000, 0.000, 0.000, 0.000
1559256327.977;502;0.002;0.000, 0.000, 0.000, 0.000
1559256327.981;502;0.003;0.000, 0.004, 0.000, 0.000
1559256327.984;502;0.002;0.000, 0.004, 0.000, 0.000
1559256327.986;502;0.001;0.000, 0.000, 0.000, 0.000
1559256327.989;502;0.001;0.000, 0.000, 0.000, 0.000
1559256327.996;502;0.003;0.000, 0.000, 0.000, 0.004
1559256327.998;502;0.001;0.000, 0.000, 0.000, 0.000
1559256328.001;502;0.002;0.000, 0.000, 0.000, 0.000
1559256328.006;502;0.004;0.000, 0.000, 0.004, 0.000
1559256328.010;502;0.003;0.000, 0.000, 0.000, 0.000
1559256328.012;502;0.001;0.004, 0.000, 0.000, 0.000
1559256328.014;502;0.001;0.000, 0.000, 0.000, 0.000
1559256328.020;502;0.002;0.000, 0.000, 0.004, 0.000
1559256328.022;502;0.001;0.000, 0.000, 0.000, 0.000
1559256328.026;502;0.002;0.000, 0.000, 0.000, 0.000
1559256328.030;502;0.004;0.004, 0.000, 0.000, 0.000
1559256328.034;502;0.002;0.000, 0.000, 0.000, 0.000
1559256328.038;502;0.003;0.000, 0.000, 0.000, 0.000
1559256328.045;502;0.003;0.000, 0.000, 0.004, 0.000
1559256328.047;502;0.001;0.000, 0.000, 0.004, 0.000
1559256328.050;502;0.002;0.000, 0.000, 0.000, 0.000
1559256328.055;502;0.002;0.000, 0.000, 0.000, 0.004
1559256328.058;502;0.002;0.000, 0.000, 0.000, 0.000
1559256328.060;502;0.002;0.004, 0.000, 0.000, 0.000
1559256328.062;502;0.001;0.000, 0.000, 0.000, 0.000
1559256328.067;502;0.001;0.000, 0.000, 0.000, 0.004
1559256328.070;502;0.002;0.000, 0.000, 0.000, 0.000
1559256328.073;502;0.002;0.000, 0.000, 0.000, 0.000
1559256328.078;502;0.004;0.000, 0.004, 0.000, 0.000
1559256328.082;502;0.003;0.000, 0.000, 0.000, 0.000
1559256328.084;502;0.001;0.000, 0.000, 0.000, 0.000
1559256328.089;502;0.004;0.000, 0.000, 0.000, 0.004
1559256328.092;502;0.002;0.000, 0.004, 0.000, 0.000
1559256328.094;502;0.001;0.000, 0.000, 0.000, 0.000
1559256328.096;502;0.001;0.000, 0.000, 0.000, 0.000
1559256328.098;502;0.001;0.000, 0.000, 0.000, 0.000
1559256328.105;502;0.003;0.000, 0.000, 0.000, 0.000
1559256328.108;502;0.002;0.000, 0.000, 0.004, 0.000
1559256328.110;502;0.002;0.000, 0.000, 0.000, 0.000
1559256328.115;502;0.002;0.000, 0.000, 0.000, 0.000
1559256328.118;502;0.002;0.000, 0.000, 0.000, 0.000
1559256328.121;502;0.001;0.000, 0.000, 0.000, 0.000
1559256328.126;502;0.004;0.000, 0.004, 0.000, 0.000
1559256328.130;502;0.003;0.000, 0.000, 0.000, 0.000
1559256328.132;502;0.001;0.004, 0.000, 0.000, 0.000
1559256328.134;502;0.001;0.000, 0.000, 0.000, 0.000
1559256328.140;502;0.002;0.000, 0.000, 0.004, 0.000
1559256328.143;502;0.002;0.000, 0.000, 0.000, 0.004
1559256328.145;502;0.001;0.000, 0.000, 0.000, 0.000
1559256328.158;502;0.002;0.000, 0.000, 0.000, 0.000
1559256328.164;502;0.002;0.000, 0.004, 0.000, 0.000
1559256328.167;502;0.002;0.000, 0.000, 0.000, 0.004
1559256328.170;502;0.002;0.000, 0.000, 0.000, 0.000
1559256328.177;502;0.004;0.000, 0.000, 0.000, 0.004
1559256328.180;502;0.002;0.004, 0.000, 0.000, 0.000
1559256328.186;502;0.005;0.000, 0.000, 0.004, 0.000
1559256328.190;502;0.002;0.000, 0.000, 0.000, 0.000
1559256328.192;502;0.001;0.000, 0.000, 0.000, 0.000
1559256328.196;502;0.003;0.000, 0.000, 0.000, 0.004
1559256328.200;502;0.003;0.000, 0.000, 0.000, 0.004
1559256328.202;502;0.001;0.000, 0.000, 0.000, 0.000
1559256328.206;502;0.002;0.000, 0.000, 0.000, 0.000
1559256328.214;502;0.008;0.008, 0.000, 0.000, 0.000
1559256328.217;502;0.002;0.000, 0.000, 0.000, 0.000
1559256328.222;502;0.004;0.000, 0.000, 0.008, 0.000
1559256328.226;502;0.002;0.000, 0.000, 0.000, 0.000
1559256328.230;502;0.001;0.000, 0.000, 0.000, 0.000
1559256328.234;502;0.001;0.000, 0.000, 0.000, 0.000
1559256328.238;502;0.002;0.000, 0.000, 0.000, 0.000
1559256328.242;502;0.002;0.000, 0.000, 0.000, 0.000
1559256328.249;502;0.007;0.004, 0.000, 0.000, 0.004
1559256328.251;502;0.002;0.000, 0.000, 0.000, 0.000
1559256328.253;502;0.001;0.000, 0.000, 0.000, 0.000
1559256328.257;502;0.003;0.000, 0.004, 0.000, 0.000
1559256328.261;502;0.003;0.000, 0.000, 0.004, 0.000
1559256328.264;502;0.002;0.000, 0.004, 0.000, 0.000
1559256328.268;502;0.003;0.000, 0.000, 0.000, 0.004
1559256328.270;502;0.001;0.000, 0.000, 0.000, 0.000
1559256328.274;502;0.002;0.000, 0.000, 0.000, 0.000
1559256328.276;502;0.001;0.000, 0.000, 0.000, 0.000
1559256328.278;502;0.001;0.000, 0.000, 0.000, 0.000
1559256328.282;502;0.001;0.000, 0.000, 0.000, 0.000
1559256328.286;502;0.001;0.000, 0.000, 0.000, 0.000
1559256328.289;502;0.001;0.000, 0.000, 0.000, 0.000
1559256328.294;502;0.004;0.000, 0.000, 0.008, 0.000
1559256328.298;502;0.003;0.000, 0.000, 0.000, 0.000
1559256328.302;502;0.002;0.000, 0.000, 0.000, 0.000
1559256328.306;502;0.001;0.000, 0.000, 0.000, 0.000
1559256328.309;502;0.001;0.000, 0.000, 0.000, 0.000
1559256328.313;502;0.003;0.004, 0.000, 0.000, 0.000
1559256328.318;502;0.004;0.000, 0.000, 0.008, 0.000
1559256328.322;502;0.003;0.000, 0.000, 0.000, 0.000
1559256328.324;502;0.001;0.000, 0.000, 0.000, 0.000
1559256328.329;502;0.004;0.000, 0.000, 0.004, 0.000
1559256328.332;502;0.002;0.000, 0.000, 0.004, 0.000
1559256328.334;502;0.001;0.000, 0.000, 0.000, 0.000
1559256328.337;502;0.002;0.000, 0.000, 0.000, 0.000
1559256328.342;502;0.004;0.004, 0.000, 0.000, 0.000
1559256328.346;502;0.003;0.000, 0.000, 0.000, 0.000
1559256328.349;502;0.002;0.000, 0.000, 0.000, 0.000
1559256328.353;502;0.003;0.000, 0.000, 0.004, 0.000
1559256328.355;502;0.001;0.000, 0.000, 0.004, 0.000
1559256328.358;502;0.002;0.000, 0.000, 0.000, 0.000
1559256328.361;502;0.001;0.000, 0.000, 0.000, 0.000
1559256328.364;502;0.002;0.000, 0.000, 0.004, 0.000
1559256328.368;502;0.003;0.000, 0.000, 0.000, 0.004
1559256328.370;502;0.001;0.000, 0.000, 0.000, 0.000
1559256328.373;502;0.001;0.000, 0.000, 0.000, 0.000
1559256328.377;502;0.003;0.000, 0.004, 0.000, 0.000
1559256328.381;502;0.003;0.000, 0.000, 0.004, 0.000
1559256328.384;502;0.002;0.000, 0.000, 0.004, 0.000
1559256328.386;502;0.001;0.000, 0.000, 0.000, 0.000
1559256328.394;502;0.002;0.000, 0.000, 0.000, 0.000
1559256328.396;502;0.001;0.000, 0.000, 0.000, 0.000
1559256328.398;502;0.001;0.000, 0.000, 0.000, 0.000
1559256328.406;502;0.003;0.000, 0.000, 0.000, 0.000
1559256328.408;502;0.002;0.004, 0.000, 0.000, 0.000
1559256328.410;502;0.001;0.000, 0.000, 0.000, 0.000
1559256328.412;502;0.001;0.000, 0.000, 0.000, 0.000
1559256328.414;502;0.001;0.000, 0.000, 0.000, 0.000
1559256328.419;502;0.002;0.000, 0.000, 0.000, 0.000
1559256328.421;502;0.002;0.000, 0.000, 0.000, 0.000
1559256328.426;502;0.004;0.000, 0.008, 0.000, 0.000
1559256328.430;502;0.003;0.000, 0.000, 0.000, 0.000
1559256328.432;502;0.001;0.004, 0.000, 0.000, 0.000
1559256328.437;502;0.004;0.000, 0.000, 0.000, 0.004
1559256328.440;502;0.002;0.000, 0.004, 0.000, 0.000
1559256328.442;502;0.001;0.000, 0.000, 0.000, 0.000
1559256328.445;502;0.001;0.000, 0.000, 0.000, 0.000
1559256328.451;502;0.005;0.004, 0.000, 0.004, 0.000
1559256328.455;502;0.003;0.000, 0.000, 0.000, 0.004
1559256328.457;502;0.001;0.000, 0.000, 0.000, 0.000
1559256328.461;502;0.003;0.000, 0.004, 0.000, 0.000
1559256328.464;502;0.003;0.000, 0.000, 0.000, 0.004
1559256328.466;502;0.001;0.000, 0.000, 0.000, 0.000
1559256328.469;502;0.002;0.000, 0.000, 0.000, 0.000
1559256328.473;502;0.003;0.000, 0.004, 0.000, 0.000
1559256328.477;502;0.003;0.004, 0.000, 0.000, 0.000
1559256328.480;502;0.002;0.000, 0.004, 0.000, 0.000
1559256328.482;502;0.001;0.000, 0.000, 0.000, 0.000
1559256328.488;502;0.002;0.000, 0.000, 0.004, 0.000
1559256328.491;502;0.002;0.000, 0.000, 0.000, 0.000
1559256328.493;502;0.001;0.000, 0.000, 0.000, 0.000
1559256328.497;502;0.003;0.000, 0.004, 0.000, 0.000
1559256328.500;502;0.002;0.000, 0.000, 0.004, 0.000
1559256328.502;502;0.001;0.000, 0.000, 0.000, 0.000
1559256328.505;502;0.002;0.000, 0.000, 0.000, 0.000
1559256328.509;502;0.004;0.000, 0.000, 0.004, 0.000
1559256328.513;502;0.003;0.000, 0.000, 0.004, 0.000
1559256328.515;502;0.001;0.000, 0.000, 0.004, 0.000
1559256328.518;502;0.002;0.000, 0.000, 0.000, 0.000
1559256328.522;502;0.004;0.004, 0.000, 0.000, 0.000
1559256328.526;502;0.003;0.000, 0.000, 0.000, 0.000
1559256328.529;502;0.002;0.000, 0.000, 0.000, 0.000
1559256328.533;502;0.003;0.000, 0.000, 0.004, 0.000
1559256328.538;502;0.004;0.000, 0.004, 0.000, 0.000
1559256328.541;502;0.002;0.000, 0.000, 0.000, 0.000
1559256328.544;502;0.002;0.000, 0.000, 0.004, 0.000
1559256328.546;502;0.001;0.000, 0.000, 0.000, 0.000
1559256328.550;502;0.002;0.000, 0.000, 0.000, 0.000
1559256328.552;502;0.001;0.004, 0.000, 0.000, 0.000
1559256328.554;502;0.001;0.000, 0.000, 0.000, 0.000
1559256328.560;502;0.002;0.000, 0.000, 0.000, 0.000
1559256328.562;502;0.001;0.000, 0.000, 0.000, 0.000
1559256328.565;502;0.001;0.000, 0.000, 0.000, 0.000
1559256328.567;502;0.001;0.000, 0.000, 0.004, 0.000
1559256328.570;502;0.002;0.000, 0.000, 0.000, 0.000
1559256328.574;502;0.002;0.000, 0.000, 0.000, 0.000
1559256328.576;502;0.002;0.004, 0.000, 0.000, 0.000
1559256328.581;502;0.004;0.000, 0.000, 0.000, 0.004
1559256328.584;502;0.002;0.000, 0.004, 0.000, 0.000
1559256328.586;502;0.001;0.000, 0.000, 0.000, 0.000
1559256328.590;502;0.001;0.000, 0.000, 0.000, 0.000
1559256328.598;502;0.003;0.000, 0.000, 0.000, 0.000
1559256328.601;502;0.002;0.000, 0.000, 0.000, 0.000
1559256328.610;502;0.008;0.000, 0.008, 0.000, 0.000
1559256328.612;502;0.001;0.004, 0.000, 0.000, 0.000
1559256328.614;502;0.001;0.000, 0.000, 0.000, 0.000
1559256328.623;502;0.001;0.000, 0.000, 0.004, 0.000
1559256328.625;502;0.001;0.000, 0.000, 0.000, 0.000
1559256328.628;502;0.002;0.000, 0.004, 0.000, 0.000
1559256328.630;502;0.002;0.000, 0.000, 0.000, 0.000
1559256328.634;502;0.004;0.004, 0.000, 0.000, 0.000
1559256328.637;502;0.001;0.000, 0.000, 0.000, 0.000
1559256328.641;502;0.003;0.000, 0.004, 0.000, 0.000
1559256328.645;502;0.004;0.000, 0.000, 0.000, 0.004
1559256328.647;502;0.002;0.000, 0.000, 0.000, 0.004
1559256328.649;502;0.001;0.000, 0.000, 0.000, 0.000
1559256328.654;502;0.004;0.000, 0.004, 0.000, 0.000
1559256328.658;502;0.004;0.004, 0.000, 0.000, 0.000
1559256328.660;502;0.001;0.000, 0.000, 0.000, 0.000
1559256328.666;502;0.005;0.000, 0.000, 0.004, 0.000
1559256328.670;502;0.003;0.000, 0.000, 0.000, 0.000
1559256328.673;502;0.002;0.000, 0.000, 0.000, 0.000
1559256328.678;502;0.004;0.000, 0.000, 0.004, 0.000
1559256328.682;502;0.003;0.000, 0.000, 0.000, 0.000
1559256328.684;502;0.001;0.004, 0.000, 0.000, 0.000
1559256328.686;502;0.001;0.000, 0.000, 0.000, 0.000
1559256328.693;502;0.004;0.000, 0.000, 0.000, 0.004
1559256328.695;502;0.001;0.000, 0.000, 0.004, 0.000
1559256328.698;502;0.002;0.000, 0.000, 0.000, 0.000
1559256328.702;502;0.001;0.000, 0.000, 0.000, 0.000
1559256328.706;502;0.002;0.000, 0.000, 0.000, 0.000
1559256328.709;502;0.002;0.000, 0.000, 0.000, 0.000
1559256328.714;502;0.004;0.000, 0.004, 0.000, 0.000
1559256328.719;502;0.004;0.000, 0.000, 0.004, 0.000
1559256328.721;502;0.001;0.000, 0.000, 0.000, 0.000
1559256328.727;502;0.002;0.000, 0.000, 0.000, 0.000
1559256328.731;502;0.003;0.000, 0.000, 0.000, 0.004
1559256328.733;502;0.001;0.000, 0.000, 0.000, 0.000
1559256328.738;502;0.004;0.004, 0.000, 0.000, 0.000
1559256328.742;502;0.004;0.004, 0.000, 0.000, 0.000
1559256328.744;502;0.001;0.004, 0.000, 0.000, 0.000
1559256328.749;502;0.004;0.000, 0.000, 0.000, 0.004
1559256328.753;502;0.003;0.000, 0.000, 0.004, 0.000
1559256328.756;502;0.002;0.000, 0.004, 0.000, 0.000
1559256328.758;502;0.002;0.000, 0.000, 0.000, 0.000
1559256328.764;502;0.002;0.000, 0.000, 0.004, 0.000
1559256328.767;502;0.002;0.000, 0.000, 0.000, 0.004
1559256328.769;502;0.001;0.000, 0.000, 0.000, 0.000
1559256328.774;502;0.004;0.000, 0.004, 0.000, 0.000
1559256328.778;502;0.002;0.000, 0.000, 0.000, 0.000
1559256328.781;502;0.002;0.000, 0.000, 0.000, 0.000
1559256328.787;502;0.002;0.000, 0.000, 0.004, 0.000
1559256328.790;502;0.001;0.000, 0.000, 0.000, 0.000
1559256328.793;502;0.001;0.000, 0.000, 0.000, 0.000
1559256328.801;502;0.007;0.004, 0.000, 0.000, 0.004
1559256328.804;502;0.002;0.000, 0.004, 0.000, 0.000
1559256328.806;502;0.002;0.000, 0.000, 0.000, 0.000
1559256328.810;502;0.001;0.000, 0.000, 0.000, 0.000
1559256328.815;502;0.002;0.000, 0.000, 0.000, 0.004
1559256328.818;502;0.002;0.000, 0.000, 0.000, 0.000
1559256328.822;502;0.002;0.000, 0.000, 0.000, 0.000
1559256328.826;502;0.002;0.000, 0.000, 0.000, 0.000
1559256328.829;502;0.001;0.000, 0.000, 0.000, 0.000
1559256328.833;502;0.003;0.000, 0.004, 0.000, 0.000
1559256328.837;502;0.001;0.000, 0.000, 0.000, 0.000
1559256328.841;502;0.003;0.000, 0.004, 0.000, 0.000
1559256328.846;502;0.004;0.000, 0.004, 0.000, 0.000
1559256328.850;502;0.002;0.000, 0.000, 0.000, 0.000
1559256328.853;502;0.002;0.000, 0.000, 0.000, 0.000
1559256328.860;502;0.006;0.000, 0.008, 0.000, 0.000
1559256328.862;502;0.001;0.000, 0.000, 0.000, 0.000
1559256328.865;502;0.001;0.000, 0.000, 0.000, 0.000
1559256328.872;502;0.006;0.004, 0.004, 0.000, 0.000
1559256328.875;502;0.001;0.000, 0.000, 0.004, 0.000
1559256328.877;502;0.001;0.000, 0.000, 0.000, 0.000
1559256328.881;502;0.003;0.000, 0.004, 0.000, 0.000
1559256328.885;502;0.003;0.000, 0.000, 0.000, 0.004
1559256328.888;502;0.002;0.000, 0.004, 0.000, 0.000
1559256328.890;502;0.001;0.000, 0.000, 0.000, 0.000
1559256328.894;502;0.001;0.000, 0.000, 0.000, 0.000
1559256328.898;502;0.002;0.000, 0.000, 0.000, 0.000
1559256328.902;502;0.002;0.000, 0.000, 0.000, 0.000
1559256328.909;502;0.003;0.000, 0.000, 0.004, 0.000
1559256328.912;502;0.002;0.000, 0.004, 0.000, 0.000
1559256328.914;502;0.001;0.000, 0.000, 0.000, 0.000
1559256328.918;502;0.001;0.000, 0.000, 0.000, 0.000
1559256328.922;502;0.003;0.000, 0.000, 0.000, 0.000
1559256328.924;502;0.001;0.000, 0.000, 0.000, 0.000
1559256328.930;502;0.005;0.000, 0.000, 0.000, 0.004
1559256328.934;502;0.003;0.000, 0.000, 0.000, 0.000
1559256328.936;502;0.001;0.000, 0.000, 0.000, 0.000
1559256328.938;502;0.001;0.000, 0.000, 0.000, 0.000
1559256328.946;502;0.002;0.000, 0.000, 0.000, 0.000
1559256328.949;502;0.001;0.000, 0.000, 0.000, 0.000
1559256328.956;502;0.006;0.000, 0.004, 0.000, 0.004
1559256328.958;502;0.001;0.000, 0.000, 0.000, 0.000
1559256328.961;502;0.001;0.000, 0.000, 0.000, 0.000
1559256328.968;502;0.006;0.004, 0.000, 0.004, 0.000
1559256328.970;502;0.001;0.000, 0.000, 0.000, 0.000
1559256328.973;502;0.002;0.000, 0.000, 0.000, 0.000
1559256328.978;502;0.004;0.000, 0.004, 0.000, 0.000
1559256328.982;502;0.002;0.000, 0.000, 0.000, 0.000
1559256328.985;502;0.002;0.000, 0.000, 0.000, 0.000
1559256328.992;502;0.006;0.000, 0.000, 0.004, 0.004
1559256328.995;502;0.002;0.000, 0.000, 0.000, 0.000
1559256328.997;502;0.001;0.000, 0.000, 0.000, 0.000
1559256329.000;502;0.002;0.000, 0.000, 0.000, 0.004
1559256329.002;502;0.002;0.000, 0.000, 0.000, 0.000
1559256329.007;502;0.002;0.000, 0.000, 0.000, 0.000
1559256329.010;502;0.002;0.000, 0.000, 0.000, 0.000
1559256329.018;502;0.006;0.000, 0.000, 0.004, 0.000
1559256329.020;502;0.002;0.004, 0.000, 0.000, 0.000
1559256329.022;502;0.001;0.000, 0.000, 0.000, 0.000
1559256329.026;502;0.002;0.000, 0.000, 0.000, 0.000
1559256329.030;502;0.002;0.000, 0.000, 0.000, 0.000
1559256329.033;502;0.001;0.000, 0.000, 0.000, 0.000
1559256329.037;502;0.003;0.000, 0.004, 0.000, 0.000
1559256329.042;502;0.004;0.004, 0.000, 0.000, 0.000
1559256329.045;502;0.002;0.000, 0.000, 0.000, 0.000
1559256329.049;502;0.003;0.000, 0.000, 0.004, 0.000
1559256329.052;502;0.002;0.000, 0.004, 0.000, 0.000
1559256329.054;502;0.001;0.000, 0.000, 0.000, 0.000
1559256329.057;502;0.001;0.000, 0.000, 0.000, 0.000
1559256329.066;502;0.008;0.004, 0.004, 0.000, 0.000
1559256329.068;502;0.002;0.004, 0.000, 0.000, 0.000
1559256329.070;502;0.001;0.000, 0.000, 0.000, 0.000
1559256329.077;502;0.003;0.004, 0.000, 0.000, 0.000
1559256329.080;502;0.002;0.000, 0.004, 0.000, 0.000
1559256329.090;502;0.003;0.000, 0.000, 0.000, 0.000
1559256329.093;502;0.001;0.000, 0.000, 0.000, 0.000
1559256329.100;502;0.006;0.004, 0.000, 0.000, 0.004
1559256329.103;502;0.002;0.000, 0.000, 0.000, 0.000
1559256329.105;502;0.001;0.000, 0.000, 0.000, 0.000
1559256329.111;502;0.005;0.000, 0.004, 0.000, 0.004
1559256329.114;502;0.002;0.000, 0.000, 0.000, 0.000
1559256329.117;502;0.001;0.000, 0.000, 0.000, 0.000
1559256329.125;502;0.007;0.000, 0.004, 0.000, 0.004
1559256329.127;502;0.002;0.000, 0.000, 0.000, 0.000
1559256329.130;502;0.003;0.000, 0.000, 0.000, 0.000
1559256329.137;502;0.003;0.004, 0.000, 0.000, 0.000
1559256329.139;502;0.001;0.000, 0.000, 0.004, 0.000
1559256329.141;502;0.001;0.000, 0.000, 0.000, 0.000
1559256329.146;502;0.004;0.000, 0.004, 0.000, 0.000
1559256329.150;502;0.003;0.000, 0.000, 0.000, 0.000
1559256329.153;502;0.001;0.000, 0.000, 0.000, 0.000
1559256329.156;502;0.002;0.000, 0.000, 0.004, 0.000
1559256329.158;502;0.001;0.000, 0.000, 0.000, 0.000
1559256329.162;502;0.001;0.000, 0.000, 0.000, 0.000
1559256329.165;502;0.001;0.000, 0.000, 0.000, 0.000
1559256329.169;502;0.003;0.000, 0.004, 0.000, 0.000
1559256329.172;502;0.002;0.000, 0.004, 0.000, 0.000
1559256329.174;502;0.001;0.000, 0.000, 0.000, 0.000
1559256329.177;502;0.001;0.000, 0.000, 0.000, 0.000
1559256329.183;502;0.005;0.004, 0.000, 0.004, 0.000
1559256329.187;502;0.003;0.000, 0.000, 0.000, 0.004
1559256329.189;502;0.001;0.000, 0.000, 0.000, 0.000
1559256329.194;502;0.004;0.000, 0.000, 0.004, 0.000
1559256329.198;502;0.004;0.004, 0.000, 0.000, 0.000
1559256329.201;502;0.002;0.000, 0.000, 0.000, 0.000
1559256329.205;502;0.003;0.000, 0.004, 0.000, 0.000
1559256329.209;502;0.003;0.000, 0.004, 0.000, 0.000
1559256329.211;502;0.001;0.000, 0.000, 0.004, 0.000
1559256329.213;502;0.001;0.000, 0.000, 0.000, 0.000
1559256329.218;502;0.004;0.000, 0.004, 0.000, 0.000
1559256329.222;502;0.001;0.000, 0.000, 0.000, 0.000
1559256329.224;502;0.001;0.004, 0.000, 0.000, 0.000
1559256329.230;502;0.005;0.000, 0.000, 0.000, 0.004
1559256329.234;502;0.003;0.000, 0.000, 0.000, 0.000
1559256329.236;502;0.002;0.004, 0.000, 0.000, 0.000
1559256329.238;502;0.001;0.000, 0.000, 0.000, 0.000
1559256329.244;502;0.002;0.004, 0.000, 0.000, 0.000
1559256329.247;502;0.002;0.000, 0.000, 0.000, 0.004
1559256329.249;502;0.001;0.000, 0.000, 0.000, 0.000
1559256329.252;502;0.002;0.000, 0.004, 0.000, 0.000
1559256329.257;502;0.004;0.000, 0.000, 0.000, 0.004
1559256329.259;502;0.002;0.000, 0.000, 0.004, 0.000
1559256329.261;502;0.001;0.000, 0.000, 0.000, 0.000
1559256329.266;502;0.004;0.000, 0.008, 0.000, 0.000
1559256329.270;502;0.003;0.000, 0.000, 0.000, 0.000
1559256329.272;502;0.001;0.000, 0.000, 0.000, 0.000
1559256329.274;502;0.001;0.000, 0.000, 0.000, 0.000
1559256329.282;502;0.004;0.000, 0.000, 0.000, 0.000
1559256329.284;502;0.001;0.004, 0.000, 0.000, 0.000
1559256329.286;502;0.001;0.000, 0.000, 0.000, 0.000
1559256329.290;502;0.004;0.004, 0.000, 0.000, 0.000
1559256329.294;502;0.003;0.000, 0.000, 0.000, 0.000
1559256329.297;502;0.002;0.000, 0.000, 0.000, 0.000
1559256329.301;502;0.004;0.000, 0.000, 0.004, 0.000
1559256329.304;502;0.002;0.000, 0.004, 0.000, 0.000
1559256329.307;502;0.002;0.000, 0.000, 0.000, 0.004
1559256329.309;502;0.001;0.000, 0.000, 0.000, 0.000
1559256329.313;502;0.003;0.000, 0.000, 0.004, 0.000
1559256329.316;502;0.002;0.000, 0.000, 0.000, 0.004
1559256329.320;502;0.001;0.000, 0.000, 0.000, 0.000
1559256329.325;502;0.004;0.000, 0.000, 0.000, 0.004
1559256329.329;502;0.003;0.000, 0.004, 0.000, 0.000
1559256329.331;502;0.001;0.000, 0.000, 0.004, 0.000
1559256329.333;502;0.001;0.000, 0.000, 0.000, 0.000
1559256329.340;502;0.006;0.004, 0.004, 0.000, 0.000
1559256329.342;502;0.001;0.000, 0.000, 0.000, 0.000
1559256329.345;502;0.002;0.000, 0.000, 0.000, 0.000
1559256329.350;502;0.004;0.000, 0.000, 0.008, 0.000
1559256329.353;502;0.002;0.000, 0.000, 0.000, 0.000
1559256329.355;502;0.002;0.000, 0.000, 0.004, 0.000
1559256329.357;502;0.001;0.000, 0.000, 0.000, 0.000
1559256329.362;502;0.004;0.000, 0.008, 0.000, 0.000
1559256329.366;502;0.002;0.000, 0.000, 0.000, 0.000
1559256329.369;502;0.002;0.000, 0.000, 0.000, 0.000
1559256329.374;502;0.005;0.000, 0.000, 0.000, 0.008
1559256329.377;502;0.003;0.000, 0.000, 0.000, 0.000
1559256329.380;502;0.002;0.000, 0.004, 0.000, 0.000
1559256329.382;502;0.001;0.000, 0.000, 0.000, 0.000
1559256329.388;502;0.002;0.000, 0.004, 0.000, 0.000
1559256329.391;502;0.002;0.000, 0.000, 0.004, 0.000
1559256329.393;502;0.001;0.000, 0.000, 0.000, 0.000
1559256329.399;502;0.005;0.000, 0.004, 0.004, 0.000
1559256329.401;502;0.001;0.000, 0.000, 0.000, 0.000
1559256329.406;502;0.003;0.000, 0.000, 0.000, 0.000
1559256329.412;502;0.003;0.000, 0.000, 0.000, 0.004
1559256329.415;502;0.002;0.000, 0.000, 0.000, 0.004
1559256329.418;502;0.002;0.000, 0.000, 0.000, 0.000
1559256329.426;502;0.003;0.000, 0.000, 0.000, 0.000
1559256329.429;502;0.001;0.000, 0.000, 0.000, 0.000
1559256329.436;502;0.006;0.000, 0.004, 0.000, 0.004
1559256329.438;502;0.001;0.000, 0.000, 0.000, 0.000
1559256329.442;502;0.002;0.000, 0.000, 0.000, 0.000
1559256329.448;502;0.006;0.004, 0.000, 0.000, 0.004
1559256329.451;502;0.002;0.000, 0.000, 0.000, 0.004
1559256329.453;502;0.001;0.000, 0.000, 0.000, 0.000
1559256329.458;502;0.004;0.000, 0.004, 0.000, 0.000
1559256329.462;502;0.004;0.000, 0.004, 0.000, 0.000
1559256329.465;502;0.001;0.000, 0.000, 0.000, 0.000
1559256329.470;502;0.004;0.000, 0.004, 0.000, 0.000
1559256329.473;502;0.002;0.000, 0.000, 0.000, 0.000
1559256329.476;502;0.002;0.000, 0.004, 0.000, 0.000
1559256329.478;502;0.001;0.000, 0.000, 0.000, 0.000
1559256329.484;502;0.002;0.000, 0.004, 0.000, 0.000
1559256329.486;502;0.001;0.000, 0.000, 0.000, 0.000
1559256329.489;502;0.002;0.000, 0.000, 0.000, 0.000
1559256329.493;502;0.003;0.000, 0.004, 0.000, 0.000
1559256329.496;502;0.003;0.000, 0.000, 0.000, 0.004
1559256329.498;502;0.001;0.000, 0.000, 0.000, 0.000
1559256329.502;502;0.002;0.000, 0.000, 0.000, 0.000
1559256329.505;502;0.003;0.004, 0.000, 0.000, 0.000
1559256329.510;502;0.004;0.000, 0.004, 0.000, 0.000
1559256329.513;502;0.002;0.000, 0.000, 0.000, 0.000
1559256329.518;502;0.005;0.000, 0.000, 0.004, 0.000
1559256329.522;502;0.003;0.000, 0.000, 0.000, 0.000
1559256329.524;502;0.001;0.000, 0.000, 0.000, 0.000
1559256329.529;502;0.004;0.000, 0.000, 0.000, 0.004
1559256329.533;502;0.003;0.000, 0.000, 0.004, 0.000
1559256329.535;502;0.002;0.000, 0.000, 0.004, 0.000
1559256329.538;502;0.002;0.000, 0.000, 0.000, 0.000
1559256329.542;502;0.001;0.000, 0.000, 0.000, 0.000
1559256329.544;502;0.001;0.000, 0.000, 0.000, 0.000
1559256329.546;502;0.001;0.000, 0.000, 0.000, 0.000
1559256329.549;502;0.001;0.000, 0.000, 0.000, 0.000
1559256329.554;502;0.004;0.000, 0.000, 0.004, 0.000
1559256329.559;502;0.003;0.000, 0.000, 0.000, 0.004
1559256329.562;502;0.002;0.000, 0.000, 0.000, 0.000
1559256329.568;502;0.006;0.008, 0.000, 0.000, 0.000
1559256329.570;502;0.001;0.000, 0.000, 0.000, 0.000
1559256329.573;502;0.002;0.000, 0.000, 0.000, 0.000
1559256329.578;502;0.004;0.000, 0.000, 0.004, 0.000
1559256329.582;502;0.003;0.000, 0.000, 0.000, 0.000
1559256329.585;502;0.002;0.000, 0.000, 0.000, 0.000
1559256329.590;502;0.004;0.000, 0.000, 0.004, 0.000
1559256329.593;502;0.003;0.004, 0.000, 0.000, 0.000
1559256329.595;502;0.001;0.000, 0.000, 0.004, 0.000
1559256329.597;502;0.001;0.000, 0.000, 0.000, 0.000
1559256329.602;502;0.004;0.000, 0.004, 0.000, 0.000
1559256329.606;502;0.003;0.000, 0.000, 0.000, 0.000
1559256329.608;502;0.002;0.004, 0.000, 0.000, 0.000
1559256329.614;502;0.005;0.000, 0.000, 0.004, 0.000
1559256329.618;502;0.003;0.000, 0.000, 0.000, 0.000
1559256329.621;502;0.002;0.000, 0.000, 0.000, 0.000
1559256329.626;502;0.004;0.000, 0.008, 0.000, 0.000
1559256329.630;502;0.002;0.000, 0.000, 0.000, 0.000
1559256329.632;502;0.001;0.000, 0.000, 0.000, 0.000
1559256329.637;502;0.004;0.000, 0.000, 0.000, 0.004
1559256329.641;502;0.003;0.004, 0.000, 0.000, 0.000
1559256329.646;502;0.003;0.000, 0.000, 0.000, 0.000
1559256329.653;502;0.003;0.000, 0.004, 0.000, 0.000
1559256329.655;502;0.001;0.000, 0.000, 0.004, 0.000
1559256329.658;502;0.002;0.000, 0.000, 0.000, 0.000
1559256329.665;502;0.003;0.004, 0.000, 0.000, 0.000
1559256329.668;502;0.002;0.000, 0.004, 0.000, 0.000
1559256329.670;502;0.001;0.000, 0.000, 0.000, 0.000
1559256329.674;502;0.001;0.000, 0.000, 0.000, 0.000
1559256329.678;502;0.002;0.000, 0.000, 0.000, 0.000
1559256329.680;502;0.001;0.000, 0.000, 0.000, 0.000
1559256329.682;502;0.001;0.000, 0.000, 0.000, 0.000
1559256329.685;502;0.001;0.000, 0.000, 0.000, 0.000
1559256329.690;502;0.004;0.004, 0.000, 0.000, 0.000
1559256329.693;502;0.002;0.000, 0.000, 0.000, 0.000
1559256329.696;502;0.002;0.000, 0.000, 0.004, 0.000
1559256329.698;502;0.001;0.000, 0.000, 0.000, 0.000
1559256329.702;502;0.001;0.000, 0.000, 0.000, 0.000
1559256329.706;502;0.003;0.000, 0.000, 0.000, 0.000
1559256329.709;502;0.003;0.004, 0.000, 0.000, 0.000
1559256329.713;502;0.003;0.000, 0.004, 0.000, 0.000
1559256329.716;502;0.002;0.000, 0.004, 0.000, 0.000
1559256329.721;502;0.004;0.000, 0.000, 0.000, 0.004
1559256329.726;502;0.004;0.004, 0.000, 0.000, 0.000
1559256329.729;502;0.001;0.000, 0.000, 0.000, 0.000
1559256329.734;502;0.004;0.008, 0.000, 0.000, 0.000
1559256329.738;502;0.002;0.000, 0.000, 0.000, 0.000
1559256329.742;502;0.001;0.000, 0.000, 0.000, 0.000
1559256329.750;502;0.004;0.000, 0.000, 0.000, 0.000
1559256329.753;502;0.001;0.000, 0.000, 0.000, 0.000
1559256329.760;502;0.006;0.004, 0.000, 0.000, 0.004
1559256329.762;502;0.001;0.000, 0.000, 0.000, 0.000
1559256329.765;502;0.001;0.000, 0.000, 0.000, 0.000
1559256329.771;502;0.005;0.004, 0.000, 0.004, 0.000
1559256329.774;502;0.002;0.000, 0.000, 0.000, 0.000
1559256329.777;502;0.001;0.000, 0.000, 0.000, 0.000
1559256329.784;502;0.006;0.008, 0.000, 0.000, 0.000
1559256329.789;502;0.003;0.000, 0.004, 0.000, 0.000
1559256329.794;502;0.004;0.000, 0.000, 0.004, 0.000
1559256329.797;502;0.003;0.004, 0.000, 0.000, 0.000
1559256329.799;502;0.001;0.000, 0.000, 0.004, 0.000
1559256329.802;502;0.002;0.000, 0.000, 0.000, 0.000
1559256329.804;502;0.002;0.000, 0.004, 0.000, 0.000
1559256329.806;502;0.001;0.000, 0.000, 0.000, 0.000
1559256329.811;502;0.002;0.000, 0.000, 0.004, 0.000
1559256329.814;502;0.002;0.000, 0.000, 0.000, 0.000
1559256329.818;502;0.004;0.004, 0.000, 0.000, 0.000
1559256329.822;502;0.002;0.000, 0.000, 0.000, 0.000
1559256329.824;502;0.001;0.004, 0.000, 0.000, 0.000
1559256329.826;502;0.001;0.000, 0.000, 0.000, 0.000
1559256329.833;502;0.002;0.000, 0.000, 0.000, 0.000
1559256329.835;502;0.001;0.000, 0.000, 0.000, 0.004
1559256329.837;502;0.001;0.000, 0.000, 0.000, 0.000
1559256329.842;502;0.004;0.004, 0.000, 0.000, 0.000
1559256329.847;502;0.004;0.000, 0.000, 0.000, 0.004
1559256329.849;502;0.001;0.000, 0.000, 0.000, 0.000
1559256329.854;502;0.004;0.004, 0.000, 0.000, 0.000
1559256329.858;502;0.002;0.000, 0.000, 0.000, 0.000
1559256329.860;502;0.001;0.000, 0.000, 0.000, 0.000
1559256329.865;502;0.004;0.000, 0.000, 0.000, 0.004
1559256329.869;502;0.003;0.000, 0.004, 0.000, 0.000
1559256329.871;502;0.002;0.000, 0.000, 0.004, 0.000
1559256329.874;502;0.002;0.000, 0.000, 0.000, 0.000
1559256329.878;502;0.004;0.004, 0.000, 0.000, 0.000
1559256329.882;502;0.003;0.000, 0.000, 0.000, 0.000
1559256329.885;502;0.002;0.000, 0.000, 0.000, 0.000
1559256329.889;502;0.004;0.000, 0.000, 0.000, 0.004
1559256329.892;502;0.002;0.000, 0.004, 0.000, 0.000
1559256329.895;502;0.002;0.000, 0.000, 0.000, 0.004
1559256329.897;502;0.001;0.000, 0.000, 0.000, 0.000
1559256329.902;502;0.004;0.004, 0.000, 0.000, 0.000
1559256329.906;502;0.001;0.000, 0.000, 0.000, 0.000
1559256329.909;502;0.001;0.000, 0.000, 0.000, 0.000
1559256329.914;502;0.004;0.004, 0.000, 0.000, 0.000
1559256329.919;502;0.003;0.000, 0.000, 0.000, 0.004
1559256329.921;502;0.001;0.000, 0.000, 0.000, 0.000
1559256329.925;502;0.003;0.000, 0.004, 0.000, 0.000
1559256329.930;502;0.004;0.004, 0.000, 0.000, 0.000
1559256329.932;502;0.001;0.000, 0.000, 0.000, 0.000
1559256329.941;502;0.008;0.000, 0.000, 0.008, 0.000
1559256329.943;502;0.001;0.000, 0.000, 0.004, 0.000
1559256329.946;502;0.002;0.000, 0.000, 0.000, 0.000
1559256329.952;502;0.002;0.000, 0.000, 0.000, 0.000
1559256329.954;502;0.001;0.000, 0.000, 0.000, 0.000
1559256329.956;502;0.001;0.000, 0.000, 0.000, 0.000
1559256329.958;502;0.001;0.000, 0.000, 0.000, 0.000
1559256329.966;502;0.002;0.000, 0.000, 0.000, 0.000
1559256329.969;502;0.001;0.000, 0.000, 0.000, 0.000
1559256329.976;502;0.006;0.004, 0.000, 0.004, 0.000
1559256329.978;502;0.001;0.000, 0.000, 0.000, 0.000
1559256329.981;502;0.002;0.000, 0.000, 0.000, 0.000
1559256329.986;502;0.004;0.000, 0.000, 0.004, 0.000
1559256329.989;502;0.002;0.000, 0.000, 0.000, 0.000
1559256329.992;502;0.002;0.004, 0.000, 0.000, 0.000
1559256329.994;502;0.001;0.000, 0.000, 0.000, 0.000
1559256330.002;502;0.004;0.000, 0.004, 0.000, 0.000
1559256330.004;502;0.002;0.004, 0.000, 0.000, 0.000
1559256330.006;502;0.001;0.000, 0.000, 0.000, 0.000
1559256330.012;502;0.002;0.000, 0.004, 0.000, 0.000
1559256330.014;502;0.001;0.000, 0.000, 0.000, 0.000
1559256330.018;502;0.003;0.000, 0.000, 0.000, 0.000
1559256330.022;502;0.001;0.000, 0.000, 0.000, 0.000
1559256330.027;502;0.002;0.000, 0.000, 0.000, 0.004
1559256330.029;502;0.001;0.000, 0.000, 0.000, 0.000
1559256330.034;502;0.004;0.004, 0.000, 0.000, 0.000
1559256330.038;502;0.002;0.000, 0.000, 0.000, 0.000
1559256330.041;502;0.002;0.000, 0.000, 0.000, 0.000
1559256330.045;502;0.003;0.000, 0.000, 0.008, 0.000
1559256330.048;502;0.002;0.000, 0.000, 0.000, 0.000
1559256330.052;502;0.003;0.000, 0.000, 0.000, 0.004
1559256330.054;502;0.002;0.000, 0.000, 0.000, 0.000
1559256330.062;502;0.004;0.000, 0.000, 0.000, 0.000
1559256330.064;502;0.002;0.004, 0.000, 0.000, 0.000
1559256330.066;502;0.001;0.000, 0.000, 0.000, 0.000
1559256330.072;502;0.002;0.004, 0.000, 0.000, 0.000
1559256330.074;502;0.001;0.000, 0.000, 0.000, 0.000
1559256330.077;502;0.002;0.000, 0.000, 0.000, 0.000
1559256330.081;502;0.003;0.000, 0.004, 0.000, 0.000
1559256330.084;502;0.002;0.000, 0.004, 0.000, 0.000
1559256330.087;502;0.002;0.000, 0.000, 0.004, 0.000
1559256330.090;502;0.002;0.000, 0.000, 0.000, 0.000
1559256330.095;502;0.002;0.000, 0.000, 0.004, 0.000
1559256330.098;502;0.002;0.000, 0.000, 0.000, 0.000
1559256330.101;502;0.002;0.000, 0.000, 0.000, 0.000
1559256330.106;502;0.004;0.000, 0.000, 0.004, 0.000
1559256330.110;502;0.004;0.004, 0.000, 0.000, 0.000
1559256330.112;502;0.001;0.004, 0.000, 0.000, 0.000
1559256330.118;502;0.005;0.000, 0.000, 0.000, 0.004
1559256330.122;502;0.002;0.000, 0.000, 0.000, 0.000
1559256330.125;502;0.003;0.004, 0.000, 0.000, 0.000
1559256330.130;502;0.004;0.000, 0.004, 0.000, 0.000
1559256330.133;502;0.002;0.000, 0.000, 0.000, 0.000
1559256330.143;502;0.005;0.000, 0.008, 0.000, 0.000
1559256330.146;502;0.002;0.000, 0.000, 0.000, 0.000
1559256330.148;502;0.002;0.004, 0.000, 0.000, 0.000
1559256330.154;502;0.005;0.000, 0.000, 0.000, 0.004
1559256330.158;502;0.003;0.000, 0.000, 0.000, 0.000
1559256330.161;502;0.002;0.000, 0.000, 0.000, 0.000
1559256330.166;502;0.005;0.000, 0.000, 0.000, 0.008
1559256330.170;502;0.004;0.000, 0.000, 0.000, 0.000
1559256330.172;502;0.001;0.000, 0.000, 0.000, 0.000
1559256330.177;502;0.004;0.000, 0.000, 0.004, 0.000
1559256330.182;502;0.004;0.000, 0.004, 0.000, 0.000
1559256330.185;502;0.003;0.004, 0.000, 0.000, 0.000
1559256330.189;502;0.003;0.000, 0.000, 0.004, 0.000
1559256330.194;502;0.004;0.004, 0.000, 0.000, 0.000
1559256330.197;502;0.002;0.000, 0.000, 0.000, 0.000
1559256330.201;502;0.003;0.000, 0.004, 0.000, 0.000
1559256330.206;502;0.004;0.000, 0.000, 0.004, 0.000
1559256330.209;502;0.003;0.004, 0.000, 0.000, 0.000
1559256330.214;502;0.004;0.000, 0.004, 0.000, 0.000
1559256330.219;502;0.005;0.004, 0.000, 0.000, 0.004
1559256330.222;502;0.002;0.000, 0.000, 0.000, 0.000
1559256330.227;502;0.005;0.008, 0.000, 0.000, 0.000
1559256330.230;502;0.002;0.000, 0.000, 0.000, 0.000
1559256330.233;502;0.001;0.000, 0.000, 0.000, 0.000
1559256330.238;502;0.004;0.000, 0.004, 0.000, 0.000
1559256330.242;502;0.003;0.000, 0.000, 0.000, 0.000
1559256330.245;502;0.002;0.000, 0.000, 0.000, 0.000
1559256330.249;502;0.004;0.000, 0.000, 0.004, 0.000
1559256330.253;502;0.003;0.000, 0.004, 0.000, 0.000
1559256330.255;502;0.001;0.000, 0.000, 0.004, 0.000
1559256330.257;502;0.001;0.000, 0.000, 0.000, 0.000
1559256330.262;502;0.004;0.004, 0.000, 0.000, 0.000
1559256330.266;502;0.003;0.000, 0.000, 0.000, 0.000
1559256330.269;502;0.002;0.000, 0.000, 0.000, 0.000
1559256330.274;502;0.004;0.000, 0.004, 0.000, 0.000
1559256330.278;502;0.003;0.000, 0.000, 0.000, 0.000
1559256330.280;502;0.001;0.004, 0.000, 0.000, 0.000
1559256330.285;502;0.004;0.000, 0.000, 0.004, 0.000
1559256330.290;502;0.004;0.004, 0.000, 0.000, 0.000
1559256330.293;502;0.001;0.000, 0.000, 0.000, 0.000
1559256330.300;502;0.006;0.000, 0.004, 0.004, 0.000
1559256330.303;502;0.002;0.000, 0.000, 0.004, 0.000
1559256330.306;502;0.002;0.000, 0.000, 0.000, 0.000
1559256330.311;502;0.002;0.000, 0.000, 0.004, 0.000
1559256330.314;502;0.002;0.000, 0.000, 0.000, 0.000
1559256330.317;502;0.002;0.000, 0.000, 0.000, 0.000
1559256330.322;502;0.004;0.000, 0.000, 0.004, 0.000
1559256330.325;502;0.001;0.000, 0.000, 0.000, 0.000
1559256330.328;502;0.002;0.000, 0.004, 0.000, 0.000
1559256330.330;502;0.001;0.000, 0.000, 0.000, 0.000
1559256330.333;502;0.001;0.000, 0.000, 0.000, 0.000
1559256330.338;502;0.004;0.004, 0.000, 0.000, 0.000
1559256330.340;502;0.002;0.004, 0.000, 0.000, 0.000
1559256330.344;502;0.003;0.000, 0.000, 0.000, 0.004
1559256330.348;502;0.002;0.000, 0.000, 0.004, 0.000
1559256330.351;502;0.002;0.000, 0.000, 0.000, 0.004
1559256330.353;502;0.001;0.000, 0.000, 0.000, 0.000
1559256330.358;502;0.005;0.000, 0.000, 0.004, 0.000
1559256330.360;502;0.001;0.000, 0.000, 0.000, 0.000
1559256330.362;502;0.001;0.000, 0.000, 0.000, 0.000
1559256330.365;502;0.002;0.000, 0.000, 0.000, 0.000
1559256330.370;502;0.005;0.000, 0.000, 0.000, 0.004
1559256330.373;502;0.002;0.000, 0.000, 0.000, 0.000
1559256330.377;502;0.004;0.000, 0.000, 0.004, 0.000
1559256330.382;502;0.004;0.000, 0.008, 0.000, 0.000
1559256330.386;502;0.002;0.000, 0.000, 0.000, 0.000
1559256330.396;502;0.006;0.000, 0.004, 0.004, 0.000
1559256330.398;502;0.001;0.000, 0.000, 0.000, 0.000
1559256330.401;502;0.001;0.000, 0.000, 0.000, 0.000
1559256330.408;502;0.006;0.000, 0.008, 0.000, 0.000
1559256330.410;502;0.001;0.000, 0.000, 0.000, 0.000
1559256330.413;502;0.002;0.000, 0.000, 0.000, 0.000
1559256330.420;502;0.006;0.000, 0.004, 0.000, 0.004
1559256330.422;502;0.002;0.000, 0.000, 0.000, 0.000
1559256330.424;502;0.002;0.004, 0.000, 0.000, 0.000
1559256330.426;502;0.001;0.000, 0.000, 0.000, 0.000
1559256330.432;502;0.002;0.000, 0.004, 0.000, 0.000
1559256330.434;502;0.001;0.000, 0.000, 0.000, 0.000
1559256330.437;502;0.002;0.000, 0.000, 0.000, 0.000
1559256330.441;502;0.004;0.000, 0.000, 0.004, 0.000
1559256330.445;502;0.003;0.000, 0.000, 0.004, 0.000
1559256330.447;502;0.001;0.000, 0.000, 0.004, 0.000
1559256330.449;502;0.001;0.000, 0.000, 0.000, 0.000
1559256330.453;502;0.003;0.000, 0.004, 0.000, 0.000
1559256330.459;502;0.005;0.000, 0.004, 0.000, 0.004
1559256330.461;502;0.001;0.000, 0.000, 0.000, 0.000
1559256330.466;502;0.004;0.000, 0.004, 0.000, 0.000
1559256330.470;502;0.003;0.000, 0.000, 0.000, 0.000
1559256330.473;502;0.003;0.004, 0.000, 0.000, 0.000
1559256330.476;502;0.003;0.000, 0.000, 0.000, 0.004
1559256330.480;502;0.003;0.000, 0.000, 0.000, 0.004
1559256330.482;502;0.001;0.000, 0.000, 0.000, 0.000
1559256330.485;502;0.002;0.000, 0.000, 0.000, 0.000
1559256330.487;502;0.002;0.000, 0.000, 0.004, 0.000
1559256330.490;502;0.002;0.000, 0.000, 0.000, 0.000
1559256330.494;502;0.002;0.000, 0.000, 0.000, 0.000
1559256330.497;502;0.002;0.000, 0.000, 0.000, 0.000
1559256330.500;502;0.002;0.000, 0.004, 0.000, 0.000
1559256330.505;502;0.004;0.000, 0.000, 0.000, 0.004
1559256330.508;502;0.002;0.000, 0.004, 0.000, 0.000
1559256330.512;502;0.003;0.000, 0.000, 0.000, 0.004
1559256330.515;502;0.002;0.000, 0.000, 0.004, 0.000
1559256330.518;502;0.002;0.000, 0.000, 0.000, 0.000
1559256330.521;502;0.002;0.000, 0.000, 0.000, 0.000
1559256330.525;502;0.003;0.000, 0.004, 0.000, 0.000
1559256330.530;502;0.004;0.004, 0.000, 0.000, 0.000
1559256330.533;502;0.002;0.000, 0.000, 0.000, 0.000
1559256330.537;502;0.003;0.004, 0.000, 0.000, 0.000
1559256330.542;502;0.004;0.000, 0.004, 0.000, 0.000
1559256330.545;502;0.002;0.000, 0.000, 0.000, 0.000
1559256330.553;502;0.007;0.000, 0.008, 0.000, 0.000
1559256330.555;502;0.001;0.000, 0.000, 0.004, 0.000
1559256330.558;502;0.002;0.000, 0.000, 0.000, 0.000
1559256330.564;502;0.002;0.000, 0.000, 0.000, 0.000
1559256330.567;502;0.003;0.000, 0.000, 0.004, 0.000
1559256330.570;502;0.002;0.000, 0.000, 0.000, 0.000
1559256330.576;502;0.002;0.000, 0.004, 0.000, 0.000
1559256330.578;502;0.001;0.000, 0.000, 0.000, 0.000
1559256330.581;502;0.002;0.000, 0.000, 0.000, 0.000
1559256330.586;502;0.005;0.000, 0.000, 0.000, 0.008
1559256330.590;502;0.004;0.000, 0.000, 0.000, 0.000
1559256330.592;502;0.001;0.000, 0.000, 0.000, 0.000
1559256330.594;502;0.001;0.000, 0.000, 0.000, 0.000
1559256330.601;502;0.003;0.004, 0.000, 0.000, 0.000
1559256330.605;502;0.003;0.000, 0.004, 0.000, 0.000
1559256330.610;502;0.005;0.000, 0.000, 0.004, 0.000
1559256330.612;502;0.002;0.000, 0.004, 0.000, 0.000
1559256330.614;502;0.001;0.000, 0.000, 0.000, 0.000
1559256330.616;502;0.001;0.000, 0.000, 0.000, 0.000
1559256330.618;502;0.001;0.000, 0.000, 0.000, 0.000
1559256330.621;502;0.001;0.000, 0.000, 0.000, 0.000
1559256330.626;502;0.004;0.004, 0.000, 0.000, 0.000
1559256330.628;502;0.001;0.004, 0.000, 0.000, 0.000
1559256330.630;502;0.001;0.000, 0.000, 0.000, 0.000
1559256330.634;502;0.001;0.000, 0.000, 0.000, 0.000
1559256330.638;502;0.001;0.000, 0.000, 0.000, 0.000
1559256330.640;502;0.001;0.000, 0.000, 0.000, 0.000
1559256330.642;502;0.001;0.000, 0.000, 0.000, 0.000
1559256330.646;502;0.004;0.004, 0.000, 0.000, 0.000
1559256330.651;502;0.005;0.004, 0.000, 0.000, 0.004
1559256330.653;502;0.001;0.000, 0.000, 0.000, 0.000
1559256330.657;502;0.003;0.004, 0.000, 0.000, 0.000
1559256330.660;502;0.002;0.000, 0.000, 0.004, 0.000
1559256330.664;502;0.003;0.000, 0.000, 0.004, 0.000
1559256330.666;502;0.002;0.000, 0.000, 0.000, 0.000
1559256330.671;502;0.005;0.008, 0.000, 0.000, 0.000
1559256330.674;502;0.002;0.000, 0.000, 0.000, 0.000
1559256330.677;502;0.002;0.000, 0.000, 0.000, 0.000
1559256330.682;502;0.004;0.000, 0.000, 0.004, 0.000
1559256330.686;502;0.003;0.000, 0.000, 0.000, 0.000
1559256330.688;502;0.002;0.004, 0.000, 0.000, 0.000
1559256330.690;502;0.001;0.000, 0.000, 0.000, 0.000
1559256330.697;502;0.003;0.000, 0.000, 0.004, 0.000
1559256330.699;502;0.002;0.000, 0.000, 0.000, 0.004
1559256330.701;502;0.001;0.000, 0.000, 0.000, 0.000
1559256330.705;502;0.003;0.000, 0.000, 0.004, 0.000
1559256330.708;502;0.002;0.000, 0.000, 0.004, 0.000
1559256330.710;502;0.001;0.000, 0.000, 0.000, 0.000
1559256330.713;502;0.001;0.000, 0.000, 0.000, 0.000
1559256330.717;502;0.004;0.000, 0.000, 0.004, 0.000
1559256330.720;502;0.002;0.000, 0.000, 0.004, 0.000
1559256330.722;502;0.001;0.000, 0.000, 0.000, 0.000
1559256330.725;502;0.002;0.000, 0.000, 0.000, 0.000
1559256330.729;502;0.003;0.000, 0.000, 0.004, 0.000
1559256330.733;502;0.003;0.000, 0.004, 0.000, 0.000
1559256330.735;502;0.001;0.000, 0.000, 0.004, 0.000
1559256330.737;502;0.001;0.000, 0.000, 0.000, 0.000
1559256330.742;502;0.004;0.000, 0.000, 0.004, 0.000
1559256330.744;502;0.002;0.000, 0.004, 0.000, 0.000
1559256330.746;502;0.001;0.000, 0.000, 0.000, 0.000
1559256330.748;502;0.001;0.000, 0.000, 0.000, 0.000
1559256330.750;502;0.001;0.000, 0.000, 0.000, 0.000
1559256330.756;502;0.002;0.000, 0.000, 0.000, 0.004
1559256330.759;502;0.002;0.000, 0.000, 0.000, 0.000
1559256330.761;502;0.002;0.000, 0.000, 0.000, 0.000
1559256330.765;502;0.004;0.000, 0.000, 0.004, 0.000
1559256330.768;502;0.002;0.000, 0.000, 0.004, 0.000
1559256330.770;502;0.001;0.000, 0.000, 0.000, 0.000
1559256330.773;502;0.002;0.000, 0.000, 0.000, 0.000
1559256330.774;502;0.001;0.000, 0.000, 0.000, 0.000
1559256330.782;502;0.003;0.000, 0.000, 0.000, 0.000
1559256330.785;502;0.001;0.000, 0.000, 0.000, 0.000
1559256330.791;502;0.005;0.000, 0.004, 0.004, 0.000
1559256330.794;502;0.002;0.000, 0.000, 0.000, 0.000
1559256330.796;502;0.002;0.000, 0.000, 0.004, 0.000
1559256330.798;502;0.002;0.000, 0.000, 0.000, 0.000
1559256330.803;502;0.002;0.000, 0.000, 0.000, 0.004
1559256330.805;502;0.001;0.000, 0.000, 0.000, 0.000
1559256330.808;502;0.002;0.000, 0.000, 0.004, 0.000
1559256330.810;502;0.001;0.000, 0.000, 0.000, 0.000
1559256330.814;502;0.001;0.000, 0.000, 0.000, 0.000
1559256330.818;502;0.003;0.000, 0.000, 0.000, 0.000
1559256330.820;502;0.001;0.000, 0.000, 0.000, 0.000
1559256330.822;502;0.001;0.000, 0.000, 0.000, 0.000
1559256330.828;502;0.006;0.004, 0.004, 0.000, 0.000
1559256330.830;502;0.001;0.000, 0.000, 0.000, 0.000
1559256330.832;502;0.001;0.000, 0.000, 0.000, 0.000
1559256330.834;502;0.001;0.000, 0.000, 0.000, 0.000
1559256330.841;502;0.003;0.000, 0.004, 0.000, 0.000
1559256330.843;502;0.002;0.000, 0.000, 0.000, 0.004
1559256330.845;502;0.001;0.000, 0.000, 0.000, 0.000
1559256330.848;502;0.003;0.000, 0.000, 0.004, 0.000
1559256330.850;502;0.001;0.000, 0.000, 0.000, 0.000
1559256330.853;502;0.002;0.000, 0.000, 0.000, 0.000
1559256330.856;502;0.002;0.000, 0.004, 0.000, 0.000
1559256330.860;502;0.003;0.000, 0.000, 0.000, 0.004
1559256330.862;502;0.001;0.000, 0.000, 0.000, 0.000
1559256330.866;502;0.003;0.000, 0.000, 0.000, 0.000
1559256330.869;502;0.001;0.000, 0.000, 0.000, 0.000
1559256330.874;502;0.004;0.004, 0.000, 0.000, 0.000
1559256330.880;502;0.004;0.000, 0.000, 0.004, 0.000
1559256330.882;502;0.001;0.000, 0.000, 0.000, 0.000
1559256330.888;502;0.002;0.000, 0.000, 0.000, 0.000
1559256330.890;502;0.001;0.000, 0.000, 0.000, 0.000
1559256330.893;502;0.002;0.000, 0.000, 0.000, 0.000
1559256330.898;502;0.004;0.000, 0.000, 0.008, 0.000
1559256330.900;502;0.002;0.000, 0.000, 0.000, 0.000
1559256330.902;502;0.002;0.000, 0.000, 0.000, 0.000
1559256330.904;502;0.002;0.000, 0.004, 0.000, 0.000
1559256330.906;502;0.001;0.000, 0.000, 0.000, 0.000
1559256330.912;502;0.002;0.000, 0.000, 0.004, 0.000
1559256330.915;502;0.002;0.000, 0.000, 0.000, 0.004
1559256330.918;502;0.002;0.000, 0.000, 0.000, 0.000
1559256330.922;502;0.004;0.008, 0.000, 0.000, 0.000
1559256330.925;502;0.001;0.000, 0.000, 0.000, 0.000
1559256330.928;502;0.002;0.000, 0.004, 0.000, 0.000
1559256330.930;502;0.002;0.000, 0.000, 0.000, 0.000
1559256330.936;502;0.002;0.000, 0.004, 0.000, 0.000
1559256330.938;502;0.001;0.000, 0.000, 0.000, 0.000
1559256330.941;502;0.002;0.000, 0.000, 0.000, 0.000
1559256330.942;502;0.001;0.000, 0.000, 0.000, 0.000
1559256330.950;502;0.003;0.000, 0.000, 0.000, 0.000
1559256330.953;502;0.001;0.000, 0.000, 0.000, 0.000
1559256330.958;502;0.004;0.000, 0.000, 0.004, 0.000
1559256330.960;502;0.002;0.004, 0.000, 0.000, 0.000
1559256330.962;502;0.001;0.000, 0.000, 0.000, 0.000
1559256330.964;502;0.001;0.000, 0.000, 0.000, 0.000
1559256330.966;502;0.001;0.000, 0.000, 0.000, 0.000
1559256330.973;502;0.007;0.000, 0.008, 0.000, 0.000
1559256330.974;502;0.001;0.000, 0.000, 0.000, 0.000
1559256330.977;502;0.002;0.000, 0.000, 0.000, 0.000
1559256330.978;502;0.001;0.000, 0.000, 0.000, 0.000
1559256330.981;502;0.001;0.000, 0.000, 0.000, 0.000
1559256330.986;502;0.004;0.000, 0.004, 0.000, 0.000
1559256330.989;502;0.003;0.004, 0.000, 0.000, 0.000
1559256330.990;502;0.001;0.000, 0.000, 0.000, 0.000
1559256330.998;502;0.004;0.000, 0.000, 0.000, 0.000
1559256331.001;502;0.002;0.000, 0.000, 0.000, 0.000
1559256331.006;502;0.005;0.000, 0.000, 0.000, 0.004
1559256331.010;502;0.003;0.000, 0.000, 0.000, 0.000
1559256331.012;502;0.001;0.004, 0.000, 0.000, 0.000
1559256331.014;502;0.001;0.000, 0.000, 0.000, 0.000
1559256331.017;502;0.001;0.000, 0.000, 0.000, 0.000
1559256331.021;502;0.003;0.000, 0.000, 0.004, 0.000
1559256331.023;502;0.001;0.000, 0.000, 0.000, 0.004
1559256331.025;502;0.001;0.000, 0.000, 0.000, 0.000
1559256331.030;502;0.004;0.000, 0.004, 0.000, 0.000
1559256331.034;502;0.002;0.000, 0.000, 0.000, 0.000
1559256331.036;502;0.001;0.004, 0.000, 0.000, 0.000
1559256331.038;502;0.001;0.000, 0.000, 0.000, 0.000
1559256331.042;502;0.001;0.000, 0.000, 0.000, 0.000
1559256331.046;502;0.004;0.004, 0.000, 0.000, 0.000
1559256331.048;502;0.001;0.004, 0.000, 0.000, 0.000
1559256331.050;502;0.001;0.000, 0.000, 0.000, 0.000
1559256331.056;502;0.002;0.000, 0.004, 0.000, 0.000
1559256331.058;502;0.001;0.000, 0.000, 0.000, 0.000
1559256331.061;502;0.002;0.000, 0.000, 0.000, 0.000
1559256331.065;502;0.004;0.000, 0.000, 0.000, 0.004
1559256331.068;502;0.002;0.000, 0.004, 0.000, 0.000
1559256331.071;502;0.002;0.000, 0.000, 0.004, 0.000
1559256331.073;502;0.001;0.000, 0.000, 0.000, 0.000
1559256331.078;502;0.004;0.000, 0.004, 0.000, 0.000
1559256331.082;502;0.003;0.000, 0.000, 0.000, 0.000
1559256331.084;502;0.001;0.004, 0.000, 0.000, 0.000
1559256331.090;502;0.005;0.000, 0.000, 0.004, 0.000
1559256331.094;502;0.002;0.000, 0.000, 0.000, 0.000
1559256331.096;502;0.001;0.000, 0.000, 0.000, 0.000
1559256331.098;502;0.001;0.000, 0.000, 0.000, 0.000
1559256331.106;502;0.002;0.000, 0.000, 0.000, 0.000
1559256331.113;502;0.003;0.000, 0.004, 0.000, 0.000
1559256331.117;502;0.003;0.000, 0.000, 0.004, 0.000
1559256331.121;502;0.003;0.000, 0.004, 0.000, 0.000
1559256331.126;502;0.005;0.000, 0.000, 0.000, 0.008
1559256331.129;502;0.002;0.000, 0.000, 0.000, 0.000
1559256331.132;502;0.002;0.000, 0.004, 0.000, 0.000
1559256331.134;502;0.001;0.000, 0.000, 0.000, 0.000
1559256331.141;502;0.003;0.000, 0.004, 0.000, 0.000
1559256331.144;502;0.002;0.004, 0.000, 0.000, 0.000
1559256331.146;502;0.001;0.000, 0.000, 0.000, 0.000
1559256331.151;502;0.002;0.000, 0.000, 0.000, 0.004
1559256331.154;502;0.002;0.000, 0.000, 0.000, 0.000
1559256331.157;502;0.003;0.004, 0.000, 0.000, 0.000
1559256331.162;502;0.005;0.000, 0.000, 0.000, 0.004
1559256331.165;502;0.002;0.000, 0.000, 0.000, 0.000
1559256331.167;502;0.002;0.000, 0.000, 0.000, 0.000
1559256331.169;502;0.002;0.000, 0.000, 0.000, 0.000
1559256331.172;502;0.002;0.000, 0.004, 0.000, 0.000
1559256331.174;502;0.001;0.000, 0.000, 0.000, 0.000
1559256331.179;502;0.002;0.000, 0.000, 0.000, 0.000
1559256331.181;502;0.001;0.000, 0.000, 0.000, 0.000
1559256331.188;502;0.006;0.000, 0.008, 0.000, 0.000
1559256331.190;502;0.001;0.000, 0.000, 0.000, 0.000
1559256331.193;502;0.002;0.000, 0.000, 0.000, 0.000
1559256331.199;502;0.006;0.000, 0.000, 0.000, 0.004
1559256331.202;502;0.002;0.000, 0.000, 0.000, 0.000
1559256331.205;502;0.002;0.000, 0.000, 0.000, 0.000
1559256331.206;502;0.001;0.000, 0.000, 0.000, 0.000
1559256331.212;502;0.002;0.000, 0.004, 0.000, 0.000
1559256331.214;502;0.001;0.000, 0.000, 0.000, 0.000
1559256331.216;502;0.002;0.004, 0.000, 0.000, 0.000
1559256331.218;502;0.001;0.000, 0.000, 0.000, 0.000
1559256331.225;502;0.003;0.004, 0.000, 0.000, 0.000
1559256331.228;502;0.002;0.000, 0.004, 0.000, 0.000
1559256331.230;502;0.001;0.000, 0.000, 0.000, 0.000
1559256331.237;502;0.002;0.000, 0.000, 0.000, 0.000
1559256331.239;502;0.001;0.000, 0.000, 0.004, 0.000
1559256331.241;502;0.001;0.000, 0.000, 0.000, 0.000
1559256331.246;502;0.004;0.000, 0.004, 0.000, 0.000
1559256331.249;502;0.001;0.000, 0.000, 0.000, 0.000
1559256331.252;502;0.002;0.000, 0.004, 0.000, 0.000
1559256331.254;502;0.002;0.000, 0.000, 0.000, 0.000
1559256331.258;502;0.001;0.000, 0.000, 0.000, 0.000
1559256331.263;502;0.004;0.000, 0.000, 0.000, 0.004
1559256331.265;502;0.001;0.000, 0.000, 0.000, 0.000
1559256331.271;502;0.005;0.000, 0.000, 0.004, 0.004
1559256331.275;502;0.003;0.000, 0.000, 0.000, 0.000
1559256331.277;502;0.002;0.000, 0.000, 0.000, 0.000
1559256331.284;502;0.006;0.004, 0.000, 0.004, 0.000
1559256331.286;502;0.001;0.000, 0.000, 0.000, 0.000
1559256331.289;502;0.001;0.000, 0.000, 0.000, 0.000
1559256331.297;502;0.007;0.000, 0.000, 0.004, 0.004
1559256331.300;502;0.003;0.000, 0.000, 0.000, 0.004
1559256331.302;502;0.002;0.000, 0.000, 0.000, 0.000
1559256331.312;502;0.003;0.000, 0.004, 0.000, 0.000
1559256331.317;502;0.003;0.000, 0.000, 0.004, 0.000
1559256331.320;502;0.002;0.000, 0.004, 0.000, 0.000
1559256331.322;502;0.001;0.000, 0.000, 0.000, 0.000
1559256331.325;502;0.001;0.000, 0.000, 0.000, 0.000
1559256331.330;502;0.004;0.000, 0.000, 0.004, 0.000
1559256331.334;502;0.004;0.004, 0.000, 0.000, 0.000
1559256331.336;502;0.002;0.004, 0.000, 0.000, 0.000
1559256331.338;502;0.001;0.000, 0.000, 0.000, 0.000
1559256331.342;502;0.001;0.000, 0.000, 0.000, 0.000
1559256331.346;502;0.003;0.000, 0.000, 0.000, 0.000
1559256331.348;502;0.002;0.004, 0.000, 0.000, 0.000
1559256331.350;502;0.001;0.000, 0.000, 0.000, 0.000
1559256331.357;502;0.003;0.000, 0.000, 0.004, 0.000
1559256331.359;502;0.002;0.000, 0.000, 0.000, 0.004
1559256331.361;502;0.001;0.000, 0.000, 0.000, 0.000
1559256331.366;502;0.004;0.000, 0.004, 0.000, 0.000
1559256331.369;502;0.003;0.004, 0.000, 0.000, 0.000
1559256331.371;502;0.002;0.000, 0.000, 0.000, 0.004
1559256331.373;502;0.001;0.000, 0.000, 0.000, 0.000
1559256331.378;502;0.004;0.000, 0.000, 0.004, 0.000
1559256331.382;502;0.003;0.000, 0.000, 0.000, 0.000
1559256331.385;502;0.002;0.000, 0.000, 0.000, 0.000
1559256331.386;502;0.001;0.000, 0.000, 0.000, 0.000
1559256331.394;502;0.004;0.004, 0.000, 0.000, 0.000
1559256331.396;502;0.002;0.004, 0.000, 0.000, 0.000
1559256331.401;502;0.004;0.000, 0.000, 0.000, 0.004
1559256331.404;502;0.002;0.000, 0.000, 0.004, 0.000
1559256331.406;502;0.001;0.000, 0.000, 0.000, 0.000
1559256331.409;502;0.002;0.000, 0.000, 0.000, 0.000
1559256331.414;502;0.005;0.000, 0.000, 0.008, 0.000
1559256331.417;502;0.003;0.000, 0.000, 0.000, 0.000
1559256331.419;502;0.002;0.000, 0.000, 0.004, 0.000
1559256331.421;502;0.001;0.000, 0.000, 0.000, 0.000
1559256331.425;502;0.003;0.000, 0.004, 0.000, 0.000
1559256331.430;502;0.005;0.000, 0.000, 0.000, 0.004
1559256331.439;502;0.002;0.000, 0.000, 0.004, 0.000
1559256331.442;502;0.002;0.000, 0.000, 0.000, 0.000
1559256331.445;502;0.002;0.000, 0.000, 0.000, 0.000
1559256331.450;502;0.005;0.000, 0.000, 0.000, 0.004
1559256331.454;502;0.003;0.000, 0.000, 0.000, 0.000
1559256331.457;502;0.002;0.000, 0.000, 0.000, 0.000
1559256331.462;502;0.004;0.000, 0.004, 0.000, 0.000
1559256331.466;502;0.003;0.000, 0.000, 0.000, 0.000
1559256331.470;502;0.002;0.000, 0.000, 0.000, 0.000
1559256331.474;502;0.004;0.004, 0.000, 0.000, 0.000
1559256331.478;502;0.003;0.000, 0.000, 0.000, 0.000
1559256331.481;502;0.002;0.000, 0.000, 0.000, 0.000
1559256331.486;502;0.004;0.000, 0.004, 0.000, 0.000
1559256331.489;502;0.003;0.004, 0.000, 0.000, 0.000
1559256331.491;502;0.001;0.000, 0.000, 0.004, 0.000
1559256331.493;502;0.001;0.000, 0.000, 0.000, 0.000
1559256331.497;502;0.004;0.000, 0.000, 0.004, 0.000
1559256331.501;502;0.003;0.000, 0.000, 0.004, 0.000
1559256331.503;502;0.002;0.000, 0.000, 0.000, 0.004
1559256331.506;502;0.002;0.000, 0.000, 0.000, 0.000
1559256331.512;502;0.006;0.008, 0.000, 0.000, 0.000
1559256331.514;502;0.002;0.000, 0.000, 0.000, 0.000
1559256331.517;502;0.001;0.000, 0.000, 0.000, 0.000
1559256331.522;502;0.004;0.000, 0.004, 0.000, 0.000
1559256331.526;502;0.004;0.004, 0.000, 0.000, 0.000
1559256331.529;502;0.001;0.000, 0.000, 0.000, 0.000
1559256331.534;502;0.004;0.000, 0.004, 0.000, 0.000
1559256331.536;502;0.002;0.000, 0.004, 0.000, 0.000
1559256331.540;502;0.003;0.000, 0.000, 0.000, 0.004
1559256331.542;502;0.002;0.000, 0.000, 0.000, 0.000
1559256331.547;502;0.005;0.008, 0.000, 0.000, 0.000
1559256331.550;502;0.002;0.000, 0.000, 0.000, 0.000
1559256331.553;502;0.001;0.000, 0.000, 0.000, 0.000
1559256331.558;502;0.004;0.000, 0.000, 0.004, 0.000
1559256331.562;502;0.002;0.000, 0.000, 0.000, 0.000
1559256331.565;502;0.002;0.000, 0.000, 0.000, 0.000
1559256331.571;502;0.005;0.000, 0.000, 0.004, 0.004
1559256331.574;502;0.002;0.000, 0.000, 0.000, 0.000
1559256331.577;502;0.002;0.000, 0.000, 0.000, 0.000
1559256331.582;502;0.004;0.000, 0.008, 0.000, 0.000
1559256331.586;502;0.002;0.000, 0.000, 0.000, 0.000
1559256331.588;502;0.002;0.004, 0.000, 0.000, 0.000
1559256331.590;502;0.001;0.000, 0.000, 0.000, 0.000
1559256331.597;502;0.003;0.000, 0.000, 0.000, 0.000
1559256331.599;502;0.002;0.000, 0.000, 0.000, 0.004
1559256331.602;502;0.002;0.000, 0.000, 0.000, 0.000
1559256331.607;502;0.005;0.004, 0.000, 0.004, 0.000
1559256331.610;502;0.002;0.000, 0.000, 0.000, 0.000
1559256331.613;502;0.002;0.000, 0.000, 0.000, 0.000
1559256331.618;502;0.004;0.000, 0.004, 0.000, 0.000
1559256331.621;502;0.002;0.000, 0.000, 0.000, 0.000
1559256331.624;502;0.002;0.000, 0.004, 0.000, 0.000
1559256331.626;502;0.002;0.000, 0.000, 0.000, 0.000
1559256331.633;502;0.003;0.000, 0.004, 0.000, 0.000
1559256331.635;502;0.002;0.000, 0.000, 0.004, 0.000
1559256331.638;502;0.002;0.000, 0.000, 0.000, 0.000
1559256331.642;502;0.004;0.004, 0.000, 0.000, 0.000
1559256331.645;502;0.002;0.000, 0.000, 0.000, 0.000
1559256331.647;502;0.001;0.000, 0.000, 0.004, 0.000
1559256331.649;502;0.001;0.000, 0.000, 0.000, 0.000
1559256331.655;502;0.005;0.008, 0.000, 0.000, 0.000
1559256331.658;502;0.002;0.000, 0.000, 0.000, 0.000
1559256331.661;502;0.002;0.000, 0.000, 0.000, 0.000
1559256331.665;502;0.004;0.000, 0.000, 0.000, 0.004
1559256331.668;502;0.002;0.000, 0.004, 0.000, 0.000
1559256331.670;502;0.001;0.000, 0.000, 0.000, 0.000
1559256331.673;502;0.001;0.000, 0.000, 0.000, 0.000
1559256331.679;502;0.005;0.000, 0.008, 0.000, 0.000
1559256331.681;502;0.002;0.000, 0.000, 0.000, 0.000
1559256331.684;502;0.002;0.000, 0.004, 0.000, 0.000
1559256331.689;502;0.004;0.000, 0.000, 0.000, 0.004
1559256331.692;502;0.002;0.000, 0.000, 0.004, 0.000
1559256331.696;502;0.003;0.000, 0.000, 0.000, 0.004
1559256331.698;502;0.002;0.000, 0.000, 0.000, 0.000
1559256331.703;502;0.005;0.000, 0.004, 0.000, 0.000
1559256331.707;502;0.004;0.000, 0.000, 0.000, 0.000
1559256331.709;502;0.002;0.000, 0.000, 0.000, 0.000
1559256331.714;502;0.005;0.000, 0.000, 0.000, 0.008
1559256331.718;502;0.003;0.000, 0.000, 0.000, 0.000
1559256331.720;502;0.001;0.004, 0.000, 0.000, 0.000
1559256331.726;502;0.005;0.000, 0.000, 0.000, 0.004
1559256331.730;502;0.002;0.000, 0.000, 0.000, 0.000
1559256331.732;502;0.001;0.000, 0.000, 0.000, 0.000
1559256331.737;502;0.004;0.000, 0.000, 0.000, 0.004
1559256331.740;502;0.002;0.000, 0.000, 0.004, 0.000
1559256331.742;502;0.001;0.000, 0.000, 0.000, 0.000
1559256331.745;502;0.002;0.000, 0.000, 0.000, 0.000
1559256331.749;502;0.004;0.000, 0.000, 0.000, 0.004
1559256331.751;502;0.001;0.000, 0.000, 0.004, 0.000
1559256331.754;502;0.002;0.000, 0.000, 0.000, 0.000
1559256331.757;502;0.002;0.000, 0.000, 0.000, 0.000
1559256331.761;502;0.004;0.000, 0.000, 0.000, 0.004
1559256331.766;502;0.004;0.004, 0.000, 0.000, 0.000
1559256331.767;502;0.001;0.000, 0.004, 0.000, 0.000
1559256331.769;502;0.001;0.000, 0.000, 0.000, 0.000
1559256331.774;502;0.004;0.000, 0.008, 0.000, 0.000
1559256331.778;502;0.003;0.000, 0.000, 0.000, 0.000
1559256331.780;502;0.002;0.004, 0.000, 0.000, 0.000
1559256331.785;502;0.004;0.000, 0.000, 0.004, 0.000
1559256331.788;502;0.002;0.000, 0.004, 0.000, 0.000
1559256331.791;502;0.001;0.000, 0.000, 0.004, 0.000
1559256331.794;502;0.002;0.000, 0.000, 0.000, 0.000
1559256331.802;502;0.008;0.004, 0.004, 0.000, 0.000
1559256331.805;502;0.003;0.000, 0.004, 0.000, 0.000
1559256331.810;502;0.004;0.000, 0.004, 0.000, 0.000
1559256331.812;502;0.001;0.000, 0.000, 0.000, 0.000
1559256331.814;502;0.001;0.000, 0.000, 0.000, 0.000
1559256331.817;502;0.001;0.000, 0.000, 0.000, 0.000
1559256331.821;502;0.003;0.000, 0.000, 0.004, 0.000
1559256331.824;502;0.002;0.004, 0.000, 0.000, 0.000
1559256331.826;502;0.001;0.000, 0.000, 0.000, 0.000
1559256331.830;502;0.003;0.000, 0.000, 0.000, 0.000
1559256331.836;502;0.006;0.004, 0.004, 0.000, 0.000
1559256331.838;502;0.002;0.000, 0.000, 0.000, 0.000
1559256331.840;502;0.002;0.004, 0.000, 0.000, 0.000
1559256331.842;502;0.001;0.000, 0.000, 0.000, 0.000
1559256331.850;502;0.004;0.000, 0.000, 0.000, 0.000
1559256331.853;502;0.002;0.000, 0.000, 0.000, 0.000
1559256331.856;502;0.002;0.000, 0.000, 0.004, 0.000
1559256331.858;502;0.001;0.000, 0.000, 0.000, 0.000
1559256331.864;502;0.003;0.000, 0.000, 0.004, 0.000
1559256331.869;502;0.005;0.000, 0.000, 0.000, 0.004
1559256331.873;502;0.003;0.004, 0.000, 0.000, 0.000
1559256331.876;502;0.002;0.000, 0.000, 0.004, 0.000
1559256331.878;502;0.002;0.000, 0.000, 0.000, 0.000
1559256331.884;502;0.006;0.000, 0.004, 0.004, 0.000
1559256331.886;502;0.001;0.000, 0.000, 0.000, 0.000
1559256331.888;502;0.001;0.000, 0.000, 0.000, 0.000
1559256331.890;502;0.001;0.000, 0.000, 0.000, 0.000
1559256331.898;502;0.002;0.000, 0.000, 0.000, 0.000
1559256331.900;502;0.001;0.000, 0.000, 0.000, 0.000
1559256331.906;502;0.005;0.000, 0.000, 0.000, 0.004
1559256331.909;502;0.002;0.000, 0.000, 0.000, 0.000
1559256331.912;502;0.002;0.000, 0.004, 0.000, 0.000
1559256331.914;502;0.002;0.000, 0.000, 0.000, 0.000
1559256331.921;502;0.007;0.000, 0.004, 0.004, 0.000
1559256331.923;502;0.002;0.000, 0.000, 0.004, 0.000
1559256331.926;502;0.002;0.000, 0.000, 0.000, 0.000
1559256331.932;502;0.002;0.000, 0.004, 0.000, 0.000
1559256331.936;502;0.003;0.000, 0.000, 0.000, 0.004
1559256331.938;502;0.001;0.000, 0.000, 0.000, 0.000
1559256331.942;502;0.004;0.004, 0.000, 0.000, 0.000
1559256331.946;502;0.003;0.000, 0.000, 0.000, 0.000
1559256331.948;502;0.002;0.000, 0.004, 0.000, 0.000
1559256331.949;502;0.001;0.000, 0.000, 0.000, 0.000
1559256331.954;502;0.004;0.000, 0.000, 0.000, 0.004
1559256331.958;502;0.002;0.000, 0.000, 0.000, 0.000
1559256331.960;502;0.001;0.000, 0.000, 0.000, 0.000
1559256331.966;502;0.005;0.000, 0.000, 0.000, 0.004
1559256331.971;502;0.004;0.000, 0.000, 0.000, 0.004
1559256331.974;502;0.002;0.000, 0.000, 0.000, 0.000
1559256331.982;502;0.008;0.008, 0.000, 0.000, 0.000
1559256331.985;502;0.003;0.004, 0.000, 0.000, 0.000
1559256331.989;502;0.004;0.000, 0.000, 0.000, 0.008
1559256331.996;502;0.001;0.000, 0.000, 0.000, 0.000
1559256331.998;502;0.001;0.000, 0.000, 0.000, 0.000
1559256332.006;502;0.008;0.000, 0.012, 0.000, 0.000
1559256332.008;502;0.001;0.000, 0.000, 0.000, 0.000
1559256332.010;502;0.001;0.000, 0.000, 0.000, 0.000
1559256332.019;502;0.001;0.000, 0.000, 0.000, 0.000
1559256332.021;502;0.001;0.000, 0.000, 0.000, 0.000
1559256332.030;502;0.008;0.000, 0.000, 0.008, 0.000
1559256332.033;502;0.002;0.000, 0.000, 0.000, 0.000
1559256332.042;502;0.008;0.000, 0.000, 0.008, 0.000
1559256332.044;502;0.001;0.000, 0.000, 0.000, 0.000
1559256332.048;502;0.003;0.000, 0.000, 0.000, 0.004
1559256332.051;502;0.002;0.000, 0.000, 0.000, 0.004
1559256332.053;502;0.001;0.000, 0.000, 0.000, 0.000
1559256332.056;502;0.002;0.000, 0.004, 0.000, 0.000
1559256332.058;502;0.001;0.000, 0.000, 0.000, 0.000
1559256332.065;502;0.002;0.000, 0.000, 0.000, 0.000
1559256332.067;502;0.002;0.000, 0.000, 0.000, 0.004
1559256332.069;502;0.001;0.000, 0.000, 0.000, 0.000
1559256332.076;502;0.006;0.000, 0.000, 0.008, 0.000
1559256332.078;502;0.001;0.000, 0.000, 0.000, 0.000
1559256332.079;502;0.001;0.000, 0.004, 0.000, 0.000
1559256332.081;502;0.001;0.000, 0.000, 0.000, 0.000
1559256332.086;502;0.004;0.000, 0.008, 0.000, 0.000
1559256332.089;502;0.002;0.000, 0.000, 0.000, 0.000
1559256332.091;502;0.001;0.000, 0.000, 0.004, 0.000
1559256332.093;502;0.001;0.000, 0.000, 0.000, 0.000
1559256332.097;502;0.003;0.000, 0.000, 0.004, 0.000
1559256332.102;502;0.004;0.000, 0.004, 0.000, 0.000
1559256332.104;502;0.001;0.000, 0.000, 0.000, 0.000
1559256332.106;502;0.001;0.000, 0.000, 0.000, 0.000
1559256332.110;502;0.001;0.000, 0.000, 0.000, 0.000
1559256332.114;502;0.004;0.004, 0.000, 0.000, 0.000
1559256332.116;502;0.001;0.004, 0.000, 0.000, 0.000
1559256332.118;502;0.001;0.000, 0.000, 0.000, 0.000
1559256332.121;502;0.001;0.000, 0.000, 0.000, 0.000
1559256332.124;502;0.002;0.000, 0.004, 0.000, 0.000
1559256332.127;502;0.003;0.000, 0.000, 0.000, 0.004
1559256332.129;502;0.001;0.000, 0.000, 0.000, 0.000
1559256332.133;502;0.004;0.000, 0.000, 0.000, 0.004
1559256332.135;502;0.002;0.000, 0.000, 0.004, 0.000
1559256332.139;502;0.003;0.000, 0.000, 0.000, 0.004
1559256332.141;502;0.001;0.000, 0.000, 0.000, 0.000
1559256332.146;502;0.005;0.000, 0.000, 0.000, 0.004
1559256332.150;502;0.003;0.000, 0.000, 0.000, 0.000
1559256332.152;502;0.002;0.004, 0.000, 0.000, 0.000
1559256332.157;502;0.004;0.000, 0.000, 0.004, 0.000
1559256332.160;502;0.003;0.000, 0.000, 0.004, 0.000
1559256332.162;502;0.001;0.000, 0.000, 0.000, 0.000
1559256332.164;502;0.002;0.004, 0.000, 0.000, 0.000
1559256332.166;502;0.001;0.000, 0.000, 0.000, 0.000
1559256332.170;502;0.004;0.008, 0.000, 0.000, 0.000
1559256332.173;502;0.002;0.000, 0.000, 0.000, 0.000
1559256332.176;502;0.002;0.000, 0.004, 0.000, 0.000
1559256332.182;502;0.005;0.000, 0.000, 0.000, 0.004
1559256332.186;502;0.004;0.000, 0.004, 0.000, 0.000
1559256332.190;502;0.002;0.000, 0.000, 0.000, 0.000
1559256332.198;502;0.008;0.008, 0.000, 0.000, 0.000
1559256332.201;502;0.001;0.000, 0.000, 0.000, 0.000
1559256332.209;502;0.007;0.000, 0.000, 0.008, 0.000
1559256332.211;502;0.001;0.000, 0.004, 0.000, 0.000
1559256332.213;502;0.001;0.000, 0.000, 0.000, 0.000
1559256332.218;502;0.004;0.000, 0.004, 0.000, 0.000
1559256332.222;502;0.004;0.004, 0.000, 0.000, 0.000
1559256332.225;502;0.003;0.004, 0.000, 0.000, 0.000
1559256332.230;502;0.005;0.000, 0.000, 0.000, 0.004
1559256332.234;502;0.003;0.000, 0.000, 0.000, 0.000
1559256332.236;502;0.002;0.004, 0.000, 0.000, 0.000
1559256332.238;502;0.001;0.000, 0.000, 0.000, 0.000
1559256332.242;502;0.004;0.004, 0.000, 0.000, 0.000
1559256332.246;502;0.003;0.000, 0.000, 0.000, 0.000
1559256332.247;502;0.001;0.000, 0.004, 0.000, 0.000
1559256332.249;502;0.001;0.000, 0.000, 0.000, 0.000
1559256332.254;502;0.004;0.000, 0.000, 0.008, 0.000
1559256332.258;502;0.004;0.000, 0.000, 0.000, 0.000
1559256332.260;502;0.001;0.000, 0.000, 0.000, 0.000
1559256332.264;502;0.003;0.000, 0.000, 0.000, 0.004
1559256332.266;502;0.002;0.000, 0.000, 0.000, 0.000
1559256332.270;502;0.004;0.000, 0.004, 0.000, 0.000
1559256332.272;502;0.001;0.000, 0.000, 0.000, 0.000
1559256332.274;502;0.001;0.000, 0.000, 0.000, 0.000
1559256332.280;502;0.002;0.000, 0.000, 0.000, 0.004
1559256332.282;502;0.001;0.000, 0.000, 0.000, 0.000
1559256332.284;502;0.001;0.000, 0.000, 0.000, 0.000
1559256332.286;502;0.001;0.000, 0.000, 0.000, 0.000
1559256332.292;502;0.006;0.004, 0.000, 0.004, 0.000
1559256332.294;502;0.002;0.000, 0.000, 0.000, 0.000
1559256332.295;502;0.001;0.000, 0.004, 0.000, 0.000
1559256332.297;502;0.001;0.000, 0.000, 0.000, 0.000
1559256332.302;502;0.004;0.000, 0.000, 0.008, 0.000
1559256332.306;502;0.003;0.000, 0.000, 0.000, 0.000
1559256332.308;502;0.002;0.004, 0.000, 0.000, 0.000
1559256332.310;502;0.001;0.000, 0.000, 0.000, 0.000
1559256332.317;502;0.003;0.000, 0.000, 0.000, 0.004
1559256332.318;502;0.001;0.000, 0.000, 0.000, 0.000
1559256332.320;502;0.001;0.000, 0.000, 0.000, 0.000
1559256332.322;502;0.001;0.000, 0.000, 0.000, 0.000
1559256332.325;502;0.003;0.004, 0.000, 0.000, 0.000
1559256332.330;502;0.004;0.000, 0.004, 0.000, 0.000
1559256332.331;502;0.001;0.000, 0.000, 0.004, 0.000
1559256332.333;502;0.001;0.000, 0.000, 0.000, 0.000
1559256332.336;502;0.002;0.000, 0.000, 0.004, 0.000
1559256332.338;502;0.001;0.000, 0.000, 0.000, 0.000
1559256332.342;502;0.002;0.000, 0.000, 0.000, 0.000
1559256332.344;502;0.001;0.000, 0.000, 0.000, 0.000
1559256332.346;502;0.001;0.000, 0.000, 0.000, 0.000
1559256332.350;502;0.001;0.000, 0.000, 0.000, 0.000
1559256332.354;502;0.004;0.004, 0.000, 0.000, 0.000
1559256332.356;502;0.001;0.000, 0.000, 0.000, 0.000
1559256332.358;502;0.001;0.000, 0.000, 0.000, 0.000
1559256332.362;502;0.004;0.004, 0.000, 0.000, 0.000
1559256332.367;502;0.005;0.004, 0.000, 0.000, 0.004
1559256332.369;502;0.001;0.000, 0.000, 0.000, 0.000
1559256332.370;502;0.001;0.000, 0.000, 0.000, 0.000
1559256332.380;502;0.001;0.000, 0.000, 0.000, 0.000
1559256332.382;502;0.001;0.000, 0.000, 0.000, 0.000
1559256332.388;502;0.006;0.008, 0.000, 0.000, 0.000
1559256332.389;502;0.001;0.000, 0.000, 0.000, 0.000
1559256332.392;502;0.002;0.000, 0.004, 0.000, 0.000
1559256332.393;502;0.001;0.000, 0.000, 0.000, 0.000
1559256332.398;502;0.004;0.000, 0.000, 0.004, 0.000
1559256332.402;502;0.002;0.000, 0.000, 0.000, 0.000
1559256332.404;502;0.002;0.004, 0.000, 0.000, 0.000
1559256332.406;502;0.001;0.000, 0.000, 0.000, 0.000
1559256332.413;502;0.007;0.004, 0.004, 0.000, 0.000
1559256332.416;502;0.002;0.000, 0.004, 0.000, 0.000
1559256332.418;502;0.002;0.000, 0.000, 0.000, 0.000
1559256332.424;502;0.006;0.000, 0.004, 0.000, 0.004
1559256332.426;502;0.001;0.000, 0.000, 0.000, 0.000
1559256332.428;502;0.002;0.000, 0.004, 0.000, 0.000
1559256332.429;502;0.001;0.000, 0.000, 0.000, 0.000
1559256332.434;502;0.004;0.000, 0.000, 0.004, 0.000
1559256332.440;502;0.002;0.000, 0.004, 0.000, 0.000
1559256332.441;502;0.001;0.000, 0.000, 0.000, 0.000
1559256332.446;502;0.004;0.000, 0.008, 0.000, 0.000
1559256332.450;502;0.002;0.000, 0.000, 0.000, 0.000
1559256332.452;502;0.001;0.004, 0.000, 0.000, 0.000
1559256332.454;502;0.002;0.000, 0.000, 0.000, 0.000
1559256332.459;502;0.005;0.000, 0.004, 0.000, 0.004
1559256332.462;502;0.003;0.000, 0.000, 0.000, 0.000
1559256332.464;502;0.002;0.004, 0.000, 0.000, 0.000
1559256332.465;502;0.001;0.000, 0.000, 0.000, 0.000
1559256332.471;502;0.005;0.000, 0.008, 0.000, 0.000
1559256332.474;502;0.003;0.000, 0.000, 0.000, 0.000
1559256332.476;502;0.001;0.000, 0.000, 0.000, 0.000
1559256332.478;502;0.001;0.000, 0.000, 0.000, 0.000
