[OVERALL], RunTime(ms), 52995
[OVERALL], Throughput(ops/sec), 1.2076611001037834
[TOTAL_GCS_G1_Young_Generation], Count, 1
[TOTAL_GC_TIME_G1_Young_Generation], Time(ms), 23
[TOTAL_GC_TIME_%_G1_Young_Generation], Time(%), 0.04340032078497971
[TOTAL_GCS_G1_Old_Generation], Count, 0
[TOTAL_GC_TIME_G1_Old_Generation], Time(ms), 0
[TOTAL_GC_TIME_%_G1_Old_Generation], Time(%), 0.0
[TOTAL_GCs], Count, 1
[TOTAL_GC_TIME], Time(ms), 23
[TOTAL_GC_TIME_%], Time(%), 0.04340032078497971
[READ], Operations, 64
[READ], AverageLatency(us), 820240.0
[READ], MinLatency(us), 716288
[READ], MaxLatency(us), 1018879
[READ], 95thPercentileLatency(us), 928767
[READ], 99thPercentileLatency(us), 936959
[READ], Return=OK, 64
[CLEANUP], Operations, 1
[CLEANUP], AverageLatency(us), 2.0
[CLEANUP], MinLatency(us), 2
[CLEANUP], MaxLatency(us), 2
[CLEANUP], 95thPercentileLatency(us), 2
[CLEANUP], 99thPercentileLatency(us), 2
