timestamp;status;request_time;upstream_response_time
1558515321.317;200;0.755;0.752
1558515322.087;200;0.732;0.732
1558515322.864;200;0.773;0.772
1558515323.702;200;0.835;0.836
1558515324.442;200;0.736;0.736
1558515325.181;200;0.734;0.732
1558515325.974;200;0.765;0.764
1558515326.790;200;0.812;0.812
1558515327.539;200;0.745;0.744
1558515328.254;200;0.705;0.708
1558515329.005;200;0.747;0.744
1558515329.822;200;0.813;0.812
1558515330.575;200;0.749;0.748
1558515331.314;200;0.733;0.732
1558515332.071;200;0.753;0.752
1558515332.911;200;0.837;0.836
1558515333.671;200;0.757;0.756
1558515334.383;200;0.708;0.708
1558515335.198;200;0.812;0.812
1558515336.007;200;0.803;0.804
1558515336.762;200;0.752;0.752
1558515337.473;200;0.708;0.704
1558515338.228;200;0.751;0.752
1558515339.054;200;0.823;0.824
1558515339.807;200;0.749;0.748
1558515340.542;200;0.731;0.732
1558515341.287;200;0.740;0.740
1558515342.134;200;0.842;0.844
1558515342.868;200;0.730;0.728
1558515343.599;200;0.727;0.728
1558515344.348;200;0.745;0.744
1558515345.192;200;0.841;0.840
1558515345.958;200;0.762;0.764
1558515346.712;200;0.750;0.748
1558515347.463;200;0.745;0.744
1558515348.292;200;0.826;0.824
1558515349.036;200;0.741;0.740
1558515349.731;200;0.691;0.692
1558515350.514;200;0.780;0.780
1558515351.376;200;0.857;0.856
1558515352.147;200;0.768;0.768
1558515352.859;200;0.709;0.708
1558515353.608;200;0.744;0.744
1558515354.424;200;0.813;0.812
1558515355.187;200;0.761;0.760
1558515355.898;200;0.707;0.708
1558515356.635;200;0.732;0.732
1558515357.453;200;0.815;0.816
1558515358.206;200;0.750;0.752
1558515358.947;200;0.738;0.740
1558515359.707;200;0.756;0.756
1558515360.542;200;0.832;0.832
1558515361.288;200;0.741;0.740
1558515362.029;200;0.738;0.740
1558515362.781;200;0.748;0.752
1558515363.636;200;0.851;0.848
1558515364.385;200;0.746;0.744
1558515365.111;200;0.723;0.724
1558515365.831;200;0.714;0.716
1558515366.642;200;0.808;0.808
1558515367.391;200;0.746;0.748
1558515368.113;200;0.718;0.716
1558515368.834;200;0.716;0.716
1558515369.669;200;0.826;0.824
1558515370.422;200;0.746;0.748
1558515371.153;200;0.725;0.724
1558515371.954;200;0.797;0.800
1558515372.777;200;0.820;0.820
1558515373.532;200;0.750;0.748
1558515374.257;200;0.722;0.724
1558515374.994;200;0.734;0.736
1558515375.828;200;0.831;0.832
1558515376.587;200;0.756;0.756
1558515377.308;200;0.716;0.716
1558515378.058;200;0.747;0.748
1558515378.879;200;0.817;0.816
1558515379.634;200;0.751;0.753
1558515380.353;200;0.714;0.712
1558515381.125;200;0.768;0.768
1558515381.952;200;0.823;0.824
1558515382.675;200;0.720;0.724
1558515383.420;200;0.742;0.744
1558515384.163;200;0.738;0.740
1558515385.000;200;0.829;0.832
1558515385.733;200;0.728;0.728
1558515386.460;200;0.722;0.724
1558515387.218;200;0.752;0.756
1558515388.067;200;0.845;0.848
1558515388.796;200;0.725;0.724
1558515389.543;200;0.744;0.748
1558515390.331;200;0.784;0.788
1558515391.145;200;0.809;0.816
1558515391.880;200;0.731;0.732
1558515392.614;200;0.731;0.736
1558515393.373;200;0.754;0.752
1558515394.233;200;0.858;0.864
1558515394.997;200;0.761;0.760
1558515395.714;200;0.713;0.720
1558515396.463;200;0.746;0.744
1558515397.315;200;0.849;0.852
1558515398.056;200;0.734;0.736
1558515398.799;200;0.740;0.744
1558515399.573;200;0.770;0.772
1558515400.407;200;0.831;0.836
1558515401.147;200;0.736;0.736
1558515401.887;200;0.736;0.740
1558515402.634;200;0.743;0.748
1558515403.484;200;0.846;0.848
1558515404.205;200;0.718;0.720
1558515404.954;200;0.727;0.732
1558515405.699;200;0.742;0.744
1558515406.553;200;0.851;0.856
1558515407.300;200;0.743;0.744
1558515407.999;200;0.696;0.700
1558515408.763;200;0.760;0.764
1558515409.577;200;0.811;0.816
1558515410.321;200;0.739;0.740
1558515411.061;200;0.736;0.740
1558515411.778;200;0.713;0.716
1558515412.625;200;0.843;0.844
1558515413.372;200;0.743;0.748
1558515414.118;200;0.744;0.744
1558515414.878;200;0.756;0.756
1558515415.706;200;0.825;0.832
1558515416.498;200;0.788;0.792
1558515417.226;200;0.725;0.728
1558515417.979;200;0.748;0.752
1558515418.782;200;0.799;0.804
1558515419.509;200;0.723;0.724
1558515420.275;200;0.763;0.768
1558515421.035;200;0.754;0.760
1558515421.906;200;0.868;0.872
1558515422.620;200;0.711;0.712
1558515423.350;200;0.726;0.732
1558515424.125;200;0.772;0.772
1558515424.947;200;0.817;0.820
1558515425.699;200;0.748;0.752
1558515426.430;200;0.728;0.732
1558515427.239;200;0.805;0.808
1558515428.048;200;0.806;0.808
1558515428.785;200;0.735;0.740
1558515429.513;200;0.725;0.724
1558515430.290;200;0.774;0.780
1558515431.098;200;0.803;0.808
1558515431.855;200;0.754;0.756
1558515432.583;200;0.725;0.728
1558515433.339;200;0.753;0.756
1558515434.176;200;0.834;0.836
1558515434.920;200;0.741;0.744
1558515435.683;200;0.760;0.760
1558515436.469;200;0.782;0.784
1558515437.282;200;0.809;0.816
1558515438.026;200;0.741;0.744
1558515438.755;200;0.725;0.728
1558515439.538;200;0.777;0.784
1558515440.334;200;0.794;0.796
1558515441.072;200;0.733;0.732
1558515441.813;200;0.738;0.740
1558515442.605;200;0.788;0.792
1558515443.409;200;0.802;0.804
1558515444.135;200;0.723;0.724
1558515444.868;200;0.729;0.728
1558515445.562;200;0.692;0.696
1558515446.380;200;0.815;0.812
1558515447.123;200;0.740;0.744
1558515447.853;200;0.727;0.728
1558515448.588;200;0.733;0.736
1558515449.454;200;0.861;0.868
1558515450.176;200;0.719;0.720
1558515450.902;200;0.722;0.728
1558515451.683;200;0.777;0.776
1558515452.489;200;0.803;0.804
1558515453.255;200;0.763;0.768
1558515453.982;200;0.724;0.728
1558515454.698;200;0.713;0.716
1558515455.513;200;0.811;0.812
1558515456.253;200;0.737;0.740
1558515456.991;200;0.736;0.740
1558515457.755;200;0.760;0.764
1558515458.572;200;0.814;0.816
1558515459.331;200;0.753;0.756
1558515460.045;200;0.711;0.712
1558515460.788;200;0.740;0.744
1558515461.617;200;0.823;0.824
1558515462.374;200;0.752;0.756
1558515463.184;200;0.808;0.804
1558515463.967;200;0.780;0.784
1558515464.790;200;0.819;0.820
1558515465.533;200;0.741;0.740
1558515466.265;200;0.729;0.732
1558515467.017;200;0.748;0.748
1558515467.844;200;0.824;0.828
1558515468.615;200;0.768;0.772
1558515469.321;200;0.703;0.704
1558515470.063;200;0.740;0.744
1558515470.886;200;0.819;0.824
1558515471.615;200;0.724;0.728
1558515472.377;200;0.760;0.760
1558515473.169;200;0.789;0.788
1558515474.001;200;0.828;0.828
1558515474.770;200;0.763;0.768
1558515475.499;200;0.726;0.728
1558515476.229;200;0.727;0.728
1558515477.032;200;0.801;0.804
1558515477.789;200;0.755;0.756
1558515478.523;200;0.731;0.736
1558515479.286;200;0.759;0.764
1558515480.091;200;0.802;0.804
1558515480.810;200;0.716;0.720
1558515481.542;200;0.727;0.728
1558515482.296;200;0.751;0.756
1558515483.143;200;0.844;0.844
1558515483.901;200;0.754;0.756
1558515484.620;200;0.716;0.720
1558515485.370;200;0.746;0.752
1558515486.175;200;0.801;0.800
1558515486.920;200;0.742;0.744
1558515487.625;200;0.702;0.704
1558515488.383;200;0.754;0.760
1558515489.212;200;0.826;0.824
1558515489.928;200;0.712;0.712
1558515490.652;200;0.721;0.724
1558515491.421;200;0.763;0.764
1558515492.254;200;0.829;0.832
1558515493.003;200;0.742;0.748
1558515493.758;200;0.752;0.756
1558515494.526;200;0.764;0.764
1558515495.347;200;0.819;0.824
1558515496.105;200;0.754;0.756
1558515496.846;200;0.737;0.740
1558515497.586;200;0.738;0.744
1558515498.406;200;0.817;0.820
1558515499.125;200;0.716;0.716
1558515499.885;200;0.758;0.756
1558515500.696;200;0.808;0.808
1558515501.524;200;0.823;0.820
1558515502.287;200;0.761;0.764
1558515503.029;200;0.738;0.740
1558515503.762;200;0.731;0.736
1558515504.598;200;0.832;0.832
1558515505.340;200;0.740;0.744
1558515506.062;200;0.719;0.724
1558515506.793;200;0.728;0.728
1558515507.617;200;0.822;0.824
1558515508.359;200;0.740;0.740
1558515509.108;200;0.746;0.748
1558515509.896;200;0.785;0.788
1558515510.767;200;0.868;0.872
1558515511.505;200;0.731;0.732
1558515512.209;200;0.702;0.700
1558515512.962;200;0.750;0.752
1558515513.798;200;0.832;0.836
1558515514.526;200;0.724;0.724
1558515515.285;200;0.755;0.756
1558515516.041;200;0.754;0.756
1558515516.870;200;0.826;0.828
1558515517.631;200;0.757;0.760
1558515518.362;200;0.727;0.728
1558515519.089;200;0.723;0.724
1558515519.907;200;0.814;0.816
1558515520.626;200;0.715;0.720
1558515521.346;200;0.716;0.720
1558515522.077;200;0.727;0.728
1558515522.901;200;0.822;0.824
1558515523.644;200;0.739;0.744
1558515524.377;200;0.729;0.732
1558515525.109;200;0.727;0.728
1558515525.918;200;0.805;0.808
1558515526.677;200;0.754;0.752
1558515527.405;200;0.722;0.724
1558515528.133;200;0.725;0.728
1558515528.959;200;0.821;0.824
1558515529.687;200;0.724;0.728
1558515530.446;200;0.757;0.760
1558515531.179;200;0.727;0.732
1558515532.048;200;0.865;0.868
1558515532.798;200;0.747;0.752
1558515533.523;200;0.722;0.724
1558515534.294;200;0.767;0.772
1558515535.144;200;0.846;0.848
1558515535.911;200;0.765;0.768
1558515536.697;200;0.783;0.784
1558515537.458;200;0.759;0.760
1558515538.276;200;0.815;0.820
1558515539.010;200;0.731;0.736
1558515539.741;200;0.725;0.724
1558515540.491;200;0.748;0.752
1558515541.368;200;0.865;0.868
1558515542.096;200;0.725;0.724
1558515542.822;200;0.723;0.724
1558515543.567;200;0.743;0.748
1558515544.421;200;0.851;0.852
1558515545.177;200;0.753;0.756
1558515545.918;200;0.736;0.736
1558515546.693;200;0.771;0.772
1558515547.498;200;0.800;0.804
1558515548.239;200;0.737;0.740
1558515548.999;200;0.757;0.760
1558515549.763;200;0.757;0.760
1558515550.574;200;0.809;0.812
1558515551.329;200;0.748;0.752
1558515552.078;200;0.747;0.748
1558515552.785;200;0.706;0.708
1558515553.613;200;0.826;0.828
1558515554.359;200;0.745;0.748
1558515555.054;200;0.694;0.692
1558515555.777;200;0.720;0.724
1558515556.618;200;0.838;0.844
1558515557.363;200;0.743;0.744
1558515558.073;200;0.707;0.708
1558515558.866;200;0.789;0.796
1558515559.674;200;0.805;0.804
1558515560.399;200;0.722;0.728
1558515561.124;200;0.720;0.724
1558515561.922;200;0.795;0.796
1558515562.722;200;0.796;0.796
1558515563.474;200;0.749;0.752
1558515564.216;200;0.738;0.740
1558515564.991;200;0.772;0.776
1558515565.818;200;0.822;0.824
1558515566.553;200;0.733;0.732
1558515567.295;200;0.737;0.740
1558515568.041;200;0.741;0.744
1558515568.848;200;0.802;0.804
1558515569.593;200;0.742;0.744
1558515570.325;200;0.728;0.728
1558515571.077;200;0.748;0.752
1558515571.953;200;0.873;0.876
1558515572.684;200;0.729;0.728
1558515573.403;200;0.716;0.720
1558515574.143;200;0.737;0.740
1558515574.931;200;0.785;0.788
1558515575.664;200;0.730;0.728
1558515576.386;200;0.719;0.724
1558515577.143;200;0.753;0.756
1558515577.945;200;0.800;0.800
1558515578.685;200;0.737;0.740
1558515579.390;200;0.703;0.708
1558515580.171;200;0.777;0.780
1558515581.011;200;0.834;0.836
1558515581.741;200;0.727;0.728
1558515582.481;200;0.738;0.740
1558515583.261;200;0.777;0.780
1558515584.082;200;0.818;0.820
1558515584.812;200;0.728;0.732
1558515585.555;200;0.741;0.744
1558515586.361;200;0.803;0.804
1558515587.210;200;0.847;0.852
1558515587.952;200;0.740;0.740
1558515588.694;200;0.737;0.736
1558515589.480;200;0.782;0.780
1558515590.303;200;0.820;0.824
1558515591.040;200;0.733;0.736
1558515591.781;200;0.739;0.740
1558515592.541;200;0.758;0.760
1558515593.380;200;0.837;0.840
1558515594.133;200;0.750;0.752
1558515594.857;200;0.721;0.724
1558515595.691;200;0.831;0.832
1558515596.498;200;0.803;0.808
1558515597.289;200;0.790;0.788
1558515598.016;200;0.722;0.724
1558515598.702;200;0.683;0.684
1558515599.510;200;0.805;0.808
1558515600.259;200;0.746;0.748
1558515600.960;200;0.694;0.696
1558515601.729;200;0.766;0.768
1558515602.573;200;0.836;0.840
1558515603.308;200;0.732;0.736
1558515604.044;200;0.725;0.728
1558515604.757;200;0.710;0.712
1558515605.548;200;0.788;0.788
1558515606.304;200;0.753;0.756
1558515607.044;200;0.737;0.740
1558515607.809;200;0.760;0.760
1558515608.617;200;0.804;0.808
1558515609.380;200;0.761;0.764
1558515610.143;200;0.761;0.764
1558515610.908;200;0.761;0.764
1558515611.720;200;0.810;0.812
1558515612.469;200;0.746;0.748
1558515613.242;200;0.770;0.772
1558515613.997;200;0.752;0.748
1558515614.799;200;0.798;0.800
1558515615.532;200;0.731;0.732
1558515616.242;200;0.707;0.708
1558515617.024;200;0.779;0.784
1558515617.828;200;0.802;0.804
1558515618.558;200;0.727;0.728
1558515619.285;200;0.724;0.728
1558515620.037;200;0.750;0.752
1558515620.829;200;0.790;0.792
1558515621.597;200;0.764;0.768
1558515622.315;200;0.716;0.720
1558515623.178;200;0.860;0.864
1558515624.071;200;0.890;0.892
1558515624.873;200;0.798;0.800
1558515625.648;200;0.773;0.776
1558515626.396;200;0.745;0.744
1558515627.274;200;0.875;0.876
1558515628.046;200;0.767;0.768
1558515628.794;200;0.745;0.744
1558515629.595;200;0.798;0.800
1558515630.429;200;0.827;0.824
1558515631.179;200;0.746;0.752
1558515631.922;200;0.739;0.740
1558515632.634;200;0.709;0.708
1558515633.521;200;0.884;0.888
1558515634.293;200;0.770;0.772
1558515635.026;200;0.731;0.732
1558515635.809;200;0.778;0.776
1558515636.667;200;0.856;0.860
1558515637.425;200;0.756;0.756
1558515638.189;200;0.762;0.764
1558515639.020;200;0.829;0.832
1558515639.847;200;0.825;0.828
1558515640.623;200;0.774;0.776
1558515641.371;200;0.744;0.748
1558515642.093;200;0.720;0.720
1558515642.921;200;0.826;0.828
1558515643.695;200;0.772;0.772
1558515644.444;200;0.745;0.748
1558515645.269;200;0.823;0.824
1558515646.135;200;0.864;0.868
1558515646.885;200;0.747;0.748
1558515647.641;200;0.752;0.756
1558515648.402;200;0.758;0.760
1558515649.229;200;0.824;0.828
1558515649.984;200;0.753;0.756
1558515650.691;200;0.704;0.708
1558515651.473;200;0.778;0.780
1558515652.269;200;0.794;0.796
1558515653.010;200;0.739;0.740
1558515653.751;200;0.738;0.744
1558515654.499;200;0.745;0.748
1558515655.315;200;0.812;0.816
1558515656.094;200;0.776;0.777
1558515656.803;200;0.705;0.708
1558515657.599;200;0.793;0.796
1558515658.427;200;0.824;0.824
1558515659.152;200;0.723;0.720
1558515659.870;200;0.713;0.720
1558515660.614;200;0.740;0.740
1558515661.456;200;0.838;0.840
1558515662.228;200;0.769;0.772
1558515662.930;200;0.699;0.700
1558515663.689;200;0.757;0.756
1558515664.510;200;0.818;0.820
1558515665.278;200;0.765;0.768
1558515665.985;200;0.703;0.704
1558515666.742;200;0.754;0.756
1558515667.570;200;0.825;0.824
1558515668.308;200;0.735;0.732
1558515669.029;200;0.718;0.720
1558515669.750;200;0.719;0.720
1558515670.617;200;0.865;0.868
1558515671.398;200;0.777;0.780
1558515672.172;200;0.772;0.776
1558515672.909;200;0.735;0.736
1558515673.741;200;0.830;0.832
1558515674.475;200;0.732;0.736
1558515675.196;200;0.719;0.716
1558515675.942;200;0.743;0.744
1558515676.762;200;0.817;0.816
1558515677.505;200;0.739;0.740
1558515678.209;200;0.702;0.704
1558515678.959;200;0.744;0.748
1558515679.809;200;0.846;0.848
1558515680.530;200;0.718;0.724
1558515681.263;200;0.728;0.732
1558515682.018;200;0.752;0.752
1558515682.838;200;0.817;0.816
1558515683.575;200;0.734;0.740
1558515684.307;200;0.729;0.732
1558515685.029;200;0.720;0.720
1558515685.851;200;0.818;0.820
1558515686.597;200;0.744;0.744
1558515687.321;200;0.723;0.724
1558515688.118;200;0.796;0.796
1558515688.919;200;0.797;0.800
1558515689.648;200;0.726;0.728
1558515690.382;200;0.731;0.732
1558515691.143;200;0.757;0.756
1558515691.953;200;0.807;0.808
1558515692.688;200;0.731;0.736
1558515693.394;200;0.703;0.704
1558515694.147;200;0.748;0.752
1558515694.968;200;0.818;0.820
1558515695.700;200;0.730;0.728
1558515696.435;200;0.733;0.736
1558515697.162;200;0.723;0.724
1558515697.982;200;0.816;0.816
1558515698.751;200;0.767;0.772
1558515699.475;200;0.721;0.724
1558515700.261;200;0.783;0.784
1558515701.088;200;0.823;0.828
1558515701.838;200;0.747;0.752
1558515702.569;200;0.728;0.728
1558515703.332;200;0.759;0.760
1558515704.149;200;0.815;0.816
1558515704.885;200;0.732;0.736
1558515705.629;200;0.742;0.744
1558515706.378;200;0.746;0.748
1558515707.192;200;0.810;0.812
1558515707.917;200;0.722;0.720
1558515708.646;200;0.727;0.728
1558515709.431;200;0.783;0.788
1558515710.258;200;0.824;0.824
1558515711.000;200;0.739;0.740
1558515711.747;200;0.744;0.748
1558515712.554;200;0.803;0.804
1558515713.364;200;0.805;0.808
1558515714.115;200;0.748;0.752
1558515714.810;200;0.692;0.692
1558515715.567;200;0.752;0.752
1558515716.401;200;0.831;0.832
1558515717.122;200;0.719;0.720
1558515717.862;200;0.737;0.740
1558515718.627;200;0.762;0.764
1558515719.439;200;0.809;0.812
1558515720.241;200;0.799;0.800
1558515721.004;200;0.759;0.760
1558515721.786;200;0.779;0.780
1558515722.623;200;0.835;0.840
1558515723.389;200;0.759;0.760
1558515724.059;200;0.666;0.672
1558515724.806;200;0.743;0.744
1558515725.616;200;0.807;0.804
1558515726.363;200;0.743;0.748
1558515727.022;200;0.656;0.656
1558515727.786;200;0.759;0.760
1558515728.624;200;0.833;0.836
1558515729.394;200;0.768;0.768
1558515730.118;200;0.723;0.724
1558515730.914;200;0.794;0.796
1558515731.734;200;0.817;0.820
1558515732.494;200;0.758;0.760
1558515733.245;200;0.748;0.752
1558515733.962;200;0.715;0.716
1558515734.776;200;0.812;0.816
1558515735.514;200;0.736;0.736
1558515736.239;200;0.721;0.724
1558515736.979;200;0.738;0.736
1558515737.780;200;0.797;0.800
1558515738.528;200;0.746;0.748
1558515739.264;200;0.734;0.736
1558515739.967;200;0.701;0.700
1558515740.795;200;0.825;0.824
1558515741.549;200;0.750;0.752
1558515742.290;200;0.738;0.740
1558515743.058;200;0.765;0.764
1558515743.857;200;0.796;0.800
1558515744.614;200;0.753;0.756
1558515745.341;200;0.724;0.728
1558515746.091;200;0.746;0.752
1558515746.894;200;0.801;0.800
1558515747.651;200;0.754;0.756
1558515748.418;200;0.765;0.764
1558515749.156;200;0.735;0.736
1558515749.966;200;0.808;0.808
1558515750.711;200;0.742;0.744
1558515751.436;200;0.721;0.724
1558515752.213;200;0.774;0.776
1558515753.034;200;0.818;0.820
1558515753.798;200;0.759;0.760
1558515754.529;200;0.729;0.732
1558515755.317;200;0.786;0.788
1558515756.137;200;0.818;0.820
1558515756.912;200;0.773;0.772
1558515757.652;200;0.738;0.740
1558515758.407;200;0.752;0.756
1558515759.233;200;0.822;0.824
1558515759.980;200;0.745;0.744
1558515760.689;200;0.706;0.708
1558515761.450;200;0.754;0.756
1558515762.306;200;0.854;0.856
1558515763.061;200;0.751;0.752
1558515763.798;200;0.735;0.736
1558515764.593;200;0.791;0.792
1558515765.402;200;0.807;0.808
1558515766.150;200;0.745;0.748
1558515766.877;200;0.724;0.728
1558515767.625;200;0.745;0.748
1558515768.433;200;0.806;0.808
1558515769.163;200;0.729;0.728
1558515769.929;200;0.762;0.764
1558515770.739;200;0.808;0.808
1558515771.621;200;0.877;0.880
1558515772.390;200;0.767;0.768
1558515773.108;200;0.715;0.716
1558515773.921;200;0.811;0.808
1558515774.723;200;0.800;0.804
1558515775.507;200;0.781;0.780
1558515776.233;200;0.723;0.724
1558515776.971;200;0.736;0.736
1558515777.795;200;0.822;0.824
1558515778.544;200;0.745;0.748
1558515779.285;200;0.738;0.740
1558515780.055;200;0.766;0.764
1558515780.840;200;0.783;0.784
1558515781.604;200;0.759;0.760
1558515782.342;200;0.736;0.736
1558515783.125;200;0.780;0.780
1558515783.926;200;0.798;0.800
1558515784.662;200;0.733;0.736
1558515785.398;200;0.734;0.736
1558515786.141;200;0.739;0.740
1558515786.928;200;0.785;0.788
1558515787.657;200;0.727;0.728
1558515788.367;200;0.708;0.712
1558515789.133;200;0.763;0.764
1558515789.941;200;0.806;0.808
1558515790.731;200;0.788;0.792
1558515791.489;200;0.754;0.756
1558515792.247;200;0.756;0.760
1558515793.095;200;0.845;0.844
1558515793.851;200;0.754;0.752
1558515794.596;200;0.743;0.748
1558515795.356;200;0.758;0.760
1558515796.138;200;0.778;0.780
1558515796.895;200;0.754;0.752
1558515797.637;200;0.740;0.744
1558515798.409;200;0.769;0.772
1558515799.291;200;0.876;0.876
1558515800.052;200;0.759;0.760
1558515800.784;200;0.729;0.732
1558515801.625;200;0.837;0.840
1558515802.427;200;0.800;0.800
1558515803.185;200;0.756;0.756
1558515803.898;200;0.710;0.712
1558515804.689;200;0.788;0.792
1558515805.497;200;0.806;0.804
1558515806.252;200;0.753;0.756
1558515806.994;200;0.740;0.740
1558515807.700;200;0.704;0.704
1558515808.508;200;0.806;0.804
1558515809.234;200;0.724;0.724
1558515809.952;200;0.715;0.720
1558515810.722;200;0.768;0.768
1558515811.523;200;0.797;0.796
1558515812.274;200;0.747;0.748
1558515813.008;200;0.731;0.732
1558515813.750;200;0.739;0.740
1558515814.625;200;0.872;0.876
1558515815.377;200;0.750;0.752
1558515816.098;200;0.719;0.720
1558515816.889;200;0.786;0.788
1558515817.673;200;0.781;0.784
1558515818.409;200;0.734;0.736
1558515819.129;200;0.718;0.720
1558515819.866;200;0.735;0.736
1558515820.718;200;0.849;0.848
1558515821.482;200;0.761;0.764
1558515822.222;200;0.735;0.736
1558515822.981;200;0.755;0.756
1558515823.796;200;0.812;0.816
1558515824.519;200;0.720;0.720
1558515825.269;200;0.747;0.748
1558515826.033;200;0.761;0.764
1558515826.831;200;0.795;0.796
1558515827.576;200;0.743;0.744
1558515828.298;200;0.719;0.720
1558515829.045;200;0.744;0.748
1558515829.879;200;0.831;0.832
1558515830.614;200;0.733;0.736
1558515831.381;200;0.763;0.764
1558515832.215;200;0.832;0.836
1558515833.045;200;0.825;0.828
1558515833.783;200;0.736;0.736
1558515834.553;200;0.767;0.768
1558515835.213;200;0.658;0.660
1558515836.055;200;0.840;0.844
1558515836.821;200;0.763;0.764
1558515837.556;200;0.733;0.732
1558515838.324;200;0.753;0.756
1558515839.133;200;0.806;0.808
1558515839.874;200;0.739;0.740
1558515840.605;200;0.727;0.728
1558515841.348;200;0.741;0.744
1558515842.173;200;0.822;0.820
1558515842.932;200;0.757;0.756
1558515843.701;200;0.766;0.768
1558515844.442;200;0.739;0.740
1558515845.269;200;0.825;0.824
1558515846.008;200;0.737;0.736
1558515846.711;200;0.701;0.700
1558515847.478;200;0.765;0.768
1558515848.293;200;0.812;0.816
1558515849.033;200;0.739;0.740
1558515849.759;200;0.721;0.720
1558515850.502;200;0.740;0.740
1558515851.306;200;0.798;0.800
1558515852.073;200;0.766;0.768
1558515852.824;200;0.749;0.752
1558515853.559;200;0.732;0.732
1558515854.367;200;0.805;0.804
1558515855.096;200;0.728;0.732
1558515855.799;200;0.701;0.700
1558515856.541;200;0.740;0.744
1558515857.353;200;0.810;0.812
1558515858.081;200;0.723;0.724
1558515858.837;200;0.754;0.756
1558515859.600;200;0.761;0.764
1558515860.402;200;0.800;0.800
1558515861.161;200;0.756;0.756
1558515861.862;200;0.699;0.700
1558515862.636;200;0.770;0.768
1558515863.450;200;0.812;0.812
1558515864.195;200;0.742;0.744
1558515864.922;200;0.725;0.724
1558515865.673;200;0.748;0.752
1558515866.488;200;0.813;0.816
1558515867.255;200;0.765;0.764
1558515868.001;200;0.743;0.740
1558515868.746;200;0.743;0.744
1558515869.561;200;0.812;0.816
1558515870.279;200;0.715;0.720
1558515871.039;200;0.757;0.756
1558515871.751;200;0.709;0.712
1558515872.568;200;0.814;0.816
1558515873.299;200;0.728;0.732
1558515874.076;200;0.772;0.772
1558515874.811;200;0.733;0.732
1558515875.623;200;0.809;0.812
1558515876.355;200;0.729;0.732
1558515877.120;200;0.761;0.764
1558515877.881;200;0.757;0.760
1558515878.672;200;0.785;0.788
1558515879.413;200;0.739;0.740
1558515880.148;200;0.733;0.732
1558515880.878;200;0.725;0.724
1558515881.744;200;0.863;0.864
1558515882.494;200;0.748;0.748
1558515883.242;200;0.744;0.744
1558515884.034;200;0.790;0.792
1558515884.863;200;0.825;0.824
1558515885.599;200;0.733;0.732
1558515886.329;200;0.727;0.728
1558515887.073;200;0.742;0.744
1558515887.893;200;0.818;0.816
1558515888.662;200;0.767;0.768
1558515889.392;200;0.727;0.732
1558515890.170;200;0.776;0.776
1558515890.975;200;0.800;0.800
1558515891.716;200;0.739;0.740
1558515892.487;200;0.769;0.768
1558515893.244;200;0.754;0.756
1558515894.078;200;0.832;0.832
1558515894.829;200;0.748;0.752
1558515895.599;200;0.768;0.768
1558515896.343;200;0.741;0.740
1558515897.159;200;0.813;0.816
1558515897.908;200;0.746;0.748
1558515898.620;200;0.709;0.712
1558515899.370;200;0.747;0.748
1558515900.182;200;0.809;0.812
1558515900.881;200;0.695;0.696
1558515901.594;200;0.710;0.712
1558515902.375;200;0.778;0.776
1558515903.213;200;0.835;0.836
1558515903.985;200;0.768;0.772
1558515904.725;200;0.737;0.740
1558515905.491;200;0.762;0.764
1558515906.293;200;0.798;0.800
1558515907.024;200;0.729;0.732
1558515907.756;200;0.727;0.728
1558515908.514;200;0.755;0.756
1558515909.310;200;0.792;0.792
1558515910.060;200;0.746;0.748
1558515910.818;200;0.755;0.756
1558515911.598;200;0.776;0.776
1558515912.433;200;0.833;0.836
1558515913.195;200;0.760;0.760
1558515913.914;200;0.716;0.716
1558515914.702;200;0.786;0.788
1558515915.501;200;0.795;0.796
1558515916.246;200;0.742;0.744
1558515916.978;200;0.728;0.728
1558515917.707;200;0.727;0.728
1558515918.565;200;0.856;0.856
1558515919.308;200;0.741;0.744
1558515920.034;200;0.724;0.724
1558515920.778;200;0.742;0.744
1558515921.583;200;0.801;0.800
1558515922.312;200;0.727;0.728
1558515923.022;200;0.708;0.708
1558515923.762;200;0.737;0.740
1558515924.588;200;0.823;0.820
1558515925.355;200;0.764;0.764
1558515926.124;200;0.767;0.768
1558515926.857;200;0.731;0.732
1558515927.687;200;0.828;0.828
1558515928.407;200;0.718;0.716
1558515929.147;200;0.738;0.736
1558515929.916;200;0.766;0.764
1558515930.742;200;0.823;0.824
1558515931.500;200;0.754;0.752
1558515932.257;200;0.754;0.756
1558515933.041;200;0.780;0.784
1558515933.916;200;0.871;0.872
1558515934.661;200;0.739;0.736
1558515935.380;200;0.715;0.720
1558515936.113;200;0.730;0.732
1558515936.985;200;0.869;0.873
1558515937.750;200;0.762;0.764
1558515938.511;200;0.759;0.760
1558515939.280;200;0.765;0.768
1558515940.147;200;0.865;0.864
1558515940.880;200;0.730;0.728
1558515941.650;200;0.768;0.768
1558515942.438;200;0.784;0.784
1558515943.266;200;0.826;0.828
1558515943.999;200;0.730;0.732
1558515944.771;200;0.769;0.768
1558515945.515;200;0.741;0.740
1558515946.341;200;0.823;0.820
1558515947.086;200;0.743;0.744
1558515947.797;200;0.708;0.712
1558515948.565;200;0.766;0.768
1558515949.385;200;0.817;0.820
1558515950.125;200;0.738;0.736
1558515950.861;200;0.733;0.736
1558515951.612;200;0.749;0.752
1558515952.417;200;0.803;0.804
1558515953.174;200;0.755;0.756
1558515953.934;200;0.756;0.756
1558515954.680;200;0.744;0.748
1558515955.547;200;0.864;0.864
1558515956.314;200;0.764;0.764
1558515957.074;200;0.757;0.760
1558515957.803;200;0.727;0.728
1558515958.605;200;0.799;0.800
1558515959.370;200;0.762;0.764
1558515960.102;200;0.729;0.728
1558515960.834;200;0.729;0.728
1558515961.652;200;0.813;0.816
1558515962.404;200;0.750;0.748
1558515963.109;200;0.702;0.704
1558515963.887;200;0.776;0.776
1558515964.727;200;0.834;0.836
1558515965.496;200;0.767;0.768
1558515966.229;200;0.731;0.732
1558515966.966;200;0.735;0.736
1558515967.770;200;0.801;0.804
1558515968.542;200;0.770;0.772
1558515969.265;200;0.721;0.724
1558515970.032;200;0.764;0.764
1558515970.875;200;0.840;0.840
1558515971.631;200;0.752;0.752
1558515972.363;200;0.730;0.732
1558515973.115;200;0.748;0.748
1558515973.923;200;0.805;0.804
1558515974.673;200;0.747;0.748
1558515975.386;200;0.711;0.712
1558515976.137;200;0.747;0.748
1558515976.952;200;0.813;0.816
1558515977.703;200;0.749;0.752
1558515978.436;200;0.731;0.728
1558515979.166;200;0.727;0.728
1558515979.977;200;0.809;0.812
1558515980.731;200;0.752;0.752
1558515981.463;200;0.727;0.728
1558515982.337;200;0.871;0.872
1558515983.133;200;0.794;0.796
1558515983.862;200;0.727;0.728
1558515984.635;200;0.770;0.768
1558515985.385;200;0.747;0.748
1558515986.204;200;0.817;0.820
1558515986.971;200;0.765;0.764
1558515987.684;200;0.710;0.712
1558515988.417;200;0.731;0.732
1558515989.226;200;0.806;0.808
1558515989.983;200;0.755;0.756
1558515990.713;200;0.728;0.724
1558515991.457;200;0.741;0.744
1558515992.278;200;0.819;0.820
1558515993.009;200;0.726;0.724
1558515993.727;200;0.716;0.716
1558515994.469;200;0.739;0.740
1558515995.277;200;0.805;0.808
1558515996.008;200;0.729;0.728
1558515996.702;200;0.692;0.692
1558515997.466;200;0.761;0.764
1558515998.329;200;0.861;0.864
1558515999.073;200;0.740;0.744
1558515999.802;200;0.726;0.728
1558516000.546;200;0.742;0.744
1558516001.358;200;0.809;0.812
1558516002.104;200;0.742;0.744
1558516002.838;200;0.732;0.732
1558516003.593;200;0.751;0.748
1558516004.414;200;0.819;0.820
1558516005.153;200;0.736;0.740
1558516005.901;200;0.744;0.744
1558516006.681;200;0.777;0.780
1558516007.527;200;0.842;0.844
1558516008.247;200;0.716;0.716
1558516008.969;200;0.720;0.724
1558516009.751;200;0.780;0.780
1558516010.558;200;0.805;0.808
1558516011.313;200;0.749;0.752
1558516012.085;200;0.770;0.772
1558516012.861;200;0.774;0.776
1558516013.702;200;0.839;0.840
1558516014.450;200;0.747;0.748
1558516015.182;200;0.730;0.732
1558516015.961;200;0.777;0.780
1558516016.763;200;0.798;0.800
1558516017.541;200;0.775;0.772
1558516018.272;200;0.729;0.732
1558516019.021;200;0.747;0.744
1558516019.836;200;0.812;0.816
1558516020.562;200;0.724;0.724
1558516021.300;200;0.733;0.736
1558516022.058;200;0.756;0.756
1558516022.899;200;0.838;0.840
1558516023.620;200;0.719;0.724
1558516024.349;200;0.726;0.728
1558516025.095;200;0.744;0.744
1558516025.900;200;0.803;0.808
1558516026.680;200;0.778;0.780
1558516027.397;200;0.715;0.716
1558516028.144;200;0.744;0.748
1558516028.991;200;0.845;0.844
1558516029.715;200;0.721;0.720
1558516030.426;200;0.708;0.708
1558516031.159;200;0.727;0.728
1558516031.941;200;0.780;0.784
1558516032.681;200;0.738;0.740
1558516033.401;200;0.717;0.720
1558516034.169;200;0.766;0.768
1558516034.984;200;0.812;0.816
1558516035.768;200;0.782;0.780
1558516036.556;200;0.785;0.784
1558516037.307;200;0.748;0.748
1558516038.129;200;0.820;0.824
1558516038.854;200;0.723;0.724
1558516039.574;200;0.718;0.720
1558516040.320;200;0.743;0.748
1558516041.116;200;0.792;0.792
1558516041.845;200;0.728;0.728
1558516042.560;200;0.713;0.712
1558516043.315;200;0.753;0.752
1558516044.138;200;0.820;0.820
1558516044.876;200;0.736;0.740
1558516045.595;200;0.716;0.716
1558516046.348;200;0.751;0.748
1558516047.160;200;0.810;0.812
1558516047.905;200;0.743;0.744
1558516048.653;200;0.746;0.748
1558516049.418;200;0.762;0.764
1558516050.223;200;0.801;0.800
1558516050.967;200;0.741;0.740
1558516051.714;200;0.744;0.744
1558516052.450;200;0.733;0.736
1558516053.288;200;0.835;0.840
1558516054.030;200;0.740;0.740
1558516054.761;200;0.728;0.732
1558516055.510;200;0.748;0.748
1558516056.307;200;0.793;0.792
1558516057.060;200;0.750;0.752
1558516057.807;200;0.744;0.744
1558516058.477;200;0.667;0.668
1558516059.326;200;0.847;0.848
1558516060.057;200;0.728;0.728
1558516060.786;200;0.728;0.728
1558516061.530;200;0.741;0.740
1558516062.345;200;0.810;0.812
1558516063.082;200;0.733;0.736
1558516063.807;200;0.723;0.724
1558516064.557;200;0.748;0.752
1558516065.366;200;0.807;0.808
1558516066.104;200;0.736;0.740
1558516066.842;200;0.736;0.736
1558516067.601;200;0.756;0.760
1558516068.439;200;0.834;0.836
1558516069.201;200;0.760;0.760
1558516069.918;200;0.714;0.716
1558516070.636;200;0.715;0.712
1558516071.479;200;0.839;0.840
1558516072.212;200;0.731;0.736
1558516072.951;200;0.736;0.736
1558516073.730;200;0.775;0.776
1558516074.554;200;0.820;0.820
1558516075.245;200;0.688;0.688
1558516075.983;200;0.734;0.736
1558516076.746;200;0.760;0.760
1558516077.605;200;0.856;0.852
1558516078.353;200;0.746;0.744
1558516079.072;200;0.717;0.720
1558516079.832;200;0.758;0.760
1558516080.666;200;0.826;0.828
1558516081.397;200;0.728;0.728
1558516082.115;200;0.716;0.716
1558516082.908;200;0.789;0.792
1558516083.733;200;0.823;0.820
1558516084.508;200;0.774;0.776
1558516085.224;200;0.714;0.716
1558516086.012;200;0.786;0.784
1558516086.850;200;0.836;0.836
1558516087.629;200;0.773;0.772
1558516088.362;200;0.731;0.732
1558516089.115;200;0.749;0.748
1558516089.946;200;0.829;0.832
1558516090.709;200;0.760;0.760
1558516091.434;200;0.722;0.724
1558516092.200;200;0.764;0.764
1558516093.014;200;0.812;0.812
1558516093.741;200;0.724;0.728
1558516094.515;200;0.772;0.772
1558516095.265;200;0.748;0.748
1558516096.087;200;0.820;0.820
1558516096.817;200;0.727;0.728
1558516097.531;200;0.711;0.712
1558516098.267;200;0.733;0.732
1558516099.085;200;0.815;0.816
1558516099.861;200;0.774;0.776
1558516100.609;200;0.744;0.748
1558516101.397;200;0.785;0.788
1558516102.223;200;0.824;0.824
1558516102.938;200;0.711;0.712
1558516103.663;200;0.723;0.724
1558516104.422;200;0.756;0.756
1558516105.249;200;0.824;0.828
1558516106.044;200;0.791;0.788
1558516106.746;200;0.700;0.700
1558516107.498;200;0.749;0.752
1558516108.309;200;0.808;0.812
1558516109.057;200;0.747;0.748
1558516109.820;200;0.761;0.764
1558516110.606;200;0.784;0.784
1558516111.453;200;0.844;0.848
1558516112.222;200;0.767;0.768
1558516112.949;200;0.723;0.724
1558516113.685;200;0.734;0.736
1558516114.476;200;0.790;0.788
1558516115.225;200;0.747;0.748
1558516115.966;200;0.738;0.740
1558516116.761;200;0.793;0.792
1558516117.578;200;0.815;0.816
1558516118.348;200;0.769;0.768
1558516119.079;200;0.728;0.728
1558516119.826;200;0.745;0.748
1558516120.672;200;0.842;0.840
1558516121.438;200;0.763;0.764
1558516122.195;200;0.754;0.756
1558516122.952;200;0.754;0.752
1558516123.762;200;0.805;0.808
1558516124.500;200;0.735;0.736
1558516125.237;200;0.735;0.732
1558516125.981;200;0.742;0.744
1558516126.825;200;0.842;0.844
1558516127.594;200;0.766;0.768
1558516128.322;200;0.726;0.728
1558516129.038;200;0.712;0.712
1558516129.875;200;0.834;0.832
1558516130.612;200;0.735;0.736
1558516131.374;200;0.759;0.760
1558516132.154;200;0.777;0.780
1558516132.988;200;0.831;0.832
1558516133.740;200;0.750;0.748
1558516134.482;200;0.740;0.740
1558516135.269;200;0.783;0.784
1558516136.093;200;0.820;0.824
1558516136.847;200;0.741;0.740
1558516137.615;200;0.766;0.764
1558516138.380;200;0.763;0.760
1558516139.193;200;0.810;0.808
1558516139.925;200;0.730;0.732
1558516140.670;200;0.743;0.744
1558516141.438;200;0.765;0.764
1558516142.245;200;0.803;0.800
1558516142.979;200;0.733;0.732
1558516143.689;200;0.708;0.712
1558516144.425;200;0.733;0.736
1558516145.226;200;0.797;0.800
1558516145.978;200;0.749;0.752
1558516146.711;200;0.731;0.732
1558516147.463;200;0.749;0.748
1558516148.297;200;0.831;0.832
1558516149.103;200;0.804;0.804
1558516149.812;200;0.708;0.712
1558516150.579;200;0.765;0.764
1558516151.399;200;0.816;0.816
1558516152.153;200;0.752;0.752
1558516152.871;200;0.716;0.716
1558516153.627;200;0.753;0.752
1558516154.456;200;0.826;0.828
1558516155.212;200;0.754;0.752
1558516155.946;200;0.733;0.732
1558516156.704;200;0.757;0.760
1558516157.542;200;0.836;0.836
1558516158.265;200;0.721;0.724
1558516159.021;200;0.754;0.756
1558516159.773;200;0.750;0.752
1558516160.582;200;0.807;0.808
1558516161.336;200;0.751;0.752
1558516162.038;200;0.700;0.700
1558516162.834;200;0.793;0.796
1558516163.650;200;0.813;0.812
1558516164.375;200;0.718;0.720
1558516165.100;200;0.723;0.728
1558516165.844;200;0.742;0.744
1558516166.656;200;0.810;0.808
1558516167.402;200;0.745;0.748
1558516168.136;200;0.732;0.736
1558516168.881;200;0.743;0.740
1558516169.682;200;0.799;0.800
1558516170.423;200;0.738;0.740
1558516171.139;200;0.713;0.712
1558516171.945;200;0.804;0.800
1558516172.756;200;0.810;0.812
1558516173.480;200;0.723;0.720
1558516174.205;200;0.723;0.720
1558516174.964;200;0.758;0.756
1558516175.787;200;0.821;0.820
1558516176.552;200;0.764;0.764
1558516177.281;200;0.727;0.728
1558516178.038;200;0.755;0.756
1558516178.860;200;0.819;0.824
1558516179.602;200;0.740;0.740
1558516180.354;200;0.750;0.752
1558516181.107;200;0.749;0.748
1558516181.932;200;0.822;0.820
1558516182.658;200;0.724;0.724
1558516183.400;200;0.739;0.736
1558516184.141;200;0.739;0.740
1558516184.981;200;0.838;0.840
1558516185.712;200;0.729;0.732
1558516186.442;200;0.728;0.728
1558516187.199;200;0.755;0.756
1558516188.019;200;0.818;0.820
1558516188.761;200;0.740;0.744
1558516189.525;200;0.762;0.764
1558516190.282;200;0.755;0.756
1558516191.091;200;0.806;0.804
1558516191.810;200;0.717;0.720
1558516192.526;200;0.714;0.716
1558516193.323;200;0.794;0.792
1558516194.150;200;0.823;0.824
1558516194.904;200;0.752;0.752
1558516195.630;200;0.724;0.724
1558516196.411;200;0.778;0.776
1558516197.218;200;0.804;0.804
1558516197.952;200;0.732;0.732
1558516198.707;200;0.754;0.752
1558516199.444;200;0.735;0.736
1558516200.279;200;0.833;0.832
1558516201.015;200;0.734;0.732
1558516201.730;200;0.712;0.712
1558516202.491;200;0.758;0.760
1558516203.316;200;0.822;0.824
1558516204.052;200;0.734;0.732
1558516204.797;200;0.743;0.740
1558516205.534;200;0.735;0.736
1558516206.325;200;0.789;0.792
1558516207.076;200;0.749;0.748
1558516207.808;200;0.730;0.732
1558516208.537;200;0.726;0.724
1558516209.355;200;0.817;0.816
1558516210.118;200;0.761;0.764
1558516210.833;200;0.712;0.716
1558516211.583;200;0.748;0.748
1558516212.407;200;0.822;0.824
1558516213.166;200;0.757;0.756
1558516213.908;200;0.740;0.740
1558516214.668;200;0.758;0.756
1558516215.477;200;0.807;0.808
1558516216.216;200;0.738;0.736
1558516216.948;200;0.730;0.732
1558516217.691;200;0.741;0.740
1558516218.514;200;0.820;0.820
1558516219.280;200;0.764;0.764
1558516220.058;200;0.776;0.776
1558516220.801;200;0.741;0.744
1558516221.630;200;0.826;0.829
1558516222.395;200;0.763;0.764
1558516223.123;200;0.725;0.724
1558516223.910;200;0.784;0.784
1558516224.764;200;0.852;0.852
1558516225.513;200;0.748;0.748
1558516226.242;200;0.728;0.728
1558516226.984;200;0.740;0.740
1558516227.805;200;0.819;0.820
1558516228.574;200;0.767;0.768
1558516229.329;200;0.753;0.756
1558516230.120;200;0.789;0.788
1558516230.931;200;0.809;0.808
1558516231.684;200;0.750;0.748
1558516232.416;200;0.730;0.728
1558516233.165;200;0.747;0.748
1558516233.990;200;0.823;0.824
1558516234.752;200;0.760;0.760
1558516235.519;200;0.765;0.764
1558516236.260;200;0.736;0.736
1558516237.075;200;0.814;0.812
1558516237.819;200;0.742;0.740
1558516238.538;200;0.716;0.716
1558516239.270;200;0.730;0.732
1558516240.129;200;0.857;0.856
1558516240.864;200;0.730;0.728
1558516241.615;200;0.750;0.748
1558516242.369;200;0.753;0.756
1558516243.194;200;0.823;0.824
1558516243.916;200;0.720;0.720
1558516244.660;200;0.742;0.740
1558516245.470;200;0.808;0.808
1558516246.306;200;0.834;0.836
1558516247.045;200;0.737;0.740
1558516247.757;200;0.709;0.712
1558516248.526;200;0.766;0.768
1558516249.345;200;0.816;0.816
1558516250.089;200;0.741;0.744
1558516250.853;200;0.762;0.764
1558516251.603;200;0.746;0.748
1558516252.466;200;0.860;0.860
1558516253.207;200;0.738;0.740
1558516253.936;200;0.726;0.724
1558516254.646;200;0.708;0.708
1558516255.487;200;0.838;0.840
1558516256.254;200;0.764;0.764
1558516257.024;200;0.769;0.768
1558516257.782;200;0.756;0.756
1558516258.604;200;0.820;0.820
1558516259.341;200;0.735;0.736
1558516260.062;200;0.718;0.720
1558516260.821;200;0.756;0.760
1558516261.621;200;0.797;0.800
1558516262.353;200;0.730;0.732
1558516263.100;200;0.745;0.744
1558516263.842;200;0.741;0.744
1558516264.684;200;0.840;0.840
1558516265.423;200;0.738;0.736
1558516266.121;200;0.696;0.700
1558516266.890;200;0.767;0.768
1558516267.710;200;0.818;0.820
1558516268.440;200;0.727;0.728
1558516269.162;200;0.721;0.720
1558516269.862;200;0.698;0.700
1558516270.694;200;0.830;0.832
1558516271.483;200;0.785;0.784
1558516272.250;200;0.764;0.764
1558516272.986;200;0.733;0.736
1558516273.828;200;0.840;0.840
1558516274.562;200;0.733;0.732
1558516275.309;200;0.745;0.748
1558516276.078;200;0.766;0.768
1558516276.880;200;0.800;0.800
1558516277.605;200;0.724;0.728
1558516278.323;200;0.715;0.716
1558516279.098;200;0.772;0.772
1558516279.909;200;0.809;0.812
1558516280.664;200;0.753;0.752
1558516281.411;200;0.744;0.744
1558516282.233;200;0.820;0.824
1558516283.075;200;0.840;0.840
1558516283.816;200;0.737;0.736
1558516284.580;200;0.762;0.760
1558516285.377;200;0.795;0.796
1558516286.193;200;0.814;0.816
1558516286.927;200;0.732;0.732
1558516287.668;200;0.737;0.736
1558516288.432;200;0.762;0.760
1558516289.273;200;0.839;0.836
1558516289.990;200;0.715;0.716
1558516290.714;200;0.722;0.724
1558516291.454;200;0.737;0.736
1558516292.271;200;0.815;0.816
1558516293.008;200;0.736;0.736
1558516293.718;200;0.708;0.708
1558516294.515;200;0.794;0.796
1558516295.353;200;0.836;0.836
1558516296.089;200;0.733;0.736
1558516296.828;200;0.736;0.736
1558516297.608;200;0.778;0.776
1558516298.428;200;0.818;0.816
1558516299.177;200;0.747;0.748
1558516299.872;200;0.693;0.692
1558516300.631;200;0.757;0.756
1558516301.536;200;0.901;0.900
1558516302.258;200;0.721;0.720
1558516302.985;200;0.725;0.728
1558516303.734;200;0.746;0.748
1558516304.559;200;0.824;0.824
1558516305.287;200;0.726;0.728
1558516306.004;200;0.715;0.716
1558516306.700;200;0.694;0.692
1558516307.513;200;0.812;0.812
1558516308.260;200;0.745;0.744
1558516308.997;200;0.735;0.732
1558516309.745;200;0.747;0.748
1558516310.594;200;0.845;0.848
1558516311.328;200;0.731;0.732
1558516312.059;200;0.729;0.728
1558516312.826;200;0.764;0.764
1558516313.646;200;0.818;0.820
1558516314.393;200;0.745;0.748
1558516315.121;200;0.725;0.728
1558516315.853;200;0.729;0.732
1558516316.796;200;0.939;0.940
1558516317.536;200;0.734;0.732
1558516318.268;200;0.728;0.728
1558516319.044;200;0.772;0.772
1558516319.841;200;0.795;0.796
1558516320.584;200;0.741;0.740
1558516321.315;200;0.728;0.728
1558516322.067;200;0.750;0.748
1558516322.887;200;0.816;0.816
1558516323.619;200;0.730;0.732
1558516324.341;200;0.720;0.720
1558516325.134;200;0.790;0.792
1558516325.975;200;0.839;0.840
1558516326.719;200;0.742;0.744
1558516327.442;200;0.721;0.720
1558516328.189;200;0.745;0.748
1558516329.004;200;0.813;0.812
1558516329.778;200;0.772;0.772
1558516330.520;200;0.739;0.736
1558516331.224;200;0.700;0.700
1558516332.043;200;0.817;0.816
1558516332.801;200;0.756;0.756
1558516333.562;200;0.760;0.760
1558516334.303;200;0.738;0.740
1558516335.148;200;0.843;0.840
1558516335.886;200;0.732;0.732
1558516336.617;200;0.727;0.724
1558516337.336;200;0.717;0.716
1558516338.152;200;0.814;0.812
1558516338.879;200;0.724;0.724
1558516339.604;200;0.720;0.720
1558516340.406;200;0.800;0.800
1558516341.236;200;0.827;0.824
1558516341.972;200;0.734;0.732
1558516342.676;200;0.701;0.700
1558516343.471;200;0.793;0.792
1558516344.304;200;0.830;0.828
1558516345.055;200;0.749;0.748
1558516345.783;200;0.725;0.724
1558516346.533;200;0.748;0.748
1558516347.342;200;0.807;0.808
1558516348.082;200;0.739;0.740
1558516348.817;200;0.724;0.728
1558516349.578;200;0.759;0.760
1558516350.379;200;0.794;0.796
1558516351.130;200;0.745;0.748
1558516351.836;200;0.703;0.704
1558516352.581;200;0.743;0.740
1558516353.446;200;0.863;0.864
1558516354.206;200;0.756;0.756
1558516354.945;200;0.737;0.740
1558516355.701;200;0.754;0.752
1558516356.522;200;0.819;0.820
1558516357.267;200;0.743;0.744
1558516357.976;200;0.707;0.708
1558516358.724;200;0.746;0.744
1558516359.563;200;0.838;0.840
1558516360.286;200;0.720;0.720
1558516361.008;200;0.717;0.716
1558516361.769;200;0.759;0.756
1558516362.649;200;0.879;0.876
1558516363.408;200;0.757;0.756
1558516364.139;200;0.729;0.728
1558516364.882;200;0.740;0.740
1558516365.704;200;0.819;0.816
1558516366.458;200;0.752;0.752
1558516367.193;200;0.733;0.736
1558516367.919;200;0.723;0.724
1558516368.764;200;0.843;0.844
1558516369.513;200;0.747;0.744
1558516370.264;200;0.747;0.744
1558516371.015;200;0.748;0.748
1558516371.871;200;0.854;0.852
1558516372.618;200;0.745;0.748
1558516373.322;200;0.702;0.704
1558516374.024;200;0.700;0.700
1558516374.852;200;0.826;0.824
1558516375.594;200;0.740;0.740
1558516376.329;200;0.733;0.732
1558516377.109;200;0.779;0.780
1558516377.959;200;0.848;0.848
1558516378.707;200;0.745;0.744
1558516379.414;200;0.705;0.708
1558516380.183;200;0.767;0.768
1558516380.983;200;0.797;0.796
1558516381.710;200;0.725;0.724
1558516382.454;200;0.742;0.744
1558516383.187;200;0.732;0.732
1558516383.997;200;0.808;0.804
1558516384.738;200;0.740;0.740
1558516385.505;200;0.762;0.760
1558516386.233;200;0.727;0.728
1558516387.038;200;0.802;0.804
1558516387.782;200;0.742;0.744
1558516388.488;200;0.703;0.704
1558516389.239;200;0.746;0.744
1558516390.054;200;0.812;0.812
1558516390.804;200;0.747;0.744
1558516391.573;200;0.766;0.768
1558516392.321;200;0.745;0.748
1558516393.185;200;0.862;0.864
1558516393.931;200;0.739;0.740
1558516394.637;200;0.703;0.704
1558516395.366;200;0.726;0.728
1558516396.179;200;0.811;0.812
1558516396.939;200;0.758;0.760
1558516397.645;200;0.704;0.704
1558516398.404;200;0.753;0.752
1558516399.211;200;0.805;0.804
1558516399.963;200;0.750;0.748
1558516400.678;200;0.713;0.716
1558516401.495;200;0.813;0.812
1558516402.305;200;0.808;0.812
1558516403.062;200;0.755;0.756
1558516403.800;200;0.735;0.732
1558516404.590;200;0.789;0.788
1558516405.402;200;0.810;0.812
1558516406.137;200;0.733;0.736
1558516406.894;200;0.755;0.756
1558516407.642;200;0.746;0.748
1558516408.493;200;0.849;0.848
1558516409.229;200;0.735;0.736
1558516409.950;200;0.718;0.720
1558516410.649;200;0.698;0.696
1558516411.497;200;0.845;0.848
1558516412.230;200;0.730;0.732
1558516412.934;200;0.700;0.700
1558516413.707;200;0.771;0.772
1558516414.545;200;0.836;0.836
1558516415.272;200;0.725;0.724
1558516415.966;200;0.692;0.692
1558516416.728;200;0.760;0.760
1558516417.471;200;0.742;0.740
1558516418.225;200;0.752;0.756
1558516418.962;200;0.734;0.736
1558516419.746;200;0.782;0.784
1558516420.565;200;0.816;0.816
1558516421.321;200;0.753;0.756
1558516422.062;200;0.739;0.740
1558516422.833;200;0.768;0.768
1558516423.673;200;0.838;0.836
1558516424.408;200;0.733;0.732
1558516425.136;200;0.724;0.724
1558516425.912;200;0.774;0.772
1558516426.738;200;0.824;0.824
1558516427.448;200;0.708;0.708
1558516428.177;200;0.725;0.724
1558516428.949;200;0.770;0.772
1558516429.811;200;0.860;0.860
1558516430.564;200;0.749;0.748
1558516431.265;200;0.698;0.700
1558516432.037;200;0.768;0.768
1558516432.867;200;0.829;0.828
1558516433.607;200;0.738;0.740
1558516434.346;200;0.726;0.728
1558516435.112;200;0.764;0.764
1558516435.937;200;0.823;0.820
1558516436.680;200;0.742;0.740
1558516437.405;200;0.724;0.724
1558516438.152;200;0.745;0.744
1558516438.951;200;0.797;0.796
1558516439.714;200;0.761;0.760
1558516440.481;200;0.764;0.764
1558516441.272;200;0.788;0.788
1558516442.076;200;0.802;0.800
1558516442.803;200;0.725;0.724
1558516443.553;200;0.748;0.752
1558516444.252;200;0.697;0.696
1558516445.106;200;0.853;0.856
1558516445.827;200;0.719;0.720
1558516446.528;200;0.699;0.700
1558516447.309;200;0.779;0.776
1558516448.120;200;0.810;0.808
1558516448.838;200;0.717;0.716
1558516449.565;200;0.725;0.728
1558516450.325;200;0.757;0.760
1558516451.132;200;0.803;0.804
1558516451.880;200;0.746;0.744
1558516452.604;200;0.722;0.720
1558516453.396;200;0.791;0.788
1558516454.194;200;0.795;0.796
1558516454.957;200;0.760;0.764
1558516455.692;200;0.733;0.732
1558516456.500;200;0.806;0.804
1558516457.343;200;0.841;0.840
1558516458.074;200;0.730;0.732
1558516458.795;200;0.719;0.720
1558516459.569;200;0.772;0.772
1558516460.374;200;0.804;0.804
1558516461.134;200;0.756;0.756
1558516461.830;200;0.694;0.696
1558516462.644;200;0.811;0.812
1558516463.450;200;0.804;0.804
1558516464.208;200;0.756;0.756
1558516464.945;200;0.735;0.732
1558516465.730;200;0.781;0.784
1558516466.556;200;0.824;0.824
1558516467.298;200;0.739;0.740
1558516468.018;200;0.719;0.720
1558516468.774;200;0.753;0.756
1558516469.589;200;0.813;0.812
