[WARN]  Running against a source checkout. In order to get our runtime dependencies we'll have to invoke Maven. Depending on the state of your system, this may take ~30-45 seconds
[DEBUG]  Running 'mvn -pl com.yahoo.ycsb:rest-binding -am package -DskipTests dependency:build-classpath -DincludeScope=compile -Dmdep.outputFilterFile=true'
WARNING: An illegal reflective access operation has occurred
WARNING: Illegal reflective access by com.google.inject.internal.cglib.core.$ReflectUtils$1 (file:/usr/share/maven/lib/guice.jar) to method java.lang.ClassLoader.defineClass(java.lang.String,byte[],int,int,java.security.ProtectionDomain)
WARNING: Please consider reporting this to the maintainers of com.google.inject.internal.cglib.core.$ReflectUtils$1
WARNING: Use --illegal-access=warn to enable warnings of further illegal reflective access operations
WARNING: All illegal access operations will be denied in a future release
java -cp /home/ubuntu/YCSB/rest/conf:/home/ubuntu/YCSB/rest/target/rest-binding-0.16.0-SNAPSHOT.jar:/home/ubuntu/.m2/repository/org/hdrhistogram/HdrHistogram/2.1.4/HdrHistogram-2.1.4.jar:/home/ubuntu/.m2/repository/org/glassfish/hk2/external/javax.inject/2.2.0/javax.inject-2.2.0.jar:/home/ubuntu/.m2/repository/com/github/stefanbirkner/system-rules/1.16.0/system-rules-1.16.0.jar:/home/ubuntu/.m2/repository/org/codehaus/jackson/jackson-core-asl/1.9.4/jackson-core-asl-1.9.4.jar:/home/ubuntu/.m2/repository/org/glassfish/jersey/core/jersey-server/2.6/jersey-server-2.6.jar:/home/ubuntu/YCSB/core/target/core-0.16.0-SNAPSHOT.jar:/home/ubuntu/.m2/repository/org/glassfish/hk2/hk2-api/2.2.0/hk2-api-2.2.0.jar:/home/ubuntu/.m2/repository/javax/ws/rs/javax.ws.rs-api/2.0/javax.ws.rs-api-2.0.jar:/home/ubuntu/.m2/repository/org/glassfish/hk2/hk2-locator/2.2.0/hk2-locator-2.2.0.jar:/home/ubuntu/.m2/repository/org/eclipse/jdt/core/compiler/ecj/4.4.2/ecj-4.4.2.jar:/home/ubuntu/.m2/repository/org/codehaus/jackson/jackson-mapper-asl/1.9.4/jackson-mapper-asl-1.9.4.jar:/home/ubuntu/.m2/repository/org/glassfish/jersey/bundles/repackaged/jersey-guava/2.6/jersey-guava-2.6.jar:/home/ubuntu/.m2/repository/org/glassfish/hk2/external/aopalliance-repackaged/2.2.0/aopalliance-repackaged-2.2.0.jar:/home/ubuntu/.m2/repository/org/javassist/javassist/3.18.1-GA/javassist-3.18.1-GA.jar:/home/ubuntu/.m2/repository/javax/annotation/javax.annotation-api/1.2/javax.annotation-api-1.2.jar:/home/ubuntu/.m2/repository/org/apache/htrace/htrace-core4/4.1.0-incubating/htrace-core4-4.1.0-incubating.jar:/home/ubuntu/.m2/repository/org/apache/tomcat/embed/tomcat-embed-logging-log4j/8.0.28/tomcat-embed-logging-log4j-8.0.28.jar:/home/ubuntu/.m2/repository/org/apache/tomcat/embed/tomcat-embed-el/8.0.28/tomcat-embed-el-8.0.28.jar:/home/ubuntu/.m2/repository/org/apache/tomcat/embed/tomcat-embed-logging-juli/8.0.28/tomcat-embed-logging-juli-8.0.28.jar:/home/ubuntu/.m2/repository/org/apache/tomcat/embed/tomcat-embed-core/8.0.28/tomcat-embed-core-8.0.28.jar:/home/ubuntu/.m2/repository/org/glassfish/hk2/osgi-resource-locator/1.0.1/osgi-resource-locator-1.0.1.jar:/home/ubuntu/.m2/repository/commons-codec/commons-codec/1.9/commons-codec-1.9.jar:/home/ubuntu/.m2/repository/org/glassfish/jersey/core/jersey-client/2.6/jersey-client-2.6.jar:/home/ubuntu/.m2/repository/org/apache/tomcat/embed/tomcat-embed-websocket/8.0.28/tomcat-embed-websocket-8.0.28.jar:/home/ubuntu/.m2/repository/commons-logging/commons-logging/1.2/commons-logging-1.2.jar:/home/ubuntu/.m2/repository/org/glassfish/hk2/hk2-utils/2.2.0/hk2-utils-2.2.0.jar:/home/ubuntu/.m2/repository/javax/validation/validation-api/1.1.0.Final/validation-api-1.1.0.Final.jar:/home/ubuntu/.m2/repository/org/apache/httpcomponents/httpclient/4.5.1/httpclient-4.5.1.jar:/home/ubuntu/.m2/repository/org/apache/tomcat/tomcat-dbcp/8.0.28/tomcat-dbcp-8.0.28.jar:/home/ubuntu/.m2/repository/org/glassfish/jersey/containers/jersey-container-servlet-core/2.6/jersey-container-servlet-core-2.6.jar:/home/ubuntu/.m2/repository/org/apache/tomcat/embed/tomcat-embed-jasper/8.0.28/tomcat-embed-jasper-8.0.28.jar:/home/ubuntu/.m2/repository/org/glassfish/jersey/core/jersey-common/2.6/jersey-common-2.6.jar:/home/ubuntu/.m2/repository/org/apache/httpcomponents/httpcore/4.4.4/httpcore-4.4.4.jar com.yahoo.ycsb.Client -db com.yahoo.ycsb.webservice.rest.RestClient -s -P workloads/rest_workload -t
Command line: -db com.yahoo.ycsb.webservice.rest.RestClient -s -P workloads/rest_workload -t
YCSB Client 0.16.0-SNAPSHOT

Loading workload...
Starting test.
2019-05-22 06:53:13:688 0 sec: 0 operations; est completion in 0 second 
DBWrapper: report latency for each error is false and specific error codes to track for latency are: []
2019-05-22 06:53:23:638 10 sec: 12 operations; 1.2 current ops/sec; est completion in 20 minutes [READ: Count=12, Max=850943, Min=729600, Avg=772608, 90=819711, 99=850943, 99.9=850943, 99.99=850943] 
2019-05-22 06:53:33:635 20 sec: 25 operations; 1.3 current ops/sec; est completion in 19 minutes [READ: Count=13, Max=858623, Min=707072, Avg=763529.85, 90=815103, 99=858623, 99.9=858623, 99.99=858623] 
2019-05-22 06:53:43:636 30 sec: 38 operations; 1.3 current ops/sec; est completion in 19 minutes [READ: Count=13, Max=823807, Min=720384, Avg=752974.77, 90=804351, 99=823807, 99.9=823807, 99.99=823807] 
2019-05-22 06:53:53:636 40 sec: 51 operations; 1.3 current ops/sec; est completion in 18 minutes [READ: Count=13, Max=877567, Min=709120, Avg=777984, 90=857599, 99=877567, 99.9=877567, 99.99=877567] 
2019-05-22 06:54:03:635 50 sec: 64 operations; 1.3 current ops/sec; est completion in 18 minutes [READ: Count=13, Max=834559, Min=711680, Avg=756873.85, 90=811519, 99=834559, 99.9=834559, 99.99=834559] 
2019-05-22 06:54:13:636 60 sec: 78 operations; 1.4 current ops/sec; est completion in 18 minutes [READ: Count=14, Max=821759, Min=688128, Avg=743643.43, 90=799231, 99=821759, 99.9=821759, 99.99=821759] 
2019-05-22 06:54:23:635 70 sec: 91 operations; 1.3 current ops/sec; est completion in 18 minutes [READ: Count=13, Max=893439, Min=711168, Avg=767586.46, 90=794623, 99=893439, 99.9=893439, 99.99=893439] 
2019-05-22 06:54:33:635 80 sec: 104 operations; 1.3 current ops/sec; est completion in 17 minutes [READ: Count=13, Max=854527, Min=717824, Avg=775148.31, 90=846847, 99=854527, 99.9=854527, 99.99=854527] 
2019-05-22 06:54:43:635 90 sec: 117 operations; 1.3 current ops/sec; est completion in 17 minutes [READ: Count=13, Max=813567, Min=732160, Avg=764908.31, 90=812543, 99=813567, 99.9=813567, 99.99=813567] 
2019-05-22 06:54:53:636 100 sec: 130 operations; 1.3 current ops/sec; est completion in 17 minutes [READ: Count=13, Max=823807, Min=717824, Avg=762702.77, 90=821759, 99=823807, 99.9=823807, 99.99=823807] 
2019-05-22 06:55:03:636 110 sec: 143 operations; 1.3 current ops/sec; est completion in 17 minutes [READ: Count=13, Max=829439, Min=718336, Avg=758606.77, 90=802303, 99=829439, 99.9=829439, 99.99=829439] 
2019-05-22 06:55:13:635 120 sec: 156 operations; 1.3 current ops/sec; est completion in 17 minutes [READ: Count=13, Max=822783, Min=696832, Avg=764356.92, 90=807935, 99=822783, 99.9=822783, 99.99=822783] 
2019-05-22 06:55:23:635 130 sec: 169 operations; 1.3 current ops/sec; est completion in 17 minutes [READ: Count=13, Max=833535, Min=707072, Avg=769043.69, 90=819711, 99=833535, 99.9=833535, 99.99=833535] 
2019-05-22 06:55:33:636 140 sec: 182 operations; 1.3 current ops/sec; est completion in 16 minutes [READ: Count=13, Max=836095, Min=701952, Avg=759197.54, 90=828927, 99=836095, 99.9=836095, 99.99=836095] 
2019-05-22 06:55:43:635 150 sec: 195 operations; 1.3 current ops/sec; est completion in 16 minutes [READ: Count=13, Max=842751, Min=667136, Avg=766523.08, 90=836095, 99=842751, 99.9=842751, 99.99=842751] 
2019-05-22 06:55:53:635 160 sec: 208 operations; 1.3 current ops/sec; est completion in 16 minutes [READ: Count=13, Max=828415, Min=706048, Avg=763726.77, 90=811519, 99=828415, 99.9=828415, 99.99=828415] 
2019-05-22 06:56:03:635 170 sec: 222 operations; 1.4 current ops/sec; est completion in 16 minutes [READ: Count=14, Max=824319, Min=707584, Avg=752859.43, 90=823295, 99=824319, 99.9=824319, 99.99=824319] 
2019-05-22 06:56:13:635 180 sec: 235 operations; 1.3 current ops/sec; est completion in 16 minutes [READ: Count=13, Max=826367, Min=712704, Avg=764041.85, 90=822783, 99=826367, 99.9=826367, 99.99=826367] 
2019-05-22 06:56:23:635 190 sec: 248 operations; 1.3 current ops/sec; est completion in 16 minutes [READ: Count=13, Max=814591, Min=710656, Avg=758921.85, 90=814079, 99=814591, 99.9=814591, 99.99=814591] 
2019-05-22 06:56:33:636 200 sec: 261 operations; 1.3 current ops/sec; est completion in 15 minutes [READ: Count=13, Max=831487, Min=688640, Avg=757149.54, 90=804351, 99=831487, 99.9=831487, 99.99=831487] 
2019-05-22 06:56:43:635 210 sec: 274 operations; 1.3 current ops/sec; est completion in 15 minutes [READ: Count=13, Max=828415, Min=643584, Avg=746594.46, 90=819711, 99=828415, 99.9=828415, 99.99=828415] 
2019-05-22 06:56:53:636 220 sec: 288 operations; 1.4 current ops/sec; est completion in 15 minutes [READ: Count=14, Max=820223, Min=706560, Avg=759734.86, 90=819711, 99=820223, 99.9=820223, 99.99=820223] 
2019-05-22 06:57:03:635 230 sec: 301 operations; 1.3 current ops/sec; est completion in 15 minutes [READ: Count=13, Max=838655, Min=695808, Avg=753329.23, 90=834047, 99=838655, 99.9=838655, 99.99=838655] 
2019-05-22 06:57:13:634 240 sec: 314 operations; 1.3 current ops/sec; est completion in 15 minutes [READ: Count=13, Max=856575, Min=704000, Avg=758212.92, 90=815103, 99=856575, 99.9=856575, 99.99=856575] 
2019-05-22 06:57:23:635 250 sec: 327 operations; 1.3 current ops/sec; est completion in 14 minutes [READ: Count=13, Max=835071, Min=714752, Avg=764593.23, 90=830975, 99=835071, 99.9=835071, 99.99=835071] 
2019-05-22 06:57:33:636 260 sec: 340 operations; 1.3 current ops/sec; est completion in 14 minutes [READ: Count=13, Max=840703, Min=711680, Avg=774006.15, 90=834047, 99=840703, 99.9=840703, 99.99=840703] 
2019-05-22 06:57:43:635 270 sec: 353 operations; 1.3 current ops/sec; est completion in 14 minutes [READ: Count=13, Max=822271, Min=723968, Avg=765065.85, 90=813055, 99=822271, 99.9=822271, 99.99=822271] 
2019-05-22 06:57:53:635 280 sec: 366 operations; 1.3 current ops/sec; est completion in 14 minutes [READ: Count=13, Max=831999, Min=724992, Avg=765774.77, 90=820223, 99=831999, 99.9=831999, 99.99=831999] 
2019-05-22 06:58:03:635 290 sec: 379 operations; 1.3 current ops/sec; est completion in 14 minutes [READ: Count=13, Max=841727, Min=731136, Avg=781292.31, 90=841215, 99=841727, 99.9=841727, 99.99=841727] 
2019-05-22 06:58:13:635 300 sec: 392 operations; 1.3 current ops/sec; est completion in 14 minutes [READ: Count=13, Max=850943, Min=717824, Avg=782592, 90=844799, 99=850943, 99.9=850943, 99.99=850943] 
2019-05-22 06:58:23:635 310 sec: 405 operations; 1.3 current ops/sec; est completion in 13 minutes [READ: Count=13, Max=893951, Min=705536, Avg=773888, 90=843775, 99=893951, 99.9=893951, 99.99=893951] 
2019-05-22 06:58:33:635 320 sec: 418 operations; 1.3 current ops/sec; est completion in 13 minutes [READ: Count=13, Max=828927, Min=721920, Avg=767074.46, 90=821247, 99=828927, 99.9=828927, 99.99=828927] 
2019-05-22 06:58:43:635 330 sec: 431 operations; 1.3 current ops/sec; est completion in 13 minutes [READ: Count=13, Max=893951, Min=731136, Avg=776329.85, 90=833535, 99=893951, 99.9=893951, 99.99=893951] 
2019-05-22 06:58:53:635 340 sec: 444 operations; 1.3 current ops/sec; est completion in 13 minutes [READ: Count=13, Max=836607, Min=712192, Avg=773257.85, 90=824831, 99=836607, 99.9=836607, 99.99=836607] 
2019-05-22 06:59:03:636 350 sec: 457 operations; 1.3 current ops/sec; est completion in 13 minutes [READ: Count=13, Max=839679, Min=718336, Avg=756401.23, 90=836095, 99=839679, 99.9=839679, 99.99=839679] 
2019-05-22 06:59:13:636 360 sec: 470 operations; 1.3 current ops/sec; est completion in 13 minutes [READ: Count=13, Max=833023, Min=711168, Avg=756204.31, 90=813567, 99=833023, 99.9=833023, 99.99=833023] 
2019-05-22 06:59:23:635 370 sec: 483 operations; 1.3 current ops/sec; est completion in 13 minutes [READ: Count=13, Max=838143, Min=694784, Avg=767232, 90=836607, 99=838143, 99.9=838143, 99.99=838143] 
2019-05-22 06:59:33:635 380 sec: 496 operations; 1.3 current ops/sec; est completion in 12 minutes [READ: Count=13, Max=868863, Min=723456, Avg=770264.62, 90=828927, 99=868863, 99.9=868863, 99.99=868863] 
2019-05-22 06:59:43:635 390 sec: 509 operations; 1.3 current ops/sec; est completion in 12 minutes [READ: Count=13, Max=841215, Min=675840, Avg=763726.77, 90=827391, 99=841215, 99.9=841215, 99.99=841215] 
2019-05-22 06:59:53:635 400 sec: 522 operations; 1.3 current ops/sec; est completion in 12 minutes [READ: Count=13, Max=870399, Min=659456, Avg=769398.15, 90=859647, 99=870399, 99.9=870399, 99.99=870399] 
2019-05-22 07:00:03:635 410 sec: 535 operations; 1.3 current ops/sec; est completion in 12 minutes [READ: Count=13, Max=867839, Min=726528, Avg=772430.77, 90=846847, 99=867839, 99.9=867839, 99.99=867839] 
2019-05-22 07:00:13:635 420 sec: 548 operations; 1.3 current ops/sec; est completion in 12 minutes [READ: Count=13, Max=850943, Min=695296, Avg=771406.77, 90=830463, 99=850943, 99.9=850943, 99.99=850943] 
2019-05-22 07:00:23:636 430 sec: 561 operations; 1.3 current ops/sec; est completion in 12 minutes [READ: Count=13, Max=860159, Min=684032, Avg=777353.85, 90=841727, 99=860159, 99.9=860159, 99.99=860159] 
2019-05-22 07:00:33:635 440 sec: 574 operations; 1.3 current ops/sec; est completion in 11 minutes [READ: Count=13, Max=845311, Min=707072, Avg=763963.08, 90=829439, 99=845311, 99.9=845311, 99.99=845311] 
2019-05-22 07:00:43:635 450 sec: 587 operations; 1.3 current ops/sec; est completion in 11 minutes [READ: Count=13, Max=848383, Min=724992, Avg=773691.08, 90=840703, 99=848383, 99.9=848383, 99.99=848383] 
2019-05-22 07:00:53:636 460 sec: 600 operations; 1.3 current ops/sec; est completion in 11 minutes [READ: Count=13, Max=852479, Min=700416, Avg=768374.15, 90=838655, 99=852479, 99.9=852479, 99.99=852479] 
2019-05-22 07:01:03:635 470 sec: 613 operations; 1.3 current ops/sec; est completion in 11 minutes [READ: Count=13, Max=864255, Min=720384, Avg=768019.69, 90=840191, 99=864255, 99.9=864255, 99.99=864255] 
2019-05-22 07:01:13:635 480 sec: 626 operations; 1.3 current ops/sec; est completion in 11 minutes [READ: Count=13, Max=829951, Min=679424, Avg=759040, 90=825855, 99=829951, 99.9=829951, 99.99=829951] 
2019-05-22 07:01:23:636 490 sec: 639 operations; 1.3 current ops/sec; est completion in 11 minutes [READ: Count=13, Max=831487, Min=677376, Avg=755062.15, 90=826879, 99=831487, 99.9=831487, 99.99=831487] 
2019-05-22 07:01:33:635 500 sec: 652 operations; 1.3 current ops/sec; est completion in 10 minutes [READ: Count=13, Max=849919, Min=693248, Avg=763096.62, 90=835583, 99=849919, 99.9=849919, 99.99=849919] 
2019-05-22 07:01:43:636 510 sec: 665 operations; 1.3 current ops/sec; est completion in 10 minutes [READ: Count=13, Max=849407, Min=698368, Avg=764160, 90=829951, 99=849407, 99.9=849407, 99.99=849407] 
2019-05-22 07:01:53:636 520 sec: 679 operations; 1.4 current ops/sec; est completion in 10 minutes [READ: Count=14, Max=892415, Min=688640, Avg=759917.71, 90=845823, 99=892415, 99.9=892415, 99.99=892415] 
2019-05-22 07:02:03:636 530 sec: 691 operations; 1.2 current ops/sec; est completion in 10 minutes [READ: Count=12, Max=835583, Min=716800, Avg=772522.67, 90=822271, 99=835583, 99.9=835583, 99.99=835583] 
2019-05-22 07:02:13:635 540 sec: 704 operations; 1.3 current ops/sec; est completion in 10 minutes [READ: Count=13, Max=851455, Min=722432, Avg=784128, 90=845823, 99=851455, 99.9=851455, 99.99=851455] 
2019-05-22 07:02:23:636 550 sec: 718 operations; 1.4 current ops/sec; est completion in 10 minutes [READ: Count=14, Max=853503, Min=697344, Avg=757394.29, 90=844287, 99=853503, 99.9=853503, 99.99=853503] 
2019-05-22 07:02:33:635 560 sec: 731 operations; 1.3 current ops/sec; est completion in 9 minutes [READ: Count=13, Max=850943, Min=722944, Avg=767586.46, 90=836095, 99=850943, 99.9=850943, 99.99=850943] 
2019-05-22 07:02:43:636 570 sec: 743 operations; 1.2 current ops/sec; est completion in 9 minutes [READ: Count=12, Max=869375, Min=685056, Avg=778496, 90=841727, 99=869375, 99.9=869375, 99.99=869375] 
2019-05-22 07:02:53:636 580 sec: 756 operations; 1.3 current ops/sec; est completion in 9 minutes [READ: Count=13, Max=857599, Min=728576, Avg=773218.46, 90=838143, 99=857599, 99.9=857599, 99.99=857599] 
2019-05-22 07:03:03:636 590 sec: 769 operations; 1.3 current ops/sec; est completion in 9 minutes [READ: Count=13, Max=816639, Min=736768, Avg=767625.85, 90=803327, 99=816639, 99.9=816639, 99.99=816639] 
2019-05-22 07:03:13:636 600 sec: 782 operations; 1.3 current ops/sec; est completion in 9 minutes [READ: Count=13, Max=846847, Min=727552, Avg=766877.54, 90=809983, 99=846847, 99.9=846847, 99.99=846847] 
2019-05-22 07:03:23:635 610 sec: 795 operations; 1.3 current ops/sec; est completion in 9 minutes [READ: Count=13, Max=823295, Min=732160, Avg=772233.85, 90=821247, 99=823295, 99.9=823295, 99.99=823295] 
2019-05-22 07:03:33:635 620 sec: 808 operations; 1.3 current ops/sec; est completion in 8 minutes [READ: Count=13, Max=864767, Min=715776, Avg=777275.08, 90=835583, 99=864767, 99.9=864767, 99.99=864767] 
2019-05-22 07:03:43:635 630 sec: 821 operations; 1.3 current ops/sec; est completion in 8 minutes [READ: Count=13, Max=860671, Min=716800, Avg=762348.31, 90=815615, 99=860671, 99.9=860671, 99.99=860671] 
2019-05-22 07:03:53:636 640 sec: 834 operations; 1.3 current ops/sec; est completion in 8 minutes [READ: Count=13, Max=837119, Min=707072, Avg=771288.62, 90=833535, 99=837119, 99.9=837119, 99.99=837119] 
2019-05-22 07:04:03:635 650 sec: 847 operations; 1.3 current ops/sec; est completion in 8 minutes [READ: Count=13, Max=843775, Min=728576, Avg=774242.46, 90=831999, 99=843775, 99.9=843775, 99.99=843775] 
2019-05-22 07:04:13:635 660 sec: 860 operations; 1.3 current ops/sec; est completion in 8 minutes [READ: Count=13, Max=865279, Min=725504, Avg=775463.38, 90=835583, 99=865279, 99.9=865279, 99.99=865279] 
2019-05-22 07:04:23:636 670 sec: 873 operations; 1.3 current ops/sec; est completion in 8 minutes [READ: Count=13, Max=831487, Min=713216, Avg=767271.38, 90=817663, 99=831487, 99.9=831487, 99.99=831487] 
2019-05-22 07:04:33:636 680 sec: 886 operations; 1.3 current ops/sec; est completion in 7 minutes [READ: Count=13, Max=829951, Min=708096, Avg=769910.15, 90=826879, 99=829951, 99.9=829951, 99.99=829951] 
2019-05-22 07:04:43:635 690 sec: 899 operations; 1.3 current ops/sec; est completion in 7 minutes [READ: Count=13, Max=867327, Min=714752, Avg=768886.15, 90=819199, 99=867327, 99.9=867327, 99.99=867327] 
2019-05-22 07:04:53:637 700 sec: 912 operations; 1.3 current ops/sec; est completion in 7 minutes [READ: Count=13, Max=845823, Min=690688, Avg=771209.85, 90=820735, 99=845823, 99.9=845823, 99.99=845823] 
2019-05-22 07:05:03:635 710 sec: 925 operations; 1.3 current ops/sec; est completion in 7 minutes [READ: Count=13, Max=837119, Min=722944, Avg=763332.92, 90=808447, 99=837119, 99.9=837119, 99.99=837119] 
2019-05-22 07:05:13:636 720 sec: 938 operations; 1.3 current ops/sec; est completion in 7 minutes [READ: Count=13, Max=808447, Min=707072, Avg=763569.23, 90=803839, 99=808447, 99.9=808447, 99.99=808447] 
2019-05-22 07:05:23:636 730 sec: 951 operations; 1.3 current ops/sec; est completion in 7 minutes [READ: Count=13, Max=822271, Min=709632, Avg=761048.62, 90=812031, 99=822271, 99.9=822271, 99.99=822271] 
2019-05-22 07:05:33:635 740 sec: 964 operations; 1.3 current ops/sec; est completion in 6 minutes [READ: Count=13, Max=818175, Min=708608, Avg=766523.08, 90=815103, 99=818175, 99.9=818175, 99.99=818175] 
2019-05-22 07:05:43:635 750 sec: 978 operations; 1.4 current ops/sec; est completion in 6 minutes [READ: Count=14, Max=816639, Min=702976, Avg=755382.86, 90=812543, 99=816639, 99.9=816639, 99.99=816639] 
2019-05-22 07:05:53:635 760 sec: 991 operations; 1.3 current ops/sec; est completion in 6 minutes [READ: Count=13, Max=831999, Min=708608, Avg=760497.23, 90=827391, 99=831999, 99.9=831999, 99.99=831999] 
2019-05-22 07:06:03:635 770 sec: 1004 operations; 1.3 current ops/sec; est completion in 6 minutes [READ: Count=13, Max=826367, Min=719360, Avg=762899.69, 90=824831, 99=826367, 99.9=826367, 99.99=826367] 
2019-05-22 07:06:13:636 780 sec: 1017 operations; 1.3 current ops/sec; est completion in 6 minutes [READ: Count=13, Max=816127, Min=672256, Avg=750651.08, 90=808959, 99=816127, 99.9=816127, 99.99=816127] 
2019-05-22 07:06:23:636 790 sec: 1030 operations; 1.3 current ops/sec; est completion in 6 minutes [READ: Count=13, Max=829951, Min=698368, Avg=754904.62, 90=829951, 99=829951, 99.9=829951, 99.99=829951] 
2019-05-22 07:06:33:635 800 sec: 1043 operations; 1.3 current ops/sec; est completion in 5 minutes [READ: Count=13, Max=842239, Min=721920, Avg=763451.08, 90=795135, 99=842239, 99.9=842239, 99.99=842239] 
2019-05-22 07:06:43:635 810 sec: 1056 operations; 1.3 current ops/sec; est completion in 5 minutes [READ: Count=13, Max=928255, Min=695808, Avg=773848.62, 90=845311, 99=928255, 99.9=928255, 99.99=928255] 
2019-05-22 07:06:53:636 820 sec: 1070 operations; 1.4 current ops/sec; est completion in 5 minutes [READ: Count=14, Max=813567, Min=693760, Avg=756589.71, 90=812543, 99=813567, 99.9=813567, 99.99=813567] 
2019-05-22 07:07:03:636 830 sec: 1083 operations; 1.3 current ops/sec; est completion in 5 minutes [READ: Count=13, Max=855551, Min=702976, Avg=753250.46, 90=818687, 99=855551, 99.9=855551, 99.99=855551] 
2019-05-22 07:07:13:636 840 sec: 1096 operations; 1.3 current ops/sec; est completion in 5 minutes [READ: Count=13, Max=834559, Min=705024, Avg=763884.31, 90=829439, 99=834559, 99.9=834559, 99.99=834559] 
2019-05-22 07:07:23:635 850 sec: 1109 operations; 1.3 current ops/sec; est completion in 5 minutes [READ: Count=13, Max=812543, Min=699392, Avg=755810.46, 90=810495, 99=812543, 99.9=812543, 99.99=812543] 
2019-05-22 07:07:33:635 860 sec: 1122 operations; 1.3 current ops/sec; est completion in 4 minutes [READ: Count=13, Max=831999, Min=703488, Avg=758646.15, 90=824319, 99=831999, 99.9=831999, 99.99=831999] 
2019-05-22 07:07:43:635 870 sec: 1135 operations; 1.3 current ops/sec; est completion in 4 minutes [READ: Count=13, Max=829951, Min=715776, Avg=768610.46, 90=815103, 99=829951, 99.9=829951, 99.99=829951] 
2019-05-22 07:07:53:635 880 sec: 1149 operations; 1.4 current ops/sec; est completion in 4 minutes [READ: Count=14, Max=860671, Min=709632, Avg=764781.71, 90=830975, 99=860671, 99.9=860671, 99.99=860671] 
2019-05-22 07:08:03:637 890 sec: 1162 operations; 1.3 current ops/sec; est completion in 4 minutes [READ: Count=13, Max=825855, Min=724992, Avg=766995.69, 90=825343, 99=825855, 99.9=825855, 99.99=825855] 
2019-05-22 07:08:13:636 900 sec: 1175 operations; 1.3 current ops/sec; est completion in 4 minutes [READ: Count=13, Max=809983, Min=687616, Avg=746161.23, 90=794623, 99=809983, 99.9=809983, 99.99=809983] 
2019-05-22 07:08:23:635 910 sec: 1188 operations; 1.3 current ops/sec; est completion in 3 minutes [READ: Count=13, Max=823807, Min=715264, Avg=760221.54, 90=815615, 99=823807, 99.9=823807, 99.99=823807] 
2019-05-22 07:08:33:635 920 sec: 1201 operations; 1.3 current ops/sec; est completion in 3 minutes [READ: Count=13, Max=844287, Min=726016, Avg=761048.62, 90=834047, 99=844287, 99.9=844287, 99.99=844287] 
2019-05-22 07:08:43:635 930 sec: 1215 operations; 1.4 current ops/sec; est completion in 3 minutes [READ: Count=14, Max=815103, Min=701440, Avg=752237.71, 90=814591, 99=815103, 99.9=815103, 99.99=815103] 
2019-05-22 07:08:53:636 940 sec: 1227 operations; 1.2 current ops/sec; est completion in 3 minutes [READ: Count=12, Max=867327, Min=710144, Avg=769962.67, 90=830975, 99=867327, 99.9=867327, 99.99=867327] 
2019-05-22 07:09:03:636 950 sec: 1241 operations; 1.4 current ops/sec; est completion in 3 minutes [READ: Count=14, Max=838655, Min=706048, Avg=769572.57, 90=816639, 99=838655, 99.9=838655, 99.99=838655] 
2019-05-22 07:09:13:635 960 sec: 1254 operations; 1.3 current ops/sec; est completion in 3 minutes [READ: Count=13, Max=804863, Min=709632, Avg=759867.08, 90=801279, 99=804863, 99.9=804863, 99.99=804863] 
2019-05-22 07:09:23:636 970 sec: 1267 operations; 1.3 current ops/sec; est completion in 2 minutes [READ: Count=13, Max=863743, Min=696320, Avg=761836.31, 90=829951, 99=863743, 99.9=863743, 99.99=863743] 
2019-05-22 07:09:33:636 980 sec: 1280 operations; 1.3 current ops/sec; est completion in 2 minutes [READ: Count=13, Max=939519, Min=695808, Avg=777905.23, 90=827903, 99=939519, 99.9=939519, 99.99=939519] 
2019-05-22 07:09:43:636 990 sec: 1293 operations; 1.3 current ops/sec; est completion in 2 minutes [READ: Count=13, Max=849407, Min=705024, Avg=769673.85, 90=836095, 99=849407, 99.9=849407, 99.99=849407] 
2019-05-22 07:09:53:636 1000 sec: 1305 operations; 1.2 current ops/sec; est completion in 2 minutes [READ: Count=12, Max=877055, Min=715776, Avg=782720, 90=848383, 99=877055, 99.9=877055, 99.99=877055] 
2019-05-22 07:10:03:635 1010 sec: 1319 operations; 1.4 current ops/sec; est completion in 2 minutes [READ: Count=14, Max=825855, Min=705024, Avg=760795.43, 90=822271, 99=825855, 99.9=825855, 99.99=825855] 
2019-05-22 07:10:13:635 1020 sec: 1332 operations; 1.3 current ops/sec; est completion in 2 minutes [READ: Count=13, Max=856575, Min=669696, Avg=769988.92, 90=851455, 99=856575, 99.9=856575, 99.99=856575] 
2019-05-22 07:10:23:635 1030 sec: 1344 operations; 1.2 current ops/sec; est completion in 2 minutes [READ: Count=12, Max=888831, Min=702464, Avg=780970.67, 90=841215, 99=888831, 99.9=888831, 99.99=888831] 
2019-05-22 07:10:33:635 1040 sec: 1358 operations; 1.4 current ops/sec; est completion in 1 minute [READ: Count=14, Max=846847, Min=700928, Avg=755053.71, 90=818687, 99=846847, 99.9=846847, 99.99=846847] 
2019-05-22 07:10:43:635 1050 sec: 1371 operations; 1.3 current ops/sec; est completion in 1 minute [READ: Count=13, Max=855551, Min=701952, Avg=761048.62, 90=806911, 99=855551, 99.9=855551, 99.99=855551] 
2019-05-22 07:10:53:636 1060 sec: 1384 operations; 1.3 current ops/sec; est completion in 1 minute [READ: Count=13, Max=855551, Min=713216, Avg=769240.62, 90=828927, 99=855551, 99.9=855551, 99.99=855551] 
2019-05-22 07:11:03:635 1070 sec: 1397 operations; 1.3 current ops/sec; est completion in 1 minute [READ: Count=13, Max=851455, Min=704512, Avg=768098.46, 90=820223, 99=851455, 99.9=851455, 99.99=851455] 
2019-05-22 07:11:13:636 1080 sec: 1410 operations; 1.3 current ops/sec; est completion in 1 minute [READ: Count=13, Max=816639, Min=711680, Avg=762742.15, 90=808447, 99=816639, 99.9=816639, 99.99=816639] 
2019-05-22 07:11:23:635 1090 sec: 1423 operations; 1.3 current ops/sec; est completion in 59 seconds [READ: Count=13, Max=814591, Min=709632, Avg=763017.85, 90=812543, 99=814591, 99.9=814591, 99.99=814591] 
2019-05-22 07:11:33:636 1100 sec: 1436 operations; 1.3 current ops/sec; est completion in 50 seconds [READ: Count=13, Max=837631, Min=692736, Avg=761757.54, 90=825855, 99=837631, 99.9=837631, 99.99=837631] 
2019-05-22 07:11:43:634 1110 sec: 1449 operations; 1.3 current ops/sec; est completion in 40 seconds [READ: Count=13, Max=841727, Min=692224, Avg=760379.08, 90=817663, 99=841727, 99.9=841727, 99.99=841727] 
2019-05-22 07:11:53:635 1120 sec: 1462 operations; 1.3 current ops/sec; est completion in 30 seconds [READ: Count=13, Max=857087, Min=699904, Avg=761403.08, 90=827391, 99=857087, 99.9=857087, 99.99=857087] 
2019-05-22 07:12:03:635 1130 sec: 1476 operations; 1.4 current ops/sec; est completion in 19 seconds [READ: Count=14, Max=844287, Min=702976, Avg=761819.43, 90=816639, 99=844287, 99.9=844287, 99.99=844287] 
2019-05-22 07:12:13:636 1140 sec: 1489 operations; 1.3 current ops/sec; est completion in 9 second [READ: Count=13, Max=834047, Min=645632, Avg=746082.46, 90=812031, 99=834047, 99.9=834047, 99.99=834047] 
2019-05-22 07:12:21:749 1148 sec: 1500 operations; 1.36 current ops/sec; [READ: Count=11, Max=859647, Min=702976, Avg=765044.36, 90=812543, 99=859647, 99.9=859647, 99.99=859647] [CLEANUP: Count=1, Max=4, Min=4, Avg=4, 90=4, 99=4, 99.9=4, 99.99=4] 
