[OVERALL], RunTime(ms), 51065
[OVERALL], Throughput(ops/sec), 29.374326838343286
[TOTAL_GCS_G1_Young_Generation], Count, 6
[TOTAL_GC_TIME_G1_Young_Generation], Time(ms), 54
[TOTAL_GC_TIME_%_G1_Young_Generation], Time(%), 0.10574757661803583
[TOTAL_GCS_G1_Old_Generation], Count, 0
[TOTAL_GC_TIME_G1_Old_Generation], Time(ms), 0
[TOTAL_GC_TIME_%_G1_Old_Generation], Time(%), 0.0
[TOTAL_GCs], Count, 6
[TOTAL_GC_TIME], Time(ms), 54
[TOTAL_GC_TIME_%], Time(%), 0.10574757661803583
[READ], Operations, 55
[READ], AverageLatency(us), 824133.8181818182
[READ], MinLatency(us), 711168
[READ], MaxLatency(us), 1096703
[READ], 95thPercentileLatency(us), 928767
[READ], 99thPercentileLatency(us), 1011711
[READ], Return=OK, 55
[READ], Return=ERROR, 1445
[CLEANUP], Operations, 1
[CLEANUP], AverageLatency(us), 3.0
[CLEANUP], MinLatency(us), 3
[CLEANUP], MaxLatency(us), 3
[CLEANUP], 95thPercentileLatency(us), 3
[CLEANUP], 99thPercentileLatency(us), 3
[READ-FAILED], Operations, 1445
[READ-FAILED], AverageLatency(us), 3585.3038062283736
[READ-FAILED], MinLatency(us), 1632
[READ-FAILED], MaxLatency(us), 30207
[READ-FAILED], 95thPercentileLatency(us), 6699
[READ-FAILED], 99thPercentileLatency(us), 8255
