[OVERALL], RunTime(ms), 51963
[OVERALL], Throughput(ops/sec), 1.2316455939803321
[TOTAL_GCS_G1_Young_Generation], Count, 1
[TOTAL_GC_TIME_G1_Young_Generation], Time(ms), 13
[TOTAL_GC_TIME_%_G1_Young_Generation], Time(%), 0.025017801127725496
[TOTAL_GCS_G1_Old_Generation], Count, 0
[TOTAL_GC_TIME_G1_Old_Generation], Time(ms), 0
[TOTAL_GC_TIME_%_G1_Old_Generation], Time(%), 0.0
[TOTAL_GCs], Count, 1
[TOTAL_GC_TIME], Time(ms), 13
[TOTAL_GC_TIME_%], Time(%), 0.025017801127725496
[READ], Operations, 64
[READ], AverageLatency(us), 805588.0
[READ], MinLatency(us), 681472
[READ], MaxLatency(us), 1053695
[READ], 95thPercentileLatency(us), 912383
[READ], 99thPercentileLatency(us), 996863
[READ], Return=OK, 64
[CLEANUP], Operations, 1
[CLEANUP], AverageLatency(us), 3.0
[CLEANUP], MinLatency(us), 3
[CLEANUP], MaxLatency(us), 3
[CLEANUP], 95thPercentileLatency(us), 3
[CLEANUP], 99thPercentileLatency(us), 3
