[OVERALL], RunTime(ms), 52333
[OVERALL], Throughput(ops/sec), 1.2229377257179983
[TOTAL_GCS_G1_Young_Generation], Count, 1
[TOTAL_GC_TIME_G1_Young_Generation], Time(ms), 18
[TOTAL_GC_TIME_%_G1_Young_Generation], Time(%), 0.0343951235358187
[TOTAL_GCS_G1_Old_Generation], Count, 0
[TOTAL_GC_TIME_G1_Old_Generation], Time(ms), 0
[TOTAL_GC_TIME_%_G1_Old_Generation], Time(%), 0.0
[TOTAL_GCs], Count, 1
[TOTAL_GC_TIME], Time(ms), 18
[TOTAL_GC_TIME_%], Time(%), 0.0343951235358187
[READ], Operations, 64
[READ], AverageLatency(us), 810900.0
[READ], MinLatency(us), 644608
[READ], MaxLatency(us), 1061887
[READ], 95thPercentileLatency(us), 955903
[READ], 99thPercentileLatency(us), 972799
[READ], Return=OK, 64
[CLEANUP], Operations, 1
[CLEANUP], AverageLatency(us), 2.0
[CLEANUP], MinLatency(us), 2
[CLEANUP], MaxLatency(us), 2
[CLEANUP], 95thPercentileLatency(us), 2
[CLEANUP], 99thPercentileLatency(us), 2
