[OVERALL], RunTime(ms), 888849
[OVERALL], Throughput(ops/sec), 1.687575729960882
[TOTAL_GCS_G1_Young_Generation], Count, 6
[TOTAL_GC_TIME_G1_Young_Generation], Time(ms), 90
[TOTAL_GC_TIME_%_G1_Young_Generation], Time(%), 0.010125454379765293
[TOTAL_GCS_G1_Old_Generation], Count, 0
[TOTAL_GC_TIME_G1_Old_Generation], Time(ms), 0
[TOTAL_GC_TIME_%_G1_Old_Generation], Time(%), 0.0
[TOTAL_GCs], Count, 6
[TOTAL_GC_TIME], Time(ms), 90
[TOTAL_GC_TIME_%], Time(%), 0.010125454379765293
[READ], Operations, 1148
[READ], AverageLatency(us), 768435.7351916377
[READ], MinLatency(us), 650240
[READ], MaxLatency(us), 1127423
[READ], 95thPercentileLatency(us), 839679
[READ], 99thPercentileLatency(us), 891903
[READ], Return=OK, 1148
[READ], Return=ERROR, 352
[CLEANUP], Operations, 1
[CLEANUP], AverageLatency(us), 3.0
[CLEANUP], MinLatency(us), 3
[CLEANUP], MaxLatency(us), 3
[CLEANUP], 95thPercentileLatency(us), 3
[CLEANUP], 99thPercentileLatency(us), 3
[READ-FAILED], Operations, 352
[READ-FAILED], AverageLatency(us), 16691.309659090908
[READ-FAILED], MinLatency(us), 1880
[READ-FAILED], MaxLatency(us), 4296703
[READ-FAILED], 95thPercentileLatency(us), 8215
[READ-FAILED], 99thPercentileLatency(us), 10063
