[OVERALL], RunTime(ms), 1153135
[OVERALL], Throughput(ops/sec), 1.3008017274646941
[TOTAL_GCS_G1_Young_Generation], Count, 6
[TOTAL_GC_TIME_G1_Young_Generation], Time(ms), 138
[TOTAL_GC_TIME_%_G1_Young_Generation], Time(%), 0.011967375892675184
[TOTAL_GCS_G1_Old_Generation], Count, 0
[TOTAL_GC_TIME_G1_Old_Generation], Time(ms), 0
[TOTAL_GC_TIME_%_G1_Old_Generation], Time(%), 0.0
[TOTAL_GCs], Count, 6
[TOTAL_GC_TIME], Time(ms), 138
[TOTAL_GC_TIME_%], Time(%), 0.011967375892675184
[READ], Operations, 1500
[READ], AverageLatency(us), 768129.3653333334
[READ], MinLatency(us), 644096
[READ], MaxLatency(us), 916991
[READ], 95thPercentileLatency(us), 839679
[READ], 99thPercentileLatency(us), 864255
[READ], Return=OK, 1500
[CLEANUP], Operations, 1
[CLEANUP], AverageLatency(us), 3.0
[CLEANUP], MinLatency(us), 3
[CLEANUP], MaxLatency(us), 3
[CLEANUP], 95thPercentileLatency(us), 3
[CLEANUP], 99thPercentileLatency(us), 3
