timestamp;status;request_time;upstream_response_time
1558410605.048;200;0.737;0.736
1558410605.816;200;0.723;0.724
1558410606.620;200;0.800;0.800
1558410607.447;200;0.824;0.824
1558410608.264;200;0.813;0.816
1558410609.052;200;0.762;0.764
1558410609.809;200;0.753;0.756
1558410610.621;200;0.808;0.812
1558410611.380;200;0.756;0.756
1558410612.152;200;0.767;0.772
1558410612.950;200;0.794;0.796
1558410613.761;200;0.807;0.808
1558410614.516;200;0.751;0.756
1558410615.233;200;0.711;0.712
1558410615.993;200;0.752;0.756
1558410616.868;200;0.871;0.872
1558410617.614;200;0.743;0.744
1558410618.372;200;0.754;0.756
1558410619.141;200;0.765;0.768
1558410619.983;200;0.838;0.840
1558410620.721;200;0.733;0.736
1558410621.426;200;0.701;0.704
1558410622.184;200;0.755;0.756
1558410623.055;200;0.864;0.864
1558410623.809;200;0.751;0.752
1558410624.517;200;0.704;0.704
1558410625.284;200;0.763;0.764
1558410626.048;200;0.760;0.760
1558410626.809;200;0.757;0.760
1558410627.543;200;0.730;0.732
1558410628.341;200;0.793;0.796
1558410629.160;200;0.808;0.812
1558410629.923;200;0.758;0.756
1558410630.655;200;0.728;0.728
1558410631.395;200;0.735;0.736
1558410632.238;200;0.839;0.840
1558410632.992;200;0.749;0.752
1558410633.726;200;0.730;0.732
1558410634.514;200;0.784;0.784
1558410635.330;200;0.810;0.812
1558410636.101;200;0.766;0.768
1558410636.800;200;0.692;0.696
1558410637.546;200;0.742;0.744
1558410638.387;200;0.837;0.836
1558410639.159;200;0.769;0.768
1558410639.901;200;0.739;0.740
1558410640.669;200;0.765;0.768
1558410641.467;200;0.795;0.796
1558410642.235;200;0.765;0.764
1558410642.961;200;0.724;0.724
1558410643.726;200;0.762;0.764
1558410644.519;200;0.790;0.792
1558410645.254;200;0.731;0.732
1558410645.967;200;0.709;0.708
1558410646.719;200;0.750;0.752
1558410647.536;200;0.814;0.816
1558410648.283;200;0.744;0.744
1558410648.997;200;0.711;0.712
1558410649.672;200;0.673;0.672
1558410650.472;200;0.796;0.800
1558410651.215;200;0.740;0.740
1558410651.938;200;0.720;0.720
1558410652.718;200;0.777;0.780
1558410653.568;200;0.846;0.848
1558410654.312;200;0.739;0.740
1558410655.057;200;0.739;0.740
1558410655.815;200;0.754;0.752
1558410656.663;200;0.845;0.844
1558410657.431;200;0.762;0.764
1558410658.160;200;0.723;0.728
1558410658.873;200;0.710;0.712
1558410659.681;200;0.802;0.804
1558410660.413;200;0.725;0.728
1558410661.145;200;0.728;0.728
1558410661.939;200;0.791;0.792
1558410662.830;200;0.887;0.888
1558410663.555;200;0.722;0.724
1558410664.276;200;0.716;0.716
1558410665.025;200;0.741;0.744
1558410665.855;200;0.826;0.828
1558410666.603;200;0.746;0.748
1558410667.312;200;0.707;0.704
1558410668.069;200;0.754;0.756
1558410668.882;200;0.808;0.808
1558410669.625;200;0.740;0.744
1558410670.352;200;0.723;0.724
1558410671.150;200;0.794;0.796
1558410671.965;200;0.812;0.816
1558410672.743;200;0.774;0.772
1558410673.461;200;0.714;0.716
1558410674.216;200;0.751;0.756
1558410675.024;200;0.804;0.808
1558410675.755;200;0.728;0.728
1558410676.476;200;0.718;0.720
1558410677.209;200;0.730;0.732
1558410678.036;200;0.824;0.824
1558410678.776;200;0.736;0.740
1558410679.480;200;0.701;0.700
1558410680.284;200;0.801;0.800
1558410681.087;200;0.799;0.800
1558410681.827;200;0.734;0.736
1558410682.573;200;0.743;0.744
1558410683.232;200;0.656;0.656
1558410684.049;200;0.813;0.816
1558410684.812;200;0.725;0.728
1558410685.577;200;0.762;0.764
1558410686.308;200;0.728;0.728
1558410687.101;200;0.789;0.792
1558410687.847;200;0.743;0.744
1558410688.568;200;0.717;0.720
1558410689.272;200;0.702;0.704
1558410690.089;200;0.812;0.816
1558410690.829;200;0.737;0.740
1558410691.574;200;0.743;0.744
1558410692.338;200;0.760;0.760
1558410693.231;200;0.889;0.888
1558410693.996;200;0.757;0.760
1558410694.706;200;0.700;0.700
1558410695.463;200;0.746;0.748
1558410696.271;200;0.805;0.804
1558410697.041;200;0.768;0.764
1558410697.771;200;0.726;0.724
1558410698.549;200;0.774;0.776
1558410699.376;200;0.823;0.820
1558410700.111;200;0.731;0.732
1558410700.825;200;0.708;0.712
1558410701.611;200;0.779;0.780
1558410702.412;200;0.797;0.796
1558410703.191;200;0.775;0.776
1558410703.915;200;0.720;0.720
1558410704.720;200;0.801;0.800
1558410705.511;200;0.787;0.788
1558410706.269;200;0.755;0.752
1558410706.999;200;0.726;0.728
1558410707.823;200;0.821;0.820
1558410708.626;200;0.800;0.800
1558410709.381;200;0.752;0.756
1558410710.084;200;0.700;0.700
1558410710.828;200;0.742;0.744
1558410711.620;200;0.790;0.788
1558410712.381;200;0.759;0.760
1558410713.155;200;0.771;0.772
1558410713.933;200;0.776;0.776
1558410714.772;200;0.835;0.836
1558410715.487;200;0.713;0.712
1558410716.202;200;0.712;0.712
1558410716.945;200;0.739;0.740
1558410717.741;200;0.793;0.796
1558410718.463;200;0.719;0.720
1558410719.183;200;0.718;0.716
1558410719.925;200;0.740;0.740
1558410720.727;200;0.799;0.800
1558410721.469;200;0.739;0.740
1558410722.180;200;0.706;0.708
1558410722.931;200;0.747;0.748
1558410723.731;200;0.797;0.796
1558410724.464;200;0.730;0.732
1558410725.188;200;0.718;0.720
1558410725.941;200;0.749;0.752
1558410726.760;200;0.816;0.816
1558410727.491;200;0.728;0.728
1558410728.227;200;0.733;0.732
1558410728.989;200;0.759;0.760
1558410729.804;200;0.811;0.812
1558410730.547;200;0.740;0.740
1558410731.294;200;0.745;0.748
1558410732.048;200;0.751;0.748
1558410732.856;200;0.805;0.808
1558410733.584;200;0.725;0.728
1558410734.340;200;0.753;0.752
1558410735.139;200;0.795;0.796
1558410735.945;200;0.801;0.804
1558410736.694;200;0.744;0.744
1558410737.387;200;0.691;0.692
1558410738.138;200;0.749;0.748
1558410738.960;200;0.818;0.820
1558410739.686;200;0.723;0.724
1558410740.402;200;0.713;0.716
1558410741.189;200;0.784;0.788
1558410741.983;200;0.791;0.792
1558410742.727;200;0.741;0.740
1558410743.429;200;0.700;0.700
1558410744.165;200;0.733;0.736
1558410744.989;200;0.819;0.820
1558410745.747;200;0.755;0.756
1558410746.469;200;0.719;0.720
1558410747.244;200;0.772;0.772
1558410748.079;200;0.829;0.828
1558410748.817;200;0.736;0.736
1558410749.532;200;0.711;0.708
1558410750.270;200;0.735;0.736
1558410751.069;200;0.796;0.796
1558410751.791;200;0.719;0.720
1558410752.521;200;0.727;0.724
1558410753.272;200;0.747;0.748
1558410754.078;200;0.802;0.804
1558410754.814;200;0.726;0.728
1558410755.564;200;0.746;0.748
1558410756.305;200;0.737;0.740
1558410757.143;200;0.832;0.832
1558410757.870;200;0.722;0.724
1558410758.571;200;0.697;0.696
1558410759.413;200;0.840;0.840
1558410760.232;200;0.814;0.812
1558410760.986;200;0.750;0.752
1558410761.719;200;0.729;0.728
1558410762.488;200;0.766;0.764
1558410763.318;200;0.827;0.828
1558410764.049;200;0.726;0.728
1558410764.767;200;0.712;0.712
1558410765.557;200;0.787;0.788
1558410766.378;200;0.818;0.820
1558410767.111;200;0.727;0.728
1558410767.789;200;0.675;0.676
1558410768.561;200;0.766;0.764
1558410769.364;200;0.800;0.800
1558410770.101;200;0.733;0.736
1558410770.800;200;0.693;0.692
1558410771.577;200;0.769;0.772
1558410772.392;200;0.812;0.812
1558410773.155;200;0.759;0.760
1558410773.921;200;0.762;0.764
1558410774.682;200;0.755;0.756
1558410775.511;200;0.828;0.828
1558410776.305;200;0.788;0.788
1558410777.069;200;0.760;0.760
1558410777.834;200;0.760;0.760
1558410778.656;200;0.818;0.816
1558410779.368;200;0.709;0.708
1558410780.096;200;0.725;0.724
1558410780.828;200;0.730;0.732
1558410781.685;200;0.854;0.852
1558410782.411;200;0.723;0.724
1558410783.128;200;0.715;0.716
1558410783.843;200;0.711;0.712
1558410784.647;200;0.800;0.800
1558410785.404;200;0.755;0.756
1558410786.154;200;0.747;0.748
1558410786.908;200;0.751;0.752
1558410787.739;200;0.829;0.828
1558410788.511;200;0.770;0.772
1558410789.259;200;0.744;0.744
1558410790.014;200;0.752;0.752
1558410790.816;200;0.799;0.800
1558410791.573;200;0.753;0.752
1558410792.292;200;0.716;0.716
1558410793.064;200;0.770;0.768
1558410793.871;200;0.803;0.804
1558410794.597;200;0.721;0.724
1558410795.316;200;0.714;0.712
1558410796.091;200;0.771;0.772
1558410796.933;200;0.839;0.840
1558410797.672;200;0.736;0.740
1558410798.400;200;0.725;0.724
1558410799.152;200;0.748;0.748
1558410799.965;200;0.810;0.812
1558410800.708;200;0.739;0.740
1558410801.441;200;0.730;0.732
1558410802.189;200;0.745;0.748
1558410803.001;200;0.808;0.812
1558410803.771;200;0.768;0.768
1558410804.484;200;0.710;0.708
1558410805.226;200;0.736;0.736
1558410806.031;200;0.803;0.804
1558410806.755;200;0.722;0.720
1558410807.525;200;0.767;0.768
1558410808.312;200;0.784;0.784
1558410809.141;200;0.816;0.820
1558410809.874;200;0.730;0.732
1558410810.586;200;0.710;0.712
1558410811.370;200;0.781;0.780
1558410812.210;200;0.837;0.840
1558410812.950;200;0.736;0.736
1558410813.701;200;0.749;0.752
1558410814.493;200;0.789;0.792
1558410815.306;200;0.807;0.808
1558410816.059;200;0.751;0.752
1558410816.761;200;0.699;0.696
1558410817.451;200;0.687;0.688
1558410818.265;200;0.811;0.812
1558410819.016;200;0.748;0.748
1558410819.755;200;0.736;0.736
1558410820.533;200;0.776;0.776
1558410821.349;200;0.814;0.817
1558410822.084;200;0.732;0.736
1558410822.787;200;0.699;0.700
1558410823.593;200;0.802;0.804
1558410824.385;200;0.789;0.792
1558410825.121;200;0.732;0.736
1558410825.850;200;0.725;0.728
1558410826.626;200;0.773;0.776
1558410827.483;200;0.851;0.852
1558410828.206;200;0.720;0.720
1558410828.923;200;0.715;0.716
1558410829.704;200;0.780;0.780
1558410830.525;200;0.818;0.820
1558410831.259;200;0.731;0.732
1558410831.977;200;0.716;0.716
1558410832.721;200;0.740;0.744
1558410833.548;200;0.824;0.828
1558410834.306;200;0.752;0.752
1558410835.075;200;0.765;0.764
1558410835.836;200;0.759;0.756
1558410836.626;200;0.788;0.788
1558410837.366;200;0.738;0.740
1558410838.088;200;0.718;0.720
1558410838.850;200;0.758;0.760
1558410839.701;200;0.849;0.852
1558410840.447;200;0.744;0.744
1558410841.169;200;0.720;0.724
1558410841.939;200;0.766;0.764
1558410842.748;200;0.807;0.804
1558410843.457;200;0.706;0.708
1558410844.177;200;0.717;0.720
1558410844.948;200;0.767;0.764
1558410845.780;200;0.828;0.828
1558410846.517;200;0.734;0.736
1558410847.185;200;0.664;0.668
1558410847.932;200;0.744;0.744
1558410848.747;200;0.812;0.812
1558410849.548;200;0.796;0.796
1558410850.282;200;0.732;0.732
1558410851.094;200;0.809;0.812
1558410851.909;200;0.811;0.812
1558410852.658;200;0.747;0.748
1558410853.390;200;0.730;0.732
1558410854.156;200;0.763;0.764
1558410854.967;200;0.808;0.808
1558410855.737;200;0.768;0.768
1558410856.459;200;0.717;0.716
1558410857.161;200;0.699;0.700
1558410857.989;200;0.825;0.828
1558410858.743;200;0.752;0.752
1558410859.428;200;0.683;0.680
1558410860.225;200;0.795;0.796
1558410861.060;200;0.830;0.828
1558410861.821;200;0.758;0.760
1558410862.527;200;0.703;0.704
1558410863.258;200;0.728;0.728
1558410864.075;200;0.815;0.816
1558410864.806;200;0.725;0.724
1558410865.544;200;0.732;0.732
1558410866.335;200;0.788;0.788
1558410867.151;200;0.812;0.812
1558410867.897;200;0.742;0.744
1558410868.633;200;0.731;0.732
1558410869.383;200;0.746;0.748
1558410870.194;200;0.808;0.808
1558410870.926;200;0.728;0.728
1558410871.657;200;0.728;0.728
1558410872.408;200;0.747;0.744
1558410873.239;200;0.826;0.824
1558410873.983;200;0.742;0.740
1558410874.683;200;0.695;0.696
1558410875.431;200;0.746;0.744
1558410876.233;200;0.800;0.804
1558410876.992;200;0.757;0.756
1558410877.743;200;0.747;0.748
1558410878.481;200;0.735;0.736
1558410879.327;200;0.843;0.844
1558410880.072;200;0.743;0.744
1558410880.804;200;0.727;0.724
1558410881.597;200;0.788;0.792
1558410882.408;200;0.807;0.804
1558410883.175;200;0.765;0.764
1558410883.890;200;0.713;0.716
1558410884.636;200;0.743;0.740
1558410885.444;200;0.805;0.804
1558410886.168;200;0.721;0.720
1558410886.922;200;0.750;0.752
1558410887.629;200;0.705;0.708
1558410888.481;200;0.848;0.848
1558410889.234;200;0.750;0.752
1558410889.942;200;0.705;0.708
1558410890.684;200;0.739;0.740
1558410891.519;200;0.832;0.832
1558410892.270;200;0.748;0.748
1558410893.040;200;0.765;0.764
1558410893.796;200;0.753;0.752
1558410894.641;200;0.842;0.844
1558410895.372;200;0.726;0.724
1558410896.128;200;0.753;0.752
1558410896.869;200;0.737;0.740
1558410897.692;200;0.821;0.820
1558410898.473;200;0.778;0.780
1558410899.207;200;0.731;0.732
1558410899.959;200;0.749;0.748
1558410900.851;200;0.889;0.888
1558410901.619;200;0.765;0.764
1558410902.343;200;0.721;0.720
1558410903.112;200;0.764;0.764
1558410903.916;200;0.800;0.800
1558410904.664;200;0.744;0.744
1558410905.400;200;0.731;0.732
1558410906.144;200;0.742;0.740
1558410906.962;200;0.814;0.816
1558410907.675;200;0.711;0.712
1558410908.395;200;0.715;0.716
1558410909.180;200;0.782;0.780
1558410909.978;200;0.794;0.796
1558410910.748;200;0.766;0.764
1558410911.515;200;0.763;0.764
1558410912.270;200;0.753;0.752
1558410913.108;200;0.835;0.832
1558410913.875;200;0.762;0.764
1558410914.646;200;0.765;0.768
1558410915.437;200;0.788;0.792
1558410916.249;200;0.809;0.808
1558410916.987;200;0.736;0.736
1558410917.691;200;0.695;0.696
1558410918.437;200;0.744;0.740
1558410919.238;200;0.798;0.800
1558410919.982;200;0.743;0.744
1558410920.698;200;0.714;0.716
1558410921.513;200;0.811;0.812
1558410922.340;200;0.823;0.820
1558410923.081;200;0.739;0.736
1558410923.799;200;0.713;0.712
1558410924.555;200;0.753;0.752
1558410925.364;200;0.806;0.804
1558410926.124;200;0.758;0.756
1558410926.840;200;0.714;0.712
1558410927.603;200;0.760;0.760
1558410928.404;200;0.799;0.796
1558410929.129;200;0.723;0.724
1558410929.892;200;0.760;0.760
1558410930.672;200;0.777;0.776
1558410931.543;200;0.859;0.860
1558410932.260;200;0.715;0.716
1558410932.983;200;0.714;0.716
1558410933.720;200;0.734;0.732
1558410934.513;200;0.791;0.792
1558410935.269;200;0.752;0.756
1558410936.004;200;0.733;0.732
1558410936.760;200;0.752;0.752
1558410937.573;200;0.811;0.812
1558410938.300;200;0.724;0.724
1558410939.017;200;0.714;0.716
1558410939.786;200;0.765;0.768
1558410940.602;200;0.812;0.812
1558410941.370;200;0.766;0.768
1558410942.113;200;0.740;0.744
1558410942.874;200;0.758;0.760
1558410943.683;200;0.807;0.808
1558410944.425;200;0.740;0.740
1558410945.136;200;0.707;0.704
1558410945.877;200;0.738;0.736
1558410946.688;200;0.808;0.808
1558410947.452;200;0.761;0.760
1558410948.179;200;0.724;0.724
1558410948.919;200;0.737;0.736
1558410949.726;200;0.804;0.804
1558410950.507;200;0.779;0.780
1558410951.243;200;0.733;0.732
1558410952.009;200;0.764;0.764
1558410952.834;200;0.822;0.824
1558410953.602;200;0.765;0.768
1558410954.327;200;0.722;0.724
1558410955.075;200;0.741;0.740
1558410955.877;200;0.799;0.800
1558410956.649;200;0.769;0.772
1558410957.405;200;0.752;0.748
1558410958.207;200;0.799;0.800
1558410959.054;200;0.836;0.836
1558410959.787;200;0.730;0.732
1558410960.503;200;0.713;0.712
1558410961.252;200;0.747;0.744
1558410962.138;200;0.883;0.884
1558410962.880;200;0.740;0.740
1558410963.617;200;0.728;0.728
1558410964.407;200;0.787;0.788
1558410965.211;200;0.799;0.800
1558410966.019;200;0.805;0.804
1558410966.734;200;0.711;0.712
1558410967.493;200;0.756;0.756
1558410968.326;200;0.829;0.832
1558410969.063;200;0.734;0.736
1558410969.795;200;0.730;0.732
1558410970.568;200;0.771;0.772
1558410971.359;200;0.787;0.788
1558410972.144;200;0.783;0.780
1558410972.879;200;0.733;0.732
1558410973.651;200;0.770;0.768
1558410974.513;200;0.858;0.856
1558410975.258;200;0.742;0.744
1558410975.967;200;0.706;0.708
1558410976.743;200;0.774;0.772
1558410977.565;200;0.817;0.820
1558410978.336;200;0.768;0.768
1558410979.089;200;0.751;0.748
1558410979.956;200;0.840;0.840
1558410980.804;200;0.844;0.844
1558410981.568;200;0.762;0.760
1558410982.317;200;0.747;0.748
1558410983.012;200;0.693;0.692
1558410983.821;200;0.805;0.804
1558410984.603;200;0.780;0.780
1558410985.348;200;0.742;0.740
1558410986.113;200;0.763;0.764
1558410986.924;200;0.807;0.808
1558410987.663;200;0.734;0.732
1558410988.388;200;0.723;0.720
1558410989.170;200;0.780;0.780
1558410989.981;200;0.809;0.812
1558410990.732;200;0.748;0.748
1558410991.442;200;0.705;0.704
1558410992.184;200;0.739;0.740
1558410993.039;200;0.849;0.848
1558410993.778;200;0.736;0.736
1558410994.519;200;0.735;0.736
1558410995.272;200;0.749;0.748
1558410996.095;200;0.817;0.816
1558410996.840;200;0.740;0.740
1558410997.553;200;0.710;0.708
1558410998.268;200;0.712;0.712
1558410999.049;200;0.778;0.780
1558410999.799;200;0.748;0.748
1558411000.532;200;0.725;0.724
1558411001.367;200;0.833;0.832
1558411002.172;200;0.802;0.800
1558411002.923;200;0.749;0.748
1558411003.660;200;0.735;0.732
1558411004.433;200;0.769;0.772
1558411005.260;200;0.823;0.820
1558411006.015;200;0.752;0.752
1558411006.780;200;0.763;0.764
1558411007.541;200;0.757;0.756
1558411008.356;200;0.812;0.812
1558411009.078;200;0.719;0.720
1558411009.776;200;0.695;0.696
1558411010.517;200;0.738;0.740
1558411011.347;200;0.825;0.824
1558411012.103;200;0.751;0.752
1558411012.849;200;0.742;0.744
1558411013.625;200;0.772;0.768
1558411014.405;200;0.777;0.776
1558411015.156;200;0.745;0.744
1558411015.916;200;0.755;0.756
1558411016.684;200;0.760;0.760
1558411017.512;200;0.824;0.824
1558411018.229;200;0.714;0.716
1558411018.941;200;0.708;0.712
1558411019.704;200;0.760;0.760
1558411020.509;200;0.803;0.800
1558411021.295;200;0.783;0.784
1558411022.014;200;0.717;0.720
1558411022.768;200;0.750;0.748
1558411023.605;200;0.835;0.832
1558411024.353;200;0.746;0.744
1558411025.088;200;0.732;0.732
1558411025.835;200;0.744;0.744
1558411026.624;200;0.786;0.784
1558411027.373;200;0.747;0.744
1558411028.122;200;0.745;0.748
1558411028.917;200;0.792;0.792
1558411029.788;200;0.868;0.868
1558411030.546;200;0.756;0.756
1558411031.273;200;0.725;0.724
1558411032.061;200;0.785;0.784
1558411032.896;200;0.832;0.832
1558411033.666;200;0.768;0.768
1558411034.380;200;0.711;0.712
1558411035.086;200;0.702;0.704
1558411035.907;200;0.818;0.820
1558411036.647;200;0.738;0.740
1558411037.371;200;0.720;0.720
1558411038.068;200;0.694;0.692
1558411038.901;200;0.829;0.828
1558411039.633;200;0.729;0.728
1558411040.342;200;0.706;0.708
1558411041.020;200;0.672;0.672
1558411041.835;200;0.812;0.812
1558411042.602;200;0.765;0.764
1558411043.341;200;0.736;0.740
1558411044.127;200;0.783;0.784
1558411044.955;200;0.825;0.824
1558411045.706;200;0.749;0.752
1558411046.428;200;0.720;0.720
1558411047.205;200;0.774;0.776
1558411048.027;200;0.819;0.820
1558411048.768;200;0.739;0.736
1558411049.497;200;0.726;0.724
1558411050.261;200;0.761;0.760
1558411051.061;200;0.797;0.796
1558411051.815;200;0.752;0.752
1558411052.537;200;0.721;0.724
1558411053.332;200;0.791;0.788
1558411054.180;200;0.845;0.844
1558411054.909;200;0.726;0.724
1558411055.613;200;0.702;0.704
1558411056.356;200;0.740;0.740
1558411057.142;200;0.784;0.784
1558411057.892;200;0.748;0.748
1558411058.630;200;0.735;0.736
1558411059.378;200;0.745;0.744
1558411060.193;200;0.811;0.812
1558411060.935;200;0.738;0.740
1558411061.644;200;0.707;0.704
1558411062.393;200;0.745;0.744
1558411063.204;200;0.809;0.808
1558411063.948;200;0.739;0.736
1558411064.697;200;0.746;0.748
1558411065.452;200;0.752;0.752
1558411066.259;200;0.804;0.804
1558411066.983;200;0.721;0.720
1558411067.692;200;0.706;0.704
1558411068.452;200;0.757;0.756
1558411069.269;200;0.814;0.812
1558411069.999;200;0.728;0.728
1558411070.740;200;0.738;0.736
1558411071.494;200;0.752;0.752
1558411072.333;200;0.837;0.836
1558411073.090;200;0.753;0.756
1558411073.857;200;0.764;0.768
1558411074.614;200;0.752;0.752
1558411075.422;200;0.805;0.808
1558411076.162;200;0.738;0.740
1558411076.946;200;0.781;0.784
1558411077.707;200;0.758;0.760
1558411078.515;200;0.804;0.804
1558411079.282;200;0.764;0.764
1558411080.032;200;0.747;0.744
1558411080.834;200;0.800;0.800
1558411081.708;200;0.871;0.872
1558411082.445;200;0.735;0.732
1558411083.153;200;0.706;0.708
1558411083.933;200;0.777;0.776
1558411084.746;200;0.809;0.812
1558411085.487;200;0.739;0.740
1558411086.209;200;0.720;0.716
1558411086.974;200;0.762;0.764
1558411087.776;200;0.800;0.800
1558411088.517;200;0.738;0.736
1558411089.226;200;0.705;0.708
1558411089.985;200;0.756;0.760
1558411090.788;200;0.801;0.800
1558411091.510;200;0.719;0.721
1558411092.242;200;0.729;0.732
1558411093.047;200;0.802;0.804
1558411093.844;200;0.795;0.796
1558411094.600;200;0.752;0.752
1558411095.317;200;0.714;0.716
1558411096.073;200;0.753;0.756
1558411096.898;200;0.822;0.828
1558411097.660;200;0.759;0.760
1558411098.340;200;0.677;0.676
1558411099.089;200;0.744;0.748
1558411099.905;200;0.814;0.816
1558411100.678;200;0.770;0.776
1558411101.418;200;0.738;0.740
1558411102.196;200;0.775;0.776
1558411102.991;200;0.793;0.796
1558411103.721;200;0.728;0.732
1558411104.438;200;0.713;0.716
1558411105.213;200;0.769;0.772
1558411106.027;200;0.811;0.816
1558411106.776;200;0.740;0.744
1558411107.490;200;0.710;0.716
1558411108.306;200;0.814;0.812
1558411109.133;200;0.823;0.824
1558411109.869;200;0.733;0.736
1558411110.583;200;0.711;0.716
1558411111.359;200;0.773;0.776
1558411112.190;200;0.829;0.832
1558411112.936;200;0.742;0.740
1558411113.662;200;0.723;0.728
1558411114.404;200;0.739;0.736
1558411115.212;200;0.804;0.808
1558411115.960;200;0.744;0.748
1558411116.676;200;0.712;0.712
1558411117.420;200;0.742;0.744
1558411118.209;200;0.786;0.788
1558411118.929;200;0.717;0.724
1558411119.657;200;0.724;0.724
1558411120.415;200;0.755;0.760
1558411121.229;200;0.812;0.816
1558411121.998;200;0.766;0.768
1558411122.765;200;0.764;0.764
1558411123.539;200;0.771;0.776
1558411124.339;200;0.798;0.796
1558411125.083;200;0.740;0.744
1558411125.792;200;0.706;0.708
1558411126.577;200;0.782;0.784
1558411127.431;200;0.851;0.856
1558411128.154;200;0.721;0.724
1558411128.854;200;0.697;0.700
1558411129.612;200;0.755;0.756
1558411130.426;200;0.812;0.812
1558411131.176;200;0.748;0.752
1558411131.895;200;0.717;0.720
1558411132.628;200;0.731;0.732
1558411133.429;200;0.799;0.800
1558411134.158;200;0.727;0.732
1558411134.871;200;0.710;0.712
1558411135.624;200;0.751;0.752
1558411136.439;200;0.814;0.816
1558411137.190;200;0.749;0.752
1558411137.962;200;0.769;0.772
1558411138.717;200;0.752;0.752
1558411139.521;200;0.802;0.804
1558411140.262;200;0.735;0.740
1558411140.981;200;0.715;0.716
1558411141.766;200;0.783;0.788
1558411142.677;200;0.909;0.908
1558411143.408;200;0.729;0.732
1558411144.156;200;0.746;0.748
1558411144.924;200;0.765;0.768
1558411145.729;200;0.802;0.804
1558411146.466;200;0.734;0.740
1558411147.179;200;0.711;0.712
1558411147.942;200;0.761;0.760
1558411148.742;200;0.797;0.804
1558411149.488;200;0.743;0.744
1558411150.213;200;0.723;0.724
1558411151.003;200;0.787;0.792
1558411151.837;200;0.831;0.832
1558411152.584;200;0.745;0.748
1558411153.283;200;0.697;0.700
1558411154.038;200;0.752;0.756
1558411154.838;200;0.797;0.800
1558411155.580;200;0.740;0.740
1558411156.277;200;0.695;0.696
1558411157.022;200;0.741;0.748
1558411157.877;200;0.852;0.852
1558411158.608;200;0.728;0.732
1558411159.329;200;0.719;0.720
1558411160.166;200;0.835;0.840
1558411160.996;200;0.827;0.828
1558411161.760;200;0.762;0.764
1558411162.473;200;0.711;0.712
1558411163.212;200;0.736;0.740
1558411164.021;200;0.805;0.808
1558411164.750;200;0.724;0.728
1558411165.534;200;0.782;0.784
1558411166.549;200;1.013;1.012
1558411167.348;200;0.796;0.796
1558411168.109;200;0.757;0.756
1558411168.810;200;0.696;0.696
1558411169.591;200;0.779;0.784
1558411170.394;200;0.800;0.800
1558411171.122;200;0.726;0.732
1558411171.875;200;0.749;0.752
1558411172.680;200;0.802;0.804
1558411173.507;200;0.823;0.828
1558411174.247;200;0.737;0.740
1558411174.962;200;0.711;0.716
1558411175.751;200;0.787;0.788
1558411176.542;200;0.789;0.788
1558411177.286;200;0.741;0.748
1558411178.009;200;0.720;0.720
1558411178.779;200;0.767;0.768
1558411179.582;200;0.801;0.808
1558411180.342;200;0.756;0.760
1558411181.078;200;0.734;0.736
1558411181.846;200;0.765;0.764
1558411182.679;200;0.830;0.836
1558411183.445;200;0.761;0.764
1558411184.176;200;0.728;0.732
1558411184.941;200;0.762;0.764
1558411185.731;200;0.787;0.792
1558411186.479;200;0.742;0.744
1558411187.229;200;0.748;0.748
1558411188.024;200;0.793;0.796
1558411188.826;200;0.800;0.800
1558411189.564;200;0.736;0.740
1558411190.295;200;0.728;0.732
1558411191.060;200;0.763;0.764
1558411191.866;200;0.800;0.804
1558411192.611;200;0.741;0.744
1558411193.343;200;0.729;0.732
1558411194.129;200;0.783;0.784
1558411194.943;200;0.810;0.816
1558411195.733;200;0.788;0.788
1558411196.445;200;0.710;0.712
1558411197.200;200;0.751;0.756
1558411198.004;200;0.802;0.800
1558411198.731;200;0.725;0.728
1558411199.479;200;0.746;0.748
1558411200.226;200;0.745;0.748
1558411201.068;200;0.839;0.840
1558411201.861;200;0.791;0.792
1558411202.541;200;0.678;0.680
1558411203.332;200;0.788;0.792
1558411204.113;200;0.780;0.780
1558411204.883;200;0.767;0.772
1558411205.612;200;0.727;0.728
1558411206.386;200;0.772;0.776
1558411207.201;200;0.813;0.812
1558411207.941;200;0.739;0.740
1558411208.684;200;0.740;0.740
1558411209.482;200;0.794;0.800
1558411210.275;200;0.790;0.792
1558411211.056;200;0.779;0.780
1558411211.798;200;0.739;0.744
1558411212.547;200;0.746;0.748
1558411213.388;200;0.839;0.840
1558411214.168;200;0.778;0.780
1558411214.881;200;0.710;0.712
1558411215.675;200;0.791;0.796
1558411216.482;200;0.804;0.808
1558411217.226;200;0.738;0.744
1558411217.922;200;0.690;0.696
1558411218.705;200;0.777;0.776
1558411219.525;200;0.817;0.820
1558411220.296;200;0.768;0.772
1558411221.040;200;0.742;0.740
1558411221.784;200;0.739;0.740
1558411222.594;200;0.807;0.812
1558411223.365;200;0.768;0.768
1558411224.100;200;0.733;0.732
1558411224.851;200;0.747;0.752
1558411225.643;200;0.789;0.792
1558411226.417;200;0.772;0.772
1558411227.129;200;0.709;0.712
1558411227.919;200;0.788;0.792
1558411228.739;200;0.818;0.820
1558411229.464;200;0.723;0.720
1558411230.187;200;0.720;0.724
1558411230.999;200;0.809;0.812
1558411231.843;200;0.842;0.844
1558411232.595;200;0.750;0.752
1558411233.336;200;0.739;0.740
1558411234.025;200;0.687;0.684
1558411234.817;200;0.789;0.788
1558411235.559;200;0.739;0.744
1558411236.259;200;0.698;0.700
1558411237.021;200;0.760;0.760
1558411237.827;200;0.804;0.808
1558411238.573;200;0.744;0.744
1558411239.290;200;0.716;0.716
1558411240.049;200;0.757;0.760
1558411240.859;200;0.808;0.812
1558411241.625;200;0.764;0.764
1558411242.351;200;0.723;0.728
1558411243.124;200;0.771;0.768
1558411243.939;200;0.813;0.816
1558411244.697;200;0.755;0.756
1558411245.408;200;0.707;0.704
1558411246.198;200;0.787;0.788
1558411247.026;200;0.825;0.832
1558411247.773;200;0.745;0.744
1558411248.522;200;0.746;0.748
1558411249.262;200;0.738;0.744
1558411250.077;200;0.813;0.812
1558411250.826;200;0.747;0.748
1558411251.600;200;0.771;0.772
1558411252.326;200;0.723;0.724
1558411253.155;200;0.826;0.832
1558411253.904;200;0.746;0.748
1558411254.625;200;0.718;0.716
1558411255.447;200;0.819;0.824
1558411256.247;200;0.798;0.800
1558411257.005;200;0.755;0.756
1558411257.732;200;0.723;0.728
1558411258.567;200;0.831;0.836
1558411259.404;200;0.835;0.832
1558411260.168;200;0.759;0.764
1558411260.908;200;0.737;0.736
1558411261.653;200;0.741;0.744
1558411262.496;200;0.840;0.844
1558411263.239;200;0.740;0.744
1558411263.971;200;0.730;0.732
1558411264.766;200;0.790;0.796
1558411265.658;200;0.889;0.888
1558411266.439;200;0.777;0.780
1558411267.154;200;0.712;0.712
1558411267.908;200;0.751;0.756
1558411268.699;200;0.789;0.792
1558411269.441;200;0.740;0.740
1558411270.161;200;0.717;0.720
1558411270.916;200;0.754;0.756
1558411271.726;200;0.808;0.808
1558411272.482;200;0.754;0.756
1558411273.197;200;0.713;0.716
1558411273.971;200;0.772;0.772
1558411274.797;200;0.823;0.824
1558411275.542;200;0.742;0.744
1558411276.266;200;0.722;0.728
1558411277.011;200;0.742;0.744
1558411277.819;200;0.806;0.808
1558411278.526;200;0.705;0.704
1558411279.251;200;0.723;0.728
1558411280.057;200;0.804;0.804
1558411280.888;200;0.827;0.828
1558411281.653;200;0.763;0.764
1558411282.350;200;0.694;0.696
1558411283.103;200;0.751;0.756
1558411283.933;200;0.827;0.828
1558411284.711;200;0.775;0.776
1558411285.418;200;0.705;0.712
1558411286.171;200;0.750;0.752
1558411286.967;200;0.794;0.792
1558411287.709;200;0.740;0.744
1558411288.414;200;0.701;0.708
1558411289.175;200;0.759;0.756
1558411289.996;200;0.811;0.816
1558411290.720;200;0.720;0.720
1558411291.442;200;0.719;0.720
1558411292.221;200;0.776;0.780
1558411293.038;200;0.814;0.820
1558411293.773;200;0.729;0.732
1558411294.509;200;0.733;0.736
1558411295.276;200;0.764;0.768
1558411296.113;200;0.834;0.832
1558411296.829;200;0.712;0.716
1558411297.554;200;0.722;0.724
1558411298.273;200;0.715;0.716
1558411299.110;200;0.833;0.832
1558411299.834;200;0.722;0.724
1558411300.579;200;0.742;0.744
1558411301.353;200;0.772;0.768
1558411302.172;200;0.816;0.820
1558411302.942;200;0.768;0.772
1558411303.664;200;0.719;0.720
1558411304.433;200;0.767;0.768
1558411305.234;200;0.797;0.800
1558411305.986;200;0.749;0.748
1558411306.703;200;0.715;0.716
1558411307.491;200;0.786;0.788
1558411308.340;200;0.847;0.848
1558411309.077;200;0.734;0.736
1558411309.768;200;0.689;0.692
1558411310.552;200;0.781;0.784
1558411311.373;200;0.819;0.820
1558411312.120;200;0.745;0.748
1558411312.835;200;0.712;0.712
1558411313.592;200;0.755;0.756
1558411314.408;200;0.814;0.812
1558411315.142;200;0.731;0.732
1558411315.878;200;0.734;0.736
1558411316.691;200;0.810;0.812
1558411317.524;200;0.831;0.832
1558411318.254;200;0.728;0.728
1558411319.045;200;0.787;0.788
1558411319.821;200;0.773;0.776
1558411320.612;200;0.788;0.792
1558411321.328;200;0.715;0.716
1558411322.037;200;0.706;0.708
1558411322.784;200;0.744;0.748
1558411323.588;200;0.801;0.800
1558411324.339;200;0.750;0.752
1558411325.041;200;0.699;0.700
1558411325.810;200;0.766;0.768
1558411326.661;200;0.849;0.852
1558411327.413;200;0.749;0.752
1558411328.140;200;0.724;0.724
1558411328.864;200;0.722;0.724
1558411329.667;200;0.801;0.804
1558411330.425;200;0.756;0.756
1558411331.167;200;0.739;0.744
1558411331.957;200;0.788;0.788
1558411332.759;200;0.800;0.804
1558411333.527;200;0.767;0.768
1558411334.253;200;0.724;0.724
1558411335.015;200;0.759;0.764
1558411335.813;200;0.796;0.796
1558411336.510;200;0.696;0.696
1558411337.225;200;0.713;0.716
1558411337.975;200;0.745;0.744
1558411338.788;200;0.811;0.816
1558411339.530;200;0.740;0.740
1558411340.240;200;0.708;0.712
1558411341.025;200;0.784;0.784
1558411341.846;200;0.819;0.820
1558411342.582;200;0.734;0.736
1558411343.299;200;0.715;0.720
1558411344.130;200;0.828;0.828
1558411344.941;200;0.808;0.808
1558411345.691;200;0.748;0.752
1558411346.426;200;0.733;0.732
1558411347.219;200;0.790;0.796
1558411348.063;200;0.842;0.844
1558411348.793;200;0.727;0.728
1558411349.508;200;0.711;0.716
1558411350.256;200;0.745;0.748
1558411351.094;200;0.835;0.836
1558411351.825;200;0.729;0.732
1558411352.556;200;0.727;0.732
1558411353.329;200;0.771;0.772
1558411354.136;200;0.804;0.808
1558411354.887;200;0.748;0.752
1558411355.607;200;0.717;0.720
1558411356.360;200;0.750;0.748
1558411357.170;200;0.808;0.808
1558411357.916;200;0.744;0.748
1558411358.632;200;0.714;0.712
1558411359.404;200;0.770;0.772
1558411360.229;200;0.822;0.824
1558411360.976;200;0.744;0.744
1558411361.712;200;0.734;0.732
1558411362.449;200;0.733;0.736
1558411363.298;200;0.846;0.848
1558411364.032;200;0.732;0.736
1558411364.763;200;0.726;0.728
1558411365.517;200;0.749;0.748
1558411366.338;200;0.819;0.820
1558411367.072;200;0.731;0.736
1558411367.791;200;0.717;0.720
1558411368.568;200;0.774;0.776
1558411369.401;200;0.832;0.832
1558411370.159;200;0.753;0.756
1558411370.884;200;0.722;0.725
1558411371.604;200;0.718;0.720
1558411372.402;200;0.796;0.796
1558411373.136;200;0.732;0.736
1558411373.868;200;0.730;0.728
1558411374.628;200;0.757;0.760
1558411375.434;200;0.804;0.804
1558411376.182;200;0.746;0.748
1558411376.890;200;0.705;0.708
1558411377.651;200;0.759;0.760
1558411378.486;200;0.833;0.836
1558411379.226;200;0.737;0.736
1558411379.956;200;0.726;0.728
1558411380.733;200;0.773;0.772
1558411381.544;200;0.809;0.812
1558411382.281;200;0.734;0.736
1558411382.999;200;0.715;0.720
1558411383.780;200;0.779;0.780
1558411384.596;200;0.812;0.816
1558411385.351;200;0.752;0.756
1558411386.044;200;0.690;0.692
1558411386.801;200;0.755;0.756
1558411387.645;200;0.832;0.836
1558411388.370;200;0.723;0.724
1558411389.111;200;0.737;0.736
1558411389.909;200;0.796;0.800
1558411390.720;200;0.809;0.808
1558411391.477;200;0.755;0.756
1558411392.188;200;0.709;0.712
1558411392.966;200;0.776;0.776
1558411393.788;200;0.820;0.820
1558411394.536;200;0.747;0.748
1558411395.312;200;0.773;0.776
1558411396.117;200;0.803;0.804
1558411396.979;200;0.861;0.860
1558411397.730;200;0.749;0.752
1558411398.469;200;0.736;0.740
1558411399.201;200;0.730;0.732
1558411400.034;200;0.831;0.832
1558411400.811;200;0.774;0.780
1558411401.537;200;0.724;0.724
1558411402.313;200;0.773;0.776
1558411403.135;200;0.819;0.824
1558411403.888;200;0.744;0.748
1558411404.614;200;0.723;0.724
1558411405.358;200;0.741;0.744
1558411406.168;200;0.808;0.812
1558411406.918;200;0.749;0.748
1558411407.639;200;0.718;0.720
1558411408.423;200;0.782;0.788
1558411409.241;200;0.816;0.816
1558411409.969;200;0.725;0.728
1558411410.733;200;0.760;0.760
1558411411.508;200;0.773;0.776
1558411412.356;200;0.846;0.848
1558411413.093;200;0.735;0.736
1558411413.840;200;0.745;0.744
1558411414.593;200;0.750;0.752
1558411415.405;200;0.809;0.812
1558411416.144;200;0.737;0.740
1558411416.912;200;0.765;0.768
1558411417.685;200;0.771;0.772
1558411418.514;200;0.824;0.824
1558411419.246;200;0.729;0.732
1558411419.953;200;0.705;0.708
1558411420.728;200;0.773;0.772
1558411421.552;200;0.822;0.824
1558411422.287;200;0.733;0.732
1558411422.997;200;0.706;0.708
1558411423.748;200;0.748;0.752
1558411424.561;200;0.811;0.812
1558411425.284;200;0.720;0.724
1558411426.007;200;0.721;0.724
1558411426.785;200;0.776;0.776
1558411427.608;200;0.819;0.824
1558411428.347;200;0.737;0.736
1558411429.071;200;0.722;0.728
1558411429.854;200;0.781;0.780
1558411430.665;200;0.809;0.812
1558411431.400;200;0.732;0.736
1558411432.128;200;0.727;0.724
1558411432.934;200;0.804;0.804
1558411433.774;200;0.838;0.840
1558411434.536;200;0.760;0.760
1558411435.275;200;0.736;0.740
1558411436.020;200;0.743;0.740
1558411436.876;200;0.854;0.856
1558411437.621;200;0.743;0.744
1558411438.346;200;0.723;0.724
1558411439.149;200;0.801;0.804
1558411439.954;200;0.803;0.804
1558411440.717;200;0.761;0.764
1558411441.461;200;0.741;0.744
1558411442.266;200;0.802;0.804
1558411443.083;200;0.814;0.816
1558411443.852;200;0.767;0.768
1558411444.570;200;0.714;0.716
1558411445.317;200;0.744;0.744
1558411446.131;200;0.811;0.812
1558411446.891;200;0.757;0.760
1558411447.647;200;0.754;0.752
1558411448.361;200;0.713;0.716
1558411449.193;200;0.829;0.832
1558411449.940;200;0.745;0.748
1558411450.677;200;0.736;0.736
1558411451.490;200;0.811;0.812
1558411452.373;200;0.880;0.884
1558411453.117;200;0.742;0.744
1558411453.843;200;0.723;0.724
1558411454.652;200;0.806;0.808
1558411455.462;200;0.808;0.808
1558411456.259;200;0.794;0.796
1558411456.972;200;0.711;0.712
1558411457.717;200;0.744;0.744
1558411458.642;200;0.922;0.924
1558411459.373;200;0.728;0.732
1558411460.124;200;0.748;0.752
1558411460.913;200;0.787;0.788
1558411461.749;200;0.833;0.836
1558411462.486;200;0.734;0.736
1558411463.288;200;0.800;0.804
1558411464.036;200;0.747;0.744
1558411464.848;200;0.809;0.808
1558411465.653;200;0.804;0.808
1558411466.653;200;0.997;1.000
1558411467.482;200;0.827;0.828
1558411468.451;200;0.967;0.972
1558411469.308;200;0.855;0.856
1558411470.159;200;0.848;0.848
1558411471.024;200;0.863;0.864
1558411471.907;200;0.881;0.880
1558411472.730;200;0.822;0.824
1558411473.641;200;0.908;0.912
1558411474.433;200;0.788;0.788
1558411475.316;200;0.877;0.880
1558411476.131;200;0.812;0.816
1558411477.065;200;0.932;0.932
1558411477.893;200;0.825;0.828
1558411478.834;200;0.940;0.940
1558411479.797;200;0.960;0.964
1558411480.677;200;0.876;0.880
1558411481.625;200;0.945;0.948
1558411482.615;200;0.987;0.988
1558411483.472;200;0.856;0.860
1558411485.538;200;2.065;2.064
1558411486.551;200;1.008;1.012
1558411487.648;200;1.094;1.096
1558411491.772;502;4.122;1.024, 0.956, 0.996, 1.148, 0.000
1558411491.783;502;0.004;0.000, 0.000, 0.004, 0.000
1558411491.786;502;0.002;0.000, 0.004, 0.000, 0.000
1558411491.793;502;0.003;0.000, 0.000, 0.000, 0.004
1558411491.796;502;0.002;0.000, 0.000, 0.000, 0.000
1558411491.800;502;0.003;0.000, 0.000, 0.000, 0.000
1558411491.806;502;0.005;0.004, 0.000, 0.000, 0.004
1558411491.809;502;0.002;0.000, 0.000, 0.000, 0.004
1558411491.815;502;0.005;0.000, 0.004, 0.000, 0.000
1558411491.817;502;0.001;0.000, 0.000, 0.000, 0.004
1558411491.820;502;0.001;0.000, 0.000, 0.000, 0.000
1558411491.822;502;0.001;0.004, 0.000, 0.000, 0.000
1558411491.825;502;0.001;0.000, 0.000, 0.000, 0.004
1558411491.832;502;0.006;0.000, 0.004, 0.000, 0.000
1558411491.835;502;0.002;0.000, 0.000, 0.000, 0.000
1558411491.838;502;0.002;0.000, 0.000, 0.004, 0.000
1558411491.845;502;0.002;0.000, 0.000, 0.000, 0.000
1558411491.851;502;0.005;0.000, 0.004, 0.000, 0.000
1558411491.854;502;0.002;0.004, 0.000, 0.000, 0.000
1558411491.857;502;0.001;0.000, 0.000, 0.000, 0.000
1558411491.862;502;0.004;0.000, 0.004, 0.000, 0.000
1558411491.866;502;0.002;0.000, 0.000, 0.000, 0.004
1558411491.869;502;0.002;0.000, 0.000, 0.000, 0.004
1558411491.875;502;0.005;0.004, 0.000, 0.000, 0.000
1558411491.878;502;0.003;0.000, 0.004, 0.000, 0.000
1558411491.882;502;0.002;0.000, 0.000, 0.004, 0.000
1558411491.892;502;0.006;0.000, 0.004, 0.000, 0.000
1558411491.897;502;0.004;0.004, 0.000, 0.000, 0.000
1558411491.901;502;0.003;0.000, 0.000, 0.000, 0.000
1558411491.903;502;0.002;0.000, 0.000, 0.000, 0.000
1558411491.906;502;0.001;0.000, 0.004, 0.000, 0.000
1558411491.913;502;0.003;0.000, 0.000, 0.000, 0.000
1558411491.915;502;0.001;0.000, 0.000, 0.000, 0.000
1558411491.917;502;0.001;0.000, 0.000, 0.000, 0.004
1558411491.925;502;0.007;0.000, 0.004, 0.000, 0.000
1558411491.928;502;0.002;0.000, 0.000, 0.000, 0.000
1558411491.934;502;0.005;0.004, 0.000, 0.004, 0.000
1558411491.937;502;0.001;0.000, 0.000, 0.000, 0.004
1558411491.940;502;0.002;0.000, 0.000, 0.000, 0.000
1558411491.947;502;0.006;0.000, 0.000, 0.004, 0.000
1558411491.951;502;0.003;0.004, 0.000, 0.000, 0.000
1558411491.954;502;0.002;0.000, 0.000, 0.004, 0.000
1558411491.969;502;0.009;0.008, 0.000, 0.000, 0.004
1558411491.974;502;0.002;0.000, 0.000, 0.004, 0.000
1558411491.977;502;0.002;0.000, 0.000, 0.000, 0.000
1558411491.981;502;0.003;0.000, 0.000, 0.000, 0.004
1558411491.985;502;0.003;0.000, 0.000, 0.000, 0.000
1558411491.987;502;0.001;0.000, 0.000, 0.000, 0.000
1558411491.990;502;0.002;0.000, 0.004, 0.000, 0.000
1558411491.997;502;0.003;0.000, 0.000, 0.000, 0.000
1558411492.000;502;0.002;0.000, 0.000, 0.000, 0.000
1558411492.002;502;0.001;0.004, 0.000, 0.000, 0.000
1558411492.010;502;0.002;0.000, 0.004, 0.000, 0.000
1558411492.013;502;0.001;0.000, 0.000, 0.000, 0.004
1558411492.020;502;0.006;0.004, 0.000, 0.000, 0.000
1558411492.022;502;0.001;0.000, 0.004, 0.000, 0.000
1558411492.025;502;0.001;0.000, 0.000, 0.004, 0.000
1558411492.033;502;0.001;0.000, 0.000, 0.000, 0.000
1558411492.036;502;0.001;0.000, 0.000, 0.000, 0.000
1558411492.042;502;0.005;0.004, 0.000, 0.000, 0.004
1558411492.046;502;0.002;0.000, 0.004, 0.000, 0.000
1558411492.049;502;0.002;0.000, 0.000, 0.000, 0.004
1558411492.056;502;0.006;0.004, 0.000, 0.000, 0.000
1558411492.066;502;0.009;0.004, 0.004, 0.000, 0.004
1558411492.071;502;0.003;0.004, 0.000, 0.000, 0.000
1558411492.073;502;0.001;0.000, 0.000, 0.000, 0.004
1558411492.081;502;0.007;0.004, 0.000, 0.000, 0.000
1558411492.085;502;0.003;0.000, 0.000, 0.000, 0.000
1558411492.093;502;0.008;0.000, 0.008, 0.000, 0.000
1558411492.096;502;0.002;0.000, 0.000, 0.000, 0.000
1558411492.102;502;0.005;0.000, 0.000, 0.004, 0.000
1558411492.106;502;0.002;0.000, 0.000, 0.004, 0.000
1558411492.109;502;0.002;0.000, 0.000, 0.000, 0.004
1558411492.118;502;0.008;0.004, 0.000, 0.000, 0.004
1558411492.120;502;0.001;0.000, 0.000, 0.000, 0.000
1558411492.126;502;0.005;0.000, 0.000, 0.004, 0.000
1558411492.131;502;0.003;0.004, 0.000, 0.000, 0.000
1558411492.133;502;0.002;0.000, 0.000, 0.000, 0.000
1558411492.140;502;0.006;0.000, 0.004, 0.000, 0.000
1558411492.142;502;0.001;0.000, 0.004, 0.000, 0.000
1558411492.149;502;0.006;0.004, 0.000, 0.000, 0.004
1558411492.156;502;0.002;0.000, 0.000, 0.000, 0.000
1558411492.162;502;0.005;0.004, 0.000, 0.000, 0.004
1558411492.165;502;0.001;0.000, 0.000, 0.000, 0.004
1558411492.168;502;0.002;0.000, 0.000, 0.000, 0.000
1558411492.174;502;0.005;0.004, 0.000, 0.000, 0.004
1558411492.179;502;0.003;0.000, 0.004, 0.000, 0.000
1558411492.181;502;0.001;0.000, 0.000, 0.000, 0.004
1558411492.188;502;0.006;0.000, 0.004, 0.000, 0.000
1558411492.190;502;0.001;0.004, 0.000, 0.000, 0.000
1558411492.193;502;0.002;0.000, 0.000, 0.000, 0.000
1558411492.199;502;0.006;0.000, 0.000, 0.000, 0.004
1558411492.202;502;0.002;0.000, 0.004, 0.000, 0.000
1558411492.204;502;0.001;0.000, 0.000, 0.000, 0.000
1558411492.208;502;0.003;0.000, 0.000, 0.000, 0.000
1558411492.214;502;0.005;0.004, 0.000, 0.000, 0.004
1558411492.216;502;0.001;0.000, 0.000, 0.000, 0.000
1558411492.225;502;0.008;0.000, 0.000, 0.004, 0.004
1558411492.228;502;0.002;0.000, 0.000, 0.000, 0.000
1558411492.230;502;0.001;0.000, 0.004, 0.000, 0.000
1558411492.236;502;0.002;0.000, 0.000, 0.000, 0.000
1558411492.239;502;0.002;0.000, 0.000, 0.000, 0.000
1558411492.242;502;0.002;0.000, 0.000, 0.004, 0.000
1558411492.249;502;0.005;0.004, 0.000, 0.000, 0.000
1558411492.251;502;0.002;0.000, 0.000, 0.000, 0.000
1558411492.253;502;0.001;0.000, 0.000, 0.000, 0.004
1558411492.260;502;0.006;0.004, 0.000, 0.000, 0.000
1558411492.262;502;0.001;0.000, 0.004, 0.000, 0.000
1558411492.270;502;0.007;0.000, 0.004, 0.004, 0.000
1558411492.273;502;0.003;0.000, 0.000, 0.000, 0.000
1558411492.276;502;0.002;0.000, 0.000, 0.000, 0.000
1558411492.278;502;0.001;0.000, 0.004, 0.000, 0.000
1558411492.282;502;0.001;0.004, 0.000, 0.000, 0.000
1558411492.286;502;0.002;0.000, 0.000, 0.004, 0.000
1558411492.289;502;0.002;0.000, 0.000, 0.000, 0.000
1558411492.293;502;0.003;0.000, 0.000, 0.000, 0.004
1558411492.297;502;0.002;0.000, 0.000, 0.000, 0.000
1558411492.300;502;0.002;0.000, 0.000, 0.000, 0.000
1558411492.305;502;0.004;0.004, 0.000, 0.000, 0.000
1558411492.309;502;0.003;0.000, 0.000, 0.000, 0.000
1558411492.312;502;0.002;0.000, 0.000, 0.000, 0.000
1558411492.318;502;0.005;0.004, 0.000, 0.004, 0.000
1558411492.322;502;0.002;0.000, 0.004, 0.000, 0.000
1558411492.325;502;0.002;0.000, 0.000, 0.000, 0.004
1558411492.330;502;0.004;0.000, 0.004, 0.000, 0.000
1558411492.334;502;0.003;0.000, 0.000, 0.004, 0.000
1558411492.337;502;0.002;0.000, 0.000, 0.000, 0.000
1558411492.341;502;0.004;0.000, 0.000, 0.000, 0.004
1558411492.345;502;0.002;0.000, 0.000, 0.000, 0.000
1558411492.348;502;0.002;0.000, 0.000, 0.000, 0.000
1558411492.350;502;0.001;0.000, 0.004, 0.000, 0.000
1558411492.357;502;0.003;0.000, 0.000, 0.000, 0.004
1558411492.361;502;0.003;0.000, 0.000, 0.000, 0.000
1558411492.366;502;0.004;0.000, 0.004, 0.000, 0.000
1558411492.370;502;0.002;0.000, 0.004, 0.000, 0.000
1558411492.373;502;0.001;0.000, 0.000, 0.000, 0.004
1558411492.377;502;0.003;0.000, 0.000, 0.000, 0.000
1558411492.382;502;0.005;0.000, 0.000, 0.004, 0.000
1558411492.385;502;0.001;0.000, 0.000, 0.000, 0.004
1558411492.391;502;0.005;0.000, 0.004, 0.000, 0.000
1558411492.394;502;0.002;0.000, 0.004, 0.000, 0.000
1558411492.396;502;0.001;0.000, 0.000, 0.000, 0.000
1558411492.398;502;0.001;0.004, 0.000, 0.000, 0.000
1558411492.406;502;0.003;0.000, 0.000, 0.000, 0.004
1558411492.409;502;0.002;0.000, 0.000, 0.000, 0.000
1558411492.415;502;0.006;0.000, 0.000, 0.004, 0.000
1558411492.418;502;0.003;0.000, 0.004, 0.000, 0.000
1558411492.420;502;0.001;0.000, 0.000, 0.000, 0.000
1558411492.425;502;0.004;0.000, 0.000, 0.000, 0.004
1558411492.429;502;0.003;0.000, 0.000, 0.000, 0.000
1558411492.432;502;0.002;0.000, 0.000, 0.000, 0.000
1558411492.438;502;0.005;0.004, 0.000, 0.000, 0.004
1558411492.443;502;0.003;0.004, 0.000, 0.000, 0.000
1558411492.445;502;0.002;0.000, 0.000, 0.000, 0.000
1558411492.450;502;0.005;0.000, 0.000, 0.004, 0.000
1558411492.453;502;0.002;0.000, 0.000, 0.000, 0.004
1558411492.456;502;0.002;0.000, 0.000, 0.000, 0.000
1558411492.468;502;0.002;0.000, 0.000, 0.000, 0.000
1558411492.474;502;0.005;0.000, 0.000, 0.004, 0.000
1558411492.478;502;0.002;0.000, 0.000, 0.000, 0.004
1558411492.480;502;0.001;0.000, 0.000, 0.000, 0.000
1558411492.484;502;0.003;0.000, 0.000, 0.000, 0.000
1558411492.487;502;0.002;0.004, 0.000, 0.000, 0.000
1558411492.489;502;0.001;0.000, 0.000, 0.000, 0.004
1558411492.493;502;0.003;0.000, 0.000, 0.000, 0.000
1558411492.498;502;0.004;0.000, 0.000, 0.004, 0.000
1558411492.500;502;0.001;0.000, 0.000, 0.000, 0.000
1558411492.504;502;0.002;0.000, 0.000, 0.000, 0.000
1558411492.510;502;0.005;0.004, 0.000, 0.000, 0.004
1558411492.513;502;0.002;0.000, 0.000, 0.000, 0.000
1558411492.515;502;0.001;0.000, 0.000, 0.000, 0.000
1558411492.519;502;0.003;0.000, 0.004, 0.000, 0.000
1558411492.524;502;0.003;0.004, 0.000, 0.000, 0.000
1558411492.527;502;0.002;0.000, 0.000, 0.000, 0.000
1558411492.529;502;0.001;0.000, 0.000, 0.000, 0.004
1558411492.535;502;0.005;0.004, 0.000, 0.000, 0.000
1558411492.539;502;0.003;0.004, 0.000, 0.000, 0.000
1558411492.542;502;0.002;0.000, 0.000, 0.004, 0.000
1558411492.548;502;0.002;0.000, 0.000, 0.000, 0.000
1558411492.551;502;0.002;0.004, 0.000, 0.000, 0.000
1558411492.554;502;0.002;0.000, 0.000, 0.004, 0.000
1558411492.559;502;0.002;0.004, 0.000, 0.000, 0.000
1558411492.564;502;0.004;0.004, 0.000, 0.000, 0.000
1558411492.566;502;0.002;0.000, 0.004, 0.000, 0.000
1558411492.572;502;0.002;0.000, 0.000, 0.000, 0.000
1558411492.575;502;0.002;0.000, 0.000, 0.000, 0.000
1558411492.578;502;0.001;0.000, 0.004, 0.000, 0.000
1558411492.585;502;0.002;0.000, 0.000, 0.000, 0.000
1558411492.588;502;0.002;0.000, 0.000, 0.000, 0.000
1558411492.595;502;0.006;0.000, 0.000, 0.004, 0.000
1558411492.599;502;0.003;0.004, 0.000, 0.000, 0.000
1558411492.602;502;0.002;0.000, 0.000, 0.004, 0.000
1558411492.608;502;0.002;0.000, 0.000, 0.000, 0.000
1558411492.611;502;0.002;0.000, 0.000, 0.000, 0.000
1558411492.614;502;0.002;0.000, 0.000, 0.004, 0.000
1558411492.622;502;0.004;0.000, 0.000, 0.000, 0.004
1558411492.625;502;0.002;0.000, 0.000, 0.000, 0.000
1558411492.630;502;0.005;0.000, 0.000, 0.004, 0.000
1558411492.633;502;0.002;0.000, 0.000, 0.000, 0.000
1558411492.636;502;0.002;0.000, 0.000, 0.000, 0.000
1558411492.641;502;0.004;0.000, 0.000, 0.000, 0.004
1558411492.645;502;0.003;0.000, 0.000, 0.000, 0.004
1558411492.648;502;0.002;0.000, 0.000, 0.000, 0.000
1558411492.658;502;0.009;0.000, 0.000, 0.008, 0.000
1558411492.660;502;0.001;0.000, 0.000, 0.000, 0.000
1558411492.669;502;0.008;0.000, 0.000, 0.004, 0.004
1558411492.672;502;0.002;0.000, 0.000, 0.000, 0.000
1558411492.677;502;0.004;0.004, 0.000, 0.000, 0.000
1558411492.680;502;0.002;0.000, 0.000, 0.000, 0.000
1558411492.682;502;0.001;0.000, 0.004, 0.000, 0.000
1558411492.685;502;0.002;0.000, 0.000, 0.000, 0.004
1558411492.690;502;0.004;0.000, 0.004, 0.000, 0.000
1558411492.693;502;0.002;0.000, 0.000, 0.000, 0.004
1558411492.697;502;0.003;0.000, 0.000, 0.000, 0.000
1558411492.704;502;0.006;0.004, 0.000, 0.000, 0.000
1558411492.707;502;0.002;0.000, 0.000, 0.000, 0.000
1558411492.709;502;0.001;0.000, 0.000, 0.004, 0.000
1558411492.717;502;0.005;0.004, 0.000, 0.000, 0.004
1558411492.720;502;0.002;0.000, 0.000, 0.000, 0.000
1558411492.726;502;0.005;0.004, 0.000, 0.000, 0.004
1558411492.729;502;0.002;0.000, 0.000, 0.000, 0.004
1558411492.732;502;0.002;0.000, 0.000, 0.000, 0.000
1558411492.740;502;0.007;0.004, 0.000, 0.004, 0.000
1558411492.742;502;0.001;0.000, 0.004, 0.000, 0.000
1558411492.745;502;0.002;0.000, 0.000, 0.000, 0.000
1558411492.751;502;0.005;0.000, 0.004, 0.000, 0.000
1558411492.755;502;0.003;0.004, 0.000, 0.000, 0.000
1558411492.757;502;0.001;0.000, 0.000, 0.000, 0.004
1558411492.765;502;0.007;0.004, 0.000, 0.000, 0.000
1558411492.768;502;0.002;0.000, 0.000, 0.000, 0.000
1558411492.774;502;0.005;0.000, 0.000, 0.004, 0.000
1558411492.777;502;0.002;0.000, 0.000, 0.000, 0.000
1558411492.780;502;0.002;0.000, 0.000, 0.000, 0.000
1558411492.786;502;0.005;0.004, 0.000, 0.000, 0.004
1558411492.790;502;0.003;0.000, 0.004, 0.000, 0.000
1558411492.792;502;0.001;0.000, 0.000, 0.000, 0.000
1558411492.798;502;0.005;0.000, 0.000, 0.000, 0.004
1558411492.801;502;0.002;0.000, 0.000, 0.000, 0.004
1558411492.805;502;0.003;0.000, 0.000, 0.000, 0.000
1558411492.810;502;0.004;0.000, 0.000, 0.004, 0.000
1558411492.816;502;0.003;0.000, 0.000, 0.000, 0.000
1558411492.818;502;0.002;0.000, 0.000, 0.004, 0.000
1558411492.827;502;0.003;0.004, 0.000, 0.000, 0.000
1558411492.830;502;0.002;0.000, 0.004, 0.000, 0.000
1558411492.837;502;0.003;0.000, 0.000, 0.000, 0.000
1558411492.839;502;0.001;0.000, 0.000, 0.000, 0.000
1558411492.842;502;0.001;0.000, 0.004, 0.000, 0.000
1558411492.850;502;0.004;0.000, 0.000, 0.000, 0.004
1558411492.853;502;0.002;0.000, 0.000, 0.000, 0.000
1558411492.858;502;0.004;0.000, 0.000, 0.004, 0.000
1558411492.862;502;0.002;0.000, 0.004, 0.000, 0.000
1558411492.865;502;0.001;0.000, 0.000, 0.000, 0.004
1558411492.872;502;0.003;0.000, 0.000, 0.000, 0.000
1558411492.875;502;0.002;0.000, 0.000, 0.000, 0.000
1558411492.878;502;0.002;0.000, 0.004, 0.000, 0.000
1558411492.885;502;0.003;0.000, 0.000, 0.000, 0.004
1558411492.888;502;0.001;0.000, 0.000, 0.000, 0.000
1558411492.895;502;0.006;0.000, 0.000, 0.004, 0.000
1558411492.898;502;0.002;0.000, 0.004, 0.000, 0.000
1558411492.901;502;0.002;0.000, 0.000, 0.000, 0.000
1558411492.908;502;0.006;0.000, 0.004, 0.000, 0.000
1558411492.911;502;0.002;0.004, 0.000, 0.000, 0.000
1558411492.914;502;0.002;0.000, 0.000, 0.004, 0.000
1558411492.923;502;0.005;0.000, 0.000, 0.000, 0.004
1558411492.926;502;0.002;0.000, 0.000, 0.004, 0.000
1558411492.930;502;0.002;0.000, 0.000, 0.004, 0.000
1558411492.935;502;0.003;0.004, 0.000, 0.000, 0.000
1558411492.938;502;0.002;0.000, 0.000, 0.004, 0.000
1558411492.944;502;0.002;0.000, 0.000, 0.000, 0.000
1558411492.947;502;0.002;0.000, 0.000, 0.000, 0.000
1558411492.957;502;0.009;0.000, 0.012, 0.000, 0.000
1558411492.961;502;0.002;0.000, 0.000, 0.000, 0.000
1558411492.968;502;0.006;0.000, 0.004, 0.000, 0.000
1558411492.971;502;0.002;0.004, 0.000, 0.000, 0.000
1558411492.973;502;0.001;0.000, 0.000, 0.004, 0.000
1558411492.981;502;0.003;0.000, 0.000, 0.000, 0.004
1558411492.984;502;0.002;0.000, 0.000, 0.000, 0.000
1558411492.993;502;0.008;0.000, 0.000, 0.004, 0.004
1558411492.996;502;0.002;0.000, 0.000, 0.000, 0.000
1558411493.007;502;0.010;0.000, 0.000, 0.008, 0.000
1558411493.017;502;0.009;0.000, 0.008, 0.000, 0.000
1558411493.020;502;0.002;0.000, 0.000, 0.000, 0.000
1558411493.027;502;0.006;0.000, 0.000, 0.004, 0.000
1558411493.029;502;0.001;0.000, 0.000, 0.000, 0.004
1558411493.032;502;0.002;0.000, 0.000, 0.000, 0.000
1558411493.036;502;0.003;0.000, 0.004, 0.000, 0.000
1558411493.041;502;0.003;0.000, 0.000, 0.000, 0.000
1558411493.045;502;0.003;0.000, 0.000, 0.000, 0.000
1558411493.050;502;0.004;0.000, 0.000, 0.004, 0.000
1558411493.054;502;0.003;0.000, 0.000, 0.004, 0.000
1558411493.057;502;0.002;0.000, 0.000, 0.000, 0.004
1558411493.061;502;0.003;0.000, 0.000, 0.000, 0.000
1558411493.065;502;0.003;0.000, 0.000, 0.000, 0.000
1558411493.068;502;0.002;0.000, 0.000, 0.000, 0.000
1558411493.073;502;0.004;0.004, 0.000, 0.000, 0.004
1558411493.077;502;0.003;0.000, 0.000, 0.000, 0.000
1558411493.080;502;0.002;0.000, 0.000, 0.000, 0.000
1558411493.085;502;0.004;0.000, 0.000, 0.000, 0.000
1558411493.089;502;0.003;0.000, 0.000, 0.000, 0.000
1558411493.093;502;0.003;0.000, 0.000, 0.000, 0.000
1558411493.127;502;0.003;0.000, 0.004, 0.000, 0.000
1558411493.130;502;0.002;0.000, 0.004, 0.000, 0.000
1558411493.136;502;0.003;0.000, 0.000, 0.000, 0.000
1558411493.139;502;0.002;0.004, 0.000, 0.000, 0.000
1558411493.142;502;0.002;0.000, 0.004, 0.000, 0.000
1558411493.151;502;0.005;0.000, 0.000, 0.000, 0.004
1558411493.154;502;0.002;0.000, 0.000, 0.004, 0.000
1558411493.161;502;0.003;0.000, 0.000, 0.000, 0.004
1558411493.165;502;0.002;0.000, 0.000, 0.000, 0.000
1558411493.169;502;0.003;0.000, 0.000, 0.000, 0.000
1558411493.172;502;0.002;0.000, 0.000, 0.000, 0.000
1558411493.176;502;0.003;0.000, 0.000, 0.000, 0.000
1558411493.181;502;0.004;0.004, 0.000, 0.000, 0.000
1558411493.187;502;0.005;0.000, 0.004, 0.000, 0.000
1558411493.193;502;0.005;0.000, 0.004, 0.000, 0.004
1558411493.197;502;0.002;0.000, 0.000, 0.000, 0.004
1558411493.200;502;0.001;0.000, 0.000, 0.000, 0.000
1558411493.205;502;0.004;0.000, 0.000, 0.000, 0.004
1558411493.210;502;0.003;0.000, 0.000, 0.004, 0.000
1558411493.213;502;0.002;0.000, 0.000, 0.000, 0.000
1558411493.217;502;0.003;0.000, 0.000, 0.000, 0.000
1558411493.221;502;0.003;0.000, 0.000, 0.000, 0.000
1558411493.225;502;0.003;0.000, 0.000, 0.000, 0.000
1558411493.231;502;0.005;0.000, 0.000, 0.004, 0.000
1558411493.234;502;0.002;0.000, 0.004, 0.000, 0.000
1558411493.237;502;0.002;0.000, 0.000, 0.000, 0.004
1558411493.242;502;0.004;0.000, 0.004, 0.000, 0.000
1558411493.246;502;0.002;0.000, 0.000, 0.004, 0.000
1558411493.249;502;0.001;0.000, 0.000, 0.000, 0.004
1558411493.254;502;0.004;0.000, 0.000, 0.004, 0.000
1558411493.259;502;0.003;0.004, 0.000, 0.000, 0.000
1558411493.262;502;0.002;0.000, 0.000, 0.004, 0.000
1558411493.269;502;0.004;0.004, 0.000, 0.000, 0.000
1558411493.272;502;0.002;0.000, 0.000, 0.000, 0.000
1558411493.277;502;0.004;0.000, 0.000, 0.000, 0.004
1558411493.281;502;0.002;0.000, 0.000, 0.000, 0.004
1558411493.284;502;0.002;0.000, 0.000, 0.000, 0.000
1558411493.290;502;0.005;0.000, 0.004, 0.000, 0.000
1558411493.295;502;0.003;0.004, 0.000, 0.000, 0.000
1558411493.298;502;0.002;0.000, 0.000, 0.004, 0.000
1558411493.305;502;0.004;0.004, 0.000, 0.000, 0.000
1558411493.309;502;0.003;0.000, 0.000, 0.000, 0.000
1558411493.313;502;0.003;0.000, 0.000, 0.000, 0.000
1558411493.318;502;0.004;0.000, 0.000, 0.004, 0.000
1558411493.321;502;0.002;0.000, 0.000, 0.000, 0.000
1558411493.325;502;0.003;0.000, 0.000, 0.000, 0.000
1558411493.330;502;0.004;0.000, 0.004, 0.000, 0.000
1558411493.333;502;0.002;0.000, 0.000, 0.000, 0.004
1558411493.340;502;0.006;0.004, 0.000, 0.000, 0.000
1558411493.344;502;0.002;0.000, 0.000, 0.000, 0.000
1558411493.349;502;0.004;0.004, 0.000, 0.000, 0.004
1558411493.354;502;0.002;0.000, 0.000, 0.004, 0.000
