[WARN]  Running against a source checkout. In order to get our runtime dependencies we'll have to invoke Maven. Depending on the state of your system, this may take ~30-45 seconds
[DEBUG]  Running 'mvn -pl com.yahoo.ycsb:rest-binding -am package -DskipTests dependency:build-classpath -DincludeScope=compile -Dmdep.outputFilterFile=true'
WARNING: An illegal reflective access operation has occurred
WARNING: Illegal reflective access by com.google.inject.internal.cglib.core.$ReflectUtils$1 (file:/usr/share/maven/lib/guice.jar) to method java.lang.ClassLoader.defineClass(java.lang.String,byte[],int,int,java.security.ProtectionDomain)
WARNING: Please consider reporting this to the maintainers of com.google.inject.internal.cglib.core.$ReflectUtils$1
WARNING: Use --illegal-access=warn to enable warnings of further illegal reflective access operations
WARNING: All illegal access operations will be denied in a future release
java -cp /home/ubuntu/YCSB/rest/conf:/home/ubuntu/YCSB/rest/target/rest-binding-0.16.0-SNAPSHOT.jar:/home/ubuntu/.m2/repository/org/hdrhistogram/HdrHistogram/2.1.4/HdrHistogram-2.1.4.jar:/home/ubuntu/.m2/repository/org/glassfish/hk2/external/javax.inject/2.2.0/javax.inject-2.2.0.jar:/home/ubuntu/.m2/repository/com/github/stefanbirkner/system-rules/1.16.0/system-rules-1.16.0.jar:/home/ubuntu/.m2/repository/org/codehaus/jackson/jackson-core-asl/1.9.4/jackson-core-asl-1.9.4.jar:/home/ubuntu/.m2/repository/org/glassfish/jersey/core/jersey-server/2.6/jersey-server-2.6.jar:/home/ubuntu/YCSB/core/target/core-0.16.0-SNAPSHOT.jar:/home/ubuntu/.m2/repository/org/glassfish/hk2/hk2-api/2.2.0/hk2-api-2.2.0.jar:/home/ubuntu/.m2/repository/javax/ws/rs/javax.ws.rs-api/2.0/javax.ws.rs-api-2.0.jar:/home/ubuntu/.m2/repository/org/glassfish/hk2/hk2-locator/2.2.0/hk2-locator-2.2.0.jar:/home/ubuntu/.m2/repository/org/eclipse/jdt/core/compiler/ecj/4.4.2/ecj-4.4.2.jar:/home/ubuntu/.m2/repository/org/codehaus/jackson/jackson-mapper-asl/1.9.4/jackson-mapper-asl-1.9.4.jar:/home/ubuntu/.m2/repository/org/glassfish/jersey/bundles/repackaged/jersey-guava/2.6/jersey-guava-2.6.jar:/home/ubuntu/.m2/repository/org/glassfish/hk2/external/aopalliance-repackaged/2.2.0/aopalliance-repackaged-2.2.0.jar:/home/ubuntu/.m2/repository/org/javassist/javassist/3.18.1-GA/javassist-3.18.1-GA.jar:/home/ubuntu/.m2/repository/javax/annotation/javax.annotation-api/1.2/javax.annotation-api-1.2.jar:/home/ubuntu/.m2/repository/org/apache/htrace/htrace-core4/4.1.0-incubating/htrace-core4-4.1.0-incubating.jar:/home/ubuntu/.m2/repository/org/apache/tomcat/embed/tomcat-embed-logging-log4j/8.0.28/tomcat-embed-logging-log4j-8.0.28.jar:/home/ubuntu/.m2/repository/org/apache/tomcat/embed/tomcat-embed-el/8.0.28/tomcat-embed-el-8.0.28.jar:/home/ubuntu/.m2/repository/org/apache/tomcat/embed/tomcat-embed-logging-juli/8.0.28/tomcat-embed-logging-juli-8.0.28.jar:/home/ubuntu/.m2/repository/org/apache/tomcat/embed/tomcat-embed-core/8.0.28/tomcat-embed-core-8.0.28.jar:/home/ubuntu/.m2/repository/org/glassfish/hk2/osgi-resource-locator/1.0.1/osgi-resource-locator-1.0.1.jar:/home/ubuntu/.m2/repository/commons-codec/commons-codec/1.9/commons-codec-1.9.jar:/home/ubuntu/.m2/repository/org/glassfish/jersey/core/jersey-client/2.6/jersey-client-2.6.jar:/home/ubuntu/.m2/repository/org/apache/tomcat/embed/tomcat-embed-websocket/8.0.28/tomcat-embed-websocket-8.0.28.jar:/home/ubuntu/.m2/repository/commons-logging/commons-logging/1.2/commons-logging-1.2.jar:/home/ubuntu/.m2/repository/org/glassfish/hk2/hk2-utils/2.2.0/hk2-utils-2.2.0.jar:/home/ubuntu/.m2/repository/javax/validation/validation-api/1.1.0.Final/validation-api-1.1.0.Final.jar:/home/ubuntu/.m2/repository/org/apache/httpcomponents/httpclient/4.5.1/httpclient-4.5.1.jar:/home/ubuntu/.m2/repository/org/apache/tomcat/tomcat-dbcp/8.0.28/tomcat-dbcp-8.0.28.jar:/home/ubuntu/.m2/repository/org/glassfish/jersey/containers/jersey-container-servlet-core/2.6/jersey-container-servlet-core-2.6.jar:/home/ubuntu/.m2/repository/org/apache/tomcat/embed/tomcat-embed-jasper/8.0.28/tomcat-embed-jasper-8.0.28.jar:/home/ubuntu/.m2/repository/org/glassfish/jersey/core/jersey-common/2.6/jersey-common-2.6.jar:/home/ubuntu/.m2/repository/org/apache/httpcomponents/httpcore/4.4.4/httpcore-4.4.4.jar com.yahoo.ycsb.Client -db com.yahoo.ycsb.webservice.rest.RestClient -s -P workloads/rest_workload -t
Command line: -db com.yahoo.ycsb.webservice.rest.RestClient -s -P workloads/rest_workload -t
YCSB Client 0.16.0-SNAPSHOT

Loading workload...
Starting test.
2019-05-21 02:49:24:548 0 sec: 0 operations; est completion in 0 second 
DBWrapper: report latency for each error is false and specific error codes to track for latency are: []
2019-05-21 02:49:34:499 10 sec: 12 operations; 1.2 current ops/sec; est completion in 20 minutes [READ: Count=12, Max=837631, Min=723968, Avg=772010.67, 90=814591, 99=837631, 99.9=837631, 99.99=837631] 
2019-05-21 02:49:44:496 20 sec: 25 operations; 1.3 current ops/sec; est completion in 19 minutes [READ: Count=13, Max=825343, Min=741888, Avg=770579.69, 90=811519, 99=825343, 99.9=825343, 99.99=825343] 
2019-05-21 02:49:54:496 30 sec: 38 operations; 1.3 current ops/sec; est completion in 19 minutes [READ: Count=13, Max=852991, Min=705024, Avg=771367.38, 90=833535, 99=852991, 99.9=852991, 99.99=852991] 
2019-05-21 02:50:04:496 40 sec: 51 operations; 1.3 current ops/sec; est completion in 18 minutes [READ: Count=13, Max=857599, Min=688640, Avg=762978.46, 90=817663, 99=857599, 99.9=857599, 99.99=857599] 
2019-05-21 02:50:14:495 50 sec: 64 operations; 1.3 current ops/sec; est completion in 18 minutes [READ: Count=13, Max=831999, Min=724480, Avg=781568, 90=826879, 99=831999, 99.9=831999, 99.99=831999] 
2019-05-21 02:50:24:496 60 sec: 77 operations; 1.3 current ops/sec; est completion in 18 minutes [READ: Count=13, Max=870911, Min=699392, Avg=768689.23, 90=827903, 99=870911, 99.9=870911, 99.99=870911] 
2019-05-21 02:50:34:498 70 sec: 90 operations; 1.3 current ops/sec; est completion in 18 minutes [READ: Count=13, Max=821759, Min=728064, Avg=760103.38, 90=820223, 99=821759, 99.9=821759, 99.99=821759] 
2019-05-21 02:50:44:496 80 sec: 103 operations; 1.3 current ops/sec; est completion in 18 minutes [READ: Count=13, Max=818687, Min=732160, Avg=769161.85, 90=814079, 99=818687, 99.9=818687, 99.99=818687] 
2019-05-21 02:50:54:496 90 sec: 116 operations; 1.3 current ops/sec; est completion in 17 minutes [READ: Count=13, Max=845311, Min=719872, Avg=776054.15, 90=813055, 99=845311, 99.9=845311, 99.99=845311] 
2019-05-21 02:51:04:495 100 sec: 129 operations; 1.3 current ops/sec; est completion in 17 minutes [READ: Count=13, Max=825855, Min=715776, Avg=761521.23, 90=820223, 99=825855, 99.9=825855, 99.99=825855] 
2019-05-21 02:51:14:496 110 sec: 142 operations; 1.3 current ops/sec; est completion in 17 minutes [READ: Count=13, Max=831487, Min=715776, Avg=760772.92, 90=820223, 99=831487, 99.9=831487, 99.99=831487] 
2019-05-21 02:51:24:496 120 sec: 155 operations; 1.3 current ops/sec; est completion in 17 minutes [READ: Count=13, Max=818687, Min=701440, Avg=759630.77, 90=816127, 99=818687, 99.9=818687, 99.99=818687] 
2019-05-21 02:51:34:496 130 sec: 168 operations; 1.3 current ops/sec; est completion in 17 minutes [READ: Count=13, Max=820735, Min=735232, Avg=770500.92, 90=819711, 99=820735, 99.9=820735, 99.99=820735] 
2019-05-21 02:51:44:497 140 sec: 181 operations; 1.3 current ops/sec; est completion in 17 minutes [READ: Count=13, Max=823295, Min=697856, Avg=758606.77, 90=813567, 99=823295, 99.9=823295, 99.99=823295] 
2019-05-21 02:51:54:496 150 sec: 194 operations; 1.3 current ops/sec; est completion in 16 minutes [READ: Count=13, Max=846847, Min=712704, Avg=768256, 90=829439, 99=846847, 99.9=846847, 99.99=846847] 
2019-05-21 02:52:04:496 160 sec: 207 operations; 1.3 current ops/sec; est completion in 16 minutes [READ: Count=13, Max=831487, Min=720896, Avg=763805.54, 90=821247, 99=831487, 99.9=831487, 99.99=831487] 
2019-05-21 02:52:14:495 170 sec: 221 operations; 1.4 current ops/sec; est completion in 16 minutes [READ: Count=14, Max=820735, Min=720896, Avg=761892.57, 90=817151, 99=820735, 99.9=820735, 99.99=820735] 
2019-05-21 02:52:24:495 180 sec: 234 operations; 1.3 current ops/sec; est completion in 16 minutes [READ: Count=13, Max=880639, Min=702464, Avg=768768, 90=833023, 99=880639, 99.9=880639, 99.99=880639] 
2019-05-21 02:52:34:495 190 sec: 247 operations; 1.3 current ops/sec; est completion in 16 minutes [READ: Count=13, Max=849407, Min=713216, Avg=766089.85, 90=832511, 99=849407, 99.9=849407, 99.99=849407] 
2019-05-21 02:52:44:496 200 sec: 260 operations; 1.3 current ops/sec; est completion in 15 minutes [READ: Count=13, Max=835071, Min=715776, Avg=770737.23, 90=833023, 99=835071, 99.9=835071, 99.99=835071] 
2019-05-21 02:52:54:498 210 sec: 272 operations; 1.2 current ops/sec; est completion in 15 minutes [READ: Count=12, Max=845823, Min=717312, Avg=774954.67, 90=843263, 99=845823, 99.9=845823, 99.99=845823] 
2019-05-21 02:53:04:496 220 sec: 286 operations; 1.4 current ops/sec; est completion in 15 minutes [READ: Count=14, Max=878591, Min=706048, Avg=763830.86, 90=828927, 99=878591, 99.9=878591, 99.99=878591] 
2019-05-21 02:53:14:497 230 sec: 299 operations; 1.3 current ops/sec; est completion in 15 minutes [READ: Count=13, Max=815615, Min=721920, Avg=766601.85, 90=813567, 99=815615, 99.9=815615, 99.99=815615] 
2019-05-21 02:53:24:496 240 sec: 312 operations; 1.3 current ops/sec; est completion in 15 minutes [READ: Count=13, Max=821247, Min=701952, Avg=766404.92, 90=821247, 99=821247, 99.9=821247, 99.99=821247] 
2019-05-21 02:53:34:498 250 sec: 325 operations; 1.3 current ops/sec; est completion in 15 minutes [READ: Count=13, Max=846847, Min=693248, Avg=766798.77, 90=830463, 99=846847, 99.9=846847, 99.99=846847] 
2019-05-21 02:53:44:496 260 sec: 338 operations; 1.3 current ops/sec; est completion in 14 minutes [READ: Count=13, Max=820223, Min=699904, Avg=752384, 90=818175, 99=820223, 99.9=820223, 99.99=820223] 
2019-05-21 02:53:54:496 270 sec: 351 operations; 1.3 current ops/sec; est completion in 14 minutes [READ: Count=13, Max=813567, Min=718336, Avg=760260.92, 90=808959, 99=813567, 99.9=813567, 99.99=813567] 
2019-05-21 02:54:04:496 280 sec: 364 operations; 1.3 current ops/sec; est completion in 14 minutes [READ: Count=13, Max=830975, Min=713216, Avg=760182.15, 90=807935, 99=830975, 99.9=830975, 99.99=830975] 
2019-05-21 02:54:14:495 290 sec: 377 operations; 1.3 current ops/sec; est completion in 14 minutes [READ: Count=13, Max=840703, Min=715264, Avg=766286.77, 90=806911, 99=840703, 99.9=840703, 99.99=840703] 
2019-05-21 02:54:24:495 300 sec: 391 operations; 1.4 current ops/sec; est completion in 14 minutes [READ: Count=14, Max=795647, Min=698368, Avg=753298.29, 90=787967, 99=795647, 99.9=795647, 99.99=795647] 
2019-05-21 02:54:34:497 310 sec: 404 operations; 1.3 current ops/sec; est completion in 14 minutes [READ: Count=13, Max=815615, Min=706048, Avg=762978.46, 90=813567, 99=815615, 99.9=815615, 99.99=815615] 
2019-05-21 02:54:44:497 320 sec: 417 operations; 1.3 current ops/sec; est completion in 13 minutes [READ: Count=13, Max=841215, Min=725504, Avg=768019.69, 90=815103, 99=841215, 99.9=841215, 99.99=841215] 
2019-05-21 02:54:54:495 330 sec: 430 operations; 1.3 current ops/sec; est completion in 13 minutes [READ: Count=13, Max=824831, Min=713728, Avg=768019.69, 90=817663, 99=824831, 99.9=824831, 99.99=824831] 
2019-05-21 02:55:04:496 340 sec: 442 operations; 1.2 current ops/sec; est completion in 13 minutes [READ: Count=12, Max=876543, Min=706560, Avg=784256, 90=848383, 99=876543, 99.9=876543, 99.99=876543] 
2019-05-21 02:55:14:496 350 sec: 455 operations; 1.3 current ops/sec; est completion in 13 minutes [READ: Count=13, Max=809471, Min=710144, Avg=767901.54, 90=804351, 99=809471, 99.9=809471, 99.99=809471] 
2019-05-21 02:55:24:497 360 sec: 469 operations; 1.4 current ops/sec; est completion in 13 minutes [READ: Count=14, Max=849919, Min=712192, Avg=763428.57, 90=811519, 99=849919, 99.9=849919, 99.99=849919] 
2019-05-21 02:55:34:498 370 sec: 482 operations; 1.3 current ops/sec; est completion in 13 minutes [READ: Count=13, Max=829439, Min=682496, Avg=752699.08, 90=814079, 99=829439, 99.9=829439, 99.99=829439] 
2019-05-21 02:55:44:496 380 sec: 495 operations; 1.3 current ops/sec; est completion in 12 minutes [READ: Count=13, Max=842239, Min=702464, Avg=765696, 90=822783, 99=842239, 99.9=842239, 99.99=842239] 
2019-05-21 02:55:54:497 390 sec: 508 operations; 1.3 current ops/sec; est completion in 12 minutes [READ: Count=13, Max=816127, Min=713728, Avg=763214.77, 90=812543, 99=816127, 99.9=816127, 99.99=816127] 
2019-05-21 02:56:04:496 400 sec: 521 operations; 1.3 current ops/sec; est completion in 12 minutes [READ: Count=13, Max=851455, Min=723968, Avg=765617.23, 90=833023, 99=851455, 99.9=851455, 99.99=851455] 
2019-05-21 02:56:14:496 410 sec: 534 operations; 1.3 current ops/sec; est completion in 12 minutes [READ: Count=13, Max=821247, Min=710144, Avg=758331.08, 90=802303, 99=821247, 99.9=821247, 99.99=821247] 
2019-05-21 02:56:24:498 420 sec: 547 operations; 1.3 current ops/sec; est completion in 12 minutes [READ: Count=13, Max=841727, Min=684032, Avg=755259.08, 90=841215, 99=841727, 99.9=841727, 99.99=841727] 
2019-05-21 02:56:34:496 430 sec: 561 operations; 1.4 current ops/sec; est completion in 12 minutes [READ: Count=14, Max=842751, Min=713728, Avg=762989.71, 90=814079, 99=842751, 99.9=842751, 99.99=842751] 
2019-05-21 02:56:44:496 440 sec: 574 operations; 1.3 current ops/sec; est completion in 11 minutes [READ: Count=13, Max=847359, Min=709120, Avg=762112, 90=802815, 99=847359, 99.9=847359, 99.99=847359] 
2019-05-21 02:56:54:497 450 sec: 587 operations; 1.3 current ops/sec; est completion in 11 minutes [READ: Count=13, Max=851967, Min=705536, Avg=765932.31, 90=838143, 99=851967, 99.9=851967, 99.99=851967] 
2019-05-21 02:57:04:497 460 sec: 600 operations; 1.3 current ops/sec; est completion in 11 minutes [READ: Count=13, Max=850943, Min=708608, Avg=763411.69, 90=814079, 99=850943, 99.9=850943, 99.99=850943] 
2019-05-21 02:57:14:496 470 sec: 613 operations; 1.3 current ops/sec; est completion in 11 minutes [READ: Count=13, Max=800767, Min=741888, Avg=775148.31, 90=800255, 99=800767, 99.9=800767, 99.99=800767] 
2019-05-21 02:57:24:497 480 sec: 626 operations; 1.3 current ops/sec; est completion in 11 minutes [READ: Count=13, Max=845823, Min=707584, Avg=763963.08, 90=820223, 99=845823, 99.9=845823, 99.99=845823] 
2019-05-21 02:57:34:496 490 sec: 639 operations; 1.3 current ops/sec; est completion in 11 minutes [READ: Count=13, Max=840191, Min=681472, Avg=766601.85, 90=814591, 99=840191, 99.9=840191, 99.99=840191] 
2019-05-21 02:57:44:496 500 sec: 652 operations; 1.3 current ops/sec; est completion in 10 minutes [READ: Count=13, Max=849407, Min=702464, Avg=767901.54, 90=809983, 99=849407, 99.9=849407, 99.99=849407] 
2019-05-21 02:57:54:497 510 sec: 665 operations; 1.3 current ops/sec; est completion in 10 minutes [READ: Count=13, Max=837631, Min=704000, Avg=762860.31, 90=822783, 99=837631, 99.9=837631, 99.99=837631] 
2019-05-21 02:58:04:496 520 sec: 678 operations; 1.3 current ops/sec; est completion in 10 minutes [READ: Count=13, Max=847359, Min=702464, Avg=762112, 90=836607, 99=847359, 99.9=847359, 99.99=847359] 
2019-05-21 02:58:14:496 530 sec: 691 operations; 1.3 current ops/sec; est completion in 10 minutes [READ: Count=13, Max=830463, Min=692736, Avg=768728.62, 90=820735, 99=830463, 99.9=830463, 99.99=830463] 
2019-05-21 02:58:24:497 540 sec: 704 operations; 1.3 current ops/sec; est completion in 10 minutes [READ: Count=13, Max=828927, Min=711680, Avg=772115.69, 90=814591, 99=828927, 99.9=828927, 99.99=828927] 
2019-05-21 02:58:34:496 550 sec: 717 operations; 1.3 current ops/sec; est completion in 10 minutes [READ: Count=13, Max=822783, Min=702976, Avg=759709.54, 90=803839, 99=822783, 99.9=822783, 99.99=822783] 
2019-05-21 02:58:44:496 560 sec: 730 operations; 1.3 current ops/sec; est completion in 9 minutes [READ: Count=13, Max=850431, Min=714752, Avg=761796.92, 90=812543, 99=850431, 99.9=850431, 99.99=850431] 
2019-05-21 02:58:54:497 570 sec: 743 operations; 1.3 current ops/sec; est completion in 9 minutes [READ: Count=13, Max=829951, Min=704512, Avg=768452.92, 90=818687, 99=829951, 99.9=829951, 99.99=829951] 
2019-05-21 02:59:04:496 580 sec: 756 operations; 1.3 current ops/sec; est completion in 9 minutes [READ: Count=13, Max=861183, Min=683008, Avg=775108.92, 90=835583, 99=861183, 99.9=861183, 99.99=861183] 
2019-05-21 02:59:14:496 590 sec: 769 operations; 1.3 current ops/sec; est completion in 9 minutes [READ: Count=13, Max=831999, Min=718336, Avg=763451.08, 90=823295, 99=831999, 99.9=831999, 99.99=831999] 
2019-05-21 02:59:24:497 600 sec: 783 operations; 1.4 current ops/sec; est completion in 9 minutes [READ: Count=14, Max=822271, Min=712704, Avg=757138.29, 90=811007, 99=822271, 99.9=822271, 99.99=822271] 
2019-05-21 02:59:34:497 610 sec: 795 operations; 1.2 current ops/sec; est completion in 9 minutes [READ: Count=12, Max=829439, Min=721920, Avg=767232, 90=823807, 99=829439, 99.9=829439, 99.99=829439] 
2019-05-21 02:59:44:497 620 sec: 809 operations; 1.4 current ops/sec; est completion in 8 minutes [READ: Count=14, Max=854015, Min=670720, Avg=763428.57, 90=843263, 99=854015, 99.9=854015, 99.99=854015] 
2019-05-21 02:59:54:498 630 sec: 822 operations; 1.3 current ops/sec; est completion in 8 minutes [READ: Count=13, Max=836095, Min=714752, Avg=761521.23, 90=834047, 99=836095, 99.9=836095, 99.99=836095] 
2019-05-21 03:00:04:497 640 sec: 835 operations; 1.3 current ops/sec; est completion in 8 minutes [READ: Count=13, Max=848383, Min=730112, Avg=767310.77, 90=817663, 99=848383, 99.9=848383, 99.99=848383] 
2019-05-21 03:00:14:496 650 sec: 848 operations; 1.3 current ops/sec; est completion in 8 minutes [READ: Count=13, Max=851967, Min=635392, Avg=761166.77, 90=815103, 99=851967, 99.9=851967, 99.99=851967] 
2019-05-21 03:00:24:496 660 sec: 861 operations; 1.3 current ops/sec; est completion in 8 minutes [READ: Count=13, Max=856575, Min=706048, Avg=763490.46, 90=816639, 99=856575, 99.9=856575, 99.99=856575] 
2019-05-21 03:00:34:496 670 sec: 874 operations; 1.3 current ops/sec; est completion in 8 minutes [READ: Count=13, Max=837631, Min=713728, Avg=765223.38, 90=834559, 99=837631, 99.9=837631, 99.99=837631] 
2019-05-21 03:00:44:495 680 sec: 887 operations; 1.3 current ops/sec; est completion in 7 minutes [READ: Count=13, Max=834559, Min=729600, Avg=768256, 90=801791, 99=834559, 99.9=834559, 99.99=834559] 
2019-05-21 03:00:54:496 690 sec: 900 operations; 1.3 current ops/sec; est completion in 7 minutes [READ: Count=13, Max=874495, Min=720896, Avg=769122.46, 90=827903, 99=874495, 99.9=874495, 99.99=874495] 
2019-05-21 03:01:04:496 700 sec: 913 operations; 1.3 current ops/sec; est completion in 7 minutes [READ: Count=13, Max=888319, Min=709120, Avg=764002.46, 90=829951, 99=888319, 99.9=888319, 99.99=888319] 
2019-05-21 03:01:14:496 710 sec: 926 operations; 1.3 current ops/sec; est completion in 7 minutes [READ: Count=13, Max=830463, Min=707584, Avg=766680.62, 90=823807, 99=830463, 99.9=830463, 99.99=830463] 
2019-05-21 03:01:24:496 720 sec: 939 operations; 1.3 current ops/sec; est completion in 7 minutes [READ: Count=13, Max=837631, Min=719360, Avg=756283.08, 90=825855, 99=837631, 99.9=837631, 99.99=837631] 
2019-05-21 03:01:34:496 730 sec: 952 operations; 1.3 current ops/sec; est completion in 7 minutes [READ: Count=13, Max=851967, Min=715776, Avg=772430.77, 90=828415, 99=851967, 99.9=851967, 99.99=851967] 
2019-05-21 03:01:44:497 740 sec: 966 operations; 1.4 current ops/sec; est completion in 6 minutes [READ: Count=14, Max=834047, Min=685568, Avg=753664, 90=822783, 99=834047, 99.9=834047, 99.99=834047] 
2019-05-21 03:01:54:496 750 sec: 979 operations; 1.3 current ops/sec; est completion in 6 minutes [READ: Count=13, Max=838655, Min=706560, Avg=758567.38, 90=836095, 99=838655, 99.9=838655, 99.99=838655] 
2019-05-21 03:02:04:497 760 sec: 992 operations; 1.3 current ops/sec; est completion in 6 minutes [READ: Count=13, Max=882687, Min=711168, Avg=771170.46, 90=833535, 99=882687, 99.9=882687, 99.99=882687] 
2019-05-21 03:02:14:496 770 sec: 1005 operations; 1.3 current ops/sec; est completion in 6 minutes [READ: Count=13, Max=849407, Min=705024, Avg=776290.46, 90=835583, 99=849407, 99.9=849407, 99.99=849407] 
2019-05-21 03:02:24:497 780 sec: 1018 operations; 1.3 current ops/sec; est completion in 6 minutes [READ: Count=13, Max=838143, Min=706560, Avg=761363.69, 90=828415, 99=838143, 99.9=838143, 99.99=838143] 
2019-05-21 03:02:34:496 790 sec: 1031 operations; 1.3 current ops/sec; est completion in 6 minutes [READ: Count=13, Max=860159, Min=714752, Avg=772233.85, 90=826367, 99=860159, 99.9=860159, 99.99=860159] 
2019-05-21 03:02:44:497 800 sec: 1044 operations; 1.3 current ops/sec; est completion in 5 minutes [READ: Count=13, Max=863231, Min=713216, Avg=778929.23, 90=831487, 99=863231, 99.9=863231, 99.99=863231] 
2019-05-21 03:02:54:497 810 sec: 1057 operations; 1.3 current ops/sec; est completion in 5 minutes [READ: Count=13, Max=847871, Min=702464, Avg=770422.15, 90=843263, 99=847871, 99.9=847871, 99.99=847871] 
2019-05-21 03:03:04:497 820 sec: 1070 operations; 1.3 current ops/sec; est completion in 5 minutes [READ: Count=13, Max=841215, Min=709120, Avg=764987.08, 90=834559, 99=841215, 99.9=841215, 99.99=841215] 
2019-05-21 03:03:14:496 830 sec: 1082 operations; 1.2 current ops/sec; est completion in 5 minutes [READ: Count=12, Max=829439, Min=712704, Avg=778581.33, 90=821247, 99=829439, 99.9=829439, 99.99=829439] 
2019-05-21 03:03:24:496 840 sec: 1095 operations; 1.3 current ops/sec; est completion in 5 minutes [READ: Count=13, Max=863743, Min=689152, Avg=770264.62, 90=838143, 99=863743, 99.9=863743, 99.99=863743] 
2019-05-21 03:03:34:496 850 sec: 1108 operations; 1.3 current ops/sec; est completion in 5 minutes [READ: Count=13, Max=857087, Min=701440, Avg=771564.31, 90=850943, 99=857087, 99.9=857087, 99.99=857087] 
2019-05-21 03:03:44:495 860 sec: 1122 operations; 1.4 current ops/sec; est completion in 4 minutes [READ: Count=14, Max=855039, Min=718848, Avg=762514.29, 90=845311, 99=855039, 99.9=855039, 99.99=855039] 
2019-05-21 03:03:54:496 870 sec: 1135 operations; 1.3 current ops/sec; est completion in 4 minutes [READ: Count=13, Max=829439, Min=726528, Avg=765499.08, 90=821759, 99=829439, 99.9=829439, 99.99=829439] 
2019-05-21 03:04:04:496 880 sec: 1148 operations; 1.3 current ops/sec; est completion in 4 minutes [READ: Count=13, Max=829951, Min=722432, Avg=773179.08, 90=829951, 99=829951, 99.9=829951, 99.99=829951] 
2019-05-21 03:04:14:496 890 sec: 1161 operations; 1.3 current ops/sec; est completion in 4 minutes [READ: Count=13, Max=885247, Min=687616, Avg=762860.31, 90=863231, 99=885247, 99.9=885247, 99.99=885247] 
2019-05-21 03:04:24:497 900 sec: 1174 operations; 1.3 current ops/sec; est completion in 4 minutes [READ: Count=13, Max=836607, Min=691200, Avg=757188.92, 90=835583, 99=836607, 99.9=836607, 99.99=836607] 
2019-05-21 03:04:34:496 910 sec: 1187 operations; 1.3 current ops/sec; est completion in 4 minutes [READ: Count=13, Max=849919, Min=706560, Avg=775384.62, 90=820735, 99=849919, 99.9=849919, 99.99=849919] 
2019-05-21 03:04:44:496 920 sec: 1199 operations; 1.2 current ops/sec; est completion in 3 minutes [READ: Count=12, Max=873471, Min=740352, Avg=782762.67, 90=838655, 99=873471, 99.9=873471, 99.99=873471] 
2019-05-21 03:04:54:496 930 sec: 1213 operations; 1.4 current ops/sec; est completion in 3 minutes [READ: Count=14, Max=843775, Min=720896, Avg=765988.57, 90=836607, 99=843775, 99.9=843775, 99.99=843775] 
2019-05-21 03:05:04:496 940 sec: 1226 operations; 1.3 current ops/sec; est completion in 3 minutes [READ: Count=13, Max=828415, Min=675328, Avg=755022.77, 90=820735, 99=828415, 99.9=828415, 99.99=828415] 
2019-05-21 03:05:14:495 950 sec: 1239 operations; 1.3 current ops/sec; est completion in 3 minutes [READ: Count=13, Max=865791, Min=693760, Avg=771249.23, 90=826367, 99=865791, 99.9=865791, 99.99=865791] 
2019-05-21 03:05:24:496 960 sec: 1252 operations; 1.3 current ops/sec; est completion in 3 minutes [READ: Count=13, Max=837119, Min=712192, Avg=771209.85, 90=829439, 99=837119, 99.9=837119, 99.99=837119] 
2019-05-21 03:05:34:496 970 sec: 1265 operations; 1.3 current ops/sec; est completion in 3 minutes [READ: Count=13, Max=857087, Min=699904, Avg=764868.92, 90=838143, 99=857087, 99.9=857087, 99.99=857087] 
2019-05-21 03:05:44:496 980 sec: 1278 operations; 1.3 current ops/sec; est completion in 2 minutes [READ: Count=13, Max=850943, Min=688128, Avg=764632.62, 90=835071, 99=850943, 99.9=850943, 99.99=850943] 
2019-05-21 03:05:54:497 990 sec: 1291 operations; 1.3 current ops/sec; est completion in 2 minutes [READ: Count=13, Max=855551, Min=728576, Avg=770461.54, 90=825343, 99=855551, 99.9=855551, 99.99=855551] 
2019-05-21 03:06:04:497 1000 sec: 1304 operations; 1.3 current ops/sec; est completion in 2 minutes [READ: Count=13, Max=849407, Min=708096, Avg=771052.31, 90=824319, 99=849407, 99.9=849407, 99.99=849407] 
2019-05-21 03:06:14:496 1010 sec: 1317 operations; 1.3 current ops/sec; est completion in 2 minutes [READ: Count=13, Max=850431, Min=699392, Avg=765302.15, 90=820223, 99=850431, 99.9=850431, 99.99=850431] 
2019-05-21 03:06:24:495 1020 sec: 1330 operations; 1.3 current ops/sec; est completion in 2 minutes [READ: Count=13, Max=854527, Min=708608, Avg=775817.85, 90=825855, 99=854527, 99.9=854527, 99.99=854527] 
2019-05-21 03:06:34:495 1030 sec: 1343 operations; 1.3 current ops/sec; est completion in 2 minutes [READ: Count=13, Max=837631, Min=710656, Avg=766286.77, 90=829439, 99=837631, 99.9=837631, 99.99=837631] 
2019-05-21 03:06:44:496 1040 sec: 1356 operations; 1.3 current ops/sec; est completion in 1 minute [READ: Count=13, Max=857087, Min=713728, Avg=778811.08, 90=846847, 99=857087, 99.9=857087, 99.99=857087] 
2019-05-21 03:06:54:496 1050 sec: 1369 operations; 1.3 current ops/sec; est completion in 1 minute [READ: Count=13, Max=833535, Min=705024, Avg=757464.62, 90=825343, 99=833535, 99.9=833535, 99.99=833535] 
2019-05-21 03:07:04:496 1060 sec: 1382 operations; 1.3 current ops/sec; est completion in 1 minute [READ: Count=13, Max=873983, Min=721408, Avg=773021.54, 90=852479, 99=873983, 99.9=873983, 99.99=873983] 
2019-05-21 03:07:14:497 1070 sec: 1395 operations; 1.3 current ops/sec; est completion in 1 minute [READ: Count=13, Max=876543, Min=708096, Avg=768256, 90=876031, 99=876543, 99.9=876543, 99.99=876543] 
2019-05-21 03:07:24:496 1080 sec: 1408 operations; 1.3 current ops/sec; est completion in 1 minute [READ: Count=13, Max=838655, Min=711168, Avg=767625.85, 90=815615, 99=838655, 99.9=838655, 99.99=838655] 
2019-05-21 03:07:34:496 1090 sec: 1421 operations; 1.3 current ops/sec; est completion in 1 minute [READ: Count=13, Max=867327, Min=708608, Avg=757070.77, 90=821759, 99=867327, 99.9=867327, 99.99=867327] 
2019-05-21 03:07:44:498 1100 sec: 1434 operations; 1.3 current ops/sec; est completion in 51 seconds [READ: Count=13, Max=839167, Min=708096, Avg=758646.15, 90=812031, 99=839167, 99.9=839167, 99.99=839167] 
2019-05-21 03:07:54:496 1110 sec: 1447 operations; 1.3 current ops/sec; est completion in 41 seconds [READ: Count=13, Max=840191, Min=646656, Avg=762781.54, 90=833535, 99=840191, 99.9=840191, 99.99=840191] 
2019-05-21 03:08:04:497 1120 sec: 1460 operations; 1.3 current ops/sec; est completion in 31 seconds [READ: Count=13, Max=846335, Min=722432, Avg=773494.15, 90=819199, 99=846335, 99.9=846335, 99.99=846335] 
2019-05-21 03:08:14:496 1130 sec: 1473 operations; 1.3 current ops/sec; est completion in 21 seconds [READ: Count=13, Max=897023, Min=704512, Avg=769319.38, 90=827391, 99=897023, 99.9=897023, 99.99=897023] 
2019-05-21 03:08:24:496 1140 sec: 1486 operations; 1.3 current ops/sec; est completion in 11 seconds [READ: Count=13, Max=828415, Min=733696, Avg=769161.85, 90=814591, 99=828415, 99.9=828415, 99.99=828415] 
2019-05-21 03:08:34:495 1150 sec: 1499 operations; 1.3 current ops/sec; est completion in 1 second [READ: Count=13, Max=873471, Min=707584, Avg=766759.38, 90=866303, 99=873471, 99.9=873471, 99.99=873471] 
2019-05-21 03:08:34:734 1150 sec: 1500 operations; 4.2 current ops/sec; [READ: Count=1, Max=822271, Min=821760, Avg=822016, 90=822271, 99=822271, 99.9=822271, 99.99=822271] [CLEANUP: Count=1, Max=3, Min=3, Avg=3, 90=3, 99=3, 99.9=3, 99.99=3] 
