[OVERALL], RunTime(ms), 1147829
[OVERALL], Throughput(ops/sec), 1.3068148652804554
[TOTAL_GCS_G1_Young_Generation], Count, 6
[TOTAL_GC_TIME_G1_Young_Generation], Time(ms), 205
[TOTAL_GC_TIME_%_G1_Young_Generation], Time(%), 0.017859803158832892
[TOTAL_GCS_G1_Old_Generation], Count, 0
[TOTAL_GC_TIME_G1_Old_Generation], Time(ms), 0
[TOTAL_GC_TIME_%_G1_Old_Generation], Time(%), 0.0
[TOTAL_GCs], Count, 6
[TOTAL_GC_TIME], Time(ms), 205
[TOTAL_GC_TIME_%], Time(%), 0.017859803158832892
[READ], Operations, 1500
[READ], AverageLatency(us), 764588.7146666667
[READ], MinLatency(us), 659456
[READ], MaxLatency(us), 915967
[READ], 95thPercentileLatency(us), 842239
[READ], 99thPercentileLatency(us), 860159
[READ], Return=OK, 1500
[CLEANUP], Operations, 1
[CLEANUP], AverageLatency(us), 4.0
[CLEANUP], MinLatency(us), 4
[CLEANUP], MaxLatency(us), 4
[CLEANUP], 95thPercentileLatency(us), 4
[CLEANUP], 99thPercentileLatency(us), 4
