[WARN]  Running against a source checkout. In order to get our runtime dependencies we'll have to invoke Maven. Depending on the state of your system, this may take ~30-45 seconds
[DEBUG]  Running 'mvn -pl com.yahoo.ycsb:rest-binding -am package -DskipTests dependency:build-classpath -DincludeScope=compile -Dmdep.outputFilterFile=true'
WARNING: An illegal reflective access operation has occurred
WARNING: Illegal reflective access by com.google.inject.internal.cglib.core.$ReflectUtils$1 (file:/usr/share/maven/lib/guice.jar) to method java.lang.ClassLoader.defineClass(java.lang.String,byte[],int,int,java.security.ProtectionDomain)
WARNING: Please consider reporting this to the maintainers of com.google.inject.internal.cglib.core.$ReflectUtils$1
WARNING: Use --illegal-access=warn to enable warnings of further illegal reflective access operations
WARNING: All illegal access operations will be denied in a future release
java -cp /home/ubuntu/YCSB/rest/conf:/home/ubuntu/YCSB/rest/target/rest-binding-0.16.0-SNAPSHOT.jar:/home/ubuntu/.m2/repository/org/hdrhistogram/HdrHistogram/2.1.4/HdrHistogram-2.1.4.jar:/home/ubuntu/.m2/repository/org/glassfish/hk2/external/javax.inject/2.2.0/javax.inject-2.2.0.jar:/home/ubuntu/.m2/repository/com/github/stefanbirkner/system-rules/1.16.0/system-rules-1.16.0.jar:/home/ubuntu/.m2/repository/org/codehaus/jackson/jackson-core-asl/1.9.4/jackson-core-asl-1.9.4.jar:/home/ubuntu/.m2/repository/org/glassfish/jersey/core/jersey-server/2.6/jersey-server-2.6.jar:/home/ubuntu/YCSB/core/target/core-0.16.0-SNAPSHOT.jar:/home/ubuntu/.m2/repository/org/glassfish/hk2/hk2-api/2.2.0/hk2-api-2.2.0.jar:/home/ubuntu/.m2/repository/javax/ws/rs/javax.ws.rs-api/2.0/javax.ws.rs-api-2.0.jar:/home/ubuntu/.m2/repository/org/glassfish/hk2/hk2-locator/2.2.0/hk2-locator-2.2.0.jar:/home/ubuntu/.m2/repository/org/eclipse/jdt/core/compiler/ecj/4.4.2/ecj-4.4.2.jar:/home/ubuntu/.m2/repository/org/codehaus/jackson/jackson-mapper-asl/1.9.4/jackson-mapper-asl-1.9.4.jar:/home/ubuntu/.m2/repository/org/glassfish/jersey/bundles/repackaged/jersey-guava/2.6/jersey-guava-2.6.jar:/home/ubuntu/.m2/repository/org/glassfish/hk2/external/aopalliance-repackaged/2.2.0/aopalliance-repackaged-2.2.0.jar:/home/ubuntu/.m2/repository/org/javassist/javassist/3.18.1-GA/javassist-3.18.1-GA.jar:/home/ubuntu/.m2/repository/javax/annotation/javax.annotation-api/1.2/javax.annotation-api-1.2.jar:/home/ubuntu/.m2/repository/org/apache/htrace/htrace-core4/4.1.0-incubating/htrace-core4-4.1.0-incubating.jar:/home/ubuntu/.m2/repository/org/apache/tomcat/embed/tomcat-embed-logging-log4j/8.0.28/tomcat-embed-logging-log4j-8.0.28.jar:/home/ubuntu/.m2/repository/org/apache/tomcat/embed/tomcat-embed-el/8.0.28/tomcat-embed-el-8.0.28.jar:/home/ubuntu/.m2/repository/org/apache/tomcat/embed/tomcat-embed-logging-juli/8.0.28/tomcat-embed-logging-juli-8.0.28.jar:/home/ubuntu/.m2/repository/org/apache/tomcat/embed/tomcat-embed-core/8.0.28/tomcat-embed-core-8.0.28.jar:/home/ubuntu/.m2/repository/org/glassfish/hk2/osgi-resource-locator/1.0.1/osgi-resource-locator-1.0.1.jar:/home/ubuntu/.m2/repository/commons-codec/commons-codec/1.9/commons-codec-1.9.jar:/home/ubuntu/.m2/repository/org/glassfish/jersey/core/jersey-client/2.6/jersey-client-2.6.jar:/home/ubuntu/.m2/repository/org/apache/tomcat/embed/tomcat-embed-websocket/8.0.28/tomcat-embed-websocket-8.0.28.jar:/home/ubuntu/.m2/repository/commons-logging/commons-logging/1.2/commons-logging-1.2.jar:/home/ubuntu/.m2/repository/org/glassfish/hk2/hk2-utils/2.2.0/hk2-utils-2.2.0.jar:/home/ubuntu/.m2/repository/javax/validation/validation-api/1.1.0.Final/validation-api-1.1.0.Final.jar:/home/ubuntu/.m2/repository/org/apache/httpcomponents/httpclient/4.5.1/httpclient-4.5.1.jar:/home/ubuntu/.m2/repository/org/apache/tomcat/tomcat-dbcp/8.0.28/tomcat-dbcp-8.0.28.jar:/home/ubuntu/.m2/repository/org/glassfish/jersey/containers/jersey-container-servlet-core/2.6/jersey-container-servlet-core-2.6.jar:/home/ubuntu/.m2/repository/org/apache/tomcat/embed/tomcat-embed-jasper/8.0.28/tomcat-embed-jasper-8.0.28.jar:/home/ubuntu/.m2/repository/org/glassfish/jersey/core/jersey-common/2.6/jersey-common-2.6.jar:/home/ubuntu/.m2/repository/org/apache/httpcomponents/httpcore/4.4.4/httpcore-4.4.4.jar com.yahoo.ycsb.Client -db com.yahoo.ycsb.webservice.rest.RestClient -s -P workloads/rest_workload -t
Command line: -db com.yahoo.ycsb.webservice.rest.RestClient -s -P workloads/rest_workload -t
YCSB Client 0.16.0-SNAPSHOT

Loading workload...
Starting test.
2019-05-21 01:52:56:178 0 sec: 0 operations; est completion in 0 second 
DBWrapper: report latency for each error is false and specific error codes to track for latency are: []
2019-05-21 01:53:06:104 10 sec: 12 operations; 1.2 current ops/sec; est completion in 20 minutes [READ: Count=12, Max=843263, Min=710656, Avg=780074.67, 90=837631, 99=843263, 99.9=843263, 99.99=843263] 
2019-05-21 01:53:16:101 20 sec: 25 operations; 1.3 current ops/sec; est completion in 19 minutes [READ: Count=13, Max=828415, Min=723456, Avg=765656.62, 90=806911, 99=828415, 99.9=828415, 99.99=828415] 
2019-05-21 01:53:26:102 30 sec: 38 operations; 1.3 current ops/sec; est completion in 19 minutes [READ: Count=13, Max=869887, Min=698880, Avg=758685.54, 90=844287, 99=869887, 99.9=869887, 99.99=869887] 
2019-05-21 01:53:36:101 40 sec: 51 operations; 1.3 current ops/sec; est completion in 18 minutes [READ: Count=13, Max=850431, Min=721920, Avg=766365.54, 90=841215, 99=850431, 99.9=850431, 99.99=850431] 
2019-05-21 01:53:46:102 50 sec: 64 operations; 1.3 current ops/sec; est completion in 18 minutes [READ: Count=13, Max=864767, Min=712192, Avg=767468.31, 90=825855, 99=864767, 99.9=864767, 99.99=864767] 
2019-05-21 01:53:56:102 60 sec: 77 operations; 1.3 current ops/sec; est completion in 18 minutes [READ: Count=13, Max=826367, Min=708096, Avg=762820.92, 90=814591, 99=826367, 99.9=826367, 99.99=826367] 
2019-05-21 01:54:06:101 70 sec: 90 operations; 1.3 current ops/sec; est completion in 18 minutes [READ: Count=13, Max=902143, Min=702464, Avg=773533.54, 90=816639, 99=902143, 99.9=902143, 99.99=902143] 
2019-05-21 01:54:16:102 80 sec: 103 operations; 1.3 current ops/sec; est completion in 18 minutes [READ: Count=13, Max=857599, Min=720384, Avg=784128, 90=842239, 99=857599, 99.9=857599, 99.99=857599] 
2019-05-21 01:54:26:102 90 sec: 116 operations; 1.3 current ops/sec; est completion in 17 minutes [READ: Count=13, Max=883199, Min=713728, Avg=773848.62, 90=839679, 99=883199, 99.9=883199, 99.99=883199] 
2019-05-21 01:54:36:102 100 sec: 129 operations; 1.3 current ops/sec; est completion in 17 minutes [READ: Count=13, Max=848383, Min=703488, Avg=771840, 90=841727, 99=848383, 99.9=848383, 99.99=848383] 
2019-05-21 01:54:46:101 110 sec: 142 operations; 1.3 current ops/sec; est completion in 17 minutes [READ: Count=13, Max=864255, Min=705024, Avg=765814.15, 90=842751, 99=864255, 99.9=864255, 99.99=864255] 
2019-05-21 01:54:56:101 120 sec: 155 operations; 1.3 current ops/sec; est completion in 17 minutes [READ: Count=13, Max=831999, Min=687616, Avg=759276.31, 90=822271, 99=831999, 99.9=831999, 99.99=831999] 
2019-05-21 01:55:06:101 130 sec: 168 operations; 1.3 current ops/sec; est completion in 17 minutes [READ: Count=13, Max=836095, Min=637440, Avg=762899.69, 90=826367, 99=836095, 99.9=836095, 99.99=836095] 
2019-05-21 01:55:16:101 140 sec: 181 operations; 1.3 current ops/sec; est completion in 17 minutes [READ: Count=13, Max=830975, Min=704000, Avg=771446.15, 90=826879, 99=830975, 99.9=830975, 99.99=830975] 
2019-05-21 01:55:26:102 150 sec: 194 operations; 1.3 current ops/sec; est completion in 16 minutes [READ: Count=13, Max=823295, Min=705536, Avg=769122.46, 90=814591, 99=823295, 99.9=823295, 99.99=823295] 
2019-05-21 01:55:36:102 160 sec: 207 operations; 1.3 current ops/sec; est completion in 16 minutes [READ: Count=13, Max=854527, Min=695296, Avg=762427.08, 90=835583, 99=854527, 99.9=854527, 99.99=854527] 
2019-05-21 01:55:46:101 170 sec: 220 operations; 1.3 current ops/sec; est completion in 16 minutes [READ: Count=13, Max=854527, Min=707072, Avg=776369.23, 90=851967, 99=854527, 99.9=854527, 99.99=854527] 
2019-05-21 01:55:56:101 180 sec: 233 operations; 1.3 current ops/sec; est completion in 16 minutes [READ: Count=13, Max=837119, Min=710656, Avg=771446.15, 90=821759, 99=837119, 99.9=837119, 99.99=837119] 
2019-05-21 01:56:06:101 190 sec: 246 operations; 1.3 current ops/sec; est completion in 16 minutes [READ: Count=13, Max=846335, Min=695296, Avg=755298.46, 90=822783, 99=846335, 99.9=846335, 99.99=846335] 
2019-05-21 01:56:16:101 200 sec: 259 operations; 1.3 current ops/sec; est completion in 15 minutes [READ: Count=13, Max=870399, Min=719360, Avg=769201.23, 90=819199, 99=870399, 99.9=870399, 99.99=870399] 
2019-05-21 01:56:26:101 210 sec: 272 operations; 1.3 current ops/sec; est completion in 15 minutes [READ: Count=13, Max=857599, Min=725504, Avg=780268.31, 90=836607, 99=857599, 99.9=857599, 99.99=857599] 
2019-05-21 01:56:36:101 220 sec: 285 operations; 1.3 current ops/sec; est completion in 15 minutes [READ: Count=13, Max=855551, Min=716800, Avg=767665.23, 90=848895, 99=855551, 99.9=855551, 99.99=855551] 
2019-05-21 01:56:46:101 230 sec: 298 operations; 1.3 current ops/sec; est completion in 15 minutes [READ: Count=13, Max=830975, Min=715264, Avg=763569.23, 90=823807, 99=830975, 99.9=830975, 99.99=830975] 
2019-05-21 01:56:56:101 240 sec: 311 operations; 1.3 current ops/sec; est completion in 15 minutes [READ: Count=13, Max=820735, Min=702464, Avg=751675.08, 90=819199, 99=820735, 99.9=820735, 99.99=820735] 
2019-05-21 01:57:06:102 250 sec: 324 operations; 1.3 current ops/sec; est completion in 15 minutes [READ: Count=13, Max=870911, Min=722944, Avg=775660.31, 90=831487, 99=870911, 99.9=870911, 99.99=870911] 
2019-05-21 01:57:16:101 260 sec: 337 operations; 1.3 current ops/sec; est completion in 14 minutes [READ: Count=13, Max=843263, Min=707072, Avg=765105.23, 90=835071, 99=843263, 99.9=843263, 99.99=843263] 
2019-05-21 01:57:26:101 270 sec: 350 operations; 1.3 current ops/sec; est completion in 14 minutes [READ: Count=13, Max=826367, Min=700416, Avg=759906.46, 90=810495, 99=826367, 99.9=826367, 99.99=826367] 
2019-05-21 01:57:36:101 280 sec: 364 operations; 1.4 current ops/sec; est completion in 14 minutes [READ: Count=14, Max=852479, Min=656384, Avg=758016, 90=837631, 99=852479, 99.9=852479, 99.99=852479] 
2019-05-21 01:57:46:101 290 sec: 376 operations; 1.2 current ops/sec; est completion in 14 minutes [READ: Count=12, Max=859135, Min=699392, Avg=774784, 90=835071, 99=859135, 99.9=859135, 99.99=859135] 
2019-05-21 01:57:56:101 300 sec: 390 operations; 1.4 current ops/sec; est completion in 14 minutes [READ: Count=14, Max=852991, Min=700416, Avg=757248, 90=851455, 99=852991, 99.9=852991, 99.99=852991] 
2019-05-21 01:58:06:101 310 sec: 403 operations; 1.3 current ops/sec; est completion in 14 minutes [READ: Count=13, Max=873983, Min=697344, Avg=765420.31, 90=833535, 99=873983, 99.9=873983, 99.99=873983] 
2019-05-21 01:58:16:101 320 sec: 416 operations; 1.3 current ops/sec; est completion in 13 minutes [READ: Count=13, Max=848383, Min=704000, Avg=772745.85, 90=839167, 99=848383, 99.9=848383, 99.99=848383] 
2019-05-21 01:58:26:101 330 sec: 429 operations; 1.3 current ops/sec; est completion in 13 minutes [READ: Count=13, Max=812543, Min=722432, Avg=761363.69, 90=808447, 99=812543, 99.9=812543, 99.99=812543] 
2019-05-21 01:58:36:101 340 sec: 442 operations; 1.3 current ops/sec; est completion in 13 minutes [READ: Count=13, Max=851967, Min=701440, Avg=763332.92, 90=850431, 99=851967, 99.9=851967, 99.99=851967] 
2019-05-21 01:58:46:101 350 sec: 455 operations; 1.3 current ops/sec; est completion in 13 minutes [READ: Count=13, Max=847359, Min=710656, Avg=772194.46, 90=813055, 99=847359, 99.9=847359, 99.99=847359] 
2019-05-21 01:58:56:104 360 sec: 468 operations; 1.3 current ops/sec; est completion in 13 minutes [READ: Count=13, Max=837119, Min=715776, Avg=767310.77, 90=817663, 99=837119, 99.9=837119, 99.99=837119] 
2019-05-21 01:59:06:101 370 sec: 481 operations; 1.3 current ops/sec; est completion in 13 minutes [READ: Count=13, Max=904703, Min=714240, Avg=771328, 90=814591, 99=904703, 99.9=904703, 99.99=904703] 
2019-05-21 01:59:16:106 380 sec: 494 operations; 1.3 current ops/sec; est completion in 12 minutes [READ: Count=13, Max=836607, Min=699904, Avg=765696, 90=799743, 99=836607, 99.9=836607, 99.99=836607] 
2019-05-21 01:59:26:101 390 sec: 507 operations; 1.3 current ops/sec; est completion in 12 minutes [READ: Count=13, Max=888831, Min=695808, Avg=771052.31, 90=819711, 99=888831, 99.9=888831, 99.99=888831] 
2019-05-21 01:59:36:101 400 sec: 520 operations; 1.3 current ops/sec; est completion in 12 minutes [READ: Count=13, Max=836095, Min=709120, Avg=761954.46, 90=822271, 99=836095, 99.9=836095, 99.99=836095] 
2019-05-21 01:59:46:101 410 sec: 533 operations; 1.3 current ops/sec; est completion in 12 minutes [READ: Count=13, Max=836095, Min=692736, Avg=752384, 90=826879, 99=836095, 99.9=836095, 99.99=836095] 
2019-05-21 01:59:56:101 420 sec: 546 operations; 1.3 current ops/sec; est completion in 12 minutes [READ: Count=13, Max=835583, Min=676352, Avg=757070.77, 90=816127, 99=835583, 99.9=835583, 99.99=835583] 
2019-05-21 02:00:06:102 430 sec: 559 operations; 1.3 current ops/sec; est completion in 12 minutes [READ: Count=13, Max=901631, Min=700928, Avg=774478.77, 90=837631, 99=901631, 99.9=901631, 99.99=901631] 
2019-05-21 02:00:16:102 440 sec: 572 operations; 1.3 current ops/sec; est completion in 11 minutes [READ: Count=13, Max=844799, Min=710144, Avg=764002.46, 90=817151, 99=844799, 99.9=844799, 99.99=844799] 
2019-05-21 02:00:26:101 450 sec: 586 operations; 1.4 current ops/sec; est completion in 11 minutes [READ: Count=14, Max=839167, Min=690688, Avg=755053.71, 90=819199, 99=839167, 99.9=839167, 99.99=839167] 
2019-05-21 02:00:36:101 460 sec: 599 operations; 1.3 current ops/sec; est completion in 11 minutes [READ: Count=13, Max=833535, Min=691712, Avg=761993.85, 90=832511, 99=833535, 99.9=833535, 99.99=833535] 
2019-05-21 02:00:46:101 470 sec: 612 operations; 1.3 current ops/sec; est completion in 11 minutes [READ: Count=13, Max=850431, Min=704512, Avg=767192.62, 90=836607, 99=850431, 99.9=850431, 99.99=850431] 
2019-05-21 02:00:56:102 480 sec: 625 operations; 1.3 current ops/sec; est completion in 11 minutes [READ: Count=13, Max=849919, Min=678912, Avg=758606.77, 90=819711, 99=849919, 99.9=849919, 99.99=849919] 
2019-05-21 02:01:06:101 490 sec: 638 operations; 1.3 current ops/sec; est completion in 11 minutes [READ: Count=13, Max=852479, Min=702464, Avg=759867.08, 90=819199, 99=852479, 99.9=852479, 99.99=852479] 
2019-05-21 02:01:16:101 500 sec: 651 operations; 1.3 current ops/sec; est completion in 10 minutes [READ: Count=13, Max=834047, Min=690176, Avg=769161.85, 90=821247, 99=834047, 99.9=834047, 99.99=834047] 
2019-05-21 02:01:26:101 510 sec: 664 operations; 1.3 current ops/sec; est completion in 10 minutes [READ: Count=13, Max=866815, Min=703488, Avg=780740.92, 90=825855, 99=866815, 99.9=866815, 99.99=866815] 
2019-05-21 02:01:36:101 520 sec: 677 operations; 1.3 current ops/sec; est completion in 10 minutes [READ: Count=13, Max=830975, Min=709632, Avg=756204.31, 90=821759, 99=830975, 99.9=830975, 99.99=830975] 
2019-05-21 02:01:46:101 530 sec: 690 operations; 1.3 current ops/sec; est completion in 10 minutes [READ: Count=13, Max=858623, Min=708096, Avg=755180.31, 90=815615, 99=858623, 99.9=858623, 99.99=858623] 
2019-05-21 02:01:56:101 540 sec: 703 operations; 1.3 current ops/sec; est completion in 10 minutes [READ: Count=13, Max=869887, Min=720384, Avg=768728.62, 90=856063, 99=869887, 99.9=869887, 99.99=869887] 
2019-05-21 02:02:06:101 550 sec: 717 operations; 1.4 current ops/sec; est completion in 10 minutes [READ: Count=14, Max=845823, Min=711680, Avg=763830.86, 90=829951, 99=845823, 99.9=845823, 99.99=845823] 
2019-05-21 02:02:16:101 560 sec: 730 operations; 1.3 current ops/sec; est completion in 9 minutes [READ: Count=13, Max=826879, Min=705024, Avg=767192.62, 90=810495, 99=826879, 99.9=826879, 99.99=826879] 
2019-05-21 02:02:26:101 570 sec: 743 operations; 1.3 current ops/sec; est completion in 9 minutes [READ: Count=13, Max=864255, Min=705024, Avg=763884.31, 90=840191, 99=864255, 99.9=864255, 99.99=864255] 
2019-05-21 02:02:36:101 580 sec: 756 operations; 1.3 current ops/sec; est completion in 9 minutes [READ: Count=13, Max=830463, Min=700416, Avg=762584.62, 90=824831, 99=830463, 99.9=830463, 99.99=830463] 
2019-05-21 02:02:46:101 590 sec: 769 operations; 1.3 current ops/sec; est completion in 9 minutes [READ: Count=13, Max=835071, Min=700416, Avg=758016, 90=815103, 99=835071, 99.9=835071, 99.99=835071] 
2019-05-21 02:02:56:101 600 sec: 782 operations; 1.3 current ops/sec; est completion in 9 minutes [READ: Count=13, Max=862719, Min=707584, Avg=768059.08, 90=829439, 99=862719, 99.9=862719, 99.99=862719] 
2019-05-21 02:03:06:101 610 sec: 795 operations; 1.3 current ops/sec; est completion in 9 minutes [READ: Count=13, Max=822783, Min=696832, Avg=759276.31, 90=822271, 99=822783, 99.9=822783, 99.99=822783] 
2019-05-21 02:03:16:101 620 sec: 808 operations; 1.3 current ops/sec; est completion in 8 minutes [READ: Count=13, Max=821759, Min=723456, Avg=761875.69, 90=806911, 99=821759, 99.9=821759, 99.99=821759] 
2019-05-21 02:03:26:101 630 sec: 821 operations; 1.3 current ops/sec; est completion in 8 minutes [READ: Count=13, Max=840191, Min=699904, Avg=758646.15, 90=825855, 99=840191, 99.9=840191, 99.99=840191] 
2019-05-21 02:03:36:101 640 sec: 835 operations; 1.4 current ops/sec; est completion in 8 minutes [READ: Count=14, Max=828415, Min=700928, Avg=759808, 90=818175, 99=828415, 99.9=828415, 99.99=828415] 
2019-05-21 02:03:46:101 650 sec: 848 operations; 1.3 current ops/sec; est completion in 8 minutes [READ: Count=13, Max=815615, Min=704000, Avg=761757.54, 90=808959, 99=815615, 99.9=815615, 99.99=815615] 
2019-05-21 02:03:56:101 660 sec: 861 operations; 1.3 current ops/sec; est completion in 8 minutes [READ: Count=13, Max=824831, Min=712704, Avg=762663.38, 90=822271, 99=824831, 99.9=824831, 99.99=824831] 
2019-05-21 02:04:06:101 670 sec: 874 operations; 1.3 current ops/sec; est completion in 8 minutes [READ: Count=13, Max=811519, Min=715264, Avg=758212.92, 90=809983, 99=811519, 99.9=811519, 99.99=811519] 
2019-05-21 02:04:16:101 680 sec: 887 operations; 1.3 current ops/sec; est completion in 7 minutes [READ: Count=13, Max=841215, Min=713728, Avg=763766.15, 90=840191, 99=841215, 99.9=841215, 99.99=841215] 
2019-05-21 02:04:26:101 690 sec: 900 operations; 1.3 current ops/sec; est completion in 7 minutes [READ: Count=13, Max=821247, Min=706560, Avg=769122.46, 90=820735, 99=821247, 99.9=821247, 99.99=821247] 
2019-05-21 02:04:36:101 700 sec: 913 operations; 1.3 current ops/sec; est completion in 7 minutes [READ: Count=13, Max=858111, Min=699904, Avg=760969.85, 90=814079, 99=858111, 99.9=858111, 99.99=858111] 
2019-05-21 02:04:46:101 710 sec: 926 operations; 1.3 current ops/sec; est completion in 7 minutes [READ: Count=13, Max=835071, Min=697344, Avg=763136, 90=819199, 99=835071, 99.9=835071, 99.99=835071] 
2019-05-21 02:04:56:101 720 sec: 939 operations; 1.3 current ops/sec; est completion in 7 minutes [READ: Count=13, Max=860671, Min=716800, Avg=768886.15, 90=836095, 99=860671, 99.9=860671, 99.99=860671] 
2019-05-21 02:05:06:101 730 sec: 952 operations; 1.3 current ops/sec; est completion in 7 minutes [READ: Count=13, Max=833535, Min=714752, Avg=769358.77, 90=829951, 99=833535, 99.9=833535, 99.99=833535] 
2019-05-21 02:05:16:102 740 sec: 965 operations; 1.3 current ops/sec; est completion in 6 minutes [READ: Count=13, Max=834559, Min=706048, Avg=765065.85, 90=833023, 99=834559, 99.9=834559, 99.99=834559] 
2019-05-21 02:05:26:101 750 sec: 978 operations; 1.3 current ops/sec; est completion in 6 minutes [READ: Count=13, Max=838143, Min=705024, Avg=765065.85, 90=830975, 99=838143, 99.9=838143, 99.99=838143] 
2019-05-21 02:05:36:101 760 sec: 992 operations; 1.4 current ops/sec; est completion in 6 minutes [READ: Count=14, Max=840703, Min=705024, Avg=764013.71, 90=833023, 99=840703, 99.9=840703, 99.99=840703] 
2019-05-21 02:05:46:101 770 sec: 1004 operations; 1.2 current ops/sec; est completion in 6 minutes [READ: Count=12, Max=842751, Min=718848, Avg=775381.33, 90=836607, 99=842751, 99.9=842751, 99.99=842751] 
2019-05-21 02:05:56:101 780 sec: 1018 operations; 1.4 current ops/sec; est completion in 6 minutes [READ: Count=14, Max=835583, Min=691712, Avg=758089.14, 90=829439, 99=835583, 99.9=835583, 99.99=835583] 
2019-05-21 02:06:06:101 790 sec: 1031 operations; 1.3 current ops/sec; est completion in 6 minutes [READ: Count=13, Max=881663, Min=683008, Avg=766286.77, 90=878591, 99=881663, 99.9=881663, 99.99=881663] 
2019-05-21 02:06:16:101 800 sec: 1043 operations; 1.2 current ops/sec; est completion in 5 minutes [READ: Count=12, Max=864767, Min=712704, Avg=777216, 90=856063, 99=864767, 99.9=864767, 99.99=864767] 
2019-05-21 02:06:26:101 810 sec: 1056 operations; 1.3 current ops/sec; est completion in 5 minutes [READ: Count=13, Max=885759, Min=716288, Avg=788224, 90=857599, 99=885759, 99.9=885759, 99.99=885759] 
2019-05-21 02:06:36:101 820 sec: 1069 operations; 1.3 current ops/sec; est completion in 5 minutes [READ: Count=13, Max=880639, Min=716800, Avg=773533.54, 90=849407, 99=880639, 99.9=880639, 99.99=880639] 
2019-05-21 02:06:46:103 830 sec: 1082 operations; 1.3 current ops/sec; est completion in 5 minutes [READ: Count=13, Max=843263, Min=718336, Avg=758331.08, 90=830463, 99=843263, 99.9=843263, 99.99=843263] 
2019-05-21 02:06:56:101 840 sec: 1095 operations; 1.3 current ops/sec; est completion in 5 minutes [READ: Count=13, Max=900607, Min=693760, Avg=771328, 90=842239, 99=900607, 99.9=900607, 99.99=900607] 
2019-05-21 02:07:06:101 850 sec: 1108 operations; 1.3 current ops/sec; est completion in 5 minutes [READ: Count=13, Max=871423, Min=708608, Avg=783812.92, 90=849919, 99=871423, 99.9=871423, 99.99=871423] 
2019-05-21 02:07:16:101 860 sec: 1121 operations; 1.3 current ops/sec; est completion in 4 minutes [READ: Count=13, Max=904191, Min=720384, Avg=782985.85, 90=880639, 99=904191, 99.9=904191, 99.99=904191] 
2019-05-21 02:07:26:101 870 sec: 1133 operations; 1.2 current ops/sec; est completion in 4 minutes [READ: Count=12, Max=953343, Min=773120, Avg=838357.33, 90=934911, 99=953343, 99.9=953343, 99.99=953343] 
2019-05-21 02:07:36:101 880 sec: 1144 operations; 1.1 current ops/sec; est completion in 4 minutes [READ: Count=11, Max=1089535, Min=775680, Avg=887994.18, 90=970751, 99=1089535, 99.9=1089535, 99.99=1089535] 
2019-05-21 02:07:45:095 888 sec: 1500 operations; 39.59 current ops/sec; [READ: Count=4, Max=988671, Min=806912, Avg=890240, 90=988671, 99=988671, 99.9=988671, 99.99=988671] [CLEANUP: Count=1, Max=3, Min=3, Avg=3, 90=3, 99=3, 99.9=3, 99.99=3] [READ-FAILED: Count=352, Max=4231167, Min=1875, Avg=16550.22, 90=7679, 99=10239, 99.9=4231167, 99.99=4231167] 
