timestamp;status;request_time;upstream_response_time
1558396928.301;200;0.747;0.748
1558396929.054;200;0.713;0.716
1558396929.814;200;0.757;0.756
1558396930.622;200;0.805;0.804
1558396931.371;200;0.745;0.744
1558396932.142;200;0.732;0.732
1558396932.890;200;0.744;0.744
1558396933.734;200;0.837;0.840
1558396934.474;200;0.736;0.736
1558396935.193;200;0.710;0.712
1558396935.935;200;0.736;0.740
1558396936.751;200;0.809;0.812
1558396937.501;200;0.746;0.748
1558396938.230;200;0.723;0.724
1558396938.999;200;0.764;0.764
1558396939.842;200;0.839;0.840
1558396940.589;200;0.743;0.744
1558396941.306;200;0.714;0.716
1558396942.110;200;0.798;0.800
1558396942.909;200;0.796;0.796
1558396943.671;200;0.757;0.760
1558396944.431;200;0.756;0.760
1558396945.207;200;0.772;0.772
1558396946.052;200;0.841;0.844
1558396946.815;200;0.759;0.764
1558396947.558;200;0.737;0.740
1558396948.374;200;0.811;0.812
1558396949.233;200;0.856;0.860
1558396949.994;200;0.758;0.760
1558396950.744;200;0.745;0.748
1558396951.516;200;0.769;0.772
1558396952.359;200;0.839;0.844
1558396953.123;200;0.758;0.760
1558396953.883;200;0.755;0.756
1558396954.659;200;0.772;0.772
1558396955.483;200;0.819;0.820
1558396956.219;200;0.733;0.732
1558396956.941;200;0.717;0.720
1558396957.736;200;0.790;0.788
1558396958.558;200;0.816;0.816
1558396959.305;200;0.742;0.744
1558396960.032;200;0.723;0.728
1558396960.828;200;0.794;0.796
1558396961.627;200;0.793;0.792
1558396962.386;200;0.756;0.756
1558396963.131;200;0.741;0.740
1558396963.927;200;0.793;0.796
1558396964.718;200;0.786;0.788
1558396965.485;200;0.763;0.764
1558396966.239;200;0.750;0.756
1558396967.047;200;0.804;0.804
1558396967.891;200;0.841;0.840
1558396968.605;200;0.710;0.712
1558396969.341;200;0.733;0.736
1558396970.099;200;0.755;0.756
1558396970.916;200;0.814;0.816
1558396971.671;200;0.751;0.752
1558396972.402;200;0.728;0.728
1558396973.201;200;0.795;0.796
1558396973.994;200;0.789;0.792
1558396974.753;200;0.756;0.760
1558396975.502;200;0.746;0.748
1558396976.290;200;0.784;0.784
1558396977.105;200;0.811;0.812
1558396977.859;200;0.750;0.756
1558396978.583;200;0.718;0.724
1558396979.354;200;0.765;0.768
1558396980.172;200;0.814;0.816
1558396980.925;200;0.747;0.748
1558396981.635;200;0.707;0.712
1558396982.430;200;0.791;0.792
1558396983.319;200;0.884;0.884
1558396984.064;200;0.743;0.744
1558396984.779;200;0.712;0.712
1558396985.541;200;0.759;0.760
1558396986.349;200;0.806;0.804
1558396987.109;200;0.758;0.756
1558396987.826;200;0.714;0.716
1558396988.591;200;0.759;0.760
1558396989.419;200;0.825;0.828
1558396990.156;200;0.734;0.732
1558396990.887;200;0.727;0.728
1558396991.745;200;0.818;0.820
1558396992.573;200;0.826;0.828
1558396993.329;200;0.753;0.756
1558396994.087;200;0.754;0.756
1558396994.898;200;0.808;0.808
1558396995.705;200;0.796;0.796
1558396996.446;200;0.739;0.740
1558396997.164;200;0.713;0.712
1558396997.913;200;0.743;0.744
1558396998.725;200;0.810;0.812
1558396999.508;200;0.779;0.784
1558397000.237;200;0.725;0.728
1558397001.019;200;0.779;0.780
1558397001.839;200;0.817;0.816
1558397002.578;200;0.735;0.736
1558397003.292;200;0.708;0.708
1558397004.074;200;0.778;0.780
1558397004.894;200;0.816;0.816
1558397005.627;200;0.726;0.732
1558397006.353;200;0.721;0.724
1558397007.127;200;0.771;0.776
1558397007.945;200;0.814;0.816
1558397008.681;200;0.732;0.732
1558397009.399;200;0.716;0.716
1558397010.155;200;0.753;0.752
1558397011.040;200;0.882;0.884
1558397011.786;200;0.743;0.744
1558397012.535;200;0.745;0.748
1558397013.305;200;0.767;0.768
1558397014.126;200;0.818;0.820
1558397014.896;200;0.767;0.768
1558397015.635;200;0.734;0.732
1558397016.425;200;0.786;0.788
1558397017.231;200;0.802;0.808
1558397017.960;200;0.724;0.728
1558397018.649;200;0.686;0.688
1558397019.430;200;0.778;0.780
1558397020.245;200;0.812;0.816
1558397021.032;200;0.783;0.788
1558397021.776;200;0.739;0.744
1558397022.567;200;0.785;0.784
1558397023.390;200;0.819;0.820
1558397024.131;200;0.736;0.736
1558397024.866;200;0.731;0.732
1558397025.631;200;0.761;0.760
1558397026.491;200;0.854;0.856
1558397027.233;200;0.736;0.736
1558397027.943;200;0.707;0.708
1558397028.714;200;0.767;0.768
1558397029.527;200;0.809;0.812
1558397030.274;200;0.743;0.744
1558397030.990;200;0.711;0.712
1558397031.759;200;0.764;0.764
1558397032.575;200;0.812;0.812
1558397033.304;200;0.726;0.728
1558397034.024;200;0.717;0.720
1558397034.776;200;0.749;0.752
1558397035.573;200;0.795;0.796
1558397036.363;200;0.788;0.792
1558397037.091;200;0.725;0.728
1558397037.905;200;0.811;0.812
1558397038.716;200;0.806;0.808
1558397039.463;200;0.744;0.744
1558397040.177;200;0.711;0.712
1558397040.933;200;0.754;0.756
1558397041.763;200;0.826;0.828
1558397042.526;200;0.759;0.760
1558397043.274;200;0.743;0.744
1558397044.031;200;0.754;0.756
1558397044.899;200;0.865;0.864
1558397045.639;200;0.736;0.736
1558397046.366;200;0.724;0.724
1558397047.105;200;0.734;0.736
1558397047.948;200;0.841;0.844
1558397048.700;200;0.745;0.748
1558397049.450;200;0.747;0.748
1558397050.182;200;0.728;0.728
1558397051.004;200;0.817;0.820
1558397051.735;200;0.728;0.728
1558397052.438;200;0.699;0.700
1558397053.213;200;0.772;0.776
1558397054.051;200;0.833;0.836
1558397054.805;200;0.751;0.752
1558397055.541;200;0.734;0.736
1558397056.260;200;0.714;0.712
1558397057.067;200;0.804;0.804
1558397057.841;200;0.771;0.772
1558397058.586;200;0.740;0.740
1558397059.361;200;0.771;0.772
1558397060.166;200;0.802;0.804
1558397060.919;200;0.750;0.752
1558397061.669;200;0.745;0.748
1558397062.443;200;0.771;0.772
1558397063.255;200;0.808;0.808
1558397064.006;200;0.748;0.748
1558397064.773;200;0.764;0.768
1558397065.504;200;0.729;0.732
1558397066.324;200;0.817;0.820
1558397067.084;200;0.757;0.760
1558397067.794;200;0.708;0.708
1558397068.573;200;0.774;0.776
1558397069.403;200;0.827;0.828
1558397070.145;200;0.739;0.740
1558397070.867;200;0.720;0.720
1558397071.616;200;0.745;0.748
1558397072.463;200;0.844;0.844
1558397073.189;200;0.722;0.724
1558397073.933;200;0.741;0.744
1558397074.693;200;0.757;0.760
1558397075.514;200;0.816;0.816
1558397076.260;200;0.743;0.740
1558397076.976;200;0.713;0.716
1558397077.758;200;0.779;0.780
1558397078.558;200;0.796;0.796
1558397079.297;200;0.735;0.736
1558397080.010;200;0.711;0.712
1558397080.833;200;0.820;0.824
1558397081.650;200;0.814;0.816
1558397082.384;200;0.729;0.728
1558397083.109;200;0.723;0.724
1558397083.898;200;0.787;0.788
1558397084.710;200;0.806;0.808
1558397085.480;200;0.767;0.768
1558397086.227;200;0.744;0.744
1558397087.028;200;0.795;0.800
1558397087.849;200;0.818;0.820
1558397088.582;200;0.729;0.728
1558397089.318;200;0.731;0.732
1558397090.074;200;0.753;0.752
1558397090.894;200;0.816;0.816
1558397091.628;200;0.732;0.736
1558397092.361;200;0.729;0.732
1558397093.108;200;0.744;0.748
1558397093.942;200;0.830;0.832
1558397094.697;200;0.752;0.756
1558397095.452;200;0.753;0.756
1558397096.183;200;0.729;0.728
1558397096.975;200;0.790;0.788
1558397097.705;200;0.727;0.728
1558397098.425;200;0.712;0.716
1558397099.173;200;0.745;0.748
1558397099.959;200;0.784;0.784
1558397100.714;200;0.747;0.748
1558397101.450;200;0.733;0.736
1558397102.225;200;0.772;0.776
1558397103.056;200;0.829;0.832
1558397103.795;200;0.736;0.736
1558397104.518;200;0.720;0.720
1558397105.287;200;0.764;0.764
1558397106.120;200;0.830;0.832
1558397106.881;200;0.758;0.760
1558397107.599;200;0.716;0.716
1558397108.359;200;0.753;0.752
1558397109.171;200;0.808;0.812
1558397109.930;200;0.755;0.757
1558397110.675;200;0.740;0.740
1558397111.442;200;0.764;0.764
1558397112.261;200;0.815;0.812
1558397113.028;200;0.764;0.768
1558397113.758;200;0.719;0.720
1558397114.492;200;0.729;0.728
1558397115.278;200;0.783;0.784
1558397116.017;200;0.737;0.740
1558397116.746;200;0.726;0.728
1558397117.493;200;0.744;0.744
1558397118.287;200;0.790;0.792
1558397119.027;200;0.737;0.736
1558397119.799;200;0.769;0.768
1558397120.569;200;0.768;0.772
1558397121.371;200;0.798;0.800
1558397122.134;200;0.760;0.760
1558397122.855;200;0.719;0.720
1558397123.562;200;0.705;0.708
1558397124.377;200;0.812;0.816
1558397125.133;200;0.752;0.752
1558397125.868;200;0.733;0.736
1558397126.640;200;0.769;0.772
1558397127.453;200;0.810;0.812
1558397128.213;200;0.756;0.760
1558397128.944;200;0.729;0.732
1558397129.695;200;0.749;0.752
1558397130.527;200;0.828;0.828
1558397131.264;200;0.734;0.732
1558397131.980;200;0.713;0.716
1558397132.734;200;0.751;0.752
1558397133.557;200;0.820;0.824
1558397134.282;200;0.722;0.724
1558397135.029;200;0.745;0.748
1558397135.766;200;0.733;0.736
1558397136.576;200;0.806;0.808
1558397137.325;200;0.743;0.744
1558397138.063;200;0.734;0.736
1558397138.821;200;0.755;0.756
1558397139.641;200;0.818;0.816
1558397140.364;200;0.720;0.720
1558397141.093;200;0.726;0.728
1558397141.855;200;0.760;0.764
1558397142.671;200;0.813;0.812
1558397143.427;200;0.753;0.752
1558397144.153;200;0.723;0.724
1558397144.935;200;0.780;0.780
1558397145.778;200;0.840;0.840
1558397146.525;200;0.745;0.748
1558397147.258;200;0.728;0.728
1558397148.018;200;0.756;0.756
1558397148.819;200;0.798;0.800
1558397149.578;200;0.756;0.756
1558397150.234;200;0.652;0.652
1558397150.973;200;0.736;0.740
1558397151.785;200;0.810;0.812
1558397152.532;200;0.745;0.748
1558397153.259;200;0.724;0.724
1558397154.022;200;0.759;0.760
1558397154.819;200;0.795;0.796
1558397155.575;200;0.754;0.752
1558397156.314;200;0.733;0.736
1558397157.074;200;0.758;0.760
1558397157.901;200;0.823;0.824
1558397158.637;200;0.729;0.732
1558397159.377;200;0.734;0.732
1558397160.125;200;0.746;0.748
1558397160.941;200;0.814;0.816
1558397161.669;200;0.726;0.728
1558397162.388;200;0.717;0.716
1558397163.131;200;0.740;0.740
1558397163.985;200;0.852;0.852
1558397164.713;200;0.724;0.728
1558397165.466;200;0.749;0.752
1558397166.211;200;0.741;0.740
1558397167.062;200;0.848;0.848
1558397167.819;200;0.755;0.756
1558397168.543;200;0.719;0.720
1558397169.285;200;0.740;0.744
1558397170.115;200;0.828;0.828
1558397170.887;200;0.770;0.772
1558397171.617;200;0.727;0.728
1558397172.331;200;0.712;0.712
1558397173.151;200;0.817;0.816
1558397173.908;200;0.753;0.752
1558397174.670;200;0.759;0.760
1558397175.428;200;0.755;0.756
1558397176.256;200;0.826;0.828
1558397176.983;200;0.725;0.724
1558397177.695;200;0.708;0.708
1558397178.453;200;0.754;0.756
1558397179.287;200;0.831;0.832
1558397180.045;200;0.755;0.756
1558397180.781;200;0.733;0.736
1558397181.598;200;0.814;0.816
1558397182.409;200;0.809;0.812
1558397183.166;200;0.753;0.756
1558397183.906;200;0.737;0.740
1558397184.678;200;0.766;0.768
1558397185.474;200;0.792;0.792
1558397186.241;200;0.765;0.768
1558397186.943;200;0.699;0.704
1558397187.762;200;0.816;0.816
1558397188.563;200;0.797;0.796
1558397189.303;200;0.736;0.736
1558397190.028;200;0.723;0.720
1558397190.795;200;0.764;0.764
1558397191.655;200;0.855;0.856
1558397192.395;200;0.737;0.736
1558397193.111;200;0.712;0.712
1558397193.871;200;0.758;0.756
1558397194.701;200;0.826;0.828
1558397195.464;200;0.759;0.760
1558397196.230;200;0.761;0.764
1558397196.978;200;0.745;0.744
1558397197.786;200;0.804;0.804
1558397198.510;200;0.720;0.720
1558397199.239;200;0.726;0.724
1558397199.991;200;0.750;0.752
1558397200.807;200;0.813;0.812
1558397201.553;200;0.744;0.744
1558397202.288;200;0.732;0.736
1558397203.050;200;0.759;0.760
1558397203.864;200;0.809;0.812
1558397204.595;200;0.728;0.728
1558397205.301;200;0.702;0.704
1558397206.048;200;0.743;0.748
1558397206.909;200;0.858;0.860
1558397207.695;200;0.781;0.780
1558397208.393;200;0.693;0.692
1558397209.134;200;0.739;0.740
1558397209.921;200;0.785;0.788
1558397210.663;200;0.740;0.740
1558397211.403;200;0.737;0.736
1558397212.163;200;0.756;0.756
1558397212.975;200;0.810;0.812
1558397213.694;200;0.717;0.720
1558397214.431;200;0.734;0.736
1558397215.085;200;0.651;0.652
1558397215.956;200;0.869;0.872
1558397216.698;200;0.739;0.740
1558397217.438;200;0.737;0.736
1558397218.208;200;0.767;0.764
1558397219.001;200;0.791;0.792
1558397219.744;200;0.740;0.740
1558397220.454;200;0.708;0.708
1558397221.243;200;0.786;0.784
1558397222.089;200;0.842;0.844
1558397222.834;200;0.739;0.740
1558397223.569;200;0.732;0.732
1558397224.322;200;0.750;0.752
1558397225.138;200;0.813;0.816
1558397225.873;200;0.733;0.736
1558397226.625;200;0.750;0.748
1558397227.325;200;0.697;0.700
1558397228.146;200;0.817;0.820
1558397228.867;200;0.719;0.720
1558397229.638;200;0.768;0.768
1558397230.340;200;0.698;0.696
1558397231.185;200;0.842;0.844
1558397231.933;200;0.744;0.748
1558397232.671;200;0.734;0.736
1558397233.398;200;0.723;0.724
1558397234.220;200;0.819;0.820
1558397234.949;200;0.724;0.728
1558397235.681;200;0.729;0.728
1558397236.433;200;0.750;0.752
1558397237.267;200;0.831;0.832
1558397238.017;200;0.746;0.748
1558397238.747;200;0.726;0.728
1558397239.477;200;0.727;0.728
1558397240.280;200;0.801;0.800
1558397241.020;200;0.738;0.736
1558397241.753;200;0.730;0.732
1558397242.451;200;0.695;0.696
1558397243.269;200;0.814;0.816
1558397244.017;200;0.745;0.748
1558397244.762;200;0.743;0.744
1558397245.544;200;0.780;0.784
1558397246.363;200;0.816;0.820
1558397247.099;200;0.733;0.732
1558397247.837;200;0.735;0.736
1558397248.595;200;0.754;0.752
1558397249.401;200;0.803;0.804
1558397250.116;200;0.713;0.716
1558397250.854;200;0.735;0.736
1558397251.643;200;0.780;0.780
1558397252.510;200;0.860;0.860
1558397253.279;200;0.765;0.764
1558397254.044;200;0.760;0.760
1558397254.825;200;0.778;0.780
1558397255.643;200;0.816;0.816
1558397256.377;200;0.730;0.732
1558397257.093;200;0.712;0.716
1558397257.851;200;0.756;0.756
1558397258.679;200;0.825;0.824
1558397259.425;200;0.743;0.744
1558397260.155;200;0.728;0.728
1558397260.945;200;0.787;0.788
1558397261.754;200;0.805;0.808
1558397262.469;200;0.713;0.716
1558397263.189;200;0.718;0.720
1558397263.959;200;0.768;0.768
1558397264.782;200;0.820;0.820
1558397265.516;200;0.731;0.732
1558397266.233;200;0.715;0.716
1558397267.028;200;0.792;0.792
1558397267.865;200;0.835;0.836
1558397268.617;200;0.748;0.748
1558397269.331;200;0.709;0.708
1558397270.082;200;0.748;0.748
1558397270.911;200;0.826;0.824
1558397271.637;200;0.724;0.724
1558397272.362;200;0.721;0.724
1558397273.150;200;0.785;0.788
1558397274.007;200;0.852;0.852
1558397274.743;200;0.734;0.736
1558397275.506;200;0.760;0.760
1558397276.272;200;0.764;0.764
1558397277.089;200;0.814;0.816
1558397277.821;200;0.730;0.732
1558397278.545;200;0.720;0.720
1558397279.291;200;0.742;0.744
1558397280.104;200;0.810;0.812
1558397280.835;200;0.729;0.728
1558397281.575;200;0.737;0.736
1558397282.336;200;0.755;0.760
1558397283.161;200;0.822;0.820
1558397283.894;200;0.731;0.732
1558397284.651;200;0.753;0.752
1558397285.452;200;0.798;0.800
1558397286.251;200;0.796;0.796
1558397286.980;200;0.726;0.728
1558397287.701;200;0.716;0.716
1558397288.481;200;0.777;0.776
1558397289.366;200;0.883;0.884
1558397290.106;200;0.737;0.740
1558397290.883;200;0.774;0.772
1558397291.683;200;0.797;0.796
1558397292.491;200;0.805;0.804
1558397293.222;200;0.728;0.728
1558397293.945;200;0.720;0.720
1558397294.704;200;0.756;0.756
1558397295.549;200;0.842;0.844
1558397296.275;200;0.724;0.724
1558397297.025;200;0.745;0.748
1558397297.769;200;0.742;0.744
1558397298.611;200;0.839;0.840
1558397299.359;200;0.746;0.744
1558397300.085;200;0.723;0.724
1558397300.845;200;0.757;0.760
1558397301.666;200;0.817;0.820
1558397302.433;200;0.764;0.768
1558397303.160;200;0.721;0.720
1558397303.931;200;0.768;0.768
1558397304.762;200;0.828;0.828
1558397305.498;200;0.733;0.736
1558397306.262;200;0.761;0.764
1558397307.085;200;0.820;0.820
1558397307.937;200;0.849;0.852
1558397308.652;200;0.711;0.716
1558397309.395;200;0.740;0.740
1558397310.162;200;0.761;0.764
1558397311.011;200;0.846;0.844
1558397311.750;200;0.732;0.732
1558397312.515;200;0.761;0.760
1558397313.285;200;0.767;0.768
1558397314.095;200;0.807;0.808
1558397314.832;200;0.734;0.736
1558397315.571;200;0.734;0.736
1558397316.277;200;0.702;0.700
1558397317.118;200;0.837;0.836
1558397317.853;200;0.732;0.732
1558397318.596;200;0.739;0.740
1558397319.360;200;0.762;0.764
1558397320.181;200;0.818;0.820
1558397320.921;200;0.737;0.740
1558397321.664;200;0.740;0.740
1558397322.488;200;0.821;0.824
1558397323.309;200;0.818;0.820
1558397324.066;200;0.754;0.756
1558397324.818;200;0.747;0.748
1558397325.578;200;0.756;0.756
1558397326.395;200;0.814;0.816
1558397327.129;200;0.731;0.732
1558397327.855;200;0.723;0.724
1558397328.602;200;0.742;0.744
1558397329.421;200;0.815;0.816
1558397330.175;200;0.751;0.752
1558397330.869;200;0.691;0.692
1558397331.677;200;0.804;0.808
1558397332.500;200;0.819;0.824
1558397333.244;200;0.741;0.740
1558397334.030;200;0.783;0.784
1558397334.778;200;0.744;0.744
1558397335.601;200;0.819;0.820
1558397336.321;200;0.717;0.720
1558397337.053;200;0.728;0.728
1558397337.832;200;0.775;0.776
1558397338.668;200;0.830;0.828
1558397339.393;200;0.722;0.720
1558397340.147;200;0.752;0.752
1558397340.903;200;0.750;0.748
1558397341.716;200;0.810;0.812
1558397342.451;200;0.732;0.732
1558397343.180;200;0.725;0.728
1558397343.917;200;0.734;0.736
1558397344.730;200;0.809;0.812
1558397345.491;200;0.758;0.756
1558397346.213;200;0.720;0.720
1558397346.931;200;0.716;0.716
1558397347.736;200;0.802;0.800
1558397348.490;200;0.752;0.752
1558397349.216;200;0.723;0.728
1558397349.964;200;0.746;0.748
1558397350.836;200;0.870;0.868
1558397351.586;200;0.748;0.748
1558397352.368;200;0.779;0.784
1558397353.152;200;0.782;0.784
1558397353.996;200;0.841;0.840
1558397354.746;200;0.747;0.748
1558397355.482;200;0.734;0.736
1558397356.229;200;0.742;0.744
1558397357.085;200;0.853;0.856
1558397357.826;200;0.739;0.740
1558397358.570;200;0.741;0.740
1558397359.373;200;0.800;0.800
1558397360.201;200;0.826;0.828
1558397360.950;200;0.746;0.748
1558397361.703;200;0.751;0.752
1558397362.453;200;0.747;0.748
1558397363.304;200;0.849;0.852
1558397364.032;200;0.725;0.728
1558397364.772;200;0.738;0.740
1558397365.575;200;0.801;0.800
1558397366.374;200;0.795;0.796
1558397367.132;200;0.754;0.756
1558397367.853;200;0.718;0.720
1558397368.662;200;0.804;0.804
1558397369.449;200;0.783;0.784
1558397370.178;200;0.726;0.728
1558397370.899;200;0.718;0.720
1558397371.708;200;0.806;0.808
1558397372.505;200;0.794;0.796
1558397373.243;200;0.735;0.736
1558397373.996;200;0.750;0.748
1558397374.777;200;0.778;0.780
1558397375.595;200;0.816;0.816
1558397376.339;200;0.739;0.740
1558397377.101;200;0.759;0.760
1558397377.853;200;0.747;0.748
1558397378.654;200;0.796;0.796
1558397379.407;200;0.749;0.748
1558397380.161;200;0.752;0.752
1558397380.958;200;0.794;0.796
1558397381.777;200;0.816;0.816
1558397382.527;200;0.747;0.748
1558397383.267;200;0.738;0.740
1558397384.073;200;0.803;0.804
1558397384.879;200;0.802;0.804
1558397385.615;200;0.733;0.732
1558397386.338;200;0.719;0.720
1558397387.065;200;0.724;0.724
1558397387.909;200;0.841;0.844
1558397388.658;200;0.742;0.744
1558397389.369;200;0.708;0.712
1558397390.119;200;0.748;0.748
1558397390.995;200;0.873;0.872
1558397391.741;200;0.743;0.744
1558397392.465;200;0.722;0.724
1558397393.227;200;0.758;0.756
1558397394.053;200;0.823;0.820
1558397394.770;200;0.714;0.716
1558397395.514;200;0.742;0.744
1558397396.321;200;0.804;0.804
1558397397.190;200;0.867;0.868
1558397397.920;200;0.728;0.732
1558397398.681;200;0.758;0.760
1558397399.458;200;0.774;0.776
1558397400.288;200;0.827;0.824
1558397401.027;200;0.737;0.736
1558397401.751;200;0.721;0.720
1558397402.592;200;0.838;0.836
1558397403.444;200;0.849;0.852
1558397404.277;200;0.831;0.828
1558397405.026;200;0.746;0.748
1558397405.822;200;0.793;0.796
1558397406.714;200;0.889;0.892
1558397407.518;200;0.802;0.804
1558397408.312;200;0.790;0.792
1558397409.105;200;0.791;0.792
1558397409.938;200;0.831;0.832
1558397410.722;200;0.780;0.780
1558397411.617;200;0.843;0.840
1558397412.430;200;0.809;0.812
1558397413.385;200;0.952;0.956
1558397414.242;200;0.854;0.856
1558397415.170;200;0.925;0.924
1558397416.074;200;0.900;0.900
1558397417.107;200;1.030;1.032
1558397417.904;200;0.793;0.792
1558397418.678;200;0.769;0.772
1558397419.505;200;0.825;0.824
1558397420.424;200;0.917;0.920
1558397421.197;200;0.770;0.772
1558397422.006;200;0.805;0.808
1558397422.793;200;0.785;0.788
1558397423.679;200;0.882;0.884
1558397424.509;200;0.827;0.828
1558397425.408;200;0.897;0.900
1558397426.430;200;1.020;1.020
1558397427.312;200;0.879;0.880
1558397431.482;502;4.168;0.936, 1.076, 1.072, 1.084, 0.000
1558397431.494;502;0.006;0.000, 0.004, 0.000, 0.004
1558397431.498;502;0.002;0.000, 0.004, 0.000, 0.000
1558397431.501;502;0.001;0.000, 0.000, 0.000, 0.004
1558397431.509;502;0.007;0.000, 0.004, 0.000, 0.000
1558397431.512;502;0.002;0.000, 0.000, 0.000, 0.000
1558397431.515;502;0.002;0.000, 0.000, 0.000, 0.000
1558397431.521;502;0.002;0.000, 0.000, 0.004, 0.000
1558397431.524;502;0.002;0.000, 0.000, 0.000, 0.000
1558397431.528;502;0.003;0.000, 0.000, 0.000, 0.000
1558397431.537;502;0.008;0.000, 0.000, 0.004, 0.004
1558397431.542;502;0.002;0.000, 0.000, 0.004, 0.000
1558397431.549;502;0.004;0.004, 0.000, 0.000, 0.000
1558397431.555;502;0.005;0.000, 0.000, 0.004, 0.000
1558397431.559;502;0.003;0.004, 0.000, 0.000, 0.000
1558397431.561;502;0.001;0.000, 0.000, 0.000, 0.000
1558397431.563;502;0.001;0.000, 0.000, 0.000, 0.000
1558397431.570;502;0.004;0.000, 0.000, 0.004, 0.000
1558397431.572;502;0.001;0.000, 0.000, 0.000, 0.000
1558397431.575;502;0.002;0.000, 0.000, 0.000, 0.000
1558397431.583;502;0.003;0.004, 0.000, 0.000, 0.000
1558397431.586;502;0.002;0.000, 0.004, 0.000, 0.000
1558397431.593;502;0.002;0.000, 0.000, 0.000, 0.000
1558397431.597;502;0.003;0.000, 0.000, 0.000, 0.000
1558397431.602;502;0.004;0.000, 0.000, 0.004, 0.000
1558397431.606;502;0.003;0.000, 0.000, 0.000, 0.004
1558397431.610;502;0.002;0.000, 0.004, 0.000, 0.000
1558397431.614;502;0.003;0.000, 0.004, 0.000, 0.000
1558397431.619;502;0.003;0.004, 0.000, 0.000, 0.000
1558397431.622;502;0.002;0.000, 0.000, 0.004, 0.000
1558397431.630;502;0.004;0.000, 0.000, 0.004, 0.000
1558397431.633;502;0.002;0.000, 0.000, 0.000, 0.004
1558397431.639;502;0.005;0.000, 0.004, 0.000, 0.000
1558397431.642;502;0.001;0.000, 0.004, 0.000, 0.000
1558397431.645;502;0.002;0.000, 0.000, 0.000, 0.000
1558397431.650;502;0.004;0.000, 0.000, 0.000, 0.004
1558397431.653;502;0.002;0.000, 0.000, 0.000, 0.000
1558397431.656;502;0.002;0.000, 0.000, 0.000, 0.000
1558397431.662;502;0.005;0.000, 0.000, 0.000, 0.004
1558397431.666;502;0.002;0.000, 0.000, 0.004, 0.000
1558397431.670;502;0.002;0.000, 0.000, 0.004, 0.000
1558397431.676;502;0.005;0.000, 0.004, 0.000, 0.000
1558397431.681;502;0.004;0.004, 0.000, 0.000, 0.000
1558397431.687;502;0.005;0.000, 0.000, 0.000, 0.004
1558397431.692;502;0.004;0.004, 0.000, 0.000, 0.000
1558397431.695;502;0.002;0.004, 0.000, 0.000, 0.000
1558397431.701;502;0.001;0.000, 0.000, 0.000, 0.004
1558397431.705;502;0.003;0.000, 0.000, 0.000, 0.000
1558397431.710;502;0.004;0.000, 0.000, 0.000, 0.004
1558397431.714;502;0.003;0.000, 0.000, 0.000, 0.004
1558397431.717;502;0.002;0.000, 0.000, 0.000, 0.000
1558397431.726;502;0.008;0.000, 0.000, 0.004, 0.004
1558397431.731;502;0.002;0.004, 0.000, 0.000, 0.000
1558397431.738;502;0.002;0.000, 0.000, 0.004, 0.000
1558397431.740;502;0.001;0.000, 0.000, 0.000, 0.000
1558397431.742;502;0.001;0.004, 0.000, 0.000, 0.000
1558397431.748;502;0.002;0.000, 0.000, 0.000, 0.000
1558397431.752;502;0.002;0.000, 0.000, 0.000, 0.000
1558397431.755;502;0.002;0.004, 0.000, 0.000, 0.000
1558397431.763;502;0.002;0.004, 0.000, 0.000, 0.000
1558397431.766;502;0.002;0.000, 0.004, 0.000, 0.000
1558397431.774;502;0.003;0.000, 0.000, 0.004, 0.000
1558397431.777;502;0.002;0.000, 0.000, 0.000, 0.004
1558397431.785;502;0.007;0.000, 0.004, 0.000, 0.004
1558397431.788;502;0.002;0.000, 0.000, 0.000, 0.000
1558397431.794;502;0.004;0.000, 0.000, 0.000, 0.004
1558397431.798;502;0.002;0.000, 0.004, 0.000, 0.000
1558397431.801;502;0.002;0.000, 0.000, 0.000, 0.000
1558397431.803;502;0.001;0.000, 0.000, 0.000, 0.000
1558397431.810;502;0.003;0.000, 0.000, 0.004, 0.000
1558397431.813;502;0.002;0.000, 0.000, 0.000, 0.000
1558397431.818;502;0.004;0.000, 0.000, 0.000, 0.004
1558397431.823;502;0.002;0.004, 0.000, 0.000, 0.000
1558397431.826;502;0.002;0.000, 0.000, 0.004, 0.000
1558397431.829;502;0.002;0.000, 0.000, 0.004, 0.000
1558397431.834;502;0.004;0.000, 0.000, 0.004, 0.000
1558397431.837;502;0.001;0.000, 0.000, 0.000, 0.004
1558397431.841;502;0.003;0.000, 0.000, 0.000, 0.000
1558397431.845;502;0.003;0.000, 0.000, 0.000, 0.000
1558397431.848;502;0.002;0.000, 0.000, 0.000, 0.000
1558397431.851;502;0.002;0.000, 0.000, 0.000, 0.000
1558397431.853;502;0.001;0.000, 0.000, 0.004, 0.000
1558397431.858;502;0.004;0.000, 0.004, 0.000, 0.000
1558397431.861;502;0.001;0.000, 0.000, 0.000, 0.004
1558397431.866;502;0.004;0.000, 0.000, 0.004, 0.000
1558397431.870;502;0.003;0.000, 0.000, 0.000, 0.004
1558397431.873;502;0.002;0.000, 0.000, 0.000, 0.000
1558397431.878;502;0.004;0.000, 0.000, 0.004, 0.000
1558397431.882;502;0.002;0.000, 0.000, 0.004, 0.000
1558397431.885;502;0.002;0.000, 0.000, 0.000, 0.000
1558397431.887;502;0.001;0.000, 0.000, 0.000, 0.000
1558397431.895;502;0.002;0.004, 0.000, 0.000, 0.000
1558397431.897;502;0.001;0.000, 0.000, 0.000, 0.004
1558397431.907;502;0.009;0.000, 0.004, 0.004, 0.000
1558397431.910;502;0.002;0.000, 0.004, 0.000, 0.000
1558397431.919;502;0.008;0.008, 0.000, 0.000, 0.000
1558397431.922;502;0.002;0.000, 0.004, 0.000, 0.000
1558397431.930;502;0.004;0.000, 0.000, 0.000, 0.004
1558397431.933;502;0.002;0.000, 0.000, 0.000, 0.000
1558397431.937;502;0.003;0.000, 0.000, 0.000, 0.004
1558397431.941;502;0.002;0.000, 0.000, 0.000, 0.000
1558397431.944;502;0.002;0.000, 0.000, 0.000, 0.000
1558397431.947;502;0.002;0.004, 0.000, 0.000, 0.000
1558397431.951;502;0.001;0.000, 0.000, 0.000, 0.000
1558397431.956;502;0.004;0.004, 0.000, 0.000, 0.000
1558397431.959;502;0.002;0.004, 0.000, 0.000, 0.000
1558397431.966;502;0.002;0.000, 0.000, 0.004, 0.000
1558397431.969;502;0.002;0.000, 0.000, 0.000, 0.000
1558397431.974;502;0.004;0.000, 0.000, 0.004, 0.000
1558397431.978;502;0.002;0.000, 0.000, 0.004, 0.000
1558397431.982;502;0.002;0.000, 0.000, 0.004, 0.000
1558397431.988;502;0.005;0.004, 0.000, 0.000, 0.000
1558397431.991;502;0.002;0.000, 0.000, 0.000, 0.000
1558397431.994;502;0.001;0.000, 0.004, 0.000, 0.000
1558397432.002;502;0.003;0.000, 0.000, 0.004, 0.000
1558397432.005;502;0.002;0.000, 0.000, 0.000, 0.000
1558397432.010;502;0.004;0.000, 0.004, 0.000, 0.000
1558397432.015;502;0.001;0.000, 0.000, 0.000, 0.000
1558397432.019;502;0.002;0.004, 0.000, 0.000, 0.000
1558397432.028;502;0.001;0.000, 0.000, 0.000, 0.000
1558397432.034;502;0.004;0.000, 0.000, 0.004, 0.000
1558397432.040;502;0.002;0.000, 0.000, 0.000, 0.000
1558397432.042;502;0.001;0.004, 0.000, 0.000, 0.000
1558397432.050;502;0.003;0.000, 0.000, 0.004, 0.000
1558397432.053;502;0.002;0.000, 0.000, 0.000, 0.000
1558397432.058;502;0.004;0.000, 0.000, 0.004, 0.000
1558397432.063;502;0.003;0.004, 0.000, 0.000, 0.000
1558397432.066;502;0.002;0.000, 0.000, 0.004, 0.000
1558397432.073;502;0.002;0.000, 0.000, 0.000, 0.000
1558397432.077;502;0.003;0.000, 0.000, 0.000, 0.004
1558397432.083;502;0.005;0.000, 0.004, 0.000, 0.000
1558397432.086;502;0.002;0.000, 0.004, 0.000, 0.000
1558397432.090;502;0.001;0.004, 0.000, 0.000, 0.000
1558397432.098;502;0.002;0.000, 0.000, 0.004, 0.000
1558397432.101;502;0.002;0.000, 0.000, 0.000, 0.000
1558397432.107;502;0.005;0.000, 0.000, 0.004, 0.000
1558397432.112;502;0.003;0.004, 0.000, 0.000, 0.000
1558397432.115;502;0.002;0.000, 0.000, 0.000, 0.000
1558397432.123;502;0.003;0.004, 0.000, 0.000, 0.000
1558397432.126;502;0.002;0.000, 0.000, 0.000, 0.004
1558397432.132;502;0.005;0.000, 0.004, 0.000, 0.000
1558397432.135;502;0.002;0.000, 0.000, 0.000, 0.000
1558397432.138;502;0.001;0.000, 0.004, 0.000, 0.000
1558397432.142;502;0.002;0.000, 0.000, 0.004, 0.000
1558397432.148;502;0.002;0.000, 0.000, 0.000, 0.000
1558397432.152;502;0.003;0.000, 0.000, 0.000, 0.000
1558397432.158;502;0.002;0.000, 0.000, 0.000, 0.004
1558397432.161;502;0.002;0.000, 0.000, 0.000, 0.004
1558397432.169;502;0.007;0.000, 0.004, 0.000, 0.004
1558397432.173;502;0.002;0.000, 0.000, 0.000, 0.000
1558397432.179;502;0.005;0.000, 0.000, 0.004, 0.000
1558397432.183;502;0.002;0.004, 0.000, 0.000, 0.000
1558397432.187;502;0.002;0.004, 0.000, 0.000, 0.000
1558397432.190;502;0.001;0.000, 0.004, 0.000, 0.000
1558397432.197;502;0.002;0.000, 0.000, 0.000, 0.000
1558397432.203;502;0.005;0.000, 0.000, 0.004, 0.000
1558397432.208;502;0.004;0.004, 0.000, 0.000, 0.000
1558397432.211;502;0.002;0.000, 0.000, 0.000, 0.000
1558397432.217;502;0.002;0.000, 0.000, 0.000, 0.004
1558397432.220;502;0.002;0.000, 0.000, 0.000, 0.000
1558397432.226;502;0.004;0.000, 0.000, 0.000, 0.004
1558397432.230;502;0.003;0.000, 0.000, 0.004, 0.000
1558397432.233;502;0.002;0.000, 0.000, 0.000, 0.004
1558397432.238;502;0.004;0.000, 0.004, 0.000, 0.000
1558397432.244;502;0.004;0.004, 0.000, 0.000, 0.000
1558397432.246;502;0.001;0.000, 0.004, 0.000, 0.000
1558397432.253;502;0.003;0.000, 0.000, 0.000, 0.004
1558397432.257;502;0.003;0.000, 0.000, 0.000, 0.000
1558397432.263;502;0.005;0.000, 0.004, 0.000, 0.000
1558397432.266;502;0.002;0.000, 0.000, 0.004, 0.000
1558397432.268;502;0.001;0.000, 0.000, 0.000, 0.000
1558397432.274;502;0.005;0.000, 0.000, 0.000, 0.004
1558397432.277;502;0.002;0.000, 0.000, 0.000, 0.004
1558397432.281;502;0.003;0.000, 0.000, 0.000, 0.000
1558397432.287;502;0.005;0.000, 0.004, 0.000, 0.000
1558397432.290;502;0.001;0.000, 0.004, 0.000, 0.000
1558397432.294;502;0.002;0.000, 0.000, 0.004, 0.000
1558397432.302;502;0.007;0.004, 0.000, 0.004, 0.000
1558397432.305;502;0.001;0.000, 0.000, 0.000, 0.004
1558397432.312;502;0.006;0.000, 0.004, 0.000, 0.000
1558397432.315;502;0.002;0.004, 0.000, 0.000, 0.000
1558397432.318;502;0.002;0.000, 0.000, 0.004, 0.000
1558397432.325;502;0.004;0.004, 0.000, 0.000, 0.000
1558397432.329;502;0.003;0.000, 0.000, 0.000, 0.000
1558397432.334;502;0.004;0.000, 0.000, 0.004, 0.000
1558397432.338;502;0.003;0.000, 0.000, 0.004, 0.000
1558397432.342;502;0.002;0.000, 0.004, 0.000, 0.000
1558397432.350;502;0.004;0.000, 0.000, 0.000, 0.004
1558397432.352;502;0.001;0.000, 0.000, 0.000, 0.000
1558397432.358;502;0.004;0.000, 0.000, 0.000, 0.004
1558397432.362;502;0.002;0.000, 0.000, 0.004, 0.000
1558397432.365;502;0.002;0.000, 0.000, 0.000, 0.000
1558397432.370;502;0.004;0.000, 0.004, 0.000, 0.000
1558397432.374;502;0.003;0.000, 0.000, 0.004, 0.000
1558397432.377;502;0.002;0.000, 0.000, 0.000, 0.004
1558397432.383;502;0.004;0.000, 0.004, 0.000, 0.000
1558397432.388;502;0.003;0.004, 0.000, 0.000, 0.000
1558397432.394;502;0.005;0.000, 0.000, 0.000, 0.004
1558397432.398;502;0.002;0.000, 0.000, 0.004, 0.000
1558397432.401;502;0.002;0.000, 0.000, 0.000, 0.004
1558397432.406;502;0.004;0.000, 0.004, 0.000, 0.000
1558397432.410;502;0.002;0.000, 0.000, 0.004, 0.000
1558397432.414;502;0.002;0.000, 0.004, 0.000, 0.000
1558397432.422;502;0.003;0.000, 0.000, 0.000, 0.004
1558397432.425;502;0.002;0.000, 0.000, 0.000, 0.000
1558397432.432;502;0.006;0.000, 0.000, 0.004, 0.000
1558397432.436;502;0.002;0.000, 0.000, 0.000, 0.000
1558397432.439;502;0.002;0.004, 0.000, 0.000, 0.000
1558397432.448;502;0.004;0.004, 0.000, 0.000, 0.000
1558397432.451;502;0.002;0.004, 0.000, 0.000, 0.000
1558397432.457;502;0.002;0.000, 0.000, 0.000, 0.004
1558397432.462;502;0.003;0.000, 0.000, 0.004, 0.000
1558397432.468;502;0.005;0.004, 0.000, 0.000, 0.000
1558397432.472;502;0.003;0.000, 0.000, 0.000, 0.000
1558397432.474;502;0.001;0.004, 0.000, 0.000, 0.000
1558397432.482;502;0.003;0.000, 0.000, 0.004, 0.000
1558397432.485;502;0.002;0.000, 0.000, 0.000, 0.000
1558397432.490;502;0.004;0.000, 0.000, 0.000, 0.004
1558397432.495;502;0.004;0.004, 0.000, 0.000, 0.000
1558397432.499;502;0.002;0.000, 0.000, 0.000, 0.000
1558397432.508;502;0.004;0.004, 0.000, 0.000, 0.000
1558397432.510;502;0.001;0.000, 0.004, 0.000, 0.000
1558397432.517;502;0.003;0.000, 0.000, 0.000, 0.000
1558397432.521;502;0.003;0.000, 0.000, 0.000, 0.000
1558397432.526;502;0.004;0.000, 0.004, 0.000, 0.000
1558397432.531;502;0.002;0.004, 0.000, 0.000, 0.000
1558397432.533;502;0.001;0.000, 0.000, 0.000, 0.004
1558397432.539;502;0.005;0.000, 0.000, 0.004, 0.000
1558397432.543;502;0.002;0.004, 0.000, 0.000, 0.000
1558397432.547;502;0.002;0.004, 0.000, 0.000, 0.000
1558397432.554;502;0.002;0.000, 0.000, 0.004, 0.000
1558397432.557;502;0.002;0.000, 0.000, 0.000, 0.000
1558397432.562;502;0.004;0.000, 0.000, 0.004, 0.000
1558397432.566;502;0.001;0.000, 0.004, 0.000, 0.000
1558397432.570;502;0.002;0.000, 0.004, 0.000, 0.000
1558397432.578;502;0.003;0.000, 0.004, 0.000, 0.000
1558397432.581;502;0.001;0.000, 0.000, 0.000, 0.004
1558397432.587;502;0.005;0.000, 0.000, 0.004, 0.000
1558397432.591;502;0.002;0.004, 0.000, 0.000, 0.000
1558397432.594;502;0.002;0.000, 0.000, 0.004, 0.000
1558397432.601;502;0.006;0.004, 0.000, 0.000, 0.000
1558397432.605;502;0.003;0.000, 0.000, 0.000, 0.000
1558397432.609;502;0.003;0.000, 0.000, 0.000, 0.000
1558397432.614;502;0.004;0.000, 0.000, 0.000, 0.004
1558397432.617;502;0.002;0.000, 0.000, 0.000, 0.000
1558397432.624;502;0.006;0.000, 0.000, 0.004, 0.000
1558397432.627;502;0.002;0.004, 0.000, 0.000, 0.000
1558397432.635;502;0.006;0.000, 0.004, 0.000, 0.004
1558397432.639;502;0.003;0.004, 0.000, 0.000, 0.000
1558397432.642;502;0.001;0.000, 0.004, 0.000, 0.000
1558397432.650;502;0.003;0.000, 0.000, 0.004, 0.000
1558397432.653;502;0.002;0.000, 0.000, 0.000, 0.000
1558397432.661;502;0.006;0.000, 0.004, 0.000, 0.000
1558397432.665;502;0.003;0.000, 0.000, 0.000, 0.000
1558397432.671;502;0.005;0.000, 0.000, 0.004, 0.000
1558397432.674;502;0.002;0.000, 0.000, 0.004, 0.000
1558397432.677;502;0.002;0.000, 0.000, 0.000, 0.000
1558397432.683;502;0.005;0.000, 0.000, 0.004, 0.000
1558397432.686;502;0.002;0.004, 0.000, 0.000, 0.000
1558397432.689;502;0.002;0.000, 0.000, 0.000, 0.000
1558397432.694;502;0.004;0.000, 0.000, 0.004, 0.000
1558397432.697;502;0.001;0.000, 0.000, 0.000, 0.004
1558397432.700;502;0.002;0.000, 0.000, 0.000, 0.000
1558397432.706;502;0.005;0.000, 0.000, 0.000, 0.004
1558397432.710;502;0.003;0.000, 0.000, 0.004, 0.000
1558397432.713;502;0.002;0.000, 0.000, 0.000, 0.000
1558397432.719;502;0.005;0.000, 0.000, 0.004, 0.000
1558397432.723;502;0.002;0.004, 0.000, 0.000, 0.000
1558397432.728;502;0.003;0.000, 0.000, 0.000, 0.000
1558397432.731;502;0.002;0.000, 0.000, 0.000, 0.000
1558397432.737;502;0.002;0.000, 0.000, 0.000, 0.004
1558397432.743;502;0.005;0.000, 0.000, 0.004, 0.000
1558397432.746;502;0.002;0.000, 0.004, 0.000, 0.000
1558397432.749;502;0.002;0.000, 0.000, 0.000, 0.000
1558397432.757;502;0.007;0.000, 0.000, 0.004, 0.000
1558397432.760;502;0.002;0.000, 0.000, 0.000, 0.000
1558397432.763;502;0.002;0.000, 0.000, 0.000, 0.000
1558397432.770;502;0.002;0.000, 0.004, 0.000, 0.000
1558397432.774;502;0.002;0.000, 0.004, 0.000, 0.000
1558397432.778;502;0.001;0.004, 0.000, 0.000, 0.000
1558397432.785;502;0.002;0.000, 0.000, 0.000, 0.000
1558397432.790;502;0.004;0.000, 0.000, 0.004, 0.000
1558397432.794;502;0.003;0.000, 0.004, 0.000, 0.000
1558397432.798;502;0.002;0.000, 0.000, 0.004, 0.000
1558397432.806;502;0.007;0.004, 0.004, 0.000, 0.000
1558397432.809;502;0.002;0.000, 0.000, 0.000, 0.000
1558397432.819;502;0.009;0.000, 0.004, 0.004, 0.000
1558397432.822;502;0.002;0.000, 0.004, 0.000, 0.000
1558397432.835;502;0.003;0.004, 0.000, 0.000, 0.000
1558397432.842;502;0.001;0.000, 0.004, 0.000, 0.000
1558397432.846;502;0.002;0.000, 0.004, 0.000, 0.000
1558397432.854;502;0.007;0.004, 0.000, 0.000, 0.004
1558397432.857;502;0.002;0.000, 0.000, 0.000, 0.004
1558397432.862;502;0.004;0.000, 0.000, 0.004, 0.000
1558397432.868;502;0.004;0.004, 0.000, 0.000, 0.000
1558397432.871;502;0.002;0.004, 0.000, 0.000, 0.000
1558397432.877;502;0.002;0.000, 0.000, 0.000, 0.000
1558397432.880;502;0.002;0.000, 0.000, 0.000, 0.000
1558397432.886;502;0.004;0.000, 0.000, 0.004, 0.000
1558397432.890;502;0.002;0.000, 0.000, 0.004, 0.000
1558397432.893;502;0.002;0.000, 0.000, 0.000, 0.000
1558397432.897;502;0.003;0.000, 0.000, 0.000, 0.004
1558397432.901;502;0.003;0.000, 0.000, 0.000, 0.000
1558397432.904;502;0.002;0.000, 0.000, 0.000, 0.000
1558397432.907;502;0.002;0.000, 0.000, 0.000, 0.000
1558397432.914;502;0.003;0.000, 0.000, 0.000, 0.004
1558397432.917;502;0.002;0.000, 0.000, 0.000, 0.000
1558397432.921;502;0.003;0.000, 0.000, 0.000, 0.004
1558397432.926;502;0.004;0.000, 0.000, 0.004, 0.000
1558397432.929;502;0.002;0.000, 0.000, 0.000, 0.000
1558397432.932;502;0.002;0.000, 0.000, 0.000, 0.000
1558397432.938;502;0.005;0.000, 0.000, 0.000, 0.004
1558397432.941;502;0.002;0.000, 0.000, 0.000, 0.000
1558397432.951;502;0.009;0.000, 0.000, 0.008, 0.000
1558397432.954;502;0.002;0.000, 0.000, 0.004, 0.000
1558397432.957;502;0.002;0.000, 0.000, 0.000, 0.004
1558397432.964;502;0.005;0.004, 0.000, 0.000, 0.000
1558397432.971;502;0.006;0.000, 0.000, 0.000, 0.004
1558397432.974;502;0.002;0.000, 0.000, 0.004, 0.000
1558397432.978;502;0.003;0.000, 0.000, 0.004, 0.000
1558397432.981;502;0.002;0.000, 0.000, 0.000, 0.004
1558397432.987;502;0.004;0.000, 0.004, 0.000, 0.000
1558397432.990;502;0.002;0.000, 0.000, 0.004, 0.000
1558397432.994;502;0.003;0.000, 0.000, 0.004, 0.000
1558397433.000;502;0.005;0.004, 0.000, 0.000, 0.000
1558397433.003;502;0.002;0.004, 0.000, 0.000, 0.000
1558397433.010;502;0.002;0.000, 0.000, 0.004, 0.000
1558397433.013;502;0.002;0.000, 0.000, 0.000, 0.000
1558397433.020;502;0.006;0.000, 0.000, 0.004, 0.000
1558397433.023;502;0.002;0.004, 0.000, 0.000, 0.000
1558397433.026;502;0.002;0.000, 0.000, 0.004, 0.000
1558397433.029;502;0.002;0.000, 0.000, 0.000, 0.004
1558397433.035;502;0.005;0.000, 0.004, 0.000, 0.000
1558397433.039;502;0.002;0.000, 0.004, 0.000, 0.000
1558397433.045;502;0.002;0.000, 0.000, 0.000, 0.004
1558397433.049;502;0.003;0.000, 0.000, 0.000, 0.000
1558397433.055;502;0.005;0.000, 0.000, 0.004, 0.000
1558397433.059;502;0.003;0.000, 0.000, 0.004, 0.000
1558397433.063;502;0.002;0.004, 0.000, 0.000, 0.000
1558397433.067;502;0.002;0.004, 0.000, 0.000, 0.000
1558397433.071;502;0.002;0.000, 0.000, 0.000, 0.000
1558397433.074;502;0.002;0.000, 0.000, 0.004, 0.000
1558397433.081;502;0.003;0.000, 0.000, 0.000, 0.000
1558397433.084;502;0.002;0.000, 0.000, 0.000, 0.000
1558397433.090;502;0.005;0.000, 0.000, 0.004, 0.000
1558397433.094;502;0.002;0.000, 0.004, 0.000, 0.000
1558397433.098;502;0.002;0.000, 0.000, 0.004, 0.000
1558397433.101;502;0.002;0.000, 0.000, 0.000, 0.000
1558397433.108;502;0.006;0.000, 0.004, 0.000, 0.000
1558397433.111;502;0.002;0.000, 0.000, 0.000, 0.000
1558397433.120;502;0.003;0.004, 0.000, 0.000, 0.000
1558397433.123;502;0.002;0.004, 0.000, 0.000, 0.000
1558397433.130;502;0.004;0.000, 0.000, 0.000, 0.004
1558397433.132;502;0.001;0.000, 0.000, 0.000, 0.000
1558397433.138;502;0.004;0.000, 0.000, 0.000, 0.004
1558397433.142;502;0.003;0.000, 0.000, 0.000, 0.004
1558397433.146;502;0.002;0.000, 0.000, 0.004, 0.000
1558397433.154;502;0.004;0.000, 0.000, 0.004, 0.000
1558397433.157;502;0.001;0.000, 0.000, 0.000, 0.004
1558397433.167;502;0.008;0.000, 0.004, 0.004, 0.000
1558397433.170;502;0.002;0.000, 0.000, 0.004, 0.000
1558397433.178;502;0.007;0.000, 0.004, 0.000, 0.004
1558397433.181;502;0.002;0.000, 0.000, 0.000, 0.004
1558397433.187;502;0.005;0.000, 0.000, 0.004, 0.000
1558397433.191;502;0.002;0.004, 0.000, 0.000, 0.000
1558397433.194;502;0.001;0.000, 0.004, 0.000, 0.000
1558397433.201;502;0.003;0.000, 0.000, 0.000, 0.000
1558397433.203;502;0.001;0.000, 0.000, 0.000, 0.000
1558397433.206;502;0.001;0.004, 0.000, 0.000, 0.000
1558397433.212;502;0.002;0.000, 0.000, 0.000, 0.000
1558397433.216;502;0.003;0.004, 0.000, 0.000, 0.000
1558397433.218;502;0.001;0.000, 0.004, 0.000, 0.000
1558397433.222;502;0.002;0.000, 0.004, 0.000, 0.000
1558397433.229;502;0.002;0.000, 0.000, 0.000, 0.000
1558397433.236;502;0.006;0.000, 0.000, 0.004, 0.000
1558397433.238;502;0.001;0.000, 0.004, 0.000, 0.000
1558397433.242;502;0.002;0.000, 0.004, 0.000, 0.000
1558397433.250;502;0.003;0.000, 0.004, 0.000, 0.000
1558397433.253;502;0.001;0.000, 0.000, 0.000, 0.000
1558397433.258;502;0.004;0.000, 0.000, 0.000, 0.004
1558397433.263;502;0.003;0.004, 0.000, 0.000, 0.000
1558397433.266;502;0.002;0.000, 0.000, 0.004, 0.000
1558397433.270;502;0.003;0.000, 0.004, 0.000, 0.000
1558397433.274;502;0.003;0.000, 0.000, 0.000, 0.004
1558397433.278;502;0.002;0.000, 0.004, 0.000, 0.000
1558397433.283;502;0.004;0.004, 0.000, 0.000, 0.000
1558397433.288;502;0.004;0.004, 0.000, 0.000, 0.000
1558397433.290;502;0.001;0.004, 0.000, 0.000, 0.000
1558397433.297;502;0.003;0.000, 0.000, 0.000, 0.004
1558397433.305;502;0.003;0.000, 0.000, 0.000, 0.004
1558397433.309;502;0.003;0.000, 0.000, 0.000, 0.000
1558397433.313;502;0.003;0.000, 0.000, 0.000, 0.000
1558397433.316;502;0.002;0.000, 0.000, 0.000, 0.000
1558397433.319;502;0.002;0.000, 0.000, 0.000, 0.000
1558397433.324;502;0.002;0.000, 0.000, 0.000, 0.000
1558397433.327;502;0.001;0.000, 0.000, 0.000, 0.000
1558397433.331;502;0.002;0.000, 0.000, 0.000, 0.000
1558397433.335;502;0.002;0.000, 0.000, 0.000, 0.000
1558397433.338;502;0.002;0.000, 0.004, 0.000, 0.000
1558397433.346;502;0.004;0.000, 0.000, 0.004, 0.000
1558397433.349;502;0.002;0.000, 0.000, 0.000, 0.000
1558397433.355;502;0.005;0.000, 0.000, 0.004, 0.000
1558397433.360;502;0.004;0.004, 0.000, 0.000, 0.000
1558397433.363;502;0.002;0.000, 0.004, 0.000, 0.000
1558397433.370;502;0.004;0.000, 0.000, 0.000, 0.004
1558397433.373;502;0.002;0.000, 0.000, 0.000, 0.004
1558397433.379;502;0.005;0.000, 0.004, 0.000, 0.000
1558397433.382;502;0.002;0.000, 0.004, 0.000, 0.000
1558397433.385;502;0.002;0.000, 0.000, 0.000, 0.004
1558397433.390;502;0.003;0.000, 0.000, 0.004, 0.000
1558397433.395;502;0.004;0.004, 0.000, 0.000, 0.000
1558397433.398;502;0.001;0.000, 0.004, 0.000, 0.000
1558397433.405;502;0.003;0.000, 0.000, 0.000, 0.000
1558397433.409;502;0.003;0.000, 0.000, 0.000, 0.004
1558397433.417;502;0.007;0.000, 0.004, 0.000, 0.000
1558397433.420;502;0.002;0.000, 0.000, 0.000, 0.000
1558397433.425;502;0.004;0.000, 0.000, 0.000, 0.000
1558397433.429;502;0.003;0.000, 0.000, 0.000, 0.004
1558397433.433;502;0.003;0.000, 0.000, 0.000, 0.000
1558397433.438;502;0.004;0.000, 0.000, 0.000, 0.004
1558397433.443;502;0.003;0.004, 0.000, 0.000, 0.000
1558397433.446;502;0.002;0.000, 0.000, 0.004, 0.000
1558397433.451;502;0.004;0.000, 0.004, 0.000, 0.000
1558397433.455;502;0.002;0.000, 0.004, 0.000, 0.000
1558397433.458;502;0.002;0.000, 0.000, 0.004, 0.000
1558397433.463;502;0.005;0.000, 0.004, 0.000, 0.000
1558397433.468;502;0.003;0.004, 0.000, 0.000, 0.000
1558397433.471;502;0.002;0.000, 0.004, 0.000, 0.000
1558397433.476;502;0.002;0.000, 0.000, 0.000, 0.000
1558397433.480;502;0.002;0.000, 0.000, 0.000, 0.000
1558397433.487;502;0.005;0.000, 0.000, 0.000, 0.004
1558397433.490;502;0.002;0.000, 0.004, 0.000, 0.000
1558397433.494;502;0.002;0.000, 0.000, 0.004, 0.000
1558397433.500;502;0.005;0.000, 0.004, 0.000, 0.000
1558397433.503;502;0.002;0.000, 0.000, 0.000, 0.000
1558397433.506;502;0.002;0.000, 0.000, 0.004, 0.000
1558397433.513;502;0.006;0.000, 0.004, 0.000, 0.000
1558397433.515;502;0.001;0.000, 0.000, 0.000, 0.000
1558397433.519;502;0.003;0.004, 0.000, 0.000, 0.000
1558397433.522;502;0.002;0.000, 0.004, 0.000, 0.000
1558397433.529;502;0.003;0.000, 0.000, 0.000, 0.000
1558397433.533;502;0.003;0.000, 0.000, 0.000, 0.000
1558397433.538;502;0.004;0.000, 0.000, 0.000, 0.004
1558397433.542;502;0.002;0.000, 0.004, 0.000, 0.000
1558397433.549;502;0.006;0.004, 0.000, 0.000, 0.000
1558397433.551;502;0.001;0.000, 0.000, 0.000, 0.000
1558397433.554;502;0.002;0.000, 0.004, 0.000, 0.000
1558397433.560;502;0.005;0.004, 0.000, 0.000, 0.000
1558397433.564;502;0.003;0.004, 0.000, 0.000, 0.000
1558397433.566;502;0.002;0.000, 0.000, 0.004, 0.000
1558397433.573;502;0.003;0.000, 0.000, 0.000, 0.000
1558397433.577;502;0.003;0.000, 0.000, 0.000, 0.000
1558397433.583;502;0.004;0.004, 0.000, 0.000, 0.000
1558397433.587;502;0.002;0.004, 0.000, 0.000, 0.000
1558397433.590;502;0.002;0.000, 0.004, 0.000, 0.000
1558397433.598;502;0.004;0.000, 0.000, 0.000, 0.004
1558397433.602;502;0.002;0.000, 0.000, 0.004, 0.000
1558397433.608;502;0.005;0.004, 0.000, 0.000, 0.000
1558397433.613;502;0.004;0.000, 0.000, 0.000, 0.000
1558397433.616;502;0.002;0.000, 0.000, 0.000, 0.000
1558397433.622;502;0.005;0.000, 0.000, 0.000, 0.004
1558397433.625;502;0.003;0.000, 0.000, 0.000, 0.000
1558397433.631;502;0.005;0.000, 0.004, 0.000, 0.000
1558397433.634;502;0.002;0.000, 0.000, 0.004, 0.000
1558397433.637;502;0.002;0.000, 0.000, 0.000, 0.000
1558397433.641;502;0.003;0.000, 0.000, 0.000, 0.004
1558397433.645;502;0.003;0.000, 0.000, 0.004, 0.000
1558397433.649;502;0.003;0.000, 0.000, 0.000, 0.000
1558397433.652;502;0.002;0.000, 0.000, 0.000, 0.000
1558397433.655;502;0.002;0.000, 0.000, 0.000, 0.000
1558397433.660;502;0.002;0.000, 0.000, 0.000, 0.000
1558397433.662;502;0.001;0.000, 0.004, 0.000, 0.000
1558397433.669;502;0.003;0.000, 0.000, 0.000, 0.004
1558397433.671;502;0.001;0.000, 0.000, 0.000, 0.000
1558397433.674;502;0.002;0.000, 0.004, 0.000, 0.000
1558397433.680;502;0.005;0.000, 0.004, 0.000, 0.000
1558397433.683;502;0.002;0.004, 0.000, 0.000, 0.000
1558397433.685;502;0.001;0.000, 0.000, 0.000, 0.004
1558397433.690;502;0.004;0.000, 0.000, 0.004, 0.000
1558397433.695;502;0.004;0.004, 0.000, 0.000, 0.000
1558397433.698;502;0.002;0.000, 0.000, 0.004, 0.000
1558397433.704;502;0.004;0.004, 0.000, 0.000, 0.000
1558397433.707;502;0.001;0.000, 0.000, 0.000, 0.000
1558397433.710;502;0.002;0.000, 0.000, 0.004, 0.000
1558397433.717;502;0.006;0.004, 0.000, 0.000, 0.004
1558397433.721;502;0.003;0.000, 0.000, 0.000, 0.000
1558397433.727;502;0.005;0.000, 0.000, 0.004, 0.000
1558397433.730;502;0.002;0.000, 0.004, 0.000, 0.000
1558397433.733;502;0.002;0.000, 0.000, 0.000, 0.000
1558397433.742;502;0.008;0.000, 0.000, 0.004, 0.004
1558397433.744;502;0.001;0.000, 0.000, 0.000, 0.000
1558397433.751;502;0.006;0.000, 0.000, 0.000, 0.004
1558397433.754;502;0.002;0.000, 0.000, 0.004, 0.000
1558397433.757;502;0.002;0.000, 0.000, 0.000, 0.004
1558397433.762;502;0.004;0.000, 0.000, 0.004, 0.000
1558397433.767;502;0.004;0.000, 0.004, 0.000, 0.000
1558397433.770;502;0.002;0.000, 0.004, 0.000, 0.000
1558397433.778;502;0.003;0.000, 0.000, 0.000, 0.004
1558397433.781;502;0.002;0.000, 0.000, 0.000, 0.000
1558397433.786;502;0.004;0.000, 0.000, 0.000, 0.004
1558397433.789;502;0.001;0.000, 0.000, 0.000, 0.004
1558397433.792;502;0.001;0.000, 0.000, 0.000, 0.000
1558397433.798;502;0.004;0.000, 0.000, 0.004, 0.000
1558397433.803;502;0.002;0.000, 0.004, 0.000, 0.000
1558397433.806;502;0.002;0.000, 0.004, 0.000, 0.000
1558397433.814;502;0.004;0.000, 0.000, 0.000, 0.004
1558397433.817;502;0.002;0.000, 0.000, 0.000, 0.000
1558397433.822;502;0.004;0.000, 0.000, 0.004, 0.000
1558397433.826;502;0.002;0.000, 0.000, 0.004, 0.000
1558397433.829;502;0.003;0.000, 0.000, 0.000, 0.000
1558397433.833;502;0.003;0.000, 0.000, 0.000, 0.004
1558397433.838;502;0.004;0.000, 0.000, 0.000, 0.004
1558397433.842;502;0.002;0.000, 0.000, 0.004, 0.000
1558397433.845;502;0.002;0.000, 0.000, 0.000, 0.000
1558397433.850;502;0.004;0.000, 0.004, 0.000, 0.000
1558397433.854;502;0.002;0.000, 0.004, 0.000, 0.000
1558397433.861;502;0.003;0.000, 0.000, 0.000, 0.000
1558397433.864;502;0.002;0.000, 0.000, 0.000, 0.000
1558397433.867;502;0.002;0.004, 0.000, 0.000, 0.000
1558397433.876;502;0.002;0.000, 0.000, 0.000, 0.000
1558397433.878;502;0.001;0.000, 0.004, 0.000, 0.000
1558397433.886;502;0.002;0.000, 0.000, 0.000, 0.004
1558397433.889;502;0.002;0.000, 0.000, 0.000, 0.000
1558397433.898;502;0.008;0.000, 0.000, 0.004, 0.004
1558397433.901;502;0.002;0.000, 0.000, 0.000, 0.000
1558397433.910;502;0.009;0.000, 0.000, 0.000, 0.008
1558397433.913;502;0.002;0.000, 0.000, 0.000, 0.000
1558397433.920;502;0.006;0.000, 0.000, 0.004, 0.000
1558397433.924;502;0.004;0.004, 0.000, 0.000, 0.000
1558397433.926;502;0.002;0.000, 0.004, 0.000, 0.000
1558397433.929;502;0.002;0.000, 0.000, 0.004, 0.000
1558397433.934;502;0.004;0.000, 0.004, 0.000, 0.000
1558397433.938;502;0.002;0.000, 0.000, 0.004, 0.000
1558397433.943;502;0.004;0.000, 0.004, 0.000, 0.000
1558397433.947;502;0.003;0.004, 0.000, 0.000, 0.000
1558397433.950;502;0.002;0.000, 0.004, 0.000, 0.000
1558397433.957;502;0.005;0.004, 0.000, 0.000, 0.000
1558397433.960;502;0.002;0.000, 0.000, 0.000, 0.000
1558397433.965;502;0.004;0.004, 0.000, 0.000, 0.000
1558397433.970;502;0.004;0.000, 0.000, 0.004, 0.000
1558397433.972;502;0.001;0.000, 0.000, 0.000, 0.000
1558397433.979;502;0.005;0.000, 0.000, 0.004, 0.000
1558397433.983;502;0.003;0.004, 0.000, 0.000, 0.000
1558397433.986;502;0.002;0.000, 0.000, 0.004, 0.000
1558397433.993;502;0.006;0.000, 0.004, 0.000, 0.000
1558397433.996;502;0.002;0.000, 0.000, 0.000, 0.000
1558397434.002;502;0.005;0.000, 0.000, 0.004, 0.000
1558397434.006;502;0.003;0.000, 0.000, 0.000, 0.004
1558397434.009;502;0.002;0.000, 0.000, 0.000, 0.000
1558397434.015;502;0.005;0.000, 0.000, 0.004, 0.000
1558397434.020;502;0.004;0.004, 0.000, 0.000, 0.000
1558397434.023;502;0.002;0.004, 0.000, 0.000, 0.000
1558397434.030;502;0.004;0.000, 0.004, 0.000, 0.000
1558397434.034;502;0.002;0.000, 0.000, 0.004, 0.000
1558397434.041;502;0.006;0.004, 0.000, 0.000, 0.000
1558397434.045;502;0.003;0.000, 0.000, 0.000, 0.000
1558397434.052;502;0.006;0.000, 0.000, 0.004, 0.000
1558397434.055;502;0.002;0.000, 0.000, 0.000, 0.000
1558397434.058;502;0.002;0.000, 0.000, 0.004, 0.000
1558397434.064;502;0.005;0.000, 0.004, 0.000, 0.000
1558397434.068;502;0.004;0.004, 0.000, 0.000, 0.000
1558397434.070;502;0.001;0.000, 0.004, 0.000, 0.000
1558397434.077;502;0.002;0.000, 0.000, 0.000, 0.004
1558397434.081;502;0.003;0.000, 0.000, 0.000, 0.000
1558397434.084;502;0.002;0.000, 0.000, 0.000, 0.000
1558397434.090;502;0.004;0.000, 0.000, 0.000, 0.004
1558397434.093;502;0.002;0.000, 0.000, 0.000, 0.000
1558397434.098;502;0.004;0.000, 0.000, 0.004, 0.000
1558397434.101;502;0.002;0.000, 0.000, 0.000, 0.004
1558397434.104;502;0.002;0.000, 0.000, 0.000, 0.000
1558397434.110;502;0.004;0.000, 0.000, 0.000, 0.004
1558397434.114;502;0.003;0.000, 0.004, 0.000, 0.000
1558397434.118;502;0.002;0.000, 0.000, 0.004, 0.000
1558397434.123;502;0.002;0.004, 0.000, 0.000, 0.000
1558397434.127;502;0.002;0.000, 0.000, 0.000, 0.000
1558397434.131;502;0.002;0.004, 0.000, 0.000, 0.000
1558397434.137;502;0.003;0.000, 0.000, 0.000, 0.004
1558397434.141;502;0.003;0.000, 0.000, 0.000, 0.000
1558397434.146;502;0.004;0.000, 0.000, 0.004, 0.000
1558397434.152;502;0.003;0.000, 0.000, 0.000, 0.000
1558397434.155;502;0.002;0.004, 0.000, 0.000, 0.000
1558397434.163;502;0.005;0.000, 0.004, 0.000, 0.000
1558397434.166;502;0.001;0.000, 0.004, 0.000, 0.000
1558397434.174;502;0.004;0.000, 0.000, 0.004, 0.000
1558397434.177;502;0.002;0.000, 0.000, 0.000, 0.000
1558397434.185;502;0.007;0.000, 0.000, 0.000, 0.008
1558397434.188;502;0.002;0.000, 0.000, 0.000, 0.000
1558397434.190;502;0.001;0.004, 0.000, 0.000, 0.000
1558397434.197;502;0.002;0.000, 0.000, 0.000, 0.000
1558397434.200;502;0.002;0.000, 0.000, 0.000, 0.000
1558397434.202;502;0.001;0.004, 0.000, 0.000, 0.000
1558397434.210;502;0.003;0.000, 0.000, 0.000, 0.004
1558397434.213;502;0.001;0.000, 0.000, 0.000, 0.004
1558397434.219;502;0.005;0.000, 0.000, 0.000, 0.004
1558397434.224;502;0.003;0.004, 0.000, 0.000, 0.000
1558397434.231;502;0.006;0.000, 0.000, 0.000, 0.004
1558397434.234;502;0.002;0.000, 0.000, 0.004, 0.000
1558397434.236;502;0.002;0.000, 0.000, 0.000, 0.000
1558397434.238;502;0.001;0.004, 0.000, 0.000, 0.000
1558397434.246;502;0.003;0.000, 0.000, 0.004, 0.000
1558397434.249;502;0.002;0.000, 0.000, 0.000, 0.004
1558397434.256;502;0.006;0.000, 0.000, 0.004, 0.000
1558397434.259;502;0.003;0.004, 0.000, 0.000, 0.000
1558397434.262;502;0.002;0.000, 0.000, 0.004, 0.000
1558397434.267;502;0.004;0.000, 0.004, 0.000, 0.000
1558397434.270;502;0.002;0.000, 0.000, 0.000, 0.004
1558397434.273;502;0.001;0.000, 0.000, 0.000, 0.004
1558397434.278;502;0.004;0.000, 0.000, 0.000, 0.004
1558397434.281;502;0.002;0.000, 0.000, 0.000, 0.000
1558397434.284;502;0.002;0.000, 0.000, 0.000, 0.000
1558397434.286;502;0.002;0.000, 0.004, 0.000, 0.000
1558397434.291;502;0.004;0.000, 0.004, 0.000, 0.000
1558397434.293;502;0.001;0.000, 0.000, 0.000, 0.004
1558397434.297;502;0.003;0.000, 0.000, 0.000, 0.000
1558397434.302;502;0.004;0.000, 0.000, 0.004, 0.000
1558397434.306;502;0.002;0.000, 0.004, 0.000, 0.000
1558397434.309;502;0.001;0.000, 0.000, 0.004, 0.000
1558397434.313;502;0.003;0.000, 0.000, 0.000, 0.004
1558397434.318;502;0.004;0.000, 0.000, 0.004, 0.000
1558397434.321;502;0.001;0.000, 0.000, 0.000, 0.004
1558397434.327;502;0.005;0.000, 0.004, 0.000, 0.000
1558397434.330;502;0.002;0.000, 0.004, 0.000, 0.000
1558397434.332;502;0.001;0.000, 0.000, 0.000, 0.000
1558397434.335;502;0.002;0.004, 0.000, 0.000, 0.000
1558397434.341;502;0.003;0.000, 0.000, 0.000, 0.004
1558397434.344;502;0.002;0.000, 0.000, 0.000, 0.000
1558397434.347;502;0.002;0.004, 0.000, 0.000, 0.000
1558397434.352;502;0.002;0.000, 0.000, 0.000, 0.000
1558397434.355;502;0.002;0.004, 0.000, 0.000, 0.000
1558397434.357;502;0.001;0.000, 0.000, 0.000, 0.004
1558397434.366;502;0.008;0.000, 0.004, 0.004, 0.000
1558397434.369;502;0.002;0.000, 0.000, 0.000, 0.000
1558397434.379;502;0.009;0.000, 0.004, 0.004, 0.000
1558397434.381;502;0.001;0.000, 0.000, 0.000, 0.000
1558397434.390;502;0.008;0.000, 0.000, 0.008, 0.000
1558397434.393;502;0.002;0.000, 0.000, 0.000, 0.000
1558397434.400;502;0.006;0.000, 0.000, 0.000, 0.004
1558397434.402;502;0.001;0.000, 0.000, 0.004, 0.000
1558397434.404;502;0.001;0.000, 0.000, 0.000, 0.000
1558397434.406;502;0.001;0.004, 0.000, 0.000, 0.000
1558397434.411;502;0.004;0.004, 0.000, 0.000, 0.000
1558397434.414;502;0.002;0.000, 0.004, 0.000, 0.000
1558397434.417;502;0.002;0.000, 0.000, 0.000, 0.004
1558397434.420;502;0.002;0.000, 0.000, 0.000, 0.000
1558397434.422;502;0.002;0.000, 0.004, 0.000, 0.000
1558397434.426;502;0.003;0.000, 0.000, 0.004, 0.000
1558397434.429;502;0.002;0.000, 0.000, 0.000, 0.000
1558397434.434;502;0.004;0.000, 0.000, 0.000, 0.004
1558397434.437;502;0.003;0.000, 0.000, 0.000, 0.000
1558397434.439;502;0.001;0.000, 0.000, 0.000, 0.000
1558397434.442;502;0.002;0.000, 0.000, 0.004, 0.000
1558397434.446;502;0.004;0.000, 0.000, 0.004, 0.000
1558397434.451;502;0.003;0.004, 0.000, 0.000, 0.000
1558397434.454;502;0.002;0.000, 0.000, 0.004, 0.000
1558397434.459;502;0.004;0.004, 0.000, 0.000, 0.000
1558397434.463;502;0.003;0.004, 0.000, 0.000, 0.000
1558397434.466;502;0.002;0.000, 0.004, 0.000, 0.000
1558397434.471;502;0.004;0.000, 0.004, 0.000, 0.000
1558397434.473;502;0.002;0.000, 0.000, 0.000, 0.000
1558397434.476;502;0.002;0.000, 0.000, 0.000, 0.000
1558397434.478;502;0.001;0.000, 0.004, 0.000, 0.000
1558397434.484;502;0.005;0.004, 0.000, 0.000, 0.000
1558397434.488;502;0.003;0.004, 0.000, 0.000, 0.000
1558397434.495;502;0.006;0.000, 0.000, 0.000, 0.004
1558397434.500;502;0.004;0.004, 0.000, 0.000, 0.000
1558397434.503;502;0.002;0.000, 0.000, 0.000, 0.000
1558397434.509;502;0.001;0.000, 0.000, 0.004, 0.000
1558397434.511;502;0.001;0.000, 0.000, 0.000, 0.000
1558397434.514;502;0.002;0.000, 0.004, 0.000, 0.000
1558397434.523;502;0.008;0.000, 0.004, 0.004, 0.000
1558397434.526;502;0.002;0.000, 0.000, 0.004, 0.000
1558397434.531;502;0.004;0.000, 0.004, 0.000, 0.000
1558397434.536;502;0.004;0.004, 0.000, 0.000, 0.000
1558397434.542;502;0.005;0.004, 0.000, 0.000, 0.004
1558397434.545;502;0.003;0.000, 0.000, 0.000, 0.000
1558397434.548;502;0.002;0.000, 0.000, 0.000, 0.000
1558397434.550;502;0.001;0.004, 0.000, 0.000, 0.000
1558397434.556;502;0.002;0.000, 0.000, 0.000, 0.000
1558397434.560;502;0.003;0.004, 0.000, 0.000, 0.000
1558397434.563;502;0.002;0.004, 0.000, 0.000, 0.000
1558397434.570;502;0.004;0.000, 0.000, 0.004, 0.000
1558397434.572;502;0.001;0.000, 0.000, 0.000, 0.000
1558397434.580;502;0.007;0.000, 0.000, 0.000, 0.004
1558397434.583;502;0.002;0.004, 0.000, 0.000, 0.000
1558397434.586;502;0.002;0.000, 0.000, 0.004, 0.000
1558397434.591;502;0.005;0.000, 0.004, 0.000, 0.000
1558397434.596;502;0.003;0.004, 0.000, 0.000, 0.000
1558397434.599;502;0.002;0.000, 0.000, 0.000, 0.000
1558397434.608;502;0.002;0.000, 0.000, 0.000, 0.000
1558397434.611;502;0.002;0.000, 0.000, 0.000, 0.000
1558397434.621;502;0.001;0.000, 0.000, 0.000, 0.004
1558397434.627;502;0.005;0.000, 0.004, 0.000, 0.000
1558397434.631;502;0.003;0.004, 0.000, 0.000, 0.000
1558397434.634;502;0.002;0.000, 0.000, 0.004, 0.000
1558397434.641;502;0.006;0.000, 0.004, 0.000, 0.000
1558397434.644;502;0.002;0.000, 0.000, 0.000, 0.000
1558397434.647;502;0.002;0.000, 0.000, 0.000, 0.000
1558397434.651;502;0.002;0.004, 0.000, 0.000, 0.000
1558397434.656;502;0.003;0.000, 0.000, 0.000, 0.000
1558397434.661;502;0.004;0.000, 0.000, 0.000, 0.000
1558397434.665;502;0.003;0.000, 0.000, 0.000, 0.000
1558397434.668;502;0.002;0.000, 0.000, 0.000, 0.000
1558397434.670;502;0.001;0.000, 0.004, 0.000, 0.000
1558397434.674;502;0.003;0.000, 0.000, 0.004, 0.000
1558397434.678;502;0.004;0.000, 0.000, 0.004, 0.000
1558397434.681;502;0.003;0.000, 0.000, 0.000, 0.000
1558397434.686;502;0.004;0.000, 0.000, 0.004, 0.000
1558397434.690;502;0.003;0.000, 0.000, 0.004, 0.000
1558397434.693;502;0.001;0.000, 0.000, 0.000, 0.004
1558397434.698;502;0.003;0.000, 0.000, 0.004, 0.000
1558397434.701;502;0.003;0.000, 0.000, 0.000, 0.004
1558397434.704;502;0.002;0.000, 0.000, 0.000, 0.000
1558397434.710;502;0.005;0.000, 0.000, 0.000, 0.004
1558397434.714;502;0.003;0.000, 0.000, 0.000, 0.004
1558397434.717;502;0.002;0.000, 0.000, 0.000, 0.004
1558397434.724;502;0.006;0.000, 0.004, 0.000, 0.000
1558397434.727;502;0.002;0.000, 0.000, 0.000, 0.000
1558397434.730;502;0.002;0.000, 0.004, 0.000, 0.000
1558397434.733;502;0.002;0.000, 0.000, 0.000, 0.000
1558397434.738;502;0.004;0.000, 0.000, 0.000, 0.004
1558397434.741;502;0.002;0.000, 0.000, 0.000, 0.000
1558397434.748;502;0.006;0.000, 0.000, 0.004, 0.000
1558397434.751;502;0.002;0.004, 0.000, 0.000, 0.000
1558397434.754;502;0.002;0.000, 0.004, 0.000, 0.000
1558397434.759;502;0.004;0.004, 0.000, 0.000, 0.000
1558397434.763;502;0.003;0.000, 0.004, 0.000, 0.000
1558397434.766;502;0.002;0.000, 0.004, 0.000, 0.000
1558397434.772;502;0.003;0.000, 0.000, 0.000, 0.000
1558397434.775;502;0.002;0.000, 0.000, 0.000, 0.000
1558397434.778;502;0.002;0.000, 0.000, 0.000, 0.004
1558397434.784;502;0.006;0.000, 0.000, 0.004, 0.000
1558397434.789;502;0.004;0.004, 0.000, 0.000, 0.000
1558397434.794;502;0.004;0.000, 0.000, 0.004, 0.000
1558397434.798;502;0.002;0.000, 0.000, 0.000, 0.004
1558397434.800;502;0.001;0.000, 0.000, 0.000, 0.000
1558397434.806;502;0.004;0.000, 0.000, 0.000, 0.004
1558397434.809;502;0.001;0.000, 0.000, 0.000, 0.004
1558397434.812;502;0.002;0.000, 0.000, 0.000, 0.000
1558397434.815;502;0.002;0.000, 0.000, 0.000, 0.000
1558397434.822;502;0.004;0.000, 0.000, 0.004, 0.000
1558397434.825;502;0.003;0.000, 0.000, 0.000, 0.000
1558397434.830;502;0.004;0.000, 0.000, 0.000, 0.004
1558397434.833;502;0.002;0.000, 0.000, 0.000, 0.000
1558397434.836;502;0.002;0.000, 0.000, 0.000, 0.000
1558397434.838;502;0.001;0.004, 0.000, 0.000, 0.000
1558397434.844;502;0.003;0.000, 0.000, 0.000, 0.000
1558397434.847;502;0.002;0.004, 0.000, 0.000, 0.000
1558397434.849;502;0.001;0.000, 0.000, 0.000, 0.004
1558397434.855;502;0.005;0.000, 0.000, 0.004, 0.000
1558397434.858;502;0.002;0.000, 0.000, 0.004, 0.000
1558397434.861;502;0.002;0.000, 0.000, 0.000, 0.000
1558397434.865;502;0.003;0.000, 0.000, 0.000, 0.000
1558397434.869;502;0.001;0.000, 0.000, 0.000, 0.004
1558397434.873;502;0.003;0.000, 0.000, 0.000, 0.000
1558397434.879;502;0.005;0.000, 0.000, 0.000, 0.004
1558397434.882;502;0.002;0.000, 0.000, 0.004, 0.000
1558397434.885;502;0.002;0.000, 0.000, 0.000, 0.000
1558397434.894;502;0.008;0.000, 0.000, 0.004, 0.004
1558397434.897;502;0.002;0.000, 0.000, 0.000, 0.004
1558397434.907;502;0.009;0.000, 0.008, 0.000, 0.000
1558397434.910;502;0.001;0.000, 0.004, 0.000, 0.000
1558397434.921;502;0.010;0.008, 0.000, 0.000, 0.000
1558397434.927;502;0.005;0.000, 0.000, 0.004, 0.000
1558397434.930;502;0.002;0.000, 0.000, 0.004, 0.000
1558397434.933;502;0.002;0.000, 0.000, 0.000, 0.000
1558397434.938;502;0.004;0.000, 0.000, 0.000, 0.004
1558397434.941;502;0.002;0.000, 0.000, 0.000, 0.000
1558397434.944;502;0.002;0.000, 0.000, 0.000, 0.000
1558397434.946;502;0.001;0.000, 0.004, 0.000, 0.000
1558397434.951;502;0.004;0.004, 0.000, 0.000, 0.000
1558397434.954;502;0.002;0.000, 0.000, 0.004, 0.000
1558397434.956;502;0.001;0.000, 0.000, 0.000, 0.000
1558397434.959;502;0.002;0.004, 0.000, 0.000, 0.000
1558397434.963;502;0.002;0.000, 0.000, 0.000, 0.000
1558397434.967;502;0.003;0.004, 0.000, 0.000, 0.000
1558397434.970;502;0.002;0.000, 0.000, 0.004, 0.000
1558397434.974;502;0.003;0.000, 0.004, 0.000, 0.000
1558397434.978;502;0.003;0.000, 0.000, 0.004, 0.000
1558397434.981;502;0.002;0.000, 0.000, 0.000, 0.000
1558397434.987;502;0.005;0.000, 0.004, 0.000, 0.000
1558397434.991;502;0.003;0.004, 0.000, 0.000, 0.000
1558397434.994;502;0.002;0.000, 0.000, 0.004, 0.000
1558397435.001;502;0.007;0.000, 0.004, 0.000, 0.000
1558397435.004;502;0.002;0.000, 0.000, 0.000, 0.000
1558397435.006;502;0.002;0.000, 0.004, 0.000, 0.000
1558397435.014;502;0.007;0.004, 0.000, 0.000, 0.004
1558397435.017;502;0.003;0.000, 0.000, 0.000, 0.000
1558397435.022;502;0.004;0.000, 0.000, 0.000, 0.004
1558397435.025;502;0.001;0.000, 0.000, 0.004, 0.000
1558397435.029;502;0.003;0.000, 0.000, 0.000, 0.000
1558397435.037;502;0.007;0.000, 0.004, 0.000, 0.004
1558397435.041;502;0.002;0.000, 0.000, 0.000, 0.000
1558397435.047;502;0.005;0.000, 0.004, 0.000, 0.000
1558397435.050;502;0.002;0.000, 0.000, 0.004, 0.000
1558397435.053;502;0.002;0.000, 0.000, 0.000, 0.000
1558397435.059;502;0.005;0.000, 0.000, 0.004, 0.000
1558397435.063;502;0.003;0.004, 0.000, 0.000, 0.000
1558397435.066;502;0.002;0.000, 0.000, 0.004, 0.000
1558397435.073;502;0.003;0.000, 0.000, 0.000, 0.004
1558397435.077;502;0.003;0.000, 0.000, 0.000, 0.000
1558397435.088;502;0.003;0.004, 0.000, 0.000, 0.000
1558397435.090;502;0.001;0.000, 0.004, 0.000, 0.000
1558397435.097;502;0.003;0.000, 0.000, 0.000, 0.000
1558397435.100;502;0.002;0.000, 0.000, 0.000, 0.000
1558397435.103;502;0.002;0.004, 0.000, 0.000, 0.000
1558397435.109;502;0.003;0.000, 0.000, 0.000, 0.000
1558397435.112;502;0.002;0.000, 0.000, 0.000, 0.000
1558397435.114;502;0.001;0.000, 0.004, 0.000, 0.000
1558397435.120;502;0.003;0.000, 0.000, 0.000, 0.000
1558397435.123;502;0.002;0.004, 0.000, 0.000, 0.000
1558397435.125;502;0.001;0.000, 0.000, 0.004, 0.000
1558397435.131;502;0.005;0.000, 0.000, 0.004, 0.000
1558397435.134;502;0.002;0.000, 0.000, 0.004, 0.000
1558397435.136;502;0.002;0.000, 0.000, 0.000, 0.000
1558397435.139;502;0.002;0.004, 0.000, 0.000, 0.000
1558397435.146;502;0.002;0.000, 0.000, 0.004, 0.000
1558397435.149;502;0.001;0.000, 0.000, 0.000, 0.004
1558397435.153;502;0.003;0.000, 0.000, 0.000, 0.004
1558397435.158;502;0.004;0.000, 0.000, 0.004, 0.000
1558397435.162;502;0.003;0.000, 0.000, 0.000, 0.004
1558397435.167;502;0.005;0.000, 0.004, 0.000, 0.000
1558397435.170;502;0.002;0.000, 0.004, 0.000, 0.000
1558397435.173;502;0.002;0.000, 0.000, 0.000, 0.000
1558397435.182;502;0.008;0.000, 0.000, 0.004, 0.004
1558397435.185;502;0.002;0.000, 0.000, 0.000, 0.000
1558397435.187;502;0.002;0.000, 0.000, 0.000, 0.000
1558397435.190;502;0.001;0.000, 0.004, 0.000, 0.000
1558397435.196;502;0.005;0.004, 0.000, 0.000, 0.000
1558397435.199;502;0.002;0.000, 0.000, 0.000, 0.000
1558397435.205;502;0.003;0.000, 0.000, 0.000, 0.004
1558397435.208;502;0.002;0.000, 0.000, 0.000, 0.000
1558397435.211;502;0.002;0.004, 0.000, 0.000, 0.000
1558397435.215;502;0.002;0.004, 0.000, 0.000, 0.000
1558397435.219;502;0.002;0.004, 0.000, 0.000, 0.000
1558397435.221;502;0.001;0.000, 0.000, 0.000, 0.004
1558397435.224;502;0.002;0.000, 0.000, 0.000, 0.000
1558397435.227;502;0.002;0.004, 0.000, 0.000, 0.000
1558397435.232;502;0.002;0.000, 0.000, 0.000, 0.000
1558397435.234;502;0.001;0.004, 0.000, 0.000, 0.000
1558397435.242;502;0.007;0.004, 0.000, 0.004, 0.000
1558397435.245;502;0.002;0.000, 0.000, 0.000, 0.000
1558397435.247;502;0.001;0.000, 0.000, 0.000, 0.000
1558397435.253;502;0.003;0.000, 0.000, 0.000, 0.004
1558397435.256;502;0.002;0.000, 0.000, 0.000, 0.000
1558397435.259;502;0.002;0.000, 0.000, 0.000, 0.000
1558397435.265;502;0.004;0.000, 0.000, 0.000, 0.004
1558397435.268;502;0.002;0.000, 0.000, 0.000, 0.000
1558397435.270;502;0.001;0.000, 0.004, 0.000, 0.000
1558397435.275;502;0.004;0.004, 0.000, 0.000, 0.000
1558397435.278;502;0.002;0.000, 0.000, 0.004, 0.000
1558397435.281;502;0.002;0.000, 0.000, 0.000, 0.000
1558397435.283;502;0.001;0.000, 0.000, 0.000, 0.000
