[OVERALL], RunTime(ms), 888999
[OVERALL], Throughput(ops/sec), 1.6872909868290065
[TOTAL_GCS_G1_Young_Generation], Count, 6
[TOTAL_GC_TIME_G1_Young_Generation], Time(ms), 148
[TOTAL_GC_TIME_%_G1_Young_Generation], Time(%), 0.016647937736712866
[TOTAL_GCS_G1_Old_Generation], Count, 0
[TOTAL_GC_TIME_G1_Old_Generation], Time(ms), 0
[TOTAL_GC_TIME_%_G1_Old_Generation], Time(%), 0.0
[TOTAL_GCs], Count, 6
[TOTAL_GC_TIME], Time(ms), 148
[TOTAL_GC_TIME_%], Time(%), 0.016647937736712866
[READ], Operations, 1148
[READ], AverageLatency(us), 768609.449477352
[READ], MinLatency(us), 637440
[READ], MaxLatency(us), 1089535
[READ], 95thPercentileLatency(us), 849919
[READ], 99thPercentileLatency(us), 904191
[READ], Return=OK, 1148
[READ], Return=ERROR, 352
[CLEANUP], Operations, 1
[CLEANUP], AverageLatency(us), 3.0
[CLEANUP], MinLatency(us), 3
[CLEANUP], MaxLatency(us), 3
[CLEANUP], 95thPercentileLatency(us), 3
[CLEANUP], 99thPercentileLatency(us), 3
[READ-FAILED], Operations, 352
[READ-FAILED], AverageLatency(us), 16550.21875
[READ-FAILED], MinLatency(us), 1875
[READ-FAILED], MaxLatency(us), 4231167
[READ-FAILED], 95thPercentileLatency(us), 8183
[READ-FAILED], 99thPercentileLatency(us), 10239
