timestamp;status;request_time;upstream_response_time
1558408177.572;200;0.747;0.748
1558408178.338;200;0.722;0.724
1558408179.107;200;0.762;0.764
1558408179.953;200;0.842;0.840
1558408180.721;200;0.765;0.768
1558408181.466;200;0.741;0.740
1558408182.245;200;0.757;0.760
1558408183.074;200;0.825;0.828
1558408183.840;200;0.762;0.764
1558408184.564;200;0.717;0.716
1558408185.354;200;0.786;0.788
1558408186.188;200;0.828;0.832
1558408186.919;200;0.727;0.728
1558408187.643;200;0.717;0.716
1558408188.407;200;0.760;0.760
1558408189.256;200;0.845;0.844
1558408189.999;200;0.740;0.740
1558408190.716;200;0.713;0.716
1558408191.456;200;0.736;0.740
1558408192.279;200;0.819;0.820
1558408193.018;200;0.736;0.736
1558408193.755;200;0.733;0.732
1558408194.508;200;0.748;0.748
1558408195.345;200;0.833;0.836
1558408196.131;200;0.782;0.780
1558408196.801;200;0.667;0.668
1558408197.539;200;0.733;0.732
1558408198.352;200;0.810;0.808
1558408199.091;200;0.734;0.736
1558408199.824;200;0.728;0.732
1558408200.606;200;0.779;0.780
1558408201.480;200;0.870;0.868
1558408202.220;200;0.736;0.736
1558408202.993;200;0.769;0.772
1558408203.806;200;0.804;0.804
1558408204.649;200;0.839;0.836
1558408205.395;200;0.742;0.744
1558408206.124;200;0.725;0.724
1558408206.844;200;0.716;0.716
1558408207.681;200;0.833;0.836
1558408208.418;200;0.733;0.736
1558408209.156;200;0.735;0.736
1558408209.928;200;0.769;0.768
1558408210.732;200;0.801;0.804
1558408211.497;200;0.761;0.764
1558408212.219;200;0.718;0.720
1558408212.982;200;0.759;0.760
1558408213.880;200;0.894;0.896
1558408214.640;200;0.757;0.756
1558408215.376;200;0.732;0.736
1558408216.101;200;0.721;0.724
1558408216.963;200;0.857;0.856
1558408217.705;200;0.737;0.740
1558408218.449;200;0.741;0.744
1558408219.196;200;0.743;0.744
1558408220.052;200;0.853;0.852
1558408220.848;200;0.793;0.796
1558408221.618;200;0.767;0.768
1558408222.373;200;0.752;0.752
1558408223.233;200;0.856;0.860
1558408223.988;200;0.750;0.748
1558408224.706;200;0.714;0.716
1558408225.479;200;0.770;0.772
1558408226.306;200;0.823;0.824
1558408227.088;200;0.778;0.780
1558408227.808;200;0.715;0.716
1558408228.564;200;0.752;0.756
1558408229.393;200;0.824;0.828
1558408230.127;200;0.730;0.732
1558408230.868;200;0.737;0.736
1558408231.668;200;0.795;0.796
1558408232.522;200;0.847;0.848
1558408233.282;200;0.754;0.756
1558408233.993;200;0.706;0.704
1558408234.751;200;0.750;0.752
1558408235.597;200;0.843;0.844
1558408236.316;200;0.716;0.716
1558408237.033;200;0.713;0.716
1558408237.787;200;0.749;0.748
1558408238.603;200;0.813;0.812
1558408239.330;200;0.724;0.724
1558408240.049;200;0.716;0.720
1558408240.812;200;0.760;0.760
1558408241.641;200;0.821;0.824
1558408242.407;200;0.762;0.760
1558408243.118;200;0.703;0.704
1558408243.894;200;0.768;0.768
1558408244.713;200;0.816;0.812
1558408245.446;200;0.729;0.732
1558408246.147;200;0.698;0.700
1558408246.893;200;0.743;0.744
1558408247.746;200;0.849;0.848
1558408248.525;200;0.776;0.776
1558408249.236;200;0.709;0.712
1558408249.976;200;0.736;0.736
1558408250.832;200;0.854;0.856
1558408251.579;200;0.743;0.744
1558408252.320;200;0.737;0.736
1558408253.000;200;0.676;0.676
1558408253.809;200;0.805;0.808
1558408254.549;200;0.734;0.732
1558408255.267;200;0.716;0.716
1558408256.021;200;0.751;0.748
1558408256.829;200;0.805;0.808
1558408257.597;200;0.760;0.760
1558408258.349;200;0.748;0.748
1558408259.120;200;0.768;0.768
1558408259.949;200;0.826;0.828
1558408260.680;200;0.728;0.732
1558408261.399;200;0.714;0.716
1558408262.145;200;0.742;0.744
1558408262.987;200;0.837;0.836
1558408263.763;200;0.771;0.772
1558408264.505;200;0.739;0.740
1558408265.296;200;0.754;0.752
1558408266.116;200;0.813;0.816
1558408266.871;200;0.752;0.752
1558408267.607;200;0.727;0.728
1558408268.361;200;0.752;0.752
1558408269.210;200;0.845;0.848
1558408269.972;200;0.759;0.760
1558408270.713;200;0.736;0.740
1558408271.531;200;0.812;0.812
1558408272.392;200;0.854;0.856
1558408273.151;200;0.754;0.756
1558408273.876;200;0.719;0.720
1558408274.633;200;0.751;0.752
1558408275.491;200;0.855;0.856
1558408276.237;200;0.742;0.744
1558408276.961;200;0.719;0.720
1558408277.756;200;0.791;0.792
1558408278.567;200;0.808;0.808
1558408279.311;200;0.741;0.740
1558408280.042;200;0.725;0.728
1558408280.836;200;0.790;0.788
1558408281.652;200;0.813;0.816
1558408282.384;200;0.728;0.728
1558408283.107;200;0.720;0.720
1558408283.856;200;0.747;0.748
1558408284.690;200;0.830;0.832
1558408285.439;200;0.747;0.748
1558408286.172;200;0.731;0.732
1558408286.964;200;0.787;0.788
1558408287.825;200;0.856;0.856
1558408288.549;200;0.722;0.720
1558408289.255;200;0.701;0.700
1558408290.020;200;0.762;0.764
1558408290.848;200;0.824;0.828
1558408291.588;200;0.736;0.736
1558408292.305;200;0.714;0.716
1558408293.097;200;0.789;0.792
1558408293.942;200;0.841;0.844
1558408294.672;200;0.728;0.732
1558408295.350;200;0.674;0.676
1558408296.109;200;0.745;0.748
1558408296.921;200;0.808;0.812
1558408297.647;200;0.722;0.724
1558408298.353;200;0.703;0.704
1558408299.123;200;0.766;0.768
1558408299.936;200;0.811;0.812
1558408300.675;200;0.735;0.736
1558408301.399;200;0.722;0.724
1558408302.183;200;0.781;0.780
1558408303.016;200;0.830;0.828
1558408303.790;200;0.772;0.772
1558408304.504;200;0.711;0.712
1558408305.265;200;0.757;0.760
1558408306.077;200;0.808;0.804
1558408306.848;200;0.767;0.772
1558408307.557;200;0.704;0.708
1558408308.249;200;0.688;0.692
1558408309.061;200;0.808;0.808
1558408309.792;200;0.728;0.728
1558408310.507;200;0.712;0.712
1558408311.255;200;0.744;0.744
1558408312.070;200;0.812;0.812
1558408312.819;200;0.746;0.744
1558408313.555;200;0.734;0.732
1558408314.324;200;0.766;0.764
1558408315.155;200;0.826;0.824
1558408315.879;200;0.722;0.720
1558408316.602;200;0.721;0.724
1558408317.359;200;0.752;0.752
1558408318.199;200;0.837;0.836
1558408318.939;200;0.737;0.736
1558408319.662;200;0.720;0.720
1558408320.420;200;0.755;0.760
1558408321.235;200;0.810;0.812
1558408321.996;200;0.759;0.756
1558408322.704;200;0.705;0.704
1558408323.457;200;0.750;0.752
1558408324.284;200;0.823;0.820
1558408325.031;200;0.745;0.744
1558408325.764;200;0.728;0.728
1558408326.510;200;0.743;0.744
1558408327.303;200;0.786;0.784
1558408328.060;200;0.755;0.756
1558408328.777;200;0.714;0.712
1558408329.570;200;0.790;0.792
1558408330.409;200;0.836;0.840
1558408331.182;200;0.769;0.772
1558408331.897;200;0.713;0.716
1558408332.667;200;0.766;0.764
1558408333.524;200;0.854;0.852
1558408334.273;200;0.746;0.748
1558408334.976;200;0.699;0.696
1558408335.726;200;0.744;0.744
1558408336.571;200;0.842;0.840
1558408337.303;200;0.727;0.728
1558408338.019;200;0.713;0.712
1558408338.823;200;0.801;0.800
1558408339.668;200;0.842;0.840
1558408340.413;200;0.742;0.744
1558408341.150;200;0.734;0.736
1558408341.952;200;0.795;0.796
1558408342.813;200;0.858;0.856
1558408343.581;200;0.763;0.764
1558408344.306;200;0.720;0.720
1558408345.045;200;0.736;0.740
1558408345.871;200;0.821;0.820
1558408346.618;200;0.745;0.744
1558408347.353;200;0.731;0.732
1558408348.132;200;0.776;0.776
1558408348.956;200;0.821;0.820
1558408349.712;200;0.747;0.748
1558408350.427;200;0.711;0.712
1558408351.171;200;0.740;0.740
1558408352.037;200;0.861;0.864
1558408352.777;200;0.736;0.740
1558408353.495;200;0.715;0.716
1558408354.244;200;0.743;0.744
1558408355.080;200;0.834;0.832
1558408355.796;200;0.713;0.712
1558408356.501;200;0.701;0.704
1558408357.243;200;0.737;0.736
1558408358.070;200;0.825;0.828
1558408358.786;200;0.713;0.716
1558408359.525;200;0.736;0.740
1558408360.308;200;0.779;0.785
1558408361.122;200;0.808;0.808
1558408361.881;200;0.756;0.752
1558408362.649;200;0.765;0.768
1558408363.456;200;0.802;0.800
1558408364.270;200;0.811;0.812
1558408364.999;200;0.725;0.724
1558408365.736;200;0.731;0.728
1558408366.527;200;0.788;0.788
1558408367.376;200;0.844;0.844
1558408368.115;200;0.736;0.736
1558408368.861;200;0.743;0.740
1558408369.629;200;0.765;0.768
1558408370.441;200;0.809;0.812
1558408371.190;200;0.746;0.748
1558408371.899;200;0.706;0.704
1558408372.651;200;0.749;0.748
1558408373.470;200;0.816;0.816
1558408374.206;200;0.733;0.736
1558408374.978;200;0.768;0.768
1558408375.756;200;0.775;0.776
1558408376.590;200;0.832;0.832
1558408377.340;200;0.746;0.744
1558408378.044;200;0.702;0.700
1558408378.848;200;0.800;0.800
1558408379.668;200;0.817;0.820
1558408380.400;200;0.729;0.732
1558408381.151;200;0.748;0.748
1558408381.913;200;0.760;0.764
1558408382.779;200;0.863;0.864
1558408383.527;200;0.745;0.744
1558408384.278;200;0.750;0.752
1558408385.042;200;0.761;0.764
1558408385.850;200;0.805;0.804
1558408386.538;200;0.684;0.684
1558408387.252;200;0.710;0.708
1558408388.012;200;0.758;0.756
1558408388.797;200;0.781;0.780
1558408389.552;200;0.752;0.752
1558408390.283;200;0.729;0.728
1558408391.041;200;0.756;0.756
1558408391.880;200;0.835;0.836
1558408392.647;200;0.764;0.764
1558408393.346;200;0.696;0.696
1558408394.100;200;0.751;0.748
1558408394.911;200;0.801;0.800
1558408395.653;200;0.739;0.740
1558408396.357;200;0.701;0.704
1558408397.164;200;0.803;0.804
1558408397.997;200;0.829;0.828
1558408398.741;200;0.741;0.744
1558408399.485;200;0.741;0.740
1558408400.317;200;0.829;0.832
1558408401.128;200;0.808;0.808
1558408401.866;200;0.735;0.736
1558408402.632;200;0.762;0.760
1558408403.407;200;0.770;0.772
1558408404.217;200;0.807;0.808
1558408404.995;200;0.774;0.776
1558408405.725;200;0.728;0.732
1558408406.512;200;0.784;0.784
1558408407.311;200;0.785;0.784
1558408408.051;200;0.734;0.736
1558408408.770;200;0.716;0.716
1558408409.514;200;0.741;0.744
1558408410.310;200;0.793;0.792
1558408411.046;200;0.733;0.736
1558408411.774;200;0.725;0.724
1558408412.520;200;0.743;0.744
1558408413.379;200;0.852;0.852
1558408414.113;200;0.731;0.732
1558408414.853;200;0.737;0.740
1558408415.617;200;0.761;0.764
1558408416.433;200;0.813;0.816
1558408417.172;200;0.735;0.736
1558408417.884;200;0.710;0.708
1558408418.705;200;0.819;0.820
1558408419.532;200;0.824;0.824
1558408420.301;200;0.766;0.768
1558408421.044;200;0.740;0.740
1558408421.796;200;0.750;0.748
1558408422.594;200;0.794;0.796
1558408423.370;200;0.766;0.768
1558408424.104;200;0.729;0.728
1558408424.885;200;0.778;0.780
1558408425.704;200;0.815;0.816
1558408426.440;200;0.733;0.732
1558408427.205;200;0.761;0.764
1558408427.956;200;0.748;0.748
1558408428.764;200;0.806;0.804
1558408429.502;200;0.735;0.736
1558408430.219;200;0.714;0.712
1558408430.989;200;0.767;0.768
1558408431.791;200;0.799;0.800
1558408432.521;200;0.727;0.724
1558408433.231;200;0.706;0.708
1558408433.989;200;0.755;0.752
1558408434.818;200;0.825;0.828
1558408435.591;200;0.770;0.768
1558408436.334;200;0.741;0.744
1558408437.094;200;0.757;0.756
1558408437.892;200;0.792;0.792
1558408438.617;200;0.723;0.724
1558408439.335;200;0.715;0.716
1558408440.113;200;0.775;0.776
1558408440.952;200;0.835;0.836
1558408441.687;200;0.733;0.732
1558408442.417;200;0.727;0.724
1558408443.189;200;0.770;0.768
1558408443.996;200;0.805;0.804
1558408444.752;200;0.752;0.752
1558408445.496;200;0.741;0.740
1558408446.242;200;0.744;0.744
1558408447.060;200;0.816;0.816
1558408447.810;200;0.747;0.748
1558408448.557;200;0.743;0.740
1558408449.330;200;0.770;0.772
1558408450.158;200;0.824;0.824
1558408450.909;200;0.748;0.748
1558408451.638;200;0.725;0.724
1558408452.393;200;0.752;0.752
1558408453.193;200;0.797;0.796
1558408453.935;200;0.740;0.740
1558408454.626;200;0.688;0.688
1558408455.416;200;0.787;0.784
1558408456.230;200;0.812;0.812
1558408456.990;200;0.757;0.760
1558408457.713;200;0.719;0.716
1558408458.478;200;0.761;0.764
1558408459.332;200;0.852;0.852
1558408460.062;200;0.728;0.728
1558408460.808;200;0.743;0.744
1558408461.608;200;0.797;0.796
1558408462.413;200;0.801;0.800
1558408463.166;200;0.751;0.753
1558408463.910;200;0.741;0.744
1558408464.650;200;0.737;0.740
1558408465.477;200;0.823;0.824
1558408466.255;200;0.776;0.780
1558408466.997;200;0.739;0.740
1558408467.797;200;0.797;0.804
1558408468.617;200;0.808;0.816
1558408469.350;200;0.726;0.732
1558408470.076;200;0.722;0.724
1558408470.818;200;0.736;0.736
1558408471.650;200;0.826;0.828
1558408472.382;200;0.729;0.732
1558408473.117;200;0.732;0.736
1558408473.852;200;0.732;0.732
1558408474.651;200;0.796;0.800
1558408475.390;200;0.736;0.740
1558408476.136;200;0.742;0.744
1558408476.909;200;0.769;0.772
1558408477.745;200;0.831;0.832
1558408478.513;200;0.765;0.768
1558408479.277;200;0.760;0.760
1558408480.040;200;0.760;0.764
1558408480.849;200;0.806;0.808
1558408481.598;200;0.745;0.752
1558408482.301;200;0.701;0.696
1558408483.085;200;0.782;0.784
1558408483.903;200;0.815;0.820
1558408484.641;200;0.733;0.736
1558408485.356;200;0.711;0.716
1558408486.124;200;0.765;0.768
1558408486.962;200;0.836;0.840
1558408487.728;200;0.763;0.764
1558408488.472;200;0.742;0.744
1558408489.264;200;0.790;0.792
1558408490.061;200;0.794;0.796
1558408490.820;200;0.756;0.760
1558408491.555;200;0.733;0.736
1558408492.332;200;0.772;0.776
1558408493.170;200;0.836;0.840
1558408493.924;200;0.750;0.752
1558408494.632;200;0.705;0.704
1558408495.410;200;0.776;0.780
1558408496.229;200;0.816;0.816
1558408496.970;200;0.738;0.744
1558408497.694;200;0.712;0.716
1558408498.516;200;0.819;0.816
1558408499.325;200;0.807;0.808
1558408500.085;200;0.757;0.760
1558408500.797;200;0.708;0.708
1558408501.547;200;0.747;0.752
1558408502.374;200;0.825;0.828
1558408503.129;200;0.752;0.752
1558408503.837;200;0.706;0.708
1558408504.608;200;0.768;0.772
1558408505.424;200;0.814;0.816
1558408506.170;200;0.744;0.748
1558408506.927;200;0.754;0.756
1558408507.712;200;0.782;0.784
1558408508.532;200;0.817;0.816
1558408509.278;200;0.744;0.748
1558408509.987;200;0.705;0.708
1558408510.758;200;0.768;0.772
1558408511.601;200;0.839;0.840
1558408512.341;200;0.736;0.740
1558408513.084;200;0.740;0.744
1558408513.824;200;0.738;0.740
1558408514.664;200;0.838;0.840
1558408515.400;200;0.731;0.732
1558408516.113;200;0.712;0.712
1558408516.877;200;0.761;0.764
1558408517.711;200;0.830;0.832
1558408518.448;200;0.735;0.736
1558408519.161;200;0.711;0.712
1558408519.938;200;0.773;0.780
1558408520.811;200;0.869;0.872
1558408521.560;200;0.745;0.744
1558408522.280;200;0.718;0.720
1558408523.029;200;0.745;0.748
1558408523.867;200;0.833;0.836
1558408524.624;200;0.754;0.756
1558408525.367;200;0.740;0.744
1558408526.140;200;0.770;0.768
1558408526.945;200;0.801;0.804
1558408527.706;200;0.756;0.756
1558408528.412;200;0.704;0.708
1558408529.158;200;0.741;0.744
1558408529.992;200;0.831;0.836
1558408530.760;200;0.766;0.768
1558408531.495;200;0.732;0.736
1558408532.240;200;0.741;0.744
1558408533.078;200;0.832;0.836
1558408533.850;200;0.769;0.768
1558408534.577;200;0.724;0.728
1558408535.324;200;0.744;0.748
1558408536.192;200;0.865;0.868
1558408536.946;200;0.751;0.752
1558408537.670;200;0.721;0.728
1558408538.460;200;0.785;0.788
1558408539.276;200;0.814;0.816
1558408540.023;200;0.741;0.740
1558408540.810;200;0.784;0.788
1558408541.573;200;0.760;0.756
1558408542.405;200;0.829;0.832
1558408543.164;200;0.757;0.760
1558408543.894;200;0.728;0.728
1558408544.702;200;0.805;0.808
1558408545.506;200;0.801;0.804
1558408546.247;200;0.738;0.740
1558408546.961;200;0.711;0.708
1558408547.729;200;0.765;0.768
1558408548.523;200;0.791;0.792
1558408549.284;200;0.759;0.760
1558408550.018;200;0.732;0.732
1558408550.788;200;0.765;0.764
1558408551.610;200;0.820;0.820
1558408552.394;200;0.781;0.784
1558408553.102;200;0.704;0.704
1558408553.904;200;0.794;0.792
1558408554.739;200;0.832;0.836
1558408555.469;200;0.728;0.728
1558408556.217;200;0.746;0.748
1558408556.982;200;0.761;0.764
1558408557.842;200;0.857;0.856
1558408558.612;200;0.767;0.768
1558408559.329;200;0.714;0.716
1558408560.089;200;0.756;0.760
1558408560.931;200;0.839;0.844
1558408561.700;200;0.763;0.764
1558408562.427;200;0.724;0.724
1558408563.155;200;0.724;0.728
1558408563.989;200;0.831;0.832
1558408564.736;200;0.743;0.748
1558408565.478;200;0.740;0.740
1558408566.235;200;0.754;0.760
1558408567.054;200;0.816;0.816
1558408567.820;200;0.760;0.764
1558408568.535;200;0.712;0.712
1558408569.317;200;0.778;0.780
1558408570.192;200;0.870;0.872
1558408570.949;200;0.753;0.756
1558408571.682;200;0.730;0.732
1558408572.428;200;0.744;0.748
1558408573.256;200;0.825;0.828
1558408573.995;200;0.736;0.740
1558408574.746;200;0.747;0.748
1558408575.511;200;0.763;0.764
1558408576.371;200;0.857;0.860
1558408577.106;200;0.732;0.732
1558408577.844;200;0.734;0.732
1558408578.585;200;0.739;0.740
1558408579.453;200;0.866;0.864
1558408580.208;200;0.753;0.757
1558408580.939;200;0.729;0.732
1558408581.699;200;0.757;0.760
1558408582.544;200;0.839;0.840
1558408583.275;200;0.728;0.732
1558408584.007;200;0.729;0.732
1558408584.741;200;0.731;0.732
1558408585.581;200;0.838;0.840
1558408586.358;200;0.775;0.776
1558408587.111;200;0.749;0.748
1558408587.933;200;0.816;0.820
1558408588.738;200;0.803;0.804
1558408589.472;200;0.731;0.736
1558408590.191;200;0.717;0.720
1558408590.917;200;0.723;0.724
1558408591.776;200;0.856;0.860
1558408592.502;200;0.723;0.724
1558408593.242;200;0.737;0.740
1558408593.984;200;0.738;0.740
1558408594.819;200;0.833;0.836
1558408595.564;200;0.742;0.744
1558408596.261;200;0.695;0.696
1558408597.039;200;0.774;0.776
1558408597.881;200;0.838;0.840
1558408598.642;200;0.757;0.760
1558408599.370;200;0.724;0.724
1558408600.062;200;0.689;0.692
1558408600.897;200;0.827;0.828
1558408601.643;200;0.742;0.748
1558408602.377;200;0.731;0.732
1558408603.137;200;0.755;0.756
1558408603.974;200;0.835;0.836
1558408604.724;200;0.746;0.748
1558408605.459;200;0.733;0.732
1558408606.255;200;0.792;0.796
1558408607.111;200;0.853;0.856
1558408607.846;200;0.732;0.732
1558408608.575;200;0.725;0.728
1558408609.322;200;0.743;0.744
1558408610.171;200;0.844;0.848
1558408610.897;200;0.724;0.724
1558408611.631;200;0.732;0.736
1558408612.426;200;0.792;0.792
1558408613.266;200;0.837;0.840
1558408614.013;200;0.744;0.748
1558408614.736;200;0.721;0.724
1558408615.499;200;0.761;0.764
1558408616.364;200;0.863;0.864
1558408617.110;200;0.743;0.744
1558408617.847;200;0.733;0.736
1558408618.622;200;0.773;0.772
1558408619.432;200;0.807;0.812
1558408620.158;200;0.724;0.724
1558408620.885;200;0.724;0.728
1558408621.686;200;0.799;0.800
1558408622.529;200;0.840;0.844
1558408623.267;200;0.736;0.736
1558408623.994;200;0.724;0.724
1558408624.770;200;0.773;0.772
1558408625.596;200;0.824;0.824
1558408626.321;200;0.722;0.720
1558408627.080;200;0.756;0.760
1558408627.847;200;0.763;0.764
1558408628.666;200;0.816;0.816
1558408629.416;200;0.746;0.748
1558408630.183;200;0.765;0.764
1558408630.940;200;0.754;0.756
1558408631.783;200;0.841;0.840
1558408632.521;200;0.735;0.732
1558408633.242;200;0.719;0.720
1558408634.031;200;0.785;0.788
1558408634.835;200;0.801;0.804
1558408635.576;200;0.737;0.740
1558408636.290;200;0.711;0.712
1558408637.035;200;0.742;0.740
1558408637.864;200;0.825;0.828
1558408638.641;200;0.773;0.776
1558408639.345;200;0.702;0.704
1558408640.172;200;0.825;0.824
1558408640.983;200;0.809;0.808
1558408641.730;200;0.744;0.744
1558408642.458;200;0.725;0.724
1558408643.201;200;0.740;0.736
1558408644.071;200;0.868;0.868
1558408644.821;200;0.748;0.748
1558408645.584;200;0.760;0.760
1558408646.349;200;0.762;0.764
1558408647.170;200;0.818;0.820
1558408647.921;200;0.748;0.748
1558408648.665;200;0.742;0.744
1558408649.435;200;0.768;0.768
1558408650.242;200;0.804;0.804
1558408650.969;200;0.724;0.724
1558408651.705;200;0.734;0.736
1558408652.422;200;0.714;0.716
1558408653.255;200;0.831;0.836
1558408654.001;200;0.742;0.744
1558408654.721;200;0.717;0.720
1558408655.488;200;0.764;0.764
1558408656.331;200;0.841;0.844
1558408657.050;200;0.717;0.716
1558408657.767;200;0.712;0.716
1558408658.568;200;0.798;0.800
1558408659.385;200;0.814;0.816
1558408660.109;200;0.722;0.724
1558408660.827;200;0.715;0.720
1558408661.608;200;0.777;0.780
1558408662.408;200;0.797;0.800
1558408663.154;200;0.744;0.744
1558408663.901;200;0.743;0.744
1558408664.626;200;0.723;0.724
1558408665.454;200;0.823;0.824
1558408666.180;200;0.723;0.728
1558408666.885;200;0.702;0.704
1558408667.634;200;0.745;0.748
1558408668.446;200;0.806;0.808
1558408669.215;200;0.766;0.768
1558408669.970;200;0.752;0.752
1558408670.741;200;0.768;0.768
1558408671.563;200;0.819;0.820
1558408672.305;200;0.740;0.740
1558408673.046;200;0.739;0.740
1558408673.814;200;0.766;0.768
1558408674.667;200;0.850;0.848
1558408675.428;200;0.759;0.760
1558408676.148;200;0.718;0.716
1558408676.891;200;0.740;0.740
1558408677.719;200;0.824;0.824
1558408678.465;200;0.744;0.748
1558408679.194;200;0.727;0.728
1558408680.019;200;0.822;0.828
1558408680.839;200;0.816;0.816
1558408681.592;200;0.751;0.752
1558408682.322;200;0.727;0.728
1558408683.081;200;0.757;0.760
1558408683.896;200;0.812;0.816
1558408684.633;200;0.735;0.736
1558408685.394;200;0.758;0.760
1558408686.080;200;0.683;0.684
1558408686.883;200;0.800;0.800
1558408687.634;200;0.748;0.748
1558408688.351;200;0.715;0.716
1558408689.107;200;0.754;0.760
1558408689.962;200;0.853;0.852
1558408690.705;200;0.742;0.740
1558408691.416;200;0.709;0.712
1558408692.173;200;0.754;0.756
1558408692.978;200;0.803;0.804
1558408693.725;200;0.745;0.748
1558408694.446;200;0.719;0.720
1558408695.204;200;0.755;0.756
1558408696.028;200;0.821;0.824
1558408696.790;200;0.760;0.760
1558408697.493;200;0.697;0.700
1558408698.241;200;0.745;0.748
1558408699.065;200;0.821;0.824
1558408699.785;200;0.717;0.720
1558408700.515;200;0.727;0.728
1558408701.298;200;0.780;0.780
1558408702.109;200;0.809;0.812
1558408702.880;200;0.768;0.772
1558408703.600;200;0.717;0.716
1558408704.354;200;0.751;0.752
1558408705.225;200;0.842;0.844
1558408705.982;200;0.755;0.756
1558408706.738;200;0.754;0.756
1558408707.526;200;0.784;0.784
1558408708.337;200;0.807;0.808
1558408709.111;200;0.772;0.772
1558408709.801;200;0.687;0.684
1558408710.551;200;0.748;0.748
1558408711.406;200;0.853;0.852
1558408712.162;200;0.753;0.756
1558408712.866;200;0.701;0.700
1558408713.641;200;0.773;0.776
1558408714.462;200;0.819;0.820
1558408715.209;200;0.743;0.744
1558408715.936;200;0.725;0.729
1558408716.630;200;0.692;0.692
1558408717.431;200;0.798;0.800
1558408718.188;200;0.754;0.756
1558408718.923;200;0.731;0.732
1558408719.673;200;0.747;0.748
1558408720.491;200;0.816;0.816
1558408721.252;200;0.759;0.764
1558408721.995;200;0.740;0.740
1558408722.818;200;0.820;0.820
1558408723.651;200;0.832;0.832
1558408724.395;200;0.741;0.740
1558408725.122;200;0.725;0.724
1558408725.888;200;0.761;0.764
1558408726.747;200;0.857;0.856
1558408727.517;200;0.768;0.768
1558408728.244;200;0.725;0.728
1558408728.976;200;0.729;0.732
1558408729.790;200;0.811;0.812
1558408730.534;200;0.743;0.744
1558408731.268;200;0.732;0.732
1558408732.029;200;0.758;0.760
1558408732.841;200;0.810;0.812
1558408733.591;200;0.748;0.748
1558408734.319;200;0.726;0.724
1558408735.034;200;0.712;0.712
1558408735.845;200;0.809;0.812
1558408736.587;200;0.741;0.740
1558408737.303;200;0.712;0.712
1558408738.080;200;0.773;0.776
1558408738.873;200;0.790;0.792
1558408739.605;200;0.729;0.732
1558408740.346;200;0.738;0.740
1558408741.111;200;0.763;0.768
1558408742.004;200;0.889;0.892
1558408742.748;200;0.742;0.744
1558408743.495;200;0.745;0.744
1558408744.246;200;0.748;0.748
1558408745.042;200;0.794;0.796
1558408745.793;200;0.749;0.752
1558408746.519;200;0.724;0.724
1558408747.310;200;0.788;0.788
1558408748.123;200;0.809;0.808
1558408748.881;200;0.755;0.756
1558408749.616;200;0.733;0.732
1558408750.378;200;0.759;0.760
1558408751.132;200;0.752;0.756
1558408751.869;200;0.735;0.736
1558408752.580;200;0.709;0.712
1558408753.387;200;0.805;0.804
1558408754.230;200;0.840;0.840
1558408754.965;200;0.732;0.736
1558408755.687;200;0.720;0.720
1558408756.423;200;0.732;0.732
1558408757.250;200;0.824;0.824
1558408757.974;200;0.721;0.724
1558408758.710;200;0.733;0.736
1558408759.508;200;0.795;0.800
1558408760.311;200;0.801;0.800
1558408761.031;200;0.718;0.716
1558408761.748;200;0.715;0.716
1558408762.457;200;0.706;0.708
1558408763.267;200;0.808;0.808
1558408764.018;200;0.749;0.748
1558408764.749;200;0.728;0.732
1558408765.497;200;0.745;0.748
1558408766.331;200;0.832;0.832
1558408767.042;200;0.706;0.708
1558408767.761;200;0.715;0.712
1558408768.580;200;0.817;0.820
1558408769.389;200;0.806;0.808
1558408770.165;200;0.774;0.776
1558408770.871;200;0.704;0.704
1558408771.620;200;0.746;0.744
1558408772.446;200;0.824;0.824
1558408773.187;200;0.739;0.740
1558408773.916;200;0.726;0.724
1558408774.673;200;0.755;0.756
1558408775.469;200;0.794;0.796
1558408776.198;200;0.727;0.728
1558408776.910;200;0.710;0.712
1558408777.669;200;0.755;0.756
1558408778.502;200;0.831;0.832
1558408779.245;200;0.741;0.744
1558408779.986;200;0.739;0.740
1558408780.738;200;0.750;0.752
1558408781.534;200;0.794;0.796
1558408782.261;200;0.725;0.728
1558408782.978;200;0.715;0.716
1558408783.747;200;0.766;0.768
1558408784.577;200;0.827;0.828
1558408785.317;200;0.738;0.740
1558408786.003;200;0.683;0.684
1558408786.732;200;0.725;0.724
1558408787.540;200;0.804;0.804
1558408788.289;200;0.747;0.748
1558408789.013;200;0.722;0.724
1558408789.758;200;0.743;0.744
1558408790.571;200;0.811;0.812
1558408791.324;200;0.748;0.748
1558408792.049;200;0.723;0.724
1558408792.827;200;0.775;0.776
1558408793.671;200;0.839;0.840
1558408794.418;200;0.745;0.744
1558408795.166;200;0.747;0.748
1558408795.914;200;0.745;0.744
1558408796.724;200;0.806;0.808
1558408797.463;200;0.736;0.736
1558408798.181;200;0.715;0.716
1558408798.980;200;0.795;0.796
1558408799.797;200;0.814;0.816
1558408800.535;200;0.736;0.736
1558408801.221;200;0.682;0.684
1558408802.027;200;0.804;0.804
1558408802.848;200;0.818;0.816
1558408803.567;200;0.717;0.716
1558408804.280;200;0.710;0.712
1558408805.094;200;0.810;0.812
1558408805.892;200;0.795;0.792
1558408806.626;200;0.732;0.732
1558408807.333;200;0.704;0.708
1558408808.074;200;0.739;0.740
1558408808.882;200;0.806;0.808
1558408809.627;200;0.743;0.744
1558408810.375;200;0.745;0.744
1558408811.151;200;0.773;0.772
1558408811.960;200;0.805;0.804
1558408812.689;200;0.727;0.728
1558408813.398;200;0.706;0.708
1558408814.146;200;0.746;0.748
1558408815.004;200;0.855;0.856
1558408815.737;200;0.731;0.732
1558408816.389;200;0.650;0.648
1558408817.128;200;0.737;0.736
1558408817.949;200;0.816;0.820
1558408818.683;200;0.731;0.732
1558408819.394;200;0.709;0.712
1558408820.215;200;0.816;0.816
1558408821.016;200;0.798;0.800
1558408821.750;200;0.731;0.732
1558408822.479;200;0.728;0.728
1558408823.229;200;0.748;0.748
1558408824.041;200;0.810;0.812
1558408824.792;200;0.749;0.752
1558408825.601;200;0.806;0.808
1558408826.385;200;0.782;0.780
1558408827.279;200;0.892;0.892
1558408828.077;200;0.792;0.796
1558408828.788;200;0.708;0.712
1558408829.531;200;0.740;0.740
1558408830.355;200;0.821;0.820
1558408831.103;200;0.746;0.744
1558408831.815;200;0.710;0.712
1558408832.610;200;0.791;0.792
1558408833.430;200;0.817;0.816
1558408834.177;200;0.745;0.748
1558408834.886;200;0.706;0.708
1558408835.644;200;0.755;0.756
1558408836.481;200;0.833;0.836
1558408837.207;200;0.723;0.724
1558408837.925;200;0.714;0.716
1558408838.682;200;0.754;0.756
1558408839.520;200;0.836;0.836
1558408840.275;200;0.752;0.752
1558408840.990;200;0.712;0.712
1558408841.751;200;0.757;0.756
1558408842.595;200;0.841;0.840
1558408843.375;200;0.778;0.776
1558408844.099;200;0.721;0.720
1558408844.847;200;0.746;0.744
1558408845.688;200;0.839;0.836
1558408846.443;200;0.751;0.752
1558408847.200;200;0.749;0.748
1558408847.974;200;0.772;0.772
1558408848.773;200;0.797;0.800
1558408849.523;200;0.747;0.748
1558408850.246;200;0.719;0.720
1558408851.029;200;0.781;0.784
1558408851.864;200;0.831;0.836
1558408852.607;200;0.740;0.740
1558408853.322;200;0.712;0.712
1558408854.079;200;0.755;0.756
1558408854.895;200;0.813;0.812
1558408855.669;200;0.773;0.776
1558408856.406;200;0.735;0.736
1558408857.179;200;0.770;0.772
1558408858.027;200;0.845;0.844
1558408858.782;200;0.752;0.752
1558408859.498;200;0.714;0.716
1558408860.246;200;0.746;0.748
1558408861.052;200;0.804;0.804
1558408861.803;200;0.749;0.748
1558408862.515;200;0.709;0.708
1558408863.343;200;0.825;0.824
1558408864.156;200;0.806;0.804
1558408864.901;200;0.742;0.744
1558408865.610;200;0.704;0.704
1558408866.359;200;0.747;0.748
1558408867.174;200;0.812;0.812
1558408867.909;200;0.729;0.732
1558408868.633;200;0.722;0.720
1558408869.374;200;0.739;0.740
1558408870.182;200;0.806;0.808
1558408870.942;200;0.757;0.760
1558408871.687;200;0.743;0.744
1558408872.439;200;0.750;0.752
1558408873.287;200;0.844;0.845
1558408874.048;200;0.758;0.756
1558408874.764;200;0.709;0.708
1558408875.444;200;0.678;0.676
1558408876.270;200;0.824;0.824
1558408877.008;200;0.736;0.736
1558408877.714;200;0.702;0.704
1558408878.468;200;0.749;0.748
1558408879.294;200;0.823;0.824
1558408880.035;200;0.740;0.740
1558408880.764;200;0.723;0.724
1558408881.574;200;0.806;0.808
1558408882.378;200;0.802;0.804
1558408883.122;200;0.742;0.744
1558408883.839;200;0.715;0.716
1558408884.543;200;0.702;0.704
1558408885.362;200;0.812;0.812
1558408886.131;200;0.767;0.768
1558408886.895;200;0.762;0.760
1558408887.687;200;0.788;0.788
1558408888.501;200;0.811;0.812
1558408889.245;200;0.741;0.744
1558408890.024;200;0.777;0.776
1558408890.740;200;0.714;0.712
1558408891.569;200;0.825;0.828
1558408892.315;200;0.744;0.744
1558408893.042;200;0.724;0.724
1558408893.770;200;0.726;0.728
1558408894.575;200;0.803;0.804
1558408895.312;200;0.734;0.732
1558408896.062;200;0.747;0.748
1558408896.795;200;0.731;0.732
1558408897.617;200;0.818;0.820
1558408898.353;200;0.734;0.736
1558408899.044;200;0.688;0.688
1558408899.793;200;0.745;0.748
1558408900.604;200;0.808;0.812
1558408901.424;200;0.816;0.816
1558408902.140;200;0.713;0.712
1558408902.899;200;0.757;0.756
1558408903.710;200;0.808;0.808
1558408904.445;200;0.733;0.736
1558408905.173;200;0.726;0.724
1558408905.941;200;0.766;0.768
1558408906.748;200;0.805;0.804
1558408907.505;200;0.753;0.756
1558408908.226;200;0.718;0.720
1558408908.996;200;0.768;0.768
1558408909.846;200;0.846;0.848
1558408910.576;200;0.728;0.728
1558408911.331;200;0.752;0.752
1558408912.083;200;0.749;0.748
1558408912.917;200;0.830;0.828
1558408913.666;200;0.747;0.748
1558408914.381;200;0.713;0.716
1558408915.148;200;0.765;0.764
1558408915.988;200;0.836;0.836
1558408916.719;200;0.728;0.728
1558408917.435;200;0.711;0.712
1558408918.204;200;0.767;0.764
1558408919.020;200;0.812;0.812
1558408919.753;200;0.730;0.732
1558408920.490;200;0.735;0.736
1558408921.246;200;0.755;0.756
1558408922.066;200;0.818;0.820
1558408922.825;200;0.757;0.756
1558408923.551;200;0.724;0.724
1558408924.330;200;0.777;0.776
1558408925.159;200;0.827;0.828
1558408925.927;200;0.766;0.768
1558408926.685;200;0.757;0.760
1558408927.491;200;0.804;0.804
1558408928.306;200;0.812;0.812
1558408929.060;200;0.752;0.752
1558408929.774;200;0.711;0.712
1558408930.582;200;0.806;0.808
1558408931.417;200;0.834;0.836
1558408932.176;200;0.757;0.756
1558408932.907;200;0.728;0.728
1558408933.688;200;0.780;0.780
1558408934.488;200;0.797;0.796
1558408935.234;200;0.743;0.744
1558408935.985;200;0.749;0.748
1558408936.761;200;0.774;0.776
1558408937.575;200;0.811;0.812
1558408938.314;200;0.738;0.740
1558408939.012;200;0.696;0.696
1558408939.782;200;0.767;0.768
1558408940.608;200;0.824;0.824
1558408941.348;200;0.737;0.736
1558408942.071;200;0.720;0.720
1558408942.850;200;0.776;0.776
1558408943.659;200;0.807;0.808
1558408944.435;200;0.771;0.772
1558408945.157;200;0.718;0.716
1558408945.924;200;0.765;0.764
1558408946.768;200;0.840;0.840
1558408947.505;200;0.735;0.736
1558408948.274;200;0.767;0.768
1558408949.082;200;0.806;0.808
1558408949.888;200;0.804;0.804
1558408950.644;200;0.754;0.752
1558408951.388;200;0.741;0.740
1558408952.203;200;0.812;0.812
1558408953.042;200;0.837;0.840
1558408953.808;200;0.764;0.764
1558408954.551;200;0.740;0.740
1558408955.332;200;0.777;0.776
1558408956.146;200;0.811;0.812
1558408956.894;200;0.746;0.748
1558408957.596;200;0.699;0.696
1558408958.386;200;0.787;0.788
1558408959.194;200;0.806;0.808
1558408959.922;200;0.726;0.728
1558408960.636;200;0.712;0.712
1558408961.383;200;0.744;0.744
1558408962.199;200;0.812;0.812
1558408962.932;200;0.728;0.728
1558408963.676;200;0.741;0.740
1558408964.437;200;0.759;0.756
1558408965.256;200;0.817;0.816
1558408965.998;200;0.740;0.740
1558408966.711;200;0.711;0.712
1558408967.463;200;0.750;0.752
1558408968.297;200;0.831;0.832
1558408969.038;200;0.739;0.740
1558408969.784;200;0.743;0.744
1558408970.595;200;0.808;0.808
1558408971.412;200;0.814;0.812
1558408972.197;200;0.782;0.780
1558408972.933;200;0.735;0.736
1558408973.695;200;0.760;0.760
1558408974.530;200;0.833;0.836
1558408975.281;200;0.749;0.752
1558408976.004;200;0.721;0.720
1558408976.753;200;0.746;0.744
1558408977.535;200;0.779;0.780
1558408978.294;200;0.758;0.760
1558408979.017;200;0.720;0.724
1558408979.754;200;0.735;0.736
1558408980.538;200;0.782;0.784
1558408981.311;200;0.770;0.772
1558408982.038;200;0.723;0.724
1558408982.801;200;0.761;0.760
1558408983.627;200;0.824;0.824
1558408984.345;200;0.717;0.720
1558408985.073;200;0.725;0.724
1558408985.896;200;0.821;0.820
1558408986.706;200;0.808;0.808
1558408987.454;200;0.745;0.748
1558408988.167;200;0.711;0.712
1558408988.911;200;0.741;0.740
1558408989.728;200;0.813;0.812
1558408990.460;200;0.730;0.728
1558408991.211;200;0.747;0.748
1558408991.967;200;0.752;0.752
1558408992.778;200;0.808;0.808
1558408993.543;200;0.763;0.764
1558408994.252;200;0.707;0.708
1558408995.039;200;0.784;0.784
1558408995.835;200;0.793;0.792
1558408996.535;200;0.698;0.700
1558408997.237;200;0.699;0.696
1558408997.989;200;0.749;0.752
1558408998.798;200;0.807;0.808
1558408999.542;200;0.743;0.744
1558409000.245;200;0.702;0.704
1558409001.025;200;0.778;0.780
1558409001.930;200;0.819;0.820
1558409002.677;200;0.745;0.748
1558409003.398;200;0.718;0.720
1558409004.208;200;0.808;0.808
1558409005.063;200;0.852;0.852
1558409005.791;200;0.726;0.728
1558409006.545;200;0.753;0.756
1558409007.355;200;0.807;0.808
1558409008.173;200;0.815;0.816
1558409008.912;200;0.737;0.736
1558409009.671;200;0.755;0.756
1558409010.414;200;0.741;0.740
1558409011.256;200;0.840;0.840
1558409012.030;200;0.772;0.772
1558409012.763;200;0.731;0.732
1558409013.535;200;0.770;0.768
1558409014.372;200;0.835;0.832
1558409015.127;200;0.753;0.752
1558409015.855;200;0.725;0.724
1558409016.606;200;0.749;0.752
1558409017.408;200;0.799;0.800
1558409018.156;200;0.745;0.744
1558409018.885;200;0.727;0.724
1558409019.674;200;0.787;0.788
1558409020.503;200;0.826;0.824
1558409021.275;200;0.767;0.768
1558409022.006;200;0.728;0.728
1558409022.778;200;0.770;0.772
1558409023.628;200;0.848;0.848
1558409024.407;200;0.777;0.776
1558409025.138;200;0.729;0.732
1558409025.906;200;0.766;0.768
1558409026.738;200;0.830;0.832
1558409027.492;200;0.750;0.748
1558409028.228;200;0.733;0.732
1558409028.999;200;0.767;0.768
1558409029.837;200;0.835;0.836
1558409030.613;200;0.774;0.772
1558409031.328;200;0.713;0.712
1558409032.087;200;0.755;0.756
1558409032.890;200;0.800;0.800
1558409033.643;200;0.751;0.752
1558409034.364;200;0.720;0.720
1558409035.087;200;0.720;0.720
1558409035.915;200;0.825;0.824
1558409036.642;200;0.725;0.728
1558409037.377;200;0.733;0.736
1558409038.181;200;0.802;0.804
1558409038.994;200;0.811;0.812
1558409039.750;200;0.752;0.752
1558409040.479;200;0.727;0.728
1558409041.290;200;0.809;0.808
1558409042.113;200;0.822;0.820
1558409042.849;200;0.734;0.732
1558409043.578;200;0.727;0.728
1558409044.364;200;0.784;0.784
1558409045.173;200;0.806;0.804
1558409045.909;200;0.734;0.736
1558409046.630;200;0.719;0.720
1558409047.412;200;0.778;0.776
1558409048.236;200;0.822;0.820
1558409048.980;200;0.741;0.740
1558409049.711;200;0.725;0.724
1558409050.514;200;0.799;0.800
1558409051.316;200;0.800;0.800
1558409052.080;200;0.761;0.760
1558409052.800;200;0.718;0.716
1558409053.581;200;0.778;0.776
1558409054.421;200;0.838;0.836
1558409055.154;200;0.730;0.733
1558409055.891;200;0.735;0.736
1558409056.683;200;0.788;0.788
1558409057.520;200;0.833;0.832
1558409058.275;200;0.753;0.756
1558409058.987;200;0.711;0.712
1558409059.772;200;0.783;0.784
1558409060.588;200;0.810;0.812
1558409061.315;200;0.724;0.724
1558409062.030;200;0.712;0.712
1558409062.806;200;0.774;0.776
1558409063.602;200;0.794;0.796
1558409064.330;200;0.726;0.728
1558409065.052;200;0.720;0.720
1558409065.816;200;0.761;0.760
1558409066.629;200;0.810;0.812
1558409067.383;200;0.751;0.752
1558409068.101;200;0.715;0.712
1558409068.874;200;0.771;0.776
1558409069.688;200;0.812;0.812
1558409070.412;200;0.721;0.720
1558409071.182;200;0.767;0.768
1558409071.953;200;0.769;0.772
1558409072.790;200;0.834;0.836
1558409073.534;200;0.743;0.744
1558409074.258;200;0.721;0.724
1558409075.019;200;0.759;0.760
1558409075.840;200;0.818;0.816
1558409076.576;200;0.733;0.736
1558409077.330;200;0.750;0.756
1558409078.071;200;0.739;0.740
1558409078.873;200;0.799;0.796
1558409079.626;200;0.751;0.756
1558409080.344;200;0.716;0.716
1558409081.102;200;0.756;0.756
1558409081.926;200;0.820;0.820
1558409082.683;200;0.755;0.756
1558409083.415;200;0.729;0.732
1558409084.182;200;0.765;0.768
1558409084.988;200;0.804;0.804
1558409085.729;200;0.739;0.740
1558409086.448;200;0.717;0.720
1558409087.211;200;0.760;0.764
1558409088.029;200;0.815;0.816
1558409088.763;200;0.731;0.732
1558409089.472;200;0.706;0.704
1558409090.239;200;0.764;0.764
1558409091.024;200;0.782;0.784
1558409091.775;200;0.750;0.752
1558409092.478;200;0.701;0.704
1558409093.260;200;0.780;0.780
1558409094.058;200;0.796;0.800
1558409094.811;200;0.751;0.752
1558409095.540;200;0.728;0.728
1558409096.282;200;0.739;0.736
1558409097.107;200;0.823;0.828
1558409097.850;200;0.736;0.736
1558409098.563;200;0.711;0.708
1558409099.355;200;0.789;0.784
1558409100.166;200;0.809;0.816
1558409100.903;200;0.736;0.736
1558409101.616;200;0.711;0.712
1558409102.369;200;0.751;0.752
1558409103.192;200;0.819;0.820
1558409103.935;200;0.741;0.744
1558409104.612;200;0.675;0.676
1558409105.414;200;0.799;0.804
1558409106.243;200;0.827;0.828
1558409106.977;200;0.733;0.732
1558409107.696;200;0.714;0.716
1558409108.461;200;0.763;0.760
1558409109.278;200;0.814;0.816
1558409110.047;200;0.767;0.768
1558409110.772;200;0.724;0.724
1558409111.553;200;0.779;0.780
1558409112.358;200;0.803;0.808
1558409113.110;200;0.751;0.752
1558409113.847;200;0.735;0.736
1558409114.614;200;0.764;0.768
1558409115.436;200;0.820;0.820
1558409116.161;200;0.722;0.720
1558409116.857;200;0.694;0.696
1558409117.614;200;0.754;0.760
1558409118.439;200;0.823;0.824
1558409119.197;200;0.756;0.756
1558409119.911;200;0.712;0.716
1558409120.707;200;0.794;0.796
1558409121.520;200;0.812;0.812
1558409122.288;200;0.765;0.764
1558409123.003;200;0.713;0.716
1558409123.744;200;0.740;0.736
1558409124.592;200;0.845;0.844
1558409125.342;200;0.747;0.748
1558409126.079;200;0.735;0.740
1558409126.893;200;0.811;0.808
1558409127.695;200;0.799;0.804
1558409128.431;200;0.733;0.736
1558409129.146;200;0.713;0.716
1558409129.874;200;0.726;0.728
1558409130.664;200;0.788;0.788
1558409131.412;200;0.746;0.744
1558409132.143;200;0.729;0.732
1558409132.880;200;0.734;0.732
1558409133.765;200;0.882;0.884
1558409134.497;200;0.730;0.732
1558409135.257;200;0.757;0.756
1558409136.072;200;0.813;0.816
1558409136.893;200;0.819;0.820
1558409137.639;200;0.744;0.748
1558409138.354;200;0.712;0.708
1558409139.105;200;0.749;0.752
1558409139.949;200;0.842;0.844
1558409140.702;200;0.751;0.756
1558409141.412;200;0.708;0.708
1558409142.203;200;0.789;0.788
1558409143.053;200;0.848;0.852
1558409143.788;200;0.733;0.732
1558409144.485;200;0.695;0.696
1558409145.232;200;0.745;0.748
1558409146.065;200;0.830;0.828
1558409146.803;200;0.735;0.740
1558409147.520;200;0.709;0.708
1558409148.286;200;0.763;0.768
1558409149.087;200;0.799;0.800
1558409149.836;200;0.746;0.748
1558409150.588;200;0.750;0.752
1558409151.337;200;0.746;0.744
1558409152.160;200;0.821;0.824
1558409152.934;200;0.771;0.772
1558409153.658;200;0.722;0.720
1558409154.447;200;0.787;0.792
1558409155.290;200;0.841;0.840
1558409156.022;200;0.730;0.736
1558409156.731;200;0.707;0.708
1558409157.496;200;0.761;0.760
1558409158.330;200;0.830;0.828
1558409159.070;200;0.738;0.744
1558409159.837;200;0.765;0.764
1558409160.598;200;0.758;0.756
1558409161.440;200;0.841;0.844
1558409162.203;200;0.760;0.764
1558409162.918;200;0.713;0.716
1558409163.687;200;0.767;0.768
1558409164.529;200;0.840;0.840
1558409165.307;200;0.776;0.780
1558409166.040;200;0.731;0.732
1558409166.824;200;0.781;0.780
1558409167.641;200;0.813;0.812
1558409168.415;200;0.772;0.776
1558409169.145;200;0.729;0.728
1558409169.908;200;0.761;0.764
1558409170.720;200;0.809;0.808
1558409171.504;200;0.781;0.780
1558409172.224;200;0.717;0.716
1558409172.939;200;0.711;0.716
1558409173.772;200;0.831;0.832
1558409174.530;200;0.752;0.752
1558409175.244;200;0.713;0.716
1558409176.003;200;0.757;0.756
1558409176.859;200;0.854;0.856
1558409177.582;200;0.720;0.720
1558409178.312;200;0.728;0.732
1558409179.098;200;0.784;0.788
1558409179.937;200;0.834;0.836
1558409180.684;200;0.745;0.748
1558409181.402;200;0.716;0.716
1558409182.142;200;0.739;0.740
1558409182.958;200;0.814;0.816
1558409183.715;200;0.755;0.760
1558409184.458;200;0.741;0.740
1558409185.231;200;0.772;0.776
1558409186.022;200;0.789;0.792
1558409186.778;200;0.754;0.752
1558409187.523;200;0.743;0.748
1558409188.279;200;0.753;0.752
1558409189.064;200;0.784;0.784
1558409189.794;200;0.728;0.728
1558409190.505;200;0.710;0.712
1558409191.282;200;0.775;0.780
1558409192.112;200;0.828;0.828
1558409192.847;200;0.733;0.732
1558409193.587;200;0.739;0.744
1558409194.366;200;0.778;0.780
1558409195.251;200;0.883;0.884
1558409195.998;200;0.745;0.744
1558409196.708;200;0.709;0.712
1558409197.460;200;0.749;0.752
1558409198.269;200;0.807;0.808
1558409199.024;200;0.753;0.756
1558409199.744;200;0.718;0.720
1558409200.505;200;0.759;0.760
1558409201.324;200;0.817;0.820
1558409202.088;200;0.762;0.764
1558409202.812;200;0.722;0.724
1558409203.575;200;0.760;0.760
1558409204.405;200;0.828;0.832
1558409205.149;200;0.741;0.740
1558409205.873;200;0.722;0.724
1558409206.650;200;0.775;0.780
1558409207.499;200;0.846;0.844
1558409208.223;200;0.722;0.728
1558409208.943;200;0.718;0.720
1558409209.705;200;0.760;0.760
1558409210.524;200;0.817;0.820
1558409211.277;200;0.750;0.752
1558409212.008;200;0.729;0.732
1558409212.794;200;0.783;0.780
1558409213.614;200;0.818;0.824
1558409214.355;200;0.739;0.740
1558409215.158;200;0.800;0.800
1558409215.882;200;0.723;0.728
1558409216.732;200;0.848;0.848
1558409217.471;200;0.736;0.740
1558409218.179;200;0.706;0.704
1558409219.043;200;0.862;0.868
1558409219.870;200;0.825;0.824
1558409220.621;200;0.750;0.752
1558409221.383;200;0.760;0.764
1558409222.143;200;0.757;0.760
1558409222.968;200;0.823;0.824
1558409223.724;200;0.754;0.756
1558409224.472;200;0.745;0.748
1558409225.223;200;0.749;0.748
1558409226.023;200;0.799;0.804
1558409226.766;200;0.741;0.744
1558409227.478;200;0.709;0.712
1558409228.257;200;0.777;0.776
1558409229.053;200;0.794;0.796
1558409229.773;200;0.718;0.720
1558409230.478;200;0.703;0.704
1558409231.246;200;0.766;0.772
1558409232.078;200;0.830;0.828
1558409232.841;200;0.761;0.764
1558409233.567;200;0.723;0.724
1558409234.366;200;0.796;0.796
1558409235.183;200;0.815;0.816
1558409235.922;200;0.735;0.736
1558409236.631;200;0.707;0.712
1558409237.384;200;0.750;0.752
1558409238.210;200;0.822;0.820
1558409238.968;200;0.756;0.760
1558409239.660;200;0.689;0.688
1558409240.439;200;0.774;0.780
1558409241.285;200;0.843;0.844
1558409242.020;200;0.733;0.736
1558409242.762;200;0.740;0.740
1558409243.510;200;0.746;0.748
1558409244.363;200;0.851;0.856
1558409245.096;200;0.732;0.732
1558409245.838;200;0.740;0.740
1558409246.602;200;0.762;0.768
1558409247.428;200;0.823;0.824
1558409248.184;200;0.753;0.752
1558409248.902;200;0.715;0.716
1558409249.676;200;0.772;0.776
1558409250.490;200;0.812;0.812
1558409251.224;200;0.731;0.736
1558409251.974;200;0.747;0.748
1558409252.791;200;0.815;0.820
1558409253.634;200;0.841;0.840
1558409254.408;200;0.772;0.776
1558409255.147;200;0.735;0.740
1558409255.953;200;0.804;0.804
1558409256.787;200;0.832;0.836
1558409257.516;200;0.725;0.728
1558409258.241;200;0.722;0.724
1558409258.984;200;0.740;0.744
1558409259.827;200;0.840;0.840
1558409260.577;200;0.749;0.748
1558409261.319;200;0.740;0.744
1558409262.125;200;0.804;0.804
1558409262.945;200;0.817;0.813
1558409263.681;200;0.733;0.732
1558409264.405;200;0.722;0.724
1558409265.152;200;0.744;0.744
1558409265.977;200;0.822;0.824
1558409266.708;200;0.729;0.732
1558409267.432;200;0.720;0.716
1558409268.170;200;0.736;0.736
1558409268.972;200;0.800;0.804
1558409269.707;200;0.731;0.736
1558409270.423;200;0.714;0.716
1558409271.179;200;0.755;0.756
1558409271.992;200;0.811;0.812
1558409272.714;200;0.720;0.720
1558409273.429;200;0.713;0.716
1558409274.194;200;0.763;0.764
1558409275.030;200;0.834;0.836
1558409275.846;200;0.814;0.816
1558409276.573;200;0.725;0.724
1558409277.334;200;0.758;0.760
1558409278.180;200;0.844;0.848
1558409278.908;200;0.725;0.728
1558409279.635;200;0.725;0.724
1558409280.435;200;0.798;0.804
1558409281.241;200;0.805;0.800
1558409281.990;200;0.746;0.748
1558409282.734;200;0.742;0.748
1558409283.548;200;0.812;0.812
1558409284.352;200;0.802;0.804
1558409285.129;200;0.775;0.776
1558409285.832;200;0.701;0.704
1558409286.577;200;0.743;0.744
1558409287.390;200;0.811;0.812
1558409288.122;200;0.731;0.732
1558409288.841;200;0.717;0.720
1558409289.669;200;0.825;0.828
1558409290.471;200;0.800;0.804
1558409291.274;200;0.802;0.800
1558409292.016;200;0.740;0.744
1558409292.846;200;0.828;0.828
1558409293.680;200;0.832;0.836
1558409294.446;200;0.764;0.764
1558409295.150;200;0.703;0.704
1558409295.938;200;0.786;0.788
1558409296.828;200;0.888;0.892
1558409297.603;200;0.771;0.776
1558409298.310;200;0.706;0.704
1558409299.075;200;0.764;0.764
1558409299.886;200;0.787;0.788
1558409300.650;200;0.762;0.764
1558409301.374;200;0.722;0.724
1558409302.162;200;0.787;0.788
1558409302.979;200;0.815;0.816
1558409303.721;200;0.738;0.740
1558409304.442;200;0.719;0.720
1558409305.219;200;0.775;0.780
1558409306.032;200;0.811;0.812
1558409306.764;200;0.729;0.732
1558409307.508;200;0.740;0.744
1558409308.356;200;0.845;0.844
1558409309.207;200;0.849;0.852
1558409309.945;200;0.736;0.736
1558409310.664;200;0.716;0.716
1558409311.480;200;0.813;0.816
1558409312.339;200;0.856;0.860
1558409313.079;200;0.738;0.736
1558409313.803;200;0.722;0.728
1558409314.575;200;0.771;0.768
1558409315.447;200;0.870;0.876
1558409316.200;200;0.751;0.752
1558409316.936;200;0.734;0.736
1558409317.696;200;0.756;0.760
1558409318.518;200;0.819;0.820
1558409319.245;200;0.725;0.724
1558409319.980;200;0.733;0.736
1558409320.761;200;0.780;0.780
1558409321.580;200;0.817;0.816
1558409322.332;200;0.750;0.752
1558409323.081;200;0.748;0.744
1558409323.879;200;0.796;0.800
1558409324.724;200;0.843;0.844
1558409325.467;200;0.740;0.740
1558409326.163;200;0.695;0.700
1558409326.968;200;0.801;0.804
1558409327.795;200;0.823;0.828
