[OVERALL], RunTime(ms), 1153665
[OVERALL], Throughput(ops/sec), 1.3002041320487316
[TOTAL_GCS_G1_Young_Generation], Count, 6
[TOTAL_GC_TIME_G1_Young_Generation], Time(ms), 130
[TOTAL_GC_TIME_%_G1_Young_Generation], Time(%), 0.011268435811089007
[TOTAL_GCS_G1_Old_Generation], Count, 0
[TOTAL_GC_TIME_G1_Old_Generation], Time(ms), 0
[TOTAL_GC_TIME_%_G1_Old_Generation], Time(%), 0.0
[TOTAL_GCs], Count, 6
[TOTAL_GC_TIME], Time(ms), 130
[TOTAL_GC_TIME_%], Time(%), 0.011268435811089007
[READ], Operations, 1500
[READ], AverageLatency(us), 768589.1413333333
[READ], MinLatency(us), 619520
[READ], MaxLatency(us), 939007
[READ], 95thPercentileLatency(us), 842751
[READ], 99thPercentileLatency(us), 872447
[READ], Return=OK, 1500
[CLEANUP], Operations, 1
[CLEANUP], AverageLatency(us), 3.0
[CLEANUP], MinLatency(us), 3
[CLEANUP], MaxLatency(us), 3
[CLEANUP], 95thPercentileLatency(us), 3
[CLEANUP], 99thPercentileLatency(us), 3
