[WARN]  Running against a source checkout. In order to get our runtime dependencies we'll have to invoke Maven. Depending on the state of your system, this may take ~30-45 seconds
[DEBUG]  Running 'mvn -pl com.yahoo.ycsb:rest-binding -am package -DskipTests dependency:build-classpath -DincludeScope=compile -Dmdep.outputFilterFile=true'
WARNING: An illegal reflective access operation has occurred
WARNING: Illegal reflective access by com.google.inject.internal.cglib.core.$ReflectUtils$1 (file:/usr/share/maven/lib/guice.jar) to method java.lang.ClassLoader.defineClass(java.lang.String,byte[],int,int,java.security.ProtectionDomain)
WARNING: Please consider reporting this to the maintainers of com.google.inject.internal.cglib.core.$ReflectUtils$1
WARNING: Use --illegal-access=warn to enable warnings of further illegal reflective access operations
WARNING: All illegal access operations will be denied in a future release
java -cp /home/ubuntu/YCSB/rest/conf:/home/ubuntu/YCSB/rest/target/rest-binding-0.16.0-SNAPSHOT.jar:/home/ubuntu/.m2/repository/org/hdrhistogram/HdrHistogram/2.1.4/HdrHistogram-2.1.4.jar:/home/ubuntu/.m2/repository/org/glassfish/hk2/external/javax.inject/2.2.0/javax.inject-2.2.0.jar:/home/ubuntu/.m2/repository/com/github/stefanbirkner/system-rules/1.16.0/system-rules-1.16.0.jar:/home/ubuntu/.m2/repository/org/codehaus/jackson/jackson-core-asl/1.9.4/jackson-core-asl-1.9.4.jar:/home/ubuntu/.m2/repository/org/glassfish/jersey/core/jersey-server/2.6/jersey-server-2.6.jar:/home/ubuntu/YCSB/core/target/core-0.16.0-SNAPSHOT.jar:/home/ubuntu/.m2/repository/org/glassfish/hk2/hk2-api/2.2.0/hk2-api-2.2.0.jar:/home/ubuntu/.m2/repository/javax/ws/rs/javax.ws.rs-api/2.0/javax.ws.rs-api-2.0.jar:/home/ubuntu/.m2/repository/org/glassfish/hk2/hk2-locator/2.2.0/hk2-locator-2.2.0.jar:/home/ubuntu/.m2/repository/org/eclipse/jdt/core/compiler/ecj/4.4.2/ecj-4.4.2.jar:/home/ubuntu/.m2/repository/org/codehaus/jackson/jackson-mapper-asl/1.9.4/jackson-mapper-asl-1.9.4.jar:/home/ubuntu/.m2/repository/org/glassfish/jersey/bundles/repackaged/jersey-guava/2.6/jersey-guava-2.6.jar:/home/ubuntu/.m2/repository/org/glassfish/hk2/external/aopalliance-repackaged/2.2.0/aopalliance-repackaged-2.2.0.jar:/home/ubuntu/.m2/repository/org/javassist/javassist/3.18.1-GA/javassist-3.18.1-GA.jar:/home/ubuntu/.m2/repository/javax/annotation/javax.annotation-api/1.2/javax.annotation-api-1.2.jar:/home/ubuntu/.m2/repository/org/apache/htrace/htrace-core4/4.1.0-incubating/htrace-core4-4.1.0-incubating.jar:/home/ubuntu/.m2/repository/org/apache/tomcat/embed/tomcat-embed-logging-log4j/8.0.28/tomcat-embed-logging-log4j-8.0.28.jar:/home/ubuntu/.m2/repository/org/apache/tomcat/embed/tomcat-embed-el/8.0.28/tomcat-embed-el-8.0.28.jar:/home/ubuntu/.m2/repository/org/apache/tomcat/embed/tomcat-embed-logging-juli/8.0.28/tomcat-embed-logging-juli-8.0.28.jar:/home/ubuntu/.m2/repository/org/apache/tomcat/embed/tomcat-embed-core/8.0.28/tomcat-embed-core-8.0.28.jar:/home/ubuntu/.m2/repository/org/glassfish/hk2/osgi-resource-locator/1.0.1/osgi-resource-locator-1.0.1.jar:/home/ubuntu/.m2/repository/commons-codec/commons-codec/1.9/commons-codec-1.9.jar:/home/ubuntu/.m2/repository/org/glassfish/jersey/core/jersey-client/2.6/jersey-client-2.6.jar:/home/ubuntu/.m2/repository/org/apache/tomcat/embed/tomcat-embed-websocket/8.0.28/tomcat-embed-websocket-8.0.28.jar:/home/ubuntu/.m2/repository/commons-logging/commons-logging/1.2/commons-logging-1.2.jar:/home/ubuntu/.m2/repository/org/glassfish/hk2/hk2-utils/2.2.0/hk2-utils-2.2.0.jar:/home/ubuntu/.m2/repository/javax/validation/validation-api/1.1.0.Final/validation-api-1.1.0.Final.jar:/home/ubuntu/.m2/repository/org/apache/httpcomponents/httpclient/4.5.1/httpclient-4.5.1.jar:/home/ubuntu/.m2/repository/org/apache/tomcat/tomcat-dbcp/8.0.28/tomcat-dbcp-8.0.28.jar:/home/ubuntu/.m2/repository/org/glassfish/jersey/containers/jersey-container-servlet-core/2.6/jersey-container-servlet-core-2.6.jar:/home/ubuntu/.m2/repository/org/apache/tomcat/embed/tomcat-embed-jasper/8.0.28/tomcat-embed-jasper-8.0.28.jar:/home/ubuntu/.m2/repository/org/glassfish/jersey/core/jersey-common/2.6/jersey-common-2.6.jar:/home/ubuntu/.m2/repository/org/apache/httpcomponents/httpcore/4.4.4/httpcore-4.4.4.jar com.yahoo.ycsb.Client -db com.yahoo.ycsb.webservice.rest.RestClient -s -P workloads/rest_workload -t
Command line: -db com.yahoo.ycsb.webservice.rest.RestClient -s -P workloads/rest_workload -t
YCSB Client 0.16.0-SNAPSHOT

Loading workload...
Starting test.
2019-05-21 06:03:15:299 0 sec: 0 operations; est completion in 0 second 
DBWrapper: report latency for each error is false and specific error codes to track for latency are: []
2019-05-21 06:03:25:248 10 sec: 12 operations; 1.2 current ops/sec; est completion in 20 minutes [READ: Count=12, Max=848895, Min=738816, Avg=787157.33, 90=841215, 99=848895, 99.9=848895, 99.99=848895] 
2019-05-21 06:03:35:243 20 sec: 25 operations; 1.3 current ops/sec; est completion in 19 minutes [READ: Count=13, Max=815103, Min=717824, Avg=768295.38, 90=813567, 99=815103, 99.9=815103, 99.99=815103] 
2019-05-21 06:03:45:246 30 sec: 38 operations; 1.3 current ops/sec; est completion in 19 minutes [READ: Count=13, Max=852479, Min=731136, Avg=779323.08, 90=843775, 99=852479, 99.9=852479, 99.99=852479] 
2019-05-21 06:03:55:243 40 sec: 50 operations; 1.2 current ops/sec; est completion in 19 minutes [READ: Count=12, Max=833023, Min=730112, Avg=770901.33, 90=821759, 99=833023, 99.9=833023, 99.99=833023] 
2019-05-21 06:04:05:243 50 sec: 63 operations; 1.3 current ops/sec; est completion in 19 minutes [READ: Count=13, Max=859647, Min=726528, Avg=768728.62, 90=803839, 99=859647, 99.9=859647, 99.99=859647] 
2019-05-21 06:04:15:243 60 sec: 76 operations; 1.3 current ops/sec; est completion in 18 minutes [READ: Count=13, Max=822783, Min=727040, Avg=779165.54, 90=821247, 99=822783, 99.9=822783, 99.99=822783] 
2019-05-21 06:04:25:243 70 sec: 89 operations; 1.3 current ops/sec; est completion in 18 minutes [READ: Count=13, Max=830975, Min=733184, Avg=773179.08, 90=829439, 99=830975, 99.9=830975, 99.99=830975] 
2019-05-21 06:04:35:248 80 sec: 102 operations; 1.3 current ops/sec; est completion in 18 minutes [READ: Count=13, Max=860159, Min=711168, Avg=767350.15, 90=840703, 99=860159, 99.9=860159, 99.99=860159] 
2019-05-21 06:04:45:243 90 sec: 115 operations; 1.3 current ops/sec; est completion in 18 minutes [READ: Count=13, Max=847871, Min=720896, Avg=779441.23, 90=842751, 99=847871, 99.9=847871, 99.99=847871] 
2019-05-21 06:04:55:243 100 sec: 128 operations; 1.3 current ops/sec; est completion in 17 minutes [READ: Count=13, Max=837631, Min=712704, Avg=774006.15, 90=828927, 99=837631, 99.9=837631, 99.99=837631] 
2019-05-21 06:05:05:243 110 sec: 141 operations; 1.3 current ops/sec; est completion in 17 minutes [READ: Count=13, Max=877567, Min=717312, Avg=769713.23, 90=821247, 99=877567, 99.9=877567, 99.99=877567] 
2019-05-21 06:05:15:243 120 sec: 154 operations; 1.3 current ops/sec; est completion in 17 minutes [READ: Count=13, Max=825343, Min=723456, Avg=768098.46, 90=817663, 99=825343, 99.9=825343, 99.99=825343] 
2019-05-21 06:05:25:243 130 sec: 167 operations; 1.3 current ops/sec; est completion in 17 minutes [READ: Count=13, Max=817663, Min=708096, Avg=762072.62, 90=817151, 99=817663, 99.9=817663, 99.99=817663] 
2019-05-21 06:05:35:243 140 sec: 180 operations; 1.3 current ops/sec; est completion in 17 minutes [READ: Count=13, Max=846335, Min=723968, Avg=787948.31, 90=824831, 99=846335, 99.9=846335, 99.99=846335] 
2019-05-21 06:05:45:243 150 sec: 193 operations; 1.3 current ops/sec; est completion in 16 minutes [READ: Count=13, Max=821247, Min=709632, Avg=775502.77, 90=821247, 99=821247, 99.9=821247, 99.99=821247] 
2019-05-21 06:05:55:243 160 sec: 206 operations; 1.3 current ops/sec; est completion in 16 minutes [READ: Count=13, Max=876031, Min=714752, Avg=766404.92, 90=829951, 99=876031, 99.9=876031, 99.99=876031] 
2019-05-21 06:06:05:243 170 sec: 219 operations; 1.3 current ops/sec; est completion in 16 minutes [READ: Count=13, Max=857087, Min=724992, Avg=776644.92, 90=833535, 99=857087, 99.9=857087, 99.99=857087] 
2019-05-21 06:06:15:243 180 sec: 231 operations; 1.2 current ops/sec; est completion in 16 minutes [READ: Count=12, Max=856575, Min=720896, Avg=775850.67, 90=829951, 99=856575, 99.9=856575, 99.99=856575] 
2019-05-21 06:06:25:243 190 sec: 244 operations; 1.3 current ops/sec; est completion in 16 minutes [READ: Count=13, Max=833023, Min=715264, Avg=780701.54, 90=831487, 99=833023, 99.9=833023, 99.99=833023] 
2019-05-21 06:06:35:243 200 sec: 257 operations; 1.3 current ops/sec; est completion in 16 minutes [READ: Count=13, Max=835583, Min=716288, Avg=774360.62, 90=818175, 99=835583, 99.9=835583, 99.99=835583] 
2019-05-21 06:06:45:243 210 sec: 270 operations; 1.3 current ops/sec; est completion in 15 minutes [READ: Count=13, Max=856063, Min=699392, Avg=769870.77, 90=840703, 99=856063, 99.9=856063, 99.99=856063] 
2019-05-21 06:06:55:243 220 sec: 283 operations; 1.3 current ops/sec; est completion in 15 minutes [READ: Count=13, Max=838655, Min=704512, Avg=768216.62, 90=810495, 99=838655, 99.9=838655, 99.99=838655] 
2019-05-21 06:07:05:243 230 sec: 296 operations; 1.3 current ops/sec; est completion in 15 minutes [READ: Count=13, Max=824319, Min=720384, Avg=776132.92, 90=820735, 99=824319, 99.9=824319, 99.99=824319] 
2019-05-21 06:07:15:243 240 sec: 309 operations; 1.3 current ops/sec; est completion in 15 minutes [READ: Count=13, Max=845823, Min=733696, Avg=774754.46, 90=827391, 99=845823, 99.9=845823, 99.99=845823] 
2019-05-21 06:07:25:244 250 sec: 322 operations; 1.3 current ops/sec; est completion in 15 minutes [READ: Count=13, Max=841727, Min=721920, Avg=773060.92, 90=836095, 99=841727, 99.9=841727, 99.99=841727] 
2019-05-21 06:07:35:243 260 sec: 335 operations; 1.3 current ops/sec; est completion in 15 minutes [READ: Count=13, Max=830463, Min=731136, Avg=772194.46, 90=827903, 99=830463, 99.9=830463, 99.99=830463] 
2019-05-21 06:07:45:243 270 sec: 348 operations; 1.3 current ops/sec; est completion in 14 minutes [READ: Count=13, Max=859647, Min=710144, Avg=772312.62, 90=825855, 99=859647, 99.9=859647, 99.99=859647] 
2019-05-21 06:07:55:243 280 sec: 361 operations; 1.3 current ops/sec; est completion in 14 minutes [READ: Count=13, Max=843775, Min=694272, Avg=775266.46, 90=833023, 99=843775, 99.9=843775, 99.99=843775] 
2019-05-21 06:08:05:243 290 sec: 374 operations; 1.3 current ops/sec; est completion in 14 minutes [READ: Count=13, Max=855039, Min=723968, Avg=773612.31, 90=825855, 99=855039, 99.9=855039, 99.99=855039] 
2019-05-21 06:08:15:245 300 sec: 386 operations; 1.2 current ops/sec; est completion in 14 minutes [READ: Count=12, Max=900095, Min=695296, Avg=784640, 90=856575, 99=900095, 99.9=900095, 99.99=900095] 
2019-05-21 06:08:25:244 310 sec: 399 operations; 1.3 current ops/sec; est completion in 14 minutes [READ: Count=13, Max=835583, Min=714752, Avg=779008, 90=835583, 99=835583, 99.9=835583, 99.99=835583] 
2019-05-21 06:08:35:244 320 sec: 412 operations; 1.3 current ops/sec; est completion in 14 minutes [READ: Count=13, Max=898559, Min=713728, Avg=783300.92, 90=830463, 99=898559, 99.9=898559, 99.99=898559] 
2019-05-21 06:08:45:243 330 sec: 425 operations; 1.3 current ops/sec; est completion in 13 minutes [READ: Count=13, Max=857087, Min=715264, Avg=775975.38, 90=837119, 99=857087, 99.9=857087, 99.99=857087] 
2019-05-21 06:08:55:244 340 sec: 438 operations; 1.3 current ops/sec; est completion in 13 minutes [READ: Count=13, Max=888319, Min=709632, Avg=776132.92, 90=860159, 99=888319, 99.9=888319, 99.99=888319] 
2019-05-21 06:09:05:243 350 sec: 450 operations; 1.2 current ops/sec; est completion in 13 minutes [READ: Count=12, Max=884223, Min=730112, Avg=780416, 90=884223, 99=884223, 99.9=884223, 99.99=884223] 
2019-05-21 06:09:15:243 360 sec: 463 operations; 1.3 current ops/sec; est completion in 13 minutes [READ: Count=13, Max=865279, Min=713728, Avg=776920.62, 90=846335, 99=865279, 99.9=865279, 99.99=865279] 
2019-05-21 06:09:25:244 370 sec: 476 operations; 1.3 current ops/sec; est completion in 13 minutes [READ: Count=13, Max=875519, Min=730112, Avg=790153.85, 90=850431, 99=875519, 99.9=875519, 99.99=875519] 
2019-05-21 06:09:35:243 380 sec: 489 operations; 1.3 current ops/sec; est completion in 13 minutes [READ: Count=13, Max=832511, Min=722944, Avg=765262.77, 90=831487, 99=832511, 99.9=832511, 99.99=832511] 
2019-05-21 06:09:45:243 390 sec: 502 operations; 1.3 current ops/sec; est completion in 12 minutes [READ: Count=13, Max=845823, Min=697344, Avg=763687.38, 90=844799, 99=845823, 99.9=845823, 99.99=845823] 
2019-05-21 06:09:55:244 400 sec: 515 operations; 1.3 current ops/sec; est completion in 12 minutes [READ: Count=13, Max=880639, Min=694784, Avg=775620.92, 90=842239, 99=880639, 99.9=880639, 99.99=880639] 
2019-05-21 06:10:05:243 410 sec: 528 operations; 1.3 current ops/sec; est completion in 12 minutes [READ: Count=13, Max=848383, Min=648192, Avg=764672, 90=842751, 99=848383, 99.9=848383, 99.99=848383] 
2019-05-21 06:10:15:243 420 sec: 541 operations; 1.3 current ops/sec; est completion in 12 minutes [READ: Count=13, Max=836607, Min=717824, Avg=768610.46, 90=830975, 99=836607, 99.9=836607, 99.99=836607] 
2019-05-21 06:10:25:243 430 sec: 554 operations; 1.3 current ops/sec; est completion in 12 minutes [READ: Count=13, Max=845311, Min=712192, Avg=772509.54, 90=839679, 99=845311, 99.9=845311, 99.99=845311] 
2019-05-21 06:10:35:243 440 sec: 567 operations; 1.3 current ops/sec; est completion in 12 minutes [READ: Count=13, Max=850431, Min=734720, Avg=780662.15, 90=828927, 99=850431, 99.9=850431, 99.99=850431] 
2019-05-21 06:10:45:243 450 sec: 580 operations; 1.3 current ops/sec; est completion in 11 minutes [READ: Count=13, Max=844287, Min=706048, Avg=771721.85, 90=838143, 99=844287, 99.9=844287, 99.99=844287] 
2019-05-21 06:10:55:244 460 sec: 593 operations; 1.3 current ops/sec; est completion in 11 minutes [READ: Count=13, Max=853503, Min=718848, Avg=772588.31, 90=853503, 99=853503, 99.9=853503, 99.99=853503] 
2019-05-21 06:11:05:243 470 sec: 606 operations; 1.3 current ops/sec; est completion in 11 minutes [READ: Count=13, Max=861183, Min=716288, Avg=776644.92, 90=844287, 99=861183, 99.9=861183, 99.99=861183] 
2019-05-21 06:11:15:243 480 sec: 618 operations; 1.2 current ops/sec; est completion in 11 minutes [READ: Count=12, Max=863743, Min=717312, Avg=778624, 90=856575, 99=863743, 99.9=863743, 99.99=863743] 
2019-05-21 06:11:25:243 490 sec: 631 operations; 1.3 current ops/sec; est completion in 11 minutes [READ: Count=13, Max=827391, Min=716288, Avg=772391.38, 90=819711, 99=827391, 99.9=827391, 99.99=827391] 
2019-05-21 06:11:35:243 500 sec: 644 operations; 1.3 current ops/sec; est completion in 11 minutes [READ: Count=13, Max=865791, Min=716800, Avg=773494.15, 90=829951, 99=865791, 99.9=865791, 99.99=865791] 
2019-05-21 06:11:45:243 510 sec: 657 operations; 1.3 current ops/sec; est completion in 10 minutes [READ: Count=13, Max=880127, Min=720896, Avg=780662.15, 90=845311, 99=880127, 99.9=880127, 99.99=880127] 
2019-05-21 06:11:55:243 520 sec: 670 operations; 1.3 current ops/sec; est completion in 10 minutes [READ: Count=13, Max=836607, Min=715776, Avg=768256, 90=833535, 99=836607, 99.9=836607, 99.99=836607] 
2019-05-21 06:12:05:243 530 sec: 683 operations; 1.3 current ops/sec; est completion in 10 minutes [READ: Count=13, Max=830975, Min=711680, Avg=772076.31, 90=830463, 99=830975, 99.9=830975, 99.99=830975] 
2019-05-21 06:12:15:243 540 sec: 696 operations; 1.3 current ops/sec; est completion in 10 minutes [READ: Count=13, Max=858623, Min=736256, Avg=791926.15, 90=848383, 99=858623, 99.9=858623, 99.99=858623] 
2019-05-21 06:12:25:244 550 sec: 709 operations; 1.3 current ops/sec; est completion in 10 minutes [READ: Count=13, Max=862207, Min=704000, Avg=768137.85, 90=850943, 99=862207, 99.9=862207, 99.99=862207] 
2019-05-21 06:12:35:244 560 sec: 722 operations; 1.3 current ops/sec; est completion in 10 minutes [READ: Count=13, Max=851455, Min=699904, Avg=771918.77, 90=844799, 99=851455, 99.9=851455, 99.99=851455] 
2019-05-21 06:12:45:243 570 sec: 735 operations; 1.3 current ops/sec; est completion in 9 minutes [READ: Count=13, Max=865279, Min=729600, Avg=774951.38, 90=838655, 99=865279, 99.9=865279, 99.99=865279] 
2019-05-21 06:12:55:243 580 sec: 747 operations; 1.2 current ops/sec; est completion in 9 minutes [READ: Count=12, Max=852479, Min=721920, Avg=775338.67, 90=837631, 99=852479, 99.9=852479, 99.99=852479] 
2019-05-21 06:13:05:243 590 sec: 760 operations; 1.3 current ops/sec; est completion in 9 minutes [READ: Count=13, Max=851967, Min=722944, Avg=784167.38, 90=846335, 99=851967, 99.9=851967, 99.99=851967] 
2019-05-21 06:13:15:243 600 sec: 773 operations; 1.3 current ops/sec; est completion in 9 minutes [READ: Count=13, Max=848383, Min=719872, Avg=773730.46, 90=834047, 99=848383, 99.9=848383, 99.99=848383] 
2019-05-21 06:13:25:243 610 sec: 786 operations; 1.3 current ops/sec; est completion in 9 minutes [READ: Count=13, Max=854527, Min=706048, Avg=772627.69, 90=846335, 99=854527, 99.9=854527, 99.99=854527] 
2019-05-21 06:13:35:243 620 sec: 799 operations; 1.3 current ops/sec; est completion in 9 minutes [READ: Count=13, Max=905215, Min=714240, Avg=769201.23, 90=845311, 99=905215, 99.9=905215, 99.99=905215] 
2019-05-21 06:13:45:244 630 sec: 812 operations; 1.3 current ops/sec; est completion in 8 minutes [READ: Count=13, Max=842751, Min=701440, Avg=768256, 90=817151, 99=842751, 99.9=842751, 99.99=842751] 
2019-05-21 06:13:55:243 640 sec: 825 operations; 1.3 current ops/sec; est completion in 8 minutes [READ: Count=13, Max=882687, Min=727040, Avg=773336.62, 90=835583, 99=882687, 99.9=882687, 99.99=882687] 
2019-05-21 06:14:05:243 650 sec: 838 operations; 1.3 current ops/sec; est completion in 8 minutes [READ: Count=13, Max=833535, Min=728064, Avg=771091.69, 90=820223, 99=833535, 99.9=833535, 99.99=833535] 
2019-05-21 06:14:15:243 660 sec: 851 operations; 1.3 current ops/sec; est completion in 8 minutes [READ: Count=13, Max=843263, Min=720896, Avg=763293.54, 90=813055, 99=843263, 99.9=843263, 99.99=843263] 
2019-05-21 06:14:25:243 670 sec: 864 operations; 1.3 current ops/sec; est completion in 8 minutes [READ: Count=13, Max=864767, Min=723456, Avg=779638.15, 90=847359, 99=864767, 99.9=864767, 99.99=864767] 
2019-05-21 06:14:35:243 680 sec: 877 operations; 1.3 current ops/sec; est completion in 8 minutes [READ: Count=13, Max=848383, Min=711168, Avg=765302.15, 90=836607, 99=848383, 99.9=848383, 99.99=848383] 
2019-05-21 06:14:45:243 690 sec: 890 operations; 1.3 current ops/sec; est completion in 7 minutes [READ: Count=13, Max=822271, Min=710144, Avg=760260.92, 90=811519, 99=822271, 99.9=822271, 99.99=822271] 
2019-05-21 06:14:55:243 700 sec: 903 operations; 1.3 current ops/sec; est completion in 7 minutes [READ: Count=13, Max=839167, Min=708096, Avg=768807.38, 90=837119, 99=839167, 99.9=839167, 99.99=839167] 
2019-05-21 06:15:05:243 710 sec: 916 operations; 1.3 current ops/sec; est completion in 7 minutes [READ: Count=13, Max=849407, Min=719872, Avg=774872.62, 90=831487, 99=849407, 99.9=849407, 99.99=849407] 
2019-05-21 06:15:15:243 720 sec: 929 operations; 1.3 current ops/sec; est completion in 7 minutes [READ: Count=13, Max=905215, Min=728576, Avg=769595.08, 90=831487, 99=905215, 99.9=905215, 99.99=905215] 
2019-05-21 06:15:25:243 730 sec: 942 operations; 1.3 current ops/sec; est completion in 7 minutes [READ: Count=13, Max=842751, Min=713216, Avg=757819.08, 90=817151, 99=842751, 99.9=842751, 99.99=842751] 
2019-05-21 06:15:35:243 740 sec: 955 operations; 1.3 current ops/sec; est completion in 7 minutes [READ: Count=13, Max=855551, Min=721920, Avg=778417.23, 90=850943, 99=855551, 99.9=855551, 99.99=855551] 
2019-05-21 06:15:45:243 750 sec: 968 operations; 1.3 current ops/sec; est completion in 6 minutes [READ: Count=13, Max=848383, Min=720896, Avg=769358.77, 90=839167, 99=848383, 99.9=848383, 99.99=848383] 
2019-05-21 06:15:55:243 760 sec: 981 operations; 1.3 current ops/sec; est completion in 6 minutes [READ: Count=13, Max=843775, Min=661504, Avg=763844.92, 90=835071, 99=843775, 99.9=843775, 99.99=843775] 
2019-05-21 06:16:05:243 770 sec: 994 operations; 1.3 current ops/sec; est completion in 6 minutes [READ: Count=13, Max=839679, Min=722432, Avg=759118.77, 90=819711, 99=839679, 99.9=839679, 99.99=839679] 
2019-05-21 06:16:15:243 780 sec: 1007 operations; 1.3 current ops/sec; est completion in 6 minutes [READ: Count=13, Max=887295, Min=732160, Avg=781646.77, 90=854015, 99=887295, 99.9=887295, 99.99=887295] 
2019-05-21 06:16:25:243 790 sec: 1020 operations; 1.3 current ops/sec; est completion in 6 minutes [READ: Count=13, Max=857087, Min=688640, Avg=769358.77, 90=830463, 99=857087, 99.9=857087, 99.99=857087] 
2019-05-21 06:16:35:243 800 sec: 1033 operations; 1.3 current ops/sec; est completion in 6 minutes [READ: Count=13, Max=875519, Min=720384, Avg=776093.54, 90=842239, 99=875519, 99.9=875519, 99.99=875519] 
2019-05-21 06:16:45:243 810 sec: 1046 operations; 1.3 current ops/sec; est completion in 5 minutes [READ: Count=13, Max=830975, Min=723968, Avg=765065.85, 90=817151, 99=830975, 99.9=830975, 99.99=830975] 
2019-05-21 06:16:55:243 820 sec: 1059 operations; 1.3 current ops/sec; est completion in 5 minutes [READ: Count=13, Max=836095, Min=707584, Avg=767940.92, 90=820223, 99=836095, 99.9=836095, 99.99=836095] 
2019-05-21 06:17:05:243 830 sec: 1072 operations; 1.3 current ops/sec; est completion in 5 minutes [READ: Count=13, Max=850943, Min=730624, Avg=779677.54, 90=849919, 99=850943, 99.9=850943, 99.99=850943] 
2019-05-21 06:17:15:243 840 sec: 1085 operations; 1.3 current ops/sec; est completion in 5 minutes [READ: Count=13, Max=862719, Min=729600, Avg=779362.46, 90=809983, 99=862719, 99.9=862719, 99.99=862719] 
2019-05-21 06:17:25:243 850 sec: 1098 operations; 1.3 current ops/sec; est completion in 5 minutes [READ: Count=13, Max=860671, Min=720896, Avg=777590.15, 90=848383, 99=860671, 99.9=860671, 99.99=860671] 
2019-05-21 06:17:35:244 860 sec: 1111 operations; 1.3 current ops/sec; est completion in 5 minutes [READ: Count=13, Max=855039, Min=723968, Avg=772076.31, 90=813055, 99=855039, 99.9=855039, 99.99=855039] 
2019-05-21 06:17:45:243 870 sec: 1124 operations; 1.3 current ops/sec; est completion in 4 minutes [READ: Count=13, Max=827391, Min=656896, Avg=765380.92, 90=823295, 99=827391, 99.9=827391, 99.99=827391] 
2019-05-21 06:17:55:243 880 sec: 1137 operations; 1.3 current ops/sec; est completion in 4 minutes [READ: Count=13, Max=848383, Min=707072, Avg=768846.77, 90=848383, 99=848383, 99.9=848383, 99.99=848383] 
2019-05-21 06:18:05:244 890 sec: 1150 operations; 1.3 current ops/sec; est completion in 4 minutes [READ: Count=13, Max=828927, Min=716800, Avg=769122.46, 90=827391, 99=828927, 99.9=828927, 99.99=828927] 
2019-05-21 06:18:15:243 900 sec: 1163 operations; 1.3 current ops/sec; est completion in 4 minutes [READ: Count=13, Max=813055, Min=710656, Avg=764081.23, 90=809983, 99=813055, 99.9=813055, 99.99=813055] 
2019-05-21 06:18:25:244 910 sec: 1176 operations; 1.3 current ops/sec; est completion in 4 minutes [READ: Count=13, Max=831999, Min=723456, Avg=774203.08, 90=815103, 99=831999, 99.9=831999, 99.99=831999] 
2019-05-21 06:18:35:243 920 sec: 1189 operations; 1.3 current ops/sec; est completion in 4 minutes [READ: Count=13, Max=828927, Min=686592, Avg=766759.38, 90=818175, 99=828927, 99.9=828927, 99.99=828927] 
2019-05-21 06:18:45:243 930 sec: 1202 operations; 1.3 current ops/sec; est completion in 3 minutes [READ: Count=13, Max=855039, Min=715264, Avg=763923.69, 90=834559, 99=855039, 99.9=855039, 99.99=855039] 
2019-05-21 06:18:55:243 940 sec: 1215 operations; 1.3 current ops/sec; est completion in 3 minutes [READ: Count=13, Max=840191, Min=681984, Avg=759867.08, 90=833535, 99=840191, 99.9=840191, 99.99=840191] 
2019-05-21 06:19:05:244 950 sec: 1228 operations; 1.3 current ops/sec; est completion in 3 minutes [READ: Count=13, Max=844799, Min=723968, Avg=777708.31, 90=835071, 99=844799, 99.9=844799, 99.99=844799] 
2019-05-21 06:19:15:243 960 sec: 1241 operations; 1.3 current ops/sec; est completion in 3 minutes [READ: Count=13, Max=867327, Min=717312, Avg=772155.08, 90=830463, 99=867327, 99.9=867327, 99.99=867327] 
2019-05-21 06:19:25:243 970 sec: 1253 operations; 1.2 current ops/sec; est completion in 3 minutes [READ: Count=12, Max=899583, Min=731648, Avg=784469.33, 90=849407, 99=899583, 99.9=899583, 99.99=899583] 
2019-05-21 06:19:35:243 980 sec: 1266 operations; 1.3 current ops/sec; est completion in 3 minutes [READ: Count=13, Max=865791, Min=713216, Avg=777038.77, 90=849407, 99=865791, 99.9=865791, 99.99=865791] 
2019-05-21 06:19:45:243 990 sec: 1279 operations; 1.3 current ops/sec; est completion in 2 minutes [READ: Count=13, Max=862719, Min=702976, Avg=771131.08, 90=833023, 99=862719, 99.9=862719, 99.99=862719] 
2019-05-21 06:19:55:243 1000 sec: 1292 operations; 1.3 current ops/sec; est completion in 2 minutes [READ: Count=13, Max=856575, Min=703488, Avg=770304, 90=841727, 99=856575, 99.9=856575, 99.99=856575] 
2019-05-21 06:20:05:244 1010 sec: 1305 operations; 1.3 current ops/sec; est completion in 2 minutes [READ: Count=13, Max=846847, Min=728064, Avg=769713.23, 90=826367, 99=846847, 99.9=846847, 99.99=846847] 
2019-05-21 06:20:15:243 1020 sec: 1318 operations; 1.3 current ops/sec; est completion in 2 minutes [READ: Count=13, Max=839167, Min=721408, Avg=768807.38, 90=837631, 99=839167, 99.9=839167, 99.99=839167] 
2019-05-21 06:20:25:243 1030 sec: 1331 operations; 1.3 current ops/sec; est completion in 2 minutes [READ: Count=13, Max=939007, Min=699904, Avg=778377.85, 90=835583, 99=939007, 99.9=939007, 99.99=939007] 
2019-05-21 06:20:35:243 1040 sec: 1344 operations; 1.3 current ops/sec; est completion in 2 minutes [READ: Count=13, Max=846847, Min=731648, Avg=778062.77, 90=843263, 99=846847, 99.9=846847, 99.99=846847] 
2019-05-21 06:20:45:243 1050 sec: 1357 operations; 1.3 current ops/sec; est completion in 1 minute [READ: Count=13, Max=838655, Min=660480, Avg=764593.23, 90=837631, 99=838655, 99.9=838655, 99.99=838655] 
2019-05-21 06:20:55:243 1060 sec: 1370 operations; 1.3 current ops/sec; est completion in 1 minute [READ: Count=13, Max=871935, Min=721920, Avg=773494.15, 90=835583, 99=871935, 99.9=871935, 99.99=871935] 
2019-05-21 06:21:05:243 1070 sec: 1383 operations; 1.3 current ops/sec; est completion in 1 minute [READ: Count=13, Max=856063, Min=729600, Avg=788460.31, 90=850431, 99=856063, 99.9=856063, 99.99=856063] 
2019-05-21 06:21:15:243 1080 sec: 1395 operations; 1.2 current ops/sec; est completion in 1 minute [READ: Count=12, Max=831999, Min=710144, Avg=764202.67, 90=808959, 99=831999, 99.9=831999, 99.99=831999] 
2019-05-21 06:21:25:243 1090 sec: 1408 operations; 1.3 current ops/sec; est completion in 1 minute [READ: Count=13, Max=900095, Min=726528, Avg=798660.92, 90=847871, 99=900095, 99.9=900095, 99.99=900095] 
2019-05-21 06:21:35:243 1100 sec: 1421 operations; 1.3 current ops/sec; est completion in 1 minute [READ: Count=13, Max=854015, Min=717312, Avg=768177.23, 90=820223, 99=854015, 99.9=854015, 99.99=854015] 
2019-05-21 06:21:45:243 1110 sec: 1434 operations; 1.3 current ops/sec; est completion in 52 seconds [READ: Count=13, Max=846847, Min=717312, Avg=770343.38, 90=843775, 99=846847, 99.9=846847, 99.99=846847] 
2019-05-21 06:21:55:243 1120 sec: 1447 operations; 1.3 current ops/sec; est completion in 42 seconds [READ: Count=13, Max=868863, Min=719360, Avg=772903.38, 90=825343, 99=868863, 99.9=868863, 99.99=868863] 
2019-05-21 06:22:05:243 1130 sec: 1460 operations; 1.3 current ops/sec; est completion in 31 seconds [READ: Count=13, Max=873471, Min=705024, Avg=773257.85, 90=825855, 99=873471, 99.9=873471, 99.99=873471] 
2019-05-21 06:22:15:243 1140 sec: 1473 operations; 1.3 current ops/sec; est completion in 21 seconds [READ: Count=13, Max=837119, Min=744448, Avg=776290.46, 90=821247, 99=837119, 99.9=837119, 99.99=837119] 
2019-05-21 06:22:25:245 1150 sec: 1486 operations; 1.3 current ops/sec; est completion in 11 seconds [READ: Count=13, Max=907775, Min=735744, Avg=780937.85, 90=833535, 99=907775, 99.9=907775, 99.99=907775] 
2019-05-21 06:22:35:243 1160 sec: 1499 operations; 1.3 current ops/sec; est completion in 1 second [READ: Count=13, Max=858623, Min=692736, Avg=761048.62, 90=823807, 99=858623, 99.9=858623, 99.99=858623] 
2019-05-21 06:22:35:807 1160 sec: 1500 operations; 1.77 current ops/sec; [READ: Count=1, Max=811007, Min=810496, Avg=810752, 90=811007, 99=811007, 99.9=811007, 99.99=811007] [CLEANUP: Count=1, Max=3, Min=3, Avg=3, 90=3, 99=3, 99.9=3, 99.99=3] 
