timestamp;status;request_time;upstream_response_time
1558425654.062;200;0.799;0.800
1558425654.875;200;0.768;0.768
1558425655.642;200;0.762;0.764
1558425656.478;200;0.831;0.832
1558425657.242;200;0.761;0.764
1558425657.968;200;0.723;0.724
1558425658.768;200;0.771;0.768
1558425659.605;200;0.833;0.832
1558425660.355;200;0.742;0.744
1558425661.135;200;0.769;0.768
1558425661.917;200;0.778;0.776
1558425662.810;200;0.890;0.892
1558425663.551;200;0.735;0.736
1558425664.298;200;0.740;0.741
1558425665.095;200;0.792;0.792
1558425665.934;200;0.834;0.836
1558425666.666;200;0.727;0.728
1558425667.384;200;0.714;0.712
1558425668.145;200;0.753;0.752
1558425669.004;200;0.854;0.856
1558425669.745;200;0.733;0.732
1558425670.484;200;0.736;0.736
1558425671.246;200;0.758;0.760
1558425672.055;200;0.801;0.800
1558425672.823;200;0.759;0.760
1558425673.569;200;0.741;0.740
1558425674.366;200;0.793;0.800
1558425675.218;200;0.848;0.848
1558425675.962;200;0.737;0.740
1558425676.734;200;0.767;0.768
1558425677.488;200;0.747;0.744
1558425678.323;200;0.831;0.832
1558425679.067;200;0.740;0.744
1558425679.782;200;0.711;0.712
1558425680.635;200;0.848;0.848
1558425681.465;200;0.827;0.824
1558425682.226;200;0.758;0.760
1558425682.986;200;0.757;0.760
1558425683.760;200;0.768;0.768
1558425684.656;200;0.892;0.892
1558425685.414;200;0.755;0.760
1558425686.172;200;0.754;0.756
1558425686.977;200;0.802;0.800
1558425687.842;200;0.861;0.868
1558425688.580;200;0.736;0.736
1558425689.347;200;0.763;0.764
1558425690.134;200;0.783;0.784
1558425691.018;200;0.879;0.880
1558425691.762;200;0.741;0.740
1558425692.503;200;0.738;0.736
1558425693.277;200;0.770;0.768
1558425694.114;200;0.831;0.832
1558425694.851;200;0.734;0.736
1558425695.617;200;0.762;0.760
1558425696.337;200;0.717;0.716
1558425697.164;200;0.825;0.828
1558425697.903;200;0.736;0.736
1558425698.664;200;0.758;0.756
1558425699.430;200;0.763;0.764
1558425700.256;200;0.824;0.824
1558425701.002;200;0.742;0.744
1558425701.757;200;0.753;0.752
1558425702.547;200;0.787;0.788
1558425703.455;200;0.906;0.904
1558425704.192;200;0.732;0.732
1558425704.916;200;0.721;0.720
1558425705.676;200;0.755;0.756
1558425706.514;200;0.834;0.836
1558425707.241;200;0.722;0.720
1558425707.991;200;0.747;0.748
1558425708.689;200;0.695;0.692
1558425709.539;200;0.844;0.844
1558425710.277;200;0.734;0.728
1558425711.010;200;0.730;0.736
1558425711.770;200;0.758;0.760
1558425712.592;200;0.819;0.820
1558425713.364;200;0.769;0.772
1558425714.085;200;0.717;0.720
1558425714.843;200;0.752;0.752
1558425715.682;200;0.835;0.832
1558425716.434;200;0.750;0.756
1558425717.195;200;0.759;0.760
1558425717.951;200;0.752;0.752
1558425718.808;200;0.819;0.824
1558425719.543;200;0.731;0.732
1558425720.282;200;0.736;0.740
1558425721.065;200;0.774;0.776
1558425721.907;200;0.839;0.840
1558425722.681;200;0.771;0.772
1558425723.410;200;0.726;0.732
1558425724.151;200;0.737;0.736
1558425725.016;200;0.860;0.860
1558425725.791;200;0.772;0.772
1558425726.529;200;0.735;0.736
1558425727.326;200;0.794;0.796
1558425728.146;200;0.817;0.820
1558425728.910;200;0.760;0.764
1558425729.648;200;0.734;0.736
1558425730.413;200;0.762;0.764
1558425731.237;200;0.821;0.820
1558425731.998;200;0.755;0.756
1558425732.758;200;0.758;0.760
1558425733.563;200;0.802;0.804
1558425734.407;200;0.839;0.840
1558425735.158;200;0.746;0.748
1558425735.891;200;0.728;0.728
1558425736.674;200;0.779;0.780
1558425737.524;200;0.847;0.848
1558425738.289;200;0.762;0.760
1558425739.040;200;0.748;0.752
1558425739.841;200;0.797;0.796
1558425740.644;200;0.799;0.800
1558425741.403;200;0.756;0.760
1558425742.147;200;0.740;0.740
1558425742.907;200;0.757;0.760
1558425743.724;200;0.813;0.812
1558425744.471;200;0.740;0.740
1558425745.236;200;0.758;0.756
1558425745.994;200;0.753;0.760
1558425746.863;200;0.867;0.868
1558425747.634;200;0.768;0.772
1558425748.378;200;0.741;0.744
1558425749.170;200;0.788;0.788
1558425750.018;200;0.845;0.848
1558425750.764;200;0.742;0.740
1558425751.507;200;0.738;0.740
1558425752.261;200;0.750;0.748
1558425753.145;200;0.878;0.880
1558425753.912;200;0.760;0.760
1558425754.683;200;0.768;0.772
1558425755.474;200;0.788;0.792
1558425756.267;200;0.791;0.792
1558425757.010;200;0.740;0.744
1558425757.730;200;0.714;0.716
1558425758.495;200;0.761;0.760
1558425759.322;200;0.824;0.828
1558425760.075;200;0.751;0.752
1558425760.822;200;0.744;0.748
1558425761.644;200;0.820;0.820
1558425762.460;200;0.813;0.808
1558425763.224;200;0.760;0.760
1558425763.947;200;0.719;0.724
1558425764.729;200;0.777;0.776
1558425765.558;200;0.826;0.832
1558425766.294;200;0.731;0.732
1558425767.024;200;0.727;0.728
1558425767.774;200;0.746;0.748
1558425768.619;200;0.843;0.844
1558425769.378;200;0.756;0.760
1558425770.104;200;0.723;0.724
1558425770.897;200;0.789;0.792
1558425771.706;200;0.806;0.808
1558425772.468;200;0.760;0.764
1558425773.233;200;0.763;0.764
1558425774.010;200;0.773;0.780
1558425774.841;200;0.828;0.828
1558425775.602;200;0.759;0.764
1558425776.331;200;0.726;0.728
1558425777.127;200;0.793;0.796
1558425777.950;200;0.820;0.824
1558425778.680;200;0.728;0.728
1558425779.413;200;0.729;0.732
1558425780.210;200;0.793;0.800
1558425781.020;200;0.806;0.808
1558425781.764;200;0.740;0.744
1558425782.495;200;0.727;0.732
1558425783.314;200;0.816;0.816
1558425784.158;200;0.838;0.840
1558425784.902;200;0.741;0.744
1558425785.639;200;0.735;0.732
1558425786.415;200;0.772;0.776
1558425787.216;200;0.797;0.796
1558425787.950;200;0.731;0.736
1558425788.663;200;0.709;0.708
1558425789.452;200;0.786;0.788
1558425790.275;200;0.820;0.824
1558425791.019;200;0.740;0.740
1558425791.737;200;0.715;0.716
1558425792.512;200;0.773;0.776
1558425793.340;200;0.824;0.824
1558425794.092;200;0.748;0.748
1558425794.822;200;0.726;0.732
1558425795.577;200;0.753;0.752
1558425796.395;200;0.815;0.816
1558425797.126;200;0.729;0.732
1558425797.879;200;0.750;0.752
1558425798.691;200;0.808;0.812
1558425799.527;200;0.833;0.836
1558425800.258;200;0.728;0.728
1558425801.000;200;0.738;0.740
1558425801.813;200;0.803;0.804
1558425802.655;200;0.839;0.840
1558425803.400;200;0.742;0.744
1558425804.159;200;0.750;0.752
1558425804.906;200;0.744;0.748
1558425805.736;200;0.827;0.828
1558425806.494;200;0.756;0.756
1558425807.227;200;0.729;0.732
1558425808.005;200;0.774;0.776
1558425808.818;200;0.810;0.816
1558425809.568;200;0.744;0.748
1558425810.327;200;0.752;0.752
1558425811.154;200;0.823;0.824
1558425811.988;200;0.830;0.828
1558425812.736;200;0.741;0.744
1558425813.489;200;0.749;0.752
1558425814.328;200;0.833;0.836
1558425815.184;200;0.852;0.852
1558425815.918;200;0.732;0.736
1558425816.691;200;0.768;0.772
1558425817.458;200;0.765;0.764
1558425818.299;200;0.837;0.840
1558425819.082;200;0.775;0.780
1558425819.812;200;0.727;0.728
1558425820.583;200;0.763;0.768
1558425821.422;200;0.835;0.840
1558425822.165;200;0.741;0.740
1558425822.864;200;0.696;0.700
1558425823.675;200;0.806;0.812
1558425824.552;200;0.873;0.876
1558425825.304;200;0.749;0.752
1558425826.035;200;0.725;0.728
1558425826.823;200;0.785;0.788
1558425827.664;200;0.838;0.836
1558425828.417;200;0.745;0.748
1558425829.199;200;0.780;0.784
1558425829.946;200;0.744;0.748
1558425830.781;200;0.832;0.828
1558425831.529;200;0.745;0.748
1558425832.254;200;0.722;0.728
1558425833.022;200;0.765;0.768
1558425833.857;200;0.831;0.832
1558425834.594;200;0.735;0.740
1558425835.326;200;0.728;0.732
1558425836.086;200;0.758;0.760
1558425836.900;200;0.811;0.812
1558425837.647;200;0.744;0.744
1558425838.404;200;0.751;0.752
1558425839.190;200;0.782;0.788
1558425840.003;200;0.808;0.812
1558425840.742;200;0.735;0.736
1558425841.488;200;0.742;0.740
1558425842.246;200;0.751;0.752
1558425843.084;200;0.826;0.828
1558425843.819;200;0.726;0.728
1558425844.586;200;0.760;0.760
1558425845.387;200;0.798;0.800
1558425846.216;200;0.825;0.828
1558425846.980;200;0.761;0.760
1558425847.717;200;0.732;0.732
1558425848.478;200;0.751;0.756
1558425849.334;200;0.839;0.844
1558425850.091;200;0.753;0.756
1558425850.867;200;0.772;0.776
1558425851.634;200;0.761;0.768
1558425852.439;200;0.802;0.804
1558425853.170;200;0.728;0.732
1558425853.929;200;0.754;0.756
1558425854.740;200;0.804;0.808
1558425855.533;200;0.790;0.788
1558425856.268;200;0.733;0.736
1558425856.987;200;0.713;0.716
1558425857.799;200;0.810;0.812
1558425858.671;200;0.870;0.872
1558425859.412;200;0.738;0.740
1558425860.159;200;0.744;0.748
1558425860.968;200;0.806;0.808
1558425861.771;200;0.800;0.804
1558425862.524;200;0.749;0.752
1558425863.256;200;0.728;0.732
1558425864.014;200;0.754;0.760
1558425864.809;200;0.791;0.792
1558425865.555;200;0.743;0.744
1558425866.299;200;0.741;0.740
1558425867.087;200;0.786;0.792
1558425867.887;200;0.796;0.800
1558425868.664;200;0.774;0.772
1558425869.415;200;0.748;0.752
1558425870.215;200;0.796;0.800
1558425871.022;200;0.804;0.804
1558425871.758;200;0.734;0.736
1558425872.500;200;0.740;0.744
1558425873.254;200;0.751;0.756
1558425874.163;200;0.905;0.908
1558425874.921;200;0.755;0.756
1558425875.699;200;0.776;0.780
1558425876.459;200;0.757;0.760
1558425877.270;200;0.807;0.808
1558425878.033;200;0.761;0.764
1558425878.774;200;0.738;0.740
1558425879.551;200;0.775;0.780
1558425880.367;200;0.813;0.816
1558425881.128;200;0.759;0.760
1558425881.893;200;0.762;0.764
1558425882.640;200;0.744;0.748
1558425883.454;200;0.810;0.816
1558425884.203;200;0.745;0.748
1558425884.950;200;0.744;0.748
1558425885.695;200;0.742;0.744
1558425886.539;200;0.841;0.844
1558425887.255;200;0.710;0.716
1558425888.020;200;0.762;0.764
1558425888.801;200;0.777;0.780
1558425889.630;200;0.826;0.832
1558425890.358;200;0.726;0.728
1558425891.108;200;0.748;0.748
1558425891.866;200;0.755;0.756
1558425892.680;200;0.812;0.816
1558425893.430;200;0.747;0.748
1558425894.192;200;0.757;0.760
1558425894.954;200;0.758;0.760
1558425895.838;200;0.882;0.880
1558425896.561;200;0.721;0.724
1558425897.289;200;0.725;0.724
1558425898.036;200;0.744;0.748
1558425898.833;200;0.794;0.796
1558425899.571;200;0.735;0.740
1558425900.315;200;0.740;0.744
1558425901.116;200;0.798;0.800
1558425901.969;200;0.851;0.852
1558425902.708;200;0.732;0.736
1558425903.413;200;0.702;0.704
1558425904.172;200;0.752;0.752
1558425904.992;200;0.817;0.820
1558425905.738;200;0.741;0.744
1558425906.507;200;0.766;0.768
1558425907.276;200;0.765;0.768
1558425908.094;200;0.815;0.820
1558425908.831;200;0.734;0.736
1558425909.612;200;0.780;0.780
1558425910.302;200;0.687;0.688
1558425911.143;200;0.839;0.844
1558425911.895;200;0.749;0.752
1558425912.651;200;0.754;0.756
1558425913.420;200;0.765;0.768
1558425914.260;200;0.836;0.840
1558425915.022;200;0.760;0.760
1558425915.731;200;0.707;0.708
1558425916.475;200;0.742;0.744
1558425917.344;200;0.867;0.868
1558425918.080;200;0.733;0.736
1558425918.829;200;0.744;0.744
1558425919.568;200;0.737;0.740
1558425920.383;200;0.811;0.816
1558425921.134;200;0.748;0.748
1558425921.879;200;0.743;0.748
1558425922.636;200;0.755;0.756
1558425923.470;200;0.831;0.832
1558425924.225;200;0.753;0.756
1558425924.935;200;0.707;0.712
1558425925.707;200;0.768;0.772
1558425926.492;200;0.780;0.784
1558425927.244;200;0.750;0.752
1558425927.968;200;0.719;0.724
1558425928.722;200;0.750;0.752
1558425929.569;200;0.844;0.848
1558425930.388;200;0.816;0.820
1558425931.144;200;0.752;0.756
1558425931.887;200;0.740;0.744
1558425932.710;200;0.818;0.816
1558425933.457;200;0.745;0.748
1558425934.207;200;0.746;0.752
1558425934.994;200;0.783;0.784
1558425935.812;200;0.814;0.816
1558425936.577;200;0.762;0.764
1558425937.295;200;0.715;0.720
1558425938.053;200;0.756;0.756
1558425938.876;200;0.820;0.824
1558425939.612;200;0.733;0.736
1558425940.350;200;0.735;0.736
1558425941.096;200;0.745;0.748
1558425941.935;200;0.837;0.840
1558425942.675;200;0.738;0.736
1558425943.406;200;0.727;0.728
1558425944.195;200;0.785;0.788
1558425945.060;200;0.863;0.864
1558425945.828;200;0.765;0.768
1558425946.599;200;0.768;0.772
1558425947.405;200;0.802;0.804
1558425948.340;200;0.931;0.928
1558425949.052;200;0.709;0.712
1558425949.799;200;0.742;0.748
1558425950.598;200;0.796;0.796
1558425951.455;200;0.853;0.856
1558425952.192;200;0.734;0.736
1558425952.981;200;0.785;0.788
1558425953.738;200;0.754;0.756
1558425954.571;200;0.827;0.832
1558425955.335;200;0.762;0.764
1558425956.077;200;0.739;0.740
1558425956.823;200;0.742;0.748
1558425957.698;200;0.871;0.876
1558425958.469;200;0.769;0.768
1558425959.223;200;0.751;0.756
1558425959.976;200;0.749;0.752
1558425960.819;200;0.840;0.844
1558425961.589;200;0.768;0.769
1558425962.327;200;0.734;0.740
1558425963.080;200;0.750;0.752
1558425963.932;200;0.847;0.852
1558425964.696;200;0.759;0.764
1558425965.451;200;0.752;0.756
1558425966.208;200;0.752;0.752
1558425967.058;200;0.846;0.848
1558425967.824;200;0.763;0.768
1558425968.569;200;0.740;0.740
1558425969.344;200;0.773;0.776
1558425970.155;200;0.808;0.812
1558425970.934;200;0.776;0.776
1558425971.659;200;0.722;0.724
1558425972.471;200;0.811;0.816
1558425973.304;200;0.830;0.832
1558425974.081;200;0.773;0.776
1558425974.811;200;0.726;0.732
1558425975.599;200;0.786;0.788
1558425976.427;200;0.824;0.828
1558425977.170;200;0.741;0.740
1558425977.914;200;0.742;0.744
1558425978.710;200;0.794;0.796
1558425979.531;200;0.819;0.824
1558425980.262;200;0.728;0.728
1558425980.990;200;0.726;0.728
1558425981.754;200;0.762;0.764
1558425982.571;200;0.813;0.816
1558425983.324;200;0.749;0.752
1558425984.059;200;0.731;0.736
1558425984.805;200;0.743;0.744
1558425985.636;200;0.829;0.832
1558425986.391;200;0.752;0.756
1558425987.146;200;0.754;0.756
1558425987.953;200;0.804;0.804
1558425988.796;200;0.839;0.840
1558425989.523;200;0.724;0.728
1558425990.252;200;0.725;0.728
1558425991.016;200;0.762;0.764
1558425991.819;200;0.800;0.804
1558425992.582;200;0.761;0.760
1558425993.307;200;0.722;0.728
1558425994.080;200;0.768;0.772
1558425994.947;200;0.864;0.868
1558425995.691;200;0.742;0.744
1558425996.430;200;0.736;0.736
1558425997.172;200;0.739;0.744
1558425997.984;200;0.810;0.812
1558425998.735;200;0.747;0.748
1558425999.497;200;0.759;0.756
1558426000.260;200;0.755;0.760
1558426001.079;200;0.815;0.820
1558426001.834;200;0.753;0.752
1558426002.630;200;0.794;0.796
1558426003.391;200;0.759;0.764
1558426004.259;200;0.864;0.868
1558426005.009;200;0.744;0.744
1558426005.746;200;0.735;0.736
1558426006.550;200;0.799;0.796
1558426007.379;200;0.824;0.828
1558426008.119;200;0.737;0.740
1558426008.914;200;0.791;0.792
1558426009.675;200;0.759;0.760
1558426010.506;200;0.827;0.828
1558426011.279;200;0.771;0.776
1558426012.039;200;0.757;0.760
1558426012.813;200;0.772;0.772
1558426013.645;200;0.830;0.832
1558426014.395;200;0.746;0.744
1558426015.188;200;0.789;0.792
1558426015.959;200;0.768;0.768
1558426016.776;200;0.813;0.816
1558426017.520;200;0.741;0.744
1558426018.245;200;0.722;0.724
1558426019.034;200;0.785;0.788
1558426019.848;200;0.812;0.816
1558426020.594;200;0.743;0.744
1558426021.370;200;0.773;0.772
1558426022.136;200;0.764;0.764
1558426022.990;200;0.851;0.852
1558426023.750;200;0.758;0.760
1558426024.498;200;0.746;0.748
1558426025.262;200;0.762;0.764
1558426026.087;200;0.823;0.828
1558426026.821;200;0.731;0.732
1558426027.564;200;0.740;0.744
1558426028.323;200;0.756;0.760
1558426029.132;200;0.807;0.808
1558426029.903;200;0.768;0.772
1558426030.668;200;0.762;0.760
1558426031.462;200;0.792;0.792
1558426032.284;200;0.820;0.820
1558426033.019;200;0.732;0.736
1558426033.774;200;0.752;0.752
1558426034.584;200;0.808;0.812
1558426035.401;200;0.811;0.812
1558426036.152;200;0.748;0.752
1558426036.902;200;0.747;0.748
1558426037.662;200;0.757;0.760
1558426038.506;200;0.842;0.844
1558426039.247;200;0.739;0.744
1558426039.976;200;0.726;0.728
1558426040.770;200;0.790;0.792
1558426041.594;200;0.820;0.820
1558426042.346;200;0.747;0.748
1558426043.075;200;0.727;0.732
1558426043.850;200;0.771;0.772
1558426044.703;200;0.850;0.856
1558426045.452;200;0.746;0.748
1558426046.210;200;0.755;0.756
1558426046.960;200;0.748;0.752
1558426047.787;200;0.824;0.828
1558426048.546;200;0.756;0.756
1558426049.284;200;0.735;0.740
1558426050.032;200;0.743;0.744
1558426050.854;200;0.816;0.816
1558426051.602;200;0.744;0.744
1558426052.351;200;0.745;0.748
1558426053.094;200;0.741;0.740
1558426053.963;200;0.866;0.868
1558426054.715;200;0.750;0.752
1558426055.444;200;0.726;0.728
1558426056.179;200;0.732;0.736
1558426057.013;200;0.830;0.832
1558426057.780;200;0.764;0.768
1558426058.552;200;0.768;0.768
1558426059.300;200;0.743;0.748
1558426060.131;200;0.828;0.832
1558426060.867;200;0.734;0.736
1558426061.619;200;0.750;0.752
1558426062.386;200;0.762;0.764
1558426063.206;200;0.817;0.820
1558426063.984;200;0.774;0.776
1558426064.727;200;0.740;0.740
1558426065.518;200;0.788;0.788
1558426066.324;200;0.803;0.808
1558426067.067;200;0.740;0.744
1558426067.836;200;0.764;0.768
1558426068.644;200;0.804;0.808
1558426069.476;200;0.829;0.832
1558426070.218;200;0.739;0.740
1558426070.952;200;0.732;0.736
1558426071.722;200;0.766;0.768
1558426072.583;200;0.859;0.864
1558426073.326;200;0.741;0.740
1558426074.088;200;0.758;0.760
1558426074.858;200;0.767;0.768
1558426075.671;200;0.811;0.812
1558426076.430;200;0.756;0.756
1558426077.187;200;0.755;0.760
1558426077.876;200;0.685;0.688
1558426078.703;200;0.823;0.828
1558426079.462;200;0.757;0.756
1558426080.216;200;0.752;0.756
1558426080.920;200;0.700;0.704
1558426081.737;200;0.814;0.816
1558426082.470;200;0.730;0.732
1558426083.201;200;0.729;0.732
1558426083.983;200;0.779;0.784
1558426084.820;200;0.833;0.836
1558426085.582;200;0.760;0.760
1558426086.318;200;0.734;0.736
1558426087.081;200;0.760;0.764
1558426087.894;200;0.810;0.812
1558426088.626;200;0.730;0.732
1558426089.368;200;0.739;0.740
1558426090.155;200;0.783;0.788
1558426090.981;200;0.821;0.824
1558426091.768;200;0.785;0.788
1558426092.512;200;0.742;0.744
1558426093.278;200;0.764;0.764
1558426094.080;200;0.798;0.800
1558426094.825;200;0.743;0.744
1558426095.576;200;0.749;0.748
1558426096.328;200;0.749;0.752
1558426097.154;200;0.823;0.824
1558426097.905;200;0.749;0.752
1558426098.632;200;0.725;0.728
1558426099.379;200;0.744;0.744
1558426100.192;200;0.811;0.812
1558426100.951;200;0.756;0.760
1558426101.699;200;0.746;0.744
1558426102.452;200;0.749;0.752
1558426103.270;200;0.815;0.816
1558426104.017;200;0.744;0.744
1558426104.770;200;0.751;0.752
1558426105.520;200;0.748;0.748
1558426106.307;200;0.784;0.784
1558426107.047;200;0.737;0.740
1558426107.780;200;0.730;0.732
1558426108.525;200;0.743;0.740
1558426109.368;200;0.841;0.844
1558426110.112;200;0.741;0.744
1558426110.842;200;0.728;0.728
1558426111.598;200;0.754;0.756
1558426112.435;200;0.834;0.836
1558426113.180;200;0.743;0.748
1558426113.932;200;0.749;0.752
1558426114.681;200;0.747;0.748
1558426115.499;200;0.815;0.820
1558426116.241;200;0.739;0.740
1558426116.974;200;0.731;0.732
1558426117.759;200;0.783;0.784
1558426118.568;200;0.805;0.808
1558426119.298;200;0.723;0.724
1558426120.006;200;0.706;0.708
1558426120.808;200;0.800;0.804
1558426121.630;200;0.819;0.820
1558426122.404;200;0.772;0.772
1558426123.140;200;0.733;0.736
1558426123.906;200;0.762;0.764
1558426124.736;200;0.828;0.832
1558426125.492;200;0.753;0.756
1558426126.207;200;0.712;0.716
1558426126.962;200;0.752;0.752
1558426127.783;200;0.819;0.824
1558426128.524;200;0.739;0.740
1558426129.275;200;0.748;0.748
1558426130.028;200;0.750;0.752
1558426130.835;200;0.804;0.804
1558426131.617;200;0.780;0.784
1558426132.378;200;0.758;0.760
1558426133.152;200;0.771;0.776
1558426133.996;200;0.841;0.844
1558426134.770;200;0.771;0.772
1558426135.532;200;0.760;0.764
1558426136.275;200;0.740;0.744
1558426137.101;200;0.824;0.824
1558426137.846;200;0.743;0.744
1558426138.635;200;0.787;0.792
1558426139.412;200;0.773;0.776
1558426140.209;200;0.795;0.796
1558426140.937;200;0.725;0.728
1558426141.678;200;0.738;0.740
1558426142.445;200;0.765;0.768
1558426143.284;200;0.836;0.840
1558426144.013;200;0.725;0.724
1558426144.785;200;0.769;0.772
1558426145.530;200;0.742;0.744
1558426146.339;200;0.807;0.808
1558426147.079;200;0.736;0.740
1558426147.835;200;0.753;0.752
1558426148.562;200;0.725;0.728
1558426149.399;200;0.834;0.840
1558426150.173;200;0.763;0.764
1558426150.919;200;0.743;0.748
1558426151.698;200;0.776;0.776
1558426152.505;200;0.805;0.804
1558426153.258;200;0.751;0.752
1558426154.007;200;0.747;0.748
1558426154.777;200;0.767;0.768
1558426155.605;200;0.822;0.824
1558426156.354;200;0.747;0.748
1558426157.084;200;0.728;0.732
1558426157.793;200;0.706;0.708
1558426158.615;200;0.819;0.824
1558426159.344;200;0.726;0.728
1558426160.110;200;0.763;0.764
1558426160.914;200;0.802;0.804
1558426161.700;200;0.784;0.784
1558426162.435;200;0.733;0.732
1558426163.179;200;0.741;0.744
1558426163.899;200;0.716;0.716
1558426164.685;200;0.784;0.788
1558426165.419;200;0.732;0.732
1558426166.173;200;0.751;0.752
1558426166.966;200;0.791;0.792
1558426167.770;200;0.801;0.804
1558426168.520;200;0.748;0.748
1558426169.259;200;0.736;0.740
1558426170.024;200;0.761;0.764
1558426170.839;200;0.812;0.816
1558426171.569;200;0.727;0.728
1558426172.320;200;0.749;0.748
1558426173.100;200;0.778;0.780
1558426173.966;200;0.860;0.860
1558426174.696;200;0.727;0.732
1558426175.408;200;0.709;0.712
1558426176.218;200;0.808;0.808
1558426177.016;200;0.796;0.800
1558426177.764;200;0.746;0.748
1558426178.472;200;0.705;0.708
1558426179.235;200;0.760;0.760
1558426180.047;200;0.810;0.812
1558426180.772;200;0.722;0.724
1558426181.534;200;0.760;0.760
1558426182.304;200;0.768;0.772
1558426183.126;200;0.819;0.820
1558426183.873;200;0.745;0.748
1558426184.607;200;0.731;0.736
1558426185.361;200;0.751;0.752
1558426186.180;200;0.816;0.820
1558426186.914;200;0.730;0.732
1558426187.650;200;0.734;0.736
1558426188.439;200;0.787;0.788
1558426189.372;200;0.930;0.932
1558426190.108;200;0.732;0.732
1558426190.847;200;0.737;0.740
1558426191.622;200;0.772;0.772
1558426192.431;200;0.807;0.808
1558426193.194;200;0.761;0.764
1558426193.963;200;0.767;0.768
1558426194.722;200;0.757;0.760
1558426195.587;200;0.863;0.868
1558426196.311;200;0.720;0.724
1558426197.112;200;0.797;0.800
1558426197.881;200;0.766;0.768
1558426198.697;200;0.813;0.816
1558426199.450;200;0.751;0.752
1558426200.223;200;0.771;0.776
1558426200.996;200;0.770;0.772
1558426201.841;200;0.842;0.844
1558426202.584;200;0.741;0.744
1558426203.389;200;0.803;0.804
1558426204.160;200;0.766;0.768
1558426204.982;200;0.819;0.820
1558426205.704;200;0.720;0.720
1558426206.477;200;0.769;0.772
1558426207.248;200;0.768;0.772
1558426208.054;200;0.802;0.804
1558426208.792;200;0.736;0.740
1558426209.555;200;0.759;0.760
1558426210.358;200;0.797;0.800
1558426211.184;200;0.823;0.828
1558426211.984;200;0.798;0.800
1558426212.711;200;0.726;0.724
1558426213.419;200;0.704;0.704
1558426214.246;200;0.823;0.824
1558426215.005;200;0.757;0.760
1558426215.732;200;0.725;0.728
1558426216.507;200;0.772;0.772
1558426217.340;200;0.830;0.832
1558426218.078;200;0.735;0.736
1558426218.802;200;0.722;0.724
1558426219.602;200;0.772;0.772
1558426220.396;200;0.792;0.796
1558426221.176;200;0.778;0.776
1558426221.926;200;0.748;0.748
1558426222.631;200;0.703;0.704
1558426223.454;200;0.820;0.820
1558426224.208;200;0.750;0.752
1558426224.942;200;0.730;0.732
1558426225.702;200;0.758;0.760
1558426226.539;200;0.835;0.836
1558426227.298;200;0.756;0.756
1558426228.050;200;0.750;0.752
1558426228.794;200;0.741;0.744
1558426229.618;200;0.821;0.820
1558426230.334;200;0.714;0.716
1558426231.115;200;0.779;0.780
1558426231.870;200;0.753;0.752
1558426232.724;200;0.852;0.856
1558426233.487;200;0.760;0.764
1558426234.247;200;0.756;0.756
1558426235.003;200;0.754;0.756
1558426235.821;200;0.815;0.816
1558426236.591;200;0.767;0.768
1558426237.373;200;0.779;0.780
1558426238.155;200;0.779;0.780
1558426238.956;200;0.798;0.800
1558426239.684;200;0.726;0.728
1558426240.418;200;0.731;0.732
1558426241.174;200;0.754;0.756
1558426242.011;200;0.835;0.836
1558426242.774;200;0.761;0.764
1558426243.524;200;0.748;0.748
1558426244.330;200;0.802;0.804
1558426245.155;200;0.823;0.824
1558426245.908;200;0.751;0.756
1558426246.648;200;0.736;0.740
1558426247.416;200;0.763;0.768
1558426248.267;200;0.847;0.848
1558426249.042;200;0.771;0.772
1558426249.786;200;0.742;0.744
1558426250.581;200;0.793;0.796
1558426251.470;200;0.887;0.888
1558426252.216;200;0.744;0.748
1558426252.980;200;0.762;0.764
1558426253.750;200;0.767;0.768
1558426254.564;200;0.812;0.816
1558426255.336;200;0.765;0.768
1558426256.109;200;0.770;0.772
1558426256.863;200;0.752;0.752
1558426257.675;200;0.809;0.809
1558426258.436;200;0.758;0.756
1558426259.163;200;0.725;0.728
1558426259.980;200;0.813;0.816
1558426260.783;200;0.800;0.804
1558426261.530;200;0.743;0.744
1558426262.287;200;0.755;0.756
1558426263.097;200;0.808;0.808
1558426263.921;200;0.821;0.824
1558426264.663;200;0.740;0.740
1558426265.435;200;0.768;0.768
1558426266.127;200;0.690;0.688
1558426266.961;200;0.831;0.832
1558426267.697;200;0.734;0.736
1558426268.454;200;0.755;0.756
1558426269.175;200;0.718;0.720
1558426270.001;200;0.823;0.824
1558426270.776;200;0.773;0.772
1558426271.560;200;0.781;0.784
1558426272.363;200;0.799;0.800
1558426273.184;200;0.819;0.824
1558426273.931;200;0.740;0.740
1558426274.658;200;0.723;0.724
1558426275.420;200;0.760;0.764
1558426276.232;200;0.808;0.808
1558426276.976;200;0.742;0.740
1558426277.745;200;0.767;0.768
1558426278.508;200;0.755;0.752
1558426279.340;200;0.828;0.832
1558426280.090;200;0.747;0.748
1558426280.824;200;0.732;0.736
1558426281.647;200;0.820;0.820
1558426282.446;200;0.797;0.800
1558426283.209;200;0.761;0.764
1558426283.995;200;0.781;0.780
1558426284.779;200;0.780;0.780
1558426285.603;200;0.820;0.820
1558426286.354;200;0.749;0.752
1558426287.087;200;0.731;0.736
1558426287.901;200;0.811;0.812
1558426288.728;200;0.825;0.828
1558426289.482;200;0.751;0.752
1558426290.211;200;0.728;0.728
1558426290.975;200;0.763;0.768
1558426291.815;200;0.837;0.836
1558426292.560;200;0.742;0.744
1558426293.308;200;0.744;0.748
1558426294.121;200;0.809;0.812
1558426294.952;200;0.828;0.832
1558426295.702;200;0.747;0.748
1558426296.470;200;0.765;0.768
1558426297.243;200;0.771;0.776
1558426298.058;200;0.812;0.812
1558426298.805;200;0.745;0.748
1558426299.513;200;0.705;0.708
1558426300.282;200;0.766;0.768
1558426301.095;200;0.811;0.812
1558426301.870;200;0.773;0.776
1558426302.626;200;0.753;0.756
1558426303.412;200;0.784;0.788
1558426304.255;200;0.837;0.836
1558426305.009;200;0.752;0.756
1558426305.721;200;0.709;0.708
1558426306.482;200;0.758;0.760
1558426307.295;200;0.810;0.808
1558426308.046;200;0.748;0.748
1558426308.761;200;0.712;0.712
1558426309.530;200;0.765;0.768
1558426310.345;200;0.812;0.812
1558426311.104;200;0.756;0.756
1558426311.891;200;0.783;0.784
1558426312.659;200;0.764;0.764
1558426313.482;200;0.820;0.820
1558426314.242;200;0.755;0.756
1558426315.000;200;0.754;0.756
1558426315.741;200;0.738;0.740
1558426316.562;200;0.818;0.820
1558426317.336;200;0.772;0.776
1558426318.131;200;0.791;0.792
1558426318.946;200;0.810;0.812
1558426319.743;200;0.795;0.796
1558426320.461;200;0.716;0.720
1558426321.196;200;0.733;0.732
1558426322.003;200;0.804;0.804
1558426322.850;200;0.845;0.848
1558426323.607;200;0.755;0.756
1558426324.398;200;0.788;0.788
1558426325.175;200;0.775;0.776
1558426325.994;200;0.818;0.820
1558426326.759;200;0.761;0.760
1558426327.472;200;0.711;0.716
1558426328.242;200;0.768;0.768
1558426329.079;200;0.834;0.836
1558426329.844;200;0.764;0.768
1558426330.594;200;0.747;0.748
1558426331.387;200;0.791;0.792
1558426332.194;200;0.805;0.804
1558426333.002;200;0.806;0.808
1558426333.772;200;0.766;0.768
1558426334.605;200;0.830;0.832
1558426335.429;200;0.821;0.824
1558426336.208;200;0.777;0.776
1558426336.968;200;0.757;0.760
1558426337.734;200;0.764;0.764
1558426338.574;200;0.838;0.840
1558426339.336;200;0.760;0.764
1558426340.067;200;0.728;0.728
1558426340.862;200;0.791;0.792
1558426341.711;200;0.847;0.848
1558426342.465;200;0.750;0.752
1558426343.202;200;0.735;0.736
1558426343.992;200;0.787;0.788
1558426344.806;200;0.810;0.812
1558426345.544;200;0.737;0.736
1558426346.291;200;0.743;0.744
1558426347.051;200;0.758;0.756
1558426347.866;200;0.808;0.808
1558426348.594;200;0.726;0.728
1558426349.322;200;0.725;0.724
1558426350.108;200;0.784;0.788
1558426350.923;200;0.809;0.808
1558426351.670;200;0.743;0.744
1558426352.406;200;0.735;0.736
1558426353.183;200;0.773;0.772
1558426353.994;200;0.806;0.808
1558426354.730;200;0.734;0.736
1558426355.490;200;0.758;0.760
1558426356.271;200;0.779;0.780
1558426357.088;200;0.815;0.820
1558426357.833;200;0.742;0.744
1558426358.562;200;0.727;0.728
1558426359.325;200;0.761;0.764
1558426360.154;200;0.827;0.828
1558426360.912;200;0.756;0.760
1558426361.662;200;0.747;0.748
1558426362.455;200;0.791;0.792
1558426363.289;200;0.831;0.832
1558426364.036;200;0.744;0.744
1558426364.768;200;0.728;0.728
1558426365.515;200;0.744;0.744
1558426366.341;200;0.823;0.820
1558426367.074;200;0.731;0.732
1558426367.810;200;0.734;0.736
1558426368.577;200;0.765;0.768
1558426369.404;200;0.825;0.828
1558426370.148;200;0.742;0.744
1558426370.878;200;0.728;0.728
1558426371.583;200;0.704;0.704
1558426372.460;200;0.875;0.876
1558426373.204;200;0.741;0.744
1558426373.963;200;0.755;0.756
1558426374.720;200;0.755;0.752
1558426375.542;200;0.819;0.820
1558426376.304;200;0.761;0.764
1558426377.043;200;0.736;0.736
1558426377.799;200;0.753;0.752
1558426378.620;200;0.819;0.824
1558426379.359;200;0.737;0.736
1558426380.080;200;0.718;0.720
1558426380.898;200;0.811;0.812
1558426381.707;200;0.806;0.808
1558426382.453;200;0.744;0.744
1558426383.203;200;0.748;0.748
1558426384.005;200;0.799;0.800
1558426384.814;200;0.807;0.808
1558426385.551;200;0.735;0.736
1558426386.309;200;0.754;0.756
1558426387.069;200;0.757;0.760
1558426387.896;200;0.824;0.828
1558426388.622;200;0.722;0.724
1558426389.386;200;0.762;0.764
1558426390.143;200;0.756;0.756
1558426390.934;200;0.789;0.792
1558426391.680;200;0.744;0.744
1558426392.445;200;0.762;0.764
1558426393.176;200;0.729;0.728
1558426394.025;200;0.846;0.848
1558426394.776;200;0.749;0.748
1558426395.500;200;0.721;0.724
1558426396.202;200;0.699;0.700
1558426397.014;200;0.810;0.812
1558426397.773;200;0.757;0.760
1558426398.534;200;0.759;0.760
1558426399.348;200;0.812;0.816
1558426400.170;200;0.820;0.820
1558426400.915;200;0.743;0.744
1558426401.649;200;0.731;0.732
1558426402.408;200;0.757;0.760
1558426403.239;200;0.827;0.828
1558426404.003;200;0.761;0.760
1558426404.736;200;0.729;0.728
1558426405.532;200;0.793;0.792
1558426406.330;200;0.795;0.796
1558426407.070;200;0.738;0.740
1558426407.787;200;0.714;0.716
1558426408.588;200;0.799;0.800
1558426409.415;200;0.824;0.824
1558426410.152;200;0.734;0.732
1558426410.884;200;0.727;0.724
1558426411.656;200;0.770;0.768
1558426412.476;200;0.817;0.816
1558426413.222;200;0.743;0.744
1558426413.949;200;0.724;0.728
1558426414.699;200;0.748;0.748
1558426415.525;200;0.823;0.820
1558426416.261;200;0.734;0.736
1558426416.966;200;0.702;0.704
1558426417.671;200;0.703;0.704
1558426418.492;200;0.817;0.816
1558426419.250;200;0.755;0.756
1558426419.981;200;0.729;0.732
1558426420.760;200;0.777;0.776
1558426421.596;200;0.834;0.836
1558426422.337;200;0.739;0.740
1558426423.069;200;0.730;0.732
1558426423.903;200;0.831;0.832
1558426424.710;200;0.804;0.804
1558426425.440;200;0.728;0.732
1558426426.183;200;0.740;0.740
1558426426.968;200;0.781;0.780
1558426427.823;200;0.853;0.852
1558426428.539;200;0.708;0.708
1558426429.284;200;0.742;0.740
1558426430.033;200;0.745;0.748
1558426430.898;200;0.861;0.864
1558426431.648;200;0.747;0.748
1558426432.398;200;0.748;0.748
1558426433.217;200;0.817;0.820
1558426434.059;200;0.839;0.840
1558426434.806;200;0.745;0.744
1558426435.533;200;0.725;0.724
1558426436.279;200;0.744;0.744
1558426437.136;200;0.856;0.860
1558426437.871;200;0.732;0.732
1558426438.650;200;0.775;0.776
1558426439.399;200;0.747;0.748
1558426440.214;200;0.813;0.816
1558426440.953;200;0.737;0.740
1558426441.676;200;0.721;0.720
1558426442.456;200;0.777;0.776
1558426443.327;200;0.869;0.868
1558426444.071;200;0.739;0.740
1558426444.816;200;0.743;0.744
1558426445.572;200;0.754;0.756
1558426446.421;200;0.845;0.848
1558426447.169;200;0.745;0.748
1558426447.903;200;0.732;0.732
1558426448.661;200;0.756;0.760
1558426449.447;200;0.784;0.784
1558426450.198;200;0.749;0.752
1558426450.940;200;0.740;0.744
1558426451.719;200;0.776;0.776
1558426452.541;200;0.807;0.804
1558426453.353;200;0.810;0.812
1558426454.095;200;0.739;0.740
1558426454.884;200;0.787;0.784
1558426455.707;200;0.817;0.816
1558426456.477;200;0.767;0.768
1558426457.230;200;0.749;0.752
1558426458.004;200;0.770;0.768
1558426458.828;200;0.819;0.820
1558426459.578;200;0.748;0.748
1558426460.308;200;0.728;0.728
1558426461.080;200;0.770;0.772
1558426461.896;200;0.813;0.812
1558426462.642;200;0.744;0.744
1558426463.398;200;0.755;0.756
1558426464.171;200;0.771;0.772
1558426464.996;200;0.823;0.828
1558426465.756;200;0.758;0.760
1558426466.492;200;0.729;0.728
1558426467.265;200;0.771;0.768
1558426468.063;200;0.796;0.796
1558426468.804;200;0.740;0.744
1558426469.552;200;0.746;0.744
1558426470.277;200;0.723;0.724
1558426471.082;200;0.802;0.804
1558426471.831;200;0.748;0.748
1558426472.568;200;0.734;0.736
1558426473.346;200;0.775;0.776
1558426474.178;200;0.829;0.832
1558426474.942;200;0.762;0.764
1558426475.682;200;0.738;0.740
1558426476.424;200;0.740;0.740
1558426477.218;200;0.793;0.792
1558426477.958;200;0.738;0.740
1558426478.721;200;0.761;0.760
1558426479.466;200;0.742;0.744
1558426480.291;200;0.824;0.824
1558426481.042;200;0.748;0.748
1558426481.779;200;0.736;0.736
1558426482.560;200;0.780;0.784
1558426483.395;200;0.830;0.832
1558426484.150;200;0.751;0.752
1558426484.873;200;0.721;0.724
1558426485.636;200;0.760;0.764
1558426486.447;200;0.808;0.808
1558426487.194;200;0.745;0.748
1558426487.934;200;0.739;0.740
1558426488.687;200;0.751;0.752
1558426489.513;200;0.824;0.828
1558426490.273;200;0.757;0.760
1558426490.995;200;0.720;0.720
1558426491.757;200;0.760;0.760
1558426492.602;200;0.842;0.844
1558426493.354;200;0.749;0.752
1558426494.108;200;0.750;0.748
1558426494.914;200;0.803;0.804
1558426495.731;200;0.814;0.816
1558426496.502;200;0.770;0.772
1558426497.256;200;0.753;0.752
1558426498.052;200;0.794;0.796
1558426498.857;200;0.802;0.804
1558426499.574;200;0.715;0.716
1558426500.358;200;0.782;0.784
1558426501.150;200;0.790;0.792
1558426501.971;200;0.819;0.820
1558426502.719;200;0.746;0.748
1558426503.448;200;0.726;0.724
1558426504.279;200;0.828;0.828
1558426505.121;200;0.841;0.844
1558426505.858;200;0.733;0.732
1558426506.604;200;0.744;0.744
1558426507.358;200;0.752;0.752
1558426508.172;200;0.812;0.812
1558426508.932;200;0.757;0.756
1558426509.667;200;0.733;0.732
1558426510.392;200;0.722;0.720
1558426511.207;200;0.813;0.812
1558426511.998;200;0.790;0.792
1558426512.764;200;0.742;0.740
1558426513.549;200;0.783;0.784
1558426514.379;200;0.827;0.828
1558426515.117;200;0.737;0.736
1558426515.863;200;0.744;0.744
1558426516.630;200;0.766;0.768
1558426517.456;200;0.824;0.828
1558426518.224;200;0.765;0.768
1558426518.980;200;0.753;0.756
1558426519.792;200;0.809;0.808
1558426520.581;200;0.787;0.788
1558426521.330;200;0.747;0.748
1558426522.046;200;0.714;0.716
1558426522.822;200;0.774;0.776
1558426523.652;200;0.828;0.828
1558426524.387;200;0.731;0.732
1558426525.139;200;0.749;0.748
1558426525.947;200;0.807;0.808
1558426526.767;200;0.819;0.820
1558426527.507;200;0.738;0.740
1558426528.279;200;0.769;0.768
1558426529.055;200;0.774;0.776
1558426529.879;200;0.822;0.824
1558426530.660;200;0.779;0.776
1558426531.416;200;0.754;0.752
1558426532.218;200;0.800;0.800
1558426533.073;200;0.853;0.856
1558426533.787;200;0.712;0.712
1558426534.516;200;0.728;0.728
1558426535.264;200;0.745;0.744
1558426536.088;200;0.821;0.820
1558426536.833;200;0.743;0.744
1558426537.552;200;0.717;0.720
1558426538.348;200;0.793;0.792
1558426539.154;200;0.803;0.804
1558426539.903;200;0.748;0.748
1558426540.640;200;0.735;0.736
1558426541.448;200;0.806;0.804
1558426542.278;200;0.827;0.828
1558426543.034;200;0.755;0.756
1558426543.792;200;0.754;0.752
1558426544.604;200;0.809;0.808
1558426545.428;200;0.821;0.824
1558426546.192;200;0.761;0.760
1558426546.907;200;0.712;0.712
1558426547.640;200;0.732;0.736
1558426548.476;200;0.834;0.836
1558426549.232;200;0.754;0.752
1558426549.987;200;0.752;0.752
1558426550.745;200;0.756;0.756
1558426551.644;200;0.896;0.896
1558426552.390;200;0.744;0.744
1558426553.112;200;0.721;0.721
1558426553.902;200;0.788;0.788
1558426554.730;200;0.825;0.828
1558426555.479;200;0.747;0.748
1558426556.275;200;0.795;0.796
1558426557.066;200;0.788;0.788
1558426557.887;200;0.819;0.820
1558426558.630;200;0.742;0.744
1558426559.362;200;0.731;0.732
1558426560.109;200;0.745;0.748
1558426560.904;200;0.792;0.796
1558426561.647;200;0.740;0.740
1558426562.388;200;0.738;0.736
1558426563.159;200;0.768;0.768
1558426563.999;200;0.836;0.836
1558426564.748;200;0.747;0.744
1558426565.471;200;0.720;0.720
1558426566.242;200;0.769;0.772
1558426567.093;200;0.849;0.852
1558426567.820;200;0.725;0.724
1558426568.570;200;0.747;0.748
1558426569.355;200;0.783;0.784
1558426570.155;200;0.797;0.796
1558426570.900;200;0.744;0.748
1558426571.631;200;0.728;0.728
1558426572.423;200;0.788;0.788
1558426573.207;200;0.783;0.784
1558426573.962;200;0.752;0.752
1558426574.714;200;0.750;0.752
1558426575.490;200;0.772;0.772
1558426576.303;200;0.811;0.812
1558426577.061;200;0.757;0.760
1558426577.816;200;0.753;0.752
1558426578.573;200;0.755;0.752
1558426579.417;200;0.841;0.844
1558426580.154;200;0.735;0.736
1558426580.884;200;0.729;0.728
1558426581.693;200;0.805;0.808
1558426582.514;200;0.818;0.820
1558426583.257;200;0.737;0.736
1558426584.048;200;0.787;0.788
1558426584.848;200;0.798;0.796
1558426585.692;200;0.842;0.840
1558426586.442;200;0.748;0.748
1558426587.200;200;0.756;0.756
1558426587.975;200;0.772;0.772
1558426588.790;200;0.813;0.816
1558426589.522;200;0.730;0.732
1558426590.266;200;0.742;0.744
1558426591.018;200;0.750;0.752
1558426591.848;200;0.828;0.828
1558426592.611;200;0.761;0.760
1558426593.353;200;0.740;0.744
1558426594.146;200;0.790;0.792
1558426594.973;200;0.823;0.824
1558426595.704;200;0.729;0.728
1558426596.432;200;0.725;0.724
1558426597.222;200;0.788;0.788
1558426598.020;200;0.797;0.796
1558426598.747;200;0.725;0.724
1558426599.476;200;0.727;0.728
1558426600.256;200;0.778;0.776
1558426601.100;200;0.842;0.840
1558426601.848;200;0.746;0.744
1558426602.578;200;0.727;0.728
1558426603.370;200;0.790;0.792
1558426604.200;200;0.828;0.828
1558426604.958;200;0.755;0.756
1558426605.696;200;0.736;0.736
1558426606.449;200;0.750;0.752
1558426607.283;200;0.832;0.832
1558426608.019;200;0.734;0.736
1558426608.732;200;0.711;0.708
1558426609.503;200;0.769;0.768
1558426610.316;200;0.808;0.808
1558426611.066;200;0.747;0.748
1558426611.797;200;0.729;0.732
1558426612.564;200;0.764;0.764
1558426613.412;200;0.844;0.844
1558426614.162;200;0.748;0.748
1558426614.910;200;0.745;0.748
1558426615.687;200;0.776;0.776
1558426616.504;200;0.814;0.812
1558426617.264;200;0.758;0.756
1558426618.016;200;0.749;0.748
1558426618.803;200;0.785;0.784
1558426619.620;200;0.813;0.812
1558426620.364;200;0.742;0.740
1558426621.099;200;0.732;0.732
1558426621.896;200;0.796;0.796
1558426622.712;200;0.814;0.812
1558426623.461;200;0.747;0.748
1558426624.223;200;0.758;0.760
1558426625.002;200;0.777;0.780
1558426625.806;200;0.802;0.804
1558426626.556;200;0.748;0.748
1558426627.311;200;0.752;0.752
1558426628.061;200;0.748;0.752
1558426628.908;200;0.844;0.844
1558426629.655;200;0.745;0.744
1558426630.394;200;0.736;0.736
1558426631.162;200;0.766;0.768
1558426631.990;200;0.820;0.820
1558426632.741;200;0.749;0.752
1558426633.463;200;0.720;0.720
1558426634.240;200;0.775;0.772
1558426635.090;200;0.848;0.848
1558426635.840;200;0.748;0.748
1558426636.564;200;0.722;0.720
1558426637.334;200;0.768;0.768
1558426638.166;200;0.830;0.832
1558426638.926;200;0.759;0.760
1558426639.663;200;0.734;0.736
1558426640.464;200;0.800;0.800
1558426641.312;200;0.846;0.844
1558426642.069;200;0.755;0.756
1558426642.830;200;0.759;0.760
1558426643.606;200;0.773;0.776
1558426644.433;200;0.825;0.828
1558426645.184;200;0.749;0.748
1558426645.945;200;0.760;0.764
1558426646.707;200;0.761;0.760
1558426647.524;200;0.815;0.816
1558426648.267;200;0.742;0.744
1558426649.008;200;0.738;0.736
1558426649.780;200;0.770;0.768
1558426650.551;200;0.768;0.768
1558426651.312;200;0.759;0.760
1558426652.025;200;0.710;0.712
1558426652.810;200;0.783;0.784
1558426653.648;200;0.837;0.836
1558426654.404;200;0.753;0.752
1558426655.150;200;0.744;0.744
1558426655.904;200;0.752;0.752
1558426656.720;200;0.814;0.812
1558426657.452;200;0.729;0.728
1558426658.197;200;0.742;0.740
1558426658.990;200;0.791;0.792
1558426659.813;200;0.821;0.820
1558426660.580;200;0.762;0.760
1558426661.382;200;0.800;0.800
1558426662.159;200;0.775;0.776
1558426663.006;200;0.843;0.844
1558426663.757;200;0.748;0.752
1558426664.490;200;0.731;0.732
1558426665.252;200;0.761;0.760
1558426666.060;200;0.806;0.804
1558426666.815;200;0.753;0.752
1558426667.519;200;0.700;0.700
1558426668.275;200;0.754;0.756
1558426669.074;200;0.795;0.796
1558426669.836;200;0.760;0.760
1558426670.620;200;0.782;0.780
1558426671.410;200;0.786;0.788
1558426672.248;200;0.836;0.836
1558426673.012;200;0.762;0.760
1558426673.749;200;0.733;0.732
1558426674.505;200;0.754;0.756
1558426675.436;200;0.929;0.928
1558426676.186;200;0.746;0.748
1558426676.927;200;0.739;0.740
1558426677.677;200;0.749;0.752
1558426678.542;200;0.863;0.864
1558426679.301;200;0.756;0.760
1558426680.088;200;0.785;0.784
1558426680.851;200;0.761;0.760
1558426681.677;200;0.825;0.824
1558426682.427;200;0.748;0.748
1558426683.158;200;0.729;0.732
1558426683.942;200;0.781;0.784
1558426684.800;200;0.849;0.848
1558426685.566;200;0.763;0.764
1558426686.265;200;0.698;0.696
1558426687.053;200;0.786;0.784
1558426687.880;200;0.824;0.824
1558426688.619;200;0.736;0.736
1558426689.351;200;0.728;0.728
1558426690.032;200;0.679;0.680
1558426690.872;200;0.837;0.836
1558426691.643;200;0.769;0.768
1558426692.380;200;0.736;0.736
1558426693.149;200;0.767;0.768
1558426693.992;200;0.841;0.840
1558426694.755;200;0.760;0.760
1558426695.488;200;0.732;0.732
1558426696.207;200;0.717;0.716
1558426697.046;200;0.837;0.840
1558426697.785;200;0.738;0.740
1558426698.532;200;0.745;0.744
1558426699.297;200;0.762;0.760
1558426700.079;200;0.780;0.780
1558426700.851;200;0.769;0.768
1558426701.547;200;0.694;0.696
1558426702.302;200;0.753;0.756
1558426703.125;200;0.821;0.824
1558426703.893;200;0.765;0.768
1558426704.635;200;0.740;0.740
1558426705.399;200;0.762;0.764
1558426706.207;200;0.806;0.808
1558426706.965;200;0.756;0.760
1558426707.707;200;0.740;0.740
1558426708.460;200;0.750;0.748
1558426709.279;200;0.817;0.816
1558426710.044;200;0.764;0.764
1558426710.772;200;0.726;0.724
1558426711.543;200;0.769;0.768
1558426712.368;200;0.822;0.820
1558426713.134;200;0.763;0.764
1558426713.936;200;0.798;0.796
1558426714.726;200;0.787;0.788
1558426715.536;200;0.808;0.808
1558426716.301;200;0.759;0.756
1558426717.071;200;0.768;0.768
1558426717.847;200;0.773;0.772
1558426718.673;200;0.822;0.820
1558426719.428;200;0.743;0.744
1558426720.194;200;0.763;0.764
1558426720.992;200;0.796;0.796
1558426721.827;200;0.834;0.832
1558426722.599;200;0.769;0.768
1558426723.350;200;0.748;0.748
1558426724.148;200;0.792;0.792
1558426724.966;200;0.815;0.816
1558426725.743;200;0.775;0.776
1558426726.492;200;0.748;0.748
1558426727.250;200;0.756;0.756
1558426728.122;200;0.870;0.872
1558426728.870;200;0.746;0.748
1558426729.594;200;0.722;0.724
1558426730.387;200;0.791;0.792
1558426731.199;200;0.810;0.808
1558426731.954;200;0.754;0.756
1558426732.686;200;0.730;0.732
1558426733.446;200;0.759;0.760
1558426734.327;200;0.876;0.876
1558426735.093;200;0.764;0.768
1558426735.819;200;0.724;0.724
1558426736.613;200;0.792;0.796
1558426737.430;200;0.815;0.816
1558426738.179;200;0.745;0.744
1558426738.901;200;0.720;0.724
1558426739.660;200;0.756;0.756
1558426740.466;200;0.803;0.804
1558426741.190;200;0.721;0.724
1558426741.911;200;0.720;0.720
1558426742.756;200;0.842;0.840
1558426743.593;200;0.834;0.832
1558426744.323;200;0.726;0.728
1558426745.041;200;0.715;0.712
1558426745.799;200;0.755;0.756
1558426746.612;200;0.810;0.808
1558426747.350;200;0.736;0.736
1558426748.091;200;0.739;0.740
1558426748.827;200;0.731;0.732
1558426749.649;200;0.819;0.816
1558426750.395;200;0.743;0.744
1558426751.126;200;0.721;0.724
1558426751.879;200;0.751;0.752
1558426752.691;200;0.811;0.812
1558426753.440;200;0.747;0.748
1558426754.183;200;0.734;0.736
1558426754.961;200;0.775;0.772
1558426755.760;200;0.796;0.796
1558426756.532;200;0.769;0.768
1558426757.266;200;0.732;0.732
1558426758.029;200;0.762;0.760
1558426758.850;200;0.818;0.820
1558426759.612;200;0.761;0.760
1558426760.358;200;0.743;0.744
1558426761.144;200;0.784;0.784
1558426761.963;200;0.817;0.816
1558426762.710;200;0.746;0.748
1558426763.432;200;0.720;0.720
1558426764.172;200;0.738;0.736
1558426765.000;200;0.824;0.824
1558426765.738;200;0.737;0.740
1558426766.479;200;0.739;0.740
1558426767.239;200;0.758;0.760
1558426768.041;200;0.800;0.800
1558426768.775;200;0.732;0.732
1558426769.516;200;0.739;0.736
1558426770.290;200;0.772;0.772
1558426771.125;200;0.833;0.832
1558426771.852;200;0.724;0.724
1558426772.575;200;0.713;0.712
1558426773.378;200;0.801;0.804
1558426774.219;200;0.839;0.840
1558426774.986;200;0.766;0.768
1558426775.735;200;0.747;0.748
1558426776.477;200;0.740;0.744
1558426777.315;200;0.836;0.836
1558426778.094;200;0.777;0.780
1558426778.860;200;0.764;0.764
1558426779.655;200;0.791;0.792
1558426780.485;200;0.828;0.828
1558426781.247;200;0.759;0.760
1558426781.994;200;0.745;0.748
1558426782.747;200;0.750;0.752
1558426783.554;200;0.805;0.809
1558426784.306;200;0.746;0.748
1558426785.056;200;0.749;0.748
1558426785.815;200;0.756;0.756
1558426786.628;200;0.812;0.812
1558426787.374;200;0.743;0.748
1558426788.087;200;0.712;0.712
1558426788.842;200;0.753;0.756
1558426789.675;200;0.831;0.832
1558426790.429;200;0.752;0.752
1558426791.235;200;0.804;0.808
1558426792.018;200;0.782;0.780
1558426792.841;200;0.822;0.824
1558426793.630;200;0.787;0.792
1558426794.379;200;0.747;0.748
1558426795.106;200;0.725;0.724
1558426795.942;200;0.834;0.840
1558426796.680;200;0.737;0.736
1558426797.429;200;0.746;0.748
1558426798.197;200;0.766;0.772
1558426799.043;200;0.844;0.844
1558426799.786;200;0.742;0.744
1558426800.513;200;0.725;0.724
1558426801.310;200;0.795;0.800
1558426802.122;200;0.810;0.808
1558426802.856;200;0.733;0.732
1558426803.593;200;0.733;0.736
1558426804.381;200;0.785;0.788
1558426805.224;200;0.840;0.844
1558426805.994;200;0.768;0.768
1558426806.772;200;0.776;0.780
1558426807.567;200;0.793;0.792
1558426808.363;200;0.794;0.796
1558426809.106;200;0.742;0.748
1558426809.869;200;0.761;0.760
1558426810.623;200;0.752;0.756
1558426811.444;200;0.819;0.820
1558426812.192;200;0.747;0.744
1558426812.945;200;0.751;0.748
1558426813.721;200;0.773;0.776
1558426814.535;200;0.810;0.812
