[OVERALL], RunTime(ms), 1160377
[OVERALL], Throughput(ops/sec), 1.2926833261948487
[TOTAL_GCS_G1_Young_Generation], Count, 6
[TOTAL_GC_TIME_G1_Young_Generation], Time(ms), 67
[TOTAL_GC_TIME_%_G1_Young_Generation], Time(%), 0.005773985523670325
[TOTAL_GCS_G1_Old_Generation], Count, 0
[TOTAL_GC_TIME_G1_Old_Generation], Time(ms), 0
[TOTAL_GC_TIME_%_G1_Old_Generation], Time(%), 0.0
[TOTAL_GCs], Count, 6
[TOTAL_GC_TIME], Time(ms), 67
[TOTAL_GC_TIME_%], Time(%), 0.005773985523670325
[READ], Operations, 1500
[READ], AverageLatency(us), 773049.1733333333
[READ], MinLatency(us), 659456
[READ], MaxLatency(us), 1181695
[READ], 95thPercentileLatency(us), 844287
[READ], 99thPercentileLatency(us), 866815
[READ], Return=OK, 1500
[CLEANUP], Operations, 1
[CLEANUP], AverageLatency(us), 3.0
[CLEANUP], MinLatency(us), 3
[CLEANUP], MaxLatency(us), 3
[CLEANUP], 95thPercentileLatency(us), 3
[CLEANUP], 99thPercentileLatency(us), 3
