timestamp;status;request_time;upstream_response_time
1558401164.017;200;0.762;0.760
1558401164.786;200;0.720;0.724
1558401165.494;200;0.703;0.708
1558401166.341;200;0.843;0.844
1558401167.078;200;0.732;0.736
1558401167.797;200;0.698;0.700
1558401168.551;200;0.750;0.756
1558401169.378;200;0.823;0.828
1558401170.127;200;0.745;0.748
1558401170.866;200;0.732;0.736
1558401171.647;200;0.776;0.776
1558401172.478;200;0.822;0.828
1558401173.226;200;0.743;0.748
1558401173.955;200;0.722;0.724
1558401174.719;200;0.754;0.756
1558401175.503;200;0.781;0.784
1558401176.293;200;0.787;0.788
1558401177.037;200;0.740;0.744
1558401177.749;200;0.700;0.704
1558401178.560;200;0.806;0.808
1558401179.308;200;0.745;0.748
1558401180.030;200;0.718;0.720
1558401180.832;200;0.797;0.800
1558401181.685;200;0.847;0.848
1558401182.432;200;0.743;0.748
1558401183.168;200;0.732;0.736
1558401183.971;200;0.796;0.800
1558401184.782;200;0.805;0.808
1558401185.523;200;0.738;0.736
1558401186.228;200;0.701;0.704
1558401186.977;200;0.746;0.748
1558401187.789;200;0.808;0.808
1558401188.529;200;0.734;0.732
1558401189.240;200;0.707;0.712
1558401190.003;200;0.760;0.764
1558401190.825;200;0.819;0.820
1558401191.571;200;0.741;0.744
1558401192.317;200;0.743;0.744
1558401193.099;200;0.777;0.780
1558401193.974;200;0.869;0.876
1558401194.707;200;0.729;0.732
1558401195.426;200;0.714;0.720
1558401196.209;200;0.780;0.780
1558401197.053;200;0.841;0.844
1558401197.779;200;0.723;0.728
1558401198.532;200;0.750;0.752
1558401199.287;200;0.752;0.756
1558401200.108;200;0.817;0.820
1558401200.845;200;0.734;0.736
1558401201.529;200;0.681;0.684
1558401202.302;200;0.770;0.772
1558401203.127;200;0.822;0.824
1558401203.893;200;0.759;0.760
1558401204.629;200;0.732;0.736
1558401205.393;200;0.761;0.764
1558401206.214;200;0.817;0.820
1558401206.944;200;0.725;0.728
1558401207.701;200;0.754;0.756
1558401208.473;200;0.770;0.772
1558401209.293;200;0.818;0.820
1558401210.008;200;0.710;0.712
1558401210.731;200;0.720;0.724
1558401211.487;200;0.750;0.752
1558401212.311;200;0.821;0.824
1558401213.078;200;0.755;0.760
1558401213.851;200;0.768;0.772
1558401214.617;200;0.762;0.764
1558401215.441;200;0.820;0.820
1558401216.199;200;0.756;0.760
1558401216.903;200;0.700;0.700
1558401217.662;200;0.756;0.760
1558401218.478;200;0.812;0.816
1558401219.231;200;0.749;0.752
1558401219.999;200;0.763;0.768
1558401220.769;200;0.763;0.760
1558401221.569;200;0.798;0.800
1558401222.314;200;0.740;0.744
1558401223.046;200;0.728;0.728
1558401223.812;200;0.761;0.764
1558401224.637;200;0.823;0.820
1558401225.374;200;0.734;0.740
1558401226.099;200;0.721;0.724
1558401226.862;200;0.760;0.764
1558401227.664;200;0.798;0.800
1558401228.400;200;0.731;0.736
1558401229.121;200;0.715;0.716
1558401229.828;200;0.701;0.704
1558401230.649;200;0.818;0.816
1558401231.380;200;0.727;0.728
1558401232.103;200;0.720;0.724
1558401232.913;200;0.808;0.804
1558401233.739;200;0.822;0.828
1558401234.482;200;0.739;0.744
1558401235.270;200;0.785;0.784
1558401236.015;200;0.743;0.748
1558401236.819;200;0.798;0.804
1558401237.557;200;0.735;0.736
1558401238.278;200;0.718;0.724
1558401239.037;200;0.757;0.756
1558401239.843;200;0.802;0.808
1558401240.598;200;0.748;0.748
1558401241.314;200;0.713;0.716
1558401242.095;200;0.778;0.780
1558401242.896;200;0.798;0.800
1558401243.630;200;0.729;0.732
1558401244.347;200;0.714;0.716
1558401245.124;200;0.773;0.776
1558401245.929;200;0.802;0.804
1558401246.670;200;0.738;0.744
1558401247.389;200;0.715;0.716
1558401248.158;200;0.767;0.768
1558401248.986;200;0.824;0.828
1558401249.730;200;0.742;0.744
1558401250.455;200;0.721;0.724
1558401251.247;200;0.789;0.792
1558401252.031;200;0.778;0.780
1558401252.777;200;0.741;0.744
1558401253.487;200;0.701;0.704
1558401254.282;200;0.788;0.792
1558401255.142;200;0.855;0.856
1558401255.870;200;0.724;0.728
1558401256.594;200;0.720;0.724
1558401257.363;200;0.765;0.768
1558401258.172;200;0.806;0.808
1558401258.896;200;0.721;0.724
1558401259.677;200;0.734;0.736
1558401260.471;200;0.789;0.788
1558401261.306;200;0.831;0.836
1558401262.055;200;0.746;0.748
1558401262.772;200;0.714;0.716
1558401263.529;200;0.754;0.752
1558401264.341;200;0.808;0.808
1558401265.079;200;0.736;0.740
1558401265.785;200;0.701;0.704
1558401266.535;200;0.746;0.748
1558401267.348;200;0.809;0.812
1558401268.088;200;0.737;0.740
1558401268.794;200;0.703;0.704
1558401269.543;200;0.745;0.748
1558401270.358;200;0.812;0.816
1558401271.148;200;0.787;0.788
1558401271.858;200;0.707;0.712
1558401272.633;200;0.771;0.768
1558401273.455;200;0.819;0.824
1558401274.186;200;0.728;0.732
1558401274.908;200;0.718;0.720
1558401275.685;200;0.774;0.776
1558401276.500;200;0.812;0.816
1558401277.263;200;0.761;0.764
1558401277.991;200;0.717;0.720
1558401278.679;200;0.685;0.688
1558401279.500;200;0.818;0.820
1558401280.225;200;0.722;0.724
1558401280.959;200;0.732;0.736
1558401281.800;200;0.838;0.836
1558401282.599;200;0.795;0.800
1558401283.318;200;0.717;0.720
1558401284.048;200;0.725;0.724
1558401284.782;200;0.731;0.732
1558401285.610;200;0.824;0.828
1558401286.344;200;0.730;0.732
1558401287.091;200;0.744;0.748
1558401287.825;200;0.728;0.728
1558401288.670;200;0.842;0.848
1558401289.427;200;0.753;0.756
1558401290.146;200;0.716;0.720
1558401290.893;200;0.744;0.744
1558401291.702;200;0.806;0.808
1558401292.461;200;0.757;0.760
1558401293.218;200;0.755;0.756
1558401293.963;200;0.740;0.744
1558401294.787;200;0.820;0.824
1558401295.541;200;0.751;0.748
1558401296.269;200;0.724;0.728
1558401297.065;200;0.794;0.796
1558401297.874;200;0.805;0.812
1558401298.611;200;0.733;0.736
1558401299.340;200;0.726;0.728
1558401300.107;200;0.765;0.768
1558401300.937;200;0.824;0.828
1558401301.690;200;0.751;0.752
1558401302.394;200;0.702;0.704
1558401303.174;200;0.777;0.780
1558401303.989;200;0.811;0.812
1558401304.723;200;0.731;0.736
1558401305.439;200;0.712;0.716
1558401306.185;200;0.743;0.744
1558401307.027;200;0.840;0.840
1558401307.776;200;0.746;0.748
1558401308.505;200;0.725;0.728
1558401309.279;200;0.770;0.776
1558401310.068;200;0.786;0.788
1558401310.837;200;0.762;0.760
1558401311.561;200;0.720;0.720
1558401312.325;200;0.762;0.764
1558401313.149;200;0.822;0.824
1558401313.910;200;0.757;0.760
1558401314.625;200;0.710;0.712
1558401315.371;200;0.744;0.748
1558401316.219;200;0.845;0.848
1558401316.965;200;0.739;0.740
1558401317.694;200;0.726;0.728
1558401318.451;200;0.753;0.756
1558401319.267;200;0.812;0.816
1558401320.026;200;0.756;0.760
1558401320.751;200;0.722;0.724
1558401321.526;200;0.772;0.776
1558401322.335;200;0.806;0.808
1558401323.117;200;0.779;0.780
1558401323.831;200;0.709;0.712
1558401324.587;200;0.753;0.756
1558401325.425;200;0.836;0.836
1558401326.196;200;0.769;0.772
1558401326.903;200;0.704;0.704
1558401327.672;200;0.766;0.768
1558401328.491;200;0.816;0.820
1558401329.235;200;0.741;0.744
1558401329.981;200;0.743;0.744
1558401330.734;200;0.750;0.756
1558401331.566;200;0.829;0.828
1558401332.345;200;0.775;0.776
1558401333.082;200;0.735;0.736
1558401333.853;200;0.766;0.764
1558401334.654;200;0.799;0.800
1558401335.415;200;0.753;0.756
1558401336.096;200;0.678;0.680
1558401336.869;200;0.766;0.768
1558401337.706;200;0.823;0.824
1558401338.456;200;0.746;0.748
1558401339.178;200;0.719;0.720
1558401339.931;200;0.750;0.752
1558401340.785;200;0.852;0.852
1558401341.526;200;0.738;0.740
1558401342.243;200;0.714;0.720
1558401342.998;200;0.752;0.756
1558401343.863;200;0.859;0.860
1558401344.614;200;0.748;0.748
1558401345.324;200;0.707;0.712
1558401346.102;200;0.775;0.776
1558401346.931;200;0.825;0.824
1558401347.665;200;0.731;0.732
1558401348.398;200;0.729;0.728
1558401349.137;200;0.736;0.740
1558401349.944;200;0.804;0.804
1558401350.670;200;0.723;0.728
1558401351.431;200;0.757;0.760
1558401352.202;200;0.769;0.768
1558401353.006;200;0.801;0.804
1558401353.756;200;0.744;0.748
1558401354.482;200;0.723;0.728
1558401355.250;200;0.764;0.764
1558401356.070;200;0.817;0.820
1558401356.831;200;0.757;0.760
1558401357.606;200;0.772;0.776
1558401358.373;200;0.764;0.764
1558401359.172;200;0.795;0.800
1558401359.866;200;0.691;0.696
1558401360.595;200;0.726;0.728
1558401361.358;200;0.761;0.760
1558401362.198;200;0.836;0.840
1558401362.945;200;0.744;0.744
1558401363.659;200;0.710;0.708
1558401364.430;200;0.768;0.768
1558401365.244;200;0.811;0.816
1558401365.960;200;0.713;0.716
1558401366.698;200;0.735;0.736
1558401367.447;200;0.747;0.752
1558401368.245;200;0.796;0.796
1558401368.972;200;0.725;0.728
1558401369.700;200;0.725;0.728
1558401370.473;200;0.770;0.772
1558401371.277;200;0.802;0.804
1558401372.040;200;0.760;0.760
1558401372.784;200;0.741;0.744
1558401373.525;200;0.738;0.736
1558401374.322;200;0.791;0.796
1558401375.062;200;0.737;0.736
1558401375.787;200;0.722;0.724
1558401376.540;200;0.750;0.748
1558401377.419;200;0.876;0.880
1558401378.181;200;0.758;0.760
1558401378.871;200;0.688;0.692
1558401379.658;200;0.783;0.784
1558401380.491;200;0.829;0.832
1558401381.243;200;0.750;0.752
1558401381.966;200;0.719;0.720
1558401382.777;200;0.808;0.808
1558401383.575;200;0.796;0.800
1558401384.286;200;0.707;0.708
1558401385.034;200;0.745;0.748
1558401385.806;200;0.770;0.776
1558401386.618;200;0.809;0.808
1558401387.363;200;0.741;0.744
1558401388.101;200;0.734;0.736
1558401388.860;200;0.757;0.760
1558401389.659;200;0.796;0.796
1558401390.407;200;0.745;0.748
1558401391.131;200;0.717;0.720
1558401391.877;200;0.742;0.744
1558401392.686;200;0.806;0.808
1558401393.449;200;0.755;0.756
1558401394.187;200;0.734;0.736
1558401394.942;200;0.753;0.752
1558401395.766;200;0.821;0.828
1558401396.507;200;0.738;0.740
1558401397.238;200;0.726;0.732
1558401398.032;200;0.787;0.784
1558401398.854;200;0.819;0.820
1558401399.606;200;0.750;0.752
1558401400.340;200;0.732;0.736
1558401401.115;200;0.771;0.776
1558401401.933;200;0.815;0.816
1558401402.690;200;0.754;0.756
1558401403.427;200;0.733;0.736
1558401404.240;200;0.806;0.808
1558401405.089;200;0.847;0.848
1558401405.855;200;0.756;0.760
1558401406.566;200;0.709;0.708
1558401407.353;200;0.783;0.784
1558401408.167;200;0.809;0.808
1558401408.903;200;0.734;0.736
1558401409.622;200;0.717;0.720
1558401410.415;200;0.789;0.792
1558401411.218;200;0.800;0.800
1558401411.955;200;0.735;0.736
1558401412.671;200;0.714;0.712
1558401413.434;200;0.759;0.760
1558401414.270;200;0.833;0.840
1558401415.017;200;0.744;0.740
1558401415.748;200;0.729;0.732
1558401416.517;200;0.767;0.768
1558401417.351;200;0.830;0.836
1558401418.094;200;0.740;0.740
1558401418.806;200;0.709;0.716
1558401419.563;200;0.754;0.752
1558401420.374;200;0.808;0.812
1558401421.132;200;0.755;0.756
1558401421.857;200;0.723;0.724
1558401422.613;200;0.755;0.756
1558401423.450;200;0.834;0.840
1558401424.193;200;0.730;0.732
1558401424.947;200;0.750;0.752
1558401425.695;200;0.745;0.748
1558401426.508;200;0.810;0.812
1558401427.232;200;0.722;0.724
1558401427.958;200;0.724;0.724
1558401428.725;200;0.764;0.764
1558401429.552;200;0.825;0.824
1558401430.276;200;0.723;0.724
1558401431.005;200;0.726;0.724
1558401431.755;200;0.748;0.752
1558401432.584;200;0.826;0.824
1558401433.342;200;0.755;0.760
1558401434.050;200;0.705;0.704
1558401434.798;200;0.745;0.748
1558401435.613;200;0.812;0.816
1558401436.361;200;0.743;0.744
1558401437.082;200;0.719;0.720
1558401437.844;200;0.759;0.760
1558401438.714;200;0.867;0.868
1558401439.438;200;0.721;0.724
1558401440.095;200;0.654;0.660
1558401440.857;200;0.760;0.760
1558401441.665;200;0.805;0.808
1558401442.397;200;0.729;0.728
1558401443.137;200;0.737;0.740
1558401443.844;200;0.703;0.704
1558401444.681;200;0.834;0.836
1558401445.429;200;0.745;0.748
1558401446.166;200;0.734;0.736
1558401446.967;200;0.798;0.796
1558401447.798;200;0.828;0.828
1558401448.543;200;0.742;0.744
1558401449.264;200;0.717;0.720
1558401450.031;200;0.765;0.764
1558401450.850;200;0.816;0.816
1558401451.604;200;0.752;0.756
1558401452.338;200;0.732;0.732
1558401453.103;200;0.761;0.764
1558401453.954;200;0.838;0.840
1558401454.717;200;0.759;0.761
1558401455.410;200;0.689;0.692
1558401456.145;200;0.731;0.728
1558401456.995;200;0.846;0.852
1558401457.742;200;0.745;0.744
1558401458.503;200;0.757;0.760
1558401459.237;200;0.731;0.732
1558401460.063;200;0.824;0.828
1558401460.784;200;0.718;0.720
1558401461.565;200;0.778;0.780
1558401462.320;200;0.752;0.756
1558401463.150;200;0.828;0.828
1558401463.909;200;0.757;0.760
1558401464.618;200;0.707;0.712
1558401465.374;200;0.752;0.756
1558401466.237;200;0.859;0.860
1558401466.973;200;0.734;0.736
1558401467.671;200;0.696;0.696
1558401468.512;200;0.838;0.840
1558401469.365;200;0.851;0.852
1558401470.112;200;0.742;0.744
1558401470.823;200;0.709;0.712
1558401471.569;200;0.742;0.744
1558401472.398;200;0.826;0.828
1558401473.168;200;0.766;0.764
1558401473.892;200;0.722;0.724
1558401474.570;200;0.676;0.676
1558401475.422;200;0.849;0.852
1558401476.164;200;0.740;0.740
1558401476.871;200;0.704;0.708
1558401477.659;200;0.785;0.784
1558401478.455;200;0.793;0.796
1558401479.209;200;0.751;0.748
1558401479.929;200;0.718;0.716
1558401480.681;200;0.749;0.748
1558401481.521;200;0.837;0.840
1558401482.286;200;0.763;0.768
1558401483.018;200;0.729;0.728
1558401483.705;200;0.682;0.684
1558401484.531;200;0.823;0.824
1558401485.302;200;0.768;0.768
1558401486.041;200;0.735;0.736
1558401486.767;200;0.723;0.728
1558401487.608;200;0.838;0.840
1558401488.350;200;0.740;0.740
1558401489.077;200;0.724;0.724
1558401489.833;200;0.754;0.756
1558401490.647;200;0.812;0.816
1558401491.402;200;0.752;0.752
1558401492.147;200;0.741;0.744
1558401492.884;200;0.734;0.736
1558401493.693;200;0.806;0.808
1558401494.447;200;0.751;0.756
1558401495.154;200;0.705;0.704
1558401495.902;200;0.746;0.748
1558401496.724;200;0.818;0.820
1558401497.453;200;0.728;0.728
1558401498.178;200;0.722;0.724
1558401498.926;200;0.745;0.748
1558401499.821;200;0.892;0.892
1558401500.549;200;0.726;0.724
1558401501.275;200;0.724;0.724
1558401502.064;200;0.787;0.788
1558401502.877;200;0.810;0.812
1558401503.617;200;0.736;0.740
1558401504.353;200;0.734;0.736
1558401505.115;200;0.760;0.760
1558401505.948;200;0.830;0.832
1558401506.694;200;0.744;0.744
1558401507.388;200;0.691;0.696
1558401508.118;200;0.727;0.728
1558401508.906;200;0.785;0.788
1558401509.655;200;0.747;0.748
1558401510.370;200;0.711;0.712
1558401511.150;200;0.778;0.780
1558401512.025;200;0.872;0.872
1558401512.801;200;0.774;0.772
1558401513.494;200;0.690;0.692
1558401514.259;200;0.762;0.768
1558401515.072;200;0.810;0.812
1558401515.828;200;0.754;0.756
1558401516.548;200;0.718;0.716
1558401517.253;200;0.702;0.704
1558401518.047;200;0.790;0.792
1558401518.784;200;0.734;0.736
1558401519.558;200;0.771;0.772
1558401520.308;200;0.747;0.748
1558401521.181;200;0.871;0.872
1558401521.916;200;0.732;0.736
1558401522.656;200;0.736;0.740
1558401523.411;200;0.753;0.756
1558401524.217;200;0.801;0.804
1558401524.962;200;0.742;0.744
1558401525.719;200;0.755;0.760
1558401526.476;200;0.755;0.756
1558401527.298;200;0.820;0.820
1558401528.052;200;0.752;0.752
1558401528.781;200;0.727;0.728
1558401529.554;200;0.768;0.768
1558401530.369;200;0.812;0.812
1558401531.138;200;0.768;0.768
1558401531.874;200;0.733;0.736
1558401532.629;200;0.752;0.756
1558401533.471;200;0.839;0.844
1558401534.196;200;0.722;0.724
1558401534.929;200;0.731;0.732
1558401535.661;200;0.729;0.728
1558401536.461;200;0.796;0.800
1558401537.199;200;0.735;0.740
1558401537.915;200;0.713;0.716
1558401538.707;200;0.788;0.792
1558401539.538;200;0.828;0.828
1558401540.271;200;0.730;0.732
1558401540.985;200;0.711;0.712
1558401541.764;200;0.777;0.780
1558401542.592;200;0.825;0.824
1558401543.333;200;0.738;0.740
1558401544.036;200;0.700;0.704
1558401544.784;200;0.746;0.748
1558401545.570;200;0.784;0.784
1558401546.354;200;0.777;0.780
1558401547.103;200;0.747;0.752
1558401547.902;200;0.794;0.796
1558401548.737;200;0.832;0.836
1558401549.461;200;0.720;0.724
1558401550.160;200;0.696;0.700
1558401550.950;200;0.788;0.788
1558401551.762;200;0.809;0.812
1558401552.522;200;0.756;0.756
1558401553.236;200;0.710;0.712
1558401553.998;200;0.759;0.760
1558401554.841;200;0.836;0.840
1558401555.578;200;0.733;0.732
1558401556.294;200;0.712;0.712
1558401557.048;200;0.751;0.752
1558401557.853;200;0.802;0.800
1558401558.607;200;0.752;0.752
1558401559.317;200;0.707;0.708
1558401560.117;200;0.797;0.800
1558401560.931;200;0.812;0.812
1558401561.669;200;0.735;0.736
1558401562.415;200;0.744;0.748
1558401563.153;200;0.735;0.736
1558401563.944;200;0.785;0.784
1558401564.668;200;0.723;0.720
1558401565.438;200;0.769;0.768
1558401566.227;200;0.787;0.792
1558401567.025;200;0.795;0.796
1558401567.792;200;0.765;0.768
1558401568.485;200;0.691;0.692
1558401569.281;200;0.794;0.796
1558401570.083;200;0.798;0.804
1558401570.811;200;0.726;0.728
1558401571.539;200;0.725;0.724
1558401572.335;200;0.793;0.796
1558401573.138;200;0.801;0.800
1558401573.906;200;0.764;0.764
1558401574.629;200;0.720;0.724
1558401575.428;200;0.796;0.800
1558401576.236;200;0.806;0.808
1558401576.956;200;0.717;0.716
1558401577.684;200;0.726;0.728
1558401578.426;200;0.739;0.740
1558401579.249;200;0.819;0.820
1558401579.992;200;0.742;0.744
1558401580.727;200;0.733;0.736
1558401581.498;200;0.769;0.768
1558401582.320;200;0.819;0.824
1558401583.093;200;0.771;0.772
1558401583.821;200;0.724;0.728
1558401584.665;200;0.842;0.844
1558401585.475;200;0.806;0.808
1558401586.238;200;0.760;0.760
1558401586.943;200;0.702;0.708
1558401587.701;200;0.756;0.756
1558401588.495;200;0.792;0.796
1558401589.249;200;0.751;0.752
1558401589.956;200;0.704;0.704
1558401590.717;200;0.758;0.760
1558401591.531;200;0.811;0.812
1558401592.282;200;0.748;0.748
1558401593.008;200;0.723;0.728
1558401593.728;200;0.716;0.720
1558401594.537;200;0.807;0.808
1558401595.260;200;0.721;0.724
1558401595.974;200;0.712;0.712
1558401596.749;200;0.772;0.772
1558401597.577;200;0.824;0.828
1558401598.312;200;0.734;0.736
1558401599.067;200;0.753;0.756
1558401599.875;200;0.806;0.804
1558401600.682;200;0.804;0.804
1558401601.421;200;0.736;0.736
1558401602.141;200;0.718;0.720
1558401602.915;200;0.769;0.772
1558401603.734;200;0.815;0.816
1558401604.486;200;0.750;0.752
1558401605.208;200;0.719;0.724
1558401605.983;200;0.773;0.772
1558401606.813;200;0.827;0.828
1558401607.549;200;0.733;0.736
1558401608.252;200;0.699;0.700
1558401608.989;200;0.735;0.736
1558401609.797;200;0.806;0.808
1558401610.554;200;0.754;0.756
1558401611.256;200;0.698;0.696
1558401612.027;200;0.769;0.772
1558401612.857;200;0.827;0.828
1558401613.588;200;0.729;0.732
1558401614.321;200;0.730;0.732
1558401615.043;200;0.719;0.724
1558401615.902;200;0.856;0.856
1558401616.637;200;0.731;0.732
1558401617.362;200;0.723;0.724
1558401618.133;200;0.769;0.772
1558401618.933;200;0.797;0.800
1558401619.667;200;0.732;0.732
1558401620.391;200;0.721;0.724
1558401621.209;200;0.815;0.816
1558401622.082;200;0.871;0.872
1558401622.807;200;0.720;0.724
1558401623.534;200;0.722;0.724
1558401624.346;200;0.809;0.808
1558401625.173;200;0.825;0.828
1558401625.918;200;0.743;0.744
1558401626.659;200;0.739;0.744
1558401627.485;200;0.824;0.824
1558401628.283;200;0.795;0.796
1558401629.032;200;0.747;0.752
1558401629.741;200;0.706;0.708
1558401630.482;200;0.739;0.740
1558401631.278;200;0.793;0.796
1558401632.000;200;0.720;0.724
1558401632.720;200;0.718;0.716
1558401633.565;200;0.843;0.844
1558401634.359;200;0.790;0.792
1558401635.123;200;0.761;0.764
1558401635.808;200;0.683;0.684
1558401636.565;200;0.755;0.756
1558401637.385;200;0.816;0.820
1558401638.124;200;0.737;0.740
1558401638.841;200;0.714;0.716
1558401639.606;200;0.764;0.764
1558401640.384;200;0.774;0.776
1558401641.162;200;0.776;0.776
1558401641.953;200;0.788;0.788
1558401642.755;200;0.798;0.804
1558401643.586;200;0.828;0.828
1558401644.337;200;0.747;0.748
1558401645.043;200;0.704;0.704
1558401645.789;200;0.744;0.744
1558401646.594;200;0.803;0.804
1558401647.361;200;0.764;0.768
1558401648.079;200;0.715;0.720
1558401648.858;200;0.776;0.776
1558401649.658;200;0.798;0.800
1558401650.406;200;0.745;0.748
1558401651.121;200;0.713;0.716
1558401651.905;200;0.782;0.784
1558401652.732;200;0.824;0.828
1558401653.482;200;0.747;0.748
1558401654.199;200;0.713;0.716
1558401654.973;200;0.772;0.772
1558401655.799;200;0.823;0.824
1558401656.545;200;0.744;0.748
1558401657.309;200;0.761;0.764
1558401658.088;200;0.776;0.780
1558401658.914;200;0.824;0.824
1558401659.656;200;0.739;0.744
1558401660.382;200;0.723;0.724
1558401661.153;200;0.767;0.768
1558401661.980;200;0.824;0.828
1558401662.712;200;0.730;0.732
1558401663.468;200;0.754;0.756
1558401664.232;200;0.759;0.764
1558401665.044;200;0.810;0.808
1558401665.790;200;0.744;0.744
1558401666.480;200;0.686;0.688
1558401667.210;200;0.727;0.728
1558401667.987;200;0.775;0.780
1558401668.753;200;0.763;0.764
1558401669.497;200;0.739;0.740
1558401670.285;200;0.786;0.788
1558401671.112;200;0.824;0.828
1558401671.856;200;0.741;0.744
1558401672.573;200;0.715;0.716
1558401673.350;200;0.775;0.776
1558401674.180;200;0.826;0.828
1558401674.948;200;0.765;0.768
1558401675.659;200;0.709;0.712
1558401676.466;200;0.805;0.804
1558401677.325;200;0.855;0.856
1558401678.053;200;0.725;0.724
1558401678.787;200;0.732;0.732
1558401679.555;200;0.766;0.768
1558401680.411;200;0.854;0.856
1558401681.091;200;0.678;0.680
1558401681.837;200;0.742;0.744
1558401682.598;200;0.759;0.760
1558401683.443;200;0.842;0.844
1558401684.188;200;0.741;0.744
1558401684.937;200;0.747;0.748
1558401685.685;200;0.745;0.748
1558401686.478;200;0.790;0.792
1558401687.229;200;0.749;0.752
1558401687.953;200;0.720;0.724
1558401688.780;200;0.824;0.828
1558401689.586;200;0.804;0.804
1558401690.350;200;0.762;0.764
1558401691.077;200;0.723;0.724
1558401691.862;200;0.782;0.784
1558401692.684;200;0.818;0.816
1558401693.394;200;0.708;0.708
1558401694.090;200;0.693;0.696
1558401694.808;200;0.715;0.720
1558401695.623;200;0.813;0.812
1558401696.355;200;0.730;0.736
1558401697.073;200;0.716;0.716
1558401697.811;200;0.736;0.736
1558401698.614;200;0.792;0.792
1558401699.363;200;0.745;0.748
1558401700.106;200;0.740;0.740
1558401700.871;200;0.762;0.764
1558401701.689;200;0.816;0.816
1558401702.428;200;0.737;0.736
1558401703.181;200;0.751;0.752
1558401703.965;200;0.779;0.776
1558401704.776;200;0.809;0.812
1558401705.525;200;0.747;0.748
1558401706.249;200;0.722;0.720
1558401707.031;200;0.778;0.784
1558401707.848;200;0.814;0.816
1558401708.587;200;0.737;0.740
1558401709.308;200;0.719;0.720
1558401710.062;200;0.753;0.752
1558401710.870;200;0.805;0.808
1558401711.622;200;0.749;0.752
1558401712.337;200;0.712;0.716
1558401713.108;200;0.769;0.772
1558401713.905;200;0.793;0.796
1558401714.661;200;0.753;0.756
1558401715.434;200;0.771;0.772
1558401716.165;200;0.728;0.732
1558401716.947;200;0.780;0.780
1558401717.676;200;0.727;0.724
1558401718.389;200;0.711;0.712
1558401719.133;200;0.741;0.744
1558401719.927;200;0.791;0.792
1558401720.635;200;0.706;0.708
1558401721.361;200;0.723;0.724
1558401722.150;200;0.786;0.788
1558401722.968;200;0.815;0.816
1558401723.747;200;0.776;0.780
1558401724.431;200;0.681;0.680
1558401725.191;200;0.757;0.756
1558401725.977;200;0.782;0.780
1558401726.711;200;0.732;0.732
1558401727.444;200;0.730;0.728
1558401728.218;200;0.772;0.772
1558401729.042;200;0.822;0.824
1558401729.784;200;0.740;0.744
1558401730.545;200;0.759;0.760
1558401731.294;200;0.747;0.748
1558401732.138;200;0.840;0.840
1558401732.877;200;0.736;0.740
1558401733.625;200;0.745;0.748
1558401734.380;200;0.751;0.756
1558401735.180;200;0.798;0.800
1558401735.902;200;0.720;0.720
1558401736.637;200;0.733;0.736
1558401737.402;200;0.762;0.764
1558401738.210;200;0.804;0.804
1558401738.918;200;0.705;0.708
1558401739.645;200;0.724;0.728
1558401740.350;200;0.704;0.704
1558401741.179;200;0.827;0.828
1558401741.931;200;0.750;0.752
1558401742.659;200;0.726;0.724
1558401743.411;200;0.749;0.748
1558401744.289;200;0.874;0.876
1558401745.022;200;0.731;0.732
1558401745.745;200;0.719;0.720
1558401746.482;200;0.734;0.736
1558401747.283;200;0.798;0.800
1558401748.048;200;0.762;0.764
1558401748.780;200;0.729;0.732
1558401749.596;200;0.814;0.816
1558401750.377;200;0.778;0.780
1558401751.088;200;0.706;0.708
1558401751.858;200;0.766;0.768
1558401752.599;200;0.739;0.740
1558401753.404;200;0.802;0.804
1558401754.134;200;0.727;0.728
1558401754.863;200;0.727;0.728
1558401755.569;200;0.704;0.704
1558401756.389;200;0.818;0.820
1558401757.182;200;0.789;0.792
1558401757.915;200;0.730;0.736
1558401758.654;200;0.734;0.736
1558401759.455;200;0.798;0.796
1558401760.196;200;0.739;0.744
1558401760.920;200;0.722;0.724
1558401761.700;200;0.778;0.780
1558401762.512;200;0.809;0.812
1558401763.250;200;0.736;0.736
1558401764.030;200;0.776;0.776
1558401764.792;200;0.757;0.760
1558401765.603;200;0.809;0.808
1558401766.330;200;0.725;0.728
1558401767.074;200;0.741;0.744
1558401767.804;200;0.728;0.728
1558401768.610;200;0.804;0.804
1558401769.340;200;0.728;0.732
1558401770.066;200;0.724;0.724
1558401770.819;200;0.750;0.748
1558401771.629;200;0.808;0.804
1558401772.364;200;0.733;0.736
1558401773.102;200;0.736;0.736
1558401773.835;200;0.729;0.728
1558401774.654;200;0.816;0.816
1558401775.412;200;0.754;0.756
1558401776.140;200;0.726;0.728
1558401776.849;200;0.707;0.708
1558401777.662;200;0.809;0.812
1558401778.404;200;0.739;0.740
1558401779.117;200;0.711;0.712
1558401779.890;200;0.771;0.772
1558401780.740;200;0.848;0.852
1558401781.482;200;0.740;0.740
1558401782.213;200;0.728;0.732
1558401783.061;200;0.843;0.844
1558401783.879;200;0.810;0.808
1558401784.620;200;0.738;0.736
1558401785.338;200;0.716;0.716
1558401786.066;200;0.725;0.724
1558401786.854;200;0.786;0.788
1558401787.612;200;0.755;0.760
1558401788.339;200;0.724;0.724
1558401789.088;200;0.746;0.748
1558401789.886;200;0.796;0.796
1558401790.660;200;0.771;0.776
1558401791.388;200;0.726;0.728
1558401792.137;200;0.746;0.748
1558401792.998;200;0.857;0.860
1558401793.755;200;0.752;0.756
1558401794.484;200;0.726;0.724
1558401795.226;200;0.740;0.740
1558401796.083;200;0.854;0.852
1558401796.825;200;0.739;0.740
1558401797.545;200;0.718;0.720
1558401798.281;200;0.734;0.736
1558401799.109;200;0.826;0.828
1558401799.903;200;0.791;0.792
1558401800.612;200;0.707;0.708
1558401801.394;200;0.780;0.780
1558401802.209;200;0.812;0.816
1558401802.953;200;0.741;0.744
1558401803.697;200;0.740;0.744
1558401804.376;200;0.676;0.680
1558401805.213;200;0.835;0.836
1558401805.954;200;0.738;0.740
1558401806.678;200;0.722;0.724
1558401807.483;200;0.803;0.804
1558401808.293;200;0.807;0.808
1558401809.049;200;0.754;0.752
1558401809.771;200;0.719;0.724
1558401810.532;200;0.759;0.760
1558401811.366;200;0.831;0.832
1558401812.096;200;0.727;0.728
1558401812.790;200;0.692;0.692
1558401813.562;200;0.768;0.768
1558401814.402;200;0.837;0.840
1558401815.184;200;0.779;0.780
1558401815.886;200;0.700;0.700
1558401816.677;200;0.787;0.788
1558401817.493;200;0.813;0.816
1558401818.225;200;0.730;0.728
1558401818.940;200;0.713;0.716
1558401819.692;200;0.750;0.748
1558401820.513;200;0.819;0.816
1558401821.265;200;0.749;0.752
1558401821.989;200;0.722;0.724
1558401822.810;200;0.818;0.820
1558401823.622;200;0.809;0.808
1558401824.385;200;0.760;0.764
1558401825.134;200;0.747;0.748
1558401825.918;200;0.781;0.784
1558401826.753;200;0.833;0.836
1558401827.483;200;0.728;0.728
1558401828.194;200;0.709;0.708
1558401828.959;200;0.762;0.760
1558401829.797;200;0.835;0.836
1558401830.540;200;0.740;0.740
1558401831.280;200;0.738;0.740
1558401832.073;200;0.791;0.792
1558401832.885;200;0.807;0.808
1558401833.625;200;0.737;0.736
1558401834.347;200;0.720;0.720
1558401835.071;200;0.722;0.720
1558401835.848;200;0.775;0.776
1558401836.593;200;0.743;0.744
1558401837.325;200;0.723;0.724
1558401838.119;200;0.791;0.796
1558401838.931;200;0.809;0.808
1558401839.662;200;0.729;0.728
1558401840.393;200;0.729;0.732
1558401841.152;200;0.757;0.760
1558401841.981;200;0.827;0.828
1558401842.712;200;0.728;0.732
1558401843.411;200;0.697;0.696
1558401844.181;200;0.765;0.768
1558401845.034;200;0.850;0.853
1558401845.757;200;0.720;0.724
1558401846.477;200;0.718;0.720
1558401847.246;200;0.766;0.768
1558401848.036;200;0.788;0.792
1558401848.770;200;0.732;0.732
1558401849.500;200;0.726;0.724
1558401850.240;200;0.738;0.736
1558401851.064;200;0.823;0.824
1558401851.819;200;0.750;0.756
1558401852.555;200;0.734;0.732
1558401853.312;200;0.755;0.756
1558401854.116;200;0.801;0.804
1558401854.840;200;0.722;0.724
1558401855.533;200;0.691;0.692
1558401856.284;200;0.748;0.748
1558401857.148;200;0.862;0.864
1558401857.865;200;0.715;0.716
1558401858.565;200;0.698;0.696
1558401859.372;200;0.806;0.808
1558401860.185;200;0.810;0.812
1558401860.924;200;0.736;0.740
1558401861.666;200;0.740;0.740
1558401862.404;200;0.736;0.736
1558401863.247;200;0.840;0.840
1558401863.979;200;0.729;0.728
1558401864.699;200;0.714;0.716
1558401865.484;200;0.781;0.784
1558401866.324;200;0.838;0.840
1558401867.067;200;0.741;0.740
1558401867.806;200;0.736;0.736
1558401868.605;200;0.797;0.796
1558401869.441;200;0.832;0.832
1558401870.180;200;0.737;0.740
1558401870.888;200;0.706;0.708
1558401871.593;200;0.703;0.704
1558401872.430;200;0.834;0.836
1558401873.184;200;0.752;0.756
1558401873.916;200;0.727;0.728
1558401874.701;200;0.783;0.784
1558401875.499;200;0.795;0.796
1558401876.217;200;0.715;0.716
1558401876.921;200;0.703;0.704
1558401877.668;200;0.744;0.744
1558401878.475;200;0.804;0.808
1558401879.216;200;0.739;0.740
1558401879.937;200;0.719;0.720
1558401880.712;200;0.773;0.772
1558401881.569;200;0.855;0.852
1558401882.297;200;0.727;0.728
1558401883.015;200;0.715;0.716
1558401883.794;200;0.776;0.776
1558401884.581;200;0.785;0.788
1558401885.342;200;0.753;0.756
1558401886.085;200;0.741;0.744
1558401886.839;200;0.749;0.748
1558401887.665;200;0.824;0.824
1558401888.401;200;0.733;0.736
1558401889.115;200;0.710;0.708
1558401889.885;200;0.768;0.772
1558401890.692;200;0.804;0.808
1558401891.425;200;0.731;0.728
1558401892.145;200;0.718;0.720
1558401892.899;200;0.752;0.752
1558401893.736;200;0.833;0.836
1558401894.460;200;0.722;0.724
1558401895.180;200;0.718;0.720
1558401895.957;200;0.775;0.776
1558401896.757;200;0.797;0.800
1558401897.496;200;0.736;0.740
1558401898.225;200;0.727;0.728
1558401898.996;200;0.769;0.768
1558401899.802;200;0.804;0.804
1558401900.544;200;0.739;0.744
1558401901.266;200;0.720;0.720
1558401901.990;200;0.722;0.724
1558401902.822;200;0.830;0.832
1558401903.595;200;0.769;0.768
1558401904.288;200;0.691;0.696
1558401905.001;200;0.712;0.712
1558401905.803;200;0.800;0.800
1558401906.524;200;0.719;0.720
1558401907.250;200;0.724;0.724
1558401908.005;200;0.751;0.752
1558401908.825;200;0.817;0.820
1558401909.569;200;0.743;0.740
1558401910.285;200;0.715;0.716
1558401911.034;200;0.746;0.748
1558401911.858;200;0.821;0.824
1558401912.650;200;0.790;0.792
1558401913.418;200;0.763;0.764
1558401914.187;200;0.764;0.764
1558401914.982;200;0.793;0.796
1558401915.712;200;0.728;0.732
1558401916.398;200;0.684;0.684
1558401917.172;200;0.771;0.772
1558401917.989;200;0.815;0.816
1558401918.746;200;0.754;0.756
1558401919.452;200;0.704;0.704
1558401920.255;200;0.801;0.800
1558401921.081;200;0.824;0.828
1558401921.810;200;0.728;0.728
1558401922.529;200;0.716;0.720
1558401923.273;200;0.740;0.744
1558401924.084;200;0.807;0.804
1558401924.824;200;0.737;0.740
1558401925.569;200;0.742;0.740
1558401926.321;200;0.749;0.752
1558401927.145;200;0.818;0.820
1558401927.875;200;0.723;0.724
1558401928.613;200;0.735;0.736
1558401929.377;200;0.761;0.764
1558401930.200;200;0.818;0.820
1558401930.942;200;0.740;0.740
1558401931.666;200;0.722;0.724
1558401932.463;200;0.795;0.796
1558401933.330;200;0.864;0.864
1558401934.073;200;0.740;0.740
1558401934.839;200;0.764;0.764
1558401935.582;200;0.739;0.740
1558401936.381;200;0.797;0.800
1558401937.100;200;0.716;0.716
1558401937.812;200;0.709;0.708
1558401938.592;200;0.778;0.780
1558401939.427;200;0.832;0.832
1558401940.190;200;0.761;0.764
1558401940.907;200;0.715;0.716
1558401941.665;200;0.755;0.756
1558401942.482;200;0.814;0.816
1558401943.231;200;0.745;0.744
1558401943.945;200;0.709;0.712
1558401944.684;200;0.732;0.732
1558401945.540;200;0.852;0.856
1558401946.304;200;0.759;0.764
1558401947.018;200;0.711;0.712
1558401947.762;200;0.742;0.744
1558401948.605;200;0.840;0.844
1558401949.340;200;0.733;0.736
1558401950.056;200;0.714;0.716
1558401950.772;200;0.714;0.716
1558401951.590;200;0.816;0.816
1558401952.385;200;0.792;0.792
1558401953.106;200;0.718;0.720
1558401953.873;200;0.764;0.764
1558401954.671;200;0.796;0.796
1558401955.424;200;0.751;0.756
1558401956.150;200;0.725;0.724
1558401956.896;200;0.743;0.744
1558401957.736;200;0.837;0.836
1558401958.466;200;0.728;0.728
1558401959.184;200;0.716;0.720
1558401959.927;200;0.741;0.740
1558401960.750;200;0.821;0.824
1558401961.521;200;0.769;0.772
1558401962.257;200;0.733;0.732
1558401962.994;200;0.734;0.736
1558401963.821;200;0.822;0.824
1558401964.573;200;0.749;0.748
1558401965.269;200;0.693;0.696
1558401966.013;200;0.741;0.744
1558401966.804;200;0.789;0.792
1558401967.553;200;0.747;0.748
1558401968.279;200;0.722;0.724
1558401969.094;200;0.812;0.812
1558401969.913;200;0.816;0.820
1558401970.664;200;0.750;0.752
1558401971.450;200;0.784;0.784
1558401972.202;200;0.748;0.748
1558401973.035;200;0.829;0.828
1558401973.777;200;0.738;0.740
1558401974.499;200;0.720;0.720
1558401975.268;200;0.767;0.764
1558401976.069;200;0.799;0.796
1558401976.832;200;0.760;0.764
1558401977.561;200;0.727;0.724
1558401978.322;200;0.758;0.760
1558401979.141;200;0.817;0.820
1558401979.893;200;0.749;0.752
1558401980.624;200;0.728;0.732
1558401981.374;200;0.747;0.748
1558401982.177;200;0.801;0.804
1558401982.922;200;0.741;0.744
1558401983.650;200;0.725;0.728
1558401984.396;200;0.742;0.744
1558401985.236;200;0.838;0.840
1558401985.966;200;0.728;0.728
1558401986.714;200;0.746;0.748
1558401987.444;200;0.727;0.728
1558401988.277;200;0.831;0.832
1558401989.021;200;0.741;0.740
1558401989.745;200;0.721;0.720
1558401990.492;200;0.746;0.748
1558401991.319;200;0.825;0.824
1558401992.053;200;0.732;0.732
1558401992.799;200;0.744;0.744
1558401993.569;200;0.752;0.756
1558401994.381;200;0.810;0.812
1558401995.121;200;0.737;0.740
1558401995.817;200;0.694;0.696
1558401996.593;200;0.773;0.776
1558401997.401;200;0.806;0.808
1558401998.158;200;0.755;0.756
1558401998.856;200;0.696;0.696
1558401999.603;200;0.745;0.744
1558402000.423;200;0.818;0.816
1558402001.202;200;0.777;0.780
1558402001.928;200;0.724;0.728
1558402002.725;200;0.795;0.796
1558402003.544;200;0.818;0.816
1558402004.305;200;0.756;0.756
1558402005.062;200;0.753;0.756
1558402005.808;200;0.743;0.740
1558402006.648;200;0.838;0.836
1558402007.378;200;0.729;0.728
1558402008.157;200;0.777;0.780
1558402008.904;200;0.744;0.748
1558402009.733;200;0.827;0.828
1558402010.457;200;0.722;0.724
1558402011.191;200;0.732;0.732
1558402011.945;200;0.752;0.752
1558402012.763;200;0.816;0.816
1558402013.512;200;0.747;0.752
1558402014.244;200;0.728;0.728
1558402015.016;200;0.770;0.772
1558402015.835;200;0.818;0.816
1558402016.572;200;0.735;0.736
1558402017.291;200;0.717;0.716
1558402018.057;200;0.764;0.764
1558402018.862;200;0.803;0.804
1558402019.588;200;0.723;0.728
1558402020.302;200;0.712;0.712
1558402021.054;200;0.749;0.752
1558402021.946;200;0.888;0.888
1558402022.747;200;0.798;0.796
1558402023.498;200;0.747;0.748
1558402024.220;200;0.718;0.720
1558402025.014;200;0.791;0.792
1558402025.754;200;0.738;0.740
1558402026.474;200;0.717;0.720
1558402027.244;200;0.768;0.772
1558402028.039;200;0.792;0.792
1558402028.774;200;0.733;0.732
1558402029.485;200;0.709;0.712
1558402030.226;200;0.739;0.740
1558402031.037;200;0.808;0.808
1558402031.802;200;0.763;0.764
1558402032.534;200;0.730;0.732
1558402033.316;200;0.779;0.780
1558402034.130;200;0.812;0.812
1558402034.866;200;0.734;0.736
1558402035.578;200;0.710;0.712
1558402036.329;200;0.748;0.752
1558402037.186;200;0.855;0.856
1558402037.938;200;0.749;0.748
1558402038.646;200;0.707;0.708
1558402039.399;200;0.751;0.752
1558402040.185;200;0.784;0.788
1558402040.958;200;0.770;0.772
1558402041.664;200;0.702;0.704
1558402042.369;200;0.703;0.704
1558402043.184;200;0.812;0.812
1558402043.937;200;0.749;0.752
1558402044.718;200;0.780;0.780
1558402045.500;200;0.780;0.780
1558402046.296;200;0.795;0.796
1558402047.026;200;0.728;0.728
1558402047.743;200;0.714;0.712
1558402048.488;200;0.743;0.748
1558402049.340;200;0.850;0.852
1558402050.087;200;0.746;0.744
1558402050.814;200;0.724;0.724
1558402051.556;200;0.741;0.740
1558402052.374;200;0.816;0.816
1558402053.112;200;0.736;0.740
1558402053.823;200;0.706;0.708
1558402054.585;200;0.759;0.760
1558402055.404;200;0.817;0.820
1558402056.157;200;0.751;0.752
1558402056.881;200;0.720;0.724
1558402057.648;200;0.764;0.764
1558402058.453;200;0.803;0.804
1558402059.206;200;0.750;0.752
1558402059.935;200;0.726;0.724
1558402060.673;200;0.736;0.736
1558402061.483;200;0.807;0.808
1558402062.248;200;0.764;0.764
1558402063.019;200;0.767;0.768
1558402063.767;200;0.745;0.744
1558402064.597;200;0.827;0.824
1558402065.331;200;0.732;0.732
1558402066.065;200;0.731;0.732
1558402066.844;200;0.777;0.776
1558402067.658;200;0.812;0.812
1558402068.400;200;0.741;0.744
1558402069.181;200;0.779;0.780
1558402069.932;200;0.749;0.752
1558402070.733;200;0.799;0.796
1558402071.472;200;0.738;0.740
1558402072.214;200;0.740;0.740
1558402072.964;200;0.747;0.748
1558402073.825;200;0.858;0.860
1558402074.569;200;0.741;0.740
1558402075.305;200;0.734;0.736
1558402076.087;200;0.780;0.780
1558402076.906;200;0.817;0.820
1558402077.654;200;0.746;0.748
1558402078.392;200;0.735;0.740
1558402079.127;200;0.733;0.732
1558402079.982;200;0.852;0.852
1558402080.716;200;0.729;0.732
1558402081.433;200;0.715;0.716
1558402082.187;200;0.753;0.752
1558402082.980;200;0.790;0.792
1558402083.732;200;0.749;0.748
1558402084.437;200;0.703;0.704
1558402085.200;200;0.761;0.764
1558402086.024;200;0.822;0.824
1558402086.753;200;0.727;0.728
1558402087.505;200;0.749;0.752
1558402088.266;200;0.758;0.760
1558402089.109;200;0.841;0.844
1558402089.852;200;0.741;0.744
1558402090.573;200;0.718;0.716
1558402091.357;200;0.783;0.784
1558402092.166;200;0.807;0.808
1558402092.918;200;0.750;0.752
1558402093.621;200;0.697;0.700
1558402094.381;200;0.757;0.760
1558402095.235;200;0.851;0.852
1558402095.991;200;0.754;0.752
1558402096.703;200;0.710;0.712
1558402097.496;200;0.790;0.788
1558402098.301;200;0.803;0.800
1558402099.071;200;0.768;0.768
1558402099.805;200;0.732;0.728
1558402100.518;200;0.710;0.712
1558402101.333;200;0.813;0.816
1558402102.062;200;0.726;0.728
1558402102.766;200;0.702;0.704
1558402103.521;200;0.752;0.756
1558402104.361;200;0.835;0.836
1558402105.097;200;0.735;0.732
1558402105.832;200;0.734;0.732
1558402106.605;200;0.771;0.773
1558402107.417;200;0.810;0.812
1558402108.169;200;0.751;0.748
1558402108.881;200;0.711;0.708
1558402109.626;200;0.744;0.744
1558402110.522;200;0.895;0.896
1558402111.251;200;0.727;0.728
1558402111.978;200;0.724;0.724
1558402112.741;200;0.761;0.764
1558402113.564;200;0.820;0.820
1558402114.317;200;0.751;0.752
1558402115.029;200;0.710;0.712
1558402115.757;200;0.726;0.728
1558402116.559;200;0.799;0.800
1558402117.299;200;0.738;0.736
1558402118.019;200;0.718;0.716
1558402118.756;200;0.735;0.736
1558402119.580;200;0.822;0.820
1558402120.312;200;0.730;0.728
1558402121.059;200;0.746;0.744
1558402121.804;200;0.743;0.744
1558402122.609;200;0.803;0.804
1558402123.358;200;0.747;0.748
1558402124.091;200;0.728;0.728
1558402124.842;200;0.749;0.748
1558402125.657;200;0.813;0.812
1558402126.383;200;0.725;0.724
1558402127.104;200;0.719;0.716
1558402127.868;200;0.762;0.760
1558402128.686;200;0.816;0.816
1558402129.443;200;0.754;0.756
1558402130.197;200;0.751;0.752
1558402130.958;200;0.759;0.760
1558402131.787;200;0.827;0.828
1558402132.531;200;0.742;0.740
1558402133.256;200;0.723;0.724
1558402133.993;200;0.734;0.736
1558402134.811;200;0.816;0.816
1558402135.549;200;0.736;0.736
1558402136.260;200;0.709;0.708
1558402137.010;200;0.748;0.748
1558402137.847;200;0.835;0.836
1558402138.601;200;0.752;0.756
1558402139.327;200;0.725;0.724
1558402140.048;200;0.719;0.720
1558402140.916;200;0.866;0.864
1558402141.664;200;0.746;0.744
1558402142.417;200;0.751;0.752
1558402143.161;200;0.742;0.740
1558402143.997;200;0.833;0.836
1558402144.724;200;0.725;0.724
1558402145.457;200;0.731;0.732
1558402146.214;200;0.755;0.756
1558402147.061;200;0.844;0.848
1558402147.798;200;0.735;0.736
1558402148.513;200;0.713;0.716
1558402149.278;200;0.763;0.764
1558402150.121;200;0.840;0.840
1558402150.913;200;0.791;0.792
1558402151.651;200;0.736;0.736
1558402152.409;200;0.756;0.760
1558402153.221;200;0.810;0.812
1558402153.952;200;0.728;0.728
1558402154.689;200;0.735;0.736
1558402155.445;200;0.751;0.752
1558402156.325;200;0.878;0.876
1558402157.069;200;0.740;0.744
1558402157.796;200;0.725;0.724
1558402158.550;200;0.752;0.752
1558402159.371;200;0.819;0.820
1558402160.112;200;0.739;0.736
1558402160.840;200;0.726;0.724
1558402161.590;200;0.748;0.748
1558402162.426;200;0.832;0.832
1558402163.188;200;0.760;0.760
1558402163.909;200;0.718;0.720
1558402164.647;200;0.736;0.736
1558402165.474;200;0.825;0.828
1558402166.201;200;0.726;0.724
1558402166.941;200;0.738;0.740
1558402167.738;200;0.795;0.796
1558402168.559;200;0.819;0.820
1558402169.296;200;0.735;0.732
1558402169.999;200;0.701;0.700
1558402170.733;200;0.731;0.732
1558402171.615;200;0.880;0.880
1558402172.357;200;0.741;0.740
1558402173.057;200;0.698;0.700
1558402173.835;200;0.775;0.776
1558402174.661;200;0.824;0.820
1558402175.393;200;0.731;0.732
1558402176.114;200;0.719;0.720
1558402176.849;200;0.734;0.736
1558402177.728;200;0.877;0.876
1558402178.459;200;0.729;0.728
1558402179.171;200;0.710;0.712
1558402179.929;200;0.756;0.760
1558402180.750;200;0.819;0.820
1558402181.475;200;0.724;0.724
1558402182.218;200;0.737;0.740
1558402183.047;200;0.824;0.824
1558402183.897;200;0.847;0.844
1558402184.623;200;0.724;0.724
1558402185.338;200;0.712;0.712
1558402186.061;200;0.721;0.724
1558402186.885;200;0.819;0.816
1558402187.617;200;0.730;0.728
1558402188.354;200;0.736;0.736
1558402189.105;200;0.749;0.752
1558402189.909;200;0.802;0.800
1558402190.658;200;0.748;0.748
1558402191.381;200;0.721;0.720
1558402192.113;200;0.730;0.732
1558402192.926;200;0.809;0.808
1558402193.697;200;0.768;0.764
1558402194.419;200;0.720;0.720
1558402195.153;200;0.732;0.732
1558402195.974;200;0.819;0.820
1558402196.729;200;0.754;0.756
1558402197.482;200;0.751;0.752
1558402198.252;200;0.769;0.768
1558402199.110;200;0.856;0.856
1558402199.843;200;0.730;0.732
1558402200.550;200;0.704;0.704
1558402201.303;200;0.751;0.752
1558402202.149;200;0.843;0.840
1558402202.904;200;0.753;0.752
1558402203.635;200;0.728;0.728
1558402204.428;200;0.790;0.789
1558402205.229;200;0.798;0.796
1558402205.982;200;0.751;0.752
1558402206.706;200;0.720;0.724
1558402207.457;200;0.748;0.752
1558402208.287;200;0.827;0.828
1558402209.011;200;0.721;0.720
1558402209.740;200;0.726;0.728
1558402210.495;200;0.753;0.756
1558402211.348;200;0.850;0.852
1558402212.119;200;0.769;0.772
1558402212.825;200;0.704;0.708
1558402213.581;200;0.752;0.748
1558402214.429;200;0.844;0.840
1558402215.207;200;0.777;0.780
1558402215.945;200;0.733;0.732
1558402216.656;200;0.709;0.712
1558402217.483;200;0.825;0.828
1558402218.233;200;0.748;0.748
1558402218.914;200;0.679;0.684
1558402219.693;200;0.778;0.776
1558402220.499;200;0.803;0.808
1558402221.250;200;0.747;0.752
1558402221.973;200;0.722;0.720
1558402222.719;200;0.744;0.744
1558402223.577;200;0.851;0.852
1558402224.324;200;0.745;0.748
1558402225.053;200;0.727;0.728
1558402225.808;200;0.754;0.756
1558402226.637;200;0.826;0.828
1558402227.374;200;0.735;0.740
1558402228.087;200;0.709;0.708
1558402228.849;200;0.760;0.764
1558402229.676;200;0.825;0.828
1558402230.413;200;0.735;0.732
1558402231.145;200;0.731;0.732
1558402231.875;200;0.727;0.732
1558402232.767;200;0.888;0.892
1558402233.491;200;0.719;0.724
1558402234.217;200;0.723;0.724
1558402234.997;200;0.778;0.780
1558402235.815;200;0.816;0.820
1558402236.546;200;0.730;0.732
1558402237.287;200;0.738;0.740
1558402237.954;200;0.663;0.668
1558402238.803;200;0.847;0.848
1558402239.545;200;0.739;0.740
1558402240.301;200;0.754;0.756
1558402241.035;200;0.732;0.732
1558402241.851;200;0.813;0.816
1558402242.607;200;0.754;0.756
1558402243.321;200;0.712;0.712
1558402244.110;200;0.784;0.784
1558402244.933;200;0.822;0.824
1558402245.682;200;0.748;0.752
1558402246.397;200;0.713;0.712
1558402247.158;200;0.759;0.764
1558402247.979;200;0.820;0.820
1558402248.697;200;0.716;0.716
1558402249.418;200;0.719;0.720
1558402250.169;200;0.748;0.752
1558402250.997;200;0.826;0.828
1558402251.758;200;0.759;0.760
1558402252.482;200;0.722;0.728
1558402253.207;200;0.721;0.724
1558402254.048;200;0.838;0.840
1558402254.786;200;0.737;0.740
1558402255.525;200;0.737;0.736
1558402256.262;200;0.735;0.740
1558402257.097;200;0.833;0.832
1558402257.831;200;0.732;0.736
1558402258.548;200;0.714;0.716
1558402259.281;200;0.732;0.732
1558402260.153;200;0.870;0.868
1558402260.894;200;0.740;0.740
1558402261.640;200;0.744;0.748
1558402262.459;200;0.816;0.820
1558402263.285;200;0.824;0.824
1558402264.021;200;0.733;0.736
1558402264.723;200;0.700;0.704
1558402265.457;200;0.730;0.732
1558402266.276;200;0.817;0.820
1558402267.044;200;0.765;0.768
1558402267.768;200;0.722;0.720
1558402268.526;200;0.756;0.756
1558402269.357;200;0.830;0.832
1558402270.095;200;0.736;0.740
1558402270.831;200;0.733;0.736
1558402271.578;200;0.745;0.748
1558402272.393;200;0.813;0.812
1558402273.173;200;0.778;0.780
1558402273.895;200;0.719;0.724
1558402274.641;200;0.743;0.744
1558402275.470;200;0.827;0.828
1558402276.210;200;0.738;0.744
1558402276.914;200;0.703;0.700
1558402277.752;200;0.836;0.836
1558402278.564;200;0.809;0.812
1558402279.315;200;0.749;0.748
1558402280.034;200;0.718;0.724
1558402280.749;200;0.712;0.712
1558402281.550;200;0.799;0.800
1558402282.327;200;0.776;0.780
1558402283.054;200;0.724;0.724
1558402283.818;200;0.762;0.764
1558402284.610;200;0.790;0.796
1558402285.362;200;0.751;0.748
1558402286.069;200;0.706;0.704
1558402286.836;200;0.766;0.768
1558402287.646;200;0.807;0.812
1558402288.406;200;0.758;0.756
1558402289.171;200;0.719;0.720
1558402289.914;200;0.741;0.740
1558402290.769;200;0.854;0.856
1558402291.493;200;0.723;0.724
1558402292.229;200;0.734;0.736
1558402292.977;200;0.746;0.748
1558402293.817;200;0.838;0.840
1558402294.561;200;0.742;0.744
1558402295.258;200;0.695;0.696
1558402296.005;200;0.745;0.748
1558402296.830;200;0.823;0.824
1558402297.570;200;0.738;0.740
1558402298.304;200;0.732;0.732
1558402299.072;200;0.766;0.768
1558402299.901;200;0.827;0.828
1558402300.637;200;0.734;0.736
1558402301.361;200;0.722;0.724
1558402302.123;200;0.760;0.760
1558402302.930;200;0.804;0.808
1558402303.686;200;0.753;0.752
1558402304.406;200;0.718;0.720
1558402305.193;200;0.785;0.788
1558402306.010;200;0.815;0.820
1558402306.726;200;0.713;0.712
1558402307.439;200;0.712;0.716
1558402308.186;200;0.744;0.748
1558402308.993;200;0.805;0.804
