[WARN]  Running against a source checkout. In order to get our runtime dependencies we'll have to invoke Maven. Depending on the state of your system, this may take ~30-45 seconds
[DEBUG]  Running 'mvn -pl com.yahoo.ycsb:rest-binding -am package -DskipTests dependency:build-classpath -DincludeScope=compile -Dmdep.outputFilterFile=true'
WARNING: An illegal reflective access operation has occurred
WARNING: Illegal reflective access by com.google.inject.internal.cglib.core.$ReflectUtils$1 (file:/usr/share/maven/lib/guice.jar) to method java.lang.ClassLoader.defineClass(java.lang.String,byte[],int,int,java.security.ProtectionDomain)
WARNING: Please consider reporting this to the maintainers of com.google.inject.internal.cglib.core.$ReflectUtils$1
WARNING: Use --illegal-access=warn to enable warnings of further illegal reflective access operations
WARNING: All illegal access operations will be denied in a future release
java -cp /home/ubuntu/YCSB/rest/conf:/home/ubuntu/YCSB/rest/target/rest-binding-0.16.0-SNAPSHOT.jar:/home/ubuntu/.m2/repository/org/hdrhistogram/HdrHistogram/2.1.4/HdrHistogram-2.1.4.jar:/home/ubuntu/.m2/repository/org/glassfish/hk2/external/javax.inject/2.2.0/javax.inject-2.2.0.jar:/home/ubuntu/.m2/repository/com/github/stefanbirkner/system-rules/1.16.0/system-rules-1.16.0.jar:/home/ubuntu/.m2/repository/org/codehaus/jackson/jackson-core-asl/1.9.4/jackson-core-asl-1.9.4.jar:/home/ubuntu/.m2/repository/org/glassfish/jersey/core/jersey-server/2.6/jersey-server-2.6.jar:/home/ubuntu/YCSB/core/target/core-0.16.0-SNAPSHOT.jar:/home/ubuntu/.m2/repository/org/glassfish/hk2/hk2-api/2.2.0/hk2-api-2.2.0.jar:/home/ubuntu/.m2/repository/javax/ws/rs/javax.ws.rs-api/2.0/javax.ws.rs-api-2.0.jar:/home/ubuntu/.m2/repository/org/glassfish/hk2/hk2-locator/2.2.0/hk2-locator-2.2.0.jar:/home/ubuntu/.m2/repository/org/eclipse/jdt/core/compiler/ecj/4.4.2/ecj-4.4.2.jar:/home/ubuntu/.m2/repository/org/codehaus/jackson/jackson-mapper-asl/1.9.4/jackson-mapper-asl-1.9.4.jar:/home/ubuntu/.m2/repository/org/glassfish/jersey/bundles/repackaged/jersey-guava/2.6/jersey-guava-2.6.jar:/home/ubuntu/.m2/repository/org/glassfish/hk2/external/aopalliance-repackaged/2.2.0/aopalliance-repackaged-2.2.0.jar:/home/ubuntu/.m2/repository/org/javassist/javassist/3.18.1-GA/javassist-3.18.1-GA.jar:/home/ubuntu/.m2/repository/javax/annotation/javax.annotation-api/1.2/javax.annotation-api-1.2.jar:/home/ubuntu/.m2/repository/org/apache/htrace/htrace-core4/4.1.0-incubating/htrace-core4-4.1.0-incubating.jar:/home/ubuntu/.m2/repository/org/apache/tomcat/embed/tomcat-embed-logging-log4j/8.0.28/tomcat-embed-logging-log4j-8.0.28.jar:/home/ubuntu/.m2/repository/org/apache/tomcat/embed/tomcat-embed-el/8.0.28/tomcat-embed-el-8.0.28.jar:/home/ubuntu/.m2/repository/org/apache/tomcat/embed/tomcat-embed-logging-juli/8.0.28/tomcat-embed-logging-juli-8.0.28.jar:/home/ubuntu/.m2/repository/org/apache/tomcat/embed/tomcat-embed-core/8.0.28/tomcat-embed-core-8.0.28.jar:/home/ubuntu/.m2/repository/org/glassfish/hk2/osgi-resource-locator/1.0.1/osgi-resource-locator-1.0.1.jar:/home/ubuntu/.m2/repository/commons-codec/commons-codec/1.9/commons-codec-1.9.jar:/home/ubuntu/.m2/repository/org/glassfish/jersey/core/jersey-client/2.6/jersey-client-2.6.jar:/home/ubuntu/.m2/repository/org/apache/tomcat/embed/tomcat-embed-websocket/8.0.28/tomcat-embed-websocket-8.0.28.jar:/home/ubuntu/.m2/repository/commons-logging/commons-logging/1.2/commons-logging-1.2.jar:/home/ubuntu/.m2/repository/org/glassfish/hk2/hk2-utils/2.2.0/hk2-utils-2.2.0.jar:/home/ubuntu/.m2/repository/javax/validation/validation-api/1.1.0.Final/validation-api-1.1.0.Final.jar:/home/ubuntu/.m2/repository/org/apache/httpcomponents/httpclient/4.5.1/httpclient-4.5.1.jar:/home/ubuntu/.m2/repository/org/apache/tomcat/tomcat-dbcp/8.0.28/tomcat-dbcp-8.0.28.jar:/home/ubuntu/.m2/repository/org/glassfish/jersey/containers/jersey-container-servlet-core/2.6/jersey-container-servlet-core-2.6.jar:/home/ubuntu/.m2/repository/org/apache/tomcat/embed/tomcat-embed-jasper/8.0.28/tomcat-embed-jasper-8.0.28.jar:/home/ubuntu/.m2/repository/org/glassfish/jersey/core/jersey-common/2.6/jersey-common-2.6.jar:/home/ubuntu/.m2/repository/org/apache/httpcomponents/httpcore/4.4.4/httpcore-4.4.4.jar com.yahoo.ycsb.Client -db com.yahoo.ycsb.webservice.rest.RestClient -s -P workloads/rest_workload -t
Command line: -db com.yahoo.ycsb.webservice.rest.RestClient -s -P workloads/rest_workload -t
YCSB Client 0.16.0-SNAPSHOT

Loading workload...
Starting test.
2019-05-21 03:09:36:451 0 sec: 0 operations; est completion in 0 second 
DBWrapper: report latency for each error is false and specific error codes to track for latency are: []
2019-05-21 03:09:46:393 10 sec: 12 operations; 1.2 current ops/sec; est completion in 20 minutes [READ: Count=12, Max=844799, Min=723968, Avg=782677.33, 90=831999, 99=844799, 99.9=844799, 99.99=844799] 
2019-05-21 03:09:56:390 20 sec: 25 operations; 1.3 current ops/sec; est completion in 19 minutes [READ: Count=13, Max=847871, Min=716800, Avg=764514.46, 90=837119, 99=847871, 99.9=847871, 99.99=847871] 
2019-05-21 03:10:06:390 30 sec: 38 operations; 1.3 current ops/sec; est completion in 19 minutes [READ: Count=13, Max=873983, Min=669696, Avg=768374.15, 90=843263, 99=873983, 99.9=873983, 99.99=873983] 
2019-05-21 03:10:16:390 40 sec: 51 operations; 1.3 current ops/sec; est completion in 18 minutes [READ: Count=13, Max=897535, Min=718848, Avg=767074.46, 90=835071, 99=897535, 99.9=897535, 99.99=897535] 
2019-05-21 03:10:26:390 50 sec: 64 operations; 1.3 current ops/sec; est completion in 18 minutes [READ: Count=13, Max=861183, Min=716800, Avg=784521.85, 90=860671, 99=861183, 99.9=861183, 99.99=861183] 
2019-05-21 03:10:36:391 60 sec: 77 operations; 1.3 current ops/sec; est completion in 18 minutes [READ: Count=13, Max=851967, Min=708608, Avg=769201.23, 90=845823, 99=851967, 99.9=851967, 99.99=851967] 
2019-05-21 03:10:46:390 70 sec: 90 operations; 1.3 current ops/sec; est completion in 18 minutes [READ: Count=13, Max=824319, Min=700416, Avg=755613.54, 90=818687, 99=824319, 99.9=824319, 99.99=824319] 
2019-05-21 03:10:56:390 80 sec: 103 operations; 1.3 current ops/sec; est completion in 18 minutes [READ: Count=13, Max=857087, Min=679424, Avg=759355.08, 90=851455, 99=857087, 99.9=857087, 99.99=857087] 
2019-05-21 03:11:06:391 90 sec: 116 operations; 1.3 current ops/sec; est completion in 17 minutes [READ: Count=13, Max=840191, Min=719360, Avg=776132.92, 90=828927, 99=840191, 99.9=840191, 99.99=840191] 
2019-05-21 03:11:16:390 100 sec: 129 operations; 1.3 current ops/sec; est completion in 17 minutes [READ: Count=13, Max=858111, Min=723968, Avg=778023.38, 90=857087, 99=858111, 99.9=858111, 99.99=858111] 
2019-05-21 03:11:26:390 110 sec: 142 operations; 1.3 current ops/sec; est completion in 17 minutes [READ: Count=13, Max=834559, Min=721920, Avg=763963.08, 90=816639, 99=834559, 99.9=834559, 99.99=834559] 
2019-05-21 03:11:36:390 120 sec: 155 operations; 1.3 current ops/sec; est completion in 17 minutes [READ: Count=13, Max=858111, Min=677376, Avg=764002.46, 90=843775, 99=858111, 99.9=858111, 99.99=858111] 
2019-05-21 03:11:46:390 130 sec: 168 operations; 1.3 current ops/sec; est completion in 17 minutes [READ: Count=13, Max=832511, Min=706560, Avg=766601.85, 90=813567, 99=832511, 99.9=832511, 99.99=832511] 
2019-05-21 03:11:56:390 140 sec: 181 operations; 1.3 current ops/sec; est completion in 17 minutes [READ: Count=13, Max=830463, Min=691200, Avg=753565.54, 90=816127, 99=830463, 99.9=830463, 99.99=830463] 
2019-05-21 03:12:06:391 150 sec: 194 operations; 1.3 current ops/sec; est completion in 16 minutes [READ: Count=13, Max=840191, Min=707584, Avg=760142.77, 90=825343, 99=840191, 99.9=840191, 99.99=840191] 
2019-05-21 03:12:16:390 160 sec: 207 operations; 1.3 current ops/sec; est completion in 16 minutes [READ: Count=13, Max=856575, Min=701952, Avg=765892.92, 90=839167, 99=856575, 99.9=856575, 99.99=856575] 
2019-05-21 03:12:26:391 170 sec: 220 operations; 1.3 current ops/sec; est completion in 16 minutes [READ: Count=13, Max=862719, Min=715776, Avg=779874.46, 90=844799, 99=862719, 99.9=862719, 99.99=862719] 
2019-05-21 03:12:36:390 180 sec: 233 operations; 1.3 current ops/sec; est completion in 16 minutes [READ: Count=13, Max=867327, Min=714240, Avg=763175.38, 90=836607, 99=867327, 99.9=867327, 99.99=867327] 
2019-05-21 03:12:46:390 190 sec: 246 operations; 1.3 current ops/sec; est completion in 16 minutes [READ: Count=13, Max=827903, Min=704512, Avg=764199.38, 90=814591, 99=827903, 99.9=827903, 99.99=827903] 
2019-05-21 03:12:56:390 200 sec: 259 operations; 1.3 current ops/sec; est completion in 15 minutes [READ: Count=13, Max=848383, Min=708608, Avg=770500.92, 90=819199, 99=848383, 99.9=848383, 99.99=848383] 
2019-05-21 03:13:06:390 210 sec: 272 operations; 1.3 current ops/sec; est completion in 15 minutes [READ: Count=13, Max=865279, Min=704000, Avg=776408.62, 90=834559, 99=865279, 99.9=865279, 99.99=865279] 
2019-05-21 03:13:16:390 220 sec: 286 operations; 1.4 current ops/sec; est completion in 15 minutes [READ: Count=14, Max=838143, Min=686080, Avg=750116.57, 90=803839, 99=838143, 99.9=838143, 99.99=838143] 
2019-05-21 03:13:26:390 230 sec: 298 operations; 1.2 current ops/sec; est completion in 15 minutes [READ: Count=12, Max=831999, Min=730112, Avg=780160, 90=831487, 99=831999, 99.9=831999, 99.99=831999] 
2019-05-21 03:13:36:390 240 sec: 311 operations; 1.3 current ops/sec; est completion in 15 minutes [READ: Count=13, Max=855551, Min=718336, Avg=759985.23, 90=796159, 99=855551, 99.9=855551, 99.99=855551] 
2019-05-21 03:13:46:390 250 sec: 324 operations; 1.3 current ops/sec; est completion in 15 minutes [READ: Count=13, Max=826879, Min=711680, Avg=775660.31, 90=821759, 99=826879, 99.9=826879, 99.99=826879] 
2019-05-21 03:13:56:390 260 sec: 338 operations; 1.4 current ops/sec; est completion in 14 minutes [READ: Count=14, Max=830463, Min=710144, Avg=759040, 90=808447, 99=830463, 99.9=830463, 99.99=830463] 
2019-05-21 03:14:06:390 270 sec: 351 operations; 1.3 current ops/sec; est completion in 14 minutes [READ: Count=13, Max=837631, Min=717824, Avg=761875.69, 90=807935, 99=837631, 99.9=837631, 99.99=837631] 
2019-05-21 03:14:16:390 280 sec: 364 operations; 1.3 current ops/sec; est completion in 14 minutes [READ: Count=13, Max=826879, Min=691200, Avg=768137.85, 90=817663, 99=826879, 99.9=826879, 99.99=826879] 
2019-05-21 03:14:26:390 290 sec: 377 operations; 1.3 current ops/sec; est completion in 14 minutes [READ: Count=13, Max=854527, Min=720896, Avg=770894.77, 90=825343, 99=854527, 99.9=854527, 99.99=854527] 
2019-05-21 03:14:36:390 300 sec: 390 operations; 1.3 current ops/sec; est completion in 14 minutes [READ: Count=13, Max=828927, Min=724992, Avg=759788.31, 90=822783, 99=828927, 99.9=828927, 99.99=828927] 
2019-05-21 03:14:46:390 310 sec: 403 operations; 1.3 current ops/sec; est completion in 14 minutes [READ: Count=13, Max=834047, Min=701952, Avg=767862.15, 90=818175, 99=834047, 99.9=834047, 99.99=834047] 
2019-05-21 03:14:56:390 320 sec: 416 operations; 1.3 current ops/sec; est completion in 13 minutes [READ: Count=13, Max=839679, Min=707584, Avg=776999.38, 90=837631, 99=839679, 99.9=839679, 99.99=839679] 
2019-05-21 03:15:06:390 330 sec: 429 operations; 1.3 current ops/sec; est completion in 13 minutes [READ: Count=13, Max=827903, Min=708096, Avg=764475.08, 90=821759, 99=827903, 99.9=827903, 99.99=827903] 
2019-05-21 03:15:16:390 340 sec: 442 operations; 1.3 current ops/sec; est completion in 13 minutes [READ: Count=13, Max=841727, Min=708096, Avg=764553.85, 90=841215, 99=841727, 99.9=841727, 99.99=841727] 
2019-05-21 03:15:26:391 350 sec: 455 operations; 1.3 current ops/sec; est completion in 13 minutes [READ: Count=13, Max=873983, Min=712704, Avg=771052.31, 90=838143, 99=873983, 99.9=873983, 99.99=873983] 
2019-05-21 03:15:36:390 360 sec: 468 operations; 1.3 current ops/sec; est completion in 13 minutes [READ: Count=13, Max=868351, Min=708096, Avg=772824.62, 90=838143, 99=868351, 99.9=868351, 99.99=868351] 
2019-05-21 03:15:46:390 370 sec: 481 operations; 1.3 current ops/sec; est completion in 13 minutes [READ: Count=13, Max=831999, Min=725504, Avg=773218.46, 90=816639, 99=831999, 99.9=831999, 99.99=831999] 
2019-05-21 03:15:56:390 380 sec: 494 operations; 1.3 current ops/sec; est completion in 12 minutes [READ: Count=13, Max=834559, Min=712704, Avg=766641.23, 90=822271, 99=834559, 99.9=834559, 99.99=834559] 
2019-05-21 03:16:06:391 390 sec: 507 operations; 1.3 current ops/sec; est completion in 12 minutes [READ: Count=13, Max=859135, Min=716800, Avg=770422.15, 90=843775, 99=859135, 99.9=859135, 99.99=859135] 
2019-05-21 03:16:16:390 400 sec: 520 operations; 1.3 current ops/sec; est completion in 12 minutes [READ: Count=13, Max=875007, Min=715776, Avg=779362.46, 90=860671, 99=875007, 99.9=875007, 99.99=875007] 
2019-05-21 03:16:26:390 410 sec: 533 operations; 1.3 current ops/sec; est completion in 12 minutes [READ: Count=13, Max=868351, Min=730624, Avg=767940.92, 90=842751, 99=868351, 99.9=868351, 99.99=868351] 
2019-05-21 03:16:36:390 420 sec: 546 operations; 1.3 current ops/sec; est completion in 12 minutes [READ: Count=13, Max=859135, Min=697344, Avg=761600, 90=836607, 99=859135, 99.9=859135, 99.99=859135] 
2019-05-21 03:16:46:390 430 sec: 559 operations; 1.3 current ops/sec; est completion in 12 minutes [READ: Count=13, Max=841215, Min=691712, Avg=768531.69, 90=838655, 99=841215, 99.9=841215, 99.99=841215] 
2019-05-21 03:16:56:390 440 sec: 572 operations; 1.3 current ops/sec; est completion in 11 minutes [READ: Count=13, Max=865791, Min=722944, Avg=777393.23, 90=856063, 99=865791, 99.9=865791, 99.99=865791] 
2019-05-21 03:17:06:390 450 sec: 585 operations; 1.3 current ops/sec; est completion in 11 minutes [READ: Count=13, Max=842751, Min=724480, Avg=765538.46, 90=826879, 99=842751, 99.9=842751, 99.99=842751] 
2019-05-21 03:17:16:390 460 sec: 598 operations; 1.3 current ops/sec; est completion in 11 minutes [READ: Count=13, Max=843263, Min=713728, Avg=766680.62, 90=819711, 99=843263, 99.9=843263, 99.99=843263] 
2019-05-21 03:17:26:390 470 sec: 611 operations; 1.3 current ops/sec; est completion in 11 minutes [READ: Count=13, Max=870399, Min=704000, Avg=773612.31, 90=828415, 99=870399, 99.9=870399, 99.99=870399] 
2019-05-21 03:17:36:390 480 sec: 624 operations; 1.3 current ops/sec; est completion in 11 minutes [READ: Count=13, Max=843263, Min=716288, Avg=767586.46, 90=834559, 99=843263, 99.9=843263, 99.99=843263] 
2019-05-21 03:17:46:390 490 sec: 637 operations; 1.3 current ops/sec; est completion in 11 minutes [READ: Count=13, Max=826367, Min=714752, Avg=757307.08, 90=817151, 99=826367, 99.9=826367, 99.99=826367] 
2019-05-21 03:17:56:390 500 sec: 650 operations; 1.3 current ops/sec; est completion in 10 minutes [READ: Count=13, Max=852479, Min=704512, Avg=766483.69, 90=821247, 99=852479, 99.9=852479, 99.99=852479] 
2019-05-21 03:18:06:390 510 sec: 663 operations; 1.3 current ops/sec; est completion in 10 minutes [READ: Count=13, Max=826367, Min=685568, Avg=763766.15, 90=825855, 99=826367, 99.9=826367, 99.99=826367] 
2019-05-21 03:18:16:390 520 sec: 676 operations; 1.3 current ops/sec; est completion in 10 minutes [READ: Count=13, Max=854527, Min=712192, Avg=765026.46, 90=823807, 99=854527, 99.9=854527, 99.99=854527] 
2019-05-21 03:18:26:390 530 sec: 689 operations; 1.3 current ops/sec; est completion in 10 minutes [READ: Count=13, Max=870399, Min=699392, Avg=765341.54, 90=824319, 99=870399, 99.9=870399, 99.99=870399] 
2019-05-21 03:18:36:390 540 sec: 702 operations; 1.3 current ops/sec; est completion in 10 minutes [READ: Count=13, Max=855551, Min=689664, Avg=765538.46, 90=821759, 99=855551, 99.9=855551, 99.99=855551] 
2019-05-21 03:18:46:389 550 sec: 715 operations; 1.3 current ops/sec; est completion in 10 minutes [READ: Count=13, Max=834047, Min=693760, Avg=765302.15, 90=821759, 99=834047, 99.9=834047, 99.99=834047] 
2019-05-21 03:18:56:390 560 sec: 728 operations; 1.3 current ops/sec; est completion in 9 minutes [READ: Count=13, Max=858623, Min=714240, Avg=765696, 90=813055, 99=858623, 99.9=858623, 99.99=858623] 
2019-05-21 03:19:06:390 570 sec: 741 operations; 1.3 current ops/sec; est completion in 9 minutes [READ: Count=13, Max=891903, Min=715776, Avg=764987.08, 90=796159, 99=891903, 99.9=891903, 99.99=891903] 
2019-05-21 03:19:16:390 580 sec: 754 operations; 1.3 current ops/sec; est completion in 9 minutes [READ: Count=13, Max=842239, Min=711168, Avg=761009.23, 90=814079, 99=842239, 99.9=842239, 99.99=842239] 
2019-05-21 03:19:26:389 590 sec: 768 operations; 1.4 current ops/sec; est completion in 9 minutes [READ: Count=14, Max=835583, Min=707584, Avg=760173.71, 90=825855, 99=835583, 99.9=835583, 99.99=835583] 
2019-05-21 03:19:36:390 600 sec: 781 operations; 1.3 current ops/sec; est completion in 9 minutes [READ: Count=13, Max=826367, Min=705536, Avg=758567.38, 90=819711, 99=826367, 99.9=826367, 99.99=826367] 
2019-05-21 03:19:46:390 610 sec: 794 operations; 1.3 current ops/sec; est completion in 9 minutes [READ: Count=13, Max=833023, Min=686592, Avg=754156.31, 90=829951, 99=833023, 99.9=833023, 99.99=833023] 
2019-05-21 03:19:56:390 620 sec: 807 operations; 1.3 current ops/sec; est completion in 8 minutes [READ: Count=13, Max=841727, Min=723456, Avg=761954.46, 90=814591, 99=841727, 99.9=841727, 99.99=841727] 
2019-05-21 03:20:06:390 630 sec: 820 operations; 1.3 current ops/sec; est completion in 8 minutes [READ: Count=13, Max=821247, Min=686080, Avg=767192.62, 90=816639, 99=821247, 99.9=821247, 99.99=821247] 
2019-05-21 03:20:16:390 640 sec: 833 operations; 1.3 current ops/sec; est completion in 8 minutes [READ: Count=14, Max=858111, Min=651264, Avg=749604.57, 90=808447, 99=858111, 99.9=858111, 99.99=858111] 
2019-05-21 03:20:26:390 650 sec: 847 operations; 1.4 current ops/sec; est completion in 8 minutes [READ: Count=13, Max=820735, Min=711168, Avg=768649.85, 90=819199, 99=820735, 99.9=820735, 99.99=820735] 
2019-05-21 03:20:36:390 660 sec: 859 operations; 1.2 current ops/sec; est completion in 8 minutes [READ: Count=12, Max=894463, Min=708096, Avg=771456, 90=823807, 99=894463, 99.9=894463, 99.99=894463] 
2019-05-21 03:20:46:391 670 sec: 872 operations; 1.3 current ops/sec; est completion in 8 minutes [READ: Count=13, Max=843263, Min=714752, Avg=772430.77, 90=842751, 99=843263, 99.9=843263, 99.99=843263] 
2019-05-21 03:20:56:390 680 sec: 885 operations; 1.3 current ops/sec; est completion in 7 minutes [READ: Count=13, Max=835583, Min=713216, Avg=767035.08, 90=815615, 99=835583, 99.9=835583, 99.99=835583] 
2019-05-21 03:21:06:390 690 sec: 899 operations; 1.4 current ops/sec; est completion in 7 minutes [READ: Count=14, Max=847359, Min=705024, Avg=763465.14, 90=828927, 99=847359, 99.9=847359, 99.99=847359] 
2019-05-21 03:21:16:390 700 sec: 912 operations; 1.3 current ops/sec; est completion in 7 minutes [READ: Count=13, Max=847359, Min=679936, Avg=761875.69, 90=825855, 99=847359, 99.9=847359, 99.99=847359] 
2019-05-21 03:21:26:390 710 sec: 925 operations; 1.3 current ops/sec; est completion in 7 minutes [READ: Count=13, Max=825343, Min=704000, Avg=758370.46, 90=818687, 99=825343, 99.9=825343, 99.99=825343] 
2019-05-21 03:21:36:390 720 sec: 938 operations; 1.3 current ops/sec; est completion in 7 minutes [READ: Count=13, Max=827903, Min=717312, Avg=763648, 90=813567, 99=827903, 99.9=827903, 99.99=827903] 
2019-05-21 03:21:46:390 730 sec: 951 operations; 1.3 current ops/sec; est completion in 7 minutes [READ: Count=13, Max=819199, Min=691712, Avg=759591.38, 90=819199, 99=819199, 99.9=819199, 99.99=819199] 
2019-05-21 03:21:56:390 740 sec: 964 operations; 1.3 current ops/sec; est completion in 6 minutes [READ: Count=13, Max=848383, Min=715264, Avg=772745.85, 90=839679, 99=848383, 99.9=848383, 99.99=848383] 
2019-05-21 03:22:06:390 750 sec: 977 operations; 1.3 current ops/sec; est completion in 6 minutes [READ: Count=13, Max=828927, Min=712192, Avg=764278.15, 90=820223, 99=828927, 99.9=828927, 99.99=828927] 
2019-05-21 03:22:16:391 760 sec: 990 operations; 1.3 current ops/sec; est completion in 6 minutes [READ: Count=13, Max=835583, Min=713216, Avg=773533.54, 90=814591, 99=835583, 99.9=835583, 99.99=835583] 
2019-05-21 03:22:26:390 770 sec: 1003 operations; 1.3 current ops/sec; est completion in 6 minutes [READ: Count=13, Max=825855, Min=699392, Avg=764553.85, 90=812543, 99=825855, 99.9=825855, 99.99=825855] 
2019-05-21 03:22:36:390 780 sec: 1016 operations; 1.3 current ops/sec; est completion in 6 minutes [READ: Count=13, Max=841727, Min=736256, Avg=785939.69, 90=839167, 99=841727, 99.9=841727, 99.99=841727] 
2019-05-21 03:22:46:390 790 sec: 1029 operations; 1.3 current ops/sec; est completion in 6 minutes [READ: Count=13, Max=818687, Min=701952, Avg=757622.15, 90=816127, 99=818687, 99.9=818687, 99.99=818687] 
2019-05-21 03:22:56:390 800 sec: 1042 operations; 1.3 current ops/sec; est completion in 5 minutes [READ: Count=13, Max=836095, Min=711680, Avg=769476.92, 90=834559, 99=836095, 99.9=836095, 99.99=836095] 
2019-05-21 03:23:06:390 810 sec: 1055 operations; 1.3 current ops/sec; est completion in 5 minutes [READ: Count=13, Max=825855, Min=718848, Avg=760812.31, 90=822783, 99=825855, 99.9=825855, 99.99=825855] 
2019-05-21 03:23:16:390 820 sec: 1068 operations; 1.3 current ops/sec; est completion in 5 minutes [READ: Count=13, Max=816127, Min=709632, Avg=764278.15, 90=811519, 99=816127, 99.9=816127, 99.99=816127] 
2019-05-21 03:23:26:390 830 sec: 1081 operations; 1.3 current ops/sec; est completion in 5 minutes [READ: Count=13, Max=905215, Min=699392, Avg=765735.38, 90=854527, 99=905215, 99.9=905215, 99.99=905215] 
2019-05-21 03:23:36:391 840 sec: 1094 operations; 1.3 current ops/sec; est completion in 5 minutes [READ: Count=13, Max=842239, Min=727552, Avg=774006.15, 90=837631, 99=842239, 99.9=842239, 99.99=842239] 
2019-05-21 03:23:46:390 850 sec: 1107 operations; 1.3 current ops/sec; est completion in 5 minutes [READ: Count=13, Max=850943, Min=729088, Avg=772942.77, 90=831487, 99=850943, 99.9=850943, 99.99=850943] 
2019-05-21 03:23:56:390 860 sec: 1120 operations; 1.3 current ops/sec; est completion in 4 minutes [READ: Count=13, Max=838143, Min=714240, Avg=769634.46, 90=832511, 99=838143, 99.9=838143, 99.99=838143] 
2019-05-21 03:24:06:390 870 sec: 1133 operations; 1.3 current ops/sec; est completion in 4 minutes [READ: Count=13, Max=823807, Min=726528, Avg=768649.85, 90=813567, 99=823807, 99.9=823807, 99.99=823807] 
2019-05-21 03:24:16:391 880 sec: 1146 operations; 1.3 current ops/sec; est completion in 4 minutes [READ: Count=13, Max=840703, Min=719872, Avg=767586.46, 90=825855, 99=840703, 99.9=840703, 99.99=840703] 
2019-05-21 03:24:26:390 890 sec: 1159 operations; 1.3 current ops/sec; est completion in 4 minutes [READ: Count=13, Max=834559, Min=711680, Avg=763175.38, 90=815615, 99=834559, 99.9=834559, 99.99=834559] 
2019-05-21 03:24:36:390 900 sec: 1172 operations; 1.3 current ops/sec; est completion in 4 minutes [READ: Count=13, Max=836095, Min=717312, Avg=770894.77, 90=821247, 99=836095, 99.9=836095, 99.99=836095] 
2019-05-21 03:24:46:391 910 sec: 1185 operations; 1.3 current ops/sec; est completion in 4 minutes [READ: Count=13, Max=823295, Min=717824, Avg=760497.23, 90=805887, 99=823295, 99.9=823295, 99.99=823295] 
2019-05-21 03:24:56:390 920 sec: 1199 operations; 1.4 current ops/sec; est completion in 3 minutes [READ: Count=14, Max=818687, Min=702976, Avg=753627.43, 90=799231, 99=818687, 99.9=818687, 99.99=818687] 
2019-05-21 03:25:06:390 930 sec: 1212 operations; 1.3 current ops/sec; est completion in 3 minutes [READ: Count=13, Max=828415, Min=677888, Avg=766129.23, 90=826367, 99=828415, 99.9=828415, 99.99=828415] 
2019-05-21 03:25:16:390 940 sec: 1225 operations; 1.3 current ops/sec; est completion in 3 minutes [READ: Count=13, Max=823295, Min=715264, Avg=762663.38, 90=816127, 99=823295, 99.9=823295, 99.99=823295] 
2019-05-21 03:25:26:390 950 sec: 1238 operations; 1.3 current ops/sec; est completion in 3 minutes [READ: Count=13, Max=849407, Min=696320, Avg=762820.92, 90=825343, 99=849407, 99.9=849407, 99.99=849407] 
2019-05-21 03:25:36:390 960 sec: 1251 operations; 1.3 current ops/sec; est completion in 3 minutes [READ: Count=13, Max=884735, Min=714240, Avg=768531.69, 90=815103, 99=884735, 99.9=884735, 99.99=884735] 
2019-05-21 03:25:46:390 970 sec: 1264 operations; 1.3 current ops/sec; est completion in 3 minutes [READ: Count=13, Max=850943, Min=696832, Avg=768689.23, 90=843775, 99=850943, 99.9=850943, 99.99=850943] 
2019-05-21 03:25:56:390 980 sec: 1277 operations; 1.3 current ops/sec; est completion in 2 minutes [READ: Count=13, Max=843775, Min=712192, Avg=765577.85, 90=823295, 99=843775, 99.9=843775, 99.99=843775] 
2019-05-21 03:26:06:390 990 sec: 1290 operations; 1.3 current ops/sec; est completion in 2 minutes [READ: Count=13, Max=842751, Min=707584, Avg=770382.77, 90=842239, 99=842751, 99.9=842751, 99.99=842751] 
2019-05-21 03:26:16:390 1000 sec: 1303 operations; 1.3 current ops/sec; est completion in 2 minutes [READ: Count=13, Max=835071, Min=713216, Avg=766050.46, 90=815103, 99=835071, 99.9=835071, 99.99=835071] 
2019-05-21 03:26:26:391 1010 sec: 1316 operations; 1.3 current ops/sec; est completion in 2 minutes [READ: Count=13, Max=856063, Min=717312, Avg=770619.08, 90=837119, 99=856063, 99.9=856063, 99.99=856063] 
2019-05-21 03:26:36:391 1020 sec: 1329 operations; 1.3 current ops/sec; est completion in 2 minutes [READ: Count=13, Max=885247, Min=711680, Avg=767192.62, 90=829439, 99=885247, 99.9=885247, 99.99=885247] 
2019-05-21 03:26:46:390 1030 sec: 1342 operations; 1.3 current ops/sec; est completion in 2 minutes [READ: Count=13, Max=830975, Min=711168, Avg=759552, 90=818687, 99=830975, 99.9=830975, 99.99=830975] 
2019-05-21 03:26:56:390 1040 sec: 1355 operations; 1.3 current ops/sec; est completion in 1 minute [READ: Count=13, Max=848383, Min=720384, Avg=769870.77, 90=820223, 99=848383, 99.9=848383, 99.99=848383] 
2019-05-21 03:27:06:390 1050 sec: 1368 operations; 1.3 current ops/sec; est completion in 1 minute [READ: Count=13, Max=864255, Min=707584, Avg=779874.46, 90=849919, 99=864255, 99.9=864255, 99.99=864255] 
2019-05-21 03:27:16:390 1060 sec: 1381 operations; 1.3 current ops/sec; est completion in 1 minute [READ: Count=13, Max=831999, Min=704000, Avg=761324.31, 90=818175, 99=831999, 99.9=831999, 99.99=831999] 
2019-05-21 03:27:26:390 1070 sec: 1394 operations; 1.3 current ops/sec; est completion in 1 minute [READ: Count=13, Max=852991, Min=691200, Avg=762584.62, 90=845823, 99=852991, 99.9=852991, 99.99=852991] 
2019-05-21 03:27:36:390 1080 sec: 1407 operations; 1.3 current ops/sec; est completion in 1 minute [READ: Count=13, Max=843263, Min=717824, Avg=778023.38, 90=824831, 99=843263, 99.9=843263, 99.99=843263] 
2019-05-21 03:27:46:391 1090 sec: 1420 operations; 1.3 current ops/sec; est completion in 1 minute [READ: Count=13, Max=842751, Min=724992, Avg=770816, 90=833535, 99=842751, 99.9=842751, 99.99=842751] 
2019-05-21 03:27:56:390 1100 sec: 1433 operations; 1.3 current ops/sec; est completion in 52 seconds [READ: Count=13, Max=836607, Min=714240, Avg=759040, 90=816127, 99=836607, 99.9=836607, 99.99=836607] 
2019-05-21 03:28:06:392 1110 sec: 1446 operations; 1.3 current ops/sec; est completion in 42 seconds [READ: Count=13, Max=846335, Min=701952, Avg=768019.69, 90=813567, 99=846335, 99.9=846335, 99.99=846335] 
2019-05-21 03:28:16:390 1120 sec: 1459 operations; 1.3 current ops/sec; est completion in 32 seconds [READ: Count=13, Max=834047, Min=704000, Avg=777275.08, 90=830463, 99=834047, 99.9=834047, 99.99=834047] 
2019-05-21 03:28:26:390 1130 sec: 1472 operations; 1.3 current ops/sec; est completion in 22 seconds [READ: Count=13, Max=890367, Min=706560, Avg=776211.69, 90=818175, 99=890367, 99.9=890367, 99.99=890367] 
2019-05-21 03:28:36:391 1140 sec: 1485 operations; 1.3 current ops/sec; est completion in 12 seconds [READ: Count=13, Max=872447, Min=717312, Avg=781961.85, 90=858111, 99=872447, 99.9=872447, 99.99=872447] 
2019-05-21 03:28:46:392 1150 sec: 1498 operations; 1.3 current ops/sec; est completion in 2 second [READ: Count=13, Max=844799, Min=696832, Avg=766326.15, 90=822783, 99=844799, 99.9=844799, 99.99=844799] 
2019-05-21 03:28:47:800 1151 sec: 1500 operations; 1.42 current ops/sec; [READ: Count=2, Max=827391, Min=803840, Avg=815616, 90=827391, 99=827391, 99.9=827391, 99.99=827391] [CLEANUP: Count=1, Max=4, Min=4, Avg=4, 90=4, 99=4, 99.9=4, 99.99=4] 
