timestamp;status;request_time;upstream_response_time
1558404537.426;200;0.768;0.768
1558404538.210;200;0.746;0.748
1558404538.996;200;0.781;0.780
1558404539.869;200;0.869;0.868
1558404540.660;200;0.788;0.788
1558404541.372;200;0.709;0.708
1558404542.178;200;0.783;0.784
1558404543.027;200;0.843;0.844
1558404543.778;200;0.747;0.748
1558404544.533;200;0.750;0.752
1558404545.302;200;0.765;0.768
1558404546.142;200;0.836;0.836
1558404546.900;200;0.753;0.752
1558404547.617;200;0.711;0.712
1558404548.382;200;0.760;0.760
1558404549.263;200;0.876;0.876
1558404550.013;200;0.747;0.744
1558404550.751;200;0.735;0.736
1558404551.502;200;0.748;0.748
1558404552.330;200;0.820;0.820
1558404553.094;200;0.760;0.760
1558404553.810;200;0.713;0.716
1558404554.546;200;0.732;0.732
1558404555.416;200;0.866;0.864
1558404556.181;200;0.762;0.760
1558404556.882;200;0.697;0.696
1558404557.642;200;0.756;0.756
1558404558.481;200;0.835;0.836
1558404559.221;200;0.737;0.736
1558404559.892;200;0.668;0.668
1558404560.639;200;0.745;0.744
1558404561.485;200;0.842;0.840
1558404562.257;200;0.766;0.764
1558404563.003;200;0.743;0.744
1558404563.772;200;0.765;0.764
1558404564.619;200;0.841;0.840
1558404565.360;200;0.738;0.736
1558404566.134;200;0.767;0.768
1558404566.898;200;0.757;0.756
1558404567.722;200;0.817;0.816
1558404568.475;200;0.749;0.748
1558404569.205;200;0.727;0.728
1558404569.999;200;0.790;0.792
1558404570.858;200;0.856;0.856
1558404571.589;200;0.727;0.724
1558404572.312;200;0.720;0.720
1558404573.065;200;0.750;0.752
1558404573.925;200;0.854;0.856
1558404574.684;200;0.757;0.756
1558404575.409;200;0.722;0.720
1558404576.165;200;0.753;0.752
1558404577.001;200;0.832;0.832
1558404577.750;200;0.745;0.744
1558404578.457;200;0.703;0.700
1558404579.209;200;0.750;0.748
1558404580.052;200;0.841;0.840
1558404580.797;200;0.743;0.744
1558404581.532;200;0.732;0.732
1558404582.287;200;0.752;0.752
1558404583.105;200;0.815;0.812
1558404583.846;200;0.739;0.740
1558404584.576;200;0.727;0.728
1558404585.346;200;0.768;0.768
1558404586.169;200;0.819;0.816
1558404586.899;200;0.728;0.728
1558404587.674;200;0.771;0.772
1558404588.402;200;0.725;0.728
1558404589.284;200;0.878;0.876
1558404590.038;200;0.752;0.752
1558404590.790;200;0.748;0.748
1558404591.578;200;0.785;0.788
1558404592.420;200;0.840;0.840
1558404593.152;200;0.729;0.728
1558404593.878;200;0.723;0.724
1558404594.633;200;0.752;0.756
1558404595.455;200;0.819;0.820
1558404596.213;200;0.756;0.760
1558404596.925;200;0.708;0.708
1558404597.757;200;0.826;0.828
1558404598.624;200;0.864;0.864
1558404599.362;200;0.735;0.736
1558404600.070;200;0.705;0.704
1558404600.767;200;0.694;0.692
1558404601.634;200;0.863;0.864
1558404602.370;200;0.732;0.732
1558404603.114;200;0.739;0.740
1558404603.934;200;0.812;0.812
1558404604.777;200;0.840;0.840
1558404605.522;200;0.743;0.744
1558404606.255;200;0.729;0.728
1558404607.006;200;0.747;0.748
1558404607.829;200;0.821;0.820
1558404608.559;200;0.728;0.728
1558404609.271;200;0.710;0.712
1558404610.030;200;0.756;0.756
1558404610.874;200;0.840;0.840
1558404611.630;200;0.748;0.748
1558404612.360;200;0.727;0.724
1558404613.159;200;0.796;0.796
1558404614.014;200;0.851;0.852
1558404614.748;200;0.729;0.728
1558404615.487;200;0.737;0.736
1558404616.245;200;0.752;0.752
1558404617.151;200;0.904;0.904
1558404617.895;200;0.740;0.740
1558404618.597;200;0.699;0.696
1558404619.450;200;0.851;0.852
1558404620.289;200;0.835;0.836
1558404621.038;200;0.745;0.748
1558404621.761;200;0.719;0.716
1558404622.530;200;0.766;0.768
1558404623.371;200;0.835;0.836
1558404624.130;200;0.755;0.756
1558404624.889;200;0.728;0.724
1558404625.692;200;0.798;0.796
1558404626.525;200;0.830;0.828
1558404627.261;200;0.732;0.732
1558404628.026;200;0.761;0.764
1558404628.814;200;0.783;0.784
1558404629.631;200;0.813;0.812
1558404630.382;200;0.748;0.748
1558404631.109;200;0.724;0.728
1558404631.875;200;0.762;0.764
1558404632.716;200;0.838;0.836
1558404633.447;200;0.728;0.728
1558404634.146;200;0.696;0.696
1558404634.919;200;0.768;0.768
1558404635.759;200;0.836;0.836
1558404636.509;200;0.745;0.744
1558404637.233;200;0.719;0.716
1558404637.983;200;0.747;0.748
1558404638.794;200;0.809;0.808
1558404639.560;200;0.763;0.764
1558404640.286;200;0.723;0.724
1558404640.905;200;0.617;0.620
1558404641.733;200;0.825;0.824
1558404642.487;200;0.752;0.752
1558404643.202;200;0.711;0.712
1558404643.961;200;0.756;0.756
1558404644.797;200;0.833;0.832
1558404645.549;200;0.749;0.752
1558404646.265;200;0.712;0.716
1558404647.073;200;0.806;0.804
1558404647.920;200;0.844;0.844
1558404648.654;200;0.731;0.732
1558404649.366;200;0.707;0.708
1558404650.117;200;0.748;0.744
1558404650.944;200;0.822;0.821
1558404651.671;200;0.725;0.724
1558404652.406;200;0.732;0.732
1558404653.148;200;0.740;0.740
1558404653.970;200;0.819;0.820
1558404654.725;200;0.752;0.752
1558404655.432;200;0.705;0.708
1558404656.153;200;0.719;0.720
1558404657.030;200;0.873;0.880
1558404657.769;200;0.735;0.736
1558404658.523;200;0.752;0.756
1558404659.256;200;0.730;0.732
1558404660.063;200;0.805;0.808
1558404660.769;200;0.704;0.700
1558404661.534;200;0.763;0.768
1558404662.307;200;0.770;0.772
1558404663.131;200;0.821;0.820
1558404663.855;200;0.722;0.724
1558404664.612;200;0.753;0.756
1558404665.380;200;0.766;0.768
1558404666.211;200;0.828;0.832
1558404666.933;200;0.719;0.720
1558404667.687;200;0.749;0.752
1558404668.447;200;0.756;0.756
1558404669.278;200;0.827;0.832
1558404670.037;200;0.758;0.760
1558404670.769;200;0.729;0.732
1558404671.530;200;0.758;0.760
1558404672.362;200;0.829;0.832
1558404673.110;200;0.746;0.748
1558404673.877;200;0.763;0.764
1558404674.650;200;0.770;0.776
1558404675.447;200;0.793;0.796
1558404676.218;200;0.769;0.768
1558404676.926;200;0.702;0.704
1558404677.698;200;0.768;0.772
1558404678.556;200;0.855;0.856
1558404679.292;200;0.730;0.728
1558404680.020;200;0.725;0.724
1558404680.788;200;0.765;0.768
1558404681.615;200;0.824;0.828
1558404682.371;200;0.753;0.756
1558404683.121;200;0.746;0.744
1558404683.922;200;0.798;0.804
1558404684.758;200;0.832;0.836
1558404685.519;200;0.759;0.756
1558404686.248;200;0.725;0.724
1558404687.030;200;0.777;0.780
1558404687.850;200;0.817;0.824
1558404688.599;200;0.746;0.748
1558404689.376;200;0.774;0.776
1558404690.177;200;0.798;0.800
1558404691.008;200;0.827;0.828
1558404691.717;200;0.705;0.708
1558404692.451;200;0.731;0.736
1558404693.259;200;0.805;0.808
1558404694.129;200;0.866;0.868
1558404694.865;200;0.732;0.736
1558404695.598;200;0.731;0.736
1558404696.363;200;0.762;0.764
1558404697.190;200;0.823;0.828
1558404697.900;200;0.707;0.708
1558404698.625;200;0.722;0.724
1558404699.393;200;0.766;0.768
1558404700.227;200;0.831;0.832
1558404700.967;200;0.737;0.740
1558404701.704;200;0.735;0.736
1558404702.462;200;0.755;0.756
1558404703.299;200;0.834;0.836
1558404704.075;200;0.774;0.776
1558404704.797;200;0.719;0.716
1558404705.551;200;0.751;0.756
1558404706.395;200;0.839;0.840
1558404707.128;200;0.727;0.728
1558404707.838;200;0.708;0.712
1558404708.597;200;0.756;0.752
1558404709.410;200;0.810;0.816
1558404710.143;200;0.726;0.728
1558404710.863;200;0.717;0.720
1558404711.645;200;0.779;0.780
1558404712.456;200;0.808;0.812
1558404713.190;200;0.731;0.736
1558404713.908;200;0.712;0.712
1558404714.683;200;0.772;0.776
1558404715.534;200;0.848;0.852
1558404716.282;200;0.746;0.744
1558404717.039;200;0.752;0.756
1558404717.878;200;0.835;0.840
1558404718.694;200;0.811;0.816
1558404719.432;200;0.735;0.736
1558404720.156;200;0.721;0.724
1558404720.803;200;0.644;0.644
1558404721.663;200;0.856;0.860
1558404722.382;200;0.713;0.712
1558404723.144;200;0.758;0.760
1558404723.988;200;0.841;0.844
1558404724.807;200;0.816;0.816
1558404725.583;200;0.773;0.772
1558404726.298;200;0.712;0.712
1558404727.056;200;0.754;0.756
1558404727.858;200;0.798;0.804
1558404728.601;200;0.740;0.736
1558404729.328;200;0.723;0.724
1558404729.991;200;0.660;0.660
1558404730.813;200;0.818;0.816
1558404731.613;200;0.797;0.800
1558404732.331;200;0.715;0.720
1558404733.175;200;0.840;0.844
1558404733.982;200;0.803;0.808
1558404734.698;200;0.712;0.712
1558404735.433;200;0.732;0.732
1558404736.178;200;0.742;0.748
1558404737.116;200;0.935;0.936
1558404737.877;200;0.755;0.756
1558404738.597;200;0.718;0.716
1558404739.324;200;0.724;0.728
1558404740.119;200;0.793;0.796
1558404740.847;200;0.726;0.728
1558404741.569;200;0.719;0.720
1558404742.318;200;0.746;0.752
1558404743.116;200;0.795;0.796
1558404743.855;200;0.736;0.740
1558404744.603;200;0.744;0.748
1558404745.390;200;0.784;0.788
1558404746.226;200;0.832;0.832
1558404746.963;200;0.733;0.736
1558404747.689;200;0.722;0.724
1558404748.407;200;0.716;0.720
1558404749.239;200;0.828;0.832
1558404749.956;200;0.713;0.716
1558404750.705;200;0.746;0.748
1558404751.499;200;0.792;0.796
1558404752.383;200;0.881;0.884
1558404753.114;200;0.728;0.732
1558404753.869;200;0.751;0.752
1558404754.636;200;0.763;0.768
1558404755.454;200;0.816;0.820
1558404756.191;200;0.733;0.736
1558404756.937;200;0.742;0.744
1558404757.726;200;0.784;0.784
1558404758.526;200;0.795;0.800
1558404759.262;200;0.732;0.736
1558404759.981;200;0.716;0.716
1558404760.789;200;0.806;0.808
1558404761.585;200;0.794;0.792
1558404762.350;200;0.763;0.768
1558404763.074;200;0.716;0.720
1558404763.839;200;0.762;0.764
1558404764.643;200;0.801;0.804
1558404765.376;200;0.731;0.732
1558404766.105;200;0.726;0.728
1558404766.853;200;0.746;0.748
1558404767.702;200;0.844;0.844
1558404768.473;200;0.766;0.768
1558404769.186;200;0.711;0.716
1558404769.957;200;0.768;0.768
1558404770.777;200;0.818;0.820
1558404771.515;200;0.735;0.740
1558404772.278;200;0.759;0.764
1558404773.043;200;0.762;0.764
1558404773.878;200;0.832;0.836
1558404774.623;200;0.742;0.744
1558404775.380;200;0.755;0.756
1558404776.130;200;0.748;0.748
1558404776.978;200;0.844;0.848
1558404777.727;200;0.744;0.748
1558404778.470;200;0.739;0.744
1558404779.217;200;0.744;0.744
1558404780.023;200;0.804;0.808
1558404780.772;200;0.746;0.748
1558404781.509;200;0.735;0.736
1558404782.279;200;0.768;0.772
1558404783.086;200;0.804;0.808
1558404783.879;200;0.784;0.788
1558404784.634;200;0.752;0.756
1558404785.361;200;0.724;0.724
1558404786.154;200;0.790;0.796
1558404786.897;200;0.740;0.740
1558404787.667;200;0.766;0.768
1558404788.384;200;0.714;0.716
1558404789.215;200;0.828;0.832
1558404789.985;200;0.767;0.768
1558404790.705;200;0.717;0.720
1558404791.434;200;0.726;0.728
1558404792.234;200;0.798;0.800
1558404792.995;200;0.760;0.764
1558404793.726;200;0.728;0.728
1558404794.469;200;0.739;0.736
1558404795.277;200;0.806;0.808
1558404796.044;200;0.765;0.764
1558404796.754;200;0.708;0.712
1558404797.521;200;0.763;0.764
1558404798.364;200;0.840;0.840
1558404799.119;200;0.753;0.756
1558404799.813;200;0.691;0.692
1558404800.654;200;0.838;0.844
1558404801.475;200;0.817;0.820
1558404802.227;200;0.749;0.752
1558404802.934;200;0.704;0.708
1558404803.687;200;0.750;0.752
1558404804.512;200;0.820;0.824
1558404805.293;200;0.779;0.776
1558404806.021;200;0.726;0.728
1558404806.790;200;0.767;0.768
1558404807.597;200;0.803;0.804
1558404808.325;200;0.724;0.728
1558404809.077;200;0.750;0.748
1558404809.873;200;0.793;0.796
1558404810.683;200;0.808;0.812
1558404811.417;200;0.730;0.732
1558404812.157;200;0.738;0.740
1558404812.893;200;0.734;0.736
1558404813.707;200;0.812;0.816
1558404814.447;200;0.737;0.740
1558404815.170;200;0.719;0.724
1558404815.869;200;0.696;0.696
1558404816.697;200;0.825;0.828
1558404817.453;200;0.753;0.756
1558404818.177;200;0.719;0.720
1558404818.946;200;0.765;0.768
1558404819.754;200;0.805;0.804
1558404820.492;200;0.737;0.736
1558404821.236;200;0.741;0.744
1558404822.041;200;0.802;0.804
1558404822.876;200;0.831;0.828
1558404823.623;200;0.744;0.748
1558404824.365;200;0.739;0.736
1558404825.159;200;0.792;0.796
1558404826.000;200;0.837;0.840
1558404826.750;200;0.747;0.748
1558404827.457;200;0.701;0.700
1558404828.227;200;0.766;0.772
1558404829.045;200;0.813;0.816
1558404829.786;200;0.736;0.736
1558404830.510;200;0.720;0.724
1558404831.323;200;0.809;0.812
1558404832.149;200;0.823;0.824
1558404832.893;200;0.741;0.740
1558404833.615;200;0.720;0.724
1558404834.395;200;0.777;0.776
1558404835.206;200;0.808;0.808
1558404835.953;200;0.745;0.748
1558404836.674;200;0.719;0.724
1558404837.430;200;0.750;0.752
1558404838.256;200;0.824;0.828
1558404839.005;200;0.747;0.748
1558404839.768;200;0.759;0.764
1558404840.520;200;0.749;0.752
1558404841.366;200;0.843;0.844
1558404842.111;200;0.742;0.748
1558404842.830;200;0.716;0.716
1558404843.587;200;0.754;0.756
1558404844.391;200;0.800;0.800
1558404845.134;200;0.737;0.740
1558404845.914;200;0.777;0.776
1558404846.677;200;0.761;0.764
1558404847.505;200;0.823;0.820
1558404848.250;200;0.743;0.744
1558404848.966;200;0.713;0.720
1558404849.717;200;0.748;0.748
1558404850.527;200;0.808;0.812
1558404851.277;200;0.748;0.748
1558404852.029;200;0.749;0.752
1558404852.788;200;0.754;0.756
1558404853.629;200;0.838;0.840
1558404854.381;200;0.749;0.752
1558404855.117;200;0.734;0.736
1558404855.915;200;0.794;0.800
1558404856.782;200;0.863;0.864
1558404857.523;200;0.737;0.736
1558404858.254;200;0.728;0.732
1558404859.059;200;0.802;0.800
1558404859.926;200;0.865;0.868
1558404860.668;200;0.738;0.740
1558404861.391;200;0.720;0.724
1558404862.082;200;0.688;0.688
1558404862.885;200;0.799;0.800
1558404863.650;200;0.763;0.764
1558404864.369;200;0.716;0.720
1558404865.137;200;0.766;0.768
1558404865.971;200;0.819;0.824
1558404866.761;200;0.787;0.788
1558404867.490;200;0.724;0.724
1558404868.262;200;0.770;0.772
1558404869.074;200;0.809;0.812
1558404869.826;200;0.749;0.752
1558404870.530;200;0.700;0.700
1558404871.265;200;0.732;0.732
1558404872.138;200;0.868;0.868
1558404872.882;200;0.742;0.744
1558404873.650;200;0.765;0.764
1558404874.455;200;0.802;0.804
1558404875.307;200;0.849;0.848
1558404876.033;200;0.723;0.724
1558404876.742;200;0.705;0.712
1558404877.506;200;0.759;0.760
1558404878.329;200;0.819;0.820
1558404879.075;200;0.742;0.744
1558404879.818;200;0.739;0.740
1558404880.620;200;0.800;0.804
1558404881.496;200;0.874;0.876
1558404882.257;200;0.758;0.760
1558404883.007;200;0.746;0.748
1558404883.804;200;0.793;0.792
1558404884.618;200;0.812;0.812
1558404885.354;200;0.733;0.736
1558404886.090;200;0.732;0.732
1558404886.896;200;0.803;0.800
1558404887.729;200;0.829;0.832
1558404888.485;200;0.754;0.752
1558404889.199;200;0.712;0.716
1558404889.965;200;0.758;0.760
1558404890.783;200;0.816;0.820
1558404891.518;200;0.733;0.736
1558404892.204;200;0.683;0.684
1558404892.893;200;0.683;0.684
1558404893.711;200;0.814;0.820
1558404894.428;200;0.714;0.712
1558404895.166;200;0.736;0.736
1558404895.882;200;0.712;0.716
1558404896.742;200;0.855;0.856
1558404897.480;200;0.733;0.732
1558404898.217;200;0.735;0.736
1558404898.968;200;0.749;0.752
1558404899.755;200;0.785;0.788
1558404900.493;200;0.732;0.736
1558404901.209;200;0.713;0.716
1558404901.989;200;0.777;0.780
1558404902.786;200;0.795;0.796
1558404903.527;200;0.740;0.744
1558404904.281;200;0.751;0.752
1558404905.033;200;0.749;0.752
1558404905.843;200;0.806;0.812
1558404906.573;200;0.727;0.728
1558404907.312;200;0.734;0.732
1558404908.082;200;0.768;0.768
1558404908.870;200;0.783;0.784
1558404909.627;200;0.753;0.756
1558404910.343;200;0.714;0.716
1558404911.093;200;0.747;0.744
1558404911.939;200;0.844;0.848
1558404912.698;200;0.754;0.760
1558404913.418;200;0.717;0.716
1558404914.157;200;0.732;0.736
1558404914.970;200;0.810;0.812
1558404915.697;200;0.724;0.724
1558404916.428;200;0.728;0.732
1558404917.179;200;0.748;0.752
1558404917.987;200;0.804;0.808
1558404918.732;200;0.742;0.744
1558404919.463;200;0.728;0.729
1558404920.274;200;0.809;0.812
1558404921.154;200;0.878;0.880
1558404921.925;200;0.766;0.768
1558404922.640;200;0.713;0.712
1558404923.397;200;0.754;0.756
1558404924.209;200;0.810;0.812
1558404924.944;200;0.733;0.736
1558404925.697;200;0.751;0.752
1558404926.490;200;0.791;0.792
1558404927.311;200;0.817;0.820
1558404928.060;200;0.745;0.744
1558404928.795;200;0.732;0.732
1558404929.557;200;0.759;0.760
1558404930.376;200;0.814;0.812
1558404931.131;200;0.752;0.756
1558404931.893;200;0.759;0.760
1558404932.686;200;0.791;0.792
1558404933.487;200;0.797;0.800
1558404934.246;200;0.757;0.756
1558404934.983;200;0.735;0.740
1558404935.759;200;0.774;0.776
1558404936.571;200;0.810;0.812
1558404937.328;200;0.753;0.752
1558404938.035;200;0.704;0.708
1558404938.830;200;0.792;0.792
1558404939.676;200;0.843;0.848
1558404940.440;200;0.762;0.764
1558404941.184;200;0.742;0.744
1558404941.966;200;0.779;0.780
1558404942.790;200;0.822;0.824
1558404943.548;200;0.755;0.756
1558404944.253;200;0.702;0.704
1558404945.035;200;0.779;0.784
1558404945.838;200;0.799;0.800
1558404946.586;200;0.746;0.748
1558404947.285;200;0.696;0.696
1558404948.029;200;0.742;0.744
1558404948.858;200;0.826;0.828
1558404949.619;200;0.758;0.760
1558404950.351;200;0.729;0.732
1558404951.126;200;0.769;0.772
1558404951.958;200;0.828;0.828
1558404952.706;200;0.744;0.744
1558404953.455;200;0.746;0.752
1558404954.222;200;0.763;0.764
1558404955.064;200;0.839;0.840
1558404955.824;200;0.757;0.756
1558404956.544;200;0.717;0.720
1558404957.287;200;0.738;0.744
1558404958.102;200;0.812;0.812
1558404958.887;200;0.782;0.788
1558404959.603;200;0.714;0.716
1558404960.365;200;0.758;0.760
1558404961.195;200;0.824;0.828
1558404961.943;200;0.744;0.748
1558404962.693;200;0.747;0.748
1558404963.453;200;0.756;0.760
1558404964.291;200;0.835;0.840
1558404965.035;200;0.741;0.740
1558404965.761;200;0.723;0.724
1558404966.541;200;0.778;0.780
1558404967.365;200;0.820;0.824
1558404968.124;200;0.757;0.760
1558404968.889;200;0.763;0.764
1558404969.645;200;0.753;0.756
1558404970.485;200;0.838;0.840
1558404971.224;200;0.738;0.740
1558404971.935;200;0.709;0.712
1558404972.729;200;0.791;0.792
1558404973.538;200;0.806;0.808
1558404974.313;200;0.773;0.772
1558404975.030;200;0.716;0.716
1558404975.775;200;0.742;0.748
1558404976.588;200;0.810;0.808
1558404977.313;200;0.722;0.720
1558404978.037;200;0.722;0.724
1558404978.781;200;0.742;0.744
1558404979.601;200;0.818;0.820
1558404980.343;200;0.740;0.740
1558404981.057;200;0.712;0.708
1558404981.869;200;0.810;0.812
1558404982.688;200;0.816;0.820
1558404983.460;200;0.770;0.772
1558404984.178;200;0.715;0.716
1558404984.924;200;0.744;0.748
1558404985.731;200;0.804;0.808
1558404986.473;200;0.741;0.740
1558404987.178;200;0.702;0.704
1558404987.987;200;0.806;0.808
1558404988.835;200;0.844;0.844
1558404989.597;200;0.759;0.756
1558404990.307;200;0.708;0.708
1558404991.069;200;0.759;0.756
1558404991.906;200;0.835;0.836
1558404992.672;200;0.763;0.768
1558404993.447;200;0.772;0.776
1558404994.209;200;0.759;0.760
1558404995.031;200;0.818;0.824
1558404995.801;200;0.767;0.768
1558404996.505;200;0.699;0.700
1558404997.263;200;0.754;0.752
1558404998.095;200;0.828;0.828
1558404998.822;200;0.719;0.720
1558404999.548;200;0.723;0.724
1558405000.303;200;0.752;0.756
1558405001.117;200;0.810;0.812
1558405001.871;200;0.752;0.756
1558405002.617;200;0.743;0.740
1558405003.383;200;0.764;0.764
1558405004.221;200;0.835;0.836
1558405004.976;200;0.752;0.756
1558405005.753;200;0.774;0.776
1558405006.506;200;0.751;0.752
1558405007.379;200;0.869;0.868
1558405008.111;200;0.730;0.736
1558405008.837;200;0.723;0.724
1558405009.595;200;0.755;0.760
1558405010.423;200;0.826;0.828
1558405011.163;200;0.738;0.740
1558405011.914;200;0.748;0.748
1558405012.699;200;0.782;0.784
1558405013.516;200;0.814;0.816
1558405014.277;200;0.758;0.760
1558405015.046;200;0.767;0.768
1558405015.825;200;0.776;0.780
1558405016.644;200;0.817;0.816
1558405017.369;200;0.722;0.720
1558405018.138;200;0.767;0.768
1558405018.913;200;0.773;0.776
1558405019.730;200;0.812;0.812
1558405020.489;200;0.757;0.760
1558405021.242;200;0.751;0.752
1558405022.050;200;0.803;0.804
1558405022.861;200;0.807;0.808
1558405023.590;200;0.728;0.728
1558405024.313;200;0.721;0.724
1558405025.109;200;0.794;0.792
1558405025.947;200;0.836;0.840
1558405026.681;200;0.731;0.732
1558405027.407;200;0.722;0.728
1558405028.158;200;0.748;0.748
1558405028.990;200;0.827;0.828
1558405029.742;200;0.749;0.752
1558405030.503;200;0.758;0.764
1558405031.273;200;0.768;0.768
1558405032.097;200;0.820;0.820
1558405032.846;200;0.747;0.748
1558405033.579;200;0.731;0.736
1558405034.343;200;0.761;0.764
1558405035.183;200;0.837;0.840
1558405035.944;200;0.758;0.760
1558405036.682;200;0.735;0.736
1558405037.471;200;0.785;0.788
1558405038.306;200;0.832;0.832
1558405039.063;200;0.754;0.756
1558405039.797;200;0.731;0.732
1558405040.585;200;0.786;0.788
1558405041.505;200;0.918;0.920
1558405042.221;200;0.714;0.716
1558405042.929;200;0.705;0.708
1558405043.671;200;0.739;0.740
1558405044.483;200;0.809;0.812
1558405045.232;200;0.747;0.748
1558405045.968;200;0.734;0.736
1558405046.746;200;0.776;0.776
1558405047.566;200;0.815;0.816
1558405048.303;200;0.734;0.740
1558405049.025;200;0.719;0.720
1558405049.787;200;0.760;0.760
1558405050.623;200;0.833;0.832
1558405051.354;200;0.729;0.728
1558405052.065;200;0.708;0.708
1558405052.812;200;0.744;0.748
1558405053.617;200;0.800;0.800
1558405054.368;200;0.748;0.748
1558405055.124;200;0.754;0.756
1558405055.894;200;0.767;0.768
1558405056.715;200;0.819;0.820
1558405057.440;200;0.722;0.724
1558405058.184;200;0.742;0.744
1558405058.932;200;0.745;0.748
1558405059.745;200;0.811;0.812
1558405060.535;200;0.788;0.788
1558405061.316;200;0.738;0.736
1558405062.053;200;0.724;0.724
1558405062.897;200;0.842;0.844
1558405063.631;200;0.732;0.736
1558405064.373;200;0.739;0.736
1558405065.122;200;0.747;0.748
1558405065.922;200;0.797;0.796
1558405066.655;200;0.730;0.728
1558405067.403;200;0.745;0.748
1558405068.149;200;0.743;0.744
1558405068.959;200;0.808;0.812
1558405069.697;200;0.736;0.732
1558405070.427;200;0.728;0.728
1558405071.270;200;0.841;0.840
1558405072.079;200;0.806;0.808
1558405072.825;200;0.744;0.748
1558405073.566;200;0.739;0.740
1558405074.318;200;0.748;0.748
1558405075.101;200;0.780;0.784
1558405075.858;200;0.752;0.752
1558405076.635;200;0.774;0.776
1558405077.405;200;0.766;0.764
1558405078.218;200;0.811;0.812
1558405078.953;200;0.732;0.736
1558405079.681;200;0.726;0.728
1558405080.415;200;0.730;0.732
1558405081.217;200;0.799;0.800
1558405081.965;200;0.746;0.748
1558405082.685;200;0.718;0.716
1558405083.442;200;0.755;0.756
1558405084.237;200;0.793;0.796
1558405084.996;200;0.757;0.760
1558405085.775;200;0.776;0.776
1558405086.562;200;0.784;0.784
1558405087.379;200;0.814;0.816
1558405088.122;200;0.741;0.744
1558405088.853;200;0.728;0.728
1558405089.595;200;0.740;0.740
1558405090.407;200;0.809;0.812
1558405091.173;200;0.764;0.764
1558405091.918;200;0.743;0.744
1558405092.723;200;0.802;0.804
1558405093.538;200;0.812;0.812
1558405094.279;200;0.738;0.744
1558405095.012;200;0.731;0.732
1558405095.753;200;0.734;0.736
1558405096.594;200;0.840;0.840
1558405097.351;200;0.754;0.760
1558405098.093;200;0.739;0.740
1558405098.847;200;0.751;0.752
1558405099.649;200;0.800;0.804
1558405100.388;200;0.737;0.736
1558405101.121;200;0.730;0.732
1558405101.904;200;0.780;0.780
1558405102.736;200;0.829;0.828
1558405103.511;200;0.773;0.776
1558405104.229;200;0.715;0.716
1558405104.931;200;0.700;0.704
1558405105.743;200;0.809;0.808
1558405106.493;200;0.748;0.752
1558405107.229;200;0.732;0.736
1558405108.037;200;0.806;0.808
1558405108.849;200;0.810;0.812
1558405109.610;200;0.759;0.760
1558405110.370;200;0.758;0.760
1558405111.146;200;0.772;0.772
1558405112.007;200;0.858;0.860
1558405112.751;200;0.741;0.740
1558405113.485;200;0.731;0.732
1558405114.291;200;0.802;0.808
1558405115.115;200;0.821;0.824
1558405115.867;200;0.750;0.748
1558405116.616;200;0.747;0.744
1558405117.385;200;0.766;0.768
1558405118.211;200;0.823;0.824
1558405118.944;200;0.731;0.732
1558405119.684;200;0.736;0.740
1558405120.478;200;0.792;0.792
1558405121.293;200;0.812;0.816
1558405122.033;200;0.738;0.740
1558405122.796;200;0.761;0.760
1558405123.537;200;0.739;0.740
1558405124.323;200;0.784;0.784
1558405125.053;200;0.727;0.728
1558405125.807;200;0.752;0.752
1558405126.607;200;0.797;0.796
1558405127.441;200;0.831;0.832
1558405128.169;200;0.715;0.712
1558405128.887;200;0.716;0.720
1558405129.650;200;0.761;0.760
1558405130.478;200;0.826;0.828
1558405131.243;200;0.764;0.764
1558405131.983;200;0.738;0.740
1558405132.761;200;0.775;0.772
1558405133.598;200;0.835;0.836
1558405134.360;200;0.760;0.764
1558405135.093;200;0.731;0.732
1558405135.816;200;0.721;0.720
1558405136.642;200;0.824;0.824
1558405137.395;200;0.751;0.752
1558405138.117;200;0.718;0.720
1558405138.909;200;0.790;0.792
1558405139.735;200;0.823;0.828
1558405140.482;200;0.745;0.744
1558405141.197;200;0.713;0.716
1558405142.010;200;0.811;0.812
1558405142.852;200;0.839;0.844
1558405143.593;200;0.739;0.740
1558405144.303;200;0.708;0.708
1558405145.109;200;0.803;0.804
1558405145.908;200;0.797;0.800
1558405146.660;200;0.750;0.752
1558405147.377;200;0.710;0.708
1558405148.149;200;0.770;0.772
1558405148.958;200;0.807;0.808
1558405149.697;200;0.738;0.740
1558405150.430;200;0.731;0.732
1558405151.184;200;0.751;0.756
1558405152.037;200;0.851;0.852
1558405152.806;200;0.765;0.764
1558405153.541;200;0.732;0.736
1558405154.308;200;0.764;0.764
1558405155.121;200;0.810;0.812
1558405155.851;200;0.729;0.728
1558405156.593;200;0.740;0.744
1558405157.378;200;0.780;0.780
1558405158.227;200;0.847;0.848
1558405158.984;200;0.753;0.756
1558405159.733;200;0.747;0.748
1558405160.515;200;0.780;0.784
1558405161.316;200;0.797;0.796
1558405162.070;200;0.752;0.752
1558405162.775;200;0.702;0.700
1558405163.555;200;0.777;0.776
1558405164.436;200;0.879;0.884
1558405165.202;200;0.764;0.764
1558405165.917;200;0.712;0.716
1558405166.683;200;0.764;0.764
1558405167.482;200;0.796;0.796
1558405168.222;200;0.738;0.740
1558405168.950;200;0.725;0.724
1558405169.703;200;0.750;0.752
1558405170.525;200;0.819;0.820
1558405171.271;200;0.744;0.744
1558405171.989;200;0.715;0.716
1558405172.751;200;0.760;0.764
1558405173.586;200;0.832;0.832
1558405174.326;200;0.738;0.740
1558405175.057;200;0.728;0.728
1558405175.834;200;0.774;0.776
1558405176.653;200;0.816;0.812
1558405177.401;200;0.745;0.748
1558405178.130;200;0.727;0.728
1558405178.886;200;0.754;0.756
1558405179.701;200;0.813;0.816
1558405180.465;200;0.762;0.764
1558405181.201;200;0.734;0.736
1558405181.975;200;0.771;0.776
1558405182.808;200;0.830;0.832
1558405183.541;200;0.731;0.732
1558405184.249;200;0.706;0.708
1558405185.046;200;0.795;0.796
1558405185.887;200;0.837;0.836
1558405186.607;200;0.719;0.720
1558405187.322;200;0.709;0.708
1558405188.093;200;0.763;0.760
1558405188.905;200;0.810;0.812
1558405189.649;200;0.742;0.741
1558405190.407;200;0.756;0.756
1558405191.180;200;0.770;0.772
1558405191.981;200;0.797;0.800
1558405192.727;200;0.744;0.744
1558405193.474;200;0.744;0.744
1558405194.236;200;0.759;0.764
1558405195.107;200;0.868;0.868
1558405195.870;200;0.761;0.760
1558405196.613;200;0.741;0.744
1558405197.401;200;0.785;0.788
1558405198.225;200;0.822;0.824
1558405198.987;200;0.760;0.760
1558405199.724;200;0.733;0.736
1558405200.483;200;0.757;0.756
1558405201.308;200;0.823;0.828
1558405202.035;200;0.725;0.724
1558405202.815;200;0.777;0.776
1558405203.577;200;0.759;0.760
1558405204.383;200;0.804;0.804
1558405205.128;200;0.742;0.740
1558405205.864;200;0.731;0.732
1558405206.617;200;0.750;0.752
1558405207.427;200;0.806;0.804
1558405208.166;200;0.737;0.736
1558405208.882;200;0.712;0.712
1558405209.679;200;0.796;0.796
1558405210.502;200;0.816;0.816
1558405211.261;200;0.757;0.760
1558405211.979;200;0.715;0.716
1558405212.780;200;0.799;0.800
1558405213.602;200;0.820;0.820
1558405214.332;200;0.728;0.728
1558405215.052;200;0.718;0.720
1558405215.796;200;0.741;0.744
1558405216.615;200;0.817;0.816
1558405217.385;200;0.767;0.768
1558405218.112;200;0.724;0.728
1558405218.890;200;0.776;0.776
1558405219.723;200;0.830;0.832
1558405220.464;200;0.738;0.740
1558405221.170;200;0.704;0.704
1558405221.953;200;0.780;0.784
1558405222.768;200;0.813;0.812
1558405223.541;200;0.771;0.772
1558405224.278;200;0.735;0.736
1558405225.022;200;0.743;0.744
1558405225.871;200;0.847;0.848
1558405226.614;200;0.740;0.740
1558405227.330;200;0.712;0.712
1558405228.122;200;0.790;0.792
1558405228.963;200;0.838;0.836
1558405229.696;200;0.729;0.732
1558405230.407;200;0.709;0.708
1558405231.167;200;0.757;0.756
1558405232.019;200;0.850;0.856
1558405232.757;200;0.735;0.736
1558405233.530;200;0.771;0.772
1558405234.287;200;0.754;0.760
1558405235.088;200;0.798;0.796
1558405235.827;200;0.735;0.736
1558405236.590;200;0.760;0.760
1558405237.390;200;0.796;0.796
1558405238.204;200;0.811;0.812
1558405238.941;200;0.735;0.736
1558405239.711;200;0.768;0.768
1558405240.515;200;0.802;0.804
1558405241.335;200;0.818;0.816
1558405242.081;200;0.743;0.744
1558405242.826;200;0.742;0.744
1558405243.583;200;0.755;0.760
1558405244.412;200;0.826;0.824
1558405245.189;200;0.775;0.776
1558405245.918;200;0.727;0.728
1558405246.685;200;0.763;0.764
1558405247.508;200;0.816;0.820
1558405248.236;200;0.725;0.728
1558405248.963;200;0.724;0.724
1558405249.729;200;0.763;0.764
1558405250.552;200;0.821;0.824
1558405251.315;200;0.760;0.760
1558405252.026;200;0.708;0.708
1558405252.826;200;0.797;0.800
1558405253.607;200;0.778;0.776
1558405254.351;200;0.741;0.740
1558405255.095;200;0.742;0.740
1558405255.874;200;0.776;0.776
1558405256.689;200;0.811;0.808
1558405257.428;200;0.735;0.736
1558405258.154;200;0.724;0.724
1558405258.947;200;0.790;0.788
1558405259.808;200;0.859;0.864
1558405260.565;200;0.755;0.756
1558405261.301;200;0.734;0.736
1558405262.114;200;0.811;0.812
1558405262.955;200;0.839;0.840
1558405263.717;200;0.759;0.760
1558405264.449;200;0.730;0.732
1558405265.208;200;0.757;0.756
1558405266.007;200;0.794;0.792
1558405266.755;200;0.745;0.744
1558405267.502;200;0.743;0.744
1558405268.253;200;0.749;0.752
1558405269.043;200;0.787;0.788
1558405269.794;200;0.748;0.748
1558405270.542;200;0.745;0.748
1558405271.311;200;0.766;0.768
1558405272.143;200;0.830;0.828
1558405272.879;200;0.734;0.732
1558405273.601;200;0.719;0.720
1558405274.339;200;0.736;0.736
1558405275.149;200;0.808;0.808
1558405275.877;200;0.726;0.724
1558405276.585;200;0.706;0.704
1558405277.308;200;0.720;0.724
1558405278.141;200;0.831;0.832
1558405278.881;200;0.738;0.740
1558405279.623;200;0.741;0.740
1558405280.422;200;0.796;0.796
1558405281.251;200;0.826;0.828
1558405282.007;200;0.753;0.752
1558405282.745;200;0.735;0.736
1558405283.526;200;0.779;0.780
1558405284.341;200;0.810;0.808
1558405285.070;200;0.728;0.728
1558405285.810;200;0.737;0.740
1558405286.595;200;0.783;0.784
1558405287.509;200;0.910;0.912
1558405288.236;200;0.725;0.728
1558405288.995;200;0.757;0.756
1558405289.799;200;0.800;0.800
1558405290.593;200;0.791;0.792
1558405291.325;200;0.730;0.728
1558405292.047;200;0.720;0.720
1558405292.822;200;0.771;0.772
1558405293.644;200;0.821;0.820
1558405294.427;200;0.780;0.780
1558405295.171;200;0.741;0.740
1558405295.974;200;0.800;0.800
1558405296.760;200;0.783;0.784
1558405297.493;200;0.730;0.732
1558405298.214;200;0.719;0.720
1558405298.963;200;0.746;0.744
1558405299.789;200;0.822;0.824
1558405300.547;200;0.756;0.756
1558405301.269;200;0.720;0.724
1558405302.063;200;0.792;0.792
1558405302.894;200;0.827;0.828
1558405303.655;200;0.758;0.756
1558405304.418;200;0.758;0.760
1558405305.200;200;0.780;0.784
1558405306.043;200;0.841;0.840
1558405306.779;200;0.730;0.732
1558405307.497;200;0.715;0.716
1558405308.269;200;0.770;0.772
1558405309.098;200;0.826;0.828
1558405309.823;200;0.722;0.724
1558405310.545;200;0.720;0.724
1558405311.306;200;0.759;0.760
1558405312.119;200;0.811;0.812
1558405312.850;200;0.728;0.728
1558405313.560;200;0.707;0.712
1558405314.348;200;0.786;0.784
1558405315.173;200;0.823;0.824
1558405315.915;200;0.740;0.740
1558405316.631;200;0.714;0.712
1558405317.402;200;0.768;0.768
1558405318.229;200;0.824;0.824
1558405318.953;200;0.722;0.724
1558405319.681;200;0.725;0.728
1558405320.384;200;0.701;0.700
1558405321.210;200;0.825;0.824
1558405321.950;200;0.739;0.740
1558405322.670;200;0.719;0.720
1558405323.415;200;0.742;0.744
1558405324.222;200;0.804;0.804
1558405324.992;200;0.766;0.764
1558405325.673;200;0.679;0.676
1558405326.397;200;0.722;0.724
1558405327.201;200;0.801;0.800
1558405327.931;200;0.728;0.728
1558405328.684;200;0.750;0.752
1558405329.364;200;0.677;0.680
1558405330.167;200;0.801;0.800
1558405330.934;200;0.765;0.764
1558405331.658;200;0.721;0.720
1558405332.459;200;0.798;0.796
1558405333.302;200;0.841;0.840
1558405334.061;200;0.757;0.760
1558405334.815;200;0.752;0.752
1558405335.584;200;0.766;0.764
1558405336.400;200;0.814;0.812
1558405337.131;200;0.729;0.728
1558405337.861;200;0.727;0.728
1558405338.606;200;0.742;0.744
1558405339.442;200;0.834;0.836
1558405340.217;200;0.772;0.776
1558405340.946;200;0.727;0.728
1558405341.709;200;0.760;0.764
1558405342.503;200;0.792;0.792
1558405343.248;200;0.743;0.748
1558405343.985;200;0.734;0.732
1558405344.773;200;0.786;0.788
1558405345.570;200;0.794;0.796
1558405346.333;200;0.760;0.760
1558405347.088;200;0.734;0.732
1558405347.907;200;0.813;0.812
1558405348.762;200;0.849;0.848
1558405349.491;200;0.727;0.728
1558405350.225;200;0.731;0.732
1558405350.981;200;0.754;0.756
1558405351.811;200;0.827;0.828
1558405352.566;200;0.752;0.752
1558405353.283;200;0.714;0.712
1558405354.041;200;0.755;0.752
1558405354.877;200;0.834;0.836
1558405355.664;200;0.786;0.784
1558405356.423;200;0.757;0.756
1558405357.165;200;0.738;0.740
1558405357.985;200;0.818;0.816
1558405358.710;200;0.723;0.724
1558405359.489;200;0.777;0.780
1558405360.235;200;0.744;0.744
1558405361.059;200;0.789;0.788
1558405361.807;200;0.745;0.744
1558405362.559;200;0.750;0.748
1558405363.357;200;0.795;0.796
1558405364.159;200;0.800;0.800
1558405364.911;200;0.750;0.748
1558405365.641;200;0.726;0.728
1558405366.395;200;0.752;0.752
1558405367.266;200;0.868;0.868
1558405368.011;200;0.743;0.744
1558405368.748;200;0.734;0.732
1558405369.523;200;0.773;0.772
1558405370.353;200;0.827;0.828
1558405371.085;200;0.730;0.732
1558405371.841;200;0.753;0.756
1558405372.570;200;0.727;0.728
1558405373.399;200;0.826;0.828
1558405374.185;200;0.784;0.784
1558405374.922;200;0.735;0.736
1558405375.681;200;0.758;0.760
1558405376.534;200;0.852;0.852
1558405377.275;200;0.737;0.736
1558405378.004;200;0.725;0.724
1558405378.755;200;0.749;0.748
1558405379.605;200;0.847;0.848
1558405380.367;200;0.761;0.760
1558405381.097;200;0.727;0.724
1558405381.890;200;0.792;0.792
1558405382.738;200;0.844;0.844
1558405383.509;200;0.764;0.768
1558405384.230;200;0.719;0.720
1558405384.994;200;0.761;0.764
1558405385.826;200;0.831;0.832
1558405386.570;200;0.741;0.740
1558405387.295;200;0.721;0.720
1558405388.071;200;0.774;0.772
1558405388.873;200;0.799;0.800
1558405389.635;200;0.760;0.760
1558405390.383;200;0.745;0.744
1558405391.153;200;0.767;0.768
1558405391.953;200;0.797;0.800
1558405392.689;200;0.735;0.732
1558405393.424;200;0.733;0.736
1558405394.189;200;0.763;0.764
1558405395.003;200;0.810;0.812
1558405395.778;200;0.773;0.772
1558405396.508;200;0.727;0.724
1558405397.264;200;0.752;0.752
1558405398.093;200;0.826;0.824
1558405398.825;200;0.731;0.732
1558405399.549;200;0.722;0.724
1558405400.361;200;0.810;0.812
1558405401.190;200;0.827;0.828
1558405401.940;200;0.748;0.752
1558405402.661;200;0.719;0.720
1558405403.463;200;0.800;0.800
1558405404.278;200;0.812;0.812
1558405405.006;200;0.727;0.728
1558405405.762;200;0.755;0.756
1558405406.517;200;0.752;0.756
1558405407.331;200;0.809;0.808
1558405408.063;200;0.730;0.732
1558405408.786;200;0.719;0.720
1558405409.578;200;0.790;0.792
1558405410.393;200;0.814;0.816
1558405411.144;200;0.749;0.748
1558405411.881;200;0.735;0.736
1558405412.680;200;0.797;0.796
1558405413.521;200;0.839;0.840
1558405414.273;200;0.750;0.752
1558405415.005;200;0.730;0.732
1558405415.775;200;0.767;0.768
1558405416.579;200;0.801;0.800
1558405417.313;200;0.731;0.732
1558405418.035;200;0.720;0.720
1558405418.763;200;0.724;0.724
1558405419.592;200;0.826;0.824
1558405420.322;200;0.728;0.728
1558405421.097;200;0.772;0.776
1558405421.814;200;0.714;0.716
1558405422.638;200;0.820;0.820
1558405423.401;200;0.761;0.760
1558405424.134;200;0.731;0.732
1558405424.903;200;0.766;0.768
1558405425.710;200;0.804;0.804
1558405426.441;200;0.727;0.728
1558405427.179;200;0.733;0.732
1558405427.935;200;0.752;0.752
1558405428.755;200;0.817;0.816
1558405429.493;200;0.736;0.740
1558405430.194;200;0.700;0.700
1558405431.009;200;0.814;0.816
1558405431.839;200;0.828;0.828
1558405432.621;200;0.780;0.784
1558405433.346;200;0.724;0.724
1558405434.110;200;0.763;0.764
1558405434.955;200;0.844;0.844
1558405435.716;200;0.759;0.760
1558405436.446;200;0.728;0.728
1558405437.225;200;0.776;0.776
1558405438.036;200;0.809;0.812
1558405438.786;200;0.748;0.748
1558405439.523;200;0.735;0.736
1558405440.250;200;0.725;0.728
1558405441.058;200;0.806;0.808
1558405441.781;200;0.722;0.724
1558405442.531;200;0.748;0.748
1558405443.294;200;0.760;0.760
1558405444.107;200;0.810;0.812
1558405444.855;200;0.745;0.744
1558405445.591;200;0.733;0.732
1558405446.375;200;0.781;0.780
1558405447.183;200;0.803;0.804
1558405447.916;200;0.728;0.728
1558405448.649;200;0.730;0.732
1558405449.438;200;0.785;0.788
1558405450.239;200;0.797;0.796
1558405451.002;200;0.760;0.760
1558405451.736;200;0.731;0.728
1558405452.500;200;0.760;0.760
1558405453.347;200;0.844;0.844
1558405454.080;200;0.730;0.728
1558405454.777;200;0.695;0.692
1558405455.550;200;0.771;0.772
1558405456.402;200;0.850;0.852
1558405457.140;200;0.734;0.732
1558405457.866;200;0.725;0.724
1558405458.650;200;0.782;0.784
1558405459.443;200;0.791;0.792
1558405460.181;200;0.733;0.737
1558405460.933;200;0.750;0.748
1558405461.696;200;0.762;0.760
1558405462.531;200;0.832;0.832
1558405463.272;200;0.737;0.736
1558405463.993;200;0.719;0.720
1558405464.713;200;0.718;0.720
1558405465.529;200;0.814;0.816
1558405466.255;200;0.725;0.724
1558405466.965;200;0.707;0.708
1558405467.793;200;0.826;0.828
1558405468.597;200;0.802;0.804
1558405469.354;200;0.756;0.756
1558405470.093;200;0.737;0.736
1558405470.892;200;0.797;0.796
1558405471.776;200;0.882;0.880
1558405472.518;200;0.740;0.740
1558405473.261;200;0.741;0.744
1558405474.030;200;0.767;0.768
1558405474.853;200;0.821;0.824
1558405475.624;200;0.769;0.768
1558405476.343;200;0.717;0.716
1558405477.042;200;0.694;0.696
1558405477.861;200;0.818;0.820
1558405478.589;200;0.726;0.728
1558405479.322;200;0.731;0.732
1558405480.071;200;0.747;0.748
1558405480.882;200;0.809;0.812
1558405481.646;200;0.762;0.764
1558405482.377;200;0.728;0.728
1558405483.082;200;0.703;0.704
1558405483.897;200;0.813;0.816
1558405484.631;200;0.732;0.732
1558405485.389;200;0.756;0.756
1558405486.133;200;0.742;0.744
1558405486.996;200;0.862;0.860
1558405487.716;200;0.717;0.720
1558405488.454;200;0.736;0.736
1558405489.225;200;0.769;0.768
1558405490.046;200;0.819;0.820
1558405490.788;200;0.740;0.740
1558405491.500;200;0.711;0.708
1558405492.310;200;0.807;0.808
1558405493.127;200;0.813;0.812
1558405493.857;200;0.727;0.724
1558405494.554;200;0.696;0.696
1558405495.327;200;0.772;0.772
1558405496.133;200;0.804;0.804
1558405496.860;200;0.725;0.724
1558405497.602;200;0.739;0.740
1558405498.406;200;0.801;0.804
1558405499.242;200;0.834;0.836
1558405499.963;200;0.719;0.720
1558405500.690;200;0.724;0.724
1558405501.454;200;0.763;0.764
1558405502.341;200;0.885;0.888
1558405503.097;200;0.754;0.756
1558405503.828;200;0.729;0.728
1558405504.580;200;0.748;0.748
1558405505.413;200;0.831;0.832
1558405506.140;200;0.725;0.724
1558405506.874;200;0.731;0.732
1558405507.648;200;0.771;0.772
1558405508.465;200;0.814;0.816
1558405509.199;200;0.731;0.732
1558405509.928;200;0.725;0.724
1558405510.719;200;0.789;0.788
1558405511.534;200;0.813;0.812
1558405512.258;200;0.722;0.724
1558405512.976;200;0.715;0.716
1558405513.731;200;0.752;0.752
1558405514.561;200;0.828;0.832
1558405515.294;200;0.731;0.732
1558405516.019;200;0.723;0.724
1558405516.763;200;0.741;0.740
1558405517.585;200;0.817;0.820
1558405518.334;200;0.745;0.744
1558405519.061;200;0.724;0.724
1558405519.849;200;0.785;0.784
1558405520.661;200;0.808;0.808
1558405521.433;200;0.770;0.768
1558405522.178;200;0.743;0.744
1558405522.938;200;0.759;0.760
1558405523.787;200;0.847;0.848
1558405524.587;200;0.797;0.796
1558405525.351;200;0.761;0.760
1558405526.092;200;0.738;0.736
1558405526.907;200;0.811;0.812
1558405527.660;200;0.749;0.748
1558405528.401;200;0.739;0.740
1558405529.194;200;0.791;0.792
1558405530.037;200;0.842;0.844
1558405530.797;200;0.758;0.760
1558405531.500;200;0.701;0.700
1558405532.290;200;0.788;0.788
1558405533.131;200;0.839;0.840
1558405533.885;200;0.750;0.752
1558405534.653;200;0.766;0.768
1558405535.414;200;0.759;0.760
1558405536.262;200;0.845;0.848
1558405537.029;200;0.761;0.764
1558405537.747;200;0.715;0.716
1558405538.536;200;0.787;0.788
1558405539.357;200;0.819;0.820
1558405540.100;200;0.740;0.740
1558405540.867;200;0.764;0.764
1558405541.602;200;0.732;0.732
1558405542.409;200;0.804;0.808
1558405543.153;200;0.742;0.744
1558405543.887;200;0.733;0.732
1558405544.670;200;0.781;0.780
1558405545.510;200;0.837;0.840
1558405546.263;200;0.752;0.752
1558405546.971;200;0.704;0.704
1558405547.783;200;0.810;0.812
1558405548.608;200;0.823;0.824
1558405549.326;200;0.716;0.716
1558405550.049;200;0.721;0.724
1558405550.825;200;0.774;0.776
1558405551.638;200;0.811;0.812
1558405552.383;200;0.743;0.744
1558405553.111;200;0.726;0.728
1558405553.873;200;0.759;0.756
1558405554.700;200;0.825;0.824
1558405555.458;200;0.752;0.752
1558405556.207;200;0.747;0.748
1558405556.956;200;0.746;0.744
1558405557.795;200;0.836;0.836
1558405558.541;200;0.744;0.748
1558405559.257;200;0.714;0.712
1558405559.985;200;0.727;0.724
1558405560.809;200;0.822;0.824
1558405561.552;200;0.741;0.740
1558405562.287;200;0.733;0.732
1558405563.060;200;0.769;0.768
1558405563.877;200;0.814;0.816
1558405564.635;200;0.756;0.756
1558405565.384;200;0.747;0.744
1558405566.185;200;0.799;0.796
1558405567.008;200;0.821;0.820
1558405567.761;200;0.750;0.752
1558405568.507;200;0.744;0.744
1558405569.274;200;0.765;0.764
1558405570.093;200;0.817;0.820
1558405570.841;200;0.746;0.748
1558405571.613;200;0.770;0.772
1558405572.405;200;0.790;0.788
1558405573.231;200;0.824;0.824
1558405573.968;200;0.736;0.736
1558405574.683;200;0.712;0.712
1558405575.398;200;0.712;0.712
1558405576.218;200;0.818;0.820
1558405577.018;200;0.795;0.796
1558405577.750;200;0.730;0.732
1558405578.501;200;0.749;0.752
1558405579.362;200;0.859;0.860
1558405580.113;200;0.750;0.752
1558405580.833;200;0.718;0.720
1558405581.587;200;0.752;0.752
1558405582.419;200;0.829;0.828
1558405583.147;200;0.725;0.724
1558405583.861;200;0.711;0.708
1558405584.646;200;0.783;0.784
1558405585.490;200;0.841;0.844
1558405586.243;200;0.751;0.752
1558405587.014;200;0.768;0.768
1558405587.798;200;0.782;0.784
1558405588.627;200;0.825;0.824
1558405589.373;200;0.743;0.744
1558405590.089;200;0.714;0.716
1558405590.845;200;0.754;0.756
1558405591.739;200;0.893;0.892
1558405592.484;200;0.743;0.740
1558405593.227;200;0.741;0.740
1558405593.984;200;0.755;0.756
1558405594.825;200;0.839;0.840
1558405595.559;200;0.733;0.732
1558405596.281;200;0.719;0.720
1558405597.029;200;0.746;0.748
1558405597.853;200;0.821;0.820
1558405598.605;200;0.751;0.748
1558405599.343;200;0.737;0.736
1558405600.066;200;0.721;0.724
1558405600.852;200;0.785;0.784
1558405601.633;200;0.779;0.780
1558405602.366;200;0.731;0.732
1558405603.140;200;0.772;0.772
1558405603.973;200;0.830;0.828
1558405604.717;200;0.743;0.740
1558405605.494;200;0.775;0.776
1558405606.198;200;0.701;0.704
1558405607.039;200;0.840;0.840
1558405607.767;200;0.724;0.724
1558405608.511;200;0.741;0.740
1558405609.289;200;0.775;0.776
1558405610.116;200;0.824;0.824
1558405610.855;200;0.736;0.736
1558405611.575;200;0.717;0.716
1558405612.365;200;0.788;0.788
1558405613.194;200;0.827;0.828
1558405613.929;200;0.729;0.728
1558405614.676;200;0.745;0.744
1558405615.462;200;0.784;0.784
1558405616.306;200;0.842;0.844
1558405617.083;200;0.774;0.772
1558405617.809;200;0.723;0.724
1558405618.559;200;0.748;0.748
1558405619.353;200;0.792;0.792
1558405620.091;200;0.736;0.736
1558405620.835;200;0.741;0.740
1558405621.631;200;0.794;0.796
1558405622.477;200;0.844;0.840
1558405623.247;200;0.768;0.768
1558405623.962;200;0.713;0.716
1558405624.717;200;0.752;0.752
1558405625.515;200;0.797;0.796
1558405626.269;200;0.751;0.752
1558405627.014;200;0.742;0.744
1558405627.770;200;0.753;0.756
1558405628.569;200;0.796;0.796
1558405629.306;200;0.735;0.736
1558405630.071;200;0.762;0.764
1558405630.839;200;0.765;0.764
1558405631.643;200;0.801;0.800
1558405632.410;200;0.765;0.768
1558405633.131;200;0.719;0.720
1558405633.925;200;0.792;0.792
1558405634.738;200;0.811;0.812
1558405635.469;200;0.729;0.728
1558405636.190;200;0.720;0.720
1558405636.983;200;0.790;0.788
1558405637.814;200;0.828;0.828
1558405638.576;200;0.759;0.760
1558405639.313;200;0.735;0.732
1558405640.102;200;0.787;0.788
1558405640.911;200;0.807;0.808
1558405641.662;200;0.748;0.748
1558405642.380;200;0.717;0.716
1558405643.179;200;0.796;0.796
1558405643.987;200;0.804;0.804
1558405644.709;200;0.719;0.716
1558405645.482;200;0.772;0.772
1558405646.231;200;0.747;0.748
1558405647.060;200;0.826;0.824
1558405647.795;200;0.732;0.732
1558405648.497;200;0.700;0.704
1558405649.259;200;0.759;0.760
1558405650.058;200;0.797;0.796
1558405650.818;200;0.757;0.760
1558405651.558;200;0.738;0.740
1558405652.309;200;0.748;0.744
1558405653.174;200;0.863;0.864
1558405653.911;200;0.733;0.732
1558405654.647;200;0.733;0.732
1558405655.425;200;0.775;0.772
1558405656.215;200;0.788;0.788
1558405656.953;200;0.736;0.736
1558405657.673;200;0.717;0.716
1558405658.459;200;0.772;0.772
1558405659.250;200;0.789;0.792
1558405660.034;200;0.783;0.784
1558405660.766;200;0.731;0.732
1558405661.535;200;0.768;0.768
1558405662.363;200;0.826;0.828
1558405663.101;200;0.736;0.740
1558405663.829;200;0.726;0.724
1558405664.606;200;0.775;0.776
1558405665.410;200;0.801;0.804
1558405666.159;200;0.746;0.748
1558405666.894;200;0.732;0.732
1558405667.678;200;0.781;0.784
1558405668.486;200;0.807;0.808
1558405669.221;200;0.734;0.736
1558405669.947;200;0.724;0.724
1558405670.685;200;0.735;0.732
1558405671.499;200;0.813;0.812
1558405672.266;200;0.765;0.764
1558405673.006;200;0.737;0.740
1558405673.761;200;0.754;0.756
1558405674.607;200;0.844;0.844
1558405675.361;200;0.753;0.752
1558405676.094;200;0.732;0.732
1558405676.842;200;0.746;0.748
1558405677.638;200;0.793;0.796
1558405678.381;200;0.741;0.744
1558405679.114;200;0.731;0.732
1558405679.864;200;0.748;0.748
1558405680.667;200;0.801;0.800
1558405681.432;200;0.763;0.764
1558405682.146;200;0.712;0.712
1558405682.889;200;0.741;0.744
1558405683.698;200;0.807;0.808
1558405684.421;200;0.722;0.720
1558405685.155;200;0.733;0.732
1558405685.981;200;0.823;0.820
1558405686.793;200;0.811;0.812
1558405687.537;200;0.742;0.740
1558405688.250;200;0.711;0.712
1558405689.041;200;0.789;0.788
1558405689.872;200;0.829;0.828
