[OVERALL], RunTime(ms), 1167740
[OVERALL], Throughput(ops/sec), 1.28453251579975
[TOTAL_GCS_G1_Young_Generation], Count, 6
[TOTAL_GC_TIME_G1_Young_Generation], Time(ms), 113
[TOTAL_GC_TIME_%_G1_Young_Generation], Time(%), 0.009676811619024783
[TOTAL_GCS_G1_Old_Generation], Count, 0
[TOTAL_GC_TIME_G1_Old_Generation], Time(ms), 0
[TOTAL_GC_TIME_%_G1_Old_Generation], Time(%), 0.0
[TOTAL_GCs], Count, 6
[TOTAL_GC_TIME], Time(ms), 113
[TOTAL_GC_TIME_%], Time(%), 0.009676811619024783
[READ], Operations, 1500
[READ], AverageLatency(us), 777940.992
[READ], MinLatency(us), 622592
[READ], MaxLatency(us), 926719
[READ], 95thPercentileLatency(us), 859647
[READ], 99thPercentileLatency(us), 885759
[READ], Return=OK, 1500
[CLEANUP], Operations, 1
[CLEANUP], AverageLatency(us), 4.0
[CLEANUP], MinLatency(us), 4
[CLEANUP], MaxLatency(us), 4
[CLEANUP], 95thPercentileLatency(us), 4
[CLEANUP], 99thPercentileLatency(us), 4
