[WARN]  Running against a source checkout. In order to get our runtime dependencies we'll have to invoke Maven. Depending on the state of your system, this may take ~30-45 seconds
[DEBUG]  Running 'mvn -pl com.yahoo.ycsb:rest-binding -am package -DskipTests dependency:build-classpath -DincludeScope=compile -Dmdep.outputFilterFile=true'
WARNING: An illegal reflective access operation has occurred
WARNING: Illegal reflective access by com.google.inject.internal.cglib.core.$ReflectUtils$1 (file:/usr/share/maven/lib/guice.jar) to method java.lang.ClassLoader.defineClass(java.lang.String,byte[],int,int,java.security.ProtectionDomain)
WARNING: Please consider reporting this to the maintainers of com.google.inject.internal.cglib.core.$ReflectUtils$1
WARNING: Use --illegal-access=warn to enable warnings of further illegal reflective access operations
WARNING: All illegal access operations will be denied in a future release
java -cp /home/ubuntu/YCSB/rest/conf:/home/ubuntu/YCSB/rest/target/rest-binding-0.16.0-SNAPSHOT.jar:/home/ubuntu/.m2/repository/org/hdrhistogram/HdrHistogram/2.1.4/HdrHistogram-2.1.4.jar:/home/ubuntu/.m2/repository/org/glassfish/hk2/external/javax.inject/2.2.0/javax.inject-2.2.0.jar:/home/ubuntu/.m2/repository/com/github/stefanbirkner/system-rules/1.16.0/system-rules-1.16.0.jar:/home/ubuntu/.m2/repository/org/codehaus/jackson/jackson-core-asl/1.9.4/jackson-core-asl-1.9.4.jar:/home/ubuntu/.m2/repository/org/glassfish/jersey/core/jersey-server/2.6/jersey-server-2.6.jar:/home/ubuntu/YCSB/core/target/core-0.16.0-SNAPSHOT.jar:/home/ubuntu/.m2/repository/org/glassfish/hk2/hk2-api/2.2.0/hk2-api-2.2.0.jar:/home/ubuntu/.m2/repository/javax/ws/rs/javax.ws.rs-api/2.0/javax.ws.rs-api-2.0.jar:/home/ubuntu/.m2/repository/org/glassfish/hk2/hk2-locator/2.2.0/hk2-locator-2.2.0.jar:/home/ubuntu/.m2/repository/org/eclipse/jdt/core/compiler/ecj/4.4.2/ecj-4.4.2.jar:/home/ubuntu/.m2/repository/org/codehaus/jackson/jackson-mapper-asl/1.9.4/jackson-mapper-asl-1.9.4.jar:/home/ubuntu/.m2/repository/org/glassfish/jersey/bundles/repackaged/jersey-guava/2.6/jersey-guava-2.6.jar:/home/ubuntu/.m2/repository/org/glassfish/hk2/external/aopalliance-repackaged/2.2.0/aopalliance-repackaged-2.2.0.jar:/home/ubuntu/.m2/repository/org/javassist/javassist/3.18.1-GA/javassist-3.18.1-GA.jar:/home/ubuntu/.m2/repository/javax/annotation/javax.annotation-api/1.2/javax.annotation-api-1.2.jar:/home/ubuntu/.m2/repository/org/apache/htrace/htrace-core4/4.1.0-incubating/htrace-core4-4.1.0-incubating.jar:/home/ubuntu/.m2/repository/org/apache/tomcat/embed/tomcat-embed-logging-log4j/8.0.28/tomcat-embed-logging-log4j-8.0.28.jar:/home/ubuntu/.m2/repository/org/apache/tomcat/embed/tomcat-embed-el/8.0.28/tomcat-embed-el-8.0.28.jar:/home/ubuntu/.m2/repository/org/apache/tomcat/embed/tomcat-embed-logging-juli/8.0.28/tomcat-embed-logging-juli-8.0.28.jar:/home/ubuntu/.m2/repository/org/apache/tomcat/embed/tomcat-embed-core/8.0.28/tomcat-embed-core-8.0.28.jar:/home/ubuntu/.m2/repository/org/glassfish/hk2/osgi-resource-locator/1.0.1/osgi-resource-locator-1.0.1.jar:/home/ubuntu/.m2/repository/commons-codec/commons-codec/1.9/commons-codec-1.9.jar:/home/ubuntu/.m2/repository/org/glassfish/jersey/core/jersey-client/2.6/jersey-client-2.6.jar:/home/ubuntu/.m2/repository/org/apache/tomcat/embed/tomcat-embed-websocket/8.0.28/tomcat-embed-websocket-8.0.28.jar:/home/ubuntu/.m2/repository/commons-logging/commons-logging/1.2/commons-logging-1.2.jar:/home/ubuntu/.m2/repository/org/glassfish/hk2/hk2-utils/2.2.0/hk2-utils-2.2.0.jar:/home/ubuntu/.m2/repository/javax/validation/validation-api/1.1.0.Final/validation-api-1.1.0.Final.jar:/home/ubuntu/.m2/repository/org/apache/httpcomponents/httpclient/4.5.1/httpclient-4.5.1.jar:/home/ubuntu/.m2/repository/org/apache/tomcat/tomcat-dbcp/8.0.28/tomcat-dbcp-8.0.28.jar:/home/ubuntu/.m2/repository/org/glassfish/jersey/containers/jersey-container-servlet-core/2.6/jersey-container-servlet-core-2.6.jar:/home/ubuntu/.m2/repository/org/apache/tomcat/embed/tomcat-embed-jasper/8.0.28/tomcat-embed-jasper-8.0.28.jar:/home/ubuntu/.m2/repository/org/glassfish/jersey/core/jersey-common/2.6/jersey-common-2.6.jar:/home/ubuntu/.m2/repository/org/apache/httpcomponents/httpcore/4.4.4/httpcore-4.4.4.jar com.yahoo.ycsb.Client -db com.yahoo.ycsb.webservice.rest.RestClient -s -P workloads/rest_workload -t
Command line: -db com.yahoo.ycsb.webservice.rest.RestClient -s -P workloads/rest_workload -t
YCSB Client 0.16.0-SNAPSHOT

Loading workload...
Starting test.
2019-05-21 04:06:04:971 0 sec: 0 operations; est completion in 0 second 
DBWrapper: report latency for each error is false and specific error codes to track for latency are: []
2019-05-21 04:06:14:901 10 sec: 12 operations; 1.2 current ops/sec; est completion in 20 minutes [READ: Count=12, Max=857599, Min=722944, Avg=785194.67, 90=840191, 99=857599, 99.9=857599, 99.99=857599] 
2019-05-21 04:06:24:900 20 sec: 25 operations; 1.3 current ops/sec; est completion in 19 minutes [READ: Count=13, Max=864255, Min=705024, Avg=774124.31, 90=852479, 99=864255, 99.9=864255, 99.99=864255] 
2019-05-21 04:06:34:899 30 sec: 38 operations; 1.3 current ops/sec; est completion in 19 minutes [READ: Count=13, Max=817663, Min=736768, Avg=768137.85, 90=817151, 99=817663, 99.9=817663, 99.99=817663] 
2019-05-21 04:06:44:900 40 sec: 51 operations; 1.3 current ops/sec; est completion in 18 minutes [READ: Count=13, Max=817151, Min=698880, Avg=753368.62, 90=816127, 99=817151, 99.9=817151, 99.99=817151] 
2019-05-21 04:06:54:899 50 sec: 64 operations; 1.3 current ops/sec; est completion in 18 minutes [READ: Count=13, Max=857599, Min=719872, Avg=784206.77, 90=847359, 99=857599, 99.9=857599, 99.99=857599] 
2019-05-21 04:07:04:900 60 sec: 76 operations; 1.2 current ops/sec; est completion in 18 minutes [READ: Count=12, Max=836607, Min=745472, Avg=781354.67, 90=824319, 99=836607, 99.9=836607, 99.99=836607] 
2019-05-21 04:07:14:901 70 sec: 89 operations; 1.3 current ops/sec; est completion in 18 minutes [READ: Count=13, Max=833535, Min=720384, Avg=776329.85, 90=832511, 99=833535, 99.9=833535, 99.99=833535] 
2019-05-21 04:07:24:900 80 sec: 102 operations; 1.3 current ops/sec; est completion in 18 minutes [READ: Count=13, Max=836607, Min=718336, Avg=764435.69, 90=830463, 99=836607, 99.9=836607, 99.99=836607] 
2019-05-21 04:07:34:901 90 sec: 115 operations; 1.3 current ops/sec; est completion in 18 minutes [READ: Count=13, Max=830975, Min=722432, Avg=769122.46, 90=830463, 99=830975, 99.9=830975, 99.99=830975] 
2019-05-21 04:07:44:900 100 sec: 128 operations; 1.3 current ops/sec; est completion in 17 minutes [READ: Count=13, Max=838655, Min=729600, Avg=782631.38, 90=838143, 99=838655, 99.9=838655, 99.99=838655] 
2019-05-21 04:07:54:900 110 sec: 141 operations; 1.3 current ops/sec; est completion in 17 minutes [READ: Count=13, Max=862719, Min=721920, Avg=769634.46, 90=852479, 99=862719, 99.9=862719, 99.99=862719] 
2019-05-21 04:08:04:900 120 sec: 154 operations; 1.3 current ops/sec; est completion in 17 minutes [READ: Count=13, Max=849407, Min=709120, Avg=763569.23, 90=837631, 99=849407, 99.9=849407, 99.99=849407] 
2019-05-21 04:08:14:900 130 sec: 167 operations; 1.3 current ops/sec; est completion in 17 minutes [READ: Count=13, Max=1181695, Min=724992, Avg=802107.08, 90=843263, 99=1181695, 99.9=1181695, 99.99=1181695] 
2019-05-21 04:08:24:900 140 sec: 179 operations; 1.2 current ops/sec; est completion in 17 minutes [READ: Count=12, Max=858623, Min=715776, Avg=774229.33, 90=844799, 99=858623, 99.9=858623, 99.99=858623] 
2019-05-21 04:08:34:900 150 sec: 192 operations; 1.3 current ops/sec; est completion in 17 minutes [READ: Count=13, Max=859647, Min=720384, Avg=778180.92, 90=838655, 99=859647, 99.9=859647, 99.99=859647] 
2019-05-21 04:08:44:900 160 sec: 206 operations; 1.4 current ops/sec; est completion in 16 minutes [READ: Count=14, Max=836095, Min=705536, Avg=760137.14, 90=817151, 99=836095, 99.9=836095, 99.99=836095] 
2019-05-21 04:08:54:900 170 sec: 219 operations; 1.3 current ops/sec; est completion in 16 minutes [READ: Count=13, Max=841215, Min=694272, Avg=767153.23, 90=825855, 99=841215, 99.9=841215, 99.99=841215] 
2019-05-21 04:09:04:900 180 sec: 231 operations; 1.2 current ops/sec; est completion in 16 minutes [READ: Count=12, Max=837631, Min=715264, Avg=774229.33, 90=820223, 99=837631, 99.9=837631, 99.99=837631] 
2019-05-21 04:09:14:900 190 sec: 245 operations; 1.4 current ops/sec; est completion in 16 minutes [READ: Count=14, Max=809983, Min=720896, Avg=768548.57, 90=809471, 99=809983, 99.9=809983, 99.99=809983] 
2019-05-21 04:09:24:900 200 sec: 257 operations; 1.2 current ops/sec; est completion in 16 minutes [READ: Count=12, Max=873983, Min=726528, Avg=781824, 90=861695, 99=873983, 99.9=873983, 99.99=873983] 
2019-05-21 04:09:34:900 210 sec: 270 operations; 1.3 current ops/sec; est completion in 15 minutes [READ: Count=13, Max=867839, Min=679424, Avg=774045.54, 90=840703, 99=867839, 99.9=867839, 99.99=867839] 
2019-05-21 04:09:44:900 220 sec: 283 operations; 1.3 current ops/sec; est completion in 15 minutes [READ: Count=13, Max=831487, Min=719360, Avg=758528, 90=820223, 99=831487, 99.9=831487, 99.99=831487] 
2019-05-21 04:09:54:900 230 sec: 296 operations; 1.3 current ops/sec; est completion in 15 minutes [READ: Count=13, Max=850943, Min=702976, Avg=774321.23, 90=826879, 99=850943, 99.9=850943, 99.99=850943] 
2019-05-21 04:10:04:900 240 sec: 309 operations; 1.3 current ops/sec; est completion in 15 minutes [READ: Count=13, Max=840191, Min=722432, Avg=762978.46, 90=829439, 99=840191, 99.9=840191, 99.99=840191] 
2019-05-21 04:10:14:900 250 sec: 322 operations; 1.3 current ops/sec; est completion in 15 minutes [READ: Count=13, Max=836607, Min=724480, Avg=773415.38, 90=821247, 99=836607, 99.9=836607, 99.99=836607] 
2019-05-21 04:10:24:900 260 sec: 335 operations; 1.3 current ops/sec; est completion in 15 minutes [READ: Count=13, Max=824831, Min=717312, Avg=764553.85, 90=814591, 99=824831, 99.9=824831, 99.99=824831] 
2019-05-21 04:10:34:900 270 sec: 348 operations; 1.3 current ops/sec; est completion in 14 minutes [READ: Count=13, Max=836095, Min=739328, Avg=777865.85, 90=823807, 99=836095, 99.9=836095, 99.99=836095] 
2019-05-21 04:10:44:900 280 sec: 361 operations; 1.3 current ops/sec; est completion in 14 minutes [READ: Count=13, Max=834047, Min=715264, Avg=760694.15, 90=813055, 99=834047, 99.9=834047, 99.99=834047] 
2019-05-21 04:10:54:900 290 sec: 374 operations; 1.3 current ops/sec; est completion in 14 minutes [READ: Count=13, Max=848383, Min=724480, Avg=765735.38, 90=821759, 99=848383, 99.9=848383, 99.99=848383] 
2019-05-21 04:11:04:901 300 sec: 387 operations; 1.3 current ops/sec; est completion in 14 minutes [READ: Count=13, Max=850431, Min=709120, Avg=776014.77, 90=829951, 99=850431, 99.9=850431, 99.99=850431] 
2019-05-21 04:11:14:900 310 sec: 400 operations; 1.3 current ops/sec; est completion in 14 minutes [READ: Count=13, Max=836095, Min=717312, Avg=772155.08, 90=810495, 99=836095, 99.9=836095, 99.99=836095] 
2019-05-21 04:11:24:901 320 sec: 413 operations; 1.3 current ops/sec; est completion in 14 minutes [READ: Count=13, Max=856575, Min=721920, Avg=769437.54, 90=829439, 99=856575, 99.9=856575, 99.99=856575] 
2019-05-21 04:11:34:900 330 sec: 426 operations; 1.3 current ops/sec; est completion in 13 minutes [READ: Count=13, Max=833535, Min=707584, Avg=767113.85, 90=824831, 99=833535, 99.9=833535, 99.99=833535] 
2019-05-21 04:11:44:900 340 sec: 439 operations; 1.3 current ops/sec; est completion in 13 minutes [READ: Count=13, Max=818687, Min=738816, Avg=767350.15, 90=812031, 99=818687, 99.9=818687, 99.99=818687] 
2019-05-21 04:11:54:900 350 sec: 452 operations; 1.3 current ops/sec; est completion in 13 minutes [READ: Count=13, Max=828415, Min=684544, Avg=766247.38, 90=827391, 99=828415, 99.9=828415, 99.99=828415] 
2019-05-21 04:12:04:900 360 sec: 465 operations; 1.3 current ops/sec; est completion in 13 minutes [READ: Count=13, Max=830463, Min=722944, Avg=764790.15, 90=818175, 99=830463, 99.9=830463, 99.99=830463] 
2019-05-21 04:12:14:900 370 sec: 478 operations; 1.3 current ops/sec; est completion in 13 minutes [READ: Count=13, Max=856063, Min=721920, Avg=773336.62, 90=814079, 99=856063, 99.9=856063, 99.99=856063] 
2019-05-21 04:12:24:900 380 sec: 491 operations; 1.3 current ops/sec; est completion in 13 minutes [READ: Count=13, Max=873471, Min=707584, Avg=767271.38, 90=798207, 99=873471, 99.9=873471, 99.99=873471] 
2019-05-21 04:12:34:900 390 sec: 504 operations; 1.3 current ops/sec; est completion in 12 minutes [READ: Count=13, Max=860671, Min=706048, Avg=779204.92, 90=820735, 99=860671, 99.9=860671, 99.99=860671] 
2019-05-21 04:12:44:900 400 sec: 517 operations; 1.3 current ops/sec; est completion in 12 minutes [READ: Count=13, Max=842751, Min=702464, Avg=763923.69, 90=839167, 99=842751, 99.9=842751, 99.99=842751] 
2019-05-21 04:12:54:900 410 sec: 530 operations; 1.3 current ops/sec; est completion in 12 minutes [READ: Count=13, Max=849919, Min=713728, Avg=767271.38, 90=838655, 99=849919, 99.9=849919, 99.99=849919] 
2019-05-21 04:13:04:900 420 sec: 543 operations; 1.3 current ops/sec; est completion in 12 minutes [READ: Count=13, Max=835071, Min=694784, Avg=778535.38, 90=822271, 99=835071, 99.9=835071, 99.99=835071] 
2019-05-21 04:13:14:901 430 sec: 556 operations; 1.3 current ops/sec; est completion in 12 minutes [READ: Count=13, Max=841215, Min=714752, Avg=777432.62, 90=810495, 99=841215, 99.9=841215, 99.99=841215] 
2019-05-21 04:13:24:900 440 sec: 569 operations; 1.3 current ops/sec; est completion in 12 minutes [READ: Count=13, Max=850431, Min=723968, Avg=773139.69, 90=809983, 99=850431, 99.9=850431, 99.99=850431] 
2019-05-21 04:13:34:900 450 sec: 582 operations; 1.3 current ops/sec; est completion in 11 minutes [READ: Count=13, Max=842751, Min=720896, Avg=767074.46, 90=824831, 99=842751, 99.9=842751, 99.99=842751] 
2019-05-21 04:13:44:900 460 sec: 595 operations; 1.3 current ops/sec; est completion in 11 minutes [READ: Count=13, Max=834559, Min=713216, Avg=768137.85, 90=824319, 99=834559, 99.9=834559, 99.99=834559] 
2019-05-21 04:13:54:900 470 sec: 608 operations; 1.3 current ops/sec; est completion in 11 minutes [READ: Count=13, Max=859135, Min=715264, Avg=775739.08, 90=850943, 99=859135, 99.9=859135, 99.99=859135] 
2019-05-21 04:14:04:900 480 sec: 621 operations; 1.3 current ops/sec; est completion in 11 minutes [READ: Count=13, Max=831999, Min=713728, Avg=771721.85, 90=830975, 99=831999, 99.9=831999, 99.99=831999] 
2019-05-21 04:14:14:900 490 sec: 634 operations; 1.3 current ops/sec; est completion in 11 minutes [READ: Count=13, Max=865791, Min=722944, Avg=783340.31, 90=839167, 99=865791, 99.9=865791, 99.99=865791] 
2019-05-21 04:14:24:899 500 sec: 647 operations; 1.3 current ops/sec; est completion in 11 minutes [READ: Count=13, Max=876543, Min=724480, Avg=768295.38, 90=819199, 99=876543, 99.9=876543, 99.99=876543] 
2019-05-21 04:14:34:900 510 sec: 659 operations; 1.2 current ops/sec; est completion in 10 minutes [READ: Count=12, Max=839167, Min=713728, Avg=775338.67, 90=834559, 99=839167, 99.9=839167, 99.99=839167] 
2019-05-21 04:14:44:900 520 sec: 672 operations; 1.3 current ops/sec; est completion in 10 minutes [READ: Count=13, Max=844287, Min=733184, Avg=776605.54, 90=838655, 99=844287, 99.9=844287, 99.99=844287] 
2019-05-21 04:14:54:900 530 sec: 685 operations; 1.3 current ops/sec; est completion in 10 minutes [READ: Count=13, Max=837119, Min=719360, Avg=771761.23, 90=831999, 99=837119, 99.9=837119, 99.99=837119] 
2019-05-21 04:15:04:901 540 sec: 698 operations; 1.3 current ops/sec; est completion in 10 minutes [READ: Count=13, Max=865791, Min=714752, Avg=780898.46, 90=844287, 99=865791, 99.9=865791, 99.99=865791] 
2019-05-21 04:15:14:900 550 sec: 711 operations; 1.3 current ops/sec; est completion in 10 minutes [READ: Count=13, Max=818175, Min=719872, Avg=767271.38, 90=808447, 99=818175, 99.9=818175, 99.99=818175] 
2019-05-21 04:15:24:900 560 sec: 724 operations; 1.3 current ops/sec; est completion in 10 minutes [READ: Count=13, Max=911871, Min=719872, Avg=779559.38, 90=841215, 99=911871, 99.9=911871, 99.99=911871] 
2019-05-21 04:15:34:900 570 sec: 737 operations; 1.3 current ops/sec; est completion in 9 minutes [READ: Count=13, Max=835583, Min=715264, Avg=779047.38, 90=829951, 99=835583, 99.9=835583, 99.99=835583] 
2019-05-21 04:15:44:900 580 sec: 750 operations; 1.3 current ops/sec; est completion in 9 minutes [READ: Count=13, Max=834047, Min=718848, Avg=768137.85, 90=829439, 99=834047, 99.9=834047, 99.99=834047] 
2019-05-21 04:15:54:900 590 sec: 763 operations; 1.3 current ops/sec; est completion in 9 minutes [READ: Count=13, Max=812543, Min=709632, Avg=754786.46, 90=805887, 99=812543, 99.9=812543, 99.99=812543] 
2019-05-21 04:16:04:900 600 sec: 776 operations; 1.3 current ops/sec; est completion in 9 minutes [READ: Count=13, Max=834559, Min=729600, Avg=774242.46, 90=834047, 99=834559, 99.9=834559, 99.99=834559] 
2019-05-21 04:16:14:900 610 sec: 789 operations; 1.3 current ops/sec; est completion in 9 minutes [READ: Count=13, Max=815103, Min=706560, Avg=766720, 90=814591, 99=815103, 99.9=815103, 99.99=815103] 
2019-05-21 04:16:24:900 620 sec: 802 operations; 1.3 current ops/sec; est completion in 9 minutes [READ: Count=13, Max=843263, Min=689152, Avg=767704.62, 90=826367, 99=843263, 99.9=843263, 99.99=843263] 
2019-05-21 04:16:34:900 630 sec: 815 operations; 1.3 current ops/sec; est completion in 8 minutes [READ: Count=13, Max=845823, Min=732672, Avg=775305.85, 90=835583, 99=845823, 99.9=845823, 99.99=845823] 
2019-05-21 04:16:44:900 640 sec: 828 operations; 1.3 current ops/sec; est completion in 8 minutes [READ: Count=13, Max=861695, Min=688640, Avg=777550.77, 90=855039, 99=861695, 99.9=861695, 99.99=861695] 
2019-05-21 04:16:54:899 650 sec: 841 operations; 1.3 current ops/sec; est completion in 8 minutes [READ: Count=13, Max=869887, Min=731136, Avg=774596.92, 90=840191, 99=869887, 99.9=869887, 99.99=869887] 
2019-05-21 04:17:04:900 660 sec: 854 operations; 1.3 current ops/sec; est completion in 8 minutes [READ: Count=13, Max=885759, Min=705024, Avg=775660.31, 90=839679, 99=885759, 99.9=885759, 99.99=885759] 
2019-05-21 04:17:14:902 670 sec: 866 operations; 1.2 current ops/sec; est completion in 8 minutes [READ: Count=12, Max=856575, Min=738304, Avg=775040, 90=826367, 99=856575, 99.9=856575, 99.99=856575] 
2019-05-21 04:17:24:900 680 sec: 879 operations; 1.3 current ops/sec; est completion in 8 minutes [READ: Count=13, Max=833023, Min=722944, Avg=780228.92, 90=826367, 99=833023, 99.9=833023, 99.99=833023] 
2019-05-21 04:17:34:900 690 sec: 892 operations; 1.3 current ops/sec; est completion in 7 minutes [READ: Count=13, Max=866815, Min=713728, Avg=773691.08, 90=840191, 99=866815, 99.9=866815, 99.99=866815] 
2019-05-21 04:17:44:901 700 sec: 905 operations; 1.3 current ops/sec; est completion in 7 minutes [READ: Count=13, Max=854527, Min=705024, Avg=776487.38, 90=849919, 99=854527, 99.9=854527, 99.99=854527] 
2019-05-21 04:17:54:901 710 sec: 918 operations; 1.3 current ops/sec; est completion in 7 minutes [READ: Count=13, Max=864767, Min=726528, Avg=773415.38, 90=854527, 99=864767, 99.9=864767, 99.99=864767] 
2019-05-21 04:18:04:899 720 sec: 931 operations; 1.3 current ops/sec; est completion in 7 minutes [READ: Count=13, Max=847359, Min=735744, Avg=782316.31, 90=842239, 99=847359, 99.9=847359, 99.99=847359] 
2019-05-21 04:18:14:900 730 sec: 944 operations; 1.3 current ops/sec; est completion in 7 minutes [READ: Count=13, Max=870911, Min=712192, Avg=786845.54, 90=848383, 99=870911, 99.9=870911, 99.99=870911] 
2019-05-21 04:18:24:900 740 sec: 956 operations; 1.2 current ops/sec; est completion in 7 minutes [READ: Count=12, Max=921599, Min=697856, Avg=781610.67, 90=850943, 99=921599, 99.9=921599, 99.99=921599] 
2019-05-21 04:18:34:900 750 sec: 969 operations; 1.3 current ops/sec; est completion in 6 minutes [READ: Count=13, Max=860159, Min=716288, Avg=772509.54, 90=818687, 99=860159, 99.9=860159, 99.99=860159] 
2019-05-21 04:18:44:901 760 sec: 982 operations; 1.3 current ops/sec; est completion in 6 minutes [READ: Count=13, Max=837119, Min=711168, Avg=773651.69, 90=832511, 99=837119, 99.9=837119, 99.99=837119] 
2019-05-21 04:18:54:900 770 sec: 995 operations; 1.3 current ops/sec; est completion in 6 minutes [READ: Count=13, Max=834559, Min=692224, Avg=770107.08, 90=815615, 99=834559, 99.9=834559, 99.99=834559] 
2019-05-21 04:19:04:900 780 sec: 1008 operations; 1.3 current ops/sec; est completion in 6 minutes [READ: Count=13, Max=825343, Min=720384, Avg=767980.31, 90=818687, 99=825343, 99.9=825343, 99.99=825343] 
2019-05-21 04:19:14:901 790 sec: 1021 operations; 1.3 current ops/sec; est completion in 6 minutes [READ: Count=13, Max=833535, Min=727040, Avg=775305.85, 90=816639, 99=833535, 99.9=833535, 99.99=833535] 
2019-05-21 04:19:24:900 800 sec: 1034 operations; 1.3 current ops/sec; est completion in 6 minutes [READ: Count=13, Max=887295, Min=726528, Avg=777078.15, 90=813567, 99=887295, 99.9=887295, 99.99=887295] 
2019-05-21 04:19:34:901 810 sec: 1047 operations; 1.3 current ops/sec; est completion in 5 minutes [READ: Count=13, Max=888319, Min=693248, Avg=769319.38, 90=835583, 99=888319, 99.9=888319, 99.99=888319] 
2019-05-21 04:19:44:900 820 sec: 1060 operations; 1.3 current ops/sec; est completion in 5 minutes [READ: Count=13, Max=836607, Min=698880, Avg=771761.23, 90=836095, 99=836607, 99.9=836607, 99.99=836607] 
2019-05-21 04:19:54:900 830 sec: 1073 operations; 1.3 current ops/sec; est completion in 5 minutes [READ: Count=13, Max=873983, Min=714752, Avg=770343.38, 90=820223, 99=873983, 99.9=873983, 99.99=873983] 
2019-05-21 04:20:04:900 840 sec: 1086 operations; 1.3 current ops/sec; est completion in 5 minutes [READ: Count=13, Max=840703, Min=718336, Avg=770540.31, 90=823807, 99=840703, 99.9=840703, 99.99=840703] 
2019-05-21 04:20:14:901 850 sec: 1099 operations; 1.3 current ops/sec; est completion in 5 minutes [READ: Count=13, Max=854015, Min=722432, Avg=771643.08, 90=823295, 99=854015, 99.9=854015, 99.99=854015] 
2019-05-21 04:20:24:899 860 sec: 1111 operations; 1.2 current ops/sec; est completion in 5 minutes [READ: Count=12, Max=852479, Min=714240, Avg=778624, 90=849407, 99=852479, 99.9=852479, 99.99=852479] 
2019-05-21 04:20:34:900 870 sec: 1124 operations; 1.3 current ops/sec; est completion in 4 minutes [READ: Count=13, Max=877567, Min=762880, Avg=807837.54, 90=858623, 99=877567, 99.9=877567, 99.99=877567] 
2019-05-21 04:20:44:900 880 sec: 1137 operations; 1.3 current ops/sec; est completion in 4 minutes [READ: Count=13, Max=864767, Min=662528, Avg=773021.54, 90=831487, 99=864767, 99.9=864767, 99.99=864767] 
2019-05-21 04:20:54:899 890 sec: 1150 operations; 1.3 current ops/sec; est completion in 4 minutes [READ: Count=13, Max=849407, Min=709120, Avg=771012.92, 90=845311, 99=849407, 99.9=849407, 99.99=849407] 
2019-05-21 04:21:04:899 900 sec: 1163 operations; 1.3 current ops/sec; est completion in 4 minutes [READ: Count=13, Max=851455, Min=734208, Avg=784521.85, 90=842239, 99=851455, 99.9=851455, 99.99=851455] 
2019-05-21 04:21:14:900 910 sec: 1175 operations; 1.2 current ops/sec; est completion in 4 minutes [READ: Count=12, Max=857599, Min=726016, Avg=775936, 90=856575, 99=857599, 99.9=857599, 99.99=857599] 
2019-05-21 04:21:24:900 920 sec: 1188 operations; 1.3 current ops/sec; est completion in 4 minutes [READ: Count=13, Max=831999, Min=717824, Avg=776054.15, 90=825343, 99=831999, 99.9=831999, 99.99=831999] 
2019-05-21 04:21:34:900 930 sec: 1201 operations; 1.3 current ops/sec; est completion in 3 minutes [READ: Count=13, Max=855551, Min=718848, Avg=772548.92, 90=831999, 99=855551, 99.9=855551, 99.99=855551] 
2019-05-21 04:21:44:901 940 sec: 1214 operations; 1.3 current ops/sec; est completion in 3 minutes [READ: Count=13, Max=842239, Min=714752, Avg=763648, 90=804863, 99=842239, 99.9=842239, 99.99=842239] 
2019-05-21 04:21:54:901 950 sec: 1227 operations; 1.3 current ops/sec; est completion in 3 minutes [READ: Count=13, Max=825855, Min=729600, Avg=774636.31, 90=812543, 99=825855, 99.9=825855, 99.99=825855] 
2019-05-21 04:22:04:900 960 sec: 1240 operations; 1.3 current ops/sec; est completion in 3 minutes [READ: Count=13, Max=821247, Min=712192, Avg=767074.46, 90=819711, 99=821247, 99.9=821247, 99.99=821247] 
2019-05-21 04:22:14:900 970 sec: 1253 operations; 1.3 current ops/sec; est completion in 3 minutes [READ: Count=13, Max=828927, Min=719872, Avg=783458.46, 90=828927, 99=828927, 99.9=828927, 99.99=828927] 
2019-05-21 04:22:24:900 980 sec: 1266 operations; 1.3 current ops/sec; est completion in 3 minutes [READ: Count=13, Max=852479, Min=719360, Avg=768846.77, 90=815103, 99=852479, 99.9=852479, 99.99=852479] 
2019-05-21 04:22:34:900 990 sec: 1279 operations; 1.3 current ops/sec; est completion in 2 minutes [READ: Count=13, Max=855039, Min=723456, Avg=776566.15, 90=828415, 99=855039, 99.9=855039, 99.99=855039] 
2019-05-21 04:22:44:900 1000 sec: 1292 operations; 1.3 current ops/sec; est completion in 2 minutes [READ: Count=13, Max=844287, Min=730624, Avg=786215.38, 90=840703, 99=844287, 99.9=844287, 99.99=844287] 
2019-05-21 04:22:54:900 1010 sec: 1305 operations; 1.3 current ops/sec; est completion in 2 minutes [READ: Count=13, Max=844799, Min=696832, Avg=768846.77, 90=833535, 99=844799, 99.9=844799, 99.99=844799] 
2019-05-21 04:23:04:900 1020 sec: 1318 operations; 1.3 current ops/sec; est completion in 2 minutes [READ: Count=13, Max=839167, Min=722944, Avg=771997.54, 90=808959, 99=839167, 99.9=839167, 99.99=839167] 
2019-05-21 04:23:14:901 1030 sec: 1331 operations; 1.3 current ops/sec; est completion in 2 minutes [READ: Count=13, Max=841727, Min=720384, Avg=776487.38, 90=819711, 99=841727, 99.9=841727, 99.99=841727] 
2019-05-21 04:23:24:899 1040 sec: 1343 operations; 1.2 current ops/sec; est completion in 2 minutes [READ: Count=12, Max=823295, Min=690688, Avg=773717.33, 90=817151, 99=823295, 99.9=823295, 99.99=823295] 
2019-05-21 04:23:34:900 1050 sec: 1356 operations; 1.3 current ops/sec; est completion in 1 minute [READ: Count=13, Max=856063, Min=735232, Avg=777826.46, 90=823807, 99=856063, 99.9=856063, 99.99=856063] 
2019-05-21 04:23:44:900 1060 sec: 1369 operations; 1.3 current ops/sec; est completion in 1 minute [READ: Count=13, Max=836095, Min=659456, Avg=762112, 90=835071, 99=836095, 99.9=836095, 99.99=836095] 
2019-05-21 04:23:54:900 1070 sec: 1382 operations; 1.3 current ops/sec; est completion in 1 minute [READ: Count=13, Max=812031, Min=702976, Avg=769752.62, 90=809983, 99=812031, 99.9=812031, 99.99=812031] 
2019-05-21 04:24:04:900 1080 sec: 1395 operations; 1.3 current ops/sec; est completion in 1 minute [READ: Count=13, Max=836095, Min=731648, Avg=774951.38, 90=813567, 99=836095, 99.9=836095, 99.99=836095] 
2019-05-21 04:24:14:900 1090 sec: 1408 operations; 1.3 current ops/sec; est completion in 1 minute [READ: Count=13, Max=838655, Min=705024, Avg=774478.77, 90=819711, 99=838655, 99.9=838655, 99.99=838655] 
2019-05-21 04:24:24:900 1100 sec: 1421 operations; 1.3 current ops/sec; est completion in 1 minute [READ: Count=13, Max=837119, Min=704000, Avg=768925.54, 90=822271, 99=837119, 99.9=837119, 99.99=837119] 
2019-05-21 04:24:34:900 1110 sec: 1434 operations; 1.3 current ops/sec; est completion in 52 seconds [READ: Count=13, Max=877567, Min=702976, Avg=777078.15, 90=836095, 99=877567, 99.9=877567, 99.99=877567] 
2019-05-21 04:24:44:901 1120 sec: 1447 operations; 1.3 current ops/sec; est completion in 42 seconds [READ: Count=13, Max=844287, Min=709120, Avg=765026.46, 90=812543, 99=844287, 99.9=844287, 99.99=844287] 
2019-05-21 04:24:54:901 1130 sec: 1460 operations; 1.3 current ops/sec; est completion in 31 seconds [READ: Count=13, Max=865791, Min=727040, Avg=778299.08, 90=825855, 99=865791, 99.9=865791, 99.99=865791] 
2019-05-21 04:25:04:900 1140 sec: 1473 operations; 1.3 current ops/sec; est completion in 21 seconds [READ: Count=13, Max=843263, Min=724480, Avg=769673.85, 90=824319, 99=843263, 99.9=843263, 99.99=843263] 
2019-05-21 04:25:14:900 1150 sec: 1486 operations; 1.3 current ops/sec; est completion in 11 seconds [READ: Count=13, Max=839679, Min=714752, Avg=767507.69, 90=817151, 99=839679, 99.9=839679, 99.99=839679] 
2019-05-21 04:25:24:903 1160 sec: 1499 operations; 1.3 current ops/sec; est completion in 1 second [READ: Count=13, Max=833535, Min=684544, Avg=764514.46, 90=810495, 99=833535, 99.9=833535, 99.99=833535] 
2019-05-21 04:25:25:274 1160 sec: 1500 operations; 2.68 current ops/sec; [READ: Count=1, Max=834559, Min=834048, Avg=834304, 90=834559, 99=834559, 99.9=834559, 99.99=834559] [CLEANUP: Count=1, Max=3, Min=3, Avg=3, 90=3, 99=3, 99.9=3, 99.99=3] 
