[OVERALL], RunTime(ms), 1152364
[OVERALL], Throughput(ops/sec), 1.3016720411258942
[TOTAL_GCS_G1_Young_Generation], Count, 6
[TOTAL_GC_TIME_G1_Young_Generation], Time(ms), 81
[TOTAL_GC_TIME_%_G1_Young_Generation], Time(%), 0.007029029022079828
[TOTAL_GCS_G1_Old_Generation], Count, 0
[TOTAL_GC_TIME_G1_Old_Generation], Time(ms), 0
[TOTAL_GC_TIME_%_G1_Old_Generation], Time(%), 0.0
[TOTAL_GCs], Count, 6
[TOTAL_GC_TIME], Time(ms), 81
[TOTAL_GC_TIME_%], Time(%), 0.007029029022079828
[READ], Operations, 1500
[READ], AverageLatency(us), 767707.136
[READ], MinLatency(us), 660992
[READ], MaxLatency(us), 922623
[READ], 95thPercentileLatency(us), 844287
[READ], 99thPercentileLatency(us), 866815
[READ], Return=OK, 1500
[CLEANUP], Operations, 1
[CLEANUP], AverageLatency(us), 4.0
[CLEANUP], MinLatency(us), 4
[CLEANUP], MaxLatency(us), 4
[CLEANUP], 95thPercentileLatency(us), 4
[CLEANUP], 99thPercentileLatency(us), 4
