[OVERALL], RunTime(ms), 1145012
[OVERALL], Throughput(ops/sec), 1.3100299385508622
[TOTAL_GCS_G1_Young_Generation], Count, 6
[TOTAL_GC_TIME_G1_Young_Generation], Time(ms), 78
[TOTAL_GC_TIME_%_G1_Young_Generation], Time(%), 0.006812155680464484
[TOTAL_GCS_G1_Old_Generation], Count, 0
[TOTAL_GC_TIME_G1_Old_Generation], Time(ms), 0
[TOTAL_GC_TIME_%_G1_Old_Generation], Time(%), 0.0
[TOTAL_GCs], Count, 6
[TOTAL_GC_TIME], Time(ms), 78
[TOTAL_GC_TIME_%], Time(%), 0.006812155680464484
[READ], Operations, 1500
[READ], AverageLatency(us), 762803.8826666666
[READ], MinLatency(us), 635904
[READ], MaxLatency(us), 888319
[READ], 95thPercentileLatency(us), 835583
[READ], 99thPercentileLatency(us), 852479
[READ], Return=OK, 1500
[CLEANUP], Operations, 1
[CLEANUP], AverageLatency(us), 26.0
[CLEANUP], MinLatency(us), 26
[CLEANUP], MaxLatency(us), 26
[CLEANUP], 95thPercentileLatency(us), 26
[CLEANUP], 99thPercentileLatency(us), 26
