timestamp;status;request_time;upstream_response_time
1558419901.847;200;0.869;0.868
1558419902.693;200;0.842;0.844
1558419903.458;200;0.763;0.764
1558419904.275;200;0.814;0.816
1558419905.120;200;0.841;0.844
1558419905.870;200;0.747;0.748
1558419906.640;200;0.766;0.764
1558419907.417;200;0.774;0.776
1558419908.261;200;0.841;0.844
1558419909.027;200;0.763;0.764
1558419909.769;200;0.738;0.740
1558419910.554;200;0.780;0.780
1558419911.403;200;0.845;0.844
1558419912.174;200;0.767;0.768
1558419912.936;200;0.758;0.756
1558419913.737;200;0.798;0.800
1558419914.599;200;0.860;0.860
1558419915.405;200;0.774;0.772
1558419916.189;200;0.779;0.781
1558419917.003;200;0.811;0.812
1558419917.846;200;0.839;0.840
1558419918.585;200;0.737;0.740
1558419919.341;200;0.753;0.756
1558419920.184;200;0.840;0.840
1558419921.066;200;0.879;0.880
1558419921.851;200;0.780;0.780
1558419922.614;200;0.760;0.760
1558419923.389;200;0.771;0.772
1558419924.241;200;0.847;0.848
1558419924.981;200;0.737;0.740
1558419925.711;200;0.727;0.728
1558419926.499;200;0.785;0.784
1558419927.341;200;0.839;0.840
1558419928.113;200;0.767;0.768
1558419928.877;200;0.761;0.760
1558419929.671;200;0.790;0.792
1558419930.493;200;0.819;0.820
1558419931.253;200;0.755;0.756
1558419932.027;200;0.772;0.772
1558419932.803;200;0.772;0.772
1558419933.634;200;0.828;0.828
1558419934.385;200;0.747;0.744
1558419935.117;200;0.728;0.732
1558419935.889;200;0.769;0.768
1558419936.691;200;0.797;0.796
1558419937.445;200;0.751;0.752
1558419938.220;200;0.772;0.772
1558419939.041;200;0.815;0.816
1558419939.889;200;0.843;0.840
1558419940.640;200;0.749;0.748
1558419941.353;200;0.708;0.708
1558419942.131;200;0.775;0.776
1558419942.957;200;0.823;0.824
1558419943.693;200;0.732;0.736
1558419944.430;200;0.735;0.736
1558419945.214;200;0.781;0.780
1558419946.047;200;0.830;0.832
1558419946.789;200;0.739;0.736
1558419947.504;200;0.713;0.712
1558419948.250;200;0.743;0.744
1558419949.089;200;0.836;0.840
1558419949.845;200;0.754;0.752
1558419950.531;200;0.684;0.684
1558419951.288;200;0.753;0.752
1558419952.097;200;0.806;0.808
1558419952.879;200;0.780;0.780
1558419953.630;200;0.748;0.748
1558419954.431;200;0.796;0.796
1558419955.258;200;0.823;0.824
1558419955.998;200;0.737;0.740
1558419956.725;200;0.723;0.724
1558419957.476;200;0.748;0.748
1558419958.273;200;0.794;0.796
1558419959.012;200;0.735;0.736
1558419959.773;200;0.758;0.760
1558419960.548;200;0.771;0.768
1558419961.370;200;0.818;0.820
1558419962.125;200;0.751;0.752
1558419962.862;200;0.732;0.732
1558419963.687;200;0.821;0.820
1558419964.515;200;0.821;0.820
1558419965.271;200;0.751;0.752
1558419966.022;200;0.746;0.748
1558419966.823;200;0.797;0.796
1558419967.671;200;0.845;0.844
1558419968.408;200;0.733;0.732
1558419969.141;200;0.728;0.728
1558419969.823;200;0.680;0.680
1558419970.645;200;0.819;0.816
1558419971.407;200;0.758;0.756
1558419972.143;200;0.733;0.732
1558419972.908;200;0.762;0.760
1558419973.757;200;0.846;0.848
1558419974.495;200;0.736;0.736
1558419975.229;200;0.731;0.728
1558419975.983;200;0.751;0.752
1558419976.805;200;0.820;0.820
1558419977.535;200;0.724;0.724
1558419978.252;200;0.713;0.712
1558419978.992;200;0.737;0.736
1558419979.812;200;0.817;0.816
1558419980.571;200;0.756;0.756
1558419981.287;200;0.712;0.712
1558419982.088;200;0.798;0.796
1558419982.930;200;0.840;0.840
1558419983.655;200;0.722;0.724
1558419984.425;200;0.766;0.768
1558419985.175;200;0.747;0.748
1558419985.990;200;0.812;0.812
1558419986.736;200;0.743;0.744
1558419987.491;200;0.752;0.752
1558419988.270;200;0.776;0.776
1558419989.088;200;0.814;0.812
1558419989.829;200;0.738;0.740
1558419990.598;200;0.765;0.768
1558419991.346;200;0.744;0.744
1558419992.195;200;0.846;0.848
1558419992.930;200;0.732;0.732
1558419993.677;200;0.743;0.744
1558419994.446;200;0.767;0.768
1558419995.258;200;0.809;0.808
1558419996.002;200;0.740;0.740
1558419996.708;200;0.698;0.696
1558419997.479;200;0.767;0.768
1558419998.281;200;0.796;0.800
1558419999.021;200;0.734;0.736
1558419999.740;200;0.716;0.716
1558420000.510;200;0.767;0.768
1558420001.351;200;0.837;0.836
1558420002.113;200;0.758;0.760
1558420002.842;200;0.725;0.724
1558420003.633;200;0.782;0.784
1558420004.440;200;0.803;0.804
1558420005.155;200;0.706;0.708
1558420005.867;200;0.709;0.708
1558420006.613;200;0.743;0.744
1558420007.447;200;0.831;0.832
1558420008.191;200;0.741;0.740
1558420008.935;200;0.742;0.740
1558420009.694;200;0.756;0.756
1558420010.511;200;0.814;0.812
1558420011.269;200;0.754;0.756
1558420012.023;200;0.751;0.752
1558420012.797;200;0.770;0.768
1558420013.610;200;0.810;0.812
1558420014.353;200;0.740;0.744
1558420015.087;200;0.732;0.732
1558420015.802;200;0.711;0.712
1558420016.612;200;0.808;0.808
1558420017.356;200;0.741;0.740
1558420018.076;200;0.718;0.716
1558420018.882;200;0.803;0.804
1558420019.685;200;0.800;0.804
1558420020.407;200;0.718;0.720
1558420021.139;200;0.728;0.728
1558420021.899;200;0.756;0.756
1558420022.739;200;0.835;0.836
1558420023.499;200;0.757;0.756
1558420024.225;200;0.722;0.724
1558420024.983;200;0.756;0.756
1558420025.786;200;0.800;0.800
1558420026.546;200;0.756;0.756
1558420027.278;200;0.729;0.728
1558420028.055;200;0.773;0.772
1558420028.915;200;0.856;0.856
1558420029.664;200;0.746;0.744
1558420030.416;200;0.746;0.744
1558420031.127;200;0.706;0.708
1558420031.951;200;0.820;0.820
1558420032.735;200;0.782;0.780
1558420033.471;200;0.732;0.732
1558420034.244;200;0.770;0.768
1558420035.066;200;0.817;0.816
1558420035.822;200;0.753;0.756
1558420036.541;200;0.714;0.712
1558420037.293;200;0.750;0.752
1558420038.100;200;0.803;0.800
1558420038.861;200;0.758;0.760
1558420039.583;200;0.717;0.716
1558420040.431;200;0.846;0.844
1558420041.255;200;0.818;0.820
1558420041.978;200;0.719;0.720
1558420042.767;200;0.785;0.784
1558420043.547;200;0.776;0.776
1558420044.473;200;0.920;0.924
1558420045.222;200;0.746;0.748
1558420046.029;200;0.805;0.808
1558420046.843;200;0.812;0.812
1558420047.662;200;0.816;0.816
1558420048.397;200;0.718;0.720
1558420049.154;200;0.752;0.752
1558420049.953;200;0.795;0.796
1558420050.787;200;0.832;0.832
1558420051.510;200;0.721;0.720
1558420052.283;200;0.769;0.768
1558420053.075;200;0.788;0.788
1558420053.906;200;0.827;0.828
1558420054.662;200;0.750;0.752
1558420055.411;200;0.746;0.748
1558420056.161;200;0.747;0.744
1558420056.981;200;0.818;0.820
1558420057.716;200;0.733;0.732
1558420058.451;200;0.732;0.732
1558420059.225;200;0.770;0.768
1558420060.038;200;0.807;0.808
1558420060.802;200;0.761;0.764
1558420061.518;200;0.712;0.712
1558420062.307;200;0.785;0.784
1558420063.118;200;0.808;0.808
1558420063.833;200;0.712;0.712
1558420064.550;200;0.713;0.716
1558420065.254;200;0.701;0.700
1558420066.054;200;0.796;0.796
1558420066.795;200;0.738;0.740
1558420067.543;200;0.745;0.744
1558420068.310;200;0.763;0.764
1558420069.129;200;0.815;0.816
1558420069.854;200;0.720;0.720
1558420070.618;200;0.760;0.760
1558420071.384;200;0.761;0.760
1558420072.218;200;0.831;0.832
1558420072.994;200;0.772;0.772
1558420073.759;200;0.761;0.760
1558420074.515;200;0.753;0.752
1558420075.369;200;0.851;0.852
1558420076.095;200;0.724;0.724
1558420076.868;200;0.770;0.768
1558420077.645;200;0.774;0.776
1558420078.471;200;0.823;0.824
1558420079.205;200;0.732;0.728
1558420079.946;200;0.739;0.740
1558420080.669;200;0.719;0.720
1558420081.500;200;0.828;0.828
1558420082.259;200;0.757;0.756
1558420082.995;200;0.733;0.732
1558420083.766;200;0.767;0.768
1558420084.582;200;0.813;0.816
1558420085.297;200;0.712;0.716
1558420086.011;200;0.710;0.712
1558420086.755;200;0.741;0.740
1558420087.570;200;0.812;0.812
1558420088.321;200;0.749;0.752
1558420089.060;200;0.737;0.736
1558420089.852;200;0.789;0.788
1558420090.669;200;0.814;0.812
1558420091.423;200;0.750;0.748
1558420092.209;200;0.783;0.780
1558420092.984;200;0.773;0.772
1558420093.824;200;0.837;0.836
1558420094.575;200;0.749;0.748
1558420095.285;200;0.707;0.708
1558420096.046;200;0.757;0.760
1558420096.865;200;0.816;0.820
1558420097.628;200;0.758;0.756
1558420098.347;200;0.716;0.716
1558420099.091;200;0.741;0.740
1558420099.895;200;0.801;0.800
1558420100.628;200;0.729;0.728
1558420101.350;200;0.718;0.720
1558420102.070;200;0.717;0.716
1558420102.890;200;0.817;0.820
1558420103.638;200;0.744;0.744
1558420104.402;200;0.762;0.764
1558420105.173;200;0.768;0.768
1558420105.991;200;0.816;0.816
1558420106.723;200;0.728;0.728
1558420107.462;200;0.736;0.736
1558420108.234;200;0.769;0.772
1558420109.067;200;0.825;0.824
1558420109.807;200;0.733;0.732
1558420110.575;200;0.765;0.764
1558420111.353;200;0.774;0.772
1558420112.162;200;0.807;0.808
1558420112.915;200;0.748;0.748
1558420113.661;200;0.743;0.744
1558420114.413;200;0.749;0.748
1558420115.258;200;0.842;0.844
1558420116.041;200;0.775;0.776
1558420116.765;200;0.721;0.724
1558420117.510;200;0.742;0.744
1558420118.331;200;0.819;0.820
1558420119.076;200;0.741;0.740
1558420119.811;200;0.732;0.732
1558420120.574;200;0.760;0.760
1558420121.385;200;0.807;0.804
1558420122.190;200;0.803;0.804
1558420122.922;200;0.729;0.728
1558420123.744;200;0.820;0.820
1558420124.558;200;0.811;0.812
1558420125.324;200;0.764;0.764
1558420126.069;200;0.742;0.740
1558420126.801;200;0.730;0.732
1558420127.638;200;0.834;0.836
1558420128.393;200;0.753;0.756
1558420129.124;200;0.729;0.728
1558420129.890;200;0.763;0.764
1558420130.705;200;0.811;0.808
1558420131.473;200;0.763;0.764
1558420132.206;200;0.730;0.732
1558420132.962;200;0.751;0.752
1558420133.783;200;0.817;0.816
1558420134.523;200;0.738;0.740
1558420135.248;200;0.721;0.720
1558420135.978;200;0.727;0.728
1558420136.819;200;0.837;0.836
1558420137.552;200;0.730;0.728
1558420138.263;200;0.709;0.708
1558420139.046;200;0.780;0.780
1558420139.873;200;0.824;0.820
1558420140.617;200;0.741;0.744
1558420141.343;200;0.722;0.724
1558420142.089;200;0.742;0.740
1558420142.923;200;0.832;0.832
1558420143.663;200;0.737;0.736
1558420144.422;200;0.744;0.744
1558420145.175;200;0.751;0.752
1558420145.997;200;0.818;0.816
1558420146.757;200;0.758;0.760
1558420147.485;200;0.726;0.724
1558420148.161;200;0.674;0.676
1558420148.983;200;0.820;0.820
1558420149.731;200;0.745;0.744
1558420150.510;200;0.775;0.776
1558420151.301;200;0.786;0.784
1558420152.127;200;0.824;0.824
1558420152.891;200;0.761;0.760
1558420153.651;200;0.757;0.756
1558420154.423;200;0.768;0.768
1558420155.239;200;0.814;0.816
1558420155.950;200;0.709;0.708
1558420156.673;200;0.720;0.724
1558420157.423;200;0.746;0.748
1558420158.277;200;0.852;0.852
1558420159.014;200;0.735;0.736
1558420159.754;200;0.737;0.740
1558420160.578;200;0.821;0.824
1558420161.405;200;0.823;0.820
1558420162.170;200;0.763;0.764
1558420162.895;200;0.722;0.724
1558420163.681;200;0.783;0.784
1558420164.523;200;0.838;0.836
1558420165.259;200;0.733;0.732
1558420166.036;200;0.774;0.772
1558420166.851;200;0.812;0.812
1558420167.687;200;0.833;0.832
1558420168.452;200;0.761;0.760
1558420169.178;200;0.724;0.724
1558420169.930;200;0.748;0.748
1558420170.766;200;0.833;0.832
1558420171.504;200;0.734;0.732
1558420172.277;200;0.771;0.768
1558420173.038;200;0.757;0.760
1558420173.871;200;0.828;0.828
1558420174.612;200;0.739;0.736
1558420175.345;200;0.730;0.728
1558420176.099;200;0.750;0.752
1558420176.923;200;0.820;0.820
1558420177.646;200;0.721;0.720
1558420178.364;200;0.715;0.716
1558420179.145;200;0.778;0.780
1558420179.994;200;0.845;0.848
1558420180.737;200;0.741;0.744
1558420181.513;200;0.772;0.780
1558420182.276;200;0.755;0.756
1558420183.117;200;0.838;0.840
1558420183.865;200;0.745;0.744
1558420184.589;200;0.720;0.720
1558420185.337;200;0.746;0.744
1558420186.151;200;0.812;0.812
1558420186.879;200;0.721;0.720
1558420187.633;200;0.751;0.748
1558420188.374;200;0.739;0.740
1558420189.206;200;0.829;0.832
1558420189.958;200;0.748;0.748
1558420190.681;200;0.720;0.724
1558420191.450;200;0.765;0.764
1558420192.271;200;0.811;0.812
1558420193.034;200;0.760;0.760
1558420193.794;200;0.757;0.756
1558420194.544;200;0.747;0.748
1558420195.383;200;0.837;0.836
1558420196.124;200;0.738;0.736
1558420196.863;200;0.736;0.736
1558420197.644;200;0.779;0.780
1558420198.485;200;0.838;0.836
1558420199.212;200;0.725;0.724
1558420199.943;200;0.729;0.728
1558420200.720;200;0.761;0.760
1558420201.547;200;0.820;0.820
1558420202.283;200;0.734;0.732
1558420203.013;200;0.726;0.728
1558420203.771;200;0.754;0.756
1558420204.602;200;0.827;0.828
1558420205.360;200;0.756;0.756
1558420206.082;200;0.720;0.720
1558420206.822;200;0.737;0.736
1558420207.645;200;0.819;0.816
1558420208.387;200;0.738;0.736
1558420209.153;200;0.763;0.764
1558420209.929;200;0.773;0.776
1558420210.797;200;0.865;0.868
1558420211.561;200;0.761;0.760
1558420212.301;200;0.738;0.740
1558420213.125;200;0.819;0.820
1558420213.957;200;0.828;0.828
1558420214.693;200;0.734;0.736
1558420215.450;200;0.754;0.756
1558420216.201;200;0.748;0.748
1558420217.023;200;0.817;0.816
1558420217.773;200;0.745;0.744
1558420218.473;200;0.696;0.700
1558420219.262;200;0.786;0.788
1558420220.087;200;0.821;0.820
1558420220.837;200;0.747;0.744
1558420221.611;200;0.770;0.772
1558420222.381;200;0.766;0.764
1558420223.219;200;0.836;0.836
1558420223.939;200;0.718;0.720
1558420224.686;200;0.745;0.748
1558420225.466;200;0.778;0.780
1558420226.366;200;0.895;0.896
1558420227.120;200;0.753;0.752
1558420227.887;200;0.765;0.764
1558420228.690;200;0.799;0.800
1558420229.533;200;0.840;0.844
1558420230.251;200;0.715;0.716
1558420230.991;200;0.738;0.736
1558420231.757;200;0.763;0.760
1558420232.597;200;0.838;0.836
1558420233.338;200;0.739;0.740
1558420234.072;200;0.731;0.728
1558420234.858;200;0.783;0.784
1558420235.662;200;0.801;0.804
1558420236.412;200;0.747;0.748
1558420237.190;200;0.776;0.776
1558420237.953;200;0.760;0.764
1558420238.786;200;0.830;0.832
1558420239.512;200;0.723;0.724
1558420240.260;200;0.746;0.744
1558420241.029;200;0.767;0.768
1558420241.849;200;0.816;0.816
1558420242.609;200;0.758;0.756
1558420243.342;200;0.731;0.732
1558420244.114;200;0.769;0.768
1558420244.933;200;0.816;0.816
1558420245.689;200;0.753;0.756
1558420246.417;200;0.725;0.724
1558420247.133;200;0.714;0.716
1558420247.980;200;0.843;0.840
1558420248.705;200;0.722;0.720
1558420249.434;200;0.725;0.728
1558420250.225;200;0.788;0.784
1558420251.035;200;0.808;0.808
1558420251.780;200;0.741;0.740
1558420252.550;200;0.768;0.768
1558420253.313;200;0.759;0.760
1558420254.149;200;0.833;0.832
1558420254.883;200;0.731;0.732
1558420255.614;200;0.727;0.728
1558420256.363;200;0.746;0.748
1558420257.187;200;0.822;0.820
1558420257.915;200;0.726;0.728
1558420258.675;200;0.756;0.756
1558420259.453;200;0.775;0.772
1558420260.241;200;0.786;0.784
1558420260.977;200;0.734;0.732
1558420261.692;200;0.711;0.712
1558420262.429;200;0.734;0.736
1558420263.283;200;0.850;0.852
1558420264.027;200;0.740;0.740
1558420264.764;200;0.734;0.732
1558420265.531;200;0.765;0.764
1558420266.367;200;0.834;0.836
1558420267.106;200;0.736;0.736
1558420267.837;200;0.728;0.728
1558420268.595;200;0.754;0.752
1558420269.419;200;0.821;0.820
1558420270.182;200;0.757;0.756
1558420270.984;200;0.799;0.800
1558420271.745;200;0.758;0.760
1558420272.560;200;0.812;0.812
1558420273.317;200;0.755;0.752
1558420274.090;200;0.769;0.772
1558420274.905;200;0.812;0.812
1558420275.715;200;0.808;0.808
1558420276.464;200;0.747;0.744
1558420277.172;200;0.705;0.704
1558420277.936;200;0.762;0.760
1558420278.747;200;0.808;0.808
1558420279.476;200;0.726;0.724
1558420280.208;200;0.730;0.728
1558420280.973;200;0.763;0.764
1558420281.790;200;0.812;0.812
1558420282.529;200;0.737;0.736
1558420283.258;200;0.720;0.720
1558420284.033;200;0.771;0.768
1558420284.843;200;0.807;0.808
1558420285.581;200;0.731;0.728
1558420286.333;200;0.749;0.748
1558420287.105;200;0.770;0.768
1558420287.926;200;0.819;0.820
1558420288.668;200;0.739;0.740
1558420289.448;200;0.777;0.776
1558420290.244;200;0.794;0.792
1558420291.064;200;0.818;0.816
1558420291.820;200;0.751;0.752
1558420292.527;200;0.705;0.704
1558420293.288;200;0.758;0.756
1558420294.124;200;0.833;0.832
1558420294.867;200;0.741;0.740
1558420295.621;200;0.751;0.752
1558420296.363;200;0.738;0.740
1558420297.174;200;0.808;0.808
1558420297.890;200;0.712;0.712
1558420298.604;200;0.711;0.712
1558420299.365;200;0.759;0.756
1558420300.181;200;0.814;0.812
1558420300.904;200;0.721;0.720
1558420301.634;200;0.726;0.728
1558420302.385;200;0.747;0.744
1558420303.198;200;0.811;0.812
1558420303.937;200;0.736;0.740
1558420304.645;200;0.704;0.708
1558420305.395;200;0.747;0.748
1558420306.194;200;0.797;0.796
1558420306.935;200;0.738;0.740
1558420307.634;200;0.696;0.696
1558420308.433;200;0.797;0.796
1558420309.241;200;0.806;0.804
1558420309.995;200;0.752;0.752
1558420310.691;200;0.693;0.692
1558420311.458;200;0.763;0.764
1558420312.270;200;0.808;0.808
1558420313.039;200;0.767;0.768
1558420313.752;200;0.710;0.708
1558420314.523;200;0.768;0.768
1558420315.353;200;0.826;0.824
1558420316.096;200;0.738;0.736
1558420316.844;200;0.745;0.744
1558420317.613;200;0.766;0.768
1558420318.476;200;0.859;0.856
1558420319.215;200;0.735;0.736
1558420319.923;200;0.705;0.704
1558420320.689;200;0.762;0.760
1558420321.502;200;0.811;0.812
1558420322.233;200;0.727;0.724
1558420322.967;200;0.732;0.732
1558420323.782;200;0.811;0.812
1558420324.599;200;0.815;0.816
1558420325.329;200;0.727;0.724
1558420326.039;200;0.708;0.708
1558420326.845;200;0.803;0.800
1558420327.681;200;0.833;0.836
1558420328.441;200;0.756;0.756
1558420329.178;200;0.735;0.736
1558420329.936;200;0.756;0.756
1558420330.731;200;0.793;0.792
1558420331.484;200;0.747;0.748
1558420332.256;200;0.770;0.768
1558420333.045;200;0.787;0.784
1558420333.879;200;0.832;0.832
1558420334.635;200;0.754;0.752
1558420335.352;200;0.714;0.712
1558420336.107;200;0.753;0.752
1558420336.932;200;0.823;0.824
1558420337.681;200;0.747;0.744
1558420338.414;200;0.731;0.732
1558420339.203;200;0.786;0.788
1558420340.027;200;0.820;0.820
1558420340.756;200;0.727;0.724
1558420341.492;200;0.732;0.732
1558420342.214;200;0.720;0.720
1558420343.028;200;0.809;0.808
1558420343.777;200;0.747;0.748
1558420344.490;200;0.710;0.712
1558420345.241;200;0.748;0.748
1558420346.036;200;0.793;0.792
1558420346.787;200;0.749;0.748
1558420347.510;200;0.712;0.712
1558420348.302;200;0.789;0.788
1558420349.163;200;0.858;0.860
1558420349.898;200;0.732;0.732
1558420350.685;200;0.785;0.784
1558420351.440;200;0.753;0.752
1558420352.298;200;0.855;0.856
1558420353.041;200;0.741;0.740
1558420353.776;200;0.733;0.732
1558420354.538;200;0.760;0.760
1558420355.386;200;0.845;0.848
1558420356.177;200;0.788;0.792
1558420356.884;200;0.702;0.700
1558420357.627;200;0.741;0.740
1558420358.439;200;0.809;0.808
1558420359.186;200;0.744;0.744
1558420359.945;200;0.755;0.757
1558420360.730;200;0.783;0.784
1558420361.598;200;0.865;0.864
1558420362.360;200;0.757;0.756
1558420363.106;200;0.744;0.744
1558420363.891;200;0.781;0.784
1558420364.726;200;0.832;0.836
1558420365.513;200;0.784;0.784
1558420366.257;200;0.742;0.744
1558420366.995;200;0.736;0.736
1558420367.842;200;0.843;0.848
1558420368.592;200;0.747;0.748
1558420369.289;200;0.694;0.700
1558420370.095;200;0.804;0.800
1558420370.912;200;0.814;0.816
1558420371.660;200;0.743;0.748
1558420372.414;200;0.751;0.756
1558420373.201;200;0.781;0.784
1558420374.044;200;0.840;0.840
1558420374.791;200;0.745;0.748
1558420375.517;200;0.723;0.724
1558420376.305;200;0.786;0.788
1558420377.152;200;0.846;0.848
1558420377.919;200;0.765;0.768
1558420378.637;200;0.715;0.716
1558420379.441;200;0.802;0.804
1558420380.240;200;0.797;0.796
1558420380.976;200;0.734;0.736
1558420381.729;200;0.750;0.756
1558420382.559;200;0.801;0.804
1558420383.394;200;0.832;0.836
1558420384.133;200;0.737;0.736
1558420384.864;200;0.728;0.732
1558420385.634;200;0.768;0.772
1558420386.406;200;0.770;0.772
1558420387.144;200;0.735;0.736
1558420387.890;200;0.743;0.748
1558420388.640;200;0.746;0.748
1558420389.465;200;0.823;0.824
1558420390.212;200;0.745;0.748
1558420390.971;200;0.757;0.760
1558420391.749;200;0.775;0.776
1558420392.553;200;0.802;0.804
1558420393.278;200;0.723;0.728
1558420394.001;200;0.721;0.720
1558420394.790;200;0.787;0.792
1558420395.594;200;0.801;0.804
1558420396.334;200;0.736;0.736
1558420397.038;200;0.702;0.700
1558420397.816;200;0.776;0.780
1558420398.651;200;0.832;0.836
1558420399.411;200;0.757;0.760
1558420400.134;200;0.721;0.720
1558420400.912;200;0.775;0.780
1558420401.716;200;0.798;0.796
1558420402.474;200;0.756;0.760
1558420403.208;200;0.731;0.732
1558420403.947;200;0.736;0.736
1558420404.782;200;0.833;0.836
1558420405.549;200;0.763;0.764
1558420406.267;200;0.716;0.720
1558420407.058;200;0.788;0.788
1558420407.882;200;0.821;0.824
1558420408.650;200;0.764;0.768
1558420409.370;200;0.716;0.720
1558420410.137;200;0.764;0.760
1558420410.954;200;0.815;0.816
1558420411.721;200;0.763;0.768
1558420412.456;200;0.732;0.728
1558420413.290;200;0.829;0.836
1558420414.131;200;0.837;0.836
1558420414.875;200;0.738;0.744
1558420415.584;200;0.706;0.708
1558420416.352;200;0.766;0.768
1558420417.162;200;0.808;0.812
1558420417.886;200;0.721;0.724
1558420418.598;200;0.709;0.712
1558420419.318;200;0.717;0.720
1558420420.130;200;0.809;0.808
1558420420.898;200;0.766;0.768
1558420421.676;200;0.775;0.776
1558420422.422;200;0.743;0.748
1558420423.257;200;0.832;0.828
1558420424.009;200;0.750;0.752
1558420424.743;200;0.731;0.736
1558420425.506;200;0.761;0.764
1558420426.309;200;0.800;0.800
1558420427.064;200;0.751;0.756
1558420427.764;200;0.699;0.700
1558420428.513;200;0.746;0.748
1558420429.333;200;0.817;0.820
1558420430.049;200;0.714;0.716
1558420430.812;200;0.761;0.764
1558420431.582;200;0.767;0.772
1558420432.396;200;0.811;0.812
1558420433.141;200;0.743;0.740
1558420433.853;200;0.710;0.712
1558420434.641;200;0.785;0.788
1558420435.476;200;0.833;0.836
1558420436.213;200;0.735;0.736
1558420436.933;200;0.718;0.716
1558420437.702;200;0.767;0.772
1558420438.506;200;0.803;0.800
1558420439.252;200;0.742;0.740
1558420439.943;200;0.689;0.692
1558420440.724;200;0.779;0.780
1558420441.544;200;0.817;0.820
1558420442.342;200;0.797;0.800
1558420443.091;200;0.744;0.744
1558420443.853;200;0.760;0.760
1558420444.671;200;0.816;0.820
1558420445.409;200;0.736;0.736
1558420446.143;200;0.731;0.732
1558420446.894;200;0.749;0.756
1558420447.688;200;0.792;0.792
1558420448.414;200;0.724;0.728
1558420449.127;200;0.711;0.708
1558420449.901;200;0.772;0.776
1558420450.717;200;0.813;0.816
1558420451.462;200;0.741;0.744
1558420452.197;200;0.732;0.732
1558420452.983;200;0.784;0.788
1558420453.806;200;0.820;0.824
1558420454.539;200;0.731;0.732
1558420455.266;200;0.724;0.724
1558420456.033;200;0.763;0.760
1558420456.862;200;0.827;0.832
1558420457.601;200;0.735;0.736
1558420458.320;200;0.716;0.720
1558420459.062;200;0.740;0.744
1558420459.868;200;0.803;0.804
1558420460.607;200;0.737;0.740
1558420461.342;200;0.732;0.736
1558420462.093;200;0.749;0.744
1558420462.912;200;0.817;0.820
1558420463.679;200;0.765;0.768
1558420464.392;200;0.710;0.712
1558420465.134;200;0.740;0.740
1558420465.967;200;0.831;0.836
1558420466.730;200;0.761;0.760
1558420467.481;200;0.749;0.752
1558420468.181;200;0.698;0.700
1558420469.051;200;0.867;0.872
1558420469.792;200;0.739;0.740
1558420470.574;200;0.779;0.784
1558420471.373;200;0.796;0.796
1558420472.220;200;0.844;0.844
1558420472.961;200;0.739;0.736
1558420473.691;200;0.729;0.728
1558420474.431;200;0.738;0.740
1558420475.224;200;0.790;0.792
1558420475.957;200;0.730;0.732
1558420476.668;200;0.707;0.712
1558420477.446;200;0.776;0.780
1558420478.259;200;0.810;0.808
1558420479.001;200;0.740;0.740
1558420479.745;200;0.739;0.740
1558420480.481;200;0.733;0.736
1558420481.280;200;0.795;0.800
1558420482.020;200;0.739;0.740
1558420482.738;200;0.715;0.716
1558420483.562;200;0.822;0.828
1558420484.374;200;0.809;0.812
1558420485.127;200;0.750;0.748
1558420485.843;200;0.712;0.716
1558420486.592;200;0.746;0.748
1558420487.419;200;0.825;0.828
1558420488.166;200;0.745;0.748
1558420488.876;200;0.707;0.708
1558420489.634;200;0.756;0.760
1558420490.424;200;0.787;0.788
1558420491.170;200;0.742;0.744
1558420491.894;200;0.722;0.728
1558420492.654;200;0.758;0.760
1558420493.461;200;0.804;0.800
1558420494.227;200;0.764;0.768
1558420494.956;200;0.727;0.728
1558420495.698;200;0.740;0.744
1558420496.498;200;0.797;0.800
1558420497.260;200;0.758;0.760
1558420497.995;200;0.733;0.736
1558420498.775;200;0.777;0.780
1558420499.630;200;0.852;0.856
1558420500.379;200;0.746;0.748
1558420501.103;200;0.721;0.724
1558420501.850;200;0.744;0.744
1558420502.733;200;0.880;0.884
1558420503.470;200;0.735;0.740
1558420504.188;200;0.714;0.712
1558420504.942;200;0.752;0.756
1558420505.741;200;0.797;0.796
1558420506.492;200;0.749;0.752
1558420507.163;200;0.670;0.668
1558420507.923;200;0.757;0.760
1558420508.727;200;0.801;0.804
1558420509.492;200;0.763;0.764
1558420510.230;200;0.736;0.736
1558420510.948;200;0.715;0.720
1558420511.784;200;0.831;0.836
1558420512.525;200;0.737;0.740
1558420513.240;200;0.711;0.716
1558420514.006;200;0.763;0.768
1558420514.833;200;0.825;0.824
1558420515.583;200;0.746;0.748
1558420516.310;200;0.724;0.728
1558420517.065;200;0.752;0.752
1558420517.930;200;0.863;0.868
1558420518.656;200;0.724;0.724
1558420519.382;200;0.724;0.724
1558420520.183;200;0.799;0.800
1558420520.982;200;0.797;0.804
1558420521.772;200;0.787;0.788
1558420522.491;200;0.717;0.720
1558420523.264;200;0.770;0.768
1558420524.097;200;0.831;0.832
1558420524.832;200;0.733;0.736
1558420525.568;200;0.733;0.736
1558420526.328;200;0.758;0.760
1558420527.132;200;0.802;0.800
1558420527.878;200;0.744;0.744
1558420528.578;200;0.696;0.696
1558420529.334;200;0.753;0.756
1558420530.188;200;0.851;0.852
1558420530.964;200;0.774;0.772
1558420531.709;200;0.742;0.744
1558420532.453;200;0.741;0.744
1558420533.314;200;0.858;0.864
1558420534.051;200;0.734;0.732
1558420534.751;200;0.697;0.700
1558420535.504;200;0.751;0.752
1558420536.319;200;0.813;0.816
1558420537.075;200;0.754;0.756
1558420537.795;200;0.717;0.720
1558420538.554;200;0.757;0.760
1558420539.383;200;0.827;0.824
1558420540.131;200;0.742;0.744
1558420540.889;200;0.755;0.756
1558420541.645;200;0.753;0.756
1558420542.460;200;0.812;0.812
1558420543.218;200;0.756;0.756
1558420543.954;200;0.733;0.732
1558420544.712;200;0.756;0.760
1558420545.509;200;0.795;0.796
1558420546.273;200;0.762;0.764
1558420546.993;200;0.718;0.720
1558420547.740;200;0.743;0.744
1558420548.564;200;0.821;0.824
1558420549.337;200;0.771;0.772
1558420550.039;200;0.700;0.704
1558420550.797;200;0.755;0.756
1558420551.613;200;0.810;0.812
1558420552.385;200;0.770;0.772
1558420553.112;200;0.725;0.728
1558420553.857;200;0.743;0.744
1558420554.670;200;0.811;0.812
1558420555.412;200;0.740;0.744
1558420556.153;200;0.739;0.740
1558420556.917;200;0.762;0.764
1558420557.734;200;0.815;0.816
1558420558.493;200;0.756;0.760
1558420559.213;200;0.719;0.720
1558420559.959;200;0.745;0.748
1558420560.780;200;0.818;0.820
1558420561.516;200;0.732;0.736
1558420562.274;200;0.756;0.760
1558420563.042;200;0.765;0.768
1558420563.866;200;0.822;0.824
1558420564.610;200;0.741;0.744
1558420565.359;200;0.746;0.748
1558420566.174;200;0.813;0.816
1558420566.973;200;0.797;0.796
1558420567.703;200;0.728;0.732
1558420568.429;200;0.722;0.724
1558420569.182;200;0.749;0.752
1558420570.016;200;0.831;0.836
1558420570.759;200;0.742;0.744
1558420571.494;200;0.733;0.736
1558420572.289;200;0.793;0.792
1558420573.091;200;0.799;0.800
1558420573.837;200;0.744;0.744
1558420574.545;200;0.706;0.708
1558420575.301;200;0.753;0.756
1558420576.125;200;0.823;0.824
1558420576.892;200;0.765;0.768
1558420577.621;200;0.727;0.728
1558420578.369;200;0.746;0.748
1558420579.168;200;0.797;0.796
1558420579.924;200;0.754;0.756
1558420580.592;200;0.666;0.668
1558420581.374;200;0.780;0.780
1558420582.182;200;0.805;0.808
1558420582.935;200;0.752;0.756
1558420583.681;200;0.744;0.744
1558420584.430;200;0.745;0.744
1558420585.296;200;0.863;0.868
1558420586.051;200;0.754;0.756
1558420586.810;200;0.757;0.760
1558420587.588;200;0.775;0.776
1558420588.417;200;0.826;0.828
1558420589.153;200;0.734;0.736
1558420589.887;200;0.731;0.736
1558420590.683;200;0.794;0.792
1558420591.506;200;0.820;0.824
1558420592.258;200;0.747;0.748
1558420592.970;200;0.708;0.712
1558420593.722;200;0.749;0.748
1558420594.522;200;0.798;0.800
1558420595.300;200;0.776;0.780
1558420596.033;200;0.730;0.732
1558420596.784;200;0.749;0.748
1558420597.613;200;0.827;0.828
1558420598.357;200;0.741;0.740
1558420599.085;200;0.726;0.724
1558420599.845;200;0.758;0.760
1558420600.705;200;0.857;0.860
1558420601.461;200;0.753;0.756
1558420602.205;200;0.741;0.744
1558420602.969;200;0.762;0.760
1558420603.776;200;0.805;0.804
1558420604.550;200;0.772;0.776
1558420605.280;200;0.728;0.724
1558420606.030;200;0.744;0.744
1558420606.868;200;0.836;0.840
1558420607.609;200;0.739;0.740
1558420608.317;200;0.706;0.708
1558420609.089;200;0.768;0.768
1558420609.900;200;0.808;0.812
1558420610.686;200;0.784;0.784
1558420611.405;200;0.711;0.712
1558420612.177;200;0.769;0.772
1558420612.998;200;0.816;0.816
1558420613.735;200;0.735;0.740
1558420614.481;200;0.744;0.744
1558420615.296;200;0.813;0.812
1558420616.086;200;0.788;0.788
1558420616.832;200;0.744;0.748
1558420617.569;200;0.735;0.736
1558420618.329;200;0.758;0.760
1558420619.131;200;0.801;0.800
1558420619.880;200;0.747;0.752
1558420620.635;200;0.753;0.756
1558420621.384;200;0.746;0.748
1558420622.209;200;0.822;0.824
1558420622.931;200;0.721;0.724
1558420623.672;200;0.739;0.740
1558420624.440;200;0.766;0.768
1558420625.262;200;0.820;0.820
1558420626.020;200;0.756;0.760
1558420626.756;200;0.734;0.736
1558420627.498;200;0.741;0.744
1558420628.300;200;0.800;0.796
1558420629.060;200;0.758;0.760
1558420629.790;200;0.728;0.732
1558420630.556;200;0.763;0.764
1558420631.386;200;0.828;0.832
1558420632.143;200;0.755;0.752
1558420632.862;200;0.716;0.716
1558420633.613;200;0.749;0.752
1558420634.396;200;0.782;0.780
1558420635.138;200;0.741;0.744
1558420635.871;200;0.730;0.736
1558420636.588;200;0.715;0.716
1558420637.401;200;0.810;0.812
1558420638.126;200;0.724;0.724
1558420638.851;200;0.722;0.728
1558420639.608;200;0.755;0.756
1558420640.405;200;0.795;0.796
1558420641.152;200;0.746;0.744
1558420641.901;200;0.747;0.748
1558420642.659;200;0.756;0.760
1558420643.465;200;0.802;0.800
1558420644.204;200;0.738;0.740
1558420644.917;200;0.711;0.712
1558420645.669;200;0.732;0.736
1558420646.485;200;0.814;0.816
1558420647.252;200;0.765;0.764
1558420647.947;200;0.693;0.696
1558420648.682;200;0.731;0.736
1558420649.566;200;0.877;0.884
1558420650.315;200;0.746;0.748
1558420651.042;200;0.721;0.724
1558420651.829;200;0.784;0.788
1558420652.663;200;0.832;0.836
1558420653.437;200;0.771;0.772
1558420654.165;200;0.726;0.728
1558420654.876;200;0.710;0.712
1558420655.701;200;0.818;0.820
1558420656.451;200;0.747;0.752
1558420657.229;200;0.776;0.776
1558420657.980;200;0.750;0.752
1558420658.766;200;0.784;0.784
1558420659.515;200;0.746;0.752
1558420660.240;200;0.723;0.724
1558420660.985;200;0.743;0.744
1558420661.815;200;0.826;0.832
1558420662.560;200;0.743;0.744
1558420663.294;200;0.732;0.732
1558420664.045;200;0.748;0.752
1558420664.843;200;0.796;0.800
1558420665.569;200;0.724;0.724
1558420666.286;200;0.716;0.720
1558420666.999;200;0.711;0.712
1558420667.831;200;0.830;0.832
1558420668.584;200;0.746;0.748
1558420669.286;200;0.700;0.701
1558420670.041;200;0.752;0.756
1558420670.852;200;0.809;0.812
1558420671.633;200;0.778;0.780
1558420672.345;200;0.710;0.712
1558420673.133;200;0.784;0.788
1558420673.999;200;0.864;0.868
1558420674.709;200;0.708;0.708
1558420675.444;200;0.733;0.736
1558420676.184;200;0.737;0.740
1558420676.987;200;0.801;0.804
1558420677.722;200;0.733;0.732
1558420678.463;200;0.738;0.736
1558420679.216;200;0.751;0.752
1558420680.036;200;0.818;0.820
1558420680.782;200;0.745;0.748
1558420681.511;200;0.726;0.728
1558420682.299;200;0.785;0.784
1558420683.119;200;0.818;0.824
1558420683.851;200;0.730;0.732
1558420684.590;200;0.737;0.736
1558420685.317;200;0.723;0.724
1558420686.119;200;0.800;0.804
1558420686.853;200;0.732;0.732
1558420687.582;200;0.727;0.728
1558420688.345;200;0.760;0.760
1558420689.145;200;0.798;0.800
1558420689.884;200;0.737;0.740
1558420690.599;200;0.713;0.712
1558420691.386;200;0.784;0.784
1558420692.179;200;0.791;0.796
1558420692.947;200;0.767;0.768
1558420693.674;200;0.724;0.724
1558420694.435;200;0.760;0.760
1558420695.239;200;0.801;0.800
1558420695.977;200;0.736;0.740
1558420696.685;200;0.705;0.708
1558420697.480;200;0.793;0.796
1558420698.347;200;0.865;0.868
1558420699.078;200;0.729;0.728
1558420699.817;200;0.736;0.740
1558420700.662;200;0.843;0.844
1558420701.477;200;0.810;0.812
1558420702.231;200;0.752;0.756
1558420702.959;200;0.725;0.728
1558420703.716;200;0.753;0.756
1558420704.518;200;0.800;0.800
1558420705.266;200;0.744;0.744
1558420705.995;200;0.726;0.732
1558420706.747;200;0.749;0.748
1558420707.550;200;0.801;0.804
1558420708.303;200;0.750;0.752
1558420709.005;200;0.699;0.700
1558420709.746;200;0.739;0.740
1558420710.596;200;0.847;0.852
1558420711.344;200;0.745;0.744
1558420712.043;200;0.696;0.700
1558420712.823;200;0.777;0.776
1558420713.653;200;0.826;0.828
1558420714.390;200;0.733;0.736
1558420715.176;200;0.783;0.788
1558420715.926;200;0.747;0.748
1558420716.732;200;0.804;0.808
1558420717.474;200;0.740;0.740
1558420718.188;200;0.712;0.716
1558420718.962;200;0.772;0.772
1558420719.772;200;0.807;0.812
1558420720.531;200;0.757;0.760
1558420721.270;200;0.735;0.736
1558420722.074;200;0.801;0.800
1558420722.899;200;0.821;0.820
1558420723.649;200;0.748;0.748
1558420724.351;200;0.700;0.704
1558420725.110;200;0.757;0.756
1558420725.907;200;0.794;0.796
1558420726.662;200;0.753;0.752
1558420727.369;200;0.705;0.708
1558420728.093;200;0.722;0.720
1558420728.882;200;0.788;0.788
1558420729.662;200;0.778;0.780
1558420730.379;200;0.715;0.720
1558420731.133;200;0.751;0.748
1558420731.978;200;0.843;0.844
1558420732.722;200;0.742;0.744
1558420733.450;200;0.726;0.728
1558420734.210;200;0.757;0.756
1558420735.041;200;0.829;0.832
1558420735.794;200;0.752;0.752
1558420736.577;200;0.779;0.780
1558420737.254;200;0.675;0.676
1558420738.041;200;0.785;0.788
1558420738.771;200;0.728;0.728
1558420739.482;200;0.709;0.708
1558420740.290;200;0.806;0.808
1558420741.098;200;0.806;0.808
1558420741.835;200;0.735;0.736
1558420742.553;200;0.716;0.716
1558420743.345;200;0.790;0.792
1558420744.148;200;0.801;0.800
1558420744.911;200;0.758;0.764
1558420745.670;200;0.756;0.756
1558420746.364;200;0.692;0.696
1558420747.194;200;0.828;0.828
1558420747.926;200;0.731;0.732
1558420748.652;200;0.723;0.728
1558420749.407;200;0.753;0.756
1558420750.209;200;0.799;0.800
1558420750.962;200;0.751;0.752
1558420751.709;200;0.744;0.748
1558420752.447;200;0.736;0.740
1558420753.273;200;0.821;0.820
1558420754.010;200;0.736;0.736
1558420754.722;200;0.708;0.708
1558420755.456;200;0.732;0.736
1558420756.235;200;0.777;0.780
1558420756.975;200;0.737;0.736
1558420757.681;200;0.703;0.704
1558420758.427;200;0.744;0.744
1558420759.246;200;0.817;0.820
1558420759.992;200;0.745;0.748
1558420760.739;200;0.745;0.748
1558420761.534;200;0.790;0.792
1558420762.349;200;0.813;0.816
1558420763.095;200;0.744;0.744
1558420763.835;200;0.738;0.736
1558420764.496;200;0.658;0.656
1558420765.313;200;0.815;0.816
1558420766.084;200;0.770;0.768
1558420766.819;200;0.733;0.736
1558420767.605;200;0.783;0.784
1558420768.438;200;0.831;0.832
1558420769.205;200;0.765;0.768
1558420769.934;200;0.728;0.728
1558420770.702;200;0.765;0.768
1558420771.580;200;0.875;0.880
1558420772.371;200;0.789;0.793
1558420773.110;200;0.737;0.736
1558420773.901;200;0.790;0.792
1558420774.733;200;0.830;0.832
1558420775.475;200;0.740;0.740
1558420776.145;200;0.666;0.664
1558420776.928;200;0.781;0.784
1558420777.745;200;0.814;0.816
1558420778.476;200;0.729;0.728
1558420779.213;200;0.735;0.736
1558420779.962;200;0.747;0.748
1558420780.753;200;0.789;0.792
1558420781.511;200;0.756;0.756
1558420782.295;200;0.781;0.780
1558420782.994;200;0.697;0.696
1558420783.838;200;0.843;0.844
1558420784.579;200;0.739;0.740
1558420785.295;200;0.714;0.716
1558420786.069;200;0.772;0.772
1558420786.893;200;0.823;0.824
1558420787.645;200;0.751;0.752
1558420788.353;200;0.706;0.704
1558420789.141;200;0.786;0.784
1558420789.953;200;0.811;0.812
1558420790.695;200;0.741;0.740
1558420791.439;200;0.740;0.740
1558420792.199;200;0.758;0.760
1558420793.035;200;0.834;0.832
1558420793.794;200;0.757;0.760
1558420794.539;200;0.742;0.744
1558420795.282;200;0.741;0.740
1558420796.098;200;0.815;0.816
1558420796.851;200;0.752;0.752
1558420797.581;200;0.727;0.728
1558420798.369;200;0.786;0.788
1558420799.187;200;0.816;0.816
1558420799.921;200;0.732;0.732
1558420800.674;200;0.751;0.752
1558420801.422;200;0.745;0.744
1558420802.279;200;0.855;0.856
1558420803.048;200;0.767;0.768
1558420803.770;200;0.720;0.720
1558420804.482;200;0.709;0.712
1558420805.318;200;0.833;0.836
1558420806.097;200;0.776;0.776
1558420806.844;200;0.745;0.748
1558420807.613;200;0.766;0.764
1558420808.434;200;0.819;0.820
1558420809.203;200;0.768;0.768
1558420809.933;200;0.728;0.732
1558420810.683;200;0.748;0.748
1558420811.507;200;0.820;0.820
1558420812.277;200;0.768;0.764
1558420813.010;200;0.731;0.732
1558420813.836;200;0.822;0.820
1558420814.645;200;0.806;0.804
1558420815.403;200;0.755;0.756
1558420816.157;200;0.751;0.752
1558420816.908;200;0.749;0.748
1558420817.744;200;0.833;0.836
1558420818.488;200;0.742;0.740
1558420819.232;200;0.742;0.744
1558420820.127;200;0.893;0.892
1558420820.944;200;0.815;0.816
1558420821.699;200;0.747;0.748
1558420822.427;200;0.725;0.724
1558420823.167;200;0.738;0.740
1558420823.989;200;0.820;0.820
1558420824.740;200;0.750;0.748
1558420825.454;200;0.712;0.712
1558420826.210;200;0.754;0.756
1558420827.052;200;0.840;0.844
1558420827.810;200;0.756;0.756
1558420828.511;200;0.699;0.700
1558420829.279;200;0.766;0.764
1558420830.114;200;0.832;0.832
1558420830.873;200;0.757;0.760
1558420831.592;200;0.716;0.720
1558420832.334;200;0.740;0.740
1558420833.192;200;0.856;0.860
1558420833.933;200;0.739;0.736
1558420834.715;200;0.780;0.780
1558420835.461;200;0.743;0.744
1558420836.274;200;0.811;0.812
1558420837.034;200;0.759;0.760
1558420837.798;200;0.762;0.764
1558420838.554;200;0.755;0.756
1558420839.353;200;0.797;0.800
1558420840.079;200;0.723;0.724
1558420840.830;200;0.749;0.748
1558420841.629;200;0.797;0.800
1558420842.457;200;0.826;0.824
1558420843.211;200;0.752;0.752
1558420843.929;200;0.716;0.716
1558420844.687;200;0.756;0.756
1558420845.493;200;0.804;0.800
1558420846.244;200;0.749;0.748
1558420846.966;200;0.719;0.720
1558420847.715;200;0.747;0.748
1558420848.562;200;0.843;0.844
1558420849.320;200;0.755;0.756
1558420850.074;200;0.752;0.752
1558420850.828;200;0.751;0.752
1558420851.664;200;0.832;0.836
1558420852.444;200;0.778;0.780
1558420853.207;200;0.760;0.760
1558420853.973;200;0.764;0.768
1558420854.782;200;0.807;0.808
1558420855.580;200;0.794;0.792
1558420856.324;200;0.741;0.740
1558420857.074;200;0.746;0.748
1558420857.889;200;0.813;0.816
1558420858.674;200;0.784;0.784
1558420859.395;200;0.716;0.716
1558420860.183;200;0.786;0.788
1558420860.995;200;0.811;0.812
1558420861.746;200;0.748;0.748
1558420862.465;200;0.717;0.720
1558420863.198;200;0.730;0.732
1558420864.003;200;0.803;0.804
1558420864.762;200;0.758;0.760
1558420865.429;200;0.665;0.668
1558420866.188;200;0.757;0.756
1558420866.999;200;0.809;0.808
1558420867.749;200;0.748;0.752
1558420868.475;200;0.724;0.724
1558420869.242;200;0.763;0.764
1558420870.058;200;0.812;0.812
1558420870.813;200;0.754;0.756
1558420871.571;200;0.755;0.756
1558420872.334;200;0.760;0.760
1558420873.158;200;0.822;0.824
1558420873.934;200;0.774;0.776
1558420874.667;200;0.731;0.732
1558420875.408;200;0.737;0.740
1558420876.198;200;0.788;0.788
1558420876.963;200;0.763;0.764
1558420877.718;200;0.752;0.752
1558420878.451;200;0.731;0.732
1558420879.263;200;0.810;0.808
1558420880.004;200;0.738;0.736
1558420880.718;200;0.711;0.712
1558420881.482;200;0.762;0.764
1558420882.311;200;0.827;0.828
1558420883.055;200;0.742;0.740
1558420883.771;200;0.713;0.712
1558420884.562;200;0.790;0.792
1558420885.405;200;0.841;0.844
1558420886.150;200;0.743;0.744
1558420886.883;200;0.732;0.732
1558420887.660;200;0.775;0.777
1558420888.459;200;0.796;0.796
1558420889.227;200;0.765;0.764
1558420889.993;200;0.764;0.764
1558420890.754;200;0.759;0.760
1558420891.594;200;0.836;0.836
1558420892.336;200;0.740;0.740
1558420893.069;200;0.731;0.732
1558420893.831;200;0.760;0.760
1558420894.663;200;0.828;0.828
1558420895.426;200;0.761;0.760
1558420896.178;200;0.750;0.752
1558420896.936;200;0.756;0.756
1558420897.768;200;0.830;0.832
1558420898.515;200;0.739;0.740
1558420899.229;200;0.712;0.716
1558420899.957;200;0.726;0.728
1558420900.767;200;0.808;0.808
1558420901.564;200;0.793;0.792
1558420902.288;200;0.721;0.720
1558420903.031;200;0.741;0.740
1558420903.854;200;0.821;0.824
1558420904.587;200;0.731;0.732
1558420905.306;200;0.716;0.716
1558420906.076;200;0.768;0.768
1558420906.894;200;0.815;0.816
1558420907.664;200;0.768;0.768
1558420908.362;200;0.696;0.696
1558420909.102;200;0.737;0.740
1558420909.904;200;0.801;0.800
1558420910.665;200;0.759;0.760
1558420911.433;200;0.765;0.768
1558420912.205;200;0.769;0.772
1558420913.018;200;0.811;0.812
1558420913.748;200;0.725;0.724
1558420914.474;200;0.723;0.724
1558420915.239;200;0.763;0.764
1558420916.035;200;0.795;0.796
1558420916.810;200;0.772;0.772
1558420917.533;200;0.722;0.724
1558420918.274;200;0.739;0.740
1558420919.096;200;0.819;0.820
1558420919.834;200;0.734;0.736
1558420920.569;200;0.733;0.736
1558420921.356;200;0.784;0.784
1558420922.207;200;0.849;0.848
1558420922.965;200;0.755;0.756
1558420923.679;200;0.711;0.712
1558420924.445;200;0.762;0.764
1558420925.263;200;0.816;0.816
1558420925.999;200;0.733;0.732
1558420926.748;200;0.747;0.744
1558420927.538;200;0.787;0.788
1558420928.371;200;0.832;0.832
1558420929.115;200;0.742;0.744
1558420929.859;200;0.742;0.744
1558420930.606;200;0.746;0.748
1558420931.428;200;0.820;0.820
1558420932.177;200;0.747;0.744
1558420932.900;200;0.721;0.720
1558420933.660;200;0.758;0.756
1558420934.483;200;0.821;0.820
1558420935.234;200;0.750;0.752
1558420936.003;200;0.768;0.768
1558420936.747;200;0.743;0.744
1558420937.587;200;0.838;0.840
1558420938.331;200;0.741;0.740
1558420939.062;200;0.728;0.728
1558420939.856;200;0.792;0.792
1558420940.658;200;0.801;0.800
1558420941.408;200;0.738;0.736
1558420942.152;200;0.741;0.740
1558420942.928;200;0.774;0.772
1558420943.795;200;0.863;0.864
1558420944.574;200;0.775;0.776
1558420945.278;200;0.702;0.704
1558420946.056;200;0.776;0.776
1558420946.883;200;0.824;0.824
1558420947.619;200;0.734;0.736
1558420948.354;200;0.732;0.732
1558420949.153;200;0.798;0.800
1558420949.998;200;0.843;0.844
1558420950.747;200;0.748;0.748
1558420951.486;200;0.734;0.736
1558420952.251;200;0.764;0.764
1558420953.108;200;0.855;0.856
1558420953.846;200;0.735;0.736
1558420954.612;200;0.764;0.764
1558420955.375;200;0.759;0.760
1558420956.194;200;0.817;0.820
1558420956.919;200;0.724;0.724
1558420957.658;200;0.738;0.740
1558420958.363;200;0.703;0.704
1558420959.206;200;0.841;0.844
1558420959.944;200;0.737;0.736
1558420960.675;200;0.728;0.728
1558420961.419;200;0.740;0.740
1558420962.242;200;0.821;0.820
1558420962.971;200;0.727;0.728
1558420963.738;200;0.765;0.768
1558420964.518;200;0.779;0.780
1558420965.322;200;0.801;0.804
1558420966.074;200;0.750;0.752
1558420966.792;200;0.717;0.716
1558420967.536;200;0.741;0.740
1558420968.361;200;0.821;0.820
1558420969.089;200;0.725;0.724
1558420969.836;200;0.745;0.744
1558420970.551;200;0.712;0.712
1558420971.375;200;0.821;0.820
1558420972.126;200;0.750;0.752
1558420972.855;200;0.728;0.728
1558420973.653;200;0.796;0.796
1558420974.463;200;0.809;0.808
