[OVERALL], RunTime(ms), 1151714
[OVERALL], Throughput(ops/sec), 1.3024066738791054
[TOTAL_GCS_G1_Young_Generation], Count, 6
[TOTAL_GC_TIME_G1_Young_Generation], Time(ms), 190
[TOTAL_GC_TIME_%_G1_Young_Generation], Time(%), 0.01649715120246867
[TOTAL_GCS_G1_Old_Generation], Count, 0
[TOTAL_GC_TIME_G1_Old_Generation], Time(ms), 0
[TOTAL_GC_TIME_%_G1_Old_Generation], Time(%), 0.0
[TOTAL_GCs], Count, 6
[TOTAL_GC_TIME], Time(ms), 190
[TOTAL_GC_TIME_%], Time(%), 0.01649715120246867
[READ], Operations, 1500
[READ], AverageLatency(us), 767268.1813333334
[READ], MinLatency(us), 627712
[READ], MaxLatency(us), 903167
[READ], 95thPercentileLatency(us), 843775
[READ], 99thPercentileLatency(us), 873471
[READ], Return=OK, 1500
[CLEANUP], Operations, 1
[CLEANUP], AverageLatency(us), 3.0
[CLEANUP], MinLatency(us), 3
[CLEANUP], MaxLatency(us), 3
[CLEANUP], 95thPercentileLatency(us), 3
[CLEANUP], 99thPercentileLatency(us), 3
