timestamp;status;request_time;upstream_response_time
1558426879.471;200;0.739;0.744
1558426880.245;200;0.729;0.732
1558426881.067;200;0.818;0.824
1558426881.902;200;0.827;0.828
1558426882.646;200;0.741;0.744
1558426883.412;200;0.762;0.764
1558426884.169;200;0.752;0.756
1558426884.990;200;0.793;0.796
1558426885.729;200;0.735;0.732
1558426886.479;200;0.747;0.752
1558426887.256;200;0.773;0.776
1558426888.058;200;0.798;0.800
1558426888.777;200;0.715;0.716
1558426889.556;200;0.770;0.772
1558426890.309;200;0.749;0.752
1558426891.141;200;0.827;0.824
1558426891.880;200;0.735;0.740
1558426892.609;200;0.725;0.728
1558426893.418;200;0.805;0.808
1558426894.215;200;0.794;0.796
1558426894.945;200;0.727;0.724
1558426895.713;200;0.765;0.768
1558426896.469;200;0.753;0.756
1558426897.276;200;0.803;0.804
1558426898.030;200;0.750;0.752
1558426898.760;200;0.727;0.732
1558426899.548;200;0.781;0.784
1558426900.373;200;0.821;0.824
1558426901.140;200;0.761;0.760
1558426901.872;200;0.727;0.732
1558426902.647;200;0.771;0.776
1558426903.485;200;0.830;0.832
1558426904.263;200;0.772;0.776
1558426904.996;200;0.728;0.732
1558426905.790;200;0.790;0.792
1558426906.603;200;0.806;0.808
1558426907.348;200;0.735;0.740
1558426908.085;200;0.733;0.736
1558426908.852;200;0.757;0.760
1558426909.686;200;0.829;0.832
1558426910.415;200;0.726;0.728
1558426911.176;200;0.757;0.760
1558426911.920;200;0.739;0.744
1558426912.735;200;0.812;0.816
1558426913.525;200;0.787;0.788
1558426914.255;200;0.725;0.728
1558426915.029;200;0.769;0.772
1558426915.857;200;0.824;0.828
1558426916.604;200;0.744;0.748
1558426917.352;200;0.745;0.748
1558426918.108;200;0.752;0.756
1558426918.936;200;0.824;0.828
1558426919.679;200;0.738;0.744
1558426920.429;200;0.746;0.748
1558426921.225;200;0.792;0.796
1558426922.080;200;0.852;0.856
1558426922.818;200;0.734;0.736
1558426923.612;200;0.791;0.796
1558426924.438;200;0.823;0.824
1558426925.266;200;0.825;0.828
1558426925.995;200;0.726;0.728
1558426926.769;200;0.769;0.772
1558426927.579;200;0.807;0.808
1558426928.364;200;0.781;0.780
1558426929.111;200;0.742;0.748
1558426929.849;200;0.735;0.736
1558426930.636;200;0.784;0.784
1558426931.442;200;0.803;0.808
1558426932.207;200;0.762;0.760
1558426932.951;200;0.742;0.740
1558426933.754;200;0.799;0.800
1558426934.594;200;0.837;0.844
1558426935.340;200;0.743;0.744
1558426936.069;200;0.725;0.728
1558426936.821;200;0.749;0.752
1558426937.617;200;0.792;0.792
1558426938.332;200;0.712;0.716
1558426939.056;200;0.720;0.725
1558426939.826;200;0.766;0.768
1558426940.633;200;0.804;0.808
1558426941.388;200;0.752;0.756
1558426942.141;200;0.749;0.748
1558426942.918;200;0.773;0.780
1558426943.708;200;0.787;0.788
1558426944.440;200;0.729;0.732
1558426945.195;200;0.751;0.752
1558426945.980;200;0.781;0.784
1558426946.807;200;0.817;0.816
1558426947.559;200;0.750;0.752
1558426948.320;200;0.759;0.764
1558426949.108;200;0.784;0.788
1558426949.903;200;0.791;0.796
1558426950.648;200;0.743;0.744
1558426951.390;200;0.738;0.740
1558426952.167;200;0.774;0.780
1558426953.017;200;0.847;0.844
1558426953.748;200;0.728;0.732
1558426954.549;200;0.796;0.800
1558426955.317;200;0.764;0.764
1558426956.119;200;0.798;0.804
1558426956.865;200;0.741;0.744
1558426957.591;200;0.723;0.728
1558426958.344;200;0.750;0.752
1558426959.172;200;0.799;0.800
1558426959.919;200;0.743;0.744
1558426960.668;200;0.746;0.748
1558426961.445;200;0.774;0.776
1558426962.261;200;0.813;0.816
1558426963.046;200;0.782;0.784
1558426963.782;200;0.733;0.736
1558426964.548;200;0.761;0.764
1558426965.342;200;0.791;0.792
1558426966.089;200;0.745;0.748
1558426966.824;200;0.733;0.736
1558426967.573;200;0.745;0.744
1558426968.381;200;0.802;0.804
1558426969.111;200;0.726;0.728
1558426969.832;200;0.719;0.716
1558426970.661;200;0.825;0.828
1558426971.481;200;0.817;0.820
1558426972.205;200;0.721;0.720
1558426972.950;200;0.740;0.740
1558426973.714;200;0.761;0.768
1558426974.515;200;0.798;0.800
1558426975.252;200;0.734;0.736
1558426976.019;200;0.760;0.764
1558426976.790;200;0.767;0.768
1558426977.626;200;0.833;0.832
1558426978.358;200;0.728;0.728
1558426979.069;200;0.706;0.708
1558426979.830;200;0.758;0.760
1558426980.647;200;0.815;0.816
1558426981.384;200;0.735;0.736
1558426982.126;200;0.736;0.736
1558426982.896;200;0.767;0.768
1558426983.728;200;0.829;0.828
1558426984.462;200;0.731;0.732
1558426985.194;200;0.729;0.728
1558426986.035;200;0.838;0.836
1558426986.847;200;0.808;0.808
1558426987.569;200;0.719;0.720
1558426988.296;200;0.724;0.724
1558426989.075;200;0.774;0.780
1558426989.871;200;0.786;0.792
1558426990.620;200;0.746;0.748
1558426991.400;200;0.778;0.780
1558426992.233;200;0.830;0.832
1558426993.041;200;0.804;0.804
1558426993.799;200;0.755;0.760
1558426994.527;200;0.725;0.728
1558426995.361;200;0.825;0.828
1558426996.150;200;0.787;0.788
1558426996.876;200;0.724;0.728
1558426997.614;200;0.734;0.736
1558426998.368;200;0.737;0.740
1558426999.182;200;0.810;0.812
1558426999.915;200;0.729;0.732
1558427000.632;200;0.715;0.716
1558427001.436;200;0.800;0.804
1558427002.237;200;0.796;0.800
1558427003.001;200;0.761;0.764
1558427003.736;200;0.732;0.732
1558427004.511;200;0.771;0.776
1558427005.345;200;0.832;0.832
1558427006.110;200;0.762;0.764
1558427006.847;200;0.735;0.736
1558427007.689;200;0.840;0.840
1558427008.503;200;0.811;0.812
1558427009.234;200;0.726;0.728
1558427009.954;200;0.717;0.716
1558427010.711;200;0.754;0.756
1558427011.524;200;0.808;0.812
1558427012.308;200;0.781;0.784
1558427013.088;200;0.776;0.776
1558427013.911;200;0.819;0.820
1558427014.720;200;0.805;0.808
1558427015.457;200;0.733;0.736
1558427016.251;200;0.791;0.792
1558427017.000;200;0.747;0.748
1558427017.807;200;0.803;0.808
1558427018.560;200;0.751;0.748
1558427019.290;200;0.725;0.728
1558427020.068;200;0.775;0.776
1558427020.887;200;0.815;0.816
1558427021.647;200;0.759;0.760
1558427022.403;200;0.753;0.752
1558427023.207;200;0.801;0.800
1558427024.017;200;0.808;0.808
1558427024.771;200;0.750;0.756
1558427025.488;200;0.715;0.716
1558427026.271;200;0.779;0.784
1558427027.070;200;0.796;0.796
1558427027.831;200;0.758;0.756
1558427028.527;200;0.693;0.692
1558427029.272;200;0.740;0.744
1558427030.098;200;0.822;0.824
1558427030.812;200;0.712;0.716
1558427031.544;200;0.726;0.728
1558427032.280;200;0.732;0.736
1558427033.061;200;0.778;0.780
1558427033.825;200;0.760;0.760
1558427034.595;200;0.767;0.768
1558427035.408;200;0.809;0.812
1558427036.221;200;0.810;0.812
1558427036.963;200;0.739;0.740
1558427037.712;200;0.747;0.748
1558427038.472;200;0.754;0.756
1558427039.303;200;0.827;0.832
1558427040.035;200;0.729;0.732
1558427040.766;200;0.727;0.728
1558427041.525;200;0.756;0.760
1558427042.349;200;0.821;0.824
1558427043.092;200;0.740;0.744
1558427043.836;200;0.741;0.744
1558427044.597;200;0.757;0.760
1558427045.432;200;0.832;0.836
1558427046.205;200;0.770;0.768
1558427046.941;200;0.733;0.736
1558427047.796;200;0.852;0.856
1558427048.627;200;0.828;0.828
1558427049.368;200;0.737;0.740
1558427050.082;200;0.711;0.712
1558427050.851;200;0.765;0.764
1558427051.677;200;0.823;0.824
1558427052.431;200;0.744;0.748
1558427053.190;200;0.756;0.756
1558427053.924;200;0.730;0.732
1558427054.730;200;0.802;0.804
1558427055.511;200;0.776;0.776
1558427056.243;200;0.726;0.728
1558427056.991;200;0.743;0.748
1558427057.820;200;0.825;0.824
1558427058.551;200;0.728;0.728
1558427059.303;200;0.747;0.748
1558427060.084;200;0.779;0.780
1558427060.876;200;0.789;0.792
1558427061.607;200;0.727;0.732
1558427062.344;200;0.733;0.736
1558427063.131;200;0.784;0.784
1558427063.971;200;0.837;0.840
1558427064.734;200;0.759;0.760
1558427065.484;200;0.748;0.752
1558427066.227;200;0.741;0.744
1558427067.046;200;0.816;0.816
1558427067.803;200;0.754;0.756
1558427068.574;200;0.766;0.768
1558427069.357;200;0.780;0.780
1558427070.172;200;0.811;0.812
1558427070.931;200;0.755;0.756
1558427071.647;200;0.712;0.716
1558427072.405;200;0.754;0.756
1558427073.226;200;0.817;0.820
1558427073.969;200;0.740;0.744
1558427074.704;200;0.731;0.736
1558427075.460;200;0.752;0.756
1558427076.252;200;0.788;0.792
1558427077.019;200;0.763;0.768
1558427077.793;200;0.770;0.772
1558427078.504;200;0.708;0.712
1558427079.322;200;0.814;0.816
1558427080.046;200;0.722;0.724
1558427080.805;200;0.756;0.756
1558427081.547;200;0.738;0.736
1558427082.379;200;0.828;0.832
1558427083.125;200;0.742;0.744
1558427083.920;200;0.791;0.792
1558427084.687;200;0.764;0.768
1558427085.521;200;0.830;0.832
1558427086.307;200;0.782;0.784
1558427087.037;200;0.728;0.728
1558427087.781;200;0.740;0.744
1558427088.608;200;0.821;0.824
1558427089.331;200;0.719;0.720
1558427090.057;200;0.724;0.724
1558427090.818;200;0.749;0.748
1558427091.615;200;0.794;0.800
1558427092.358;200;0.740;0.740
1558427093.093;200;0.732;0.736
1558427093.840;200;0.744;0.744
1558427094.667;200;0.824;0.824
1558427095.396;200;0.725;0.728
1558427096.124;200;0.724;0.728
1558427096.861;200;0.734;0.732
1558427097.699;200;0.835;0.836
1558427098.439;200;0.738;0.744
1558427099.181;200;0.738;0.736
1558427099.950;200;0.766;0.768
1558427100.824;200;0.872;0.876
1558427101.566;200;0.738;0.740
1558427102.302;200;0.732;0.732
1558427103.070;200;0.765;0.764
1558427103.924;200;0.851;0.856
1558427104.689;200;0.761;0.764
1558427105.429;200;0.736;0.736
1558427106.188;200;0.755;0.756
1558427106.996;200;0.803;0.808
1558427107.746;200;0.747;0.748
1558427108.469;200;0.720;0.720
1558427109.308;200;0.834;0.836
1558427110.135;200;0.824;0.824
1558427110.883;200;0.742;0.744
1558427111.618;200;0.732;0.732
1558427112.405;200;0.785;0.788
1558427113.248;200;0.839;0.841
1558427113.996;200;0.744;0.748
1558427114.704;200;0.704;0.708
1558427115.462;200;0.754;0.756
1558427116.282;200;0.815;0.816
1558427117.023;200;0.738;0.740
1558427117.779;200;0.752;0.752
1558427118.541;200;0.760;0.764
1558427119.363;200;0.816;0.820
1558427120.168;200;0.802;0.804
1558427120.842;200;0.671;0.672
1558427121.656;200;0.812;0.816
1558427122.492;200;0.833;0.836
1558427123.230;200;0.735;0.736
1558427123.960;200;0.726;0.728
1558427124.696;200;0.733;0.736
1558427125.534;200;0.834;0.836
1558427126.313;200;0.773;0.776
1558427127.055;200;0.739;0.740
1558427127.824;200;0.766;0.768
1558427128.653;200;0.826;0.828
1558427129.428;200;0.770;0.772
1558427130.153;200;0.722;0.724
1558427130.893;200;0.738;0.740
1558427131.688;200;0.792;0.796
1558427132.427;200;0.737;0.736
1558427133.153;200;0.722;0.720
1558427133.904;200;0.747;0.752
1558427134.737;200;0.829;0.832
1558427135.482;200;0.742;0.744
1558427136.198;200;0.713;0.716
1558427136.933;200;0.729;0.732
1558427137.744;200;0.809;0.812
1558427138.464;200;0.718;0.720
1558427139.195;200;0.724;0.724
1558427139.955;200;0.757;0.756
1558427140.786;200;0.829;0.828
1558427141.527;200;0.738;0.740
1558427142.271;200;0.742;0.744
1558427143.004;200;0.730;0.732
1558427143.821;200;0.813;0.816
1558427144.524;200;0.700;0.704
1558427145.279;200;0.752;0.752
1558427146.056;200;0.775;0.780
1558427146.879;200;0.820;0.820
1558427147.603;200;0.721;0.720
1558427148.376;200;0.770;0.772
1558427149.146;200;0.766;0.768
1558427149.972;200;0.823;0.828
1558427150.693;200;0.717;0.720
1558427151.449;200;0.752;0.756
1558427152.205;200;0.753;0.752
1558427153.043;200;0.835;0.836
1558427153.790;200;0.744;0.744
1558427154.552;200;0.759;0.764
1558427155.329;200;0.774;0.776
1558427156.128;200;0.795;0.800
1558427156.887;200;0.756;0.756
1558427157.631;200;0.742;0.740
1558427158.411;200;0.778;0.780
1558427159.253;200;0.838;0.840
1558427159.996;200;0.740;0.744
1558427160.758;200;0.759;0.760
1558427161.499;200;0.739;0.740
1558427162.306;200;0.804;0.804
1558427163.038;200;0.729;0.732
1558427163.788;200;0.748;0.752
1558427164.560;200;0.769;0.772
1558427165.380;200;0.817;0.820
1558427166.112;200;0.730;0.732
1558427166.840;200;0.725;0.728
1558427167.662;200;0.820;0.820
1558427168.460;200;0.795;0.796
1558427169.174;200;0.709;0.712
1558427169.893;200;0.716;0.720
1558427170.681;200;0.783;0.780
1558427171.491;200;0.806;0.808
1558427172.243;200;0.751;0.752
1558427172.963;200;0.717;0.716
1558427173.751;200;0.785;0.784
1558427174.575;200;0.815;0.816
1558427175.314;200;0.735;0.736
1558427176.070;200;0.753;0.756
1558427176.768;200;0.695;0.696
1558427177.606;200;0.831;0.832
1558427178.344;200;0.736;0.740
1558427179.083;200;0.736;0.736
1558427179.850;200;0.765;0.764
1558427180.695;200;0.842;0.844
1558427181.427;200;0.729;0.728
1558427182.193;200;0.765;0.764
1558427182.975;200;0.779;0.780
1558427183.785;200;0.807;0.808
1558427184.517;200;0.722;0.724
1558427185.302;200;0.782;0.784
1558427186.062;200;0.756;0.756
1558427186.871;200;0.805;0.804
1558427187.711;200;0.836;0.836
1558427188.437;200;0.721;0.724
1558427189.268;200;0.826;0.828
1558427190.090;200;0.819;0.820
1558427190.816;200;0.724;0.728
1558427191.564;200;0.745;0.744
1558427192.304;200;0.737;0.740
1558427193.145;200;0.838;0.836
1558427193.905;200;0.758;0.760
1558427194.651;200;0.744;0.744
1558427195.419;200;0.766;0.768
1558427196.236;200;0.813;0.816
1558427196.986;200;0.748;0.748
1558427197.699;200;0.710;0.708
1558427198.483;200;0.781;0.780
1558427199.326;200;0.837;0.836
1558427200.058;200;0.729;0.732
1558427200.780;200;0.719;0.724
1558427201.551;200;0.769;0.768
1558427202.413;200;0.860;0.856
1558427203.174;200;0.758;0.760
1558427203.929;200;0.752;0.756
1558427204.698;200;0.766;0.768
1558427205.487;200;0.787;0.788
1558427206.247;200;0.758;0.756
1558427207.018;200;0.768;0.768
1558427207.729;200;0.708;0.712
1558427208.574;200;0.842;0.844
1558427209.295;200;0.717;0.716
1558427210.030;200;0.733;0.732
1558427210.780;200;0.746;0.744
1558427211.621;200;0.838;0.840
1558427212.346;200;0.723;0.724
1558427213.121;200;0.772;0.772
1558427213.895;200;0.770;0.772
1558427214.732;200;0.835;0.836
1558427215.487;200;0.753;0.752
1558427216.246;200;0.757;0.756
1558427216.971;200;0.723;0.724
1558427217.828;200;0.854;0.852
1558427218.575;200;0.745;0.744
1558427219.305;200;0.725;0.728
1558427220.064;200;0.756;0.760
1558427220.945;200;0.876;0.880
1558427221.713;200;0.765;0.768
1558427222.446;200;0.724;0.724
1558427223.220;200;0.771;0.768
1558427224.060;200;0.835;0.836
1558427224.799;200;0.735;0.736
1558427225.529;200;0.728;0.728
1558427226.304;200;0.771;0.772
1558427227.108;200;0.799;0.800
1558427227.871;200;0.762;0.760
1558427228.662;200;0.787;0.788
1558427229.456;200;0.790;0.792
1558427230.245;200;0.786;0.788
1558427230.979;200;0.732;0.732
1558427231.716;200;0.735;0.732
1558427232.486;200;0.768;0.768
1558427233.276;200;0.787;0.788
1558427234.019;200;0.741;0.740
1558427234.756;200;0.735;0.736
1558427235.513;200;0.755;0.756
1558427236.340;200;0.824;0.824
1558427237.082;200;0.740;0.740
1558427237.793;200;0.708;0.708
1558427238.560;200;0.764;0.764
1558427239.369;200;0.806;0.804
1558427240.115;200;0.743;0.744
1558427240.885;200;0.767;0.768
1558427241.690;200;0.801;0.804
1558427242.486;200;0.793;0.796
1558427243.229;200;0.741;0.744
1558427243.986;200;0.755;0.756
1558427244.753;200;0.763;0.760
1558427245.606;200;0.849;0.848
1558427246.380;200;0.770;0.768
1558427247.113;200;0.731;0.728
1558427247.920;200;0.802;0.804
1558427248.724;200;0.801;0.800
1558427249.480;200;0.752;0.752
1558427250.235;200;0.753;0.752
1558427251.000;200;0.762;0.764
1558427251.912;200;0.906;0.908
1558427252.626;200;0.711;0.712
1558427253.366;200;0.737;0.736
1558427254.115;200;0.746;0.748
1558427254.959;200;0.841;0.840
1558427255.713;200;0.752;0.752
1558427256.491;200;0.774;0.776
1558427257.246;200;0.752;0.752
1558427258.060;200;0.812;0.812
1558427258.800;200;0.737;0.736
1558427259.518;200;0.712;0.712
1558427260.258;200;0.737;0.740
1558427261.095;200;0.833;0.832
1558427261.886;200;0.789;0.792
1558427262.628;200;0.739;0.736
1558427263.453;200;0.823;0.824
1558427264.309;200;0.853;0.856
1558427265.066;200;0.751;0.752
1558427265.779;200;0.710;0.708
1558427266.527;200;0.746;0.744
1558427267.337;200;0.808;0.808
1558427268.080;200;0.741;0.744
1558427268.811;200;0.728;0.728
1558427269.520;200;0.706;0.704
1558427270.363;200;0.841;0.840
1558427271.093;200;0.727;0.724
1558427271.854;200;0.759;0.760
1558427272.599;200;0.743;0.744
1558427273.444;200;0.836;0.840
1558427274.220;200;0.771;0.772
1558427274.947;200;0.724;0.724
1558427275.708;200;0.758;0.760
1558427276.514;200;0.802;0.804
1558427277.271;200;0.754;0.756
1558427278.052;200;0.778;0.776
1558427278.810;200;0.756;0.756
1558427279.670;200;0.856;0.856
1558427280.425;200;0.752;0.752
1558427281.196;200;0.767;0.768
1558427281.930;200;0.731;0.732
1558427282.840;200;0.906;0.904
1558427283.581;200;0.737;0.736
1558427284.313;200;0.729;0.732
1558427285.091;200;0.775;0.776
1558427285.921;200;0.827;0.828
1558427286.695;200;0.770;0.772
1558427287.410;200;0.712;0.712
1558427288.202;200;0.789;0.788
1558427289.014;200;0.808;0.808
1558427289.755;200;0.735;0.736
1558427290.493;200;0.735;0.736
1558427291.300;200;0.805;0.804
1558427292.101;200;0.799;0.800
1558427292.845;200;0.741;0.744
1558427293.594;200;0.746;0.748
1558427294.384;200;0.779;0.780
1558427295.201;200;0.815;0.816
1558427295.922;200;0.718;0.720
1558427296.648;200;0.723;0.724
1558427297.430;200;0.778;0.780
1558427298.297;200;0.864;0.868
1558427299.029;200;0.727;0.728
1558427299.762;200;0.731;0.732
1558427300.530;200;0.765;0.768
1558427301.325;200;0.793;0.796
1558427302.059;200;0.731;0.732
1558427302.812;200;0.751;0.752
1558427303.580;200;0.766;0.764
1558427304.407;200;0.824;0.824
1558427305.133;200;0.724;0.724
1558427305.874;200;0.738;0.740
1558427306.630;200;0.754;0.756
1558427307.418;200;0.786;0.789
1558427308.204;200;0.783;0.784
1558427308.949;200;0.742;0.744
1558427309.697;200;0.745;0.748
1558427310.528;200;0.827;0.824
1558427311.288;200;0.757;0.756
1558427312.006;200;0.716;0.716
1558427312.822;200;0.814;0.816
1558427313.682;200;0.858;0.860
1558427314.462;200;0.778;0.780
1558427315.263;200;0.798;0.796
1558427316.026;200;0.760;0.760
1558427316.866;200;0.837;0.840
1558427317.639;200;0.770;0.772
1558427318.380;200;0.739;0.736
1558427319.123;200;0.740;0.740
1558427319.957;200;0.832;0.836
1558427320.734;200;0.774;0.776
1558427321.491;200;0.754;0.756
1558427322.243;200;0.750;0.752
1558427323.048;200;0.802;0.800
1558427323.812;200;0.763;0.760
1558427324.546;200;0.730;0.732
1558427325.358;200;0.808;0.808
1558427326.197;200;0.835;0.836
1558427326.926;200;0.727;0.728
1558427327.663;200;0.733;0.732
1558427328.407;200;0.742;0.744
1558427329.233;200;0.822;0.824
1558427329.988;200;0.751;0.752
1558427330.749;200;0.758;0.760
1558427331.490;200;0.738;0.740
1558427332.296;200;0.803;0.804
1558427333.039;200;0.741;0.740
1558427333.762;200;0.722;0.724
1558427334.472;200;0.708;0.708
1558427335.263;200;0.789;0.788
1558427336.017;200;0.751;0.748
1558427336.796;200;0.777;0.776
1558427337.594;200;0.796;0.796
1558427338.412;200;0.815;0.816
1558427339.149;200;0.734;0.736
1558427339.892;200;0.739;0.740
1558427340.677;200;0.783;0.784
1558427341.464;200;0.784;0.784
1558427342.217;200;0.748;0.748
1558427342.977;200;0.758;0.760
1558427343.732;200;0.753;0.752
1558427344.580;200;0.846;0.844
1558427345.334;200;0.750;0.752
1558427346.065;200;0.728;0.732
1558427346.845;200;0.778;0.780
1558427347.646;200;0.798;0.800
1558427348.395;200;0.747;0.748
1558427349.156;200;0.758;0.756
1558427349.932;200;0.773;0.772
1558427350.752;200;0.817;0.816
1558427351.492;200;0.738;0.736
1558427352.233;200;0.738;0.740
1558427353.002;200;0.765;0.768
1558427353.797;200;0.792;0.796
1558427354.520;200;0.720;0.720
1558427355.245;200;0.722;0.724
1558427356.009;200;0.762;0.760
1558427356.868;200;0.856;0.856
1558427357.605;200;0.735;0.732
1558427358.365;200;0.757;0.760
1558427359.117;200;0.747;0.748
1558427359.944;200;0.824;0.824
1558427360.679;200;0.733;0.732
1558427361.451;200;0.771;0.772
1558427362.231;200;0.777;0.776
1558427363.061;200;0.828;0.828
1558427363.828;200;0.765;0.764
1558427364.614;200;0.784;0.784
1558427365.395;200;0.779;0.780
1558427366.208;200;0.811;0.808
1558427366.962;200;0.752;0.752
1558427367.687;200;0.723;0.724
1558427368.462;200;0.773;0.776
1558427369.270;200;0.805;0.804
1558427370.027;200;0.755;0.756
1558427370.757;200;0.727;0.724
1558427371.514;200;0.754;0.756
1558427372.328;200;0.808;0.808
1558427373.042;200;0.710;0.712
1558427373.779;200;0.733;0.732
1558427374.532;200;0.751;0.748
1558427375.351;200;0.817;0.816
1558427376.108;200;0.755;0.752
1558427376.839;200;0.729;0.728
1558427377.590;200;0.749;0.752
1558427378.437;200;0.844;0.840
1558427379.173;200;0.732;0.736
1558427379.896;200;0.719;0.720
1558427380.620;200;0.722;0.720
1558427381.429;200;0.808;0.808
1558427382.183;200;0.750;0.752
1558427382.912;200;0.727;0.724
1558427383.636;200;0.721;0.720
1558427384.469;200;0.831;0.832
1558427385.230;200;0.758;0.760
1558427385.959;200;0.727;0.728
1558427386.712;200;0.750;0.748
1558427387.541;200;0.826;0.824
1558427388.276;200;0.733;0.732
1558427389.008;200;0.722;0.720
1558427389.736;200;0.726;0.724
1558427390.535;200;0.796;0.796
1558427391.278;200;0.741;0.740
1558427392.033;200;0.753;0.752
1558427392.793;200;0.757;0.760
1558427393.624;200;0.826;0.824
1558427394.376;200;0.749;0.748
1558427395.115;200;0.737;0.736
1558427395.904;200;0.786;0.784
1558427396.728;200;0.822;0.820
1558427397.486;200;0.752;0.752
1558427398.238;200;0.750;0.752
1558427399.032;200;0.792;0.792
1558427399.858;200;0.823;0.824
1558427400.612;200;0.751;0.752
1558427401.385;200;0.771;0.772
1558427402.134;200;0.745;0.744
1558427402.982;200;0.845;0.848
1558427403.711;200;0.726;0.724
1558427404.442;200;0.728;0.728
1558427405.188;200;0.744;0.744
1558427406.005;200;0.815;0.816
1558427406.769;200;0.762;0.764
1558427407.500;200;0.728;0.728
1558427408.245;200;0.743;0.744
1558427409.066;200;0.818;0.820
1558427409.809;200;0.740;0.740
1558427410.527;200;0.715;0.716
1558427411.298;200;0.769;0.772
1558427412.128;200;0.828;0.828
1558427412.880;200;0.750;0.748
1558427413.609;200;0.728;0.724
1558427414.421;200;0.810;0.808
1558427415.220;200;0.798;0.796
1558427415.977;200;0.755;0.756
1558427416.719;200;0.739;0.740
1558427417.515;200;0.794;0.796
1558427418.358;200;0.841;0.844
1558427419.090;200;0.728;0.728
1558427419.828;200;0.736;0.736
1558427420.608;200;0.778;0.776
1558427421.426;200;0.816;0.816
1558427422.167;200;0.738;0.740
1558427422.913;200;0.744;0.740
1558427423.649;200;0.734;0.732
1558427424.464;200;0.812;0.812
1558427425.208;200;0.742;0.740
1558427425.946;200;0.736;0.736
1558427426.733;200;0.785;0.784
1558427427.518;200;0.784;0.784
1558427428.272;200;0.751;0.752
1558427429.012;200;0.737;0.736
1558427429.823;200;0.809;0.808
1558427430.637;200;0.812;0.812
1558427431.402;200;0.763;0.764
1558427432.109;200;0.705;0.708
1558427432.890;200;0.779;0.780
1558427433.762;200;0.870;0.872
1558427434.528;200;0.763;0.760
1558427435.260;200;0.730;0.728
1558427436.057;200;0.795;0.792
1558427436.889;200;0.830;0.832
1558427437.639;200;0.748;0.748
1558427438.367;200;0.725;0.724
1558427439.142;200;0.773;0.772
1558427439.976;200;0.830;0.828
1558427440.712;200;0.735;0.732
1558427441.510;200;0.797;0.796
1558427442.261;200;0.749;0.752
1558427443.097;200;0.830;0.828
1558427443.850;200;0.751;0.752
1558427444.644;200;0.791;0.792
1558427445.422;200;0.775;0.776
1558427446.233;200;0.808;0.812
1558427446.996;200;0.761;0.760
1558427447.753;200;0.755;0.752
1558427448.504;200;0.747;0.748
1558427449.381;200;0.873;0.876
1558427450.127;200;0.743;0.744
1558427450.860;200;0.731;0.728
1558427451.640;200;0.776;0.776
1558427452.489;200;0.847;0.848
1558427453.216;200;0.725;0.724
1558427453.937;200;0.719;0.720
1558427454.744;200;0.803;0.804
1558427455.576;200;0.829;0.828
1558427456.318;200;0.741;0.740
1558427457.061;200;0.741;0.740
1558427457.768;200;0.704;0.704
1558427458.625;200;0.855;0.852
1558427459.365;200;0.737;0.736
1558427460.092;200;0.724;0.724
1558427460.848;200;0.752;0.752
1558427461.697;200;0.845;0.848
1558427462.451;200;0.750;0.752
1558427463.218;200;0.764;0.764
1558427463.969;200;0.748;0.752
1558427464.823;200;0.850;0.852
1558427465.571;200;0.746;0.744
1558427466.324;200;0.750;0.748
1558427467.084;200;0.758;0.756
1558427467.945;200;0.859;0.856
1558427468.670;200;0.722;0.724
1558427469.377;200;0.703;0.700
1558427470.137;200;0.759;0.756
1558427470.957;200;0.817;0.816
1558427471.728;200;0.769;0.768
1558427472.497;200;0.767;0.768
1558427473.293;200;0.791;0.788
1558427474.122;200;0.824;0.824
1558427474.866;200;0.741;0.744
1558427475.582;200;0.713;0.712
1558427476.327;200;0.743;0.744
1558427477.148;200;0.819;0.816
1558427477.870;200;0.720;0.720
1558427478.600;200;0.728;0.728
1558427479.394;200;0.791;0.792
1558427480.206;200;0.809;0.808
1558427480.940;200;0.731;0.728
1558427481.698;200;0.756;0.756
1558427482.448;200;0.747;0.748
1558427483.240;200;0.790;0.788
1558427483.975;200;0.733;0.732
1558427484.695;200;0.718;0.716
1558427485.455;200;0.758;0.756
1558427486.290;200;0.833;0.836
1558427487.050;200;0.758;0.760
1558427487.799;200;0.747;0.748
1558427488.578;200;0.776;0.776
1558427489.396;200;0.814;0.812
1558427490.134;200;0.736;0.736
1558427490.856;200;0.720;0.720
1558427491.649;200;0.791;0.788
1558427492.453;200;0.802;0.800
1558427493.191;200;0.735;0.736
1558427493.968;200;0.774;0.772
1558427494.708;200;0.738;0.736
1558427495.530;200;0.820;0.820
1558427496.280;200;0.746;0.744
1558427497.009;200;0.727;0.728
1558427497.748;200;0.737;0.736
1558427498.557;200;0.806;0.804
1558427499.305;200;0.745;0.744
1558427500.039;200;0.731;0.732
1558427500.779;200;0.738;0.736
1558427501.585;200;0.803;0.804
1558427502.343;200;0.755;0.756
1558427503.077;200;0.731;0.728
1558427503.844;200;0.764;0.764
1558427504.639;200;0.793;0.792
1558427505.366;200;0.725;0.728
1558427506.104;200;0.735;0.736
1558427506.786;200;0.679;0.680
1558427507.609;200;0.821;0.824
1558427508.374;200;0.762;0.764
1558427509.119;200;0.741;0.740
1558427509.874;200;0.752;0.752
1558427510.728;200;0.851;0.852
1558427511.469;200;0.739;0.736
1558427512.187;200;0.715;0.716
1558427512.956;200;0.767;0.764
1558427513.754;200;0.796;0.796
1558427514.502;200;0.747;0.748
1558427515.252;200;0.748;0.748
1558427516.007;200;0.753;0.752
1558427516.840;200;0.831;0.832
1558427517.596;200;0.755;0.752
1558427518.323;200;0.725;0.724
1558427519.096;200;0.770;0.769
1558427519.905;200;0.807;0.804
1558427520.645;200;0.739;0.736
1558427521.368;200;0.722;0.720
1558427522.143;200;0.773;0.776
1558427522.956;200;0.811;0.812
1558427523.694;200;0.737;0.740
1558427524.431;200;0.734;0.736
1558427525.131;200;0.698;0.700
1558427526.040;200;0.905;0.908
1558427526.790;200;0.748;0.752
1558427527.517;200;0.725;0.724
1558427528.267;200;0.747;0.752
1558427529.066;200;0.796;0.800
1558427529.799;200;0.730;0.732
1558427530.526;200;0.724;0.728
1558427531.280;200;0.751;0.752
1558427532.119;200;0.837;0.840
1558427532.884;200;0.762;0.764
1558427533.616;200;0.730;0.728
1558427534.433;200;0.815;0.816
1558427535.261;200;0.826;0.828
1558427536.016;200;0.752;0.756
1558427536.719;200;0.701;0.704
1558427537.464;200;0.743;0.744
1558427538.282;200;0.816;0.820
1558427539.013;200;0.727;0.728
1558427539.739;200;0.724;0.728
1558427540.545;200;0.805;0.804
1558427541.387;200;0.840;0.844
1558427542.119;200;0.730;0.732
1558427542.850;200;0.729;0.732
1558427543.574;200;0.722;0.724
1558427544.354;200;0.777;0.780
1558427545.086;200;0.731;0.732
1558427545.842;200;0.753;0.756
1558427546.574;200;0.730;0.732
1558427547.396;200;0.819;0.820
1558427548.141;200;0.743;0.744
1558427548.875;200;0.730;0.736
1558427549.646;200;0.766;0.772
1558427550.458;200;0.809;0.812
1558427551.209;200;0.748;0.748
1558427551.960;200;0.749;0.752
1558427552.726;200;0.764;0.768
1558427553.530;200;0.802;0.804
1558427554.259;200;0.726;0.728
1558427554.980;200;0.719;0.720
1558427555.700;200;0.718;0.720
1558427556.503;200;0.801;0.804
1558427557.238;200;0.733;0.736
1558427557.960;200;0.719;0.720
1558427558.664;200;0.702;0.704
1558427559.525;200;0.857;0.860
1558427560.280;200;0.752;0.756
1558427561.060;200;0.777;0.780
1558427561.868;200;0.806;0.808
1558427562.724;200;0.854;0.856
1558427563.457;200;0.731;0.732
1558427564.206;200;0.746;0.752
1558427564.960;200;0.751;0.752
1558427565.758;200;0.796;0.796
1558427566.486;200;0.725;0.728
1558427567.193;200;0.704;0.704
1558427567.937;200;0.743;0.744
1558427568.818;200;0.876;0.880
1558427569.549;200;0.727;0.728
1558427570.260;200;0.706;0.708
1558427571.065;200;0.802;0.804
1558427571.890;200;0.821;0.828
1558427572.631;200;0.736;0.740
1558427573.357;200;0.724;0.724
1558427574.117;200;0.755;0.756
1558427574.951;200;0.832;0.836
1558427575.681;200;0.728;0.728
1558427576.417;200;0.734;0.736
1558427577.180;200;0.760;0.764
1558427578.014;200;0.832;0.836
1558427578.736;200;0.719;0.720
1558427579.445;200;0.705;0.708
1558427580.230;200;0.782;0.788
1558427581.045;200;0.812;0.812
1558427581.810;200;0.763;0.768
1558427582.525;200;0.713;0.712
1558427583.283;200;0.755;0.760
1558427584.114;200;0.827;0.832
1558427584.895;200;0.779;0.780
1558427585.638;200;0.741;0.740
1558427586.367;200;0.727;0.732
1558427587.197;200;0.828;0.824
1558427587.964;200;0.764;0.768
1558427588.684;200;0.718;0.720
1558427589.439;200;0.750;0.756
1558427590.250;200;0.809;0.812
1558427591.008;200;0.755;0.756
1558427591.764;200;0.754;0.752
1558427592.522;200;0.754;0.760
1558427593.334;200;0.801;0.804
1558427594.084;200;0.747;0.748
1558427594.822;200;0.734;0.740
1558427595.613;200;0.788;0.784
1558427596.429;200;0.814;0.816
1558427597.169;200;0.739;0.740
1558427597.933;200;0.762;0.764
1558427598.693;200;0.756;0.760
1558427599.549;200;0.852;0.852
1558427600.280;200;0.729;0.732
1558427600.994;200;0.712;0.716
1558427601.760;200;0.763;0.764
1558427602.598;200;0.836;0.836
1558427603.360;200;0.759;0.764
1558427604.121;200;0.759;0.760
1558427604.867;200;0.743;0.748
1558427605.682;200;0.813;0.816
1558427606.415;200;0.731;0.732
1558427607.154;200;0.737;0.740
1558427607.944;200;0.787;0.788
1558427608.756;200;0.810;0.812
1558427609.504;200;0.745;0.748
1558427610.227;200;0.721;0.724
1558427610.989;200;0.759;0.760
1558427611.794;200;0.803;0.808
1558427612.514;200;0.715;0.720
1558427613.240;200;0.723;0.724
1558427613.982;200;0.741;0.744
1558427614.834;200;0.850;0.852
1558427615.577;200;0.741;0.740
1558427616.310;200;0.729;0.736
1558427617.120;200;0.808;0.804
1558427617.937;200;0.815;0.812
1558427618.663;200;0.725;0.728
1558427619.425;200;0.759;0.760
1558427620.210;200;0.784;0.788
1558427621.070;200;0.857;0.860
1558427621.810;200;0.738;0.740
1558427622.585;200;0.772;0.772
1558427623.310;200;0.721;0.728
1558427624.139;200;0.826;0.828
1558427624.888;200;0.747;0.748
1558427625.624;200;0.732;0.736
1558427626.380;200;0.754;0.756
1558427627.205;200;0.823;0.824
1558427627.941;200;0.731;0.732
1558427628.676;200;0.732;0.736
1558427629.422;200;0.741;0.744
1558427630.242;200;0.814;0.820
1558427630.982;200;0.737;0.736
1558427631.677;200;0.692;0.696
1558427632.459;200;0.779;0.784
1558427633.284;200;0.822;0.824
1558427634.042;200;0.756;0.760
1558427634.779;200;0.734;0.732
1558427635.598;200;0.816;0.820
1558427636.420;200;0.820;0.820
1558427637.162;200;0.741;0.744
1558427637.913;200;0.749;0.748
1558427638.698;200;0.782;0.784
1558427639.534;200;0.832;0.836
1558427640.281;200;0.745;0.744
1558427641.031;200;0.748;0.752
1558427641.793;200;0.760;0.760
1558427642.634;200;0.839;0.844
1558427643.368;200;0.731;0.732
1558427644.136;200;0.766;0.768
1558427644.870;200;0.732;0.736
1558427645.679;200;0.807;0.808
1558427646.454;200;0.772;0.776
1558427647.173;200;0.717;0.716
1558427647.916;200;0.741;0.744
1558427648.773;200;0.855;0.856
1558427649.509;200;0.730;0.732
1558427650.269;200;0.757;0.760
1558427651.076;200;0.803;0.804
1558427651.863;200;0.785;0.788
1558427652.627;200;0.762;0.760
1558427653.345;200;0.715;0.716
1558427654.106;200;0.758;0.764
1558427654.954;200;0.845;0.844
1558427655.696;200;0.741;0.744
1558427656.437;200;0.739;0.740
1558427657.235;200;0.796;0.800
1558427658.076;200;0.838;0.840
1558427658.812;200;0.734;0.732
1558427659.560;200;0.744;0.748
1558427660.346;200;0.784;0.788
1558427661.170;200;0.820;0.824
1558427661.905;200;0.732;0.732
1558427662.633;200;0.724;0.724
1558427663.414;200;0.778;0.780
1558427664.263;200;0.847;0.852
1558427665.017;200;0.752;0.752
1558427665.732;200;0.712;0.716
1558427666.476;200;0.742;0.744
1558427667.302;200;0.821;0.828
1558427668.036;200;0.730;0.732
1558427668.774;200;0.733;0.736
1558427669.590;200;0.810;0.812
1558427670.433;200;0.840;0.840
1558427671.161;200;0.726;0.728
1558427671.942;200;0.778;0.780
1558427672.702;200;0.757;0.760
1558427673.553;200;0.844;0.848
1558427674.288;200;0.732;0.736
1558427675.030;200;0.740;0.744
1558427675.745;200;0.712;0.712
1558427676.564;200;0.816;0.820
1558427677.302;200;0.736;0.736
1558427678.021;200;0.716;0.720
1558427678.785;200;0.761;0.760
1558427679.591;200;0.802;0.804
1558427680.326;200;0.734;0.736
1558427681.087;200;0.758;0.764
1558427681.843;200;0.754;0.756
1558427682.688;200;0.843;0.844
1558427683.441;200;0.751;0.752
1558427684.175;200;0.731;0.736
1558427684.878;200;0.701;0.700
1558427685.687;200;0.806;0.812
1558427686.426;200;0.729;0.732
1558427687.148;200;0.719;0.720
1558427687.896;200;0.746;0.748
1558427688.777;200;0.879;0.880
1558427689.504;200;0.724;0.728
1558427690.232;200;0.726;0.728
1558427691.004;200;0.769;0.772
1558427691.832;200;0.825;0.828
1558427692.570;200;0.736;0.740
1558427693.316;200;0.742;0.744
1558427694.065;200;0.747;0.744
1558427694.869;200;0.801;0.804
1558427695.644;200;0.772;0.776
1558427696.374;200;0.729;0.728
1558427697.117;200;0.741;0.744
1558427697.935;200;0.816;0.816
1558427698.672;200;0.735;0.740
1558427699.414;200;0.740;0.740
1558427700.217;200;0.801;0.804
1558427701.054;200;0.835;0.836
1558427701.791;200;0.735;0.736
1558427702.537;200;0.744;0.744
1558427703.301;200;0.762;0.764
1558427704.117;200;0.813;0.816
1558427704.867;200;0.748;0.752
1558427705.576;200;0.706;0.708
1558427706.330;200;0.752;0.756
1558427707.174;200;0.840;0.840
1558427707.934;200;0.756;0.756
1558427708.685;200;0.749;0.752
1558427709.457;200;0.768;0.772
1558427710.280;200;0.821;0.824
1558427711.026;200;0.744;0.744
1558427711.770;200;0.741;0.744
1558427712.524;200;0.752;0.756
1558427713.354;200;0.826;0.828
1558427714.096;200;0.739;0.740
1558427714.814;200;0.716;0.716
1558427715.589;200;0.771;0.772
1558427716.405;200;0.813;0.816
1558427717.131;200;0.722;0.728
1558427717.859;200;0.725;0.728
1558427718.637;200;0.775;0.776
1558427719.504;200;0.863;0.864
1558427720.245;200;0.738;0.740
1558427720.940;200;0.692;0.692
1558427721.721;200;0.779;0.780
1558427722.536;200;0.812;0.816
1558427723.253;200;0.715;0.716
1558427723.988;200;0.732;0.736
1558427724.733;200;0.743;0.744
1558427725.545;200;0.809;0.808
1558427726.323;200;0.774;0.780
1558427727.090;200;0.765;0.764
1558427727.873;200;0.781;0.784
1558427728.714;200;0.838;0.840
1558427729.445;200;0.728;0.732
1558427730.190;200;0.741;0.744
1558427730.950;200;0.758;0.760
1558427731.787;200;0.834;0.832
1558427732.565;200;0.776;0.776
1558427733.324;200;0.757;0.760
1558427734.095;200;0.765;0.768
1558427734.921;200;0.824;0.824
1558427735.697;200;0.774;0.776
1558427736.424;200;0.724;0.728
1558427737.167;200;0.741;0.744
1558427737.996;200;0.827;0.828
1558427738.765;200;0.767;0.768
1558427739.472;200;0.703;0.704
1558427740.228;200;0.754;0.756
1558427741.076;200;0.845;0.844
1558427741.819;200;0.741;0.744
1558427742.556;200;0.734;0.736
1558427743.345;200;0.784;0.784
1558427744.189;200;0.840;0.844
1558427744.956;200;0.762;0.764
1558427745.693;200;0.735;0.736
1558427746.368;200;0.673;0.673
1558427747.202;200;0.833;0.832
1558427747.959;200;0.755;0.760
1558427748.660;200;0.698;0.700
1558427749.446;200;0.782;0.784
1558427750.298;200;0.849;0.848
1558427751.050;200;0.749;0.748
1558427751.782;200;0.729;0.728
1558427752.533;200;0.749;0.752
1558427753.355;200;0.819;0.820
1558427754.147;200;0.790;0.792
1558427754.920;200;0.770;0.772
1558427755.652;200;0.730;0.732
1558427756.461;200;0.806;0.808
1558427757.227;200;0.763;0.768
1558427757.984;200;0.750;0.752
1558427758.729;200;0.742;0.744
1558427759.557;200;0.823;0.824
1558427760.309;200;0.750;0.752
1558427761.039;200;0.727;0.732
1558427761.821;200;0.778;0.780
1558427762.674;200;0.850;0.852
1558427763.413;200;0.736;0.740
1558427764.146;200;0.728;0.728
1558427764.942;200;0.793;0.796
1558427765.766;200;0.821;0.824
1558427766.508;200;0.739;0.744
1558427767.230;200;0.721;0.720
1558427767.935;200;0.701;0.700
1558427768.760;200;0.823;0.828
1558427769.509;200;0.745;0.748
1558427770.230;200;0.716;0.716
1558427771.007;200;0.774;0.776
1558427771.860;200;0.851;0.852
1558427772.613;200;0.752;0.752
1558427773.313;200;0.698;0.700
1558427774.129;200;0.812;0.812
1558427774.970;200;0.836;0.836
1558427775.731;200;0.758;0.764
1558427776.459;200;0.725;0.728
1558427777.206;200;0.745;0.744
1558427778.017;200;0.809;0.812
1558427778.734;200;0.716;0.716
1558427779.494;200;0.757;0.760
1558427780.295;200;0.799;0.804
1558427781.124;200;0.828;0.828
1558427781.880;200;0.754;0.756
1558427782.604;200;0.722;0.724
1558427783.358;200;0.752;0.752
1558427784.189;200;0.827;0.828
1558427784.946;200;0.754;0.756
1558427785.677;200;0.729;0.728
1558427786.430;200;0.752;0.752
1558427787.251;200;0.819;0.824
1558427787.989;200;0.736;0.736
1558427788.749;200;0.758;0.760
1558427789.506;200;0.754;0.756
1558427790.319;200;0.810;0.812
1558427791.054;200;0.733;0.732
1558427791.765;200;0.708;0.708
1558427792.470;200;0.703;0.704
1558427793.304;200;0.831;0.836
1558427794.027;200;0.721;0.724
1558427794.752;200;0.722;0.724
1558427795.498;200;0.744;0.744
1558427796.305;200;0.805;0.808
1558427797.095;200;0.787;0.792
1558427797.830;200;0.733;0.732
1558427798.566;200;0.733;0.736
1558427799.354;200;0.785;0.784
1558427800.105;200;0.748;0.748
1558427800.853;200;0.746;0.748
1558427801.581;200;0.726;0.728
1558427802.386;200;0.803;0.804
1558427803.135;200;0.738;0.744
1558427803.853;200;0.716;0.716
1558427804.624;200;0.769;0.768
1558427805.437;200;0.809;0.812
1558427806.168;200;0.730;0.732
1558427806.877;200;0.707;0.708
1558427807.630;200;0.751;0.752
1558427808.449;200;0.816;0.820
1558427809.195;200;0.742;0.744
1558427809.977;200;0.779;0.780
1558427810.737;200;0.757;0.760
1558427811.562;200;0.822;0.824
1558427812.314;200;0.749;0.752
1558427813.063;200;0.746;0.748
1558427813.829;200;0.764;0.764
1558427814.641;200;0.804;0.808
1558427815.371;200;0.727;0.732
1558427816.097;200;0.724;0.724
1558427816.837;200;0.737;0.740
1558427817.659;200;0.819;0.824
1558427818.396;200;0.735;0.732
1558427819.141;200;0.742;0.744
1558427819.922;200;0.780;0.780
1558427820.745;200;0.820;0.820
1558427821.472;200;0.724;0.728
1558427822.201;200;0.727;0.728
1558427822.990;200;0.786;0.788
1558427823.808;200;0.814;0.816
1558427824.552;200;0.742;0.744
1558427825.330;200;0.776;0.776
1558427826.090;200;0.758;0.760
1558427826.908;200;0.815;0.820
1558427827.632;200;0.723;0.720
1558427828.338;200;0.704;0.704
1558427829.093;200;0.752;0.752
1558427829.948;200;0.852;0.852
1558427830.681;200;0.729;0.732
1558427831.408;200;0.724;0.728
1558427832.152;200;0.741;0.744
1558427832.975;200;0.821;0.824
1558427833.712;200;0.734;0.736
1558427834.430;200;0.716;0.716
1558427835.189;200;0.755;0.756
1558427835.990;200;0.800;0.800
1558427836.714;200;0.721;0.720
1558427837.432;200;0.715;0.720
1558427838.191;200;0.757;0.760
1558427839.058;200;0.864;0.864
1558427839.804;200;0.742;0.740
1558427840.554;200;0.748;0.748
1558427841.318;200;0.762;0.764
1558427842.113;200;0.792;0.796
1558427842.833;200;0.718;0.720
1558427843.578;200;0.743;0.744
1558427844.375;200;0.795;0.796
1558427845.204;200;0.827;0.828
1558427845.952;200;0.746;0.744
1558427846.721;200;0.767;0.768
1558427847.484;200;0.762;0.764
1558427848.282;200;0.796;0.796
1558427849.035;200;0.751;0.752
1558427849.780;200;0.742;0.744
1558427850.544;200;0.762;0.764
1558427851.369;200;0.823;0.824
1558427852.096;200;0.724;0.728
1558427852.814;200;0.716;0.716
1558427853.577;200;0.759;0.760
1558427854.410;200;0.831;0.832
1558427855.189;200;0.774;0.776
1558427855.921;200;0.728;0.728
1558427856.681;200;0.752;0.756
1558427857.492;200;0.808;0.812
1558427858.243;200;0.749;0.748
1558427858.996;200;0.747;0.748
1558427859.776;200;0.777;0.776
1558427860.602;200;0.824;0.824
1558427861.325;200;0.722;0.724
1558427862.058;200;0.732;0.732
1558427862.812;200;0.750;0.748
1558427863.617;200;0.795;0.796
1558427864.363;200;0.743;0.748
1558427865.101;200;0.735;0.736
1558427865.865;200;0.763;0.764
1558427866.684;200;0.817;0.820
1558427867.419;200;0.734;0.736
1558427868.150;200;0.728;0.728
1558427868.914;200;0.761;0.764
1558427869.746;200;0.829;0.832
1558427870.493;200;0.744;0.744
1558427871.237;200;0.741;0.744
1558427871.989;200;0.750;0.752
1558427872.784;200;0.793;0.792
1558427873.517;200;0.731;0.732
1558427874.248;200;0.728;0.732
1558427875.001;200;0.751;0.752
1558427875.809;200;0.807;0.804
1558427876.562;200;0.752;0.752
1558427877.293;200;0.727;0.728
1558427878.054;200;0.757;0.760
1558427878.873;200;0.813;0.816
1558427879.605;200;0.727;0.728
1558427880.317;200;0.709;0.712
1558427881.111;200;0.791;0.792
1558427881.920;200;0.803;0.808
1558427882.666;200;0.745;0.744
1558427883.392;200;0.724;0.724
1558427884.156;200;0.762;0.764
1558427884.989;200;0.831;0.828
1558427885.749;200;0.759;0.760
1558427886.449;200;0.698;0.700
1558427887.189;200;0.737;0.740
1558427887.977;200;0.786;0.788
1558427888.709;200;0.731;0.728
1558427889.477;200;0.765;0.768
1558427890.202;200;0.722;0.724
1558427891.146;200;0.942;0.944
1558427891.896;200;0.747;0.752
1558427892.642;200;0.743;0.744
1558427893.392;200;0.748;0.752
1558427894.209;200;0.814;0.816
1558427894.949;200;0.738;0.736
1558427895.661;200;0.708;0.712
1558427896.429;200;0.765;0.768
1558427897.271;200;0.838;0.840
1558427898.015;200;0.741;0.740
1558427898.767;200;0.750;0.752
1558427899.514;200;0.744;0.744
1558427900.328;200;0.811;0.816
1558427901.064;200;0.734;0.736
1558427901.801;200;0.735;0.736
1558427902.621;200;0.817;0.820
1558427903.422;200;0.799;0.800
1558427904.168;200;0.744;0.748
1558427904.895;200;0.725;0.724
1558427905.640;200;0.743;0.744
1558427906.466;200;0.824;0.824
1558427907.248;200;0.780;0.784
1558427907.976;200;0.726;0.724
1558427908.744;200;0.766;0.768
1558427909.549;200;0.802;0.804
1558427910.304;200;0.751;0.748
1558427911.001;200;0.695;0.696
1558427911.736;200;0.733;0.736
1558427912.569;200;0.831;0.832
1558427913.318;200;0.734;0.736
1558427914.050;200;0.729;0.732
1558427914.801;200;0.749;0.748
1558427915.598;200;0.796;0.796
1558427916.332;200;0.731;0.736
1558427917.038;200;0.704;0.704
1558427917.828;200;0.787;0.784
1558427918.638;200;0.808;0.808
1558427919.380;200;0.738;0.740
1558427920.104;200;0.723;0.724
1558427920.844;200;0.738;0.736
1558427921.663;200;0.817;0.816
1558427922.444;200;0.779;0.780
1558427923.174;200;0.729;0.728
1558427923.953;200;0.776;0.780
1558427924.749;200;0.793;0.796
1558427925.494;200;0.743;0.744
1558427926.208;200;0.711;0.716
1558427926.988;200;0.777;0.776
1558427927.818;200;0.828;0.828
1558427928.573;200;0.753;0.756
1558427929.340;200;0.763;0.768
1558427930.128;200;0.786;0.788
1558427930.942;200;0.812;0.812
1558427931.672;200;0.728;0.732
1558427932.404;200;0.731;0.728
1558427933.163;200;0.757;0.756
1558427933.984;200;0.818;0.820
1558427934.727;200;0.742;0.740
1558427935.470;200;0.738;0.740
1558427936.214;200;0.741;0.744
1558427937.010;200;0.792;0.792
1558427937.751;200;0.738;0.736
1558427938.460;200;0.707;0.708
1558427939.239;200;0.776;0.776
1558427940.067;200;0.825;0.824
1558427940.803;200;0.733;0.732
1558427941.525;200;0.720;0.720
1558427942.267;200;0.741;0.740
1558427943.101;200;0.832;0.832
1558427943.843;200;0.739;0.740
1558427944.600;200;0.755;0.756
1558427945.371;200;0.769;0.768
1558427946.164;200;0.790;0.788
1558427946.892;200;0.726;0.728
1558427947.609;200;0.716;0.716
1558427948.394;200;0.784;0.784
1558427949.234;200;0.836;0.836
1558427949.970;200;0.732;0.732
1558427950.758;200;0.786;0.788
1558427951.504;200;0.744;0.748
1558427952.405;200;0.899;0.900
1558427953.145;200;0.737;0.740
1558427953.864;200;0.717;0.720
1558427954.596;200;0.730;0.732
1558427955.425;200;0.827;0.828
1558427956.156;200;0.723;0.724
1558427956.874;200;0.716;0.716
1558427957.621;200;0.744;0.744
1558427958.449;200;0.825;0.828
1558427959.264;200;0.808;0.808
1558427959.985;200;0.720;0.720
1558427960.760;200;0.773;0.776
1558427961.578;200;0.814;0.816
1558427962.313;200;0.732;0.732
1558427963.059;200;0.742;0.744
1558427963.842;200;0.780;0.780
1558427964.654;200;0.806;0.808
1558427965.396;200;0.738;0.740
1558427966.158;200;0.760;0.760
1558427966.912;200;0.752;0.752
1558427967.718;200;0.802;0.804
1558427968.448;200;0.727;0.732
1558427969.140;200;0.688;0.688
1558427969.912;200;0.770;0.768
1558427970.725;200;0.811;0.812
1558427971.476;200;0.750;0.748
1558427972.182;200;0.704;0.704
1558427972.964;200;0.779;0.780
1558427973.786;200;0.820;0.820
1558427974.529;200;0.740;0.744
1558427975.246;200;0.715;0.716
1558427975.993;200;0.744;0.748
1558427976.788;200;0.793;0.796
1558427977.513;200;0.724;0.724
1558427978.246;200;0.731;0.732
1558427978.960;200;0.703;0.704
1558427979.779;200;0.817;0.820
1558427980.535;200;0.754;0.752
1558427981.274;200;0.738;0.740
1558427982.002;200;0.725;0.728
1558427982.822;200;0.817;0.820
1558427983.560;200;0.735;0.736
1558427984.296;200;0.734;0.736
1558427985.065;200;0.758;0.761
1558427985.867;200;0.799;0.800
1558427986.590;200;0.721;0.724
1558427987.316;200;0.723;0.728
1558427988.074;200;0.756;0.756
1558427988.894;200;0.816;0.816
1558427989.637;200;0.741;0.744
1558427990.393;200;0.753;0.756
1558427991.141;200;0.746;0.748
1558427991.954;200;0.810;0.812
1558427992.695;200;0.738;0.740
1558427993.430;200;0.733;0.736
1558427994.161;200;0.728;0.732
1558427995.018;200;0.855;0.856
1558427995.753;200;0.733;0.736
1558427996.480;200;0.723;0.724
1558427997.229;200;0.747;0.748
1558427998.034;200;0.802;0.804
1558427998.758;200;0.722;0.724
1558427999.488;200;0.725;0.728
1558428000.242;200;0.752;0.752
1558428001.088;200;0.844;0.844
1558428001.852;200;0.761;0.764
1558428002.589;200;0.735;0.736
1558428003.392;200;0.801;0.804
1558428004.234;200;0.839;0.840
1558428004.984;200;0.748;0.752
1558428005.669;200;0.683;0.684
1558428006.416;200;0.745;0.748
1558428007.231;200;0.813;0.812
1558428007.962;200;0.728;0.728
1558428008.689;200;0.724;0.728
1558428009.488;200;0.796;0.800
1558428010.312;200;0.821;0.824
1558428011.057;200;0.743;0.744
1558428011.801;200;0.742;0.744
1558428012.538;200;0.735;0.736
1558428013.425;200;0.885;0.888
1558428014.190;200;0.763;0.764
1558428014.902;200;0.709;0.708
1558428015.647;200;0.743;0.744
1558428016.481;200;0.832;0.836
1558428017.262;200;0.780;0.780
1558428017.976;200;0.711;0.716
1558428018.726;200;0.748;0.748
1558428019.545;200;0.815;0.816
1558428020.287;200;0.740;0.740
1558428021.026;200;0.736;0.736
1558428021.777;200;0.749;0.752
1558428022.581;200;0.802;0.804
1558428023.341;200;0.758;0.756
1558428024.090;200;0.748;0.748
1558428024.894;200;0.801;0.804
1558428025.726;200;0.829;0.832
1558428026.498;200;0.769;0.772
1558428027.253;200;0.753;0.756
1558428028.038;200;0.783;0.784
1558428028.866;200;0.824;0.824
1558428029.597;200;0.729;0.732
1558428030.311;200;0.712;0.712
1558428031.062;200;0.747;0.748
1558428031.906;200;0.840;0.840
