[WARN]  Running against a source checkout. In order to get our runtime dependencies we'll have to invoke Maven. Depending on the state of your system, this may take ~30-45 seconds
[DEBUG]  Running 'mvn -pl com.yahoo.ycsb:rest-binding -am package -DskipTests dependency:build-classpath -DincludeScope=compile -Dmdep.outputFilterFile=true'
WARNING: An illegal reflective access operation has occurred
WARNING: Illegal reflective access by com.google.inject.internal.cglib.core.$ReflectUtils$1 (file:/usr/share/maven/lib/guice.jar) to method java.lang.ClassLoader.defineClass(java.lang.String,byte[],int,int,java.security.ProtectionDomain)
WARNING: Please consider reporting this to the maintainers of com.google.inject.internal.cglib.core.$ReflectUtils$1
WARNING: Use --illegal-access=warn to enable warnings of further illegal reflective access operations
WARNING: All illegal access operations will be denied in a future release
java -cp /home/ubuntu/YCSB/rest/conf:/home/ubuntu/YCSB/rest/target/rest-binding-0.16.0-SNAPSHOT.jar:/home/ubuntu/.m2/repository/org/hdrhistogram/HdrHistogram/2.1.4/HdrHistogram-2.1.4.jar:/home/ubuntu/.m2/repository/org/glassfish/hk2/external/javax.inject/2.2.0/javax.inject-2.2.0.jar:/home/ubuntu/.m2/repository/com/github/stefanbirkner/system-rules/1.16.0/system-rules-1.16.0.jar:/home/ubuntu/.m2/repository/org/codehaus/jackson/jackson-core-asl/1.9.4/jackson-core-asl-1.9.4.jar:/home/ubuntu/.m2/repository/org/glassfish/jersey/core/jersey-server/2.6/jersey-server-2.6.jar:/home/ubuntu/YCSB/core/target/core-0.16.0-SNAPSHOT.jar:/home/ubuntu/.m2/repository/org/glassfish/hk2/hk2-api/2.2.0/hk2-api-2.2.0.jar:/home/ubuntu/.m2/repository/javax/ws/rs/javax.ws.rs-api/2.0/javax.ws.rs-api-2.0.jar:/home/ubuntu/.m2/repository/org/glassfish/hk2/hk2-locator/2.2.0/hk2-locator-2.2.0.jar:/home/ubuntu/.m2/repository/org/eclipse/jdt/core/compiler/ecj/4.4.2/ecj-4.4.2.jar:/home/ubuntu/.m2/repository/org/codehaus/jackson/jackson-mapper-asl/1.9.4/jackson-mapper-asl-1.9.4.jar:/home/ubuntu/.m2/repository/org/glassfish/jersey/bundles/repackaged/jersey-guava/2.6/jersey-guava-2.6.jar:/home/ubuntu/.m2/repository/org/glassfish/hk2/external/aopalliance-repackaged/2.2.0/aopalliance-repackaged-2.2.0.jar:/home/ubuntu/.m2/repository/org/javassist/javassist/3.18.1-GA/javassist-3.18.1-GA.jar:/home/ubuntu/.m2/repository/javax/annotation/javax.annotation-api/1.2/javax.annotation-api-1.2.jar:/home/ubuntu/.m2/repository/org/apache/htrace/htrace-core4/4.1.0-incubating/htrace-core4-4.1.0-incubating.jar:/home/ubuntu/.m2/repository/org/apache/tomcat/embed/tomcat-embed-logging-log4j/8.0.28/tomcat-embed-logging-log4j-8.0.28.jar:/home/ubuntu/.m2/repository/org/apache/tomcat/embed/tomcat-embed-el/8.0.28/tomcat-embed-el-8.0.28.jar:/home/ubuntu/.m2/repository/org/apache/tomcat/embed/tomcat-embed-logging-juli/8.0.28/tomcat-embed-logging-juli-8.0.28.jar:/home/ubuntu/.m2/repository/org/apache/tomcat/embed/tomcat-embed-core/8.0.28/tomcat-embed-core-8.0.28.jar:/home/ubuntu/.m2/repository/org/glassfish/hk2/osgi-resource-locator/1.0.1/osgi-resource-locator-1.0.1.jar:/home/ubuntu/.m2/repository/commons-codec/commons-codec/1.9/commons-codec-1.9.jar:/home/ubuntu/.m2/repository/org/glassfish/jersey/core/jersey-client/2.6/jersey-client-2.6.jar:/home/ubuntu/.m2/repository/org/apache/tomcat/embed/tomcat-embed-websocket/8.0.28/tomcat-embed-websocket-8.0.28.jar:/home/ubuntu/.m2/repository/commons-logging/commons-logging/1.2/commons-logging-1.2.jar:/home/ubuntu/.m2/repository/org/glassfish/hk2/hk2-utils/2.2.0/hk2-utils-2.2.0.jar:/home/ubuntu/.m2/repository/javax/validation/validation-api/1.1.0.Final/validation-api-1.1.0.Final.jar:/home/ubuntu/.m2/repository/org/apache/httpcomponents/httpclient/4.5.1/httpclient-4.5.1.jar:/home/ubuntu/.m2/repository/org/apache/tomcat/tomcat-dbcp/8.0.28/tomcat-dbcp-8.0.28.jar:/home/ubuntu/.m2/repository/org/glassfish/jersey/containers/jersey-container-servlet-core/2.6/jersey-container-servlet-core-2.6.jar:/home/ubuntu/.m2/repository/org/apache/tomcat/embed/tomcat-embed-jasper/8.0.28/tomcat-embed-jasper-8.0.28.jar:/home/ubuntu/.m2/repository/org/glassfish/jersey/core/jersey-common/2.6/jersey-common-2.6.jar:/home/ubuntu/.m2/repository/org/apache/httpcomponents/httpcore/4.4.4/httpcore-4.4.4.jar com.yahoo.ycsb.Client -db com.yahoo.ycsb.webservice.rest.RestClient -s -P workloads/rest_workload -t
Command line: -db com.yahoo.ycsb.webservice.rest.RestClient -s -P workloads/rest_workload -t
YCSB Client 0.16.0-SNAPSHOT

Loading workload...
Starting test.
2019-05-21 08:21:18:303 0 sec: 0 operations; est completion in 0 second 
DBWrapper: report latency for each error is false and specific error codes to track for latency are: []
2019-05-21 08:21:28:249 10 sec: 12 operations; 1.2 current ops/sec; est completion in 20 minutes [READ: Count=12, Max=833535, Min=731136, Avg=780288, 90=822271, 99=833535, 99.9=833535, 99.99=833535] 
2019-05-21 08:21:38:247 20 sec: 25 operations; 1.3 current ops/sec; est completion in 19 minutes [READ: Count=13, Max=830463, Min=719872, Avg=766444.31, 90=807935, 99=830463, 99.9=830463, 99.99=830463] 
2019-05-21 08:21:48:246 30 sec: 38 operations; 1.3 current ops/sec; est completion in 19 minutes [READ: Count=13, Max=840191, Min=729088, Avg=773139.69, 90=825343, 99=840191, 99.9=840191, 99.99=840191] 
2019-05-21 08:21:58:246 40 sec: 51 operations; 1.3 current ops/sec; est completion in 18 minutes [READ: Count=13, Max=831487, Min=728064, Avg=770579.69, 90=826879, 99=831487, 99.9=831487, 99.99=831487] 
2019-05-21 08:22:08:246 50 sec: 63 operations; 1.2 current ops/sec; est completion in 19 minutes [READ: Count=12, Max=854527, Min=728576, Avg=788906.67, 90=827903, 99=854527, 99.9=854527, 99.99=854527] 
2019-05-21 08:22:18:247 60 sec: 76 operations; 1.3 current ops/sec; est completion in 18 minutes [READ: Count=13, Max=840191, Min=729088, Avg=771761.23, 90=806911, 99=840191, 99.9=840191, 99.99=840191] 
2019-05-21 08:22:28:247 70 sec: 89 operations; 1.3 current ops/sec; est completion in 18 minutes [READ: Count=13, Max=826879, Min=714240, Avg=764356.92, 90=807935, 99=826879, 99.9=826879, 99.99=826879] 
2019-05-21 08:22:38:246 80 sec: 102 operations; 1.3 current ops/sec; est completion in 18 minutes [READ: Count=13, Max=849919, Min=725504, Avg=771485.54, 90=801791, 99=849919, 99.9=849919, 99.99=849919] 
2019-05-21 08:22:48:246 90 sec: 115 operations; 1.3 current ops/sec; est completion in 18 minutes [READ: Count=13, Max=815615, Min=735744, Avg=765696, 90=801279, 99=815615, 99.9=815615, 99.99=815615] 
2019-05-21 08:22:58:246 100 sec: 128 operations; 1.3 current ops/sec; est completion in 17 minutes [READ: Count=13, Max=836607, Min=721920, Avg=772864, 90=827903, 99=836607, 99.9=836607, 99.99=836607] 
2019-05-21 08:23:08:247 110 sec: 141 operations; 1.3 current ops/sec; est completion in 17 minutes [READ: Count=13, Max=841215, Min=709632, Avg=764475.08, 90=831999, 99=841215, 99.9=841215, 99.99=841215] 
2019-05-21 08:23:18:247 120 sec: 154 operations; 1.3 current ops/sec; est completion in 17 minutes [READ: Count=13, Max=834559, Min=726016, Avg=773415.38, 90=827391, 99=834559, 99.9=834559, 99.99=834559] 
2019-05-21 08:23:28:247 130 sec: 167 operations; 1.3 current ops/sec; est completion in 17 minutes [READ: Count=13, Max=842751, Min=716800, Avg=773651.69, 90=834559, 99=842751, 99.9=842751, 99.99=842751] 
2019-05-21 08:23:38:246 140 sec: 180 operations; 1.3 current ops/sec; est completion in 17 minutes [READ: Count=13, Max=823807, Min=719360, Avg=777944.62, 90=813055, 99=823807, 99.9=823807, 99.99=823807] 
2019-05-21 08:23:48:248 150 sec: 193 operations; 1.3 current ops/sec; est completion in 16 minutes [READ: Count=13, Max=818175, Min=716800, Avg=770737.23, 90=811007, 99=818175, 99.9=818175, 99.99=818175] 
2019-05-21 08:23:58:246 160 sec: 206 operations; 1.3 current ops/sec; est completion in 16 minutes [READ: Count=13, Max=825855, Min=694784, Avg=759670.15, 90=812543, 99=825855, 99.9=825855, 99.99=825855] 
2019-05-21 08:24:08:247 170 sec: 219 operations; 1.3 current ops/sec; est completion in 16 minutes [READ: Count=13, Max=854527, Min=730624, Avg=775227.08, 90=835071, 99=854527, 99.9=854527, 99.99=854527] 
2019-05-21 08:24:18:248 180 sec: 232 operations; 1.3 current ops/sec; est completion in 16 minutes [READ: Count=13, Max=833535, Min=714752, Avg=770855.38, 90=830975, 99=833535, 99.9=833535, 99.99=833535] 
2019-05-21 08:24:28:246 190 sec: 245 operations; 1.3 current ops/sec; est completion in 16 minutes [READ: Count=13, Max=840703, Min=730624, Avg=767625.85, 90=818687, 99=840703, 99.9=840703, 99.99=840703] 
2019-05-21 08:24:38:246 200 sec: 258 operations; 1.3 current ops/sec; est completion in 16 minutes [READ: Count=13, Max=820223, Min=715776, Avg=768177.23, 90=813567, 99=820223, 99.9=820223, 99.99=820223] 
2019-05-21 08:24:48:248 210 sec: 271 operations; 1.3 current ops/sec; est completion in 15 minutes [READ: Count=13, Max=834559, Min=709632, Avg=767901.54, 90=831999, 99=834559, 99.9=834559, 99.99=834559] 
2019-05-21 08:24:58:246 220 sec: 284 operations; 1.3 current ops/sec; est completion in 15 minutes [READ: Count=13, Max=837119, Min=720384, Avg=762308.92, 90=827391, 99=837119, 99.9=837119, 99.99=837119] 
2019-05-21 08:25:08:246 230 sec: 297 operations; 1.3 current ops/sec; est completion in 15 minutes [READ: Count=13, Max=873983, Min=735232, Avg=772627.69, 90=853503, 99=873983, 99.9=873983, 99.99=873983] 
2019-05-21 08:25:18:246 240 sec: 310 operations; 1.3 current ops/sec; est completion in 15 minutes [READ: Count=13, Max=842239, Min=707072, Avg=771328, 90=836607, 99=842239, 99.9=842239, 99.99=842239] 
2019-05-21 08:25:28:247 250 sec: 323 operations; 1.3 current ops/sec; est completion in 15 minutes [READ: Count=13, Max=841727, Min=673280, Avg=772233.85, 90=836095, 99=841727, 99.9=841727, 99.99=841727] 
2019-05-21 08:25:38:246 260 sec: 336 operations; 1.3 current ops/sec; est completion in 15 minutes [READ: Count=13, Max=834559, Min=717824, Avg=762781.54, 90=830975, 99=834559, 99.9=834559, 99.99=834559] 
2019-05-21 08:25:48:247 270 sec: 349 operations; 1.3 current ops/sec; est completion in 14 minutes [READ: Count=13, Max=830975, Min=701440, Avg=757976.62, 90=823295, 99=830975, 99.9=830975, 99.99=830975] 
2019-05-21 08:25:58:246 280 sec: 362 operations; 1.3 current ops/sec; est completion in 14 minutes [READ: Count=13, Max=837631, Min=720384, Avg=771091.69, 90=825855, 99=837631, 99.9=837631, 99.99=837631] 
2019-05-21 08:26:08:247 290 sec: 375 operations; 1.3 current ops/sec; est completion in 14 minutes [READ: Count=13, Max=841215, Min=727552, Avg=771524.92, 90=823295, 99=841215, 99.9=841215, 99.99=841215] 
2019-05-21 08:26:18:247 300 sec: 388 operations; 1.3 current ops/sec; est completion in 14 minutes [READ: Count=13, Max=837631, Min=697344, Avg=764593.23, 90=823807, 99=837631, 99.9=837631, 99.99=837631] 
2019-05-21 08:26:28:248 310 sec: 401 operations; 1.3 current ops/sec; est completion in 14 minutes [READ: Count=13, Max=844799, Min=725504, Avg=777117.54, 90=840703, 99=844799, 99.9=844799, 99.99=844799] 
2019-05-21 08:26:38:247 320 sec: 414 operations; 1.3 current ops/sec; est completion in 14 minutes [READ: Count=13, Max=840703, Min=712192, Avg=768019.69, 90=828415, 99=840703, 99.9=840703, 99.99=840703] 
2019-05-21 08:26:48:246 330 sec: 427 operations; 1.3 current ops/sec; est completion in 13 minutes [READ: Count=13, Max=861695, Min=710144, Avg=771209.85, 90=840703, 99=861695, 99.9=861695, 99.99=861695] 
2019-05-21 08:26:58:246 340 sec: 440 operations; 1.3 current ops/sec; est completion in 13 minutes [READ: Count=13, Max=856575, Min=718848, Avg=776644.92, 90=845823, 99=856575, 99.9=856575, 99.99=856575] 
2019-05-21 08:27:08:247 350 sec: 453 operations; 1.3 current ops/sec; est completion in 13 minutes [READ: Count=13, Max=881151, Min=727040, Avg=772194.46, 90=838655, 99=881151, 99.9=881151, 99.99=881151] 
2019-05-21 08:27:18:246 360 sec: 466 operations; 1.3 current ops/sec; est completion in 13 minutes [READ: Count=13, Max=826879, Min=709632, Avg=762978.46, 90=792575, 99=826879, 99.9=826879, 99.99=826879] 
2019-05-21 08:27:28:246 370 sec: 479 operations; 1.3 current ops/sec; est completion in 13 minutes [READ: Count=13, Max=854527, Min=732672, Avg=778614.15, 90=807935, 99=854527, 99.9=854527, 99.99=854527] 
2019-05-21 08:27:38:247 380 sec: 492 operations; 1.3 current ops/sec; est completion in 12 minutes [READ: Count=13, Max=911871, Min=713728, Avg=779677.54, 90=843775, 99=911871, 99.9=911871, 99.99=911871] 
2019-05-21 08:27:48:246 390 sec: 505 operations; 1.3 current ops/sec; est completion in 12 minutes [READ: Count=13, Max=855551, Min=711680, Avg=770225.23, 90=835583, 99=855551, 99.9=855551, 99.99=855551] 
2019-05-21 08:27:58:246 400 sec: 518 operations; 1.3 current ops/sec; est completion in 12 minutes [READ: Count=13, Max=846847, Min=707584, Avg=766798.77, 90=843263, 99=846847, 99.9=846847, 99.99=846847] 
2019-05-21 08:28:08:247 410 sec: 531 operations; 1.3 current ops/sec; est completion in 12 minutes [READ: Count=13, Max=909311, Min=714752, Avg=780544, 90=858623, 99=909311, 99.9=909311, 99.99=909311] 
2019-05-21 08:28:18:246 420 sec: 543 operations; 1.2 current ops/sec; est completion in 12 minutes [READ: Count=12, Max=817151, Min=721920, Avg=768725.33, 90=811007, 99=817151, 99.9=817151, 99.99=817151] 
2019-05-21 08:28:28:246 430 sec: 557 operations; 1.4 current ops/sec; est completion in 12 minutes [READ: Count=14, Max=866815, Min=725504, Avg=769353.14, 90=827391, 99=866815, 99.9=866815, 99.99=866815] 
2019-05-21 08:28:38:247 440 sec: 569 operations; 1.2 current ops/sec; est completion in 12 minutes [READ: Count=12, Max=860671, Min=717312, Avg=785962.67, 90=840191, 99=860671, 99.9=860671, 99.99=860671] 
2019-05-21 08:28:48:248 450 sec: 582 operations; 1.3 current ops/sec; est completion in 11 minutes [READ: Count=13, Max=838143, Min=729600, Avg=770816, 90=834559, 99=838143, 99.9=838143, 99.99=838143] 
2019-05-21 08:28:58:246 460 sec: 595 operations; 1.3 current ops/sec; est completion in 11 minutes [READ: Count=13, Max=824319, Min=709632, Avg=763766.15, 90=805375, 99=824319, 99.9=824319, 99.99=824319] 
2019-05-21 08:29:08:246 470 sec: 608 operations; 1.3 current ops/sec; est completion in 11 minutes [READ: Count=13, Max=848895, Min=730112, Avg=773021.54, 90=817151, 99=848895, 99.9=848895, 99.99=848895] 
2019-05-21 08:29:18:246 480 sec: 621 operations; 1.3 current ops/sec; est completion in 11 minutes [READ: Count=13, Max=858623, Min=722432, Avg=765735.38, 90=819199, 99=858623, 99.9=858623, 99.99=858623] 
2019-05-21 08:29:28:246 490 sec: 634 operations; 1.3 current ops/sec; est completion in 11 minutes [READ: Count=13, Max=829951, Min=724480, Avg=775227.08, 90=826879, 99=829951, 99.9=829951, 99.99=829951] 
2019-05-21 08:29:38:246 500 sec: 647 operations; 1.3 current ops/sec; est completion in 11 minutes [READ: Count=13, Max=819711, Min=714240, Avg=761600, 90=812543, 99=819711, 99.9=819711, 99.99=819711] 
2019-05-21 08:29:48:248 510 sec: 660 operations; 1.3 current ops/sec; est completion in 10 minutes [READ: Count=13, Max=845823, Min=721920, Avg=765026.46, 90=833535, 99=845823, 99.9=845823, 99.99=845823] 
2019-05-21 08:29:58:246 520 sec: 674 operations; 1.4 current ops/sec; est completion in 10 minutes [READ: Count=14, Max=829439, Min=723456, Avg=763428.57, 90=824831, 99=829439, 99.9=829439, 99.99=829439] 
2019-05-21 08:30:08:246 530 sec: 687 operations; 1.3 current ops/sec; est completion in 10 minutes [READ: Count=13, Max=848895, Min=728064, Avg=769634.46, 90=825855, 99=848895, 99.9=848895, 99.99=848895] 
2019-05-21 08:30:18:250 540 sec: 699 operations; 1.2 current ops/sec; est completion in 10 minutes [READ: Count=12, Max=830975, Min=717312, Avg=772266.67, 90=821759, 99=830975, 99.9=830975, 99.99=830975] 
2019-05-21 08:30:28:246 550 sec: 712 operations; 1.3 current ops/sec; est completion in 10 minutes [READ: Count=13, Max=843775, Min=730624, Avg=769476.92, 90=819199, 99=843775, 99.9=843775, 99.99=843775] 
2019-05-21 08:30:38:246 560 sec: 725 operations; 1.3 current ops/sec; est completion in 9 minutes [READ: Count=13, Max=872959, Min=706560, Avg=778377.85, 90=833023, 99=872959, 99.9=872959, 99.99=872959] 
2019-05-21 08:30:48:246 570 sec: 738 operations; 1.3 current ops/sec; est completion in 9 minutes [READ: Count=13, Max=831999, Min=726528, Avg=777787.08, 90=831999, 99=831999, 99.9=831999, 99.99=831999] 
2019-05-21 08:30:58:246 580 sec: 751 operations; 1.3 current ops/sec; est completion in 9 minutes [READ: Count=13, Max=876543, Min=706560, Avg=770264.62, 90=849407, 99=876543, 99.9=876543, 99.99=876543] 
2019-05-21 08:31:08:260 590 sec: 764 operations; 1.3 current ops/sec; est completion in 9 minutes [READ: Count=13, Max=861695, Min=727552, Avg=782552.62, 90=856575, 99=861695, 99.9=861695, 99.99=861695] 
2019-05-21 08:31:18:246 600 sec: 777 operations; 1.3 current ops/sec; est completion in 9 minutes [READ: Count=13, Max=829951, Min=704512, Avg=763057.23, 90=820735, 99=829951, 99.9=829951, 99.99=829951] 
2019-05-21 08:31:28:246 610 sec: 790 operations; 1.3 current ops/sec; est completion in 9 minutes [READ: Count=13, Max=835583, Min=719360, Avg=763569.23, 90=812031, 99=835583, 99.9=835583, 99.99=835583] 
2019-05-21 08:31:38:246 620 sec: 803 operations; 1.3 current ops/sec; est completion in 8 minutes [READ: Count=13, Max=823295, Min=721920, Avg=764987.08, 90=815615, 99=823295, 99.9=823295, 99.99=823295] 
2019-05-21 08:31:48:248 630 sec: 816 operations; 1.3 current ops/sec; est completion in 8 minutes [READ: Count=13, Max=823807, Min=680448, Avg=758291.69, 90=808447, 99=823807, 99.9=823807, 99.99=823807] 
2019-05-21 08:31:58:246 640 sec: 829 operations; 1.3 current ops/sec; est completion in 8 minutes [READ: Count=13, Max=854015, Min=717824, Avg=768019.69, 90=833023, 99=854015, 99.9=854015, 99.99=854015] 
2019-05-21 08:32:08:246 650 sec: 842 operations; 1.3 current ops/sec; est completion in 8 minutes [READ: Count=13, Max=907775, Min=700416, Avg=762939.08, 90=813055, 99=907775, 99.9=907775, 99.99=907775] 
2019-05-21 08:32:18:246 660 sec: 855 operations; 1.3 current ops/sec; est completion in 8 minutes [READ: Count=13, Max=840191, Min=702464, Avg=764947.69, 90=828415, 99=840191, 99.9=840191, 99.99=840191] 
2019-05-21 08:32:28:246 670 sec: 869 operations; 1.4 current ops/sec; est completion in 8 minutes [READ: Count=14, Max=842239, Min=724480, Avg=762477.71, 90=820223, 99=842239, 99.9=842239, 99.99=842239] 
2019-05-21 08:32:38:246 680 sec: 882 operations; 1.3 current ops/sec; est completion in 7 minutes [READ: Count=13, Max=812031, Min=719360, Avg=755062.15, 90=805375, 99=812031, 99.9=812031, 99.99=812031] 
2019-05-21 08:32:48:247 690 sec: 895 operations; 1.3 current ops/sec; est completion in 7 minutes [READ: Count=13, Max=859647, Min=703488, Avg=767310.77, 90=856575, 99=859647, 99.9=859647, 99.99=859647] 
2019-05-21 08:32:58:246 700 sec: 908 operations; 1.3 current ops/sec; est completion in 7 minutes [READ: Count=13, Max=880639, Min=709120, Avg=774912, 90=834559, 99=880639, 99.9=880639, 99.99=880639] 
2019-05-21 08:33:08:246 710 sec: 921 operations; 1.3 current ops/sec; est completion in 7 minutes [READ: Count=13, Max=829951, Min=708096, Avg=765105.23, 90=829439, 99=829951, 99.9=829951, 99.99=829951] 
2019-05-21 08:33:18:247 720 sec: 934 operations; 1.3 current ops/sec; est completion in 7 minutes [READ: Count=13, Max=816127, Min=719872, Avg=766641.23, 90=812031, 99=816127, 99.9=816127, 99.99=816127] 
2019-05-21 08:33:28:246 730 sec: 947 operations; 1.3 current ops/sec; est completion in 7 minutes [READ: Count=13, Max=854527, Min=713728, Avg=769713.23, 90=838655, 99=854527, 99.9=854527, 99.99=854527] 
2019-05-21 08:33:38:246 740 sec: 960 operations; 1.3 current ops/sec; est completion in 6 minutes [READ: Count=13, Max=852479, Min=718848, Avg=768452.92, 90=817151, 99=852479, 99.9=852479, 99.99=852479] 
2019-05-21 08:33:48:247 750 sec: 973 operations; 1.3 current ops/sec; est completion in 6 minutes [READ: Count=13, Max=860159, Min=724992, Avg=769398.15, 90=827903, 99=860159, 99.9=860159, 99.99=860159] 
2019-05-21 08:33:58:246 760 sec: 986 operations; 1.3 current ops/sec; est completion in 6 minutes [READ: Count=13, Max=824831, Min=694784, Avg=766916.92, 90=822271, 99=824831, 99.9=824831, 99.99=824831] 
2019-05-21 08:34:08:246 770 sec: 999 operations; 1.3 current ops/sec; est completion in 6 minutes [READ: Count=13, Max=842751, Min=718336, Avg=769122.46, 90=834047, 99=842751, 99.9=842751, 99.99=842751] 
2019-05-21 08:34:18:246 780 sec: 1012 operations; 1.3 current ops/sec; est completion in 6 minutes [READ: Count=13, Max=857087, Min=717312, Avg=781292.31, 90=846847, 99=857087, 99.9=857087, 99.99=857087] 
2019-05-21 08:34:28:247 790 sec: 1025 operations; 1.3 current ops/sec; est completion in 6 minutes [READ: Count=13, Max=849407, Min=714240, Avg=766011.08, 90=824831, 99=849407, 99.9=849407, 99.99=849407] 
2019-05-21 08:34:38:246 800 sec: 1038 operations; 1.3 current ops/sec; est completion in 5 minutes [READ: Count=13, Max=848895, Min=714240, Avg=767862.15, 90=841727, 99=848895, 99.9=848895, 99.99=848895] 
2019-05-21 08:34:48:246 810 sec: 1051 operations; 1.3 current ops/sec; est completion in 5 minutes [READ: Count=13, Max=844799, Min=702464, Avg=759394.46, 90=809471, 99=844799, 99.9=844799, 99.99=844799] 
2019-05-21 08:34:58:248 820 sec: 1064 operations; 1.3 current ops/sec; est completion in 5 minutes [READ: Count=13, Max=881151, Min=724992, Avg=772036.92, 90=827903, 99=881151, 99.9=881151, 99.99=881151] 
2019-05-21 08:35:08:246 830 sec: 1077 operations; 1.3 current ops/sec; est completion in 5 minutes [READ: Count=13, Max=844287, Min=708096, Avg=768964.92, 90=837119, 99=844287, 99.9=844287, 99.99=844287] 
2019-05-21 08:35:18:249 840 sec: 1090 operations; 1.3 current ops/sec; est completion in 5 minutes [READ: Count=13, Max=830463, Min=718848, Avg=763214.77, 90=822783, 99=830463, 99.9=830463, 99.99=830463] 
2019-05-21 08:35:28:246 850 sec: 1103 operations; 1.3 current ops/sec; est completion in 5 minutes [READ: Count=13, Max=865791, Min=693760, Avg=770185.85, 90=814591, 99=865791, 99.9=865791, 99.99=865791] 
2019-05-21 08:35:38:246 860 sec: 1116 operations; 1.3 current ops/sec; est completion in 4 minutes [READ: Count=13, Max=840703, Min=727040, Avg=778496, 90=836095, 99=840703, 99.9=840703, 99.99=840703] 
2019-05-21 08:35:48:247 870 sec: 1129 operations; 1.3 current ops/sec; est completion in 4 minutes [READ: Count=13, Max=847871, Min=674304, Avg=766208, 90=844287, 99=847871, 99.9=847871, 99.99=847871] 
2019-05-21 08:35:58:246 880 sec: 1142 operations; 1.3 current ops/sec; est completion in 4 minutes [READ: Count=13, Max=851967, Min=699392, Avg=770855.38, 90=822271, 99=851967, 99.9=851967, 99.99=851967] 
2019-05-21 08:36:08:247 890 sec: 1155 operations; 1.3 current ops/sec; est completion in 4 minutes [READ: Count=13, Max=852991, Min=704512, Avg=765144.62, 90=825855, 99=852991, 99.9=852991, 99.99=852991] 
2019-05-21 08:36:18:246 900 sec: 1168 operations; 1.3 current ops/sec; est completion in 4 minutes [READ: Count=13, Max=852991, Min=700416, Avg=775384.62, 90=840703, 99=852991, 99.9=852991, 99.99=852991] 
2019-05-21 08:36:28:246 910 sec: 1181 operations; 1.3 current ops/sec; est completion in 4 minutes [READ: Count=13, Max=829951, Min=716288, Avg=766877.54, 90=828927, 99=829951, 99.9=829951, 99.99=829951] 
2019-05-21 08:36:38:246 920 sec: 1194 operations; 1.3 current ops/sec; est completion in 3 minutes [READ: Count=13, Max=833535, Min=705024, Avg=756795.08, 90=813055, 99=833535, 99.9=833535, 99.99=833535] 
2019-05-21 08:36:48:247 930 sec: 1207 operations; 1.3 current ops/sec; est completion in 3 minutes [READ: Count=13, Max=811519, Min=708608, Avg=753683.69, 90=811007, 99=811519, 99.9=811519, 99.99=811519] 
2019-05-21 08:36:58:246 940 sec: 1220 operations; 1.3 current ops/sec; est completion in 3 minutes [READ: Count=13, Max=825343, Min=725504, Avg=771131.08, 90=822271, 99=825343, 99.9=825343, 99.99=825343] 
2019-05-21 08:37:08:247 950 sec: 1233 operations; 1.3 current ops/sec; est completion in 3 minutes [READ: Count=13, Max=821759, Min=723968, Avg=766956.31, 90=817151, 99=821759, 99.9=821759, 99.99=821759] 
2019-05-21 08:37:18:249 960 sec: 1247 operations; 1.4 current ops/sec; est completion in 3 minutes [READ: Count=14, Max=855551, Min=705536, Avg=754029.71, 90=823807, 99=855551, 99.9=855551, 99.99=855551] 
2019-05-21 08:37:28:246 970 sec: 1259 operations; 1.2 current ops/sec; est completion in 3 minutes [READ: Count=12, Max=866303, Min=719872, Avg=774144, 90=828927, 99=866303, 99.9=866303, 99.99=866303] 
2019-05-21 08:37:38:248 980 sec: 1273 operations; 1.4 current ops/sec; est completion in 2 minutes [READ: Count=14, Max=835583, Min=718336, Avg=768292.57, 90=825343, 99=835583, 99.9=835583, 99.99=835583] 
2019-05-21 08:37:48:246 990 sec: 1286 operations; 1.3 current ops/sec; est completion in 2 minutes [READ: Count=13, Max=825343, Min=722944, Avg=761678.77, 90=819199, 99=825343, 99.9=825343, 99.99=825343] 
2019-05-21 08:37:58:246 1000 sec: 1299 operations; 1.3 current ops/sec; est completion in 2 minutes [READ: Count=13, Max=832511, Min=730624, Avg=761718.15, 90=807935, 99=832511, 99.9=832511, 99.99=832511] 
2019-05-21 08:38:08:246 1010 sec: 1312 operations; 1.3 current ops/sec; est completion in 2 minutes [READ: Count=13, Max=833023, Min=699392, Avg=763057.23, 90=818687, 99=833023, 99.9=833023, 99.99=833023] 
2019-05-21 08:38:18:247 1020 sec: 1325 operations; 1.3 current ops/sec; est completion in 2 minutes [READ: Count=13, Max=945151, Min=711680, Avg=772036.92, 90=842239, 99=945151, 99.9=945151, 99.99=945151] 
2019-05-21 08:38:28:246 1030 sec: 1338 operations; 1.3 current ops/sec; est completion in 2 minutes [READ: Count=13, Max=825855, Min=727040, Avg=766011.08, 90=819711, 99=825855, 99.9=825855, 99.99=825855] 
2019-05-21 08:38:38:246 1040 sec: 1351 operations; 1.3 current ops/sec; est completion in 1 minute [READ: Count=13, Max=846335, Min=696832, Avg=757661.54, 90=804351, 99=846335, 99.9=846335, 99.99=846335] 
2019-05-21 08:38:48:247 1050 sec: 1364 operations; 1.3 current ops/sec; est completion in 1 minute [READ: Count=13, Max=830463, Min=713216, Avg=768295.38, 90=818687, 99=830463, 99.9=830463, 99.99=830463] 
2019-05-21 08:38:58:247 1060 sec: 1377 operations; 1.3 current ops/sec; est completion in 1 minute [READ: Count=13, Max=820735, Min=729600, Avg=763923.69, 90=814591, 99=820735, 99.9=820735, 99.99=820735] 
2019-05-21 08:39:08:246 1070 sec: 1390 operations; 1.3 current ops/sec; est completion in 1 minute [READ: Count=13, Max=834047, Min=708608, Avg=758173.54, 90=827391, 99=834047, 99.9=834047, 99.99=834047] 
2019-05-21 08:39:18:246 1080 sec: 1403 operations; 1.3 current ops/sec; est completion in 1 minute [READ: Count=13, Max=901631, Min=717824, Avg=769910.15, 90=840703, 99=901631, 99.9=901631, 99.99=901631] 
2019-05-21 08:39:28:248 1090 sec: 1416 operations; 1.3 current ops/sec; est completion in 1 minute [READ: Count=13, Max=827903, Min=720896, Avg=776251.08, 90=818687, 99=827903, 99.9=827903, 99.99=827903] 
2019-05-21 08:39:38:246 1100 sec: 1429 operations; 1.3 current ops/sec; est completion in 55 seconds [READ: Count=13, Max=822271, Min=689664, Avg=753289.85, 90=813055, 99=822271, 99.9=822271, 99.99=822271] 
2019-05-21 08:39:48:246 1110 sec: 1443 operations; 1.4 current ops/sec; est completion in 44 seconds [READ: Count=14, Max=820223, Min=705024, Avg=754176, 90=819711, 99=820223, 99.9=820223, 99.99=820223] 
2019-05-21 08:39:58:247 1120 sec: 1456 operations; 1.3 current ops/sec; est completion in 34 seconds [READ: Count=13, Max=857087, Min=726016, Avg=765853.54, 90=818175, 99=857087, 99.9=857087, 99.99=857087] 
2019-05-21 08:40:08:246 1130 sec: 1469 operations; 1.3 current ops/sec; est completion in 24 seconds [READ: Count=13, Max=846335, Min=685056, Avg=763490.46, 90=841727, 99=846335, 99.9=846335, 99.99=846335] 
2019-05-21 08:40:18:246 1140 sec: 1482 operations; 1.3 current ops/sec; est completion in 14 seconds [READ: Count=13, Max=887295, Min=711680, Avg=770028.31, 90=833535, 99=887295, 99.9=887295, 99.99=887295] 
2019-05-21 08:40:28:247 1150 sec: 1495 operations; 1.3 current ops/sec; est completion in 4 second [READ: Count=13, Max=830975, Min=738304, Avg=773691.08, 90=816639, 99=830975, 99.9=830975, 99.99=830975] 
2019-05-21 08:40:31:912 1153 sec: 1500 operations; 1.36 current ops/sec; [READ: Count=5, Max=846335, Min=715264, Avg=773171.2, 90=846335, 99=846335, 99.9=846335, 99.99=846335] [CLEANUP: Count=1, Max=12, Min=12, Avg=12, 90=12, 99=12, 99.9=12, 99.99=12] 
