timestamp;status;request_time;upstream_response_time
1558395716.091;200;0.732;0.732
1558395716.849;200;0.713;0.716
1558395717.609;200;0.754;0.752
1558395718.461;200;0.847;0.848
1558395719.183;200;0.719;0.720
1558395719.916;200;0.729;0.728
1558395720.721;200;0.778;0.780
1558395721.573;200;0.846;0.848
1558395722.334;200;0.758;0.760
1558395723.071;200;0.732;0.732
1558395723.821;200;0.746;0.748
1558395724.661;200;0.836;0.832
1558395725.402;200;0.738;0.740
1558395726.181;200;0.774;0.776
1558395726.930;200;0.745;0.748
1558395727.720;200;0.784;0.788
1558395728.450;200;0.723;0.724
1558395729.192;200;0.739;0.736
1558395729.988;200;0.792;0.792
1558395730.796;200;0.805;0.808
1558395731.572;200;0.772;0.776
1558395732.303;200;0.724;0.724
1558395733.009;200;0.697;0.700
1558395733.852;200;0.840;0.840
1558395734.599;200;0.743;0.744
1558395735.340;200;0.739;0.736
1558395736.101;200;0.757;0.760
1558395736.912;200;0.805;0.804
1558395737.652;200;0.737;0.736
1558395738.385;200;0.728;0.728
1558395739.139;200;0.750;0.753
1558395739.962;200;0.817;0.816
1558395740.701;200;0.728;0.728
1558395741.424;200;0.719;0.716
1558395742.204;200;0.773;0.772
1558395743.015;200;0.806;0.808
1558395743.747;200;0.728;0.728
1558395744.513;200;0.761;0.764
1558395745.261;200;0.740;0.740
1558395746.081;200;0.814;0.816
1558395746.848;200;0.763;0.764
1558395747.570;200;0.718;0.720
1558395748.379;200;0.806;0.808
1558395749.191;200;0.808;0.808
1558395749.945;200;0.749;0.752
1558395750.666;200;0.715;0.716
1558395751.439;200;0.768;0.768
1558395752.271;200;0.827;0.828
1558395753.011;200;0.736;0.736
1558395753.781;200;0.766;0.768
1558395754.543;200;0.759;0.760
1558395755.395;200;0.848;0.848
1558395756.135;200;0.734;0.736
1558395756.845;200;0.707;0.708
1558395757.599;200;0.751;0.752
1558395758.460;200;0.859;0.856
1558395759.211;200;0.748;0.748
1558395759.958;200;0.744;0.744
1558395760.717;200;0.756;0.756
1558395761.536;200;0.816;0.816
1558395762.303;200;0.764;0.764
1558395763.029;200;0.722;0.724
1558395763.836;200;0.802;0.800
1558395764.645;200;0.806;0.808
1558395765.366;200;0.715;0.716
1558395766.087;200;0.717;0.716
1558395766.837;200;0.748;0.748
1558395767.685;200;0.844;0.844
1558395768.412;200;0.722;0.720
1558395769.100;200;0.683;0.684
1558395769.882;200;0.778;0.780
1558395770.694;200;0.809;0.812
1558395771.419;200;0.722;0.724
1558395772.139;200;0.716;0.716
1558395772.919;200;0.778;0.776
1558395773.744;200;0.821;0.820
1558395774.479;200;0.730;0.732
1558395775.235;200;0.754;0.756
1558395776.019;200;0.780;0.780
1558395776.843;200;0.821;0.820
1558395777.572;200;0.727;0.728
1558395778.299;200;0.722;0.720
1558395779.095;200;0.790;0.788
1558395779.919;200;0.819;0.820
1558395780.659;200;0.738;0.740
1558395781.428;200;0.766;0.764
1558395782.196;200;0.763;0.764
1558395783.043;200;0.843;0.844
1558395783.775;200;0.728;0.728
1558395784.483;200;0.706;0.704
1558395785.239;200;0.751;0.752
1558395786.041;200;0.797;0.800
1558395786.804;200;0.760;0.760
1558395787.527;200;0.720;0.720
1558395788.311;200;0.781;0.780
1558395789.140;200;0.825;0.824
1558395789.881;200;0.736;0.736
1558395790.612;200;0.729;0.728
1558395791.437;200;0.818;0.820
1558395792.282;200;0.842;0.844
1558395793.040;200;0.748;0.748
1558395793.749;200;0.705;0.708
1558395794.534;200;0.782;0.784
1558395795.364;200;0.827;0.828
1558395796.103;200;0.734;0.732
1558395796.848;200;0.742;0.740
1558395797.620;200;0.769;0.768
1558395798.443;200;0.820;0.820
1558395799.200;200;0.724;0.724
1558395799.909;200;0.707;0.708
1558395800.645;200;0.734;0.736
1558395801.449;200;0.802;0.804
1558395802.202;200;0.750;0.752
1558395802.956;200;0.751;0.752
1558395803.751;200;0.792;0.792
1558395804.605;200;0.851;0.852
1558395805.335;200;0.729;0.728
1558395806.068;200;0.729;0.728
1558395806.833;200;0.761;0.764
1558395807.643;200;0.807;0.808
1558395808.402;200;0.755;0.756
1558395809.172;200;0.767;0.768
1558395809.875;200;0.698;0.700
1558395810.729;200;0.849;0.848
1558395811.462;200;0.729;0.732
1558395812.196;200;0.731;0.732
1558395813.005;200;0.806;0.808
1558395813.843;200;0.834;0.832
1558395814.571;200;0.725;0.724
1558395815.273;200;0.699;0.696
1558395815.987;200;0.710;0.712
1558395816.806;200;0.817;0.816
1558395817.589;200;0.780;0.780
1558395818.321;200;0.729;0.732
1558395819.056;200;0.731;0.732
1558395819.908;200;0.848;0.848
1558395820.651;200;0.739;0.740
1558395821.407;200;0.751;0.752
1558395822.175;200;0.765;0.764
1558395822.992;200;0.813;0.812
1558395823.778;200;0.782;0.784
1558395824.494;200;0.713;0.716
1558395825.283;200;0.786;0.788
1558395826.136;200;0.847;0.848
1558395826.881;200;0.741;0.740
1558395827.603;200;0.719;0.720
1558395828.356;200;0.750;0.748
1558395829.158;200;0.798;0.800
1558395829.927;200;0.766;0.768
1558395830.661;200;0.729;0.732
1558395831.431;200;0.767;0.768
1558395832.257;200;0.822;0.824
1558395833.033;200;0.772;0.776
1558395833.751;200;0.715;0.716
1558395834.537;200;0.781;0.784
1558395835.394;200;0.851;0.852
1558395836.150;200;0.751;0.752
1558395836.872;200;0.719;0.720
1558395837.668;200;0.794;0.792
1558395838.492;200;0.818;0.816
1558395839.231;200;0.736;0.736
1558395839.952;200;0.719;0.716
1558395840.683;200;0.727;0.728
1558395841.542;200;0.855;0.856
1558395842.325;200;0.781;0.784
1558395843.092;200;0.764;0.764
1558395843.857;200;0.761;0.764
1558395844.676;200;0.815;0.816
1558395845.414;200;0.734;0.736
1558395846.176;200;0.757;0.756
1558395846.940;200;0.760;0.760
1558395847.768;200;0.825;0.824
1558395848.523;200;0.751;0.752
1558395849.235;200;0.709;0.708
1558395850.007;200;0.770;0.772
1558395850.859;200;0.847;0.848
1558395851.606;200;0.744;0.744
1558395852.341;200;0.732;0.736
1558395853.105;200;0.761;0.760
1558395853.933;200;0.824;0.828
1558395854.675;200;0.738;0.740
1558395855.386;200;0.708;0.708
1558395856.165;200;0.774;0.776
1558395857.004;200;0.836;0.836
1558395857.753;200;0.745;0.744
1558395858.519;200;0.763;0.764
1558395859.284;200;0.762;0.760
1558395860.116;200;0.828;0.828
1558395860.858;200;0.739;0.740
1558395861.593;200;0.733;0.732
1558395862.401;200;0.806;0.808
1558395863.211;200;0.806;0.808
1558395863.951;200;0.738;0.736
1558395864.712;200;0.758;0.756
1558395865.460;200;0.745;0.744
1558395866.267;200;0.798;0.800
1558395867.017;200;0.748;0.752
1558395867.755;200;0.735;0.736
1558395868.523;200;0.765;0.764
1558395869.363;200;0.838;0.836
1558395870.141;200;0.773;0.772
1558395870.891;200;0.747;0.748
1558395871.653;200;0.760;0.760
1558395872.471;200;0.815;0.816
1558395873.221;200;0.746;0.748
1558395873.960;200;0.736;0.736
1558395874.713;200;0.750;0.752
1558395875.556;200;0.838;0.836
1558395876.295;200;0.735;0.736
1558395877.022;200;0.723;0.724
1558395877.775;200;0.751;0.752
1558395878.574;200;0.797;0.800
1558395879.301;200;0.724;0.724
1558395880.081;200;0.776;0.776
1558395880.872;200;0.789;0.788
1558395881.740;200;0.864;0.864
1558395882.490;200;0.747;0.748
1558395883.208;200;0.714;0.712
1558395884.016;200;0.803;0.800
1558395884.825;200;0.803;0.800
1558395885.581;200;0.752;0.748
1558395886.317;200;0.731;0.728
1558395887.106;200;0.784;0.784
1558395887.911;200;0.802;0.804
1558395888.667;200;0.749;0.748
1558395889.380;200;0.711;0.708
1558395890.122;200;0.739;0.740
1558395890.939;200;0.814;0.816
1558395891.677;200;0.736;0.732
1558395892.386;200;0.706;0.708
1558395893.161;200;0.773;0.776
1558395893.988;200;0.823;0.824
1558395894.742;200;0.753;0.752
1558395895.492;200;0.747;0.748
1558395896.275;200;0.779;0.780
1558395897.097;200;0.818;0.816
1558395897.841;200;0.741;0.740
1558395898.565;200;0.721;0.720
1558395899.330;200;0.762;0.764
1558395900.124;200;0.791;0.792
1558395900.885;200;0.758;0.760
1558395901.603;200;0.714;0.716
1558395902.372;200;0.767;0.764
1558395903.185;200;0.808;0.808
1558395903.951;200;0.763;0.764
1558395904.688;200;0.734;0.732
1558395905.447;200;0.756;0.756
1558395906.225;200;0.773;0.776
1558395906.965;200;0.737;0.736
1558395907.678;200;0.709;0.712
1558395908.431;200;0.750;0.752
1558395909.224;200;0.790;0.788
1558395909.991;200;0.763;0.764
1558395910.761;200;0.768;0.768
1558395911.544;200;0.779;0.780
1558395912.358;200;0.810;0.812
1558395913.119;200;0.758;0.756
1558395913.840;200;0.718;0.716
1558395914.548;200;0.705;0.704
1558395915.348;200;0.796;0.796
1558395916.110;200;0.758;0.760
1558395916.835;200;0.722;0.720
1558395917.649;200;0.812;0.816
1558395918.471;200;0.817;0.816
1558395919.203;200;0.730;0.728
1558395919.944;200;0.737;0.736
1558395920.705;200;0.758;0.756
1558395921.528;200;0.820;0.820
1558395922.297;200;0.765;0.768
1558395923.041;200;0.739;0.736
1558395923.801;200;0.755;0.752
1558395924.611;200;0.807;0.808
1558395925.367;200;0.753;0.752
1558395926.101;200;0.729;0.728
1558395926.839;200;0.735;0.736
1558395927.644;200;0.803;0.800
1558395928.405;200;0.751;0.748
1558395929.113;200;0.705;0.708
1558395929.851;200;0.734;0.736
1558395930.666;200;0.813;0.812
1558395931.375;200;0.707;0.708
1558395932.087;200;0.710;0.712
1558395932.846;200;0.757;0.760
1558395933.682;200;0.833;0.832
1558395934.430;200;0.746;0.748
1558395935.157;200;0.724;0.728
1558395935.923;200;0.761;0.760
1558395936.725;200;0.797;0.796
1558395937.478;200;0.750;0.752
1558395938.213;200;0.732;0.736
1558395938.939;200;0.723;0.724
1558395939.749;200;0.808;0.808
1558395940.503;200;0.753;0.752
1558395941.228;200;0.723;0.724
1558395942.001;200;0.769;0.768
1558395942.794;200;0.790;0.792
1558395943.570;200;0.773;0.776
1558395944.292;200;0.720;0.720
1558395945.041;200;0.745;0.744
1558395945.860;200;0.815;0.812
1558395946.600;200;0.733;0.732
1558395947.325;200;0.721;0.720
1558395948.067;200;0.738;0.740
1558395948.919;200;0.846;0.848
1558395949.650;200;0.727;0.728
1558395950.376;200;0.723;0.724
1558395951.169;200;0.790;0.788
1558395951.988;200;0.816;0.816
1558395952.725;200;0.733;0.736
1558395953.451;200;0.722;0.724
1558395954.219;200;0.765;0.764
1558395955.036;200;0.815;0.812
1558395955.800;200;0.761;0.760
1558395956.548;200;0.746;0.744
1558395957.314;200;0.763;0.764
1558395958.104;200;0.788;0.788
1558395958.871;200;0.764;0.764
1558395959.609;200;0.735;0.736
1558395960.395;200;0.782;0.784
1558395961.235;200;0.837;0.836
1558395962.018;200;0.773;0.776
1558395962.741;200;0.721;0.720
1558395963.510;200;0.767;0.768
1558395964.298;200;0.786;0.788
1558395965.087;200;0.786;0.788
1558395965.808;200;0.717;0.716
1558395966.547;200;0.736;0.736
1558395967.369;200;0.818;0.820
1558395968.122;200;0.750;0.752
1558395968.846;200;0.722;0.724
1558395969.619;200;0.771;0.772
1558395970.440;200;0.819;0.816
1558395971.208;200;0.764;0.764
1558395971.927;200;0.715;0.716
1558395972.691;200;0.762;0.764
1558395973.502;200;0.807;0.808
1558395974.277;200;0.773;0.772
1558395975.039;200;0.758;0.760
1558395975.796;200;0.753;0.752
1558395976.628;200;0.829;0.828
1558395977.353;200;0.721;0.724
1558395978.088;200;0.732;0.732
1558395978.822;200;0.731;0.732
1558395979.613;200;0.786;0.788
1558395980.354;200;0.738;0.740
1558395981.077;200;0.720;0.724
1558395981.859;200;0.779;0.780
1558395982.658;200;0.795;0.796
1558395983.390;200;0.729;0.732
1558395984.111;200;0.717;0.716
1558395984.894;200;0.780;0.780
1558395985.714;200;0.817;0.820
1558395986.469;200;0.751;0.752
1558395987.196;200;0.723;0.724
1558395987.982;200;0.784;0.784
1558395988.778;200;0.794;0.796
1558395989.509;200;0.729;0.732
1558395990.232;200;0.715;0.716
1558395991.000;200;0.764;0.764
1558395991.869;200;0.865;0.864
1558395992.651;200;0.779;0.780
1558395993.359;200;0.705;0.704
1558395994.123;200;0.760;0.760
1558395994.946;200;0.819;0.820
1558395995.678;200;0.729;0.732
1558395996.450;200;0.769;0.772
1558395997.246;200;0.794;0.796
1558395998.057;200;0.808;0.812
1558395998.786;200;0.727;0.728
1558395999.516;200;0.727;0.728
1558396000.298;200;0.778;0.780
1558396001.131;200;0.831;0.832
1558396001.886;200;0.752;0.752
1558396002.607;200;0.719;0.720
1558396003.362;200;0.752;0.752
1558396004.176;200;0.812;0.812
1558396004.910;200;0.732;0.732
1558396005.628;200;0.715;0.716
1558396006.375;200;0.740;0.740
1558396007.212;200;0.833;0.832
1558396007.960;200;0.745;0.744
1558396008.680;200;0.717;0.716
1558396009.430;200;0.747;0.748
1558396010.240;200;0.806;0.804
1558396010.984;200;0.740;0.740
1558396011.725;200;0.737;0.740
1558396012.494;200;0.767;0.768
1558396013.315;200;0.819;0.820
1558396014.069;200;0.752;0.752
1558396014.821;200;0.749;0.752
1558396015.579;200;0.756;0.756
1558396016.357;200;0.775;0.776
1558396017.096;200;0.736;0.736
1558396017.799;200;0.700;0.700
1558396018.612;200;0.810;0.808
1558396019.423;200;0.808;0.808
1558396020.175;200;0.749;0.748
1558396020.911;200;0.734;0.732
1558396021.685;200;0.771;0.772
1558396022.494;200;0.806;0.808
1558396023.270;200;0.771;0.772
1558396023.991;200;0.719;0.720
1558396024.748;200;0.754;0.752
1558396025.541;200;0.789;0.792
1558396026.289;200;0.742;0.744
1558396027.061;200;0.769;0.772
1558396027.854;200;0.791;0.792
1558396028.660;200;0.804;0.804
1558396029.398;200;0.734;0.736
1558396030.113;200;0.713;0.716
1558396030.862;200;0.745;0.748
1558396031.681;200;0.816;0.816
1558396032.418;200;0.735;0.736
1558396033.156;200;0.736;0.736
1558396033.967;200;0.808;0.808
1558396034.797;200;0.827;0.828
1558396035.556;200;0.756;0.756
1558396036.258;200;0.699;0.700
1558396037.020;200;0.760;0.760
1558396037.848;200;0.826;0.824
1558396038.589;200;0.738;0.740
1558396039.301;200;0.710;0.712
1558396040.103;200;0.799;0.800
1558396040.917;200;0.812;0.812
1558396041.653;200;0.734;0.736
1558396042.372;200;0.717;0.720
1558396043.123;200;0.747;0.748
1558396043.958;200;0.832;0.832
1558396044.698;200;0.738;0.740
1558396045.436;200;0.735;0.736
1558396046.202;200;0.759;0.760
1558396047.009;200;0.804;0.807
1558396047.723;200;0.711;0.712
1558396048.470;200;0.745;0.744
1558396049.223;200;0.751;0.752
1558396050.048;200;0.821;0.820
1558396050.834;200;0.783;0.784
1558396051.551;200;0.715;0.716
1558396052.258;200;0.704;0.704
1558396053.092;200;0.829;0.828
1558396053.825;200;0.729;0.732
1558396054.568;200;0.740;0.740
1558396055.374;200;0.802;0.804
1558396056.182;200;0.802;0.804
1558396056.924;200;0.740;0.744
1558396057.635;200;0.707;0.708
1558396058.390;200;0.752;0.752
1558396059.201;200;0.806;0.808
1558396059.920;200;0.717;0.716
1558396060.648;200;0.724;0.724
1558396061.404;200;0.754;0.752
1558396062.221;200;0.813;0.816
1558396062.947;200;0.724;0.724
1558396063.681;200;0.731;0.732
1558396064.407;200;0.723;0.724
1558396065.223;200;0.813;0.812
1558396065.977;200;0.750;0.748
1558396066.681;200;0.702;0.704
1558396067.459;200;0.769;0.768
1558396068.269;200;0.807;0.808
1558396069.007;200;0.736;0.736
1558396069.776;200;0.766;0.764
1558396070.544;200;0.765;0.768
1558396071.404;200;0.854;0.856
1558396072.142;200;0.734;0.736
1558396072.877;200;0.732;0.736
1558396073.612;200;0.733;0.732
1558396074.438;200;0.824;0.824
1558396075.189;200;0.750;0.748
1558396075.920;200;0.728;0.728
1558396076.723;200;0.800;0.800
1558396077.523;200;0.796;0.796
1558396078.266;200;0.736;0.736
1558396078.978;200;0.709;0.712
1558396079.729;200;0.747;0.744
1558396080.543;200;0.812;0.812
1558396081.257;200;0.712;0.712
1558396081.973;200;0.714;0.716
1558396082.792;200;0.817;0.816
1558396083.616;200;0.821;0.820
1558396084.381;200;0.762;0.764
1558396085.114;200;0.730;0.732
1558396085.838;200;0.721;0.724
1558396086.625;200;0.785;0.788
1558396087.393;200;0.766;0.768
1558396088.132;200;0.725;0.724
1558396088.904;200;0.769;0.768
1558396089.710;200;0.803;0.804
1558396090.454;200;0.742;0.744
1558396091.184;200;0.726;0.724
1558396091.974;200;0.782;0.784
1558396092.781;200;0.803;0.804
1558396093.526;200;0.742;0.744
1558396094.247;200;0.718;0.716
1558396094.997;200;0.747;0.744
1558396095.817;200;0.816;0.820
1558396096.559;200;0.740;0.740
1558396097.281;200;0.718;0.720
1558396098.039;200;0.755;0.756
1558396098.859;200;0.818;0.820
1558396099.620;200;0.755;0.760
1558396100.355;200;0.732;0.732
1558396101.117;200;0.758;0.760
1558396101.949;200;0.830;0.832
1558396102.687;200;0.736;0.736
1558396103.403;200;0.713;0.712
1558396104.167;200;0.762;0.760
1558396104.990;200;0.820;0.820
1558396105.737;200;0.744;0.744
1558396106.457;200;0.717;0.720
1558396107.303;200;0.843;0.844
1558396108.127;200;0.817;0.816
1558396108.866;200;0.735;0.736
1558396109.574;200;0.703;0.704
1558396110.372;200;0.794;0.792
1558396111.217;200;0.842;0.844
1558396111.949;200;0.730;0.732
1558396112.686;200;0.735;0.736
1558396113.415;200;0.726;0.724
1558396114.244;200;0.825;0.824
1558396115.018;200;0.772;0.772
1558396115.739;200;0.717;0.716
1558396116.489;200;0.747;0.748
1558396117.318;200;0.826;0.828
1558396118.045;200;0.724;0.720
1558396118.759;200;0.712;0.712
1558396119.536;200;0.774;0.772
1558396120.353;200;0.815;0.816
1558396121.088;200;0.733;0.736
1558396121.813;200;0.723;0.724
1558396122.583;200;0.768;0.768
1558396123.421;200;0.834;0.836
1558396124.160;200;0.735;0.736
1558396124.879;200;0.717;0.716
1558396125.589;200;0.707;0.708
1558396126.435;200;0.844;0.844
1558396127.175;200;0.736;0.736
1558396127.934;200;0.756;0.756
1558396128.719;200;0.781;0.780
1558396129.584;200;0.861;0.860
1558396130.316;200;0.729;0.728
1558396131.020;200;0.701;0.700
1558396131.756;200;0.733;0.736
1558396132.576;200;0.817;0.816
1558396133.325;200;0.746;0.748
1558396134.094;200;0.767;0.768
1558396134.891;200;0.793;0.792
1558396135.727;200;0.833;0.832
1558396136.497;200;0.766;0.764
1558396137.213;200;0.714;0.712
1558396137.991;200;0.773;0.772
1558396138.801;200;0.807;0.804
1558396139.560;200;0.756;0.756
1558396140.281;200;0.718;0.716
1558396141.032;200;0.749;0.752
1558396141.907;200;0.872;0.872
1558396142.650;200;0.741;0.740
1558396143.381;200;0.729;0.732
1558396144.136;200;0.753;0.756
1558396144.951;200;0.813;0.812
1558396145.697;200;0.742;0.740
1558396146.468;200;0.769;0.772
1558396147.235;200;0.765;0.764
1558396148.070;200;0.832;0.832
1558396148.819;200;0.744;0.744
1558396149.590;200;0.769;0.768
1558396150.331;200;0.739;0.740
1558396151.213;200;0.878;0.880
1558396151.960;200;0.745;0.748
1558396152.666;200;0.704;0.704
1558396153.373;200;0.705;0.708
1558396154.204;200;0.829;0.828
1558396154.945;200;0.739;0.736
1558396155.656;200;0.709;0.708
1558396156.455;200;0.795;0.796
1558396157.274;200;0.816;0.816
1558396158.034;200;0.757;0.760
1558396158.750;200;0.713;0.716
1558396159.523;200;0.772;0.772
1558396160.321;200;0.794;0.796
1558396161.071;200;0.746;0.744
1558396161.809;200;0.735;0.736
1558396162.569;200;0.756;0.760
1558396163.373;200;0.802;0.804
1558396164.114;200;0.738;0.740
1558396164.835;200;0.717;0.716
1558396165.625;200;0.787;0.784
1558396166.453;200;0.824;0.828
1558396167.164;200;0.708;0.712
1558396167.884;200;0.717;0.716
1558396168.637;200;0.751;0.748
1558396169.453;200;0.814;0.816
1558396170.173;200;0.718;0.720
1558396170.898;200;0.723;0.724
1558396171.654;200;0.752;0.752
1558396172.478;200;0.820;0.820
1558396173.252;200;0.769;0.768
1558396173.966;200;0.711;0.712
1558396174.705;200;0.734;0.736
1558396175.533;200;0.825;0.828
1558396176.281;200;0.742;0.740
1558396177.007;200;0.724;0.724
1558396177.810;200;0.800;0.800
1558396178.628;200;0.815;0.816
1558396179.355;200;0.725;0.724
1558396180.105;200;0.747;0.748
1558396180.857;200;0.750;0.752
1558396181.694;200;0.835;0.836
1558396182.441;200;0.744;0.744
1558396183.182;200;0.739;0.740
1558396184.009;200;0.823;0.824
1558396184.814;200;0.802;0.804
1558396185.568;200;0.750;0.752
1558396186.293;200;0.721;0.724
1558396187.079;200;0.783;0.784
1558396188.023;200;0.941;0.940
1558396188.743;200;0.717;0.716
1558396189.457;200;0.710;0.712
1558396190.221;200;0.760;0.764
1558396191.027;200;0.804;0.804
1558396191.763;200;0.734;0.732
1558396192.479;200;0.712;0.712
1558396193.239;200;0.756;0.756
1558396194.047;200;0.804;0.804
1558396194.792;200;0.742;0.744
1558396195.519;200;0.725;0.724
1558396196.262;200;0.737;0.740
1558396197.075;200;0.809;0.808
1558396197.795;200;0.718;0.720
1558396198.528;200;0.731;0.732
1558396199.306;200;0.771;0.772
1558396200.117;200;0.807;0.808
1558396200.865;200;0.746;0.748
1558396201.586;200;0.719;0.720
1558396202.376;200;0.787;0.788
1558396203.221;200;0.843;0.844
1558396203.972;200;0.749;0.752
1558396204.714;200;0.740;0.740
1558396205.481;200;0.764;0.768
1558396206.284;200;0.798;0.796
1558396207.028;200;0.741;0.740
1558396207.761;200;0.730;0.732
1558396208.516;200;0.753;0.756
1558396209.370;200;0.851;0.852
1558396210.098;200;0.725;0.724
1558396210.829;200;0.728;0.732
1558396211.616;200;0.784;0.788
1558396212.422;200;0.803;0.804
1558396213.188;200;0.764;0.764
1558396213.912;200;0.721;0.720
1558396214.669;200;0.755;0.756
1558396215.491;200;0.820;0.820
1558396216.248;200;0.752;0.752
1558396216.974;200;0.723;0.724
1558396217.742;200;0.764;0.764
1558396218.530;200;0.785;0.788
1558396219.268;200;0.735;0.740
1558396219.981;200;0.711;0.712
1558396220.739;200;0.756;0.756
1558396221.540;200;0.799;0.804
1558396222.298;200;0.756;0.756
1558396223.023;200;0.722;0.724
1558396223.757;200;0.730;0.732
1558396224.566;200;0.807;0.808
1558396225.303;200;0.735;0.736
1558396226.095;200;0.759;0.760
1558396226.868;200;0.766;0.764
1558396227.671;200;0.801;0.800
1558396228.425;200;0.752;0.752
1558396229.143;200;0.714;0.716
1558396229.888;200;0.743;0.748
1558396230.701;200;0.811;0.812
1558396231.442;200;0.739;0.740
1558396232.148;200;0.703;0.708
1558396232.946;200;0.795;0.796
1558396233.754;200;0.806;0.808
1558396234.495;200;0.738;0.740
1558396235.228;200;0.730;0.732
1558396235.982;200;0.751;0.752
1558396236.805;200;0.819;0.820
1558396237.532;200;0.726;0.728
1558396238.248;200;0.714;0.712
1558396239.007;200;0.757;0.756
1558396239.858;200;0.849;0.848
1558396240.618;200;0.758;0.760
1558396241.349;200;0.728;0.732
1558396242.127;200;0.775;0.776
1558396242.929;200;0.800;0.800
1558396243.706;200;0.774;0.776
1558396244.420;200;0.712;0.712
1558396245.167;200;0.745;0.744
1558396246.012;200;0.842;0.840
1558396246.761;200;0.746;0.748
1558396247.472;200;0.710;0.712
1558396248.214;200;0.740;0.740
1558396249.024;200;0.806;0.808
1558396249.765;200;0.740;0.740
1558396250.487;200;0.720;0.724
1558396251.293;200;0.804;0.804
1558396252.142;200;0.846;0.848
1558396252.879;200;0.731;0.732
1558396253.592;200;0.711;0.716
1558396254.373;200;0.779;0.780
1558396255.173;200;0.798;0.800
1558396255.932;200;0.756;0.760
1558396256.693;200;0.759;0.756
1558396257.496;200;0.800;0.804
1558396258.286;200;0.788;0.788
1558396259.017;200;0.729;0.732
1558396259.733;200;0.713;0.716
1558396260.493;200;0.757;0.760
1558396261.330;200;0.833;0.832
1558396262.090;200;0.759;0.760
1558396262.825;200;0.732;0.732
1558396263.597;200;0.769;0.772
1558396264.409;200;0.811;0.812
1558396265.166;200;0.754;0.756
1558396265.884;200;0.715;0.716
1558396266.596;200;0.710;0.712
1558396267.424;200;0.826;0.828
1558396268.204;200;0.778;0.776
1558396268.944;200;0.738;0.740
1558396269.726;200;0.780;0.780
1558396270.536;200;0.807;0.808
1558396271.290;200;0.752;0.752
1558396272.026;200;0.733;0.736
1558396272.798;200;0.769;0.768
1558396273.619;200;0.818;0.820
1558396274.352;200;0.730;0.732
1558396275.073;200;0.719;0.720
1558396275.826;200;0.750;0.752
1558396276.673;200;0.845;0.844
1558396277.390;200;0.716;0.716
1558396278.099;200;0.706;0.708
1558396278.888;200;0.787;0.792
1558396279.694;200;0.804;0.804
1558396280.436;200;0.740;0.744
1558396281.153;200;0.715;0.716
1558396281.933;200;0.778;0.780
1558396282.750;200;0.814;0.816
1558396283.495;200;0.742;0.740
1558396284.214;200;0.717;0.716
1558396285.011;200;0.795;0.796
1558396285.817;200;0.803;0.804
1558396286.570;200;0.751;0.752
1558396287.300;200;0.728;0.728
1558396288.050;200;0.748;0.748
1558396288.861;200;0.806;0.808
1558396289.584;200;0.722;0.720
1558396290.296;200;0.709;0.712
1558396291.045;200;0.746;0.744
1558396291.924;200;0.877;0.880
1558396292.664;200;0.738;0.740
1558396293.411;200;0.744;0.744
1558396294.158;200;0.744;0.744
1558396294.980;200;0.819;0.820
1558396295.711;200;0.729;0.732
1558396296.437;200;0.723;0.724
1558396297.217;200;0.777;0.780
1558396298.021;200;0.802;0.804
1558396298.728;200;0.704;0.708
1558396299.478;200;0.748;0.748
1558396300.234;200;0.753;0.756
1558396301.060;200;0.823;0.828
1558396301.823;200;0.761;0.764
1558396302.552;200;0.727;0.728
1558396303.316;200;0.762;0.760
1558396304.159;200;0.837;0.836
1558396304.898;200;0.736;0.736
1558396305.604;200;0.703;0.704
1558396306.381;200;0.772;0.776
1558396307.181;200;0.797;0.800
1558396307.940;200;0.756;0.760
1558396308.637;200;0.695;0.696
1558396309.432;200;0.792;0.796
1558396310.289;200;0.855;0.856
1558396311.024;200;0.732;0.732
1558396311.737;200;0.710;0.711
1558396312.502;200;0.761;0.764
1558396313.330;200;0.825;0.828
1558396314.062;200;0.730;0.732
1558396314.844;200;0.780;0.784
1558396315.581;200;0.736;0.736
1558396316.382;200;0.798;0.800
1558396317.116;200;0.730;0.732
1558396317.826;200;0.709;0.708
1558396318.638;200;0.809;0.808
1558396319.466;200;0.825;0.828
1558396320.195;200;0.726;0.724
1558396320.952;200;0.755;0.756
1558396321.709;200;0.756;0.756
1558396322.553;200;0.842;0.840
1558396323.328;200;0.773;0.772
1558396324.022;200;0.692;0.692
1558396324.808;200;0.783;0.780
1558396325.601;200;0.791;0.788
1558396326.341;200;0.737;0.736
1558396327.068;200;0.724;0.724
1558396327.798;200;0.728;0.728
1558396328.603;200;0.802;0.804
1558396329.378;200;0.772;0.772
1558396330.125;200;0.744;0.748
1558396330.884;200;0.755;0.760
1558396331.703;200;0.816;0.816
1558396332.443;200;0.738;0.740
1558396333.153;200;0.708;0.708
1558396333.913;200;0.757;0.760
1558396334.741;200;0.825;0.828
1558396335.482;200;0.738;0.740
1558396336.249;200;0.764;0.764
1558396337.059;200;0.807;0.808
1558396337.896;200;0.834;0.836
1558396338.632;200;0.734;0.736
1558396339.347;200;0.712;0.712
1558396340.127;200;0.775;0.776
1558396340.929;200;0.800;0.800
1558396341.667;200;0.735;0.740
1558396342.399;200;0.729;0.728
1558396343.154;200;0.752;0.752
1558396343.957;200;0.800;0.804
1558396344.697;200;0.738;0.736
1558396345.418;200;0.720;0.720
1558396346.181;200;0.757;0.760
1558396346.985;200;0.801;0.804
1558396347.709;200;0.721;0.720
1558396348.426;200;0.714;0.716
1558396349.242;200;0.813;0.816
1558396350.041;200;0.796;0.796
1558396350.786;200;0.742;0.744
1558396351.530;200;0.741;0.744
1558396352.277;200;0.744;0.748
1558396353.094;200;0.813;0.812
1558396353.825;200;0.728;0.732
1558396354.525;200;0.696;0.700
1558396355.269;200;0.740;0.744
1558396356.073;200;0.801;0.804
1558396356.808;200;0.732;0.736
1558396357.563;200;0.753;0.752
1558396358.316;200;0.751;0.748
1558396359.132;200;0.813;0.816
1558396359.889;200;0.755;0.756
1558396360.606;200;0.713;0.716
1558396361.372;200;0.764;0.764
1558396362.234;200;0.858;0.860
1558396362.953;200;0.717;0.720
1558396363.681;200;0.725;0.724
1558396364.501;200;0.817;0.820
1558396365.325;200;0.822;0.824
1558396366.103;200;0.774;0.780
1558396366.816;200;0.711;0.712
1558396367.572;200;0.754;0.756
1558396368.388;200;0.814;0.812
1558396369.131;200;0.741;0.744
1558396369.839;200;0.706;0.704
1558396370.595;200;0.754;0.756
1558396371.448;200;0.852;0.856
1558396372.180;200;0.731;0.732
1558396372.911;200;0.729;0.732
1558396373.661;200;0.747;0.748
1558396374.478;200;0.813;0.816
1558396375.213;200;0.733;0.736
1558396375.929;200;0.712;0.712
1558396376.704;200;0.772;0.776
1558396377.515;200;0.809;0.808
1558396378.246;200;0.729;0.732
1558396378.993;200;0.744;0.748
1558396379.753;200;0.757;0.760
1558396380.564;200;0.807;0.804
1558396381.317;200;0.751;0.752
1558396382.024;200;0.704;0.704
1558396382.772;200;0.745;0.744
1558396383.600;200;0.826;0.828
1558396384.347;200;0.745;0.744
1558396385.080;200;0.731;0.732
1558396385.835;200;0.751;0.752
1558396386.629;200;0.792;0.796
1558396387.363;200;0.731;0.732
1558396388.109;200;0.744;0.744
1558396388.868;200;0.756;0.760
1558396389.701;200;0.831;0.828
1558396390.464;200;0.761;0.764
1558396391.225;200;0.758;0.760
1558396391.979;200;0.750;0.752
1558396392.820;200;0.840;0.844
1558396393.556;200;0.734;0.732
1558396394.284;200;0.725;0.728
1558396394.990;200;0.704;0.704
1558396395.790;200;0.797;0.796
1558396396.553;200;0.761;0.760
1558396397.283;200;0.728;0.728
1558396398.025;200;0.741;0.740
1558396398.865;200;0.837;0.840
1558396399.592;200;0.725;0.728
1558396400.312;200;0.718;0.716
1558396401.085;200;0.771;0.772
1558396401.911;200;0.823;0.824
1558396402.664;200;0.750;0.748
1558396403.433;200;0.764;0.768
1558396404.178;200;0.740;0.740
1558396405.000;200;0.820;0.824
1558396405.757;200;0.753;0.756
1558396406.527;200;0.767;0.772
1558396407.349;200;0.820;0.820
1558396408.154;200;0.802;0.804
1558396408.897;200;0.741;0.744
1558396409.671;200;0.772;0.772
1558396410.425;200;0.752;0.756
1558396411.287;200;0.858;0.864
1558396412.023;200;0.734;0.736
1558396412.774;200;0.749;0.748
1558396413.527;200;0.750;0.756
1558396414.364;200;0.835;0.836
1558396415.092;200;0.725;0.728
1558396415.821;200;0.726;0.724
1558396416.564;200;0.741;0.740
1558396417.378;200;0.812;0.812
1558396418.103;200;0.723;0.724
1558396418.825;200;0.719;0.720
1558396419.584;200;0.755;0.760
1558396420.402;200;0.816;0.816
1558396421.186;200;0.782;0.784
1558396421.931;200;0.743;0.744
1558396422.709;200;0.775;0.776
1558396423.523;200;0.812;0.816
1558396424.274;200;0.749;0.748
1558396425.007;200;0.730;0.732
1558396425.791;200;0.781;0.780
1558396426.635;200;0.843;0.844
1558396427.352;200;0.716;0.720
1558396428.072;200;0.718;0.720
1558396428.876;200;0.801;0.804
1558396429.701;200;0.823;0.820
1558396430.447;200;0.743;0.744
1558396431.177;200;0.728;0.732
1558396431.931;200;0.751;0.752
1558396432.813;200;0.879;0.880
1558396433.544;200;0.728;0.732
1558396434.293;200;0.747;0.748
1558396435.024;200;0.729;0.732
1558396435.848;200;0.821;0.824
1558396436.589;200;0.739;0.740
1558396437.316;200;0.724;0.724
1558396438.108;200;0.789;0.792
1558396438.924;200;0.808;0.812
1558396439.660;200;0.733;0.736
1558396440.380;200;0.717;0.720
1558396441.182;200;0.800;0.800
1558396442.032;200;0.845;0.848
1558396442.758;200;0.723;0.724
1558396443.498;200;0.738;0.740
1558396444.221;200;0.721;0.724
1558396445.019;200;0.794;0.796
1558396445.746;200;0.725;0.724
1558396446.399;200;0.651;0.652
1558396447.176;200;0.776;0.780
1558396447.967;200;0.790;0.788
1558396448.724;200;0.755;0.756
1558396449.433;200;0.707;0.708
1558396450.181;200;0.746;0.748
1558396451.003;200;0.819;0.820
1558396451.766;200;0.761;0.764
1558396452.495;200;0.727;0.728
1558396453.275;200;0.778;0.780
1558396454.097;200;0.820;0.820
1558396454.816;200;0.717;0.716
1558396455.533;200;0.714;0.716
1558396456.300;200;0.763;0.760
1558396457.136;200;0.833;0.836
1558396457.851;200;0.713;0.712
1558396458.585;200;0.732;0.736
1558396459.394;200;0.807;0.808
1558396460.245;200;0.849;0.852
1558396461.009;200;0.762;0.764
1558396461.732;200;0.719;0.720
1558396462.421;200;0.686;0.688
1558396463.224;200;0.800;0.804
1558396463.945;200;0.718;0.720
1558396464.648;200;0.701;0.700
1558396465.392;200;0.743;0.740
1558396466.207;200;0.811;0.812
1558396466.963;200;0.754;0.756
1558396467.684;200;0.720;0.724
1558396468.460;200;0.773;0.776
1558396469.264;200;0.802;0.804
1558396470.013;200;0.747;0.748
1558396470.719;200;0.704;0.704
1558396471.504;200;0.783;0.784
1558396472.352;200;0.843;0.848
1558396473.070;200;0.717;0.716
1558396473.792;200;0.719;0.724
1558396474.560;200;0.765;0.764
1558396475.365;200;0.803;0.804
1558396476.102;200;0.734;0.736
1558396476.821;200;0.717;0.720
1558396477.571;200;0.747;0.748
1558396478.366;200;0.793;0.796
1558396479.132;200;0.764;0.768
1558396479.853;200;0.720;0.716
1558396480.613;200;0.757;0.760
1558396481.424;200;0.808;0.812
1558396482.169;200;0.740;0.744
1558396482.872;200;0.700;0.704
1558396483.617;200;0.743;0.744
1558396484.415;200;0.795;0.800
1558396485.134;200;0.717;0.716
1558396485.862;200;0.725;0.728
1558396486.603;200;0.739;0.740
1558396487.417;200;0.813;0.816
1558396488.153;200;0.734;0.736
1558396488.904;200;0.749;0.752
1558396489.664;200;0.758;0.760
1558396490.457;200;0.792;0.792
1558396491.201;200;0.742;0.744
1558396491.933;200;0.730;0.732
1558396492.680;200;0.745;0.748
1558396493.556;200;0.873;0.876
1558396494.282;200;0.723;0.724
1558396495.017;200;0.733;0.736
1558396495.753;200;0.732;0.732
1558396496.565;200;0.809;0.812
1558396497.286;200;0.718;0.720
1558396498.021;200;0.733;0.736
1558396498.779;200;0.755;0.756
1558396499.606;200;0.818;0.820
1558396500.341;200;0.732;0.732
1558396501.086;200;0.742;0.744
1558396501.928;200;0.840;0.840
1558396502.776;200;0.846;0.848
1558396503.521;200;0.743;0.740
1558396504.287;200;0.763;0.764
1558396505.008;200;0.720;0.724
1558396505.809;200;0.796;0.800
1558396506.532;200;0.721;0.720
1558396507.264;200;0.729;0.732
1558396508.033;200;0.766;0.764
1558396508.899;200;0.864;0.868
1558396509.615;200;0.714;0.712
1558396510.348;200;0.731;0.736
1558396511.129;200;0.778;0.780
1558396511.985;200;0.853;0.856
1558396512.717;200;0.729;0.728
1558396513.451;200;0.731;0.736
1558396514.212;200;0.759;0.756
1558396515.039;200;0.824;0.828
1558396515.788;200;0.745;0.748
1558396516.508;200;0.718;0.716
1558396517.258;200;0.747;0.748
1558396518.094;200;0.834;0.836
1558396518.818;200;0.722;0.724
1558396519.529;200;0.709;0.712
1558396520.299;200;0.767;0.768
1558396521.118;200;0.817;0.820
1558396521.850;200;0.730;0.732
1558396522.563;200;0.711;0.712
1558396523.323;200;0.748;0.752
1558396524.155;200;0.830;0.828
1558396524.882;200;0.726;0.728
1558396525.617;200;0.734;0.736
1558396526.426;200;0.806;0.808
1558396527.247;200;0.819;0.824
1558396527.993;200;0.744;0.744
1558396528.712;200;0.716;0.716
1558396529.491;200;0.775;0.776
1558396530.337;200;0.844;0.848
1558396531.068;200;0.730;0.728
1558396531.794;200;0.724;0.724
1558396532.573;200;0.777;0.780
1558396533.393;200;0.817;0.820
1558396534.158;200;0.763;0.764
1558396534.867;200;0.707;0.708
1558396535.620;200;0.751;0.756
1558396536.433;200;0.808;0.812
1558396537.209;200;0.774;0.776
1558396537.926;200;0.714;0.716
1558396538.615;200;0.687;0.692
1558396539.465;200;0.848;0.848
1558396540.247;200;0.780;0.780
1558396540.977;200;0.729;0.732
1558396541.772;200;0.792;0.796
1558396542.613;200;0.839;0.840
1558396543.360;200;0.745;0.748
1558396544.082;200;0.721;0.720
1558396544.843;200;0.759;0.760
1558396545.693;200;0.848;0.852
1558396546.454;200;0.758;0.760
1558396547.209;200;0.753;0.756
1558396547.948;200;0.736;0.740
1558396548.747;200;0.796;0.800
1558396549.474;200;0.725;0.724
1558396550.208;200;0.731;0.732
1558396550.969;200;0.758;0.760
1558396551.804;200;0.829;0.828
1558396552.524;200;0.717;0.720
1558396553.252;200;0.725;0.728
1558396554.045;200;0.792;0.792
1558396554.921;200;0.874;0.876
1558396555.657;200;0.735;0.736
1558396556.396;200;0.737;0.740
1558396557.151;200;0.753;0.752
1558396557.964;200;0.811;0.812
1558396558.710;200;0.742;0.744
1558396559.400;200;0.688;0.692
1558396560.159;200;0.757;0.756
1558396561.020;200;0.859;0.864
1558396561.756;200;0.734;0.736
1558396562.499;200;0.742;0.740
1558396563.256;200;0.755;0.760
1558396564.070;200;0.812;0.812
1558396564.795;200;0.723;0.724
1558396565.545;200;0.748;0.752
1558396566.345;200;0.797;0.796
1558396567.203;200;0.854;0.860
1558396567.954;200;0.749;0.748
1558396568.683;200;0.727;0.728
1558396569.426;200;0.741;0.744
1558396570.231;200;0.803;0.804
1558396571.008;200;0.776;0.780
1558396571.744;200;0.734;0.736
1558396572.554;200;0.807;0.808
1558396573.406;200;0.849;0.852
1558396574.125;200;0.718;0.720
1558396574.862;200;0.735;0.736
1558396575.641;200;0.777;0.780
1558396576.490;200;0.846;0.848
1558396577.173;200;0.681;0.684
1558396577.885;200;0.710;0.712
1558396578.679;200;0.791;0.792
1558396579.535;200;0.854;0.860
1558396580.276;200;0.739;0.740
1558396581.015;200;0.735;0.736
1558396581.824;200;0.807;0.812
1558396582.658;200;0.831;0.832
1558396583.395;200;0.735;0.740
1558396584.124;200;0.727;0.728
1558396584.875;200;0.749;0.752
1558396585.717;200;0.840;0.836
1558396586.463;200;0.743;0.748
1558396587.170;200;0.705;0.704
1558396587.918;200;0.746;0.748
1558396588.734;200;0.813;0.816
1558396589.469;200;0.734;0.736
1558396590.244;200;0.773;0.776
1558396591.042;200;0.795;0.796
1558396591.871;200;0.827;0.828
1558396592.599;200;0.726;0.732
1558396593.383;200;0.781;0.780
1558396594.147;200;0.762;0.764
1558396594.977;200;0.829;0.832
1558396595.715;200;0.736;0.736
1558396596.407;200;0.690;0.692
1558396597.146;200;0.737;0.740
1558396597.967;200;0.819;0.820
1558396598.722;200;0.753;0.756
1558396599.429;200;0.705;0.708
1558396600.222;200;0.790;0.792
1558396601.076;200;0.852;0.856
1558396601.832;200;0.754;0.756
1558396602.561;200;0.726;0.728
1558396603.359;200;0.795;0.796
1558396604.185;200;0.824;0.824
1558396604.910;200;0.723;0.724
1558396605.621;200;0.709;0.712
1558396606.376;200;0.752;0.756
1558396607.235;200;0.856;0.860
1558396607.962;200;0.725;0.724
1558396608.682;200;0.718;0.720
1558396609.423;200;0.739;0.740
1558396610.251;200;0.827;0.832
1558396610.973;200;0.720;0.716
1558396611.724;200;0.749;0.748
1558396612.515;200;0.788;0.788
1558396613.338;200;0.821;0.824
1558396614.082;200;0.742;0.744
1558396614.800;200;0.716;0.720
1558396615.494;200;0.692;0.692
1558396616.323;200;0.826;0.832
1558396617.084;200;0.760;0.760
1558396617.836;200;0.751;0.752
1558396618.612;200;0.773;0.776
1558396619.432;200;0.817;0.820
1558396620.170;200;0.736;0.736
1558396620.887;200;0.715;0.716
1558396621.653;200;0.764;0.768
1558396622.455;200;0.800;0.804
1558396623.187;200;0.730;0.732
1558396623.942;200;0.752;0.752
1558396624.696;200;0.752;0.756
1558396625.507;200;0.807;0.812
1558396626.259;200;0.749;0.748
1558396626.994;200;0.733;0.736
1558396627.700;200;0.704;0.704
1558396628.492;200;0.789;0.792
1558396629.226;200;0.731;0.732
1558396629.949;200;0.721;0.720
1558396630.683;200;0.733;0.732
1558396631.499;200;0.814;0.816
1558396632.245;200;0.745;0.748
1558396632.984;200;0.737;0.740
1558396633.755;200;0.769;0.772
1558396634.580;200;0.822;0.820
1558396635.351;200;0.767;0.768
1558396636.078;200;0.724;0.724
1558396636.850;200;0.770;0.772
1558396637.665;200;0.814;0.816
1558396638.388;200;0.721;0.724
1558396639.140;200;0.748;0.752
1558396639.893;200;0.751;0.752
1558396640.706;200;0.810;0.812
1558396641.447;200;0.739;0.740
1558396642.166;200;0.717;0.720
1558396642.928;200;0.761;0.764
1558396643.783;200;0.852;0.852
1558396644.535;200;0.750;0.756
1558396645.274;200;0.737;0.736
1558396646.025;200;0.747;0.744
1558396646.894;200;0.865;0.868
1558396647.606;200;0.710;0.712
1558396648.334;200;0.726;0.728
1558396649.107;200;0.771;0.776
1558396649.918;200;0.809;0.808
1558396650.652;200;0.732;0.736
1558396651.388;200;0.732;0.736
1558396652.136;200;0.745;0.744
1558396652.948;200;0.809;0.812
1558396653.708;200;0.758;0.756
1558396654.458;200;0.748;0.748
1558396655.212;200;0.752;0.756
1558396656.032;200;0.817;0.820
1558396656.778;200;0.743;0.744
1558396657.496;200;0.717;0.720
1558396658.273;200;0.775;0.772
1558396659.098;200;0.822;0.824
1558396659.827;200;0.727;0.732
1558396660.550;200;0.720;0.720
1558396661.315;200;0.763;0.764
1558396662.138;200;0.821;0.824
1558396662.896;200;0.756;0.760
1558396663.599;200;0.701;0.704
1558396664.385;200;0.782;0.784
1558396665.199;200;0.812;0.812
1558396665.930;200;0.728;0.728
1558396666.654;200;0.722;0.724
1558396667.410;200;0.755;0.756
1558396668.235;200;0.823;0.824
1558396668.964;200;0.727;0.732
1558396669.666;200;0.700;0.700
1558396670.409;200;0.740;0.744
1558396671.246;200;0.835;0.836
1558396671.976;200;0.728;0.728
1558396672.698;200;0.720;0.720
1558396673.478;200;0.778;0.780
1558396674.298;200;0.818;0.820
1558396675.056;200;0.757;0.756
1558396675.784;200;0.725;0.728
1558396676.539;200;0.752;0.756
1558396677.424;200;0.883;0.884
1558396678.147;200;0.720;0.720
1558396678.852;200;0.703;0.708
1558396679.605;200;0.750;0.752
1558396680.414;200;0.806;0.808
1558396681.160;200;0.744;0.748
1558396681.886;200;0.723;0.724
1558396682.604;200;0.716;0.716
1558396683.454;200;0.848;0.848
1558396684.190;200;0.734;0.736
1558396684.910;200;0.718;0.720
1558396685.655;200;0.743;0.744
1558396686.470;200;0.810;0.812
1558396687.218;200;0.746;0.748
1558396687.933;200;0.713;0.716
1558396688.732;200;0.797;0.796
1558396689.583;200;0.848;0.848
1558396690.343;200;0.759;0.764
1558396691.074;200;0.727;0.728
1558396691.844;200;0.768;0.772
1558396692.648;200;0.802;0.804
1558396693.386;200;0.736;0.736
1558396694.111;200;0.723;0.728
1558396694.914;200;0.799;0.800
1558396695.718;200;0.802;0.804
1558396696.459;200;0.737;0.736
1558396697.221;200;0.761;0.764
1558396697.993;200;0.770;0.772
1558396698.819;200;0.824;0.824
1558396699.563;200;0.741;0.744
1558396700.288;200;0.723;0.720
1558396701.087;200;0.796;0.800
1558396701.900;200;0.809;0.812
1558396702.638;200;0.736;0.736
1558396703.356;200;0.716;0.716
1558396704.139;200;0.779;0.780
1558396704.981;200;0.841;0.844
1558396705.744;200;0.760;0.764
1558396706.452;200;0.704;0.708
1558396707.294;200;0.839;0.840
1558396708.092;200;0.796;0.800
1558396708.822;200;0.727;0.728
1558396709.539;200;0.715;0.716
1558396710.302;200;0.760;0.760
1558396711.158;200;0.852;0.852
1558396711.904;200;0.740;0.740
1558396712.646;200;0.739;0.740
1558396713.415;200;0.767;0.772
1558396714.218;200;0.799;0.800
1558396714.958;200;0.738;0.740
1558396715.638;200;0.676;0.676
1558396716.418;200;0.778;0.780
1558396717.220;200;0.801;0.804
1558396717.968;200;0.746;0.744
1558396718.679;200;0.708;0.712
1558396719.419;200;0.737;0.740
1558396720.219;200;0.799;0.796
1558396720.955;200;0.735;0.740
1558396721.679;200;0.722;0.724
1558396722.460;200;0.778;0.780
1558396723.262;200;0.799;0.800
1558396724.012;200;0.748;0.752
1558396724.734;200;0.719;0.720
1558396725.493;200;0.756;0.760
1558396726.376;200;0.881;0.884
1558396727.106;200;0.728;0.728
1558396727.824;200;0.716;0.720
1558396728.563;200;0.735;0.736
1558396729.372;200;0.806;0.804
1558396730.102;200;0.727;0.728
1558396730.805;200;0.701;0.704
1558396731.598;200;0.791;0.792
1558396732.402;200;0.802;0.804
1558396733.140;200;0.736;0.736
1558396733.878;200;0.735;0.736
1558396734.628;200;0.748;0.752
1558396735.436;200;0.806;0.808
1558396736.189;200;0.751;0.752
1558396736.921;200;0.729;0.732
1558396737.715;200;0.792;0.792
1558396738.539;200;0.821;0.820
1558396739.268;200;0.728;0.728
1558396740.012;200;0.742;0.744
1558396740.769;200;0.754;0.756
1558396741.643;200;0.872;0.876
1558396742.388;200;0.742;0.744
1558396743.128;200;0.738;0.740
1558396743.874;200;0.743;0.744
1558396744.685;200;0.809;0.812
1558396745.429;200;0.741;0.744
1558396746.159;200;0.727;0.728
1558396746.922;200;0.759;0.760
1558396747.738;200;0.814;0.816
1558396748.473;200;0.732;0.736
1558396749.188;200;0.714;0.716
1558396749.921;200;0.731;0.732
1558396750.729;200;0.806;0.808
1558396751.485;200;0.754;0.756
1558396752.257;200;0.769;0.772
1558396753.063;200;0.804;0.808
1558396753.864;200;0.799;0.800
1558396754.599;200;0.732;0.732
1558396755.358;200;0.756;0.756
1558396756.108;200;0.748;0.752
1558396756.928;200;0.816;0.820
1558396757.686;200;0.756;0.756
1558396758.435;200;0.748;0.748
1558396759.258;200;0.821;0.824
1558396760.066;200;0.806;0.808
1558396760.788;200;0.720;0.724
1558396761.538;200;0.745;0.748
1558396762.339;200;0.799;0.800
1558396763.160;200;0.820;0.824
1558396763.893;200;0.731;0.732
1558396764.622;200;0.727;0.728
1558396765.337;200;0.714;0.716
1558396766.136;200;0.796;0.796
1558396766.863;200;0.725;0.724
1558396767.584;200;0.719;0.724
1558396768.406;200;0.818;0.820
1558396769.212;200;0.804;0.808
1558396769.962;200;0.746;0.748
1558396770.697;200;0.731;0.732
1558396771.511;200;0.811;0.816
1558396772.342;200;0.827;0.828
1558396773.078;200;0.734;0.736
1558396773.793;200;0.713;0.716
1558396774.546;200;0.751;0.752
1558396775.355;200;0.807;0.808
1558396776.109;200;0.749;0.752
1558396776.831;200;0.720;0.720
1558396777.586;200;0.754;0.756
1558396778.397;200;0.809;0.808
1558396779.149;200;0.750;0.752
1558396779.877;200;0.726;0.728
1558396780.676;200;0.797;0.800
1558396781.507;200;0.829;0.832
1558396782.238;200;0.728;0.728
1558396782.965;200;0.725;0.728
1558396783.723;200;0.756;0.756
1558396784.531;200;0.806;0.812
1558396785.265;200;0.732;0.732
1558396785.971;200;0.703;0.704
1558396786.728;200;0.755;0.756
1558396787.531;200;0.801;0.800
1558396788.262;200;0.725;0.724
1558396788.994;200;0.730;0.732
1558396789.743;200;0.747;0.748
1558396790.538;200;0.794;0.796
1558396791.294;200;0.754;0.756
1558396792.020;200;0.722;0.724
1558396792.775;200;0.752;0.752
1558396793.608;200;0.831;0.828
1558396794.356;200;0.745;0.748
1558396795.106;200;0.748;0.748
1558396795.894;200;0.783;0.784
1558396796.711;200;0.815;0.816
1558396797.453;200;0.740;0.740
1558396798.209;200;0.754;0.752
1558396798.920;200;0.709;0.708
1558396799.810;200;0.888;0.888
1558396800.557;200;0.745;0.748
1558396801.276;200;0.717;0.716
1558396802.084;200;0.805;0.808
1558396802.892;200;0.805;0.808
1558396803.626;200;0.732;0.732
1558396804.347;200;0.717;0.716
1558396805.063;200;0.713;0.716
1558396805.848;200;0.782;0.784
1558396806.600;200;0.749;0.752
1558396807.318;200;0.715;0.716
1558396808.075;200;0.755;0.756
1558396808.877;200;0.800;0.800
1558396809.607;200;0.728;0.728
1558396810.317;200;0.708;0.708
1558396811.096;200;0.778;0.780
1558396811.926;200;0.827;0.828
1558396812.699;200;0.772;0.772
1558396813.461;200;0.759;0.760
1558396814.214;200;0.751;0.752
1558396815.056;200;0.840;0.844
1558396815.783;200;0.723;0.724
1558396816.518;200;0.733;0.732
1558396817.291;200;0.772;0.772
1558396818.082;200;0.789;0.788
1558396818.844;200;0.761;0.764
1558396819.597;200;0.751;0.752
1558396820.370;200;0.771;0.772
1558396821.162;200;0.790;0.792
1558396821.901;200;0.727;0.728
1558396822.612;200;0.710;0.712
1558396823.360;200;0.744;0.744
1558396824.162;200;0.799;0.800
1558396824.890;200;0.726;0.728
1558396825.606;200;0.714;0.716
1558396826.412;200;0.804;0.804
1558396827.213;200;0.798;0.800
1558396827.931;200;0.716;0.720
1558396828.702;200;0.768;0.768
1558396829.505;200;0.802;0.804
1558396830.315;200;0.808;0.808
1558396831.054;200;0.737;0.740
1558396831.779;200;0.724;0.728
1558396832.498;200;0.716;0.716
1558396833.323;200;0.823;0.824
1558396834.080;200;0.756;0.760
1558396834.811;200;0.729;0.732
1558396835.573;200;0.758;0.760
1558396836.391;200;0.815;0.820
1558396837.121;200;0.727;0.728
1558396837.831;200;0.708;0.712
1558396838.598;200;0.763;0.764
1558396839.403;200;0.804;0.808
1558396840.149;200;0.744;0.744
1558396840.874;200;0.724;0.724
1558396841.633;200;0.757;0.760
1558396842.430;200;0.795;0.796
1558396843.174;200;0.743;0.744
1558396843.887;200;0.712;0.712
1558396844.695;200;0.805;0.808
1558396845.509;200;0.812;0.812
1558396846.258;200;0.747;0.748
1558396846.970;200;0.710;0.712
1558396847.678;200;0.706;0.708
1558396848.485;200;0.806;0.808
1558396849.234;200;0.748;0.748
1558396849.959;200;0.724;0.724
1558396850.709;200;0.747;0.748
1558396851.552;200;0.841;0.844
1558396852.319;200;0.765;0.764
1558396853.046;200;0.725;0.724
1558396853.807;200;0.759;0.764
1558396854.597;200;0.788;0.788
1558396855.363;200;0.765;0.764
1558396856.103;200;0.738;0.744
1558396856.869;200;0.762;0.764
1558396857.682;200;0.811;0.812
1558396858.422;200;0.739;0.740
1558396859.144;200;0.720;0.724
1558396859.934;200;0.788;0.788
1558396860.814;200;0.879;0.880
1558396861.566;200;0.751;0.752
1558396862.283;200;0.716;0.720
1558396863.034;200;0.747;0.748
1558396863.823;200;0.786;0.792
