[WARN]  Running against a source checkout. In order to get our runtime dependencies we'll have to invoke Maven. Depending on the state of your system, this may take ~30-45 seconds
[DEBUG]  Running 'mvn -pl com.yahoo.ycsb:rest-binding -am package -DskipTests dependency:build-classpath -DincludeScope=compile -Dmdep.outputFilterFile=true'
WARNING: An illegal reflective access operation has occurred
WARNING: Illegal reflective access by com.google.inject.internal.cglib.core.$ReflectUtils$1 (file:/usr/share/maven/lib/guice.jar) to method java.lang.ClassLoader.defineClass(java.lang.String,byte[],int,int,java.security.ProtectionDomain)
WARNING: Please consider reporting this to the maintainers of com.google.inject.internal.cglib.core.$ReflectUtils$1
WARNING: Use --illegal-access=warn to enable warnings of further illegal reflective access operations
WARNING: All illegal access operations will be denied in a future release
java -cp /home/ubuntu/YCSB/rest/conf:/home/ubuntu/YCSB/rest/target/rest-binding-0.16.0-SNAPSHOT.jar:/home/ubuntu/.m2/repository/org/hdrhistogram/HdrHistogram/2.1.4/HdrHistogram-2.1.4.jar:/home/ubuntu/.m2/repository/org/glassfish/hk2/external/javax.inject/2.2.0/javax.inject-2.2.0.jar:/home/ubuntu/.m2/repository/com/github/stefanbirkner/system-rules/1.16.0/system-rules-1.16.0.jar:/home/ubuntu/.m2/repository/org/codehaus/jackson/jackson-core-asl/1.9.4/jackson-core-asl-1.9.4.jar:/home/ubuntu/.m2/repository/org/glassfish/jersey/core/jersey-server/2.6/jersey-server-2.6.jar:/home/ubuntu/YCSB/core/target/core-0.16.0-SNAPSHOT.jar:/home/ubuntu/.m2/repository/org/glassfish/hk2/hk2-api/2.2.0/hk2-api-2.2.0.jar:/home/ubuntu/.m2/repository/javax/ws/rs/javax.ws.rs-api/2.0/javax.ws.rs-api-2.0.jar:/home/ubuntu/.m2/repository/org/glassfish/hk2/hk2-locator/2.2.0/hk2-locator-2.2.0.jar:/home/ubuntu/.m2/repository/org/eclipse/jdt/core/compiler/ecj/4.4.2/ecj-4.4.2.jar:/home/ubuntu/.m2/repository/org/codehaus/jackson/jackson-mapper-asl/1.9.4/jackson-mapper-asl-1.9.4.jar:/home/ubuntu/.m2/repository/org/glassfish/jersey/bundles/repackaged/jersey-guava/2.6/jersey-guava-2.6.jar:/home/ubuntu/.m2/repository/org/glassfish/hk2/external/aopalliance-repackaged/2.2.0/aopalliance-repackaged-2.2.0.jar:/home/ubuntu/.m2/repository/org/javassist/javassist/3.18.1-GA/javassist-3.18.1-GA.jar:/home/ubuntu/.m2/repository/javax/annotation/javax.annotation-api/1.2/javax.annotation-api-1.2.jar:/home/ubuntu/.m2/repository/org/apache/htrace/htrace-core4/4.1.0-incubating/htrace-core4-4.1.0-incubating.jar:/home/ubuntu/.m2/repository/org/apache/tomcat/embed/tomcat-embed-logging-log4j/8.0.28/tomcat-embed-logging-log4j-8.0.28.jar:/home/ubuntu/.m2/repository/org/apache/tomcat/embed/tomcat-embed-el/8.0.28/tomcat-embed-el-8.0.28.jar:/home/ubuntu/.m2/repository/org/apache/tomcat/embed/tomcat-embed-logging-juli/8.0.28/tomcat-embed-logging-juli-8.0.28.jar:/home/ubuntu/.m2/repository/org/apache/tomcat/embed/tomcat-embed-core/8.0.28/tomcat-embed-core-8.0.28.jar:/home/ubuntu/.m2/repository/org/glassfish/hk2/osgi-resource-locator/1.0.1/osgi-resource-locator-1.0.1.jar:/home/ubuntu/.m2/repository/commons-codec/commons-codec/1.9/commons-codec-1.9.jar:/home/ubuntu/.m2/repository/org/glassfish/jersey/core/jersey-client/2.6/jersey-client-2.6.jar:/home/ubuntu/.m2/repository/org/apache/tomcat/embed/tomcat-embed-websocket/8.0.28/tomcat-embed-websocket-8.0.28.jar:/home/ubuntu/.m2/repository/commons-logging/commons-logging/1.2/commons-logging-1.2.jar:/home/ubuntu/.m2/repository/org/glassfish/hk2/hk2-utils/2.2.0/hk2-utils-2.2.0.jar:/home/ubuntu/.m2/repository/javax/validation/validation-api/1.1.0.Final/validation-api-1.1.0.Final.jar:/home/ubuntu/.m2/repository/org/apache/httpcomponents/httpclient/4.5.1/httpclient-4.5.1.jar:/home/ubuntu/.m2/repository/org/apache/tomcat/tomcat-dbcp/8.0.28/tomcat-dbcp-8.0.28.jar:/home/ubuntu/.m2/repository/org/glassfish/jersey/containers/jersey-container-servlet-core/2.6/jersey-container-servlet-core-2.6.jar:/home/ubuntu/.m2/repository/org/apache/tomcat/embed/tomcat-embed-jasper/8.0.28/tomcat-embed-jasper-8.0.28.jar:/home/ubuntu/.m2/repository/org/glassfish/jersey/core/jersey-common/2.6/jersey-common-2.6.jar:/home/ubuntu/.m2/repository/org/apache/httpcomponents/httpcore/4.4.4/httpcore-4.4.4.jar com.yahoo.ycsb.Client -db com.yahoo.ycsb.webservice.rest.RestClient -s -P workloads/rest_workload -t
Command line: -db com.yahoo.ycsb.webservice.rest.RestClient -s -P workloads/rest_workload -t
YCSB Client 0.16.0-SNAPSHOT

Loading workload...
Starting test.
2019-05-21 06:23:40:347 0 sec: 0 operations; est completion in 0 second 
DBWrapper: report latency for each error is false and specific error codes to track for latency are: []
2019-05-21 06:23:50:276 10 sec: 11 operations; 1.1 current ops/sec; est completion in 22 minutes [READ: Count=11, Max=1299455, Min=726016, Avg=831441.45, 90=856063, 99=1299455, 99.9=1299455, 99.99=1299455] 
2019-05-21 06:24:00:272 20 sec: 24 operations; 1.3 current ops/sec; est completion in 20 minutes [READ: Count=13, Max=833535, Min=705536, Avg=770185.85, 90=823295, 99=833535, 99.9=833535, 99.99=833535] 
2019-05-21 06:24:10:273 30 sec: 37 operations; 1.3 current ops/sec; est completion in 19 minutes [READ: Count=13, Max=828927, Min=695808, Avg=767783.38, 90=825343, 99=828927, 99.9=828927, 99.99=828927] 
2019-05-21 06:24:20:273 40 sec: 50 operations; 1.3 current ops/sec; est completion in 19 minutes [READ: Count=13, Max=884735, Min=731136, Avg=779598.77, 90=826879, 99=884735, 99.9=884735, 99.99=884735] 
2019-05-21 06:24:30:272 50 sec: 63 operations; 1.3 current ops/sec; est completion in 19 minutes [READ: Count=13, Max=836095, Min=737792, Avg=780544, 90=827391, 99=836095, 99.9=836095, 99.99=836095] 
2019-05-21 06:24:40:273 60 sec: 76 operations; 1.3 current ops/sec; est completion in 18 minutes [READ: Count=13, Max=845311, Min=719872, Avg=773494.15, 90=824319, 99=845311, 99.9=845311, 99.99=845311] 
2019-05-21 06:24:50:274 70 sec: 89 operations; 1.3 current ops/sec; est completion in 18 minutes [READ: Count=13, Max=826879, Min=719360, Avg=765814.15, 90=819711, 99=826879, 99.9=826879, 99.99=826879] 
2019-05-21 06:25:00:272 80 sec: 102 operations; 1.3 current ops/sec; est completion in 18 minutes [READ: Count=13, Max=830975, Min=717312, Avg=768334.77, 90=813055, 99=830975, 99.9=830975, 99.99=830975] 
2019-05-21 06:25:10:272 90 sec: 114 operations; 1.2 current ops/sec; est completion in 18 minutes [READ: Count=12, Max=872959, Min=741376, Avg=800170.67, 90=845311, 99=872959, 99.9=872959, 99.99=872959] 
2019-05-21 06:25:20:273 100 sec: 127 operations; 1.3 current ops/sec; est completion in 18 minutes [READ: Count=13, Max=861695, Min=739328, Avg=800787.69, 90=849407, 99=861695, 99.9=861695, 99.99=861695] 
2019-05-21 06:25:30:273 110 sec: 139 operations; 1.2 current ops/sec; est completion in 17 minutes [READ: Count=12, Max=882175, Min=730112, Avg=790229.33, 90=851967, 99=882175, 99.9=882175, 99.99=882175] 
2019-05-21 06:25:40:273 120 sec: 152 operations; 1.3 current ops/sec; est completion in 17 minutes [READ: Count=13, Max=846847, Min=731136, Avg=785467.08, 90=830463, 99=846847, 99.9=846847, 99.99=846847] 
2019-05-21 06:25:50:272 130 sec: 165 operations; 1.3 current ops/sec; est completion in 17 minutes [READ: Count=13, Max=839679, Min=710656, Avg=765577.85, 90=833535, 99=839679, 99.9=839679, 99.99=839679] 
2019-05-21 06:26:00:273 140 sec: 178 operations; 1.3 current ops/sec; est completion in 17 minutes [READ: Count=13, Max=826879, Min=686592, Avg=763529.85, 90=808447, 99=826879, 99.9=826879, 99.99=826879] 
2019-05-21 06:26:10:273 150 sec: 191 operations; 1.3 current ops/sec; est completion in 17 minutes [READ: Count=13, Max=848895, Min=681984, Avg=772706.46, 90=827903, 99=848895, 99.9=848895, 99.99=848895] 
2019-05-21 06:26:20:272 160 sec: 204 operations; 1.3 current ops/sec; est completion in 16 minutes [READ: Count=13, Max=848383, Min=715264, Avg=768059.08, 90=822783, 99=848383, 99.9=848383, 99.99=848383] 
2019-05-21 06:26:30:272 170 sec: 217 operations; 1.3 current ops/sec; est completion in 16 minutes [READ: Count=13, Max=842239, Min=714240, Avg=770264.62, 90=818687, 99=842239, 99.9=842239, 99.99=842239] 
2019-05-21 06:26:40:272 180 sec: 230 operations; 1.3 current ops/sec; est completion in 16 minutes [READ: Count=13, Max=849407, Min=700416, Avg=762112, 90=812543, 99=849407, 99.9=849407, 99.99=849407] 
2019-05-21 06:26:50:272 190 sec: 243 operations; 1.3 current ops/sec; est completion in 16 minutes [READ: Count=13, Max=840703, Min=709632, Avg=765420.31, 90=835071, 99=840703, 99.9=840703, 99.99=840703] 
2019-05-21 06:27:00:272 200 sec: 256 operations; 1.3 current ops/sec; est completion in 16 minutes [READ: Count=13, Max=816639, Min=712704, Avg=768256, 90=813567, 99=816639, 99.9=816639, 99.99=816639] 
2019-05-21 06:27:10:272 210 sec: 269 operations; 1.3 current ops/sec; est completion in 16 minutes [READ: Count=13, Max=859135, Min=721920, Avg=767389.54, 90=838655, 99=859135, 99.9=859135, 99.99=859135] 
2019-05-21 06:27:20:273 220 sec: 282 operations; 1.3 current ops/sec; est completion in 15 minutes [READ: Count=13, Max=822783, Min=710144, Avg=762624, 90=820223, 99=822783, 99.9=822783, 99.99=822783] 
2019-05-21 06:27:30:273 230 sec: 295 operations; 1.3 current ops/sec; est completion in 15 minutes [READ: Count=13, Max=923647, Min=722944, Avg=797321.85, 90=849919, 99=923647, 99.9=923647, 99.99=923647] 
2019-05-21 06:27:40:272 240 sec: 308 operations; 1.3 current ops/sec; est completion in 15 minutes [READ: Count=13, Max=834047, Min=722944, Avg=775502.77, 90=830975, 99=834047, 99.9=834047, 99.99=834047] 
2019-05-21 06:27:50:275 250 sec: 321 operations; 1.3 current ops/sec; est completion in 15 minutes [READ: Count=13, Max=819711, Min=703488, Avg=754825.85, 90=811007, 99=819711, 99.9=819711, 99.99=819711] 
2019-05-21 06:28:00:273 260 sec: 334 operations; 1.3 current ops/sec; est completion in 15 minutes [READ: Count=13, Max=853503, Min=727040, Avg=775936, 90=834047, 99=853503, 99.9=853503, 99.99=853503] 
2019-05-21 06:28:10:272 270 sec: 347 operations; 1.3 current ops/sec; est completion in 14 minutes [READ: Count=13, Max=830463, Min=713216, Avg=761915.08, 90=816127, 99=830463, 99.9=830463, 99.99=830463] 
2019-05-21 06:28:20:273 280 sec: 360 operations; 1.3 current ops/sec; est completion in 14 minutes [READ: Count=13, Max=839679, Min=709120, Avg=772352, 90=820223, 99=839679, 99.9=839679, 99.99=839679] 
2019-05-21 06:28:30:273 290 sec: 373 operations; 1.3 current ops/sec; est completion in 14 minutes [READ: Count=13, Max=832511, Min=718848, Avg=762072.62, 90=821759, 99=832511, 99.9=832511, 99.99=832511] 
2019-05-21 06:28:40:272 300 sec: 386 operations; 1.3 current ops/sec; est completion in 14 minutes [READ: Count=13, Max=846847, Min=723968, Avg=769240.62, 90=822783, 99=846847, 99.9=846847, 99.99=846847] 
2019-05-21 06:28:50:273 310 sec: 399 operations; 1.3 current ops/sec; est completion in 14 minutes [READ: Count=13, Max=836095, Min=730624, Avg=774912, 90=822783, 99=836095, 99.9=836095, 99.99=836095] 
2019-05-21 06:29:00:272 320 sec: 412 operations; 1.3 current ops/sec; est completion in 14 minutes [READ: Count=13, Max=841727, Min=711168, Avg=767468.31, 90=826879, 99=841727, 99.9=841727, 99.99=841727] 
2019-05-21 06:29:10:272 330 sec: 425 operations; 1.3 current ops/sec; est completion in 13 minutes [READ: Count=13, Max=835071, Min=675840, Avg=758134.15, 90=822783, 99=835071, 99.9=835071, 99.99=835071] 
2019-05-21 06:29:20:274 340 sec: 438 operations; 1.3 current ops/sec; est completion in 13 minutes [READ: Count=13, Max=854527, Min=710656, Avg=770619.08, 90=827391, 99=854527, 99.9=854527, 99.99=854527] 
2019-05-21 06:29:30:272 350 sec: 451 operations; 1.3 current ops/sec; est completion in 13 minutes [READ: Count=13, Max=842239, Min=725504, Avg=782552.62, 90=837631, 99=842239, 99.9=842239, 99.99=842239] 
2019-05-21 06:29:40:272 360 sec: 464 operations; 1.3 current ops/sec; est completion in 13 minutes [READ: Count=13, Max=847871, Min=717824, Avg=773809.23, 90=836095, 99=847871, 99.9=847871, 99.99=847871] 
2019-05-21 06:29:50:273 370 sec: 477 operations; 1.3 current ops/sec; est completion in 13 minutes [READ: Count=13, Max=841215, Min=722944, Avg=766247.38, 90=831999, 99=841215, 99.9=841215, 99.99=841215] 
2019-05-21 06:30:00:272 380 sec: 490 operations; 1.3 current ops/sec; est completion in 13 minutes [READ: Count=13, Max=840703, Min=723968, Avg=768925.54, 90=840191, 99=840703, 99.9=840703, 99.99=840703] 
2019-05-21 06:30:10:273 390 sec: 503 operations; 1.3 current ops/sec; est completion in 12 minutes [READ: Count=13, Max=828927, Min=721920, Avg=766956.31, 90=825343, 99=828927, 99.9=828927, 99.99=828927] 
2019-05-21 06:30:20:273 400 sec: 516 operations; 1.3 current ops/sec; est completion in 12 minutes [READ: Count=13, Max=867839, Min=699392, Avg=781134.77, 90=830975, 99=867839, 99.9=867839, 99.99=867839] 
2019-05-21 06:30:30:272 410 sec: 529 operations; 1.3 current ops/sec; est completion in 12 minutes [READ: Count=13, Max=899583, Min=717312, Avg=781607.38, 90=843263, 99=899583, 99.9=899583, 99.99=899583] 
2019-05-21 06:30:40:272 420 sec: 542 operations; 1.3 current ops/sec; est completion in 12 minutes [READ: Count=13, Max=840703, Min=725504, Avg=769792, 90=832511, 99=840703, 99.9=840703, 99.99=840703] 
2019-05-21 06:30:50:272 430 sec: 555 operations; 1.3 current ops/sec; est completion in 12 minutes [READ: Count=13, Max=846847, Min=716288, Avg=766365.54, 90=819711, 99=846847, 99.9=846847, 99.99=846847] 
2019-05-21 06:31:00:273 440 sec: 568 operations; 1.3 current ops/sec; est completion in 12 minutes [READ: Count=13, Max=835583, Min=729600, Avg=770225.23, 90=823807, 99=835583, 99.9=835583, 99.99=835583] 
2019-05-21 06:31:10:272 450 sec: 581 operations; 1.3 current ops/sec; est completion in 11 minutes [READ: Count=13, Max=855551, Min=713728, Avg=764553.85, 90=836607, 99=855551, 99.9=855551, 99.99=855551] 
2019-05-21 06:31:20:273 460 sec: 594 operations; 1.3 current ops/sec; est completion in 11 minutes [READ: Count=13, Max=815103, Min=707584, Avg=770973.54, 90=814591, 99=815103, 99.9=815103, 99.99=815103] 
2019-05-21 06:31:30:272 470 sec: 607 operations; 1.3 current ops/sec; est completion in 11 minutes [READ: Count=13, Max=820735, Min=730624, Avg=771761.23, 90=814591, 99=820735, 99.9=820735, 99.99=820735] 
2019-05-21 06:31:40:272 480 sec: 620 operations; 1.3 current ops/sec; est completion in 11 minutes [READ: Count=13, Max=835583, Min=707072, Avg=764160, 90=820223, 99=835583, 99.9=835583, 99.99=835583] 
2019-05-21 06:31:50:272 490 sec: 633 operations; 1.3 current ops/sec; est completion in 11 minutes [READ: Count=13, Max=814079, Min=697344, Avg=754786.46, 90=807935, 99=814079, 99.9=814079, 99.99=814079] 
2019-05-21 06:32:00:272 500 sec: 646 operations; 1.3 current ops/sec; est completion in 11 minutes [READ: Count=13, Max=863743, Min=695808, Avg=763529.85, 90=829951, 99=863743, 99.9=863743, 99.99=863743] 
2019-05-21 06:32:10:273 510 sec: 659 operations; 1.3 current ops/sec; est completion in 10 minutes [READ: Count=13, Max=836607, Min=710144, Avg=769949.54, 90=817663, 99=836607, 99.9=836607, 99.99=836607] 
2019-05-21 06:32:20:273 520 sec: 672 operations; 1.3 current ops/sec; est completion in 10 minutes [READ: Count=13, Max=834559, Min=716800, Avg=776054.15, 90=825855, 99=834559, 99.9=834559, 99.99=834559] 
2019-05-21 06:32:30:273 530 sec: 685 operations; 1.3 current ops/sec; est completion in 10 minutes [READ: Count=13, Max=861695, Min=712704, Avg=759118.77, 90=814591, 99=861695, 99.9=861695, 99.99=861695] 
2019-05-21 06:32:40:272 540 sec: 698 operations; 1.3 current ops/sec; est completion in 10 minutes [READ: Count=13, Max=857599, Min=706560, Avg=772745.85, 90=847359, 99=857599, 99.9=857599, 99.99=857599] 
2019-05-21 06:32:50:274 550 sec: 711 operations; 1.3 current ops/sec; est completion in 10 minutes [READ: Count=13, Max=868351, Min=695808, Avg=780465.23, 90=846335, 99=868351, 99.9=868351, 99.99=868351] 
2019-05-21 06:33:00:274 560 sec: 724 operations; 1.3 current ops/sec; est completion in 10 minutes [READ: Count=13, Max=847359, Min=716288, Avg=780071.38, 90=843263, 99=847359, 99.9=847359, 99.99=847359] 
2019-05-21 06:33:10:272 570 sec: 737 operations; 1.3 current ops/sec; est completion in 9 minutes [READ: Count=13, Max=834047, Min=730112, Avg=766916.92, 90=825343, 99=834047, 99.9=834047, 99.99=834047] 
2019-05-21 06:33:20:274 580 sec: 750 operations; 1.3 current ops/sec; est completion in 9 minutes [READ: Count=13, Max=835071, Min=704000, Avg=763057.23, 90=805887, 99=835071, 99.9=835071, 99.99=835071] 
2019-05-21 06:33:30:273 590 sec: 763 operations; 1.3 current ops/sec; est completion in 9 minutes [READ: Count=13, Max=835071, Min=717824, Avg=769004.31, 90=823295, 99=835071, 99.9=835071, 99.99=835071] 
2019-05-21 06:33:40:272 600 sec: 776 operations; 1.3 current ops/sec; est completion in 9 minutes [READ: Count=13, Max=842751, Min=708096, Avg=768452.92, 90=833023, 99=842751, 99.9=842751, 99.99=842751] 
2019-05-21 06:33:50:272 610 sec: 789 operations; 1.3 current ops/sec; est completion in 9 minutes [READ: Count=13, Max=835071, Min=700928, Avg=762820.92, 90=819711, 99=835071, 99.9=835071, 99.99=835071] 
2019-05-21 06:34:00:272 620 sec: 802 operations; 1.3 current ops/sec; est completion in 9 minutes [READ: Count=13, Max=835071, Min=690688, Avg=760969.85, 90=814079, 99=835071, 99.9=835071, 99.99=835071] 
2019-05-21 06:34:10:273 630 sec: 815 operations; 1.3 current ops/sec; est completion in 8 minutes [READ: Count=13, Max=818687, Min=712704, Avg=765853.54, 90=818687, 99=818687, 99.9=818687, 99.99=818687] 
2019-05-21 06:34:20:272 640 sec: 828 operations; 1.3 current ops/sec; est completion in 8 minutes [READ: Count=13, Max=829439, Min=718336, Avg=766562.46, 90=822783, 99=829439, 99.9=829439, 99.99=829439] 
2019-05-21 06:34:30:272 650 sec: 841 operations; 1.3 current ops/sec; est completion in 8 minutes [READ: Count=13, Max=870399, Min=700416, Avg=763254.15, 90=833535, 99=870399, 99.9=870399, 99.99=870399] 
2019-05-21 06:34:40:273 660 sec: 854 operations; 1.3 current ops/sec; est completion in 8 minutes [READ: Count=13, Max=846847, Min=709632, Avg=765380.92, 90=813567, 99=846847, 99.9=846847, 99.99=846847] 
2019-05-21 06:34:50:273 670 sec: 867 operations; 1.3 current ops/sec; est completion in 8 minutes [READ: Count=13, Max=827903, Min=709632, Avg=760457.85, 90=825855, 99=827903, 99.9=827903, 99.99=827903] 
2019-05-21 06:35:00:274 680 sec: 880 operations; 1.3 current ops/sec; est completion in 8 minutes [READ: Count=13, Max=854527, Min=723456, Avg=768649.85, 90=805887, 99=854527, 99.9=854527, 99.99=854527] 
2019-05-21 06:35:10:272 690 sec: 894 operations; 1.4 current ops/sec; est completion in 7 minutes [READ: Count=14, Max=883711, Min=672256, Avg=757028.57, 90=803839, 99=883711, 99.9=883711, 99.99=883711] 
2019-05-21 06:35:20:272 700 sec: 907 operations; 1.3 current ops/sec; est completion in 7 minutes [READ: Count=13, Max=864767, Min=715264, Avg=765420.31, 90=835583, 99=864767, 99.9=864767, 99.99=864767] 
2019-05-21 06:35:30:272 710 sec: 920 operations; 1.3 current ops/sec; est completion in 7 minutes [READ: Count=13, Max=854527, Min=699904, Avg=769476.92, 90=833023, 99=854527, 99.9=854527, 99.99=854527] 
2019-05-21 06:35:40:272 720 sec: 933 operations; 1.3 current ops/sec; est completion in 7 minutes [READ: Count=13, Max=861183, Min=699392, Avg=764868.92, 90=829439, 99=861183, 99.9=861183, 99.99=861183] 
2019-05-21 06:35:50:272 730 sec: 946 operations; 1.3 current ops/sec; est completion in 7 minutes [READ: Count=13, Max=823807, Min=702464, Avg=761993.85, 90=815103, 99=823807, 99.9=823807, 99.99=823807] 
2019-05-21 06:36:00:274 740 sec: 959 operations; 1.3 current ops/sec; est completion in 6 minutes [READ: Count=13, Max=817151, Min=719872, Avg=762820.92, 90=813055, 99=817151, 99.9=817151, 99.99=817151] 
2019-05-21 06:36:10:272 750 sec: 972 operations; 1.3 current ops/sec; est completion in 6 minutes [READ: Count=13, Max=834047, Min=723968, Avg=773376, 90=825343, 99=834047, 99.9=834047, 99.99=834047] 
2019-05-21 06:36:20:273 760 sec: 985 operations; 1.3 current ops/sec; est completion in 6 minutes [READ: Count=13, Max=824831, Min=708096, Avg=761993.85, 90=802303, 99=824831, 99.9=824831, 99.99=824831] 
2019-05-21 06:36:30:272 770 sec: 998 operations; 1.3 current ops/sec; est completion in 6 minutes [READ: Count=13, Max=865791, Min=667136, Avg=766326.15, 90=828927, 99=865791, 99.9=865791, 99.99=865791] 
2019-05-21 06:36:40:272 780 sec: 1011 operations; 1.3 current ops/sec; est completion in 6 minutes [READ: Count=13, Max=829951, Min=710144, Avg=765853.54, 90=823807, 99=829951, 99.9=829951, 99.99=829951] 
2019-05-21 06:36:50:274 790 sec: 1024 operations; 1.3 current ops/sec; est completion in 6 minutes [READ: Count=13, Max=859647, Min=708608, Avg=773257.85, 90=839167, 99=859647, 99.9=859647, 99.99=859647] 
2019-05-21 06:37:00:272 800 sec: 1037 operations; 1.3 current ops/sec; est completion in 5 minutes [READ: Count=13, Max=818687, Min=715776, Avg=767350.15, 90=815615, 99=818687, 99.9=818687, 99.99=818687] 
2019-05-21 06:37:10:272 810 sec: 1050 operations; 1.3 current ops/sec; est completion in 5 minutes [READ: Count=13, Max=823807, Min=722432, Avg=762230.15, 90=821759, 99=823807, 99.9=823807, 99.99=823807] 
2019-05-21 06:37:20:274 820 sec: 1063 operations; 1.3 current ops/sec; est completion in 5 minutes [READ: Count=13, Max=829951, Min=716800, Avg=755022.77, 90=812031, 99=829951, 99.9=829951, 99.99=829951] 
2019-05-21 06:37:30:273 830 sec: 1076 operations; 1.3 current ops/sec; est completion in 5 minutes [READ: Count=13, Max=883711, Min=695296, Avg=765814.15, 90=816127, 99=883711, 99.9=883711, 99.99=883711] 
2019-05-21 06:37:40:272 840 sec: 1090 operations; 1.4 current ops/sec; est completion in 5 minutes [READ: Count=14, Max=834559, Min=711168, Avg=761782.86, 90=820735, 99=834559, 99.9=834559, 99.99=834559] 
2019-05-21 06:37:50:273 850 sec: 1103 operations; 1.3 current ops/sec; est completion in 5 minutes [READ: Count=13, Max=833023, Min=700928, Avg=753604.92, 90=828415, 99=833023, 99.9=833023, 99.99=833023] 
2019-05-21 06:38:00:273 860 sec: 1116 operations; 1.3 current ops/sec; est completion in 4 minutes [READ: Count=13, Max=866303, Min=709120, Avg=768689.23, 90=819711, 99=866303, 99.9=866303, 99.99=866303] 
2019-05-21 06:38:10:273 870 sec: 1129 operations; 1.3 current ops/sec; est completion in 4 minutes [READ: Count=13, Max=820223, Min=727040, Avg=757385.85, 90=801279, 99=820223, 99.9=820223, 99.99=820223] 
2019-05-21 06:38:20:273 880 sec: 1142 operations; 1.3 current ops/sec; est completion in 4 minutes [READ: Count=13, Max=866815, Min=707584, Avg=763805.54, 90=803327, 99=866815, 99.9=866815, 99.99=866815] 
2019-05-21 06:38:30:273 890 sec: 1155 operations; 1.3 current ops/sec; est completion in 4 minutes [READ: Count=13, Max=844799, Min=700928, Avg=763490.46, 90=813055, 99=844799, 99.9=844799, 99.99=844799] 
2019-05-21 06:38:40:273 900 sec: 1168 operations; 1.3 current ops/sec; est completion in 4 minutes [READ: Count=13, Max=850431, Min=698368, Avg=771170.46, 90=829439, 99=850431, 99.9=850431, 99.99=850431] 
2019-05-21 06:38:50:272 910 sec: 1181 operations; 1.3 current ops/sec; est completion in 4 minutes [READ: Count=13, Max=824831, Min=702464, Avg=760576, 90=804863, 99=824831, 99.9=824831, 99.99=824831] 
2019-05-21 06:39:00:273 920 sec: 1194 operations; 1.3 current ops/sec; est completion in 3 minutes [READ: Count=13, Max=845311, Min=676864, Avg=755259.08, 90=830975, 99=845311, 99.9=845311, 99.99=845311] 
2019-05-21 06:39:10:272 930 sec: 1208 operations; 1.4 current ops/sec; est completion in 3 minutes [READ: Count=14, Max=829439, Min=694272, Avg=766061.71, 90=807935, 99=829439, 99.9=829439, 99.99=829439] 
2019-05-21 06:39:20:272 940 sec: 1221 operations; 1.3 current ops/sec; est completion in 3 minutes [READ: Count=13, Max=823295, Min=705536, Avg=752423.38, 90=819199, 99=823295, 99.9=823295, 99.99=823295] 
2019-05-21 06:39:30:271 950 sec: 1234 operations; 1.3 current ops/sec; est completion in 3 minutes [READ: Count=13, Max=833535, Min=659968, Avg=764632.62, 90=816127, 99=833535, 99.9=833535, 99.99=833535] 
2019-05-21 06:39:40:272 960 sec: 1247 operations; 1.3 current ops/sec; est completion in 3 minutes [READ: Count=13, Max=878591, Min=669696, Avg=771288.62, 90=831487, 99=878591, 99.9=878591, 99.99=878591] 
2019-05-21 06:39:50:272 970 sec: 1260 operations; 1.3 current ops/sec; est completion in 3 minutes [READ: Count=13, Max=844799, Min=698368, Avg=768413.54, 90=824319, 99=844799, 99.9=844799, 99.99=844799] 
2019-05-21 06:40:00:272 980 sec: 1273 operations; 1.3 current ops/sec; est completion in 2 minutes [READ: Count=13, Max=836095, Min=730112, Avg=766641.23, 90=818175, 99=836095, 99.9=836095, 99.99=836095] 
2019-05-21 06:40:10:272 990 sec: 1286 operations; 1.3 current ops/sec; est completion in 2 minutes [READ: Count=13, Max=857599, Min=711680, Avg=769988.92, 90=836607, 99=857599, 99.9=857599, 99.99=857599] 
2019-05-21 06:40:20:274 1000 sec: 1299 operations; 1.3 current ops/sec; est completion in 2 minutes [READ: Count=13, Max=894975, Min=732672, Avg=783931.08, 90=835071, 99=894975, 99.9=894975, 99.99=894975] 
2019-05-21 06:40:30:272 1010 sec: 1312 operations; 1.3 current ops/sec; est completion in 2 minutes [READ: Count=13, Max=842239, Min=700928, Avg=768059.08, 90=835071, 99=842239, 99.9=842239, 99.99=842239] 
2019-05-21 06:40:40:272 1020 sec: 1325 operations; 1.3 current ops/sec; est completion in 2 minutes [READ: Count=13, Max=858111, Min=717312, Avg=766444.31, 90=812031, 99=858111, 99.9=858111, 99.99=858111] 
2019-05-21 06:40:50:274 1030 sec: 1338 operations; 1.3 current ops/sec; est completion in 2 minutes [READ: Count=13, Max=846335, Min=717824, Avg=768728.62, 90=827903, 99=846335, 99.9=846335, 99.99=846335] 
2019-05-21 06:41:00:272 1040 sec: 1351 operations; 1.3 current ops/sec; est completion in 1 minute [READ: Count=13, Max=834559, Min=719360, Avg=777432.62, 90=814591, 99=834559, 99.9=834559, 99.99=834559] 
2019-05-21 06:41:10:273 1050 sec: 1364 operations; 1.3 current ops/sec; est completion in 1 minute [READ: Count=13, Max=815103, Min=666624, Avg=759315.69, 90=812543, 99=815103, 99.9=815103, 99.99=815103] 
2019-05-21 06:41:20:272 1060 sec: 1377 operations; 1.3 current ops/sec; est completion in 1 minute [READ: Count=13, Max=823807, Min=732160, Avg=764947.69, 90=812031, 99=823807, 99.9=823807, 99.99=823807] 
2019-05-21 06:41:30:271 1070 sec: 1390 operations; 1.3 current ops/sec; est completion in 1 minute [READ: Count=13, Max=843775, Min=712192, Avg=768137.85, 90=828927, 99=843775, 99.9=843775, 99.99=843775] 
2019-05-21 06:41:40:272 1080 sec: 1403 operations; 1.3 current ops/sec; est completion in 1 minute [READ: Count=13, Max=837119, Min=714240, Avg=766011.08, 90=833535, 99=837119, 99.9=837119, 99.99=837119] 
2019-05-21 06:41:50:272 1090 sec: 1416 operations; 1.3 current ops/sec; est completion in 1 minute [READ: Count=13, Max=823807, Min=698368, Avg=764947.69, 90=819199, 99=823807, 99.9=823807, 99.99=823807] 
2019-05-21 06:42:00:272 1100 sec: 1429 operations; 1.3 current ops/sec; est completion in 55 seconds [READ: Count=13, Max=823295, Min=723456, Avg=763608.62, 90=814079, 99=823295, 99.9=823295, 99.99=823295] 
2019-05-21 06:42:10:271 1110 sec: 1442 operations; 1.3 current ops/sec; est completion in 45 seconds [READ: Count=13, Max=850943, Min=713216, Avg=770934.15, 90=834047, 99=850943, 99.9=850943, 99.99=850943] 
2019-05-21 06:42:20:272 1120 sec: 1455 operations; 1.3 current ops/sec; est completion in 35 seconds [READ: Count=13, Max=840191, Min=722432, Avg=768846.77, 90=821759, 99=840191, 99.9=840191, 99.99=840191] 
2019-05-21 06:42:30:272 1130 sec: 1468 operations; 1.3 current ops/sec; est completion in 25 seconds [READ: Count=13, Max=867839, Min=703488, Avg=779401.85, 90=844287, 99=867839, 99.9=867839, 99.99=867839] 
2019-05-21 06:42:40:272 1140 sec: 1481 operations; 1.3 current ops/sec; est completion in 15 seconds [READ: Count=13, Max=857087, Min=704000, Avg=764672, 90=842751, 99=857087, 99.9=857087, 99.99=857087] 
2019-05-21 06:42:50:274 1150 sec: 1494 operations; 1.3 current ops/sec; est completion in 5 second [READ: Count=13, Max=825343, Min=719872, Avg=760615.38, 90=822783, 99=825343, 99.9=825343, 99.99=825343] 
2019-05-21 06:42:54:468 1154 sec: 1500 operations; 1.43 current ops/sec; [READ: Count=6, Max=822271, Min=714752, Avg=770986.67, 90=811007, 99=822271, 99.9=822271, 99.99=822271] [CLEANUP: Count=1, Max=4, Min=4, Avg=4, 90=4, 99=4, 99.9=4, 99.99=4] 
