[WARN]  Running against a source checkout. In order to get our runtime dependencies we'll have to invoke Maven. Depending on the state of your system, this may take ~30-45 seconds
[DEBUG]  Running 'mvn -pl com.yahoo.ycsb:rest-binding -am package -DskipTests dependency:build-classpath -DincludeScope=compile -Dmdep.outputFilterFile=true'
WARNING: An illegal reflective access operation has occurred
WARNING: Illegal reflective access by com.google.inject.internal.cglib.core.$ReflectUtils$1 (file:/usr/share/maven/lib/guice.jar) to method java.lang.ClassLoader.defineClass(java.lang.String,byte[],int,int,java.security.ProtectionDomain)
WARNING: Please consider reporting this to the maintainers of com.google.inject.internal.cglib.core.$ReflectUtils$1
WARNING: Use --illegal-access=warn to enable warnings of further illegal reflective access operations
WARNING: All illegal access operations will be denied in a future release
java -cp /home/ubuntu/YCSB/rest/conf:/home/ubuntu/YCSB/rest/target/rest-binding-0.16.0-SNAPSHOT.jar:/home/ubuntu/.m2/repository/org/hdrhistogram/HdrHistogram/2.1.4/HdrHistogram-2.1.4.jar:/home/ubuntu/.m2/repository/org/glassfish/hk2/external/javax.inject/2.2.0/javax.inject-2.2.0.jar:/home/ubuntu/.m2/repository/com/github/stefanbirkner/system-rules/1.16.0/system-rules-1.16.0.jar:/home/ubuntu/.m2/repository/org/codehaus/jackson/jackson-core-asl/1.9.4/jackson-core-asl-1.9.4.jar:/home/ubuntu/.m2/repository/org/glassfish/jersey/core/jersey-server/2.6/jersey-server-2.6.jar:/home/ubuntu/YCSB/core/target/core-0.16.0-SNAPSHOT.jar:/home/ubuntu/.m2/repository/org/glassfish/hk2/hk2-api/2.2.0/hk2-api-2.2.0.jar:/home/ubuntu/.m2/repository/javax/ws/rs/javax.ws.rs-api/2.0/javax.ws.rs-api-2.0.jar:/home/ubuntu/.m2/repository/org/glassfish/hk2/hk2-locator/2.2.0/hk2-locator-2.2.0.jar:/home/ubuntu/.m2/repository/org/eclipse/jdt/core/compiler/ecj/4.4.2/ecj-4.4.2.jar:/home/ubuntu/.m2/repository/org/codehaus/jackson/jackson-mapper-asl/1.9.4/jackson-mapper-asl-1.9.4.jar:/home/ubuntu/.m2/repository/org/glassfish/jersey/bundles/repackaged/jersey-guava/2.6/jersey-guava-2.6.jar:/home/ubuntu/.m2/repository/org/glassfish/hk2/external/aopalliance-repackaged/2.2.0/aopalliance-repackaged-2.2.0.jar:/home/ubuntu/.m2/repository/org/javassist/javassist/3.18.1-GA/javassist-3.18.1-GA.jar:/home/ubuntu/.m2/repository/javax/annotation/javax.annotation-api/1.2/javax.annotation-api-1.2.jar:/home/ubuntu/.m2/repository/org/apache/htrace/htrace-core4/4.1.0-incubating/htrace-core4-4.1.0-incubating.jar:/home/ubuntu/.m2/repository/org/apache/tomcat/embed/tomcat-embed-logging-log4j/8.0.28/tomcat-embed-logging-log4j-8.0.28.jar:/home/ubuntu/.m2/repository/org/apache/tomcat/embed/tomcat-embed-el/8.0.28/tomcat-embed-el-8.0.28.jar:/home/ubuntu/.m2/repository/org/apache/tomcat/embed/tomcat-embed-logging-juli/8.0.28/tomcat-embed-logging-juli-8.0.28.jar:/home/ubuntu/.m2/repository/org/apache/tomcat/embed/tomcat-embed-core/8.0.28/tomcat-embed-core-8.0.28.jar:/home/ubuntu/.m2/repository/org/glassfish/hk2/osgi-resource-locator/1.0.1/osgi-resource-locator-1.0.1.jar:/home/ubuntu/.m2/repository/commons-codec/commons-codec/1.9/commons-codec-1.9.jar:/home/ubuntu/.m2/repository/org/glassfish/jersey/core/jersey-client/2.6/jersey-client-2.6.jar:/home/ubuntu/.m2/repository/org/apache/tomcat/embed/tomcat-embed-websocket/8.0.28/tomcat-embed-websocket-8.0.28.jar:/home/ubuntu/.m2/repository/commons-logging/commons-logging/1.2/commons-logging-1.2.jar:/home/ubuntu/.m2/repository/org/glassfish/hk2/hk2-utils/2.2.0/hk2-utils-2.2.0.jar:/home/ubuntu/.m2/repository/javax/validation/validation-api/1.1.0.Final/validation-api-1.1.0.Final.jar:/home/ubuntu/.m2/repository/org/apache/httpcomponents/httpclient/4.5.1/httpclient-4.5.1.jar:/home/ubuntu/.m2/repository/org/apache/tomcat/tomcat-dbcp/8.0.28/tomcat-dbcp-8.0.28.jar:/home/ubuntu/.m2/repository/org/glassfish/jersey/containers/jersey-container-servlet-core/2.6/jersey-container-servlet-core-2.6.jar:/home/ubuntu/.m2/repository/org/apache/tomcat/embed/tomcat-embed-jasper/8.0.28/tomcat-embed-jasper-8.0.28.jar:/home/ubuntu/.m2/repository/org/glassfish/jersey/core/jersey-common/2.6/jersey-common-2.6.jar:/home/ubuntu/.m2/repository/org/apache/httpcomponents/httpcore/4.4.4/httpcore-4.4.4.jar com.yahoo.ycsb.Client -db com.yahoo.ycsb.webservice.rest.RestClient -s -P workloads/rest_workload -t
Command line: -db com.yahoo.ycsb.webservice.rest.RestClient -s -P workloads/rest_workload -t
YCSB Client 0.16.0-SNAPSHOT

Loading workload...
Starting test.
2019-05-21 01:32:48:741 0 sec: 0 operations; est completion in 0 second 
DBWrapper: report latency for each error is false and specific error codes to track for latency are: []
2019-05-21 01:32:58:673 10 sec: 12 operations; 1.2 current ops/sec; est completion in 20 minutes [READ: Count=12, Max=843775, Min=713728, Avg=770517.33, 90=826367, 99=843775, 99.9=843775, 99.99=843775] 
2019-05-21 01:33:08:671 20 sec: 25 operations; 1.3 current ops/sec; est completion in 19 minutes [READ: Count=13, Max=840703, Min=720384, Avg=762151.38, 90=826367, 99=840703, 99.9=840703, 99.99=840703] 
2019-05-21 01:33:18:671 30 sec: 38 operations; 1.3 current ops/sec; est completion in 19 minutes [READ: Count=13, Max=863743, Min=705536, Avg=763529.85, 90=836095, 99=863743, 99.9=863743, 99.99=863743] 
2019-05-21 01:33:28:671 40 sec: 51 operations; 1.3 current ops/sec; est completion in 18 minutes [READ: Count=13, Max=822783, Min=694272, Avg=761324.31, 90=815615, 99=822783, 99.9=822783, 99.99=822783] 
2019-05-21 01:33:38:672 50 sec: 64 operations; 1.3 current ops/sec; est completion in 18 minutes [READ: Count=13, Max=843263, Min=721920, Avg=767507.69, 90=838143, 99=843263, 99.9=843263, 99.99=843263] 
2019-05-21 01:33:48:671 60 sec: 77 operations; 1.3 current ops/sec; est completion in 18 minutes [READ: Count=13, Max=829439, Min=694272, Avg=766601.85, 90=823295, 99=829439, 99.9=829439, 99.99=829439] 
2019-05-21 01:33:58:671 70 sec: 91 operations; 1.4 current ops/sec; est completion in 18 minutes [READ: Count=14, Max=823807, Min=717312, Avg=755419.43, 90=816639, 99=823807, 99.9=823807, 99.99=823807] 
2019-05-21 01:34:08:671 80 sec: 104 operations; 1.3 current ops/sec; est completion in 17 minutes [READ: Count=13, Max=828927, Min=717824, Avg=767074.46, 90=823295, 99=828927, 99.9=828927, 99.99=828927] 
2019-05-21 01:34:18:672 90 sec: 117 operations; 1.3 current ops/sec; est completion in 17 minutes [READ: Count=13, Max=837631, Min=699392, Avg=771603.69, 90=831999, 99=837631, 99.9=837631, 99.99=837631] 
2019-05-21 01:34:28:671 100 sec: 130 operations; 1.3 current ops/sec; est completion in 17 minutes [READ: Count=13, Max=822783, Min=695808, Avg=758764.31, 90=822271, 99=822783, 99.9=822783, 99.99=822783] 
2019-05-21 01:34:38:671 110 sec: 143 operations; 1.3 current ops/sec; est completion in 17 minutes [READ: Count=13, Max=845823, Min=710144, Avg=755259.08, 90=813055, 99=845823, 99.9=845823, 99.99=845823] 
2019-05-21 01:34:48:673 120 sec: 156 operations; 1.3 current ops/sec; est completion in 17 minutes [READ: Count=13, Max=829951, Min=720896, Avg=766129.23, 90=818175, 99=829951, 99.9=829951, 99.99=829951] 
2019-05-21 01:34:58:671 130 sec: 169 operations; 1.3 current ops/sec; est completion in 17 minutes [READ: Count=13, Max=831487, Min=708608, Avg=757149.54, 90=815615, 99=831487, 99.9=831487, 99.99=831487] 
2019-05-21 01:35:08:671 140 sec: 182 operations; 1.3 current ops/sec; est completion in 16 minutes [READ: Count=13, Max=850943, Min=731136, Avg=774439.38, 90=823807, 99=850943, 99.9=850943, 99.99=850943] 
2019-05-21 01:35:18:672 150 sec: 195 operations; 1.3 current ops/sec; est completion in 16 minutes [READ: Count=13, Max=847359, Min=702464, Avg=770422.15, 90=831999, 99=847359, 99.9=847359, 99.99=847359] 
2019-05-21 01:35:28:671 160 sec: 208 operations; 1.3 current ops/sec; est completion in 16 minutes [READ: Count=13, Max=859647, Min=704512, Avg=770225.23, 90=839167, 99=859647, 99.9=859647, 99.99=859647] 
2019-05-21 01:35:38:671 170 sec: 221 operations; 1.3 current ops/sec; est completion in 16 minutes [READ: Count=13, Max=873983, Min=706560, Avg=764987.08, 90=838143, 99=873983, 99.9=873983, 99.99=873983] 
2019-05-21 01:35:48:672 180 sec: 234 operations; 1.3 current ops/sec; est completion in 16 minutes [READ: Count=13, Max=888319, Min=690688, Avg=763254.15, 90=852479, 99=888319, 99.9=888319, 99.99=888319] 
2019-05-21 01:35:58:671 190 sec: 247 operations; 1.3 current ops/sec; est completion in 16 minutes [READ: Count=13, Max=850943, Min=717824, Avg=776487.38, 90=833023, 99=850943, 99.9=850943, 99.99=850943] 
2019-05-21 01:36:08:671 200 sec: 260 operations; 1.3 current ops/sec; est completion in 15 minutes [READ: Count=13, Max=861183, Min=679936, Avg=762072.62, 90=828927, 99=861183, 99.9=861183, 99.99=861183] 
2019-05-21 01:36:18:672 210 sec: 273 operations; 1.3 current ops/sec; est completion in 15 minutes [READ: Count=13, Max=838655, Min=717312, Avg=764435.69, 90=835071, 99=838655, 99.9=838655, 99.99=838655] 
2019-05-21 01:36:28:672 220 sec: 286 operations; 1.3 current ops/sec; est completion in 15 minutes [READ: Count=13, Max=841727, Min=700928, Avg=762663.38, 90=838655, 99=841727, 99.9=841727, 99.99=841727] 
2019-05-21 01:36:38:671 230 sec: 299 operations; 1.3 current ops/sec; est completion in 15 minutes [READ: Count=13, Max=844287, Min=707584, Avg=764593.23, 90=819711, 99=844287, 99.9=844287, 99.99=844287] 
2019-05-21 01:36:48:671 240 sec: 312 operations; 1.3 current ops/sec; est completion in 15 minutes [READ: Count=13, Max=822783, Min=711680, Avg=767389.54, 90=817663, 99=822783, 99.9=822783, 99.99=822783] 
2019-05-21 01:36:58:671 250 sec: 326 operations; 1.4 current ops/sec; est completion in 15 minutes [READ: Count=14, Max=824831, Min=671744, Avg=764379.43, 90=821247, 99=824831, 99.9=824831, 99.99=824831] 
2019-05-21 01:37:08:671 260 sec: 339 operations; 1.3 current ops/sec; est completion in 14 minutes [READ: Count=13, Max=821759, Min=699904, Avg=762663.38, 90=812543, 99=821759, 99.9=821759, 99.99=821759] 
2019-05-21 01:37:18:671 270 sec: 352 operations; 1.3 current ops/sec; est completion in 14 minutes [READ: Count=13, Max=846847, Min=710144, Avg=774360.62, 90=834047, 99=846847, 99.9=846847, 99.99=846847] 
2019-05-21 01:37:28:671 280 sec: 365 operations; 1.3 current ops/sec; est completion in 14 minutes [READ: Count=13, Max=850943, Min=700416, Avg=762466.46, 90=796159, 99=850943, 99.9=850943, 99.99=850943] 
2019-05-21 01:37:38:672 290 sec: 378 operations; 1.3 current ops/sec; est completion in 14 minutes [READ: Count=13, Max=815103, Min=635904, Avg=751478.15, 90=807423, 99=815103, 99.9=815103, 99.99=815103] 
2019-05-21 01:37:48:671 300 sec: 391 operations; 1.3 current ops/sec; est completion in 14 minutes [READ: Count=13, Max=847871, Min=700416, Avg=766089.85, 90=835071, 99=847871, 99.9=847871, 99.99=847871] 
2019-05-21 01:37:58:672 310 sec: 404 operations; 1.3 current ops/sec; est completion in 14 minutes [READ: Count=13, Max=823295, Min=705024, Avg=766838.15, 90=821759, 99=823295, 99.9=823295, 99.99=823295] 
2019-05-21 01:38:08:671 320 sec: 417 operations; 1.3 current ops/sec; est completion in 13 minutes [READ: Count=13, Max=852479, Min=715776, Avg=763057.23, 90=845311, 99=852479, 99.9=852479, 99.99=852479] 
2019-05-21 01:38:18:673 330 sec: 430 operations; 1.3 current ops/sec; est completion in 13 minutes [READ: Count=13, Max=850943, Min=727040, Avg=772273.23, 90=836607, 99=850943, 99.9=850943, 99.99=850943] 
2019-05-21 01:38:28:671 340 sec: 443 operations; 1.3 current ops/sec; est completion in 13 minutes [READ: Count=13, Max=829951, Min=695296, Avg=762781.54, 90=813055, 99=829951, 99.9=829951, 99.99=829951] 
2019-05-21 01:38:38:671 350 sec: 456 operations; 1.3 current ops/sec; est completion in 13 minutes [READ: Count=13, Max=835583, Min=725504, Avg=770304, 90=823295, 99=835583, 99.9=835583, 99.99=835583] 
2019-05-21 01:38:48:671 360 sec: 469 operations; 1.3 current ops/sec; est completion in 13 minutes [READ: Count=13, Max=848895, Min=695808, Avg=768098.46, 90=828415, 99=848895, 99.9=848895, 99.99=848895] 
2019-05-21 01:38:58:671 370 sec: 482 operations; 1.3 current ops/sec; est completion in 13 minutes [READ: Count=13, Max=821247, Min=702976, Avg=753132.31, 90=818687, 99=821247, 99.9=821247, 99.99=821247] 
2019-05-21 01:39:08:672 380 sec: 495 operations; 1.3 current ops/sec; est completion in 12 minutes [READ: Count=13, Max=822783, Min=717312, Avg=772785.23, 90=813055, 99=822783, 99.9=822783, 99.99=822783] 
2019-05-21 01:39:18:672 390 sec: 508 operations; 1.3 current ops/sec; est completion in 12 minutes [READ: Count=13, Max=849919, Min=712704, Avg=769083.08, 90=848383, 99=849919, 99.9=849919, 99.99=849919] 
2019-05-21 01:39:28:671 400 sec: 522 operations; 1.4 current ops/sec; est completion in 12 minutes [READ: Count=14, Max=806911, Min=689152, Avg=751030.86, 90=804351, 99=806911, 99.9=806911, 99.99=806911] 
2019-05-21 01:39:38:672 410 sec: 535 operations; 1.3 current ops/sec; est completion in 12 minutes [READ: Count=13, Max=844799, Min=718848, Avg=768137.85, 90=841215, 99=844799, 99.9=844799, 99.99=844799] 
2019-05-21 01:39:48:671 420 sec: 548 operations; 1.3 current ops/sec; est completion in 12 minutes [READ: Count=13, Max=844799, Min=709632, Avg=770579.69, 90=842751, 99=844799, 99.9=844799, 99.99=844799] 
2019-05-21 01:39:58:671 430 sec: 561 operations; 1.3 current ops/sec; est completion in 12 minutes [READ: Count=13, Max=840191, Min=700928, Avg=758173.54, 90=814079, 99=840191, 99.9=840191, 99.99=840191] 
2019-05-21 01:40:08:672 440 sec: 574 operations; 1.3 current ops/sec; est completion in 11 minutes [READ: Count=13, Max=851455, Min=718848, Avg=766877.54, 90=846847, 99=851455, 99.9=851455, 99.99=851455] 
2019-05-21 01:40:18:671 450 sec: 587 operations; 1.3 current ops/sec; est completion in 11 minutes [READ: Count=13, Max=820223, Min=722432, Avg=763254.15, 90=814079, 99=820223, 99.9=820223, 99.99=820223] 
2019-05-21 01:40:28:671 460 sec: 600 operations; 1.3 current ops/sec; est completion in 11 minutes [READ: Count=13, Max=836095, Min=718336, Avg=770737.23, 90=824831, 99=836095, 99.9=836095, 99.99=836095] 
2019-05-21 01:40:38:672 470 sec: 613 operations; 1.3 current ops/sec; est completion in 11 minutes [READ: Count=13, Max=851967, Min=699904, Avg=755101.54, 90=834047, 99=851967, 99.9=851967, 99.99=851967] 
2019-05-21 01:40:48:671 480 sec: 626 operations; 1.3 current ops/sec; est completion in 11 minutes [READ: Count=13, Max=835071, Min=716288, Avg=756952.62, 90=821247, 99=835071, 99.9=835071, 99.99=835071] 
2019-05-21 01:40:58:671 490 sec: 639 operations; 1.3 current ops/sec; est completion in 11 minutes [READ: Count=13, Max=841727, Min=727552, Avg=767153.23, 90=839679, 99=841727, 99.9=841727, 99.99=841727] 
2019-05-21 01:41:08:671 500 sec: 652 operations; 1.3 current ops/sec; est completion in 10 minutes [READ: Count=13, Max=857087, Min=719872, Avg=781764.92, 90=855551, 99=857087, 99.9=857087, 99.99=857087] 
2019-05-21 01:41:18:671 510 sec: 665 operations; 1.3 current ops/sec; est completion in 10 minutes [READ: Count=13, Max=828415, Min=715776, Avg=757307.08, 90=821247, 99=828415, 99.9=828415, 99.99=828415] 
2019-05-21 01:41:28:671 520 sec: 679 operations; 1.4 current ops/sec; est completion in 10 minutes [READ: Count=14, Max=838655, Min=708096, Avg=759625.14, 90=811519, 99=838655, 99.9=838655, 99.99=838655] 
2019-05-21 01:41:38:672 530 sec: 692 operations; 1.3 current ops/sec; est completion in 10 minutes [READ: Count=13, Max=836607, Min=719360, Avg=762978.46, 90=813567, 99=836607, 99.9=836607, 99.99=836607] 
2019-05-21 01:41:48:671 540 sec: 705 operations; 1.3 current ops/sec; est completion in 10 minutes [READ: Count=13, Max=833023, Min=697344, Avg=757464.62, 90=814591, 99=833023, 99.9=833023, 99.99=833023] 
2019-05-21 01:41:58:671 550 sec: 718 operations; 1.3 current ops/sec; est completion in 10 minutes [READ: Count=13, Max=828927, Min=701952, Avg=756598.15, 90=808447, 99=828927, 99.9=828927, 99.99=828927] 
2019-05-21 01:42:08:671 560 sec: 731 operations; 1.3 current ops/sec; est completion in 9 minutes [READ: Count=13, Max=818175, Min=706048, Avg=755259.08, 90=785407, 99=818175, 99.9=818175, 99.99=818175] 
2019-05-21 01:42:18:671 570 sec: 744 operations; 1.3 current ops/sec; est completion in 9 minutes [READ: Count=13, Max=818687, Min=696832, Avg=762112, 90=810495, 99=818687, 99.9=818687, 99.99=818687] 
2019-05-21 01:42:28:671 580 sec: 758 operations; 1.4 current ops/sec; est completion in 9 minutes [READ: Count=14, Max=814079, Min=711680, Avg=756626.29, 90=811519, 99=814079, 99.9=814079, 99.99=814079] 
2019-05-21 01:42:38:671 590 sec: 771 operations; 1.3 current ops/sec; est completion in 9 minutes [READ: Count=13, Max=805375, Min=712192, Avg=755889.23, 90=797695, 99=805375, 99.9=805375, 99.99=805375] 
2019-05-21 01:42:48:671 600 sec: 784 operations; 1.3 current ops/sec; est completion in 9 minutes [READ: Count=13, Max=808959, Min=710656, Avg=758921.85, 90=791551, 99=808959, 99.9=808959, 99.99=808959] 
2019-05-21 01:42:58:672 610 sec: 797 operations; 1.3 current ops/sec; est completion in 8 minutes [READ: Count=13, Max=805887, Min=717312, Avg=755692.31, 90=799743, 99=805887, 99.9=805887, 99.99=805887] 
2019-05-21 01:43:08:672 620 sec: 810 operations; 1.3 current ops/sec; est completion in 8 minutes [READ: Count=13, Max=842751, Min=728576, Avg=766247.38, 90=819711, 99=842751, 99.9=842751, 99.99=842751] 
2019-05-21 01:43:18:671 630 sec: 823 operations; 1.3 current ops/sec; est completion in 8 minutes [READ: Count=13, Max=800255, Min=707584, Avg=759118.77, 90=793087, 99=800255, 99.9=800255, 99.99=800255] 
2019-05-21 01:43:28:672 640 sec: 837 operations; 1.4 current ops/sec; est completion in 8 minutes [READ: Count=14, Max=818175, Min=717312, Avg=766610.29, 90=804863, 99=818175, 99.9=818175, 99.99=818175] 
2019-05-21 01:43:38:671 650 sec: 850 operations; 1.3 current ops/sec; est completion in 8 minutes [READ: Count=13, Max=799743, Min=705536, Avg=748051.69, 90=799231, 99=799743, 99.9=799743, 99.99=799743] 
2019-05-21 01:43:48:671 660 sec: 863 operations; 1.3 current ops/sec; est completion in 8 minutes [READ: Count=13, Max=808959, Min=718848, Avg=756834.46, 90=803839, 99=808959, 99.9=808959, 99.99=808959] 
2019-05-21 01:43:58:672 670 sec: 876 operations; 1.3 current ops/sec; est completion in 7 minutes [READ: Count=13, Max=846847, Min=723968, Avg=767192.62, 90=823295, 99=846847, 99.9=846847, 99.99=846847] 
2019-05-21 01:44:08:671 680 sec: 889 operations; 1.3 current ops/sec; est completion in 7 minutes [READ: Count=13, Max=792063, Min=710144, Avg=754235.08, 90=791039, 99=792063, 99.9=792063, 99.99=792063] 
2019-05-21 01:44:18:671 690 sec: 903 operations; 1.4 current ops/sec; est completion in 7 minutes [READ: Count=14, Max=818687, Min=698880, Avg=761161.14, 90=797183, 99=818687, 99.9=818687, 99.99=818687] 
2019-05-21 01:44:28:672 700 sec: 916 operations; 1.3 current ops/sec; est completion in 7 minutes [READ: Count=13, Max=821247, Min=671744, Avg=756046.77, 90=811007, 99=821247, 99.9=821247, 99.99=821247] 
2019-05-21 01:44:38:672 710 sec: 929 operations; 1.3 current ops/sec; est completion in 7 minutes [READ: Count=13, Max=823807, Min=704000, Avg=754116.92, 90=791039, 99=823807, 99.9=823807, 99.99=823807] 
2019-05-21 01:44:48:671 720 sec: 942 operations; 1.3 current ops/sec; est completion in 7 minutes [READ: Count=13, Max=855039, Min=720384, Avg=760457.85, 90=788991, 99=855039, 99.9=855039, 99.99=855039] 
2019-05-21 01:44:58:671 730 sec: 955 operations; 1.3 current ops/sec; est completion in 6 minutes [READ: Count=13, Max=852991, Min=711168, Avg=764868.92, 90=806399, 99=852991, 99.9=852991, 99.99=852991] 
2019-05-21 01:45:08:673 740 sec: 968 operations; 1.3 current ops/sec; est completion in 6 minutes [READ: Count=13, Max=827391, Min=702464, Avg=759079.38, 90=816639, 99=827391, 99.9=827391, 99.99=827391] 
2019-05-21 01:45:18:672 750 sec: 982 operations; 1.4 current ops/sec; est completion in 6 minutes [READ: Count=14, Max=811007, Min=715264, Avg=760210.29, 90=803839, 99=811007, 99.9=811007, 99.99=811007] 
2019-05-21 01:45:28:671 760 sec: 995 operations; 1.3 current ops/sec; est completion in 6 minutes [READ: Count=13, Max=816639, Min=700416, Avg=764632.62, 90=807935, 99=816639, 99.9=816639, 99.99=816639] 
2019-05-21 01:45:38:672 770 sec: 1008 operations; 1.3 current ops/sec; est completion in 6 minutes [READ: Count=13, Max=823295, Min=703488, Avg=752738.46, 90=807423, 99=823295, 99.9=823295, 99.99=823295] 
2019-05-21 01:45:48:671 780 sec: 1021 operations; 1.3 current ops/sec; est completion in 6 minutes [READ: Count=13, Max=812543, Min=716288, Avg=761127.38, 90=807423, 99=812543, 99.9=812543, 99.99=812543] 
2019-05-21 01:45:58:673 790 sec: 1034 operations; 1.3 current ops/sec; est completion in 5 minutes [READ: Count=13, Max=832511, Min=728064, Avg=766720, 90=818687, 99=832511, 99.9=832511, 99.99=832511] 
2019-05-21 01:46:08:673 800 sec: 1047 operations; 1.3 current ops/sec; est completion in 5 minutes [READ: Count=13, Max=785919, Min=720896, Avg=755810.46, 90=776191, 99=785919, 99.9=785919, 99.99=785919] 
2019-05-21 01:46:18:671 810 sec: 1060 operations; 1.3 current ops/sec; est completion in 5 minutes [READ: Count=13, Max=844287, Min=706560, Avg=761757.54, 90=788991, 99=844287, 99.9=844287, 99.99=844287] 
2019-05-21 01:46:28:671 820 sec: 1074 operations; 1.4 current ops/sec; est completion in 5 minutes [READ: Count=14, Max=809471, Min=718336, Avg=760210.29, 90=809471, 99=809471, 99.9=809471, 99.99=809471] 
2019-05-21 01:46:38:672 830 sec: 1087 operations; 1.3 current ops/sec; est completion in 5 minutes [READ: Count=13, Max=811007, Min=702976, Avg=763293.54, 90=804351, 99=811007, 99.9=811007, 99.99=811007] 
2019-05-21 01:46:48:673 840 sec: 1100 operations; 1.3 current ops/sec; est completion in 5 minutes [READ: Count=13, Max=828927, Min=713216, Avg=769831.38, 90=821759, 99=828927, 99.9=828927, 99.99=828927] 
2019-05-21 01:46:58:672 850 sec: 1113 operations; 1.3 current ops/sec; est completion in 4 minutes [READ: Count=13, Max=828415, Min=720896, Avg=761678.77, 90=802815, 99=828415, 99.9=828415, 99.99=828415] 
2019-05-21 01:47:08:673 860 sec: 1126 operations; 1.3 current ops/sec; est completion in 4 minutes [READ: Count=13, Max=826367, Min=712192, Avg=759591.38, 90=822271, 99=826367, 99.9=826367, 99.99=826367] 
2019-05-21 01:47:18:672 870 sec: 1139 operations; 1.3 current ops/sec; est completion in 4 minutes [READ: Count=13, Max=812031, Min=719360, Avg=765144.62, 90=809471, 99=812031, 99.9=812031, 99.99=812031] 
2019-05-21 01:47:28:671 880 sec: 1152 operations; 1.3 current ops/sec; est completion in 4 minutes [READ: Count=13, Max=833535, Min=732160, Avg=774833.23, 90=826367, 99=833535, 99.9=833535, 99.99=833535] 
2019-05-21 01:47:38:672 890 sec: 1165 operations; 1.3 current ops/sec; est completion in 4 minutes [READ: Count=13, Max=821759, Min=726016, Avg=765420.31, 90=815615, 99=821759, 99.9=821759, 99.99=821759] 
2019-05-21 01:47:48:672 900 sec: 1178 operations; 1.3 current ops/sec; est completion in 4 minutes [READ: Count=13, Max=825343, Min=705536, Avg=763766.15, 90=806911, 99=825343, 99.9=825343, 99.99=825343] 
2019-05-21 01:47:58:672 910 sec: 1191 operations; 1.3 current ops/sec; est completion in 3 minutes [READ: Count=13, Max=819711, Min=709632, Avg=769831.38, 90=813055, 99=819711, 99.9=819711, 99.99=819711] 
2019-05-21 01:48:08:672 920 sec: 1204 operations; 1.3 current ops/sec; est completion in 3 minutes [READ: Count=13, Max=860159, Min=716288, Avg=773336.62, 90=858623, 99=860159, 99.9=860159, 99.99=860159] 
2019-05-21 01:48:18:672 930 sec: 1217 operations; 1.3 current ops/sec; est completion in 3 minutes [READ: Count=13, Max=854527, Min=702976, Avg=754707.69, 90=822783, 99=854527, 99.9=854527, 99.99=854527] 
2019-05-21 01:48:28:672 940 sec: 1230 operations; 1.3 current ops/sec; est completion in 3 minutes [READ: Count=13, Max=840703, Min=719360, Avg=756795.08, 90=790015, 99=840703, 99.9=840703, 99.99=840703] 
2019-05-21 01:48:38:672 950 sec: 1243 operations; 1.3 current ops/sec; est completion in 3 minutes [READ: Count=13, Max=836095, Min=715776, Avg=769398.15, 90=803327, 99=836095, 99.9=836095, 99.99=836095] 
2019-05-21 01:48:48:671 960 sec: 1257 operations; 1.4 current ops/sec; est completion in 3 minutes [READ: Count=14, Max=819199, Min=708096, Avg=762294.86, 90=813567, 99=819199, 99.9=819199, 99.99=819199] 
2019-05-21 01:48:58:671 970 sec: 1270 operations; 1.3 current ops/sec; est completion in 2 minutes [READ: Count=13, Max=842751, Min=698880, Avg=751596.31, 90=808959, 99=842751, 99.9=842751, 99.99=842751] 
2019-05-21 01:49:08:673 980 sec: 1283 operations; 1.3 current ops/sec; est completion in 2 minutes [READ: Count=13, Max=816127, Min=705024, Avg=754786.46, 90=808447, 99=816127, 99.9=816127, 99.99=816127] 
2019-05-21 01:49:18:672 990 sec: 1296 operations; 1.3 current ops/sec; est completion in 2 minutes [READ: Count=13, Max=845311, Min=710656, Avg=758882.46, 90=812031, 99=845311, 99.9=845311, 99.99=845311] 
2019-05-21 01:49:28:671 1000 sec: 1310 operations; 1.4 current ops/sec; est completion in 2 minutes [READ: Count=14, Max=810495, Min=700928, Avg=750592, 90=801791, 99=810495, 99.9=810495, 99.99=810495] 
2019-05-21 01:49:38:672 1010 sec: 1323 operations; 1.3 current ops/sec; est completion in 2 minutes [READ: Count=13, Max=834047, Min=694784, Avg=754550.15, 90=822271, 99=834047, 99.9=834047, 99.99=834047] 
2019-05-21 01:49:48:674 1020 sec: 1336 operations; 1.3 current ops/sec; est completion in 2 minutes [READ: Count=13, Max=840703, Min=700928, Avg=769319.38, 90=837119, 99=840703, 99.9=840703, 99.99=840703] 
2019-05-21 01:49:58:672 1030 sec: 1349 operations; 1.3 current ops/sec; est completion in 1 minute [READ: Count=13, Max=885247, Min=717312, Avg=769083.08, 90=832511, 99=885247, 99.9=885247, 99.99=885247] 
2019-05-21 01:50:08:672 1040 sec: 1362 operations; 1.3 current ops/sec; est completion in 1 minute [READ: Count=13, Max=851967, Min=712704, Avg=759945.85, 90=820223, 99=851967, 99.9=851967, 99.99=851967] 
2019-05-21 01:50:18:672 1050 sec: 1375 operations; 1.3 current ops/sec; est completion in 1 minute [READ: Count=13, Max=877055, Min=703488, Avg=768019.69, 90=845823, 99=877055, 99.9=877055, 99.99=877055] 
2019-05-21 01:50:28:672 1060 sec: 1388 operations; 1.3 current ops/sec; est completion in 1 minute [READ: Count=13, Max=816127, Min=702976, Avg=761088, 90=806399, 99=816127, 99.9=816127, 99.99=816127] 
2019-05-21 01:50:38:672 1070 sec: 1401 operations; 1.3 current ops/sec; est completion in 1 minute [READ: Count=13, Max=822783, Min=710656, Avg=761324.31, 90=818175, 99=822783, 99.9=822783, 99.99=822783] 
2019-05-21 01:50:48:672 1080 sec: 1415 operations; 1.4 current ops/sec; est completion in 1 minute [READ: Count=14, Max=849919, Min=705024, Avg=756955.43, 90=845823, 99=849919, 99.9=849919, 99.99=849919] 
2019-05-21 01:50:58:673 1090 sec: 1428 operations; 1.3 current ops/sec; est completion in 55 seconds [READ: Count=13, Max=821759, Min=712192, Avg=767665.23, 90=820223, 99=821759, 99.9=821759, 99.99=821759] 
2019-05-21 01:51:08:672 1100 sec: 1441 operations; 1.3 current ops/sec; est completion in 46 seconds [READ: Count=13, Max=848383, Min=684032, Avg=754865.23, 90=807935, 99=848383, 99.9=848383, 99.99=848383] 
2019-05-21 01:51:18:672 1110 sec: 1454 operations; 1.3 current ops/sec; est completion in 36 seconds [READ: Count=13, Max=837119, Min=714240, Avg=767192.62, 90=823295, 99=837119, 99.9=837119, 99.99=837119] 
2019-05-21 01:51:28:673 1120 sec: 1467 operations; 1.3 current ops/sec; est completion in 26 seconds [READ: Count=13, Max=845823, Min=691712, Avg=766286.77, 90=839679, 99=845823, 99.9=845823, 99.99=845823] 
2019-05-21 01:51:38:672 1130 sec: 1480 operations; 1.3 current ops/sec; est completion in 16 seconds [READ: Count=13, Max=834559, Min=707584, Avg=768531.69, 90=812031, 99=834559, 99.9=834559, 99.99=834559] 
2019-05-21 01:51:48:672 1140 sec: 1493 operations; 1.3 current ops/sec; est completion in 6 second [READ: Count=13, Max=851455, Min=723456, Avg=766523.08, 90=829951, 99=851455, 99.9=851455, 99.99=851455] 
2019-05-21 01:51:53:681 1145 sec: 1500 operations; 1.4 current ops/sec; [READ: Count=7, Max=841727, Min=699904, Avg=758308.57, 90=806911, 99=841727, 99.9=841727, 99.99=841727] [CLEANUP: Count=1, Max=26, Min=26, Avg=26, 90=26, 99=26, 99.9=26, 99.99=26] 
