[OVERALL], RunTime(ms), 1154582
[OVERALL], Throughput(ops/sec), 1.2991714750446481
[TOTAL_GCS_G1_Young_Generation], Count, 6
[TOTAL_GC_TIME_G1_Young_Generation], Time(ms), 124
[TOTAL_GC_TIME_%_G1_Young_Generation], Time(%), 0.01073981752703576
[TOTAL_GCS_G1_Old_Generation], Count, 0
[TOTAL_GC_TIME_G1_Old_Generation], Time(ms), 0
[TOTAL_GC_TIME_%_G1_Old_Generation], Time(%), 0.0
[TOTAL_GCs], Count, 6
[TOTAL_GC_TIME], Time(ms), 124
[TOTAL_GC_TIME_%], Time(%), 0.01073981752703576
[READ], Operations, 1500
[READ], AverageLatency(us), 769148.928
[READ], MinLatency(us), 665600
[READ], MaxLatency(us), 904191
[READ], 95thPercentileLatency(us), 847359
[READ], 99thPercentileLatency(us), 868863
[READ], Return=OK, 1500
[CLEANUP], Operations, 1
[CLEANUP], AverageLatency(us), 4.0
[CLEANUP], MinLatency(us), 4
[CLEANUP], MaxLatency(us), 4
[CLEANUP], 95thPercentileLatency(us), 4
[CLEANUP], 99thPercentileLatency(us), 4
