[OVERALL], RunTime(ms), 1158670
[OVERALL], Throughput(ops/sec), 1.2945877601042575
[TOTAL_GCS_G1_Young_Generation], Count, 6
[TOTAL_GC_TIME_G1_Young_Generation], Time(ms), 175
[TOTAL_GC_TIME_%_G1_Young_Generation], Time(%), 0.015103523867883002
[TOTAL_GCS_G1_Old_Generation], Count, 0
[TOTAL_GC_TIME_G1_Old_Generation], Time(ms), 0
[TOTAL_GC_TIME_%_G1_Old_Generation], Time(%), 0.0
[TOTAL_GCs], Count, 6
[TOTAL_GC_TIME], Time(ms), 175
[TOTAL_GC_TIME_%], Time(%), 0.015103523867883002
[READ], Operations, 1500
[READ], AverageLatency(us), 771875.84
[READ], MinLatency(us), 635904
[READ], MaxLatency(us), 908799
[READ], 95thPercentileLatency(us), 851455
[READ], 99thPercentileLatency(us), 878079
[READ], Return=OK, 1500
[CLEANUP], Operations, 1
[CLEANUP], AverageLatency(us), 4.0
[CLEANUP], MinLatency(us), 4
[CLEANUP], MaxLatency(us), 4
[CLEANUP], 95thPercentileLatency(us), 4
[CLEANUP], 99thPercentileLatency(us), 4
