[OVERALL], RunTime(ms), 1149655
[OVERALL], Throughput(ops/sec), 1.304739247861315
[TOTAL_GCS_G1_Young_Generation], Count, 6
[TOTAL_GC_TIME_G1_Young_Generation], Time(ms), 142
[TOTAL_GC_TIME_%_G1_Young_Generation], Time(%), 0.012351531546420446
[TOTAL_GCS_G1_Old_Generation], Count, 0
[TOTAL_GC_TIME_G1_Old_Generation], Time(ms), 0
[TOTAL_GC_TIME_%_G1_Old_Generation], Time(%), 0.0
[TOTAL_GCs], Count, 6
[TOTAL_GC_TIME], Time(ms), 142
[TOTAL_GC_TIME_%], Time(%), 0.012351531546420446
[READ], Operations, 1500
[READ], AverageLatency(us), 765843.456
[READ], MinLatency(us), 612864
[READ], MaxLatency(us), 934911
[READ], 95thPercentileLatency(us), 844799
[READ], 99thPercentileLatency(us), 873471
[READ], Return=OK, 1500
[CLEANUP], Operations, 1
[CLEANUP], AverageLatency(us), 4.0
[CLEANUP], MinLatency(us), 4
[CLEANUP], MaxLatency(us), 4
[CLEANUP], 95thPercentileLatency(us), 4
[CLEANUP], 99thPercentileLatency(us), 4
